4.699558077966284752e+07
5.567619490376567841e+07
4.539076155792236328e+07
2.205258470300674438e+07
3.569323597112274170e+07
3.601573733442687988e+07
3.186751197533988953e+07
3.988464775985813141e+07
3.323689635453140736e+07
2.134348698086166382e+07
1.897668637249755859e+07
9.600105853395462036e+06
5.582860047465896606e+07
4.447373705596923828e+06
3.872576583727264404e+07
2.462521922684144974e+07
2.837808681075191498e+07
2.742996263982391357e+07
2.065446040371513367e+07
4.419710341559600830e+07
4.329568891207695007e+07
3.221990701756286621e+07
4.145395501577281952e+07
3.133656783901405334e+07
3.001359292990303040e+07
4.561789802766227722e+07
1.485107715050506592e+07
4.537398598712253571e+07
7.009574755524799228e+06
3.850388513241958618e+07
4.354228084178066254e+07
4.176043330267667770e+07
3.461004575299072266e+07
1.718641088646507263e+07
4.109954021984291077e+07
4.909990295525979996e+07
3.595386077446651459e+07
3.002621917328190804e+07
1.375599953641986847e+07
3.956713078286170959e+07
1.106005795887231827e+07
4.108698277255249023e+07
5.747326011088848114e+06
3.691027693562507629e+07
5.178707146402359009e+06
2.029082511799526215e+07
1.231853884327030182e+07
3.204100764649772644e+07
2.502476125629043579e+07
2.751889453290557861e+07
4.077689412574005127e+07
1.943867213784408569e+07
1.979330734664916992e+07
3.509346365567016602e+07
2.600899733808803558e+07
1.475164211294937134e+07
4.192904579611968994e+07
3.942402656604003906e+07
2.811950335196495056e+07
3.346731552334690094e+07
