4.622845820358616114e+07
nan
nan
nan
nan
nan
1.804873259811706543e+08
1.962998143551826477e+06
2.726926588476562500e+07
nan
1.193011854984855652e+07
3.362005593370246887e+07
2.045635066608428955e+07
3.834305664955663681e+07
2.553208715170097351e+07
3.314538866885280609e+07
7.119843370449829102e+07
nan
nan
nan
nan
4.881878365870094299e+07
5.676256458849334717e+07
4.712582172968101501e+07
4.321080276911544800e+07
5.770814900590133667e+07
1.691528496129798889e+07
3.073675046389770508e+07
4.423265416104507446e+07
4.298084541958618164e+07
9.537232297729110718e+07
1.137772126690216064e+08
6.303687215942382812e+07
8.555579888969421387e+07
4.189016854041290283e+07
3.823653674750137329e+07
6.498592857117080688e+07
4.710050270186233521e+07
7.740546034356689453e+07
5.380226303863525391e+07
8.131311102092742920e+07
1.047004247108078003e+07
5.655385731631469727e+07
4.590140581810760498e+08
6.956693589567184448e+07
5.395010993766021729e+07
nan
nan
nan
5.144069087736701965e+07
5.429561029166412354e+07
5.668974477441787720e+07
5.587525575170135498e+07
5.976568681996536255e+07
1.924372558374176025e+08
1.390495848221435547e+08
6.200942458925628662e+07
6.248592314822769165e+07
4.217975526140594482e+07
3.699813260347747803e+07
5.525799761788940430e+07
4.610458187240600586e+07
4.017538259757804871e+07
3.659345926625442505e+07
5.032811301168441772e+07
5.086018067044448853e+07
8.178810550852966309e+07
6.294759857048797607e+07
4.506459273194503784e+07
3.226907566869449615e+07
4.965317876145553589e+07
2.635134625498199463e+07
4.900433783898055553e+07
4.847948708214950562e+07
3.674135565418624878e+07
3.717974306904935837e+07
4.089487545896244049e+07
4.197651594394159317e+07
5.824162050534915924e+07
4.019899089155960083e+07
3.705015293168258667e+07
3.749883272593927383e+07
3.401107189776039124e+07
4.128298886821365356e+07
3.166675143707847595e+07
4.323242144330024719e+07
4.006162602000617981e+07
4.259796369903635979e+07
3.903228716393470764e+07
5.006121833698463440e+07
4.712889827532720566e+07
4.770480925434303284e+07
3.782585532057571411e+07
4.270670084864044189e+07
3.671174093027114868e+07
1.458657586170768738e+07
1.420506423778915405e+07
3.803856769034576416e+07
5.266968228177642822e+07
4.664528250445175171e+07
4.525985043252182007e+07
4.310446992633056641e+07
3.996464484885787964e+07
4.416575488030305505e+07
4.083743643331575394e+07
4.089023366897869110e+07
5.434005741284042597e+07
5.446524950490379333e+07
4.749168520367431641e+07
4.525110497472190857e+07
4.305010163228702545e+07
4.188190812709999084e+07
1.400570483948516846e+07
3.258812780891454220e+07
3.578770434094905853e+07
4.291680050169372559e+07
4.152162273841691017e+07
3.661538363817214966e+07
4.295682466264152527e+07
3.222661513931703568e+07
5.308072479717636108e+07
nan
nan
nan
nan
