2.698701636997985840e+07
nan
nan
nan
nan
nan
1.016782350447769165e+08
2.104118787673950195e+06
3.179089706666183472e+07
nan
7.277004644626855850e+06
3.228690367667770386e+07
9.993315889019012451e+06
3.931816166961860657e+07
1.478700577292251587e+07
1.989218990031003952e+07
3.886114759048461914e+06
nan
nan
nan
nan
5.274305977569580078e+07
5.203066596167182922e+07
5.403480535556983948e+07
4.227311651287460327e+07
4.402752698197174072e+07
6.806050050041198730e+06
4.390217088653564453e+06
4.476101565742492676e+07
3.626184660981559753e+07
2.092162728044128418e+07
8.348030523233795166e+07
1.754089441460418701e+07
7.340827328419494629e+07
1.155636540775585175e+07
1.815496658595180511e+07
1.727724889032381773e+07
4.595730786509871483e+07
2.533101039594268799e+07
1.264712709477996826e+07
6.488999758962059021e+07
1.241229308185577393e+05
6.517096942139434814e+07
1.965656825431976318e+08
8.081763048062896729e+07
3.724296887314987183e+07
nan
nan
nan
2.177250815666866302e+07
3.892021015326309204e+07
6.262395170616912842e+07
7.191880920730972290e+07
4.806363777487182617e+07
2.301756665127182007e+08
9.844651868716908991e+07
8.010518442882156372e+07
4.414142607240867615e+07
4.251496525965571404e+07
2.575548752606964111e+07
6.035327996229934692e+07
3.057464271208572388e+07
3.906144535132598877e+07
1.728244005740165710e+07
4.641161919695389271e+07
4.983625726721000671e+07
4.367891084884977341e+07
6.497134260845184326e+07
6.771685389700317383e+07
1.146705178463268280e+07
3.473614966345977783e+07
2.179704270398330688e+07
2.785997651338768005e+07
4.174351764826345444e+07
2.668578591971969604e+07
3.071519660742759705e+07
2.681112430538654327e+07
4.487333218629264832e+07
3.542168841806793213e+07
1.260660581752777100e+07
1.712732521711730957e+07
2.752541730167579651e+07
2.128559329643630981e+07
4.224634413699340820e+07
1.772986334223747253e+06
4.568529328039932251e+07
1.412137674888992310e+07
3.904199916966056824e+07
3.950074416753196716e+07
4.000940906265640259e+07
5.506798973849773407e+07
5.568704095078969002e+07
2.679773242614555359e+07
3.806359293984603882e+07
1.941532685947227478e+07
6.239787590457439423e+06
3.704639516289710999e+06
1.588768180735421181e+07
6.280049040557861328e+07
6.034343800825166702e+07
4.728516628561782837e+07
5.660926813301181793e+07
2.127385497330427170e+07
4.057536412623596191e+07
1.340906385660243034e+07
4.956566459402275085e+07
5.576631312188148499e+07
5.530658810516452789e+07
4.993052955616521835e+07
6.413209624099731445e+07
2.322929531451797485e+07
3.166470329620146751e+07
7.287178277338027954e+06
2.665057529532670975e+07
1.161658039522552490e+07
4.825124732790374756e+07
4.011920072484683990e+07
2.760841618797445297e+07
3.356688048064041138e+07
1.063607099330854416e+07
3.909505396159183979e+07
nan
nan
nan
nan
