2.050762705244445801e+07
nan
nan
nan
nan
nan
5.359350862192153931e+06
nan
nan
nan
8.271073996835470200e+06
3.319453900068044662e+06
1.375497443411564827e+07
1.238244200746989250e+07
1.551413924137115479e+06
nan
nan
nan
nan
nan
nan
3.083468715681457520e+07
nan
9.186648008964538574e+06
nan
1.706594379733276367e+07
2.723141815767669678e+07
nan
3.643555002636718750e+07
1.696121172344589233e+07
8.595773223011016846e+06
2.404074531695556641e+07
5.260904545879364014e+06
4.167025361763000488e+06
9.172985125904560089e+06
3.027896790869903564e+07
1.390696395773792267e+07
1.663364445412254333e+07
2.631084055228424072e+07
4.414957226570129395e+07
1.835596792159652710e+07
7.572341301276206970e+06
4.013467009413146973e+07
3.229690050050071627e+07
1.411479167426395416e+07
1.141681072085857391e+07
nan
nan
2.153040161699295044e+07
3.437689752338385582e+07
3.715442543183898926e+07
nan
nan
6.384828338476181030e+06
nan
4.661440028880119324e+06
2.826240048445510864e+07
2.162433942203164101e+07
nan
1.603215686294555664e+07
4.229951088190650940e+07
7.977697297363281250e+05
1.379394874655103683e+07
1.751939665666198730e+07
6.082547514965057373e+06
2.091144436092853546e+07
3.095670568113136292e+07
nan
nan
nan
3.382758636517524719e+07
2.703574424069976807e+07
nan
1.144279208879470825e+07
nan
3.606744110950183868e+07
1.728680993957710266e+07
4.389623894567394257e+07
1.970325943680834770e+07
3.268417922723197937e+07
8.679609018308639526e+06
3.563872645798492432e+07
4.658313390973663330e+07
7.501007970285415649e+05
1.876272452931594849e+07
1.260560120887756348e+07
nan
3.747340481058692932e+07
nan
3.799870516599655151e+07
1.077599694480895996e+07
nan
3.492579456074714661e+07
2.201783673093032837e+07
nan
2.857076651615142822e+06
nan
nan
1.363408997599029541e+07
1.874244649101257324e+06
3.421072093456268311e+07
4.458128952833175659e+07
nan
5.346186469120025635e+06
nan
nan
1.910403067555046082e+07
1.507120436750793457e+07
nan
3.958014391985416412e+06
2.396157427005386353e+07
nan
3.559570997328472137e+07
2.974776593563628197e+07
4.273910878613471985e+06
3.834525100464248657e+07
1.225367087007522583e+07
1.410546246170997620e+03
2.035829446571540833e+07
2.955753278060913086e+07
3.192825529281997681e+07
2.218929377439594269e+07
nan
nan
nan
nan
