2.838996110739135742e+07
nan
nan
nan
nan
nan
1.926219975760803223e+08
4.798677512062072754e+07
2.735688711500740051e+07
nan
3.246251932666206360e+07
3.120755374881553650e+07
3.510112030132675171e+07
3.636549945886135101e+07
3.303637315080261230e+07
3.100980620972013474e+07
2.877175738052368164e+07
nan
nan
nan
nan
4.677231696868133545e+07
5.042749523174858093e+07
3.905854606447982788e+07
4.312498159710693359e+07
4.366738925952911377e+07
4.541775963620948792e+07
3.505560568787765503e+07
3.468000184446144104e+07
4.322369702389144897e+07
4.263051609724044800e+07
9.486047561843872070e+07
5.731274946330642700e+07
8.362668221613311768e+07
4.534545900605773926e+07
3.642142330233478546e+07
8.170310955313110352e+07
4.323587809721565247e+07
9.141493228350830078e+07
6.634969296472167969e+07
8.700462976210403442e+07
4.213625519576263428e+07
1.300322368095588684e+07
6.009481040038871765e+07
5.723458216234970093e+07
5.303106605887222290e+07
nan
nan
6.930270861670684814e+07
5.222221227152979374e+07
5.378121215487289429e+07
nan
nan
4.526694342085456848e+07
3.304000595529556274e+07
3.854839344038009644e+07
3.822577104971694946e+07
3.973924876506519318e+07
4.807321362999439240e+07
4.105896750452041626e+07
4.535670045628929138e+07
3.199303465104675293e+07
4.928936308950805664e+07
2.245810078293495178e+08
6.167178528717803955e+07
5.667353342697906494e+07
5.963194559572029114e+07
nan
nan
nan
3.445817726984786987e+07
4.743010418948650360e+07
8.715277692289698124e+07
5.786103970619201660e+07
3.207690007597351074e+07
2.472031542613887787e+07
2.943225926551032066e+07
3.739464153834772110e+07
4.451040967330074310e+07
4.809029386422729492e+07
5.657937843909597397e+07
3.688537755007553101e+07
4.121626706728172302e+07
3.435277267046666145e+07
3.711724255421996117e+07
3.156608639087581635e+07
3.669923081620216370e+07
6.366697037638854980e+07
4.471227277193450928e+07
5.239388217909622192e+07
4.236845281956577301e+07
1.723524684578704834e+07
4.121060861816358566e+07
3.676445302692055702e+07
4.046470250798797607e+07
3.406493111617279053e+07
3.716044790540313721e+07
3.361549776857757568e+07
3.515814056001281738e+07
4.063455940941238403e+07
4.875070927892303467e+07
4.923894094850921631e+07
3.313328804241466522e+07
2.654718981764221191e+07
nan
3.532471386060142517e+07
5.252939394456458092e+07
3.694119998391342163e+07
3.496186655029296875e+07
3.497026795688629150e+07
3.554312950852584839e+07
4.118306450849437714e+07
4.921028506589603424e+07
4.719644336567306519e+07
3.463627709155464172e+07
3.911527835283851624e+07
3.692560530039787292e+07
3.212031726504707336e+07
4.342313213866424561e+07
4.388013129050159454e+07
3.409367147405481339e+07
3.793453138377475739e+07
nan
nan
nan
nan
