2.054154171134700300e+04
nan
nan
nan
nan
nan
2.969901451248647572e+04
1.710386995948747426e+04
1.002610627902541637e+04
6.667248322777437352e+03
3.591879428161998021e+03
3.743653676070311121e+03
5.370653724458630677e+03
6.382073555049798415e+03
5.990967188534339584e+03
3.742329015907100711e+03
2.007688490922218261e+04
nan
nan
nan
nan
1.003747300433971395e+04
8.184667138570988755e+03
4.997978948466990005e+03
3.860869966154565645e+03
4.762117169488041327e+03
4.460481608134684393e+03
5.558700984711134879e+03
8.240362792261073992e+03
1.006735851209495377e+04
1.028032221746979121e+04
1.189620487853376835e+04
9.835771946099608613e+03
8.888690626462255750e+03
1.048148664576226111e+04
6.097154478808432032e+03
7.878614552162693144e+03
4.810773617841648047e+03
1.109833334472976458e+04
1.968057807096849865e+04
1.148279205723387531e+04
4.641546307942689054e+03
7.561506902184685714e+03
2.504439443308019327e+04
5.794884687179307548e+03
4.684811838659990826e+03
nan
nan
nan
4.849943107582479570e+03
5.558345546588447178e+03
4.847829816670770924e+03
4.548542536893522993e+03
4.759882289484336980e+03
1.233746986021803605e+04
1.001137693713566478e+04
5.504492106981597317e+03
4.716140928060454826e+03
4.734231564444014111e+03
5.561330838851735280e+03
3.747363929900571748e+03
3.531111035088082645e+03
3.316480839141666365e+03
3.602579514871976244e+03
4.084801427629368845e+03
4.014558552602219606e+03
1.542479928719827149e+04
9.207123304859871496e+03
6.546012494949863139e+03
7.732322390094486764e+03
9.015281045609039211e+03
6.473669874545426865e+03
4.311687227362058366e+03
3.473300518942262443e+03
3.855278521617170099e+03
3.552764047383052912e+03
3.645873574954046944e+03
2.915513905564011111e+03
4.703611441413864668e+03
4.183344536928987509e+03
3.571918595762169844e+03
3.709538194950765501e+03
4.130976659468223261e+03
3.718330811895259558e+03
4.098717803735722555e+03
3.888449741755649029e+03
3.669125234478506172e+03
2.797001407493103670e+03
2.813922918359537107e+03
3.365072124708484807e+03
4.901270205948029798e+03
5.368647178871196957e+03
3.769125428534445746e+03
3.871707889788148805e+03
4.473844483511998988e+03
4.654124993492649082e+03
4.881009360744592414e+03
6.238485824993147617e+03
3.894755270029983421e+03
3.117333720477598945e+03
3.098963688370575255e+03
3.449902560131204154e+03
3.428221207051717556e+03
2.898348115410485661e+03
3.647881456661019001e+03
3.404281545758834454e+03
3.393581824557272284e+03
3.498759850622087015e+03
3.551391774279220044e+03
3.308779163675417294e+03
3.949012006454422135e+03
2.980177347780468153e+03
3.072278043730564150e+03
3.418085508706182281e+03
2.623534380924741072e+03
3.179631449812292885e+03
3.950155605878504957e+03
4.696956177212961848e+03
3.676578510483047467e+03
5.023262561451076181e+03
4.484713851235193033e+03
nan
nan
nan
nan
