7.584594012291402032e+04
5.572452229685295606e+04
4.144908144147037092e+04
4.185510447886658221e+04
4.846375027457656688e+04
3.863691019322028296e+04
2.622996340254675306e+04
4.988918603015112603e+04
1.764386451851741367e+04
6.818941388806574651e+03
2.040346282378000978e+04
2.945679231386972242e+04
3.910449085742609896e+04
3.478247060533126205e+04
6.231571549000434607e+04
6.530223902412351163e+04
6.661763733383439831e+04
6.261013149746637646e+04
6.513791017216165346e+04
1.049015440355177270e+05
1.047908624210442649e+05
1.039723740214631543e+05
9.788512407251814147e+04
1.282785364149642119e+05
1.183473379130243120e+05
1.266555696337786794e+05
1.377478554411941732e+05
1.108529343767369719e+05
1.037050171286916884e+05
1.167211485323600500e+05
8.176243525217092247e+04
9.786670250088362081e+04
8.575100181310957123e+04
8.982149511602983694e+04
7.006730693491113198e+04
6.668558581108218641e+04
9.811220180874272774e+04
4.973152618068503944e+04
6.516930549231780606e+04
4.542662064910269692e+04
5.537134958043783990e+04
2.100055440792305308e+04
3.044606408416652266e+04
2.295126104131915781e+04
2.470962126724996779e+04
3.101125599650192453e+04
2.188269743070868208e+04
2.377062225038956240e+04
3.383652390299981926e+04
3.160891508915106533e+04
2.604078609127862001e+04
2.365475062219147003e+04
2.565890029066377974e+04
2.641147104946612308e+04
1.900124530975109519e+04
2.130440749017116468e+04
1.806050560949228748e+04
2.020211351004479002e+04
2.036857920543422006e+04
1.697877422506402581e+04
1.930995373629005553e+04
2.749616037202661755e+04
1.476791859825415304e+04
2.288200504195195390e+04
1.588180619685789134e+04
2.037609213666463620e+04
4.093936824628967588e+04
3.739134825394878135e+04
3.050224022119314759e+04
2.949157700397543158e+04
1.797199981670212946e+04
2.386745169606064155e+04
2.307674516845894323e+04
2.734318550860526739e+04
6.483188562997333793e+04
6.943179915730303037e+04
6.788648264050243597e+04
6.271631044620719331e+04
6.094638812156951462e+04
7.993374054624464770e+04
7.830344532315903052e+04
6.186621279386789683e+04
7.581784264769199945e+04
5.553823965231881448e+04
7.374882150395725330e+04
7.159244574463462050e+04
7.389857364838902140e+04
7.711173473710843245e+04
6.999771323792944895e+04
7.838219856821076246e+04
6.835607553661506972e+04
7.129127911564802343e+04
7.079644414787560527e+04
7.445550734247105720e+04
6.861757103280321462e+04
7.648288022796571022e+04
7.399090703844749078e+04
6.916773873772620573e+04
7.402236130548741494e+04
7.693234374308031693e+04
7.934262439026744687e+04
7.239988837475373293e+04
7.598729653694633453e+04
7.759351273956657678e+04
7.781339860635415243e+04
7.896224224688310642e+04
7.383746966499040718e+04
8.606156201490903914e+04
8.072502687279353268e+04
7.153843410282419063e+04
8.267247248116420815e+04
6.343133449964648025e+04
6.580130418155742518e+04
6.244708933917481772e+04
6.137475792849822028e+04
6.238559270632663538e+04
6.194611897898557072e+04
6.822832169547564990e+04
6.546159736388386955e+04
1.073701359901100222e+05
9.007999180149483436e+04
9.059853303162872908e+04
8.511497260893436032e+04
8.550592034466394398e+04
8.164326149108610116e+04
7.816176324083885993e+04
7.651181017972237896e+04
8.165706145637673035e+04
8.509866966353285534e+04
7.423079866884466901e+04
8.393241809195106907e+04
7.428882058845495339e+04
7.964833701016630221e+04
7.891999683662150346e+04
5.830562253877203329e+04
5.906851235518162866e+04
6.264100902198679978e+04
5.827769565326619340e+04
6.909506656206560729e+04
6.826524183633786743e+04
7.254494092539531994e+04
6.694865901636204217e+04
2.128249196214693802e+04
1.343316740904155449e+04
2.224163452860209509e+04
1.813239045431765408e+04
1.942490209919041445e+04
1.684424717977920591e+04
2.048150470690288421e+04
2.077513488910689921e+04
2.087381446106304429e+04
1.955194142848310003e+04
2.268963576498488328e+04
2.860871011021217782e+04
3.019244594692017563e+04
3.450866031475493219e+04
3.094798491713338080e+04
3.755547357909681887e+04
3.842260964756712201e+04
4.059158245754933159e+04
4.352562433793415403e+04
4.311763229048773792e+04
3.248958823072478481e+04
2.923038256797003851e+04
3.295591455417028919e+04
3.226967704565791428e+04
2.917515883387555004e+04
3.270355062116760746e+04
7.430694313663661887e+04
6.844642750618394348e+04
5.341931540568532364e+04
6.234668517928834626e+04
5.240703309472570254e+04
6.845081442018142843e+04
6.869421942791594483e+04
4.092531844660761999e+04
2.859816892297052982e+04
4.406197071458327264e+04
4.016432797491905512e+04
3.640530360067795118e+04
2.817644393581183976e+04
4.753003849233836081e+04
5.621981883821050724e+04
6.383171137305522279e+04
6.305010547563334694e+04
5.278101740393188084e+04
6.363862617934446462e+04
5.515926199297125277e+04
6.169048305130129302e+04
4.079454951469662774e+04
3.946870262377719337e+04
3.824253603136751917e+04
4.679733009667754231e+04
5.597110177916753310e+04
4.208226133848249447e+04
6.643213671660829277e+04
6.116231551035882148e+04
7.106071902414860961e+04
7.348699866169103188e+04
6.968428010469042056e+04
7.320263684849881975e+04
6.790279277034470579e+04
7.389011940226115985e+04
6.706277500154887093e+04
6.507596700434201921e+04
7.071996698396017018e+04
6.041784943933101022e+04
6.744941550050811202e+04
6.177085372808363172e+04
6.258784638211888523e+04
6.116138881639554893e+04
6.147249688091124699e+04
6.548950807925871777e+04
6.840810251277126372e+04
6.675768295732668776e+04
6.562834945034336124e+04
6.913423023999793804e+04
7.234071845107835543e+04
5.299997750175137480e+04
5.319361485291262215e+04
6.459904426309208066e+04
5.166652509096000722e+04
4.232189146922542568e+04
5.108482924116937647e+04
5.378767568990463769e+04
2.472963119326916785e+04
9.923386965720863373e+03
1.969771195876176353e+04
1.953575214253064405e+04
2.250294148133825729e+04
6.236064565796565876e+04
4.625038049598874204e+04
4.693359864482867124e+04
5.918488388784872950e+04
5.246495565006341349e+04
5.956979652146179433e+04
6.550954887110369600e+04
4.898479726500150718e+04
5.721109913344445522e+04
5.871258035584517347e+04
6.481009608138436306e+04
5.214417188381608867e+04
5.216321812774667342e+04
4.754301522849567118e+04
5.392726351872823579e+04
5.086977509879187710e+04
5.421909724431762152e+04
4.856178083080352371e+04
5.209551187258528080e+04
8.742543972964859859e+04
4.783855373546731425e+04
4.533201668851623253e+04
4.576146416783455788e+04
4.759841858505049458e+04
4.394656919950001611e+04
4.655716271686681284e+04
4.031989427106983931e+04
2.376030522317643408e+04
2.752814559600257053e+04
3.015358409017718077e+04
2.383677654297492336e+04
2.045625397702408736e+04
1.709418274523112632e+04
3.102382982267412444e+04
1.523430530933780756e+04
6.093399522238742065e+04
4.826477150116352277e+04
5.348500489256340370e+04
4.376718749190730887e+04
3.065316927616935936e+04
1.512959705075578859e+04
1.791058905763984512e+04
1.900777551219016095e+04
3.182451577026966334e+04
2.825057275579831185e+04
2.594416437581386344e+04
1.441371451064121720e+04
1.468006704616107891e+04
2.354672193706763937e+04
2.021927609803231462e+04
1.413493576580867557e+04
2.876652443286752532e+04
1.396192505685954347e+04
2.697266364243136923e+04
2.398260914623127974e+04
1.833472834537659583e+04
1.577026309940239480e+04
3.874194708505243034e+04
2.174279682544125535e+04
2.654152556358425863e+04
1.811803080547328864e+04
3.348224585012521129e+04
3.501292661051831965e+04
1.830360688297560773e+04
1.963086537786190092e+04
2.369565709717159552e+04
3.443463176881033723e+04
2.506157929559377226e+04
1.045494714201669558e+04
6.783812970003888950e+03
1.205276971399425565e+04
1.313902112452135589e+04
1.679299484708613818e+04
4.421874136676974013e+04
3.514669413518368674e+04
4.761336060834258387e+04
4.917695783887644211e+04
5.169044083303953084e+04
7.708250497907889076e+04
7.356077300419812673e+04
6.579140585016175464e+04
5.879417540054901474e+04
8.108312347026191128e+04
8.141576375179855677e+04
9.186068795209581731e+04
8.687842325466235343e+04
7.938292022141981579e+04
7.954041448778232734e+04
9.264774043769585842e+04
9.735140451822739851e+04
9.431989294637239072e+04
9.173168705837854941e+04
8.786524511679355055e+04
8.542940967162266315e+04
7.688790840727501200e+04
7.483965446156798862e+04
8.258203069654433057e+04
7.756803074749578082e+04
7.856115108708097250e+04
7.485630693703512952e+04
7.833454913531489728e+04
5.080415466619854124e+04
5.401013218187827442e+04
7.204147107130664517e+04
2.546884946744930858e+04
3.444703381471756438e+04
3.159995925388176329e+04
3.638851650314916333e+04
2.961868773015608895e+04
1.972732200389849095e+04
4.165588859626130579e+04
2.581522642557789732e+04
4.596049360330925083e+03
1.036848276070938846e+04
1.775427783995729988e+04
1.615705477592203897e+04
9.481065917590418394e+03
1.385406842331650114e+04
1.563203647713571445e+04
1.632523549128022751e+04
1.593945290386308989e+04
1.541769820374524170e+04
1.356601958811076111e+04
1.197917690852586020e+04
8.103643425911963277e+03
6.972846345746102088e+03
8.805299220752451220e+03
2.991006317332946855e+04
3.790514262719132967e+04
3.176310299935596413e+04
2.758215768459771789e+04
3.333982476960393979e+04
5.182558068097316573e+04
5.753511253428862256e+04
6.296575551850088959e+04
6.266581280873842479e+04
7.299850360019921209e+04
4.502635103310374689e+04
3.553065594585471990e+04
8.825951120658623040e+03
7.312436986873287424e+03
2.287598598227280308e+04
7.340069781823000085e+03
1.140092115302702041e+04
2.632560343978429501e+03
1.938494691441924806e+04
1.820676516335370616e+04
2.004055532094437513e+04
2.631434352631491129e+04
2.958833907058902332e+04
2.237884530819516294e+04
2.407587026182874979e+04
2.750781279537762748e+04
4.004977315655342682e+04
2.570517402248938743e+04
3.151651698262454011e+04
3.913254228280975804e+04
3.895051213019319403e+04
3.613076427381063695e+04
2.765348684559980029e+04
2.383200673893844578e+04
5.496213037442387576e+04
4.131914055924952117e+04
6.059711737967535737e+04
5.617200423956177838e+04
4.351939460618158773e+04
3.641910020204097964e+04
8.523636537041101838e+04
7.587069119203202717e+04
8.739635578086265014e+04
8.212781193523951515e+04
9.054966104545755661e+04
8.734711741628858726e+04
8.415276830813157721e+04
6.012429472249960236e+04
6.607153469362421311e+04
6.662830212796198612e+04
5.968128337988052954e+04
5.895859900350518728e+04
6.439952162906055310e+04
4.233317060159411631e+04
4.236984367609920446e+04
4.762670993193805043e+04
4.801523078361451917e+04
4.753615344895853923e+04
4.652837775456638337e+04
4.516991044641246845e+04
4.405376666162128095e+04
4.538237491626517294e+04
4.491104651987647230e+04
5.415569576954928198e+04
5.241489743945853115e+04
5.453798227515419421e+04
5.369679434169517481e+04
5.529630677398145053e+04
5.434505978703351138e+04
5.401019216791831423e+04
4.211331419890763209e+04
4.005247014644714363e+04
4.002442078551070153e+04
3.639068305787385907e+04
3.610022937800821819e+04
3.652089553431535023e+04
3.885708587685706152e+04
3.725924850791013887e+04
4.122853880247237248e+04
3.742382757493152894e+04
4.182388905524843722e+04
4.042005339847420692e+04
2.173432501493610471e+04
2.647441613467931529e+04
2.472088886217211984e+04
2.687031946641920877e+04
2.455478924979931617e+04
2.708623875666059394e+04
2.337040553106608422e+04
2.193724015410142601e+04
2.656375456545551060e+04
2.780357798715644094e+04
1.725489388376156057e+04
1.413503014689057818e+04
9.139326451803051896e+03
1.499186255439993329e+04
1.523124574653767377e+04
1.036402353253208639e+04
8.759982573720255459e+03
1.165453528600031677e+04
1.009223908301195297e+04
1.262638999612765292e+04
1.664401045756705935e+04
1.543963711841615805e+04
1.911534450134577855e+04
1.428133137352515405e+04
1.496395360229579637e+04
1.169719096102245749e+04
1.153277995048637058e+04
1.097150574383098319e+04
2.195169623420847711e+04
2.447007104318430356e+04
1.824206391288115628e+04
2.154824510838438800e+04
1.797271827817330632e+04
2.158917560315597802e+04
2.164171328542806441e+04
3.843949285665796924e+04
3.765335395742825494e+04
3.353674186864811782e+04
3.126889987998040306e+04
3.821202315091016499e+04
3.738336172174863896e+04
3.854740231839515764e+04
3.619092316153022693e+04
4.234246301445349673e+04
3.308155372254095710e+04
3.495293083354832197e+04
3.630080381274232786e+04
3.308631119956368639e+04
3.578030694697234139e+04
2.960035508576433494e+04
3.177710258305607931e+04
