8.012798315240531520e+04
2.873881175485489803e+04
6.808124880028872576e+04
2.048446600169997328e+04
6.932225548388710013e+04
nan
nan
nan
nan
nan
1.261490083117691029e+04
2.855873521582206740e+04
1.140644262030297432e+04
2.132288320028037560e+04
4.594677820553826314e+04
6.630389656127513445e+04
6.666116102252044948e+04
6.297684434468198015e+04
7.294794720759472693e+04
6.824918827702407725e+04
9.930193401128826372e+04
9.775213017538160784e+04
9.564368287773824704e+04
1.041088187783432368e+05
1.008069752231588354e+05
nan
9.975642203152198636e+04
1.161508188787147810e+05
1.052484776082590688e+05
8.532205475095930160e+04
8.235061472277506255e+04
9.856614440417698643e+04
9.158517657188772864e+04
6.044047948214469943e+04
6.449341557929784176e+04
6.214207153366906277e+04
6.105756727872781630e+04
6.994189205217486597e+04
6.637219142946021748e+04
nan
nan
nan
nan
nan
5.602907668795171776e+04
5.389183633528196515e+04
5.210468793401552830e+04
6.129834883921947767e+04
4.277545651079194067e+04
5.557511024749113130e+04
4.611299133963237546e+04
6.676948886126327852e+04
2.417925632038558251e+04
2.105026467092138773e+04
3.255412534937384771e+04
1.027832985089957765e+04
2.529630930099384204e+04
1.529578659282797344e+04
3.961286485993619863e+04
2.657470322659943486e+04
2.137339762905692987e+04
3.026281199363807173e+04
2.491128775153940296e+04
3.058753776113617278e+04
2.559498196428212032e+04
3.315882250415953604e+04
2.652975614090273666e+04
2.714887599439658879e+04
2.731716204535330689e+04
2.481267788251423917e+04
2.517083896328065384e+04
2.142053559258620589e+04
2.027638545790025091e+04
2.151628255064698897e+04
1.806035973062507037e+04
2.029363947578692023e+04
2.039791989703165382e+04
2.297274930362475425e+04
1.893399558462958885e+04
2.710996847100790183e+04
2.153554061213391469e+04
2.236706921045791751e+04
1.687584824510470935e+04
4.610634785489065689e+04
2.356549137270085339e+04
3.812849056062527961e+04
1.514268249052403917e+04
4.435017468626709888e+04
1.699252412842953345e+04
6.665013666952778294e+04
8.491518334098749619e+04
5.866634785542149621e+04
6.748903415108595800e+04
7.063274554622461437e+04
7.153841667743073776e+04
5.733633894280013192e+04
8.556222463630663697e+04
6.627821830669548945e+04
8.232357944613038853e+04
5.029459921156123892e+04
6.694693558895320166e+04
8.319770500852994155e+04
5.689580443459360686e+04
5.958291339304819121e+04
8.034918618841780699e+04
6.694675454163801624e+04
8.260274861764683737e+04
6.221749366908031516e+04
7.895248905555884994e+04
8.474561132975871442e+04
6.830046647134357772e+04
6.758956440372885845e+04
7.090324307296016195e+04
7.384438034868732211e+04
7.477786206803297682e+04
7.860868724580050912e+04
7.477621615039545577e+04
8.612771308244690590e+04
6.910265333041384292e+04
nan
9.767398204708250705e+04
7.806535147132465499e+04
9.416169056305779668e+04
7.188960592398323934e+04
6.530162200430339726e+04
6.886614898552575323e+04
5.860363349134288728e+04
5.867198557684631669e+04
6.008370889591967716e+04
6.184912524056933034e+04
6.335878012414624391e+04
6.547177176713197696e+04
6.313768785188518086e+04
6.935239319272310240e+04
6.039841973494742706e+04
1.358948844175036356e+05
9.530528571907470177e+04
1.370062500147484534e+05
7.476275887181294092e+04
1.195159636422014737e+05
8.781419550784518651e+04
7.541134050240556826e+04
8.950238200726262585e+04
7.568589393529851804e+04
8.184003479784488445e+04
6.558316503080913390e+04
7.069881699890759774e+04
7.424039299312431831e+04
5.757560604745196179e+04
7.322342942777663120e+04
5.804343233108063578e+04
7.455258336792347836e+04
7.330191550260328222e+04
6.177626938420061197e+04
6.855691252589844225e+04
1.486328827969261692e+04
1.466775435107346311e+04
1.635014215642723502e+04
1.693665746836769176e+04
1.542046698226128137e+04
2.407698246479927184e+04
1.622259401132012863e+04
2.011750257099434384e+04
1.394886457112248354e+04
2.217231063730534515e+04
2.989316980652118218e+04
1.983949821613739914e+04
3.885312419115211378e+04
3.424947122241456236e+04
4.086732140127704770e+04
3.410533930515081738e+04
4.186882249691391189e+04
4.031467589059191232e+04
4.468548507723373041e+04
4.561246062672162952e+04
4.113079785525749321e+04
3.891249600570210896e+04
4.025091810470905330e+04
3.781408286213900283e+04
3.910690942789307155e+04
3.056798045365715734e+04
3.446972522387723438e+04
3.014946316342929640e+04
3.192461581355451199e+04
3.343510414850023517e+04
2.939845122751464078e+04
2.709598230205137952e+04
nan
nan
5.970206349886153475e+04
5.757287273788210587e+04
4.510166238044623606e+04
5.499568507872636110e+04
5.930473455914420629e+04
4.677394899688605074e+04
6.949989740043145139e+04
6.514835293041580007e+04
3.345760603869040642e+04
3.131072764232785630e+04
3.627394015168646001e+04
3.724320534479325579e+04
3.495468584394775826e+04
4.580148760854172724e+04
3.695698143683510716e+04
4.063705226389772724e+04
2.891973769961257130e+04
6.838237822695566865e+04
5.882076944898538204e+04
5.925712244436964102e+04
5.060410877397087461e+04
nan
nan
3.116323605873973793e+04
3.786756430708707194e+04
3.060881568882765350e+04
4.189906701033548597e+04
3.515080467921523086e+04
5.470250374490972717e+03
1.631108610780313256e+03
5.909798512468388253e+03
1.444383597742994425e+04
1.413370513964890233e+04
1.151583193722773831e+04
8.176182032453785723e+03
4.782922749762648891e+03
1.839569522791713553e+03
5.227338795315768039e+03
6.454749660170896277e+03
1.025857641379986489e+04
5.796650381003869552e+04
4.262079383202939061e+04
5.539928904907298420e+04
3.798843918155594292e+04
5.438579277158946206e+04
5.970309135345235700e+04
7.297344118413019169e+04
6.274204899339314579e+04
7.599436451940350526e+04
6.047584296663299028e+04
6.009380756169632514e+04
6.306970551506905031e+04
6.438657333748105157e+04
5.349165485553574399e+04
6.422242149884066021e+04
5.243608225172813400e+04
6.410341719736429513e+04
5.813038097750720044e+04
6.639133105514803901e+04
5.647594230623570911e+04
6.524609721296485804e+04
6.985053199933510041e+04
6.207282169215282192e+04
5.240988692287967569e+04
6.804468363319603668e+04
6.648725393789511872e+04
6.772504407780634938e+04
6.715585100102311117e+04
6.152724459134411882e+04
5.961850599407719710e+04
6.266607590048689599e+04
5.188547013533740392e+04
6.285298634055264847e+04
4.557117820368311368e+04
5.494327449297897692e+04
4.216682514986953902e+04
5.197040321617730660e+04
2.201957445271422330e+04
2.409897923800053832e+04
2.162536395053136948e+04
3.700909269045433757e+04
3.493083779489881272e+04
3.665919320608453563e+04
3.614712851500212855e+04
2.130805280934140319e+04
1.530485253850614572e+04
2.524618715930908729e+04
2.397184864744230435e+04
2.667156195190994913e+04
6.285139026817588456e+04
4.902185600836033700e+04
5.053630490974686836e+04
7.160356386153619678e+04
5.412117089169301471e+04
4.824240660766658402e+04
4.879596329411898478e+04
5.015700609638654714e+04
4.600813617742383940e+04
5.325299911676786724e+04
4.827326794294497086e+04
5.298737650569666584e+04
4.528472756322153145e+04
nan
nan
nan
5.535646621466278884e+04
4.761493031579010858e+04
4.506224193841058877e+04
4.433741628938524082e+04
2.254768887673499921e+04
2.437727240498867104e+04
2.896842265180910181e+04
1.538006859600249663e+04
2.639642457564999859e+04
1.510311462231268342e+04
3.167725203132908064e+04
4.637838261783374764e+04
1.772357278303891144e+04
3.957877839303838118e+04
1.589570010302372793e+04
3.953917760756460484e+04
5.870613220455897681e+04
7.196663145766725938e+04
3.886627115861675702e+04
6.639282957993257151e+04
3.094757020351297615e+04
6.624018469120666850e+04
4.535933235920190054e+04
2.565094150518596871e+04
4.814328922740105190e+04
2.911547987429319255e+04
1.540187161637378813e+04
2.919384330239601331e+04
2.887445279210609806e+04
3.025112348846504756e+04
1.282404145856110881e+04
4.210081338170527306e+04
4.001867763370975445e+04
4.106946942661869252e+04
3.977368657821042143e+04
3.000251147649823179e+04
2.591231735892092183e+04
3.190715147724238705e+04
1.170885556144516522e+04
3.397916443277897633e+04
2.776161135456433112e+04
2.806343383679627732e+04
3.421551600459490874e+04
3.193345127908066934e+04
2.233803050024997719e+04
3.415955268750618416e+04
1.711695533280845120e+04
2.943523078242873089e+04
8.750334404240993535e+03
1.558722927236822034e+04
1.256274338252246343e+04
7.706433157094470516e+03
1.304182208241776971e+04
5.745918381041512475e+03
1.718957503767496382e+04
1.781503002434175141e+04
1.441735681601128454e+04
1.866813191466037824e+04
1.329553327995846485e+04
8.837437444497774777e+03
1.763074591072247858e+04
6.663168787584956590e+03
1.384813466903789777e+04
4.629079513155144377e+04
4.185832634313112067e+04
3.659267068765260774e+04
4.015252619881981809e+04
3.688158420211360499e+04
3.883614999309042469e+04
4.901430778703036776e+04
2.425041453248879770e+04
3.220356783063610783e+04
8.340602507328556385e+04
8.233625206608259759e+04
7.009071647073925124e+04
8.809040890558999672e+04
5.452350575193514669e+04
7.279637791828204354e+04
9.595960284537664847e+04
8.727110856746000354e+04
9.874612492924343678e+04
7.666581129856100597e+04
8.978209943916685006e+04
9.086344148542878975e+04
9.876398425632422732e+04
8.496589732552801433e+04
9.417879801942397899e+04
7.105270486086270830e+04
8.646781024362205062e+04
8.506380714962039201e+04
8.043252851776278112e+04
8.174169379197806120e+04
8.105563985923166911e+04
7.771482929174879973e+04
8.622299639739577833e+04
7.308450472370006901e+04
8.079364235770561208e+04
6.985794066053075949e+04
6.831378377027720853e+04
6.161508087677758886e+04
7.299738197091050097e+04
5.117703061729381443e+04
6.131814113178290427e+04
4.537640551691196015e+04
4.357711527012001898e+04
3.552068886753974948e+04
4.912000365814026009e+04
2.547445412464153560e+04
3.503795005304965889e+04
2.184220301031701456e+04
2.592185204656916176e+04
1.887947746541498418e+04
3.785141303468207479e+04
3.037521491192664325e+04
2.012469861195685371e+04
1.455504851921585760e+04
3.406008094841436105e+04
2.744601971972709362e+04
1.552306807730367836e+04
1.383912713817790973e+04
1.112045793041429897e+04
4.960314082743723702e+03
6.718036003480473482e+03
5.401270111191530304e+03
5.923734359837721968e+03
1.407668004085406938e+04
1.222453648628275914e+04
4.107545330905526498e+03
1.802540227090025655e+04
1.791182624708875301e+04
1.124055541922850534e+04
2.209591278690076069e+04
1.305762811778515061e+04
1.098917958658971293e+04
1.210888243159187914e+04
1.245550768780969884e+04
1.601180223297404336e+04
1.263652075207901362e+04
1.457518099667329079e+04
1.541031010958433762e+04
1.690296594475381789e+04
1.064103622297473703e+04
1.203674942957387611e+04
1.096864015568337709e+04
1.047857503563151840e+04
1.424542131258751033e+04
1.458648815891590129e+04
7.566982677788901128e+03
2.819677026810523239e+04
2.862406809636502294e+04
3.515450507900764205e+04
2.517620967084464792e+04
4.278151752697827033e+04
3.370095227140125644e+04
4.373682448945300712e+04
4.476045938890903926e+04
5.030583393905346020e+04
4.133938297157438501e+04
5.830970261736161774e+04
5.009505730387638323e+04
nan
3.663762130809645168e+04
3.763709453371688141e+04
5.096850928447698971e+04
5.024307634383653203e+04
7.300790663199077244e+03
2.667683471834308421e+03
4.697174336048518853e+03
3.801168006495457576e+03
4.810247035420715292e+03
5.599029210590300863e+03
1.326600503518851656e+04
1.680541750949705965e+04
1.256829211426857000e+04
1.709602678994503003e+04
3.306509091977929347e+04
2.189975592760945437e+04
1.361796256299742890e+04
3.112242597396743804e+04
7.645287414365534460e+02
1.048341911944128151e+04
1.835284653723564406e+04
2.729677446585605503e+04
2.110627307187540282e+04
1.635300660940240596e+04
2.617553277826572958e+04
1.636157650995360746e+04
1.759234042971218150e+04
2.579275306792050469e+04
2.270364006696583237e+04
3.746622791233311000e+04
2.929525807162377532e+04
4.366298258051549783e+04
4.219380136857081379e+04
3.389669515843642148e+04
3.996076991853088111e+04
4.317713782623010047e+04
3.505537114315116196e+04
5.217120490895180410e+04
4.637557890649598266e+04
nan
nan
nan
nan
6.187520421229080966e+04
6.499878388147175428e+04
6.776083294507241226e+04
4.361676154420981038e+04
4.278930960553822661e+04
4.153327658401056397e+04
4.343429600983406272e+04
4.109048797328594083e+04
4.181904995315390261e+04
4.438540078882857051e+04
4.686432098527820926e+04
4.668327639440492203e+04
4.446089322156729759e+04
4.807109324038612976e+04
4.265691915284655988e+04
4.524406790265004383e+04
4.587450789840311336e+04
4.843208708416797890e+04
4.425939766088731267e+04
4.679468652304743591e+04
5.515565596961802657e+04
5.552692062716923829e+04
5.272775869459749811e+04
5.612855569363718678e+04
5.090875088285071979e+04
5.426411008801668504e+04
4.428095397496463556e+04
4.582623037939772621e+04
4.213373984144666611e+04
4.510489817882087664e+04
4.025308281006195466e+04
4.515485251120789326e+04
4.224128172465938405e+04
3.763146441359247547e+04
4.189329512513909140e+04
3.572388921236913302e+04
4.098364565298503294e+04
2.432351892647955174e+04
2.399736766902098316e+04
2.578618576866495277e+04
2.628050433538125071e+04
2.108819003395766777e+04
2.623396614062887238e+04
2.145801367431122344e+04
2.666376276154006337e+04
2.790090667581017988e+04
2.142521492294544805e+04
2.688991006682969964e+04
2.052375433262679871e+04
2.680102694116253406e+04
1.739544510114449804e+04
9.391655569964921597e+03
1.560602098029557237e+04
1.039285634594949443e+04
1.634389770158527244e+04
1.882069857023128498e+04
1.072946615678058151e+04
1.714470517351599483e+04
1.040102048031911727e+04
1.785406103978211831e+04
1.218541123467090074e+04
1.523810965198606573e+04
6.072369163970886802e+03
1.466245800802743361e+04
2.523869381418845023e+03
1.287182010884698320e+04
nan
4.023921326576879801e+04
3.976591581657862844e+04
3.563246000706013001e+04
3.631932329727758042e+04
3.631862766673901206e+04
3.220482792659440747e+04
3.942518542420918675e+04
2.999455297446614713e+04
3.764337765027157002e+04
4.290500331304696738e+04
3.658951069938078581e+04
4.415354183715656109e+04
3.224657631095790202e+04
3.981344277554089786e+04
3.753093942021382099e+04
3.005718009082108620e+04
3.646232474195701070e+04
nan
nan
nan
nan
