1.033172976815542461e+04
nan
nan
nan
nan
nan
1.887579880135341227e+04
7.574765524590063251e+03
7.249681458284328073e+03
8.082344185669072658e+02
2.958769034577990624e+03
3.780806125154285382e+03
5.020846749199472470e+03
5.707100221525774941e+03
4.843689779658850966e+03
3.628536261647839638e+03
4.238250072955213000e+03
nan
nan
nan
nan
9.960303981390776244e+03
7.693353116074451464e+03
4.825406811443784136e+03
3.206638459373672504e+03
4.995612407006502508e+03
4.530825343214847635e+03
4.557034332659318352e+03
5.515761953075951169e+03
9.132123487543020019e+03
3.853012702091611573e+03
1.085140383889206896e+04
6.723959496704423145e+03
7.600444117596857723e+03
6.948273529107507784e+03
3.724443915367444788e+03
3.605974976775333744e+03
3.839299369726876193e+03
6.598527669474026879e+03
7.790864166322595338e+03
8.559832819102184658e+03
1.305839603985942631e+03
6.586234914507165740e+03
1.737258298251943779e+04
6.930845809114701296e+03
4.359552194622365278e+03
nan
nan
nan
3.136759224296656612e+03
3.970166909409742402e+03
5.250068803668194050e+03
5.183341296022040297e+03
3.973115958520972981e+03
1.401720005035432769e+04
1.091946167553293162e+04
5.387348178235586602e+03
5.723864402925240938e+03
5.200657001755537749e+03
4.297624454367481121e+03
4.487596607565445083e+03
4.233682699714798218e+03
4.502138537327288759e+03
3.653684956188576962e+03
3.353238553872159628e+03
4.202678207663645480e+03
7.866084148013593222e+03
1.115173416888998872e+04
6.199413092474736004e+03
3.863133196748392947e+03
7.382393982422088811e+03
4.255640993371649529e+03
3.069420270947866811e+03
4.150774417059982625e+03
3.154902898264923351e+03
4.174428462896529709e+03
3.437415866951123917e+03
5.312882960689650645e+03
4.215949392272509613e+03
3.655347838419055734e+03
4.546357384828379509e+03
4.084798121543653451e+03
3.147744688662010503e+03
3.848088303669976085e+03
1.450822505239715156e+03
3.921689533080994806e+03
3.608919108008000421e+03
3.413204533240972069e+03
3.130221658101246248e+03
2.978544201769020219e+03
4.275549004834346306e+03
5.144843339688071865e+03
3.527658665954501430e+03
3.404108465168582370e+03
5.605246386295569209e+03
3.042390540526304449e+03
1.868910317073413580e+03
3.921215786796186876e+03
4.156327127868955358e+03
4.188603539993071536e+03
3.949422141351139544e+03
4.859516176407597413e+03
3.467514386540004580e+03
4.472275980590340623e+03
2.257119038343158536e+03
4.771853863372852175e+03
4.631388265495681480e+03
3.865620554490976247e+03
4.615812578533828855e+03
4.917696453639011452e+03
2.895989551612020023e+03
3.299372397481721237e+03
2.240770486404857820e+03
4.360960510727742985e+03
4.541398304813029426e+03
3.544317641774732692e+03
4.407549097634388090e+03
5.153156602265770744e+03
4.158654541413607149e+03
3.369732190031841128e+03
4.245620855329900223e+03
nan
nan
nan
nan
