2.529469095431149253e+04
nan
nan
nan
nan
nan
nan
1.992648363200026506e+04
nan
nan
3.857531601813841462e+03
3.793739998131932225e+03
nan
6.347404045262400359e+03
5.756588901287999761e+03
3.669633144208727117e+03
nan
nan
nan
nan
nan
8.196443208901235266e+03
7.787723458180312264e+03
4.735802472758704425e+03
5.268663355215989213e+03
5.605113490805367292e+03
5.564650130892607194e+03
4.531034230080957968e+03
1.168016578072936136e+04
1.447412540293833081e+04
1.140528160387799289e+04
9.966010357551842390e+03
1.113656311314761115e+04
1.069410984491221097e+04
8.531814188746300715e+03
nan
1.239984959051662008e+04
5.172918178513438761e+03
2.985364248234421757e+04
9.394813005663290824e+03
9.597149652368903844e+03
5.296321701283897710e+03
5.429652215405533752e+03
1.062319565236258313e+04
3.467522817726251105e+03
4.592242245989011280e+03
nan
nan
6.386262468332369281e+03
3.908542130902952977e+03
5.995170414230253300e+03
nan
nan
4.563774804704455164e+03
6.212681726325748059e+03
7.544715841311493023e+03
7.827730279758181496e+03
8.293354447005072871e+03
4.492084839672977068e+03
5.590883587177062509e+03
nan
5.322329496419960378e+03
9.950458479739398172e+03
1.958070061145731233e+04
7.272216134326490646e+03
1.005868221036995055e+04
3.198996430663241426e+03
nan
nan
nan
4.957939694863181103e+03
5.507779152502534089e+03
1.453944582593817540e+04
1.446086449962379811e+04
1.108995110865568131e+04
9.846450230065116557e+03
nan
8.064554236523199506e+03
4.507943284216827124e+03
6.003956189347614782e+03
5.480655989201532066e+03
9.639636850528795549e+03
6.525477173910940110e+03
4.698276201876359664e+03
4.294510059415259093e+03
6.943264450675650551e+03
9.269857802368096600e+03
1.082422248287057300e+04
7.924365142252775513e+03
6.911232198211990180e+03
8.149564410982714435e+03
5.005792696029691797e+03
6.299268908436188212e+03
5.177646653400306604e+03
5.063346538607360344e+03
nan
7.247094669099541534e+03
6.881686300468950321e+03
9.133390979975940354e+03
7.719749783153535645e+03
7.506092737896136896e+03
6.080573281708102513e+03
nan
nan
nan
nan
3.932835745305860200e+03
4.947569822760630814e+03
6.253688757194870050e+03
5.600897385633335944e+03
5.705835569514008057e+03
5.270459735436736082e+03
5.522464674867669601e+03
4.316405609073181949e+03
5.275123314661226686e+03
5.277044875986016450e+03
4.600129011826408714e+03
4.494522924604601030e+03
nan
3.012979641411954617e+03
4.318253241337004511e+03
3.724593371301489242e+03
nan
nan
nan
nan
