1.208216308373756510e+04
nan
nan
nan
nan
nan
1.013717277944734815e+04
1.016200007778796135e+04
8.730060459237041869e+03
nan
2.538792698710261902e+03
2.617347356340204442e+03
4.752715086891213105e+03
3.858501088191980671e+03
5.499423361375728746e+03
3.715921552475305816e+03
4.551632726929425189e+03
nan
nan
nan
nan
9.704708434830346960e+03
5.858321294688373200e+03
4.035632292023864466e+03
5.041455002298269392e+03
5.410693859732326928e+03
5.591744185171729441e+03
7.123284157859518928e+03
6.973652471844477077e+03
8.995679649194145895e+03
5.448248893831532769e+03
1.320186426967043371e+04
8.683755584607844867e+03
8.223331721885466322e+03
6.880555307492238171e+03
3.402719093893736499e+03
6.755506361789897710e+03
3.328742651244198896e+03
1.370225377304347967e+04
3.460119841405586158e+03
8.546603836503933053e+03
3.956045850992059059e+03
8.195060759420512113e+03
1.259004988799233797e+04
4.542666348002399900e+03
4.122227872427986767e+03
nan
nan
4.946167263299294973e+03
4.546566622144437133e+03
5.847952845585720752e+03
nan
nan
2.851557657925264266e+03
4.379717342221239960e+03
6.295316095497387323e+03
3.787812553525076055e+03
3.297296426610329945e+03
3.619469873565433772e+03
3.879575519585745042e+03
3.287554181841233913e+03
2.750710936916654191e+03
5.192368084874562555e+03
1.332764072878588195e+04
6.267605925014733657e+03
5.125992148096890560e+03
3.542692054251112950e+03
nan
nan
4.338945857401202488e+02
5.969473315343503600e+03
3.181949130329424861e+03
7.472344988771513272e+03
7.864861793506413051e+03
1.019674102357327502e+04
5.683826119979123177e+03
5.921871851719452934e+03
6.822906048290370563e+03
3.935145917823368563e+03
5.497314783276293383e+03
8.814429048106712798e+03
5.923333961356385771e+03
4.561773538732048110e+03
4.077438211215990123e+03
5.256015376572282548e+03
8.976226549697295923e+03
9.417908678201016301e+03
7.912667321307420025e+03
7.287702465904383644e+03
7.981002909748934144e+03
6.115225974444754684e+03
1.626064760135602000e+03
7.007474772982078321e+03
3.819416898362261691e+03
4.154360868620828114e+03
6.273096856078436758e+03
6.870696564242408385e+03
1.467351768493171221e+04
9.678041119367999272e+03
4.707089647751096891e+03
6.967053213409442833e+03
8.208180053620868421e+03
4.910285999411373268e+03
2.266901422295276916e+03
nan
1.221894748167846046e+03
4.298309382447442658e+03
5.536767969490059841e+03
6.083073862867938260e+03
4.214667971997818313e+03
4.309645195875878926e+03
5.454815481990413900e+03
4.494488327211258365e+03
2.730908766452172586e+03
3.927966855951190610e+03
4.264132721713541287e+03
3.455723924990940759e+03
3.320176533359640871e+03
3.170465625610178904e+03
3.738411231217854493e+03
2.906158249604472076e+03
2.943304313764790550e+03
nan
nan
nan
nan
