5.939290392184460870e+03
6.873151176013253462e+03
5.352570435894809634e+03
3.338728995370433495e+03
3.511271563029715253e+03
5.247929515004283530e+03
3.657600665868169017e+03
4.108582105357137152e+03
5.739805904200205077e+03
6.110020281975793296e+03
9.785769483629466777e+03
1.916129696984967040e+03
3.732548825649948867e+03
2.784080188277153411e+03
3.227106304524963434e+03
2.788988840904699373e+03
3.106950178199100719e+03
3.427033789180203257e+03
2.742403237583819191e+03
3.530421693702125140e+03
3.468370157663771352e+03
3.135556945244363760e+03
5.163278311976100667e+03
3.200177770466389120e+03
4.578971285335870562e+03
5.289816162082332085e+03
8.028924150902477777e+03
6.300661965549840716e+03
3.119924904821724795e+03
3.993597320519140339e+03
3.908955061915428814e+03
3.433247745301519899e+03
3.719497287888598748e+03
3.213057498731523538e+03
4.988012465402349335e+03
5.929016075850966445e+03
3.974572402156814405e+03
4.456421996548949210e+03
3.386858765703525023e+03
5.637935446014001172e+03
2.369014967994326980e+03
3.840258784283056684e+03
3.224180278367396113e+03
3.095717613153061848e+03
1.940271306462136408e+03
2.840005576506218404e+03
2.542035726605180571e+03
3.676265690160769282e+03
3.613980918272130111e+03
2.530630482405504154e+03
3.520110240347116815e+03
3.162280109305027963e+03
2.720496584562314183e+03
4.069889139612138024e+03
3.093903267202337702e+03
3.212626179014459012e+03
4.644552985671429269e+03
3.906785783146014637e+03
4.442703386798768406e+03
3.760526592644139328e+03
