5.569087739742409758e+04
nan
nan
nan
nan
nan
nan
9.566446313456006465e+03
nan
nan
6.746305026008920686e+04
9.940101117061426339e+04
nan
1.049614044280411617e+05
8.727713608823975665e+04
6.290364283906216588e+04
nan
nan
nan
nan
nan
5.221922533081036090e+04
2.419027517062883635e+04
2.360216888545664915e+04
2.787444247989733049e+04
2.446642406119946463e+04
1.908665193025855115e+04
2.274658620252609398e+04
2.790763058159836510e+04
2.812436765085157094e+04
7.995115002635451674e+04
7.599438544828048907e+04
6.585539387474257092e+04
6.639759548587846803e+04
7.559528112701700593e+04
nan
8.032271097445661144e+04
6.371462254462029523e+04
8.676790013781431480e+04
7.946659428631437186e+04
6.660744130207727721e+04
6.236602676520444220e+04
1.715305203185678693e+04
1.861331869146807367e+04
3.712320706571238406e+04
3.073446245689222269e+04
nan
nan
6.358316661162980745e+04
3.631239011350645160e+04
5.595324736529495567e+04
nan
nan
3.735679142166099336e+04
2.013871851198425929e+03
4.906309106618989608e+04
6.370921454462608381e+04
6.305580803280877444e+04
5.661528036562102352e+04
5.972462733023743203e+04
nan
5.768992474447349377e+04
5.054829448161698383e+04
1.017351647770767704e+04
5.481246866746103478e+04
5.439947498575556529e+04
5.035018090540145931e+04
nan
nan
nan
4.477782713966188021e+04
1.880841597784750411e+04
2.174668249881357042e+04
5.017097484126609197e+04
4.336567723850950279e+04
1.940581359937591333e+04
nan
2.738766155298384911e+04
2.409269164074629589e+04
1.038237364202355457e+04
3.340093693799261382e+04
7.215904822688744753e+04
8.259414358982116391e+04
9.067071280028313049e+04
7.852893085498642176e+04
5.821300708714844222e+04
2.957563500711892993e+04
2.610918059095693025e+04
2.010278559195966227e+04
5.085425460007873880e+03
9.511939455646363058e+03
1.325089386946800732e+04
8.929081220009768003e+03
3.510032957448560046e+04
5.178067131535866793e+04
nan
4.425593656642389396e+04
3.495795897009776581e+03
1.379528663637511272e+03
1.589294654474237905e+04
2.785187507717041808e+04
4.710835398705195257e+04
nan
nan
nan
nan
5.977883848585875239e+04
4.306183617407891870e+04
4.456003101737583347e+04
4.660859836751317926e+04
5.339518927807768341e+04
4.262629557252629456e+04
3.843815630705565127e+04
2.268485325974853185e+04
2.253451656753491989e+04
1.459685270727369061e+04
1.387421910099256274e+04
8.078313402038785171e+03
nan
3.418650387655715895e+04
3.819933627265562245e+04
3.439367141982300382e+04
nan
nan
nan
nan
