5.030822486811716954e+04
nan
nan
nan
nan
nan
3.805841983074384916e+04
5.883173383853929408e+03
2.840485797670877946e+04
4.256647189914487535e+04
6.771259860985065461e+04
9.884588213640036702e+04
1.282687775155411218e+05
1.066343818033520947e+05
8.990498103627153614e+04
6.541620942781998019e+04
1.135739101497711381e+05
nan
nan
nan
nan
5.273631702656293055e+04
2.141752143796003293e+04
2.610497924746934586e+04
2.952777874660229281e+04
2.535437710953191345e+04
1.935353241567634905e+04
2.045773560991808336e+04
2.611755039269560439e+04
3.215417955531118423e+04
6.829857610678921628e+04
6.872342598682962125e+04
6.502300310296894168e+04
6.881657755765522597e+04
7.371690826528049365e+04
7.106574502354317519e+04
6.703625876737001818e+04
6.240078000444484496e+04
4.576071481765658245e+04
1.266855908062019589e+05
8.056004604609210219e+04
9.164727934276267479e+04
4.075699709022331808e+04
6.586195167216483969e+04
2.034380297935322233e+04
3.142783747101633708e+04
nan
nan
nan
8.818215855313659995e+04
5.662533631331417564e+04
3.973216506680948805e+04
1.533792759989947990e+04
1.634331939032188347e+04
4.451984942102422065e+04
6.710731023427755281e+04
7.288108120559957752e+04
4.880140025809233339e+04
2.607757458490256249e+04
1.254182467027572966e+04
5.947965100400986557e+03
1.586948543139649155e+04
1.285197913412095295e+04
4.138041352067660227e+03
1.179735459624662508e+04
3.808603722810810723e+04
8.498787009715382010e+04
8.347054959804074315e+04
5.918104433728307777e+04
3.076564411309677962e+04
2.077597542880787660e+04
3.046013003563494931e+04
2.924440212865789363e+04
3.117603601874688684e+04
2.494225595410953974e+04
2.211112393795340904e+04
1.635775829746527961e+04
1.557175965840822573e+04
2.008878831213938247e+04
9.126072723915280221e+03
1.411993284473030872e+04
2.329056912471476244e+04
2.493639139475259071e+04
2.746028354885083900e+04
3.384318792003615090e+04
2.477959807037711653e+04
2.241785482893264270e+04
1.640035284131413937e+04
5.767792954927982464e+03
5.329162308767603463e+03
1.581669932278079841e+03
2.570636486313468595e+03
6.108026603558565512e+03
1.256619374120658722e+04
2.470428831999040631e+04
2.861855509314954543e+04
2.496338530507910036e+04
1.721801195614096650e+04
1.206290958380288612e+04
1.555717464407720581e+04
8.561209608303121058e+03
5.793815297573710268e+03
9.189718564736824192e+03
1.039246541225690817e+04
1.329054441485306052e+04
1.733693912013040972e+04
8.589861237930056177e+02
2.199384450847911012e+03
9.600727354379012468e+03
1.505561447957450810e+03
1.028834491043250637e+04
1.405369019084930551e+04
2.000517973287823224e+03
9.214251893934779218e+03
1.592647461536808805e+04
2.524963143726885392e+04
2.617851115506518909e+04
2.529636371791690544e+04
1.602965623683988815e+04
2.782543947961886715e+03
1.984056579627267274e+04
nan
nan
nan
nan
