4.370257146304850903e+04
nan
nan
nan
nan
nan
3.807229461318632093e+04
8.481904234893145258e+03
3.137490379400721940e+04
4.330823016412604193e+04
6.784599124661061796e+04
9.984737960438686423e+04
1.294447908054723084e+05
1.050359654077194427e+05
9.531249795294046635e+04
6.612258485596699757e+04
8.920344647490973875e+04
nan
nan
nan
nan
4.788975825685879681e+04
2.277687648936376718e+04
2.604556119871124611e+04
2.835390656609542202e+04
2.478022208807277639e+04
1.939838338700375243e+04
2.200298852106103732e+04
2.725935352884170425e+04
3.178774333337508506e+04
6.500165209375466657e+04
6.940580198866382125e+04
6.550892686146815686e+04
6.914286040103390405e+04
7.753946138736959256e+04
7.638343567860277835e+04
6.255781797325264051e+04
6.426190595803939505e+04
3.316317851566265745e+04
1.173572481762449461e+05
7.844928769871959230e+04
8.702362148606216942e+04
4.051698424633707327e+04
6.277851611044377205e+04
1.969457987910608063e+04
3.084877897398778441e+04
nan
nan
nan
8.831873311148509674e+04
5.668619595471057255e+04
4.025639422162283881e+04
1.371621727763528907e+04
1.492554396909953539e+04
4.213460711942174385e+04
6.139112583347695909e+04
7.427610209753797972e+04
4.825790117669781466e+04
2.477174640782983624e+04
1.323344469334831047e+04
5.372784564233831588e+03
1.749570261997208218e+04
1.154987169894373437e+04
3.478773671208944961e+03
1.280515486834226067e+04
3.824961408497162483e+04
9.238810485951771261e+04
8.371794254137820099e+04
6.072978098483297799e+04
3.440171259164754156e+04
2.084958971721907074e+04
3.437952828181840596e+04
2.968744489775989132e+04
3.190850149570392387e+04
2.946872667764448488e+04
2.480766498235098334e+04
1.836168479734562789e+04
1.740632295260445972e+04
2.109457749647283708e+04
1.003225543124066462e+04
1.304911974099631880e+04
2.300731030545098110e+04
2.027319581525362810e+04
2.721136399067558159e+04
3.311798466957127675e+04
2.291928662105620606e+04
1.986856848322708902e+04
1.515188697802855131e+04
5.400952057349290953e+03
6.562510113229570379e+03
2.749594733131229987e+03
3.565068682004990478e+03
7.481049437705964010e+03
1.397534943436201684e+04
2.569269246061066224e+04
2.862371127202364369e+04
2.177341617463234434e+04
1.919447637227917949e+04
1.298063679498315469e+04
1.505655210258790976e+04
8.430963265770165890e+03
4.773134673895740889e+03
1.055902847420836770e+04
1.205939902927148069e+04
1.531171857389197976e+04
1.763280337103087004e+04
1.801735069308552511e+03
3.196032276910947076e+03
1.154222172708114522e+04
2.703483032041740444e+03
1.032597883123374777e+04
1.728214217897085837e+04
2.013766131697650280e+03
8.677033541288186825e+03
1.437512511545499910e+04
2.739689880041133074e+04
2.332618147383532778e+04
2.193059277493925401e+04
1.293689946591860462e+04
6.928943476799104246e+03
2.405446158212291630e+04
nan
nan
nan
nan
