5.222463285868156527e+04
nan
nan
nan
nan
nan
nan
8.696154876246257118e+03
nan
nan
6.737580745235456561e+04
9.947974405156059947e+04
nan
1.070360253197231650e+05
8.944593004251868115e+04
6.403507074665956316e+04
nan
nan
nan
nan
nan
5.379094073232045776e+04
2.382125614464014870e+04
2.579168349583811505e+04
2.815879371634539348e+04
2.553937964288164949e+04
1.949507703121637678e+04
2.093358749021172844e+04
3.062115038356591685e+04
3.030490402708887996e+04
6.983438104129301792e+04
6.865235374600307841e+04
6.870843928865235648e+04
7.008258887171272363e+04
7.480179078414800460e+04
nan
8.519397528468487144e+04
6.298020347526302066e+04
1.103454933313210058e+05
8.156068762850065832e+04
6.720023556244418432e+04
6.779284101921973343e+04
1.588113401126053031e+04
2.092528845189887579e+04
3.975933300804081227e+04
3.061229057391056995e+04
nan
nan
5.725094290056035970e+04
3.613973256823143311e+04
5.914813008781612007e+04
nan
nan
3.526187143020391522e+04
4.642277875807736564e+03
4.966775254852407670e+04
6.620993288861714245e+04
6.919152773720209370e+04
6.021176090863003628e+04
6.145956446785972366e+04
nan
6.192497255248042347e+04
4.782433224117597274e+04
1.611731801784020718e+04
5.589136212028381124e+04
5.848902576574408886e+04
4.907178015741005220e+04
nan
nan
nan
4.793674429332877480e+04
2.333868158970293007e+04
3.065702839969803244e+04
5.529359906009536644e+04
3.921887233270594879e+04
2.316653745188871108e+04
nan
3.084282525233099659e+04
2.810461890755301647e+04
1.135286991257576483e+04
3.844352654461404745e+04
7.517322539274553128e+04
8.967066763308261579e+04
9.217618223432982631e+04
8.034086554070327838e+04
6.410799230635933782e+04
3.832856836188592570e+04
2.462959459603724099e+04
2.352960380444206021e+04
5.224119136488209733e+03
1.306086837854143232e+04
1.258246798179901998e+04
9.444507939157154397e+03
3.225318403394717825e+04
4.807549357265960134e+04
nan
4.378710522821269115e+04
3.357568384802530545e+03
1.806394344848869514e+04
1.870512228102100926e+04
2.782983769074946031e+04
4.175398020955137326e+04
nan
nan
nan
nan
6.480164017481778865e+04
4.279240914728672942e+04
4.485682551608759968e+04
4.600395684012017591e+04
5.374240443820964720e+04
4.342809682903935754e+04
3.925431832787356689e+04
2.402484420096940084e+04
2.423438461984798050e+04
1.309311615722528040e+04
1.467524103439851933e+04
1.050736555842598136e+04
nan
3.636295076701402286e+04
3.910778145145576855e+04
3.462480989773343026e+04
nan
nan
nan
nan
