4.360629812621672318e+04
6.061549054446115042e+04
6.027799393420452543e+04
3.704641337713786197e+04
2.632146806345112054e+04
4.595471881379950355e+04
3.089245761654742091e+04
2.842968511559851322e+04
2.247083551971652560e+04
3.055816541373121072e+04
6.186274776349087915e+04
6.961640161215260741e+04
5.655624603232934896e+04
5.594164846415382635e+04
3.569829327677039691e+04
2.702935844787839960e+04
1.706215831087792321e+04
3.542862092834099258e+03
8.159197908701950837e+03
1.128550739860410431e+04
1.434012092224933986e+04
1.133540125527912096e+04
4.722346552812667142e+03
8.226705660637157052e+03
1.210055432339320578e+04
2.731283928712346096e+04
3.385041843059738312e+04
7.960996873871558819e+03
2.348355530320130129e+04
2.571867763776591164e+04
2.914726358248856195e+04
1.427079230670692232e+04
1.213010049206230906e+04
2.354216358006582595e+04
2.108934505733578771e+04
2.897109854680472927e+04
1.055285520892560635e+04
1.617985091246948286e+04
2.859220230334330336e+04
2.865271540564369934e+04
4.022297235052386532e+04
2.532585704018528486e+04
2.989401662821220452e+04
2.709675051822953901e+04
1.929951878429202407e+04
1.361156631990637652e+04
1.146357967993813327e+04
1.201051845051150121e+04
1.507322861029745945e+04
3.291421959492484348e+03
4.915065745245372455e+03
1.258535841471929234e+04
1.894553898875965024e+04
2.156307207506288250e+04
3.834253770330071711e+04
3.941317356492277759e+04
3.473732168871130125e+04
3.077176403298815057e+04
3.137440619720360701e+04
3.588806819789431756e+04
