3.832129369469342055e+04
nan
nan
nan
nan
1.205261862229676990e+04
9.994146720707258282e+03
3.206607206954478170e+04
2.959216521621686479e+04
5.768710468781083910e+04
6.610846794035448693e+04
7.226579569718976563e+04
6.029535580273507367e+04
5.970871700325805432e+04
1.341003242886549742e+04
1.555609937097444708e+04
9.975900420838805076e+03
nan
nan
nan
nan
nan
6.732022998530874611e+04
3.348518010246886843e+04
3.167325546939020933e+04
1.573364543331010282e+04
5.221901302825050152e+03
7.287680192512959366e+03
1.162319184727689571e+04
1.238584116262144016e+04
6.965223008766850398e+04
5.967434298833028151e+04
4.630436840212756215e+04
3.909722540004913026e+04
4.137723721051149187e+04
3.805218340245297441e+04
3.047566923921183115e+04
nan
5.531317876940692804e+04
4.002159760604600888e+04
2.992003911355363380e+04
6.571899754772482083e+03
2.326642365855082244e+04
2.968342301419689829e+04
2.638612791337688759e+04
3.580324546142878535e+04
nan
nan
nan
nan
nan
7.657467986197449500e+04
7.512861525419843383e+04
2.232793535752937169e+04
1.201461542697892401e+04
4.141244611722632544e+04
nan
nan
nan
nan
nan
nan
nan
1.469914901835357523e+04
nan
2.680448957478003649e+04
nan
nan
nan
5.690971976494587580e+04
3.769414423694722791e+04
2.229441131761905854e+04
2.010813887605879063e+04
nan
1.506150615399781236e+04
6.105411604352723771e+03
5.675292621809491720e+03
1.111577354127699618e+04
2.327703975089295636e+04
1.752010158240304008e+04
6.502844614913815349e+03
3.714100161309726536e+04
5.088357379468549334e+04
6.361339860939855862e+04
5.681042565104847017e+04
3.689586673508878448e+04
1.674099522181149223e+04
3.772624582851300511e+04
nan
3.653782466624289373e+04
5.024738105376105523e+04
nan
nan
5.234897240128333215e+04
2.603165004457889881e+04
2.152909821584668680e+04
3.862250123285039444e+04
6.266906929492465133e+04
nan
nan
nan
7.551880721498731873e+04
5.009715675433987053e+04
3.221867324910129173e+04
4.125997314031741553e+04
3.760014999595754489e+04
4.885335446069286263e+04
5.957093929205627501e+04
7.148978473662536999e+04
6.657790409160035779e+04
6.245514577114151325e+04
4.963374402243961231e+04
4.287935419063085283e+04
4.089773409527111653e+04
4.225423428270877776e+04
3.866682462909942114e+04
4.278757984520189348e+04
2.265052313195736861e+04
6.031521191437912057e+04
nan
6.325067548438378435e+04
6.405252025116264122e+04
nan
