1.048031766379968176e+05
nan
nan
nan
9.857772785478178776e+03
6.998562449738620671e+03
3.257951260524586178e+04
3.345029420888836466e+04
5.777770109212472016e+04
6.724514962755001034e+04
7.079615625533003185e+04
6.483391822344866523e+04
4.999130432149067929e+04
1.372479259389155777e+04
1.200674250284141817e+04
7.346391747668496464e+03
nan
nan
nan
nan
nan
5.482084918054495211e+04
3.371318550769367721e+04
3.191694229445611563e+04
1.535001994355558600e+04
6.486982121146696954e+03
7.571867965004517828e+03
1.116728810310125664e+04
1.028862488566649336e+04
6.527095503786773770e+04
6.007281073838230077e+04
4.609539351027469820e+04
3.971681039275629155e+04
4.162643723270027112e+04
4.036576883188251668e+04
3.213672465299278701e+04
nan
5.446981773926027381e+04
4.142564113372083375e+04
2.984763802733846387e+04
8.595249336016788220e+03
2.329880163729370906e+04
3.042981556867487234e+04
2.618348422398773982e+04
5.193738382898618875e+04
nan
nan
nan
nan
nan
8.212178475571831223e+04
6.976181939514247642e+04
2.351493213348288555e+04
9.957047296829588959e+03
4.276548199670456233e+04
nan
nan
nan
nan
nan
nan
nan
6.116102645847568965e+03
nan
2.606874211464783730e+04
nan
nan
nan
6.170327914432989201e+04
4.045043740626685758e+04
2.732468520076018103e+04
2.444182931183043547e+04
1.853757050215201525e+04
1.213486146929847928e+04
1.895280643370843609e+04
1.945736617751300219e+04
2.069274852558723069e+04
1.935663583339277466e+04
1.118670194262039877e+04
4.063868567372530379e+04
5.892457343335844052e+04
6.420016285356492881e+04
5.772465608292699471e+04
3.991984442406622838e+04
1.816598981175983499e+04
4.206778055974269228e+04
2.933081478507885186e+04
5.328638649526805966e+04
nan
nan
5.583455006621409120e+04
3.008362826128010056e+04
2.059347477514675847e+04
4.122646340295628033e+04
6.484283194415995968e+04
nan
nan
nan
7.537603079477653955e+04
4.974404799153895874e+04
3.295650143611887324e+04
4.462089444416819606e+04
3.931278719800763793e+04
5.037103583882476232e+04
6.240975652671456191e+04
7.276404432286384690e+04
6.819831187029543798e+04
6.161783552486528788e+04
4.940721956147901074e+04
4.355062040001586138e+04
4.098395150141436170e+04
4.284872512946966890e+04
3.910865500265345327e+04
3.971039905605981039e+04
2.310795694567419923e+04
5.752006222680641804e+04
nan
6.427699497133874684e+04
6.400992903494925122e+04
nan
nan
nan
nan
