3.657403584050814970e+04
nan
nan
nan
nan
5.703797062988996913e+03
1.905862790638499428e+04
2.108884081252260876e+04
1.037897375475608351e+04
9.020177796368454437e+03
2.849887976192168480e+03
3.339761936326483465e+03
5.784676268000708660e+03
1.584817479976721552e+04
3.218497491254236593e+03
5.573289491308552897e+03
1.360716805945970373e+04
nan
nan
nan
nan
nan
1.491973596750295837e+04
3.966251744161538682e+03
4.247419354808217577e+03
3.931096582578427387e+03
3.878100101214513870e+03
4.085336442282040025e+03
5.152350963357149340e+03
5.208694436520824638e+03
8.816519188647553165e+03
6.968280395732796933e+03
7.282980747985008747e+03
6.668375729933841285e+03
4.889906713098345790e+03
4.699722543545677581e+03
9.419977824718143893e+03
nan
1.230276834770781716e+04
1.100149580906041410e+04
4.755498923798774740e+03
5.578382348491190896e+03
5.150911216291070559e+03
4.669916127046309157e+03
5.353974236650274179e+03
7.747478359869081942e+03
nan
nan
nan
nan
nan
9.648409507673792177e+03
1.851234268341905408e+04
1.784825069122636341e+04
1.227652468965668231e+04
8.944955071896885784e+03
nan
nan
nan
nan
nan
nan
nan
4.043137461917204200e+04
nan
1.993320479427605460e+04
nan
nan
nan
5.473369518235994292e+03
4.695239622402718851e+03
8.336179954073708359e+03
1.017926448536570570e+04
nan
1.799966198459321458e+04
2.350105473672466542e+04
1.633623785560456236e+04
1.349532880800534804e+04
1.151100628739123385e+04
1.167425781194936462e+04
1.029245856032639858e+04
7.621283602281140702e+03
1.023994810213859819e+04
8.849684329684596378e+03
8.223611371335078729e+03
8.951370843891703771e+03
9.876119508866995602e+03
7.612732778777886779e+03
nan
9.056764000878059960e+03
6.698535159394878974e+03
nan
nan
7.220963845883765316e+03
6.100712371354364222e+03
7.096103808918432151e+03
7.314354410430004464e+03
4.767294798688425544e+03
nan
nan
nan
5.644571327295393530e+03
5.190567543917865805e+03
4.048526336562186771e+03
8.399767068963046768e+03
6.662355468790523446e+03
4.799613496125077290e+03
5.624185489883414448e+03
5.468058153917252639e+03
4.860758900876331609e+03
5.157192480024746146e+03
4.659355402268910439e+03
4.709430353674229991e+03
6.141423807154096721e+03
5.245663792411221038e+03
6.896139007545612003e+03
8.475370165287684358e+03
9.535954040189808438e+03
8.859374072857091960e+03
nan
3.710014921748214419e+03
5.497543378486209804e+03
nan
nan
nan
nan
