4.907165902795277361e+03
nan
nan
nan
nan
5.301145459970104639e+03
1.273028807660697203e+04
2.483420992265441237e+04
8.689628700876044604e+03
2.769506401098386505e+03
3.002945904640245772e+03
1.847968633714390307e+03
4.781716299089407585e+03
1.432375344534059150e+04
2.672552714005400958e+03
1.386494736060553350e+03
5.381979228458918442e+03
nan
nan
nan
nan
nan
1.386938151795402064e+03
3.829451881452867838e+03
3.329957930433485672e+03
3.331120943606181299e+03
3.463955814548340641e+03
3.330893521783474625e+03
3.393461529986442656e+03
7.782824554608501785e+03
5.335928341899535553e+03
6.107300693977893388e+03
6.625710153201687717e+03
6.471563108414620729e+03
4.162530282094299764e+03
5.290273836509721150e+03
5.799643624828773682e+03
nan
8.814901893915619439e+03
8.319691011723374686e+03
4.227431673407893868e+03
1.077702360983756626e+04
6.953252902074687881e+03
4.308537118348344848e+03
3.686093603966299270e+03
6.094287670306148357e+03
nan
nan
nan
nan
nan
2.331945370742907016e+03
9.132284808498368875e+03
1.917300393692830403e+04
1.754659072858578656e+04
1.388103246880403049e+03
nan
nan
nan
nan
nan
nan
nan
2.387470570593678349e+04
nan
1.287105782241828274e+04
nan
nan
nan
4.608238428616289639e+03
4.403228959355804363e+03
7.845608105720334606e+03
7.833708007516809630e+03
nan
1.807776415616448139e+04
1.836997749143245164e+04
2.098570573567805695e+04
1.360453287885748614e+04
6.922978274289686851e+03
1.012648272150466255e+04
1.207215471292908478e+04
1.045927937216722239e+04
9.561728051444262746e+03
8.381399272547676446e+03
6.822601569959394510e+03
8.914577100599968617e+03
8.954904284802347320e+03
6.371257692241569202e+03
nan
5.483278827698458372e+03
7.715643924389684798e+03
nan
nan
8.274260714799511334e+03
9.317169193592446391e+03
6.401710277239935749e+03
7.259285241876144028e+03
4.102038296387775517e+03
nan
nan
nan
4.882785753448714786e+03
5.417540429773380311e+03
3.065954052987565319e+03
9.544737896024726069e+03
8.175518932140717880e+03
4.286167658378387387e+03
6.626036034866210684e+03
4.083855924035639418e+03
3.061243517075601630e+03
5.306835593402578525e+03
5.302678890754012173e+03
4.349549091434576439e+03
4.545730552586616795e+03
3.937716945248653701e+03
3.328951742824177018e+03
3.328826493297768138e+03
8.962812854789915946e+03
2.773994413889543466e+03
nan
3.128644517525404808e+03
3.562861636476804506e+03
nan
nan
nan
nan
