3.960799827983665466e+07
3.959329315079116821e+07
1.972296923156738281e+07
1.971046372250938416e+07
1.968428739673233032e+07
3.932235809787940979e+07
3.266311027924346924e+07
4.570811623198699951e+07
5.215393602378273010e+07
2.609565695440483093e+07
2.605964714350509644e+07
4.559685355448150635e+07
3.900730433947944641e+07
nan
2.587820107276344299e+07
3.872027810928535461e+07
1.933952336751174927e+07
2.574373685946273804e+07
3.212006701283645630e+07
2.566287035288810730e+07
2.566241826826286316e+07
2.561177040870094299e+07
3.197685987037277222e+07
3.189775165379333496e+07
2.547216430956268311e+07
2.546069069064331055e+07
3.814070433507919312e+07
3.807778928927230835e+07
3.808960644017219543e+07
3.170216492712020874e+07
3.170876741852951050e+07
2.534233492622375488e+07
2.535890552009582520e+07
3.812417599297332764e+07
5.722191748133850098e+07
3.821424355377960205e+07
nan
1.914797702351379395e+07
3.838659658964538574e+07
2.561905134960937500e+07
5.128180110374450684e+07
3.855135579265594482e+07
2.569516127941131592e+07
2.574536600401306152e+07
5.149900214865493774e+07
5.148653808156394958e+07
4.509731013484954834e+07
5.161729145937728882e+07
2.589792605836486816e+07
3.883674920609092712e+07
1.946661843005752563e+07
2.594653300298118591e+07
nan
3.251681123596954346e+07
2.612969072726821899e+07
5.245635413813781738e+07
3.284339654479026794e+07
5.251719639149093628e+07
2.627277756604957581e+07
3.957651175992774963e+07
3.962071619055175781e+07
3.303209424892044067e+07
3.962713797158813477e+07
3.968280465151214600e+07
2.650122314257431030e+07
3.974091684189414978e+07
nan
3.966473718757438660e+07
3.958698137263107300e+07
3.960826749896812439e+07
1.978616510099029541e+07
3.948188361853027344e+07
2.630115734444236755e+07
2.624689916985511780e+07
2.628302015500831604e+07
3.942297293047714233e+07
4.596257035194969177e+07
2.630338570137786865e+07
3.953518197274780273e+07
5.943833903106689453e+07
2.647202715135192871e+07
5.307865683018112183e+07
3.986880385710144043e+07
1.993732104992866516e+07
1.993127095184707642e+07
3.327065752512741089e+07
1.994549954580307007e+07
3.319423650525093079e+07
2.653519505709075928e+07
2.651829835758972168e+07
3.309695771104431152e+07
2.645347925145339966e+07
3.305162326391220093e+07
5.291109153759574890e+07
3.310772746056365967e+07
2.649820054682350159e+07
2.651501517996406555e+07
3.318805722947311401e+07
3.988202533975791931e+07
2.659121156538772583e+07
4.664090466041183472e+07
1.997329389901924133e+07
3.331162523740768433e+07
2.665263368074035645e+07
3.332743957304954529e+07
4.009444129040527344e+07
nan
nan
2.670269333934211731e+07
2.664731261520004272e+07
3.997536720312881470e+07
2.659072323225212097e+07
3.322339760368347168e+07
3.316933983748054504e+07
2.651576305212020874e+07
1.990022967608261108e+07
3.315769870280647278e+07
3.316039527595710754e+07
3.322435111497306824e+07
