nan
1.990867557276535034e+07
1.331488117888259888e+07
2.672530098541259766e+07
4.016308396796607971e+07
4.020286125698089600e+07
2.684523031559371948e+07
2.689661596461486816e+07
2.023650351856231689e+07
3.378672900566864014e+07
6.764150781095504761e+06
nan
nan
nan
3.402434883517074585e+07
2.722295067602920532e+07
2.723668130752754211e+07
3.404777574487876892e+07
1.362311314164352417e+07
3.406554402757644653e+07
2.726411013295364380e+07
2.725665964073181152e+07
4.090030441535186768e+07
4.092343628363990784e+07
2.043954645459365845e+07
2.047483577757263184e+07
2.044883935737991333e+07
3.399148251924514771e+07
2.038685209978103638e+07
2.717237937408065796e+07
3.395864475375366211e+07
2.717910782543754578e+07
4.071839231101417542e+07
4.069624656691551208e+07
nan
nan
nan
nan
nan
nan
nan
2.018209398735809326e+07
nan
2.690718307618141174e+07
3.359180894067764282e+07
2.688682389621162415e+07
2.014282181691360474e+07
2.681011300259208679e+07
3.348660472017097473e+07
2.674521380431556702e+07
5.337512504987716675e+07
1.998253292256164551e+07
2.657518948892593384e+07
3.316917077784156799e+07
3.977044279383468628e+07
3.311493277248764038e+07
3.963030443258666992e+07
2.640520489345169067e+07
3.295811877012634277e+07
3.300538049725723267e+07
3.294425897587966919e+07
2.629043949987792969e+07
3.282061931196403503e+07
3.283175410212135315e+07
3.287485993835639954e+07
3.947068645003509521e+07
2.636623567359161377e+07
1.979567308275985718e+07
nan
1.982104851556396484e+07
3.964077716864395142e+07
3.964648982573127747e+07
nan
nan
nan
1.987008184222793579e+07
nan
nan
3.314346214712333679e+07
2.654627057517051697e+07
7.324519036439514160e+07
2.665523087006378174e+07
2.653593486044311523e+07
2.770362536430358887e+05
1.314918622779846191e+05
1.980783359128379822e+07
2.642495393784332275e+07
7.272349186432456970e+07
2.654887240760040283e+07
6.626407782907104492e+07
1.388189328895950317e+07
4.585336322527313232e+07
nan
nan
3.919831104617309570e+07
3.912529282844924927e+07
2.603134331494903564e+07
3.897727047531127930e+07
1.944973426535415649e+07
3.225302033174514771e+07
2.577625748397064209e+07
1.933318164163970947e+07
3.861987530300712585e+07
2.570638506126785278e+07
2.569000835842514038e+07
3.852025066189575195e+07
3.211333341732788086e+07
3.213374882469940186e+07
3.851168644438934326e+07
5.139774238791275024e+07
2.572630422303009033e+07
3.199106846132659912e+07
1.100142842864990234e+04
3.204603870391845703e+03
2.531724327494812012e+07
nan
nan
nan
nan
