4.339132733644938469e+07
1.836635649265289307e+06
8.101718234471753240e+06
6.357643516026020050e+06
3.227188616037273407e+07
3.154753809103012085e+07
2.316366822010803223e+07
3.984496649968147278e+07
3.706508458620071411e+07
3.942860603711891174e+07
4.115299049074745178e+07
4.119359918334579468e+07
2.981041551648044586e+07
3.544516986497688293e+07
3.698687751208877563e+07
4.272651578532600403e+07
9.366301697381210327e+07
5.871632215165519714e+07
6.254458715269470215e+07
4.107066689941406250e+07
3.474354328430557251e+07
4.232734114492034912e+07
4.018896424456596375e+07
4.518696475173950195e+07
1.257051672608184814e+07
3.464752393468666077e+07
4.872808807299041748e+07
5.544845342463493347e+07
4.570608064770507812e+07
4.258357558586502075e+07
4.236612874421882629e+07
3.471169365560913086e+07
2.915239369851684570e+07
3.569728517415404320e+07
2.157118052204895020e+07
2.172696216309509277e+08
4.649056424002838135e+07
2.482814159281158447e+07
4.601639590314865112e+07
3.021197513320446014e+07
3.593784341382884979e+07
7.377940695996093750e+07
3.964711809790229797e+07
3.186317618850326538e+07
3.976809714939212799e+07
2.933691183820962906e+07
3.980165187765550613e+07
1.574651987883043289e+07
3.944238830489635468e+07
4.217098529110717773e+07
3.408855762823796272e+07
2.664982872715604305e+07
3.546318655069756508e+07
3.158235871941184998e+07
3.263335417072296143e+07
7.525094964656829834e+07
5.194292806493377686e+07
3.711168820719528198e+07
4.058252915736675262e+07
3.930522632114219666e+07
3.952917907125997543e+07
3.536889087965410948e+07
3.429979329074382782e+07
3.380458341642379761e+07
5.315242993373107910e+07
3.501046689258193970e+07
3.819455482016754150e+07
4.388222133822631836e+07
3.568219341109275818e+07
3.032224105736923218e+07
3.484565497438049316e+07
3.158869161352729797e+07
3.377694670468330383e+07
4.009384377597522736e+07
4.276300807902908325e+07
3.832090862752723694e+07
3.738374582160568237e+07
3.910235073647880554e+07
3.693601978818607330e+07
3.208193742671012878e+07
3.929681409888172150e+07
3.727952026676654816e+07
3.673377906378650665e+07
3.454551621868801117e+07
