1.979080606715011597e+07
nan
nan
nan
nan
nan
nan
nan
1.243699039459228516e+03
4.965520744323730469e+02
3.327240331903266907e+07
nan
nan
nan
nan
2.746923083610916138e+07
nan
nan
nan
nan
nan
nan
2.870454669224929810e+07
2.875926688076591492e+07
2.878933155823898315e+07
5.036790186321449280e+07
4.320238340111541748e+07
4.320976888967132568e+07
5.757046629593276978e+07
2.157714136049652100e+07
1.437171143682861328e+07
3.570555102734375000e+07
3.584674829400634766e+07
2.870054209176254272e+07
nan
2.868609027477645874e+07
4.295914650395965576e+07
2.146076452997589111e+07
5.033141094161987305e+07
nan
nan
nan
2.181136131740188599e+07
1.453639639113044739e+07
2.922227265774536133e+07
4.409579405606842041e+07
nan
nan
nan
nan
6.635939454125595093e+07
5.153610729349517822e+07
5.143135382810211182e+07
5.128150327107429504e+07
2.098274341536254883e+08
7.995499779625701904e+07
5.070384007149505615e+07
5.778254240499114990e+07
5.056490993318557739e+07
9.396156885801887512e+07
5.783930128137207031e+07
2.889744433689117432e+07
2.890284038605499268e+07
4.328626724619102478e+07
5.045645620019340515e+07
nan
nan
nan
4.288059524045944214e+07
4.279540707920837402e+07
3.533669306066131592e+07
4.236619674308013916e+07
4.220795884774208069e+07
3.517814992843246460e+07
2.812743929234313965e+07
3.516766584792709351e+07
4.219621229053497314e+07
2.815399577064132690e+07
4.226368442554855347e+07
4.224210232246398926e+07
2.814705210682487488e+07
2.812372817465400696e+07
3.515283889049530029e+07
4.216147191390991211e+07
2.810184534575462341e+07
3.512555020976829529e+07
2.808394437046051025e+07
3.509839826243400574e+07
2.807521524899482727e+07
3.508400509206008911e+07
3.504329216060829163e+07
nan
4.194487857387542725e+07
nan
4.891057245301818848e+07
4.190226550054931641e+07
2.094342533402252197e+07
2.792900218750762939e+07
4.858909100013732910e+07
5.545924016169166565e+07
3.463041039934730530e+07
2.768854837964820862e+07
3.461574460630035400e+07
4.848743922671890259e+07
2.772855766310691833e+07
4.161147322722434998e+07
nan
5.552065747931098938e+07
nan
nan
nan
nan
nan
2.778925008685493469e+07
3.475135743813133240e+07
4.170963552419090271e+07
nan
nan
nan
nan
nan
nan
nan
nan
nan
