nan
nan
nan
nan
nan
4.065741825677871704e+07
3.667226421607208252e+07
nan
nan
nan
nan
4.329760199682617188e+07
4.056052717426490784e+07
3.738733092960643768e+07
3.920061289972686768e+07
nan
nan
3.235531079862403870e+07
4.357619912979888916e+07
4.077595267945861816e+07
nan
nan
nan
nan
nan
4.156305461383056641e+07
3.837348298579788208e+07
3.851828217969131470e+07
3.620122833093357086e+07
4.063076426583290100e+07
4.158006258073246479e+07
4.671086521485900879e+07
4.516108440754222870e+07
4.116776118508338928e+07
3.528430730773115158e+07
3.572621479067659378e+07
3.614582960274934769e+07
nan
nan
3.746801966294336319e+07
3.716020510717630386e+07
4.015528573422718048e+07
4.337902793043676019e+07
4.257164382532024384e+07
4.389093667662334442e+07
3.164056397924804688e+07
1.715184666063690186e+07
7.453312239494895935e+07
6.045829085489273071e+07
3.714283627431106567e+07
4.661182996668815613e+07
3.765654023543930054e+07
4.001561500309371948e+07
3.694859157642078400e+07
4.440565147047042847e+07
3.719997879632377625e+07
nan
3.397028752310538292e+07
3.376436098427963257e+07
nan
nan
nan
nan
2.896503457820129395e+07
3.348951467770385742e+07
3.267965996407318115e+07
2.987397794382762909e+07
3.383748672190499306e+07
3.391146195951282978e+07
2.873449717687225342e+07
4.155080348125457764e+07
4.015931548495483398e+07
nan
nan
4.588205530685615540e+07
2.876766577115058899e+07
3.763625442916381359e+07
3.619231401202201843e+07
3.417391723291015625e+07
3.415014161585235596e+07
3.351282023638916016e+07
3.006181776019668579e+07
3.298913678596687317e+07
2.820597706431388855e+07
2.915870304042053223e+07
3.095462055787849426e+07
3.123887236319160461e+07
3.490431599833250046e+07
3.653586285620689392e+07
3.708697445539283752e+07
3.997113016053199768e+07
3.868280741656303406e+07
3.370063731692123413e+07
2.569791620336151123e+07
2.912098934175014496e+07
3.468053060214233398e+07
3.648196926798057556e+07
3.455134211141014099e+07
2.765781316820144653e+07
2.476336950598907471e+07
4.888426115943527222e+07
4.055127175519180298e+07
3.521860913481521606e+07
3.744579743130493164e+07
3.425424979109287262e+07
3.301009730574417114e+07
3.859267974581909180e+07
3.103415034222984314e+07
3.164614911382770538e+07
6.644854105734252930e+07
4.568853170085430145e+07
2.943103930001831055e+07
4.089213977490758896e+07
nan
nan
nan
nan
