1.979555953144454956e+07
6.586969638893127441e+06
7.401935110092163086e+02
1.002832072257995605e+03
2.661726094953727722e+07
2.746830415975570679e+07
7.158676003086090088e+06
2.871078425244140625e+07
2.875932528032875061e+07
4.316813032122039795e+07
5.036647718442153931e+07
4.320283782633972168e+07
3.600670063056564331e+07
2.158871899452972412e+07
4.316845795195770264e+07
1.523012996673583984e+03
3.568996049168395996e+07
1.923745368957519531e+03
4.300049998823547363e+07
1.431624999951553345e+07
2.146227530801773071e+07
5.757662126188659668e+07
7.229177627439498901e+06
2.901330956283950806e+07
2.905627489335632324e+07
4.379621335227394104e+07
5.140538952720642090e+07
5.897515139556503296e+07
2.941583852436256409e+07
4.366796365719223022e+07
3.637706218818092346e+07
4.365848643724822998e+07
7.218870446891784668e+06
2.922562030565795898e+08
4.328139602660369873e+07
1.429855069336700439e+07
4.282146816823005676e+07
2.097675006295013428e+07
2.088916147697067261e+07
2.779507821091079712e+07
3.476220116393661499e+07
4.174405531404113770e+07
2.781569404053497314e+07
2.774214193965530396e+07
2.076667511254501343e+07
1.379839994301223755e+07
2.066983034181976318e+07
2.071311483710098267e+07
2.765165601983261108e+07
3.470654087965583801e+07
2.087601658803558350e+07
4.162830983896255493e+07
2.773974179149246216e+07
4.168000323845672607e+07
3.469807970379066467e+07
5.551131078338623047e+07
2.079009605033493042e+07
2.768969069731903076e+07
4.841096554771423340e+07
4.136410600998687744e+07
2.747322694162750244e+07
4.799997243043518066e+07
2.059786042391204834e+07
2.052076913293838501e+07
2.048802448671340942e+07
2.047198411317825317e+07
3.407752554456710815e+07
4.083171223799705505e+07
3.399535503697013855e+07
3.396681463817024231e+07
4.755590289519119263e+07
2.714707376615715027e+07
4.072629890890884399e+07
3.393377338124084473e+07
3.393237606577110291e+07
2.035433703480911255e+07
