3.338212156751632690e+07
3.042115290867233276e+07
3.094085791616725922e+07
3.092741483654785156e+07
3.127215664772033691e+07
3.567787556613969803e+07
3.148829317499351501e+07
3.952881788207626343e+07
3.487007626461410522e+07
3.131052515465736389e+07
3.073117760644340515e+07
3.376597028635025024e+07
3.138742494516563416e+07
3.163945537034797668e+07
3.138427397798538208e+07
3.422453261222648621e+07
3.006412854293251038e+07
3.312283642830657959e+07
3.311669069857025146e+07
3.302154721130371094e+07
3.269587069255638123e+07
3.282137319371604919e+07
3.138383878500938416e+07
3.312971977938461304e+07
3.345173972314453125e+07
3.232771997105789185e+07
3.703545536273574829e+07
3.856195299596786499e+07
3.672383260374069214e+07
3.661804701616668701e+07
3.459319716225051880e+07
3.640811434940719604e+07
3.771089415939331055e+07
4.039430631127548218e+07
4.286928500950241089e+07
3.914920423789215088e+07
3.332449763669872284e+07
3.289997068973541260e+07
3.701073502801704407e+07
3.551531929662895203e+07
3.739224419682502747e+07
3.812896184981918335e+07
4.126702188710021973e+07
4.514620202257728577e+07
6.344523860301971436e+07
6.264560614610290527e+07
5.937615347700881958e+07
6.457120100576400757e+07
4.039425132213211060e+07
4.039882591674041748e+07
3.947451186640548706e+07
3.384179622325325012e+07
3.422903603246116638e+07
3.395123733404588699e+07
3.748827788788318634e+07
3.866083269358444214e+07
3.712355205831336975e+07
3.733250810640525818e+07
3.490806607332944870e+07
3.836054053438520432e+07
3.794468993944525719e+07
3.575468553699254990e+07
3.614681757441639900e+07
4.180243478060817719e+07
3.317939697514820099e+07
3.722423084195995331e+07
3.458853179377698898e+07
3.845786731843757629e+07
3.675833392176008224e+07
3.814683237814044952e+07
3.590982457564020157e+07
3.511238204038357735e+07
3.555023502194595337e+07
3.749875081653213501e+07
3.530622433452248573e+07
3.918479651931631565e+07
3.394959203758132458e+07
3.364742922483062744e+07
3.540254648692989349e+07
4.289522625569534302e+07
3.278778540602970123e+07
3.878122863399779797e+07
4.013971694789123535e+07
3.643111966691398621e+07
3.447008828169631958e+07
3.539354288679814339e+07
3.462647632276964188e+07
3.602711248752498627e+07
3.208221580686855316e+07
3.528725578782939911e+07
3.561105841486835480e+07
3.481135675543212891e+07
3.882428064349937439e+07
4.222574079860496521e+07
3.917798497056198120e+07
3.467710427884912491e+07
3.253597200492858887e+07
3.862478075983428955e+07
3.873439883186721802e+07
3.189851316047096252e+07
4.382033044466590881e+07
3.452791063839721680e+07
4.067488147116565704e+07
3.825033790917968750e+07
4.373182876450252533e+07
3.572111683687496185e+07
3.071352964080619812e+07
3.248999365892672539e+07
2.580753185957717896e+07
2.949120076697158813e+07
3.913872372020816803e+07
3.328288552460861206e+07
3.393226026173019409e+07
3.557896633976387978e+07
3.296850490994834900e+07
3.278019772171878815e+07
3.299236418391561508e+07
3.389694377087533474e+07
3.512147841283035278e+07
