nan
3.686113296972274780e+07
2.656878398015594482e+07
3.091278125674057007e+07
3.889274764891433716e+07
2.986248786088180542e+07
3.168736541702938080e+07
2.965240470001220703e+07
2.939570112403869629e+07
3.725289033926010132e+07
1.428746803629875183e+07
nan
nan
nan
3.329274977014350891e+07
3.052584933525848389e+07
3.153307096150588989e+07
3.109427758151245117e+07
2.610494103236770630e+07
3.251692512523269653e+07
3.508579988323974609e+07
3.150124821738815308e+07
4.565769738350105286e+07
4.643629150998115540e+07
3.554698931651020050e+07
2.875914879425811768e+07
2.753068222294235229e+07
4.091386120825958252e+07
2.997848435605812073e+07
3.195783496403312683e+07
3.591107672380924225e+07
3.485333295156860352e+07
3.755464567184162140e+07
3.587074758249568939e+07
3.678719670672988892e+07
3.840756987299656868e+07
4.217147178276306391e+07
3.136915982034969330e+07
2.205488989985799789e+07
nan
2.807984799008607864e+07
3.349567430180549622e+07
3.297315355571317673e+07
3.551031575682449341e+07
3.417787350995635986e+07
3.054351459917545319e+07
2.845956989186859131e+07
3.264618676241111755e+07
3.527605062090873718e+07
3.363630406928062439e+07
3.541414492351818085e+07
3.163277030843734741e+07
2.979979434669113159e+07
3.161133494920158386e+07
3.401630841137504578e+07
3.434948961404418945e+07
3.936477924199295044e+07
3.340311013987541199e+07
3.587483169423675537e+07
3.611383491374015808e+07
3.471324170638465881e+07
2.795920503635597229e+07
3.148579472698593140e+07
3.463681007938575745e+07
3.769219404677343369e+07
3.691299646913814545e+07
3.594706287503051758e+07
4.160594515258407593e+07
nan
3.935160676440811157e+07
3.479342877708482742e+07
3.324590991838932037e+07
3.095389577435708046e+07
2.625289738373374939e+07
3.647990716578197479e+07
3.715658410042524338e+07
3.136194605230998993e+07
4.392309635687637329e+07
5.021231800057029724e+07
3.389466157662153244e+07
4.232561393022918701e+07
3.188656874316406250e+07
3.031411477793884277e+07
2.810613165817260742e+07
3.352704601080894470e+07
2.958262933002904058e+07
4.209487044865608215e+07
5.948562228348350525e+07
3.290365054425239563e+07
5.461971076821517944e+07
3.112535817602539062e+07
5.688278365666961670e+07
3.862692984230184555e+07
3.691300649326229095e+07
3.388555622714138031e+07
3.579940618973636627e+07
3.549368403759002686e+07
3.662155564507961273e+07
3.247979185464572906e+07
3.387159910384750366e+07
3.230260154334259033e+07
3.236250734193325043e+07
3.383033641688346863e+07
3.404808617951774597e+07
3.580726535576248169e+07
3.768847203232002258e+07
3.515610297794914246e+07
3.415879533777999878e+07
3.536000091750717163e+07
3.799451848984527588e+07
4.305159726623535156e+07
3.520429087562179565e+07
3.455499641582489014e+07
2.974327906494522095e+07
3.030816049302291870e+07
nan
nan
nan
nan
