nan
nan
nan
nan
nan
7.171593086296081543e+06
1.439008529883384705e+07
nan
nan
nan
nan
nan
4.369416050392532349e+07
2.903819037656211853e+07
3.606695074604797363e+07
3.598659834785842896e+07
nan
7.839089246808242798e+07
3.563572848408126831e+07
nan
6.423078402780532837e+07
4.273274829711914062e+07
2.844275258762359619e+07
5.649084655660247803e+07
nan
nan
nan
nan
nan
nan
4.111118418617057800e+07
3.421767388284683228e+07
2.047334813641929626e+07
nan
nan
5.454701496867370605e+07
2.703247055076217651e+07
3.380937818746185303e+07
4.046829610181808472e+07
2.689962701209259033e+07
4.029994602335739136e+07
2.696581452755928040e+07
nan
nan
2.690586328001213074e+07
4.012144780861282349e+07
1.991862383048057556e+07
3.962101100114822388e+07
3.938609146489715576e+07
1.960198620216369629e+07
3.907922549745178223e+07
2.591768776078796387e+07
3.233172349002075195e+07
2.576296897316741943e+07
3.853645331593322754e+07
2.555916153116989136e+07
nan
1.265412451408004761e+07
3.787513665222549438e+07
3.780139583729553223e+07
6.123459131504821777e+07
1.236252588255310059e+07
6.149320192977905273e+07
4.936049692860794067e+07
9.147996845245361328e+03
2.488301181698608398e+07
1.245208417431068420e+07
2.491965647682189941e+07
3.115505708587265015e+07
3.116296921188735962e+07
3.112141700479125977e+07
3.738405058011817932e+07
3.737103894098854065e+07
4.985259396333694458e+07
3.117628220223236084e+07
3.117929803824234009e+07
2.493809268133735657e+07
3.115523359112739563e+07
2.491845452808570862e+07
1.246039153415679932e+07
4.964623970994567871e+07
3.100186341927909851e+07
4.945245935576629639e+07
nan
nan
nan
2.432562244234275818e+07
2.427946000701522827e+07
2.430474583652305603e+07
2.424033227785110474e+07
2.412161250499534607e+07
nan
3.597835279172897339e+07
3.000751657840347290e+07
nan
3.577399156037521362e+07
3.626995199642944336e+07
2.944953837561035156e+07
3.511224783869171143e+07
2.903112932627487183e+07
1.724561942804718018e+07
nan
nan
nan
nan
