nan
nan
nan
nan
nan
1.497299031612014771e+07
3.252604572133827209e+07
nan
nan
nan
4.043024555766582489e+07
4.240154849146270752e+07
4.094039365903091431e+07
3.231349015706396103e+07
4.645800255743408203e+07
4.703065393020629883e+07
nan
5.902189974340820312e+07
3.661399890932464600e+07
4.252072111659526825e+07
4.706538303305339813e+07
3.978239899318480492e+07
3.401411483024418354e+07
3.549721378091239929e+07
nan
nan
nan
nan
nan
3.339537911086368561e+07
4.105032069348239899e+07
4.294003995590972900e+07
3.911306910831069946e+07
nan
nan
5.202801606048583984e+07
3.736158918823337555e+07
3.964756234537029266e+07
4.570698855235290527e+07
3.956380536042594910e+07
4.717070619150543213e+07
3.167432124068832397e+07
nan
nan
3.601731495068645477e+07
4.093352425648498535e+07
3.319318654560470581e+07
3.609079610037612915e+07
3.716319728521442413e+07
2.999010019092941284e+07
3.090937505756950378e+07
2.802624301297760010e+07
2.942313740704345703e+07
3.081355088391304016e+07
3.491374027245998383e+07
3.155837477372741699e+07
nan
2.730006648233032227e+07
3.536650307533836365e+07
3.637506082609415054e+07
1.770200765706405640e+08
2.608699196150207520e+07
5.119963645056915283e+07
5.391281950063705444e+07
3.773719055909156799e+07
3.080460208470153809e+07
2.403466269087409973e+07
3.047646107778739929e+07
3.214509720478820801e+07
3.282096937076759338e+07
3.826135025761985779e+07
3.827066063961696625e+07
3.964374659429359436e+07
3.779231363478851318e+07
3.576438685522079468e+07
3.740196365327787399e+07
2.747109701593875885e+07
3.675058428404521942e+07
3.419431271267986298e+07
2.247173001951026917e+07
4.050573099349403381e+07
3.319993778773117065e+07
3.964959560430335999e+07
nan
nan
nan
3.060177236436462402e+07
3.108447678467559814e+07
3.193238934364223480e+07
3.169781770030021667e+07
3.118066596298599243e+07
3.800152443699884415e+07
3.371525565342044830e+07
3.288125506801754236e+07
2.887216606979370117e+07
3.406721855514144897e+07
3.200693478706359863e+07
3.185656190039062500e+07
3.586764483422851562e+07
3.181631655911827087e+07
3.293397061484622955e+07
nan
nan
nan
nan
