2.181195722438812256e+07
nan
nan
nan
nan
nan
nan
1.602948239349365234e+06
8.097197696298047900e+06
6.345721531528234482e+06
3.256484126457881927e+07
nan
nan
nan
nan
3.174934303108024597e+07
nan
nan
nan
nan
nan
nan
3.995037049583148956e+07
3.700819150971889496e+07
3.678328405392074585e+07
4.112079243919944763e+07
4.122511326140594482e+07
3.475952930175399780e+07
3.522447392707061768e+07
3.937361988346862793e+07
5.515918680164718628e+07
9.080432750467300415e+07
6.217742529283905029e+07
6.839382800753784180e+07
4.157639877528381348e+07
3.808210091454315186e+07
6.355973315875625610e+07
3.628124672785139084e+07
7.645532638938331604e+07
nan
1.010164377128601074e+07
nan
3.441903790892219543e+07
3.357367712031097412e+08
5.342355776049804688e+07
4.451789215478515625e+07
nan
nan
nan
4.073266209280204773e+07
4.931673719259262085e+07
4.689847488622665405e+07
4.711300812282276154e+07
4.030928654270935059e+07
2.244883124413375854e+08
8.727564741938781738e+07
6.814630893846511841e+07
5.728560009379577637e+07
4.941349534332752228e+07
6.377368228763580322e+07
5.536473300380325317e+07
3.887442308353424072e+07
3.838120405809020996e+07
3.854937079870128632e+07
4.422254213188266754e+07
4.658992816449832916e+07
nan
nan
3.940622807628822327e+07
3.169748185807418823e+07
5.683718976779937744e+07
2.537317948031806946e+07
4.072621277577209473e+07
3.209890814919376373e+07
3.669579024352264404e+07
3.563565754412841797e+07
3.674483921111918986e+07
3.802487540190696716e+07
4.665670655420112610e+07
4.102023178929138184e+07
3.648911960811996460e+07
3.590798763266563416e+07
3.399865454844856262e+07
3.714998120630598068e+07
3.832718535032081604e+07
3.890362663084602356e+07
3.828012084119224548e+07
4.068723101541709900e+07
3.582560832119750977e+07
3.604071727937197685e+07
4.595193305337429047e+07
4.103643015253543854e+07
3.805045391015529633e+07
2.885833131470394135e+07
3.879226186331939697e+07
3.755720865096092224e+07
3.504693122613143921e+07
3.813507000556182861e+07
4.608888491509437561e+07
4.428786894874763489e+07
4.169467318943023682e+07
3.717823406696033478e+07
3.999322331166362762e+07
4.412910509935304523e+07
3.821118360054588318e+07
4.098879079033470154e+07
4.289158158914566040e+07
5.494232481292593479e+07
4.180173774058723450e+07
3.954853975308990479e+07
4.123840463501548767e+07
3.794192324518585205e+07
3.238607981066894531e+07
3.272398266667127609e+07
3.407406091074275970e+07
3.825827095175027847e+07
3.946396197211110592e+07
3.658218301515102386e+07
3.414569874788665771e+07
3.251999392254543304e+07
3.723709141718101501e+07
nan
nan
nan
nan
