nan
nan
nan
nan
nan
4.303618227608489990e+07
3.597817309338760376e+07
nan
nan
nan
nan
3.647071428910446167e+07
5.828055989739990234e+07
5.073932179099082947e+07
2.161882327759552002e+07
nan
nan
2.849726656983375549e+07
nan
3.570467721184539795e+07
nan
nan
nan
nan
nan
4.825802974919891357e+07
6.205434945775222778e+07
5.507140035525131226e+07
3.441427031938362122e+07
4.131897724238204956e+07
nan
nan
nan
nan
nan
nan
nan
nan
nan
nan
nan
nan
4.787736975317192078e+07
nan
4.777886561350250244e+07
1.360579495048332214e+07
2.035444627571105957e+04
8.131022704173660278e+07
6.101111517510223389e+07
2.717471127158927917e+07
3.417090270057678223e+07
4.094655976703262329e+07
2.727848134647178650e+07
4.088325783171081543e+07
4.765042998289489746e+07
3.395359895587158203e+07
nan
2.030077012237167358e+07
2.024778691374969482e+07
nan
nan
nan
nan
2.630344543922424316e+07
5.248542378088378906e+07
2.590464356407928467e+07
5.175949047209358215e+07
3.233186894894981384e+07
3.876234425289344788e+07
1.289117066654586792e+07
5.155615314293289185e+07
3.215490203269958496e+07
nan
nan
2.562727866521453857e+07
2.557926829981994629e+07
3.826342591005706787e+07
3.172514169325256348e+07
3.799732144466400146e+07
2.523170293000030518e+07
3.141756957247161865e+07
2.502525273782920837e+07
4.996974946909332275e+07
2.501985165085220337e+07
3.127942707369613647e+07
1.878733134945106506e+07
2.509850670853805542e+07
3.138971133376312256e+07
2.513055894172859192e+07
3.139720968638038635e+07
3.769490548774147034e+07
3.771137880270195007e+07
3.146296860429763794e+07
3.150713567383384705e+07
1.891363824952697754e+07
2.525405290768051147e+07
3.790810149611282349e+07
2.510812900456237793e+07
3.127644375527191162e+07
1.249875867103958130e+07
1.877452401907730103e+07
4.334568304954910278e+07
4.361497828575897217e+07
3.118464459375762939e+07
2.481851117675209045e+07
3.096519988850975037e+07
3.086302307020950317e+07
2.469908754570770264e+07
2.457503601122474670e+07
3.061592302850723267e+07
3.060560851073074341e+07
3.075945670535278320e+07
3.086689047101974487e+07
nan
nan
nan
nan
