9.448963225083487108e+06
nan
nan
nan
nan
nan
nan
9.428629349043462425e+06
nan
nan
9.399181693109065294e+06
nan
nan
nan
nan
9.441150869402525946e+06
nan
nan
nan
nan
nan
9.078640392020648345e+06
9.151112972902497277e+06
9.249070808260465041e+06
9.220320257233420387e+06
9.224099303611196578e+06
9.235024968757245690e+06
9.188452302363153547e+06
9.223900427750108764e+06
9.240074495740702376e+06
nan
9.159489913854464889e+06
nan
9.187094627902707085e+06
nan
nan
9.280600076953917742e+06
9.232041169326450676e+06
nan
9.256545565554147586e+06
9.222864847035346553e+06
nan
9.333145348749481142e+06
9.391506654835749418e+06
9.346850972840230912e+06
9.361580094450663775e+06
nan
nan
nan
9.599419840101869777e+06
9.683087119686091319e+06
nan
nan
9.816467187427649274e+06
9.799547673825539649e+06
9.769235090676477179e+06
nan
nan
nan
nan
nan
nan
9.915036529555253685e+06
9.679885462433509529e+06
9.712300335885493085e+06
9.797602474786974490e+06
9.689676381921535358e+06
nan
nan
nan
9.964873157933665439e+06
9.937078997839711607e+06
9.960485847053432837e+06
9.882818339012555778e+06
9.793613325751567259e+06
nan
9.711136226665133610e+06
nan
nan
nan
9.629605406289033592e+06
9.598483567661756650e+06
9.564996032611001283e+06
nan
9.590943279554640874e+06
9.529316231982851401e+06
9.513217750340096653e+06
9.556116007784450427e+06
9.507800327185479924e+06
9.521435783688668162e+06
9.526236641164708883e+06
9.556816378820737824e+06
9.536606841810217127e+06
9.574662565861860290e+06
9.601865874137170613e+06
nan
9.583485717023402452e+06
9.599434105447450653e+06
9.628993362855827436e+06
9.663991022365476936e+06
9.678821603878861293e+06
9.754855135589126498e+06
nan
nan
nan
nan
nan
9.824748773777456954e+06
9.947386481905188411e+06
9.916439028764108196e+06
9.937434513401439413e+06
nan
9.940512040420696139e+06
nan
9.956361839131161571e+06
9.981369971266856417e+06
1.001361003648586012e+07
1.010075814401855506e+07
1.004681735423871689e+07
1.001403982940921001e+07
1.007841536297191679e+07
1.006712982983927615e+07
nan
nan
nan
nan
