9.412085911547167227e+06
nan
nan
nan
nan
nan
nan
9.028207206444621086e+06
9.354141281658926979e+06
9.574263636759169400e+06
9.386458106678031385e+06
nan
nan
nan
nan
9.371558524603977799e+06
nan
nan
nan
nan
nan
9.140686713398344815e+06
9.104833762438617647e+06
9.193021746618306264e+06
9.264345274135142565e+06
9.206558348993569613e+06
9.228706611431173980e+06
9.241807830026412383e+06
9.201846900539554656e+06
9.181266509373234585e+06
9.154424373816750944e+06
9.182203544210948050e+06
9.186870542470112443e+06
9.186338544364713132e+06
9.187242736923238263e+06
9.171632738932872191e+06
9.202741940421270207e+06
9.255066342264454812e+06
nan
9.259863412052448839e+06
9.321146726279474795e+06
nan
9.335945817717727274e+06
9.350761250198757276e+06
9.337352275509353727e+06
9.353497941510960460e+06
nan
nan
nan
9.642188892318662256e+06
9.682489523386526853e+06
nan
nan
9.856054564330184832e+06
9.848730689775930718e+06
9.746500238676052541e+06
nan
nan
nan
nan
nan
nan
9.630955565228579566e+06
9.664366025017417967e+06
9.692111629547160119e+06
9.766679519192630425e+06
9.709077148128472269e+06
nan
nan
nan
9.917968301209734753e+06
9.968632671164236963e+06
9.958923552391381934e+06
9.861008033644944429e+06
9.759246880538994446e+06
9.739320004356192425e+06
9.726632914162291214e+06
9.675264337224509567e+06
9.530496931102268398e+06
9.682097632661331445e+06
9.601397118123007938e+06
9.541029755779253319e+06
9.559404878775628284e+06
nan
9.521787404868038371e+06
9.559051932240884751e+06
9.556208364526856691e+06
9.566887762700887397e+06
9.506873619088117033e+06
9.501962567197298631e+06
9.527372230878015980e+06
9.505667827853385359e+06
9.582902370052760467e+06
9.531346825193258002e+06
9.532586323570273817e+06
nan
9.549382926233610138e+06
9.619982547417517751e+06
9.595258422444861382e+06
9.683314325926581398e+06
9.689011382130729035e+06
9.745571966412335634e+06
nan
nan
nan
nan
nan
9.853388785454438999e+06
9.853415345248959959e+06
9.894973351009860635e+06
9.932905406891111284e+06
9.936915899738280103e+06
9.919940717572649941e+06
9.919127278760721907e+06
9.950791655672017485e+06
9.940306730565948412e+06
1.007216510861020908e+07
1.005921889153611287e+07
1.000149379340960644e+07
1.001187425755290873e+07
1.000367215388056822e+07
1.002837167905640416e+07
nan
nan
nan
nan
