nan
nan
nan
nan
nan
9.641340102364950872e+04
9.831813989638570638e+04
nan
nan
nan
6.738806724446627777e+04
2.215681992573038224e+04
2.272592798139869774e+04
3.199678118917092070e+04
5.685243578944270848e+04
3.140132053347047622e+04
nan
3.922770989092235686e+04
3.163084236073470674e+04
3.678863915550671663e+04
2.961284855473915377e+04
2.609691142863642017e+04
1.534774840375706117e+04
2.792052000161282558e+04
nan
nan
nan
nan
nan
6.243648387263987388e+04
2.890653068028914277e+04
7.267575310200927197e+04
9.632942201836529421e+04
nan
nan
7.937445001751446398e+04
5.626025836575934227e+04
3.263284223339346863e+04
4.125999576149017958e+04
5.725404751342154486e+04
4.417801080262364849e+04
3.212938895083012540e+04
nan
nan
5.987954538205925928e+04
3.592566162777118734e+04
7.510771776553305244e+03
4.043895453075237872e-02
4.675197770193910401e+03
1.921461387784287217e+04
4.364739136717654765e+04
4.118015430676568940e+04
4.485287415609681193e+04
3.382694823762703891e+04
2.027805646241764771e+04
2.357154449490398474e+04
6.247798699345334171e+04
6.247512217167352355e+04
2.342231548794278206e+04
2.240444540691984730e+04
4.933898216707834945e+04
1.061001298750527931e+05
9.296096308282304381e+04
6.828323207127582282e+04
2.645384391591429812e+04
1.523047696987416748e+04
1.088162553131358800e+04
9.396082812161987022e+03
1.343378597319422443e+04
2.544176308200235144e+04
2.638531060287122818e+04
1.969711498159242547e+04
2.379114930226909564e+04
2.684451127049381103e+04
2.065531720876397958e+04
1.408701307227430152e+04
2.244054866317323103e+04
1.797974758226676568e+04
1.501736646367250069e+04
2.179161773289228586e+04
4.273939945466423524e+04
2.511199906963179455e+04
2.324369003237843935e+04
nan
nan
nan
6.468206546316860477e+04
4.352313928548239346e+04
2.822680820127706102e+04
3.939304155803986214e+04
3.060709889165042841e+04
9.017753122378193439e+03
3.078017005279431396e+04
4.051544025644286739e+04
4.132531926175859553e+04
2.662798602522958390e+04
7.053993800781219761e+03
4.404160475771055644e+03
2.839736432001709181e+04
4.991299605890552630e+04
7.718241024016169831e+04
nan
nan
nan
nan
