nan
nan
nan
nan
1.059546386112922919e+05
4.825068091916081903e+04
8.269776743821316632e+04
nan
nan
nan
nan
6.431356914862085978e+04
6.049032922017787496e+04
2.881300734544797888e+04
5.728496707552786393e+04
nan
nan
4.442958082824399753e+04
4.924557039055703353e+04
6.173512042454468610e+04
nan
nan
nan
nan
nan
5.290447865770310455e+04
3.162541043832278592e+04
2.622475304837345902e+04
2.396006678800018926e+04
3.257455124065952259e+04
2.277770790964133539e+03
1.342435711962158166e+04
8.218404614639497595e+03
3.018701814331256173e+04
3.255431956406508107e+04
3.313007191630889429e+04
5.056558110703145212e+04
nan
6.294637663091215654e+04
5.265477353234796465e+04
5.015465838770850678e+04
4.243343439127870806e+04
5.162708592248822970e+04
5.707839527822928358e+04
6.157452868242006662e+04
6.609398805299622472e+04
7.064986967984402145e+04
5.992584125590176700e+04
5.429467790084850276e+04
5.388389918706173194e+04
2.062488637905323776e+04
9.466835841557654931e+03
1.953982159613981639e+04
3.714610507766822411e+04
4.266896500237409055e+04
5.666011390418740484e+04
6.940669876576609386e+04
5.252826624813993840e+04
4.603238720824568009e+04
6.857807370643125614e+04
nan
nan
nan
5.881564794395387435e+04
5.213476850751136226e+04
6.127456284119412885e+04
2.849108239713274452e+04
1.337721102081676690e+04
1.126231453859496105e+04
7.664407553352744799e+03
1.603909945492579027e+04
3.746324512379579392e+04
nan
nan
3.236059214841088033e+04
1.556475964704404760e+04
1.853439551969278546e+04
2.790389330004220028e+04
2.378153051912534283e+04
1.221385763150179991e+04
1.612329595839986177e+04
3.166465193912464383e+04
2.375855191023356383e+04
5.178869007352986955e+03
5.865726190706553098e+03
1.928411120944421054e+04
2.859324200086275960e+04
1.960965338344787233e+04
1.743144369298384845e+04
6.982153659620731560e+03
1.735266891040711926e+03
1.303393146567610893e+04
2.604161353495076764e+04
3.582617287723958725e+04
3.499342096268989553e+04
4.317802058267793473e+04
4.306788201381187537e+04
2.621859721631919456e+04
3.351930584437104699e+04
2.942426393944135634e+04
2.890177076993975061e+04
4.973280033012967760e+04
3.789168094701260998e+04
2.230695669277278284e+04
4.834142936297585948e+03
1.380971176968330110e+04
1.915465630168200278e+03
4.860456931291336332e+03
1.262208914188621929e+04
2.588086782603763277e+04
2.496354707609424804e+04
7.879772094195476711e+03
2.469363611417882566e+04
nan
nan
nan
nan
