nan
6.185041347604551265e+04
5.705694109641793330e+04
3.432893570644625288e+04
2.745334712248649885e+04
4.517311743717303762e+04
3.065467210618677564e+04
2.791929276622960970e+04
2.380818415363331223e+04
3.534815788849417004e+04
6.225051337526446878e+04
nan
5.546822938231181615e+04
nan
3.794189271172614099e+04
2.865600333980777214e+04
1.966814898060901396e+04
4.506934642033348609e+03
8.392957257617061259e+03
1.288196845552765808e+04
1.541734436800523872e+04
1.258591751487062174e+04
4.698382763852005155e+03
7.234685749402166039e+03
1.110330471342861711e+04
2.768517399904382546e+04
3.575315306965445052e+04
1.073703361443624090e+04
2.222055449778243928e+04
2.542947287488927395e+04
2.955374967878664756e+04
1.489860178112959693e+04
1.175694529760256773e+04
2.123673791685671677e+04
2.074952907783076080e+04
2.784837458915930983e+04
9.443733096614554597e+03
1.655447046426166344e+04
2.829943119080110773e+04
nan
3.495048234100179252e+04
2.278502763573307675e+04
2.569488003096069588e+04
2.614433850441143295e+04
1.726157837594505691e+04
1.512845440217323994e+04
1.299346601111516793e+04
1.269594250162812205e+04
1.673952403310599402e+04
5.455046964020665655e+03
4.999935478996348138e+03
1.388302017587057162e+04
1.671707738249318572e+04
2.227524002060119892e+04
3.789010531373350386e+04
4.155612150964539615e+04
3.380937385856921173e+04
3.389677771589474287e+04
3.108514690628078824e+04
3.729032211750513670e+04
3.451179387330345344e+04
2.104940948691341328e+04
1.939680292615441431e+04
3.555392679078841320e+04
4.004307520811673021e+04
2.676013120677106053e+04
2.200675341821131951e+04
2.927497290961262115e+04
3.412864022732769081e+04
2.878884310814805212e+04
1.974488075666395889e+04
1.469894118224444537e+04
2.622876222260333816e+04
4.913371682019693253e+04
6.029460341096845514e+04
5.165892918253139214e+04
3.931441019095872616e+04
3.715407786510246660e+04
3.660075178889680683e+04
2.891641168692248539e+04
1.025545358826361917e+04
2.378294478061976770e+04
7.919151565924490569e+03
2.766106589502313000e+04
1.898908361677630819e+04
3.688250160654533829e+04
3.611817816380567092e+04
1.433806712202822200e+04
4.251468243577423709e+04
3.798875302606789046e+04
4.805897427138702187e+04
4.445631320701679215e+04
6.387004477585133282e+04
5.841698661494760745e+04
4.898032564009055204e+04
4.159140786232120445e+04
2.486331079329119530e+04
2.699562534224037881e+04
3.231019766166296904e+04
3.524176414628381463e+04
4.753225834936128376e+04
3.612547428699674492e+04
1.656259554908455175e+04
1.409210199080307393e+04
1.900475462217004679e+04
2.341851387290133061e+04
2.282793255277437493e+04
3.197553806583464029e+04
1.706238914367945472e+04
2.364502434593413636e+04
4.863490541056705115e+04
1.960432981092231785e+04
1.768183607145031419e+04
4.805946637580261267e+03
8.827354990558587815e+03
nan
nan
nan
nan
