nan
nan
nan
nan
9.482352432180316828e+04
4.734307049861940322e+04
8.086492101591685787e+04
nan
nan
nan
nan
6.806699606469243008e+04
6.301322542812129541e+04
2.941390210411096268e+04
5.291099163802349358e+04
nan
nan
4.370546119078355696e+04
5.291344141240581666e+04
5.870848485132184578e+04
nan
nan
nan
nan
nan
5.226889983508230944e+04
3.269406426097776057e+04
2.659158943720766183e+04
2.353140641606181453e+04
3.344592938571373816e+04
6.936853340106628821e+03
6.070056125384200641e+03
1.122739165119228164e+04
2.127393338063128977e+04
3.771808037715838145e+04
4.439630554560317250e+04
3.771793193677253294e+04
nan
6.754133809128665598e+04
5.704360401079783333e+04
4.101983078063505673e+04
3.969906171433142299e+04
5.101166446997678577e+04
5.553130273838514404e+04
6.266479145046948543e+04
6.510659224067096511e+04
6.476785759374726331e+04
5.426865866888960591e+04
5.024854641322878888e+04
5.227860994941892568e+04
2.350593162327063328e+04
8.708972821576911883e+03
2.045060941621815800e+04
3.900808455369957665e+04
4.418662938073938130e+04
5.632285232101345900e+04
6.821504599556305038e+04
5.106205909054055519e+04
4.520922037138211454e+04
5.793336014222131780e+04
nan
nan
nan
5.195079335435785470e+04
5.538555681858515891e+04
6.423085281174522243e+04
3.152632769536281921e+04
1.764794376234833180e+04
9.360590245785009756e+03
9.990125388680226024e+03
1.382242300011179577e+04
3.202057209529763713e+04
nan
nan
3.023508277722692947e+04
1.390267376179902567e+04
2.089325287050341649e+04
3.513606158257511561e+04
2.699964787009117208e+04
1.478634348025716645e+04
1.925045833017106270e+04
3.256029048095100370e+04
2.658812284523672497e+04
6.938276030168227408e+03
4.406349054499873091e+03
1.778460886371428205e+04
2.656245846303985672e+04
1.808499317333671934e+04
1.594045905670935463e+04
6.051235465362262403e+03
1.622822452731340491e+03
1.267546231482320763e+04
2.589006962423910227e+04
3.290198305597100261e+04
3.383305582480056910e+04
4.129917845049779135e+04
4.081463676999149902e+04
2.698732570822834168e+04
3.550825397933090426e+04
3.045628696062673043e+04
2.345772112602999186e+04
4.550152289850275702e+04
3.479132303342569503e+04
1.823755815883617834e+04
3.728718179050102663e+03
1.836828133886778596e+04
8.508483056168648545e+03
6.866473755531113966e+03
1.441601623240281151e+04
2.718112601729792732e+04
2.701869324248881094e+04
4.661470093566733340e+03
2.314842893533169263e+04
nan
nan
nan
nan
