5.291225023279694142e+04
nan
nan
nan
nan
nan
nan
6.690336849744026040e+03
3.129695758913449754e+04
4.256455665749721811e+04
6.677114092098070250e+04
nan
nan
nan
nan
6.439228152389505703e+04
nan
nan
nan
nan
nan
5.322861121309443115e+04
2.300847475630315603e+04
2.572415600727675701e+04
3.003185996886010980e+04
2.578482676954874842e+04
1.985477080067344650e+04
2.123208064168801502e+04
2.649369942229594380e+04
3.236534532309664428e+04
7.000113738630956504e+04
6.900431568115559639e+04
6.830206583025847794e+04
7.014928553571301745e+04
7.490090995242500503e+04
7.380353501948204939e+04
8.519154157402190322e+04
6.317123671706454479e+04
nan
8.118217481039724953e+04
6.490455718256966065e+04
nan
1.611884055753766734e+04
2.094193033013588138e+04
4.045948510221581819e+04
2.952361912666560966e+04
nan
nan
6.765718498422484845e+04
3.660982756151285139e+04
5.816776503869044245e+04
nan
nan
3.434377820238178538e+04
5.902683577364367011e+03
5.099974732986802701e+04
nan
nan
nan
nan
nan
nan
4.877363138149592851e+04
2.244952239212856875e+04
4.597445802013286448e+04
5.949667489365597430e+04
4.901295309055853431e+04
nan
nan
nan
4.765250377162980294e+04
2.278142341244771160e+04
3.093362151487515439e+04
5.689087317042634095e+04
4.155669887839833245e+04
2.456746200770958603e+04
2.478706581169031051e+04
3.169347901735047708e+04
2.482947544087686765e+04
1.262670387411847696e+04
3.984965784188694670e+04
7.359542462583119050e+04
8.765509308141605288e+04
9.008181068546265305e+04
8.080139235286985058e+04
6.286321496131905587e+04
3.823446929853002803e+04
2.324123408312224274e+04
2.192530802503637824e+04
6.767981128925367557e+03
1.264786772041118820e+04
1.265241594871150483e+04
9.738950124877628696e+03
3.162092095142297694e+04
4.872829506863063580e+04
nan
4.345888562597524287e+04
2.977100503222518455e+03
1.737556636636001713e+04
1.704270441749286329e+04
2.520321373646986467e+04
4.324640970468141313e+04
nan
nan
nan
nan
nan
4.299740890470987506e+04
4.489273775660252431e+04
4.651652850919263437e+04
5.375583874918818037e+04
4.374775983566342620e+04
3.983055686232131848e+04
2.332775828024869770e+04
2.476007638335671800e+04
1.346545455725825377e+04
1.512064002391786562e+04
1.039433745229756278e+04
2.178959997922706316e+04
3.669290987598108768e+04
4.007826473457392422e+04
3.528904059311889432e+04
nan
nan
nan
nan
