nan
6.296213238156966690e+04
5.369008202870703826e+04
3.402073573678336106e+04
2.783004369437023342e+04
4.529530381057436898e+04
3.158121583844874476e+04
2.839708745876633475e+04
2.197079785914729655e+04
3.181613569979159001e+04
5.382143162670353922e+04
nan
5.241921617409831379e+04
nan
3.732418452654904104e+04
2.728503209293154214e+04
1.934547213582999757e+04
3.801014412548430300e+03
7.294497858462608747e+03
1.208152307958313213e+04
1.420462515309498121e+04
1.138260444215502866e+04
4.755408043873962015e+03
8.774590831590367088e+03
9.463875809274259154e+03
2.599049256524097291e+04
3.625672457631166617e+04
1.077678921513477144e+04
2.156691207702925749e+04
2.544693259977361595e+04
2.932260785772211966e+04
1.417224546408052811e+04
1.450974624605865574e+04
2.368833736844688610e+04
1.991759118813971145e+04
3.083872335574655881e+04
1.193953201741477278e+04
1.526203384060598000e+04
2.672463348420797411e+04
nan
4.023603545507493982e+04
2.387944142207742334e+04
2.809637188011670878e+04
2.703331810645850419e+04
1.910169336722302614e+04
1.480430088489515947e+04
1.176636192938895692e+04
1.149032396745684855e+04
1.439541471438628832e+04
5.298279395674117950e+03
4.663604826276266976e+03
1.435280934711029477e+04
1.831611785111905556e+04
2.398985070818945678e+04
3.887366151101296418e+04
4.182440640699632786e+04
3.412244042623660789e+04
3.374681855969308526e+04
3.064461876494196986e+04
3.889078865732355916e+04
3.577372425097830273e+04
2.234502918940870950e+04
1.862816316334201838e+04
3.273250673092141369e+04
3.619068893274477887e+04
2.123960510740334939e+04
1.988374097719762358e+04
2.495059675226655963e+04
3.684953184820237948e+04
2.447099443257566600e+04
1.581408569648640514e+04
1.380791418486577277e+04
2.517271059701251579e+04
5.441587234590583103e+04
5.703686846686953504e+04
5.444615173949517339e+04
4.665405928528071672e+04
3.883361203346359252e+04
3.196421283970805598e+04
2.824153838663045462e+04
7.122895662843687205e+03
2.715539694860680902e+04
1.107968468762174780e+04
2.565537542961878353e+04
1.744468947391012625e+04
3.765814856105557556e+04
3.503692198512110190e+04
1.491768252811555976e+04
4.481283017306162219e+04
3.977946681913038628e+04
3.415858014739541250e+04
4.591689411758969800e+04
6.227540379935957753e+04
6.217815330022267881e+04
5.101648328451329144e+04
4.434146228912893275e+04
2.623602855088046636e+04
2.813577962219956680e+04
3.244882502297161045e+04
3.429858027179932833e+04
4.475415642236608255e+04
3.177787979491884107e+04
1.211340939203973358e+04
1.222494902955224097e+04
2.228208397730614888e+04
2.604969225623258535e+04
2.609845300178554317e+04
3.466500948579969554e+04
2.150116294830566039e+04
3.028604798390205906e+04
5.153409113182974397e+04
2.353039474153578340e+04
2.133420635824420970e+04
5.549513104334728268e+03
4.111851532465168020e+03
nan
nan
nan
nan
