3.876492765255024278e+04
nan
nan
nan
nan
nan
nan
6.495212057124605963e+03
3.553684493338533503e+04
4.198600324488437036e+04
6.734561266120184155e+04
nan
nan
nan
nan
6.652653960191535589e+04
nan
nan
nan
nan
nan
4.359652719250885275e+04
2.294608786873269855e+04
2.695947955130230548e+04
2.852133902634759943e+04
2.486167528868724912e+04
1.931243513414288100e+04
2.064815029496862553e+04
2.863737420513715188e+04
3.134854410829237167e+04
6.520096892519702669e+04
6.881121039594039030e+04
6.383261078226348764e+04
6.463555741580748872e+04
7.582043687306120410e+04
7.283533942895424843e+04
6.906631699781033967e+04
6.268995706336930016e+04
4.140265878218840226e+04
nan
7.535480376335261099e+04
nan
3.895998767409017455e+04
3.423220176631923096e+04
2.115899513733899221e+04
3.212901861105608987e+04
nan
nan
nan
8.893764874197778408e+04
5.694263792190555250e+04
4.056910332709224895e+04
1.539826578369016897e+04
1.606834312665111975e+04
4.006572202442251000e+04
5.818355715582986159e+04
7.139549475096048263e+04
4.861966944332308049e+04
2.464542761282224455e+04
1.231089592429827462e+04
6.697198130384907017e+03
1.553478022905910257e+04
1.136372777613460858e+04
2.776210665826400145e+03
1.235979702888698921e+04
3.804692509910410445e+04
nan
nan
5.831911331082262768e+04
3.196943037342283424e+04
2.709787678332271753e+04
3.255250056436088562e+04
3.002213819276979120e+04
3.095984888092970868e+04
2.646063168434455292e+04
2.318677928093997616e+04
1.615929633131721675e+04
1.754716270822929437e+04
2.155966533981412795e+04
9.386214289427987751e+03
1.315856912131779427e+04
2.123122161646613313e+04
2.228913322807905570e+04
2.835304111018228286e+04
3.389264509646388615e+04
2.315516911601862739e+04
2.002684818920992984e+04
1.324510177648337230e+04
6.614773267704080354e+03
5.669894547165279619e+03
3.385350638793771850e+03
4.165482453035976505e+03
6.770950714354582487e+03
1.315681526535827288e+04
2.674448151532026168e+04
2.912032960845402704e+04
2.500705010412097909e+04
1.712519511565780340e+04
1.244791827740979352e+04
1.455162238285166677e+04
6.904546869305777363e+03
5.684734409301220694e+03
1.187931390565093170e+04
1.217368282490991442e+04
1.717880468544753967e+04
1.954786490598459204e+04
1.388176434454528589e+03
3.479443524937786606e+03
1.110564129561098162e+04
1.388193580724553158e+03
1.249343767082604427e+04
1.583987430618634789e+04
2.776319255814760254e+03
7.738615572714323207e+03
1.514248221162893424e+04
2.333923077128907244e+04
2.246785930584443850e+04
2.397351362199203140e+04
1.319016503539487167e+04
6.940293815139122671e+03
2.260971781969991935e+04
nan
nan
nan
nan
