nan
nan
nan
nan
nan
1.005362911191362364e+05
1.002235649596835428e+05
nan
nan
nan
6.918628648325677204e+04
2.054220946166420254e+04
2.248126372724651810e+04
3.132228378422780224e+04
5.476177830548896600e+04
2.701042230191353156e+04
nan
3.418345288380436250e+04
3.139427744240451284e+04
3.067694953364704998e+04
2.593184922904324412e+04
2.351142528608820066e+04
1.287686296627758384e+04
2.714244223287273417e+04
nan
nan
nan
nan
nan
7.221937481574174308e+04
2.806115643586275110e+04
7.210106813536217669e+04
9.849820148544412223e+04
nan
nan
8.176007375799483270e+04
5.653363744589162525e+04
3.321668310337528237e+04
4.741000042087615293e+04
6.119517445737719390e+04
4.680508560716302600e+04
2.903270415840714850e+04
nan
nan
5.929365010234818328e+04
3.480583007478842046e+04
7.883743770043938639e+03
1.172157617056328490e+03
5.284659837182197407e+03
1.831830684235569788e+04
4.314608953034875594e+04
4.102071905605309439e+04
4.427658086826653744e+04
3.271734290208754828e+04
1.768504677948504468e+04
2.633855311961850384e+04
6.924362677274642920e+04
6.748148308046330931e+04
2.772820448041767668e+04
2.244599270839446399e+04
4.719780059514330060e+04
1.083461094852861715e+05
8.891194715590000851e+04
6.633424745896024979e+04
2.504374648875627463e+04
1.484220964043112326e+04
1.000761515956728363e+04
1.014550086890371676e+04
1.471960439025462438e+04
2.636210940814742571e+04
2.762216242606818560e+04
2.044498273075333782e+04
2.494433542945154113e+04
2.722009951829272177e+04
2.123239805311195960e+04
1.492009369331647940e+04
2.291049711156671037e+04
1.843917245047732285e+04
1.662970162545011044e+04
2.310174625117799224e+04
4.095540037683099945e+04
2.431408440564536068e+04
2.475235236914969937e+04
nan
nan
nan
6.269409598231430573e+04
4.238883793152146245e+04
2.977826646650227849e+04
4.117470649905531900e+04
3.403796746990457905e+04
8.612540937927089544e+03
2.501851098285062471e+04
3.592643368611206097e+04
4.049146112985131913e+04
2.631447115291576483e+04
4.636504273342396118e+03
3.849528339584762762e+03
2.733520610388905698e+04
5.258699555129789951e+04
8.201108948297244206e+04
nan
nan
nan
nan
