3.883179589993895206e+04
nan
nan
nan
nan
nan
nan
1.769405792927656512e+04
3.553658157246367773e+04
4.198592561846049648e+04
6.835781200951736537e+04
nan
nan
nan
nan
6.652677127338531136e+04
nan
nan
nan
nan
nan
4.458299354588900314e+04
2.294818798425078057e+04
2.696283803044422530e+04
2.845374632816220765e+04
2.486259289026318947e+04
1.931312429275405520e+04
2.000750301513518934e+04
2.872226748495188440e+04
3.124889322920285849e+04
6.926790437699324684e+04
6.881204711372370366e+04
6.866173714614592609e+04
6.988859495551245345e+04
7.582132683403071132e+04
7.583118198626072262e+04
7.516535783534262737e+04
6.192255048681751214e+04
nan
7.954965153063826438e+04
5.908205917099348153e+04
nan
1.666501362120772683e+04
2.343717903313311399e+04
3.865971351942392357e+04
3.055062467610555905e+04
nan
nan
4.659393413921399042e+04
3.607081067120484659e+04
5.582535282678945805e+04
nan
nan
3.739474851995181234e+04
3.238732058424841398e+03
4.665926648301233945e+04
nan
nan
nan
nan
nan
nan
4.278730202019279386e+04
1.142007305187810380e+04
5.013900399007731176e+04
5.806462854271274409e+04
5.092219478305512894e+04
nan
nan
nan
4.570580767621998530e+04
2.030986366176299998e+04
2.319927459971158532e+04
5.391609867965371814e+04
3.755580913170222630e+04
2.537589455605341936e+04
1.866211839829128439e+04
2.774112101172280381e+04
3.051394220797552043e+04
1.070511313555984816e+04
3.723188693194644293e+04
6.674730058205338719e+04
8.472529036180276307e+04
8.556890417860480375e+04
8.070306721052693320e+04
6.065807501666995813e+04
3.324797419174190873e+04
2.816645434685817963e+04
2.315984998161943076e+04
4.783071133125097731e+03
1.169292756771373388e+04
1.328044976560056239e+04
8.826859175802532263e+03
3.454821781607628509e+04
4.838963775771627115e+04
nan
4.409382380183791975e+04
5.416924996877952253e+03
9.491592667312081176e+03
1.618972775154560441e+04
2.828133188436545606e+04
4.217690817300441267e+04
nan
nan
nan
nan
nan
4.336758850054529466e+04
4.419458730125690636e+04
4.673340210685166676e+04
5.272519710657172254e+04
4.199284814415106666e+04
3.820203585672417830e+04
2.246294086568487182e+04
2.457720471999593065e+04
1.153211290089939394e+04
1.328704877175769070e+04
9.868514857298861898e+03
1.954817363355430643e+04
3.467766843108608009e+04
3.740775703830867860e+04
3.396664319587792852e+04
nan
nan
nan
nan
