8.774662310224569228e+04
1.241743601402932400e+05
4.669921445642243634e+04
4.826456191250874690e+04
5.653420631246714765e+04
3.674143145061411633e+04
5.211191656784203951e+04
3.900601638839380030e+04
5.996494197755550704e+04
8.187655611359766044e+04
8.179472944891973748e+04
8.843752479238483647e+04
7.417812644635656034e+04
8.467740785885661899e+04
7.711995024249193375e+04
9.180553750139167823e+04
6.440529481157429836e+04
5.662884394673283532e+04
5.704640818357114767e+04
7.526409828346259019e+04
5.536643962617164652e+04
8.087487174728917307e+04
6.065771768767182948e+04
5.889368955139310128e+04
6.038385668658681243e+04
5.654920748740346608e+04
5.113227255549620895e+04
7.674462484022887656e+04
5.372063591115830786e+04
7.781307549375969393e+04
4.928661700563009072e+04
3.062152559174123962e+04
3.073193920193511440e+04
2.814525442930170175e+04
2.850212119761641952e+04
2.843545015913007228e+04
2.935722355987814444e+04
2.989506149933113920e+04
2.650701130716997795e+04
2.988692711562124168e+04
5.580192145076518500e+04
6.236283604383339116e+04
6.466505198654727428e+04
5.307386468048422830e+04
5.139105598700773407e+04
4.676896773179317097e+04
4.441604516228009015e+04
4.473894526676341775e+04
4.794583200035277696e+04
4.260229919858544599e+04
4.115218608094938827e+04
4.298311894832544203e+04
5.317455988131609774e+04
4.257434834811429027e+04
6.075505680919629231e+04
4.709515444350396865e+04
5.980833063615004357e+04
6.858862900214186811e+04
5.838092425055507920e+04
6.469500568291926902e+04
6.572269457017167588e+04
6.198086858707610372e+04
5.372965643869868654e+04
5.363155872378248023e+04
5.577798133301283815e+04
4.857193927652236016e+04
6.093436748103027639e+04
5.348260174012143398e+04
5.690651667612842721e+04
4.211794038654271571e+04
3.271757081546827976e+04
3.209258584552874527e+04
3.042415153556977020e+04
3.383041850355004863e+04
3.163635852874346892e+04
3.476316335001214611e+04
2.996765155627935019e+04
2.747314310122472671e+04
2.664291896796726360e+04
2.451618707507870931e+04
2.815292297942002915e+04
2.626941488268489047e+04
2.527624938414634016e+04
2.718894185683920659e+04
3.175292291986316195e+04
2.456543716780274190e+04
2.033002379880197259e+04
2.871049805757795912e+04
1.812041020192081123e+04
2.300846800372605139e+04
2.266694857527749627e+04
3.437890333187028591e+04
3.320273219927151513e+04
2.828870078036977065e+04
3.707721918733164784e+04
2.494009725219025495e+04
3.124097955293828272e+04
3.168930192330744103e+04
4.252301951611075492e+04
5.875879242252927725e+03
5.466948526263297026e+03
1.087262093545771495e+04
3.468441906559787640e+03
6.432398736028453641e+03
8.026660119708654747e+03
1.676199565768760658e+04
1.352002758366352464e+04
7.060547509250359326e+03
1.931759148590106270e+04
4.447210736792966600e+03
1.026424987546772900e+04
1.204229240625758030e+04
2.848879375870376680e+04
8.924468964211062485e+03
8.100856749813165152e+03
1.407636642880004911e+04
1.063601396898453640e+04
1.441279276538697559e+04
1.060522360032825054e+04
6.829842176433374334e+03
1.948114432709661196e+04
2.656241960626175205e+04
3.008386250006989576e+04
4.064662270477431593e+04
2.465558390743459313e+04
4.120301131524836819e+04
3.585589455495013681e+04
2.983318435264256550e+04
1.278810608217493427e+04
3.949054747808159300e+04
2.552365010327671916e+04
4.075896974827800295e+04
3.838688946375472733e+04
3.165573940212783054e+04
1.957684064156658133e+04
2.835538372139128842e+04
4.256157946656955755e+04
4.243780462492233346e+04
3.153288362960371524e+04
2.094607302430888012e+04
4.647596722047784715e+04
5.031530153768073797e+04
6.336421321345672914e+04
4.585577881349519157e+04
6.057720586581256794e+04
5.844041878687955614e+04
4.749966430961054721e+04
3.224555028503100039e+04
6.778203968272166094e+04
5.819962523954467906e+04
4.802953172213720245e+04
6.043021507774578640e+04
5.889195161199902213e+04
5.278378749729528499e+04
4.330169919962585845e+04
4.519362187275120232e+04
5.780056578335032100e+04
5.480606829454269609e+04
5.183431537750863208e+04
4.136988038745096856e+04
4.657982883929811214e+04
3.498121915145352978e+04
5.031699613101944851e+04
4.449655020711265388e+04
4.605047933215757803e+04
3.235036930288191434e+04
4.762662156160750601e+04
4.413066346465513925e+04
5.304112253756733116e+04
5.446038388524766924e+04
5.127187173593546322e+04
6.336694077971612569e+04
5.387900560190399119e+04
5.609793669203605532e+04
4.107077196382550028e+04
5.740629602480735048e+04
6.021184856674673210e+04
5.234479658400080370e+04
6.473517526973477652e+04
5.751382972258361406e+04
6.060040776955919864e+04
4.696225460103774822e+04
5.914126895690550737e+04
5.751684216620238294e+04
6.215002770336592221e+04
6.291793172214195511e+04
6.113222323275744566e+04
6.883338620568029000e+04
6.232318801253648417e+04
6.426935221369484498e+04
5.621503329251726245e+04
6.453654575120024674e+04
7.099699853029163205e+04
6.199485439182286791e+04
6.838965967507690948e+04
7.769997916207092931e+04
6.115773440466840111e+04
7.569748641277059505e+04
6.141707653624457453e+04
6.078119719127825374e+04
6.484012987445263570e+04
6.635456882462638896e+04
5.216241804259961646e+04
6.614563037705192983e+04
5.112174043772375444e+04
6.623180454114060558e+04
5.592765454643943667e+04
5.519228067598426424e+04
5.732719640970265027e+04
5.956512106116285577e+04
4.660348884189629462e+04
5.881858801265424700e+04
4.710715282348347682e+04
5.953130240953541215e+04
5.703872141327011195e+04
5.333621813000842667e+04
5.469125248504991760e+04
5.760061962742901960e+04
5.064003927367284632e+04
5.032873567185665888e+04
2.108955360820694477e+04
1.499039844490170071e+04
2.547552514439490187e+04
1.347731083407366714e+04
1.794133465396973770e+04
2.049888014839570678e+04
3.418981330716545199e+04
1.210440314077815492e+04
9.781413446648881290e+03
7.852703258340732646e+03
1.257532833076892712e+04
5.606429256625079688e+03
7.368109742620679754e+03
1.186936136336388518e+04
2.134424709977475140e+04
1.209507584594606851e+04
1.968749999324762757e+04
1.877167496280126579e+04
9.969870842233862277e+03
2.985735160649360114e+04
2.700970950935105066e+04
3.870078564028194523e+04
3.769850092816640245e+04
3.022691450093618914e+04
3.518766542098054197e+04
3.933705966339774022e+04
3.103653049824921254e+04
4.607909876393277227e+04
4.008884380262542982e+04
3.986807855339357047e+04
4.079135923444341461e+04
4.338167548177466233e+04
4.233916998610083829e+04
4.310405211739883816e+04
4.365388686102906649e+04
3.984157630825359229e+04
4.866274252972190152e+04
4.391999757093307562e+04
6.017398207418393577e+04
5.873688877833609149e+04
5.565627695263427449e+04
6.174525894678658369e+04
4.948609054424100032e+04
5.454868086675205268e+04
6.481549608750417974e+04
7.402976489547659003e+04
5.625281598276164732e+04
5.050830432288644079e+04
5.905699252150854591e+04
4.503823389770484937e+04
5.189253021871995588e+04
4.811998140474504180e+04
4.557403979403801350e+04
5.200258649311008776e+04
4.100124134664225858e+04
4.411735536723460245e+04
7.655443766809266526e+04
6.061419870097764215e+04
4.071652200385315518e+04
7.774262835100527445e+04
5.065321994283812819e+04
8.202674505787559610e+04
4.312745654539752286e+04
5.191481348380410054e+04
5.359355387806516228e+04
3.850159700484262430e+04
7.578993081210997480e+04
4.729561566013572155e+04
6.944115583381317265e+04
3.102411401766920608e+04
5.971659856576722814e+04
4.864380910999103071e+04
7.299761765642462706e+04
5.402897439777963882e+04
7.926417643995839171e+04
5.303318375785221724e+04
2.841238798422055697e+04
2.927898557032690951e+04
2.619133635004396274e+04
2.273771574312500888e+04
3.754839998663906590e+04
2.432076617341026576e+04
3.848105724179905519e+04
2.141238492838420279e+04
1.379124205767344029e+04
1.063690622612826701e+04
1.007119649458080858e+04
2.055900212256130180e+04
9.757581140169118953e+03
2.144684817619575915e+04
1.081507934271820523e+04
1.107846363948064572e+04
1.362536632389699116e+04
1.756093385013515217e+04
5.898333668270731323e+03
1.576482294525337966e+04
7.123710931791773874e+03
1.881491972451031324e+04
1.672927559891199780e+04
1.178219337368224615e+03
1.671835448333200839e+04
2.019673108426397221e+03
1.650972403957201095e+04
1.518605975660343756e+04
1.915472202438575187e+04
2.421558372554534071e+04
4.154236877852830730e+03
2.205464931448816787e+04
4.974714134907910193e+03
2.545709222738718017e+04
3.698115805000881664e+04
4.092087735284023802e+04
4.533083553220484464e+04
2.489128830805810867e+04
4.356609958288936468e+04
2.496398982785215048e+04
4.614211343579203094e+04
3.615799933424736810e+04
3.878890542004327290e+04
2.674520606400629549e+04
4.001660517469966726e+04
2.223379784915811979e+04
3.325999918445602816e+04
1.831149726101863780e+04
2.069440040719485114e+04
1.252967246265192261e+04
2.168118437861746133e+04
1.358982459895756983e+04
1.683344427625725075e+04
1.897302547855432567e+04
1.656370837871220283e+04
1.803572953076045451e+04
2.249689900470375142e+04
1.694096793918684853e+04
2.607946386370881009e+04
1.933509486011415720e+04
2.819606088998249470e+04
2.133414796730251692e+04
2.331198639250330598e+04
3.534269397928633407e+04
2.113856670104035584e+04
4.087308919031264668e+04
2.611369886777768261e+04
2.467536541298116208e+04
1.639717575345817750e+04
1.954436902800781536e+04
3.070206086636815235e+04
1.634211582333436672e+04
3.601522202519391431e+04
2.325986396336567486e+04
7.440678896075666671e+03
6.730858326074368051e+03
1.832999175077274049e+04
4.616721649833471020e+03
2.844521127795363645e+04
1.219089191289247174e+04
1.666027812424784497e+04
1.116488970518999122e+04
1.151040974059992368e+04
2.408976411089442990e+04
1.038748212906326444e+04
2.669078387050811943e+04
1.310667645028014340e+04
2.987551677419574116e+04
2.527765794865170392e+04
3.798714968015861814e+04
2.644945762218735035e+04
4.178939030600383558e+04
2.876898430745551377e+04
2.347763584789438391e+04
2.402532332227691222e+04
2.124483714198369489e+04
1.947079901980647264e+04
3.095378943161417192e+04
2.005602608926947869e+04
3.187880365423539479e+04
1.924101695434249996e+04
3.281312152300260095e+03
5.519480969900033415e+03
8.028355869967032959e+03
3.515982666139029789e+03
1.268020219779531544e+04
6.244461600153945255e+03
8.056817004136132709e+03
9.650912348266218032e+03
4.333654482989672942e+03
9.887169401926095816e+03
3.765545297262772237e+03
6.921750483463362798e+03
2.340541140834303224e+04
1.676848346507989845e+04
2.387133738016057032e+04
1.242084369292108568e+04
2.047565951388958638e+04
3.088925222940255117e+04
3.180027320057962061e+04
2.569911361393397965e+04
3.316667752342271706e+04
2.137915440983368535e+04
2.891475959767566383e+04
1.929849968040452222e+04
2.266220629263286901e+04
2.174476636610522837e+04
1.649568778509805634e+04
2.273573992728387748e+04
1.423155267915372497e+04
2.085288655366310195e+04
1.839292073544822415e+04
2.085111417668447029e+04
1.393970455874609070e+04
2.026126074672831601e+04
1.268821900497274510e+04
1.946494674017661237e+04
6.534365839805316682e+03
1.004963450586828912e+04
8.691137337632892013e+03
5.231294198634089298e+03
9.709592808563704239e+03
2.723769941223263686e+03
9.240898051770465827e+03
1.626046463619780980e+03
1.194825885018935196e+03
5.379632463535103852e+03
3.642499956358840336e+03
3.472177885750551013e+03
4.776063838533296803e+03
2.625478777765427822e+03
5.918539575669682563e+03
1.183891123664488441e+04
1.284937477164591110e+04
1.716076943904637665e+04
1.248011225164971074e+04
1.541742903932518129e+04
1.585502650256786728e+04
1.135949759401947995e+04
9.225557458012410279e+03
2.567454740021620819e+04
2.868293035916120061e+04
2.428581656903331168e+04
2.932827808634600660e+04
2.723211488216970974e+04
2.637556317016224057e+04
2.152908992558866885e+04
3.819449560428631958e+04
3.587448422707999998e+04
3.606795937577937002e+04
3.930533495784286788e+04
3.378807184829805192e+04
3.238880416119116853e+04
3.375381132036517374e+04
3.746455848872385104e+04
3.802614247926350072e+04
3.511229988293808856e+04
3.106873307032605589e+04
4.663441563986056281e+04
4.052030707346437703e+04
4.586038268491456984e+04
4.662304676266947354e+04
4.158125663147749583e+04
3.833914937473503232e+04
4.272159529386239592e+04
4.838146925818362070e+04
4.222328870276058296e+04
4.444360860706716630e+04
4.673718880060198717e+04
3.984940546606172575e+04
3.770418388069356297e+04
2.611203773139159966e+04
2.435869316285276727e+04
2.939057887620578185e+04
2.542276449120703910e+04
3.286504670623358834e+04
2.528784917585084622e+04
3.214688645004649516e+04
3.163877425113761637e+04
3.601540196770089824e+04
3.102769140649676410e+04
4.077400001003345096e+04
3.425563569807862223e+04
2.937532577464067435e+04
2.502321124550089371e+04
3.522332935357528913e+04
2.985015697079302481e+04
3.344206892422866076e+04
3.040182897074158609e+04
4.309882615287551016e+04
1.806630322047116351e+04
2.375257495991070027e+04
4.862219592739001382e+04
6.237240483179585863e+04
5.008334369687415892e+04
5.014755892905094515e+04
5.964110649965467019e+04
3.884621397502964828e+04
3.965141756911169068e+04
3.535092710543683643e+04
3.734387855291155574e+04
4.879442702554070274e+04
3.853348158530390356e+04
3.809274130419397261e+04
4.642559408338202775e+04
2.867361099692700736e+04
3.001449409836761333e+04
2.141289031299302951e+04
3.210053613741543450e+04
2.427959115679168463e+04
1.931061233360631013e+04
3.055210714418509087e+04
1.143449684319215885e+04
1.778308994339036144e+04
1.224629606261269510e+04
9.957333035161042062e+03
1.565483222286343107e+03
1.617714258233983855e+04
1.264189820245277224e+04
2.823125256118365542e+03
1.520018718957854799e+04
2.371089603418492516e+03
1.190271218248191144e+04
1.626139921776736264e+04
4.256269497299253089e+03
2.685321040355338118e+04
2.041512738336817711e+04
2.650761710537966337e+03
1.160789319845364844e+04
3.046937330856128028e+03
2.198676023986309701e+03
9.588733909394133661e+03
1.226806801818538952e+04
8.248473667511038002e+03
2.240019107217487090e+03
3.144451417475322160e+03
7.036330292649697185e+03
2.639021140750569884e+03
1.137002158198483812e+04
8.221577412921433279e+03
1.055240853969554519e+04
1.190227514489667556e+04
1.342715366751578949e+04
9.553618162723309069e+03
1.773040693751252911e+04
1.421864881150417750e+04
2.302252237436650103e+04
2.109463230542703968e+04
2.973117566726860605e+04
2.076209965345659657e+04
3.853593576500569907e+04
2.427188104659167220e+04
2.537843870302550567e+04
2.255271160496297671e+04
1.990608289445297487e+04
3.294562211690026743e+04
2.109079854210374833e+04
3.420036079375878762e+04
1.900082247130856922e+04
7.476744738203701672e+03
1.093225120001166215e+04
1.438610656182383718e+04
6.657589562744193245e+03
1.283640223827008958e+04
6.509093773972183953e+03
1.554280184580342757e+04
2.628210692122611363e+04
2.953739085921294100e+04
2.033403201382676343e+04
2.842873715788102709e+04
1.692274285008630613e+04
2.787518579219391904e+04
