5.485489753326714708e+04
4.611852827216868900e+04
3.910303193073075090e+04
3.115169121723479839e+04
2.489151838358763416e+04
4.821439548852227745e+03
1.003433004192616136e+04
3.895369797364051919e+04
3.010710674595671298e+04
3.553650121388176922e+04
4.100388171143442014e+04
4.733025630979835114e+04
4.198596768712256016e+04
3.670153795072402863e+04
7.188793118937144754e+04
7.069509031885353033e+04
6.922076062610844383e+04
6.809466898990598565e+04
6.656236364785677870e+04
6.391360442794206756e+04
7.223541785778083431e+04
7.013319579023850383e+04
6.807936284218005312e+04
6.501964122153640346e+04
6.291984891984226851e+04
6.087430464643490996e+04
4.564116667683394189e+04
4.606761789144836075e+04
4.226750874768191716e+04
3.794304870480688987e+04
2.860547602376705618e+04
2.651347562536484838e+04
1.938602927963830371e+04
1.751054278667608378e+04
9.451326388130999476e+03
3.248655017301779299e+04
3.189372432423459395e+04
2.706759251330839470e+04
2.692934497138279403e+04
2.261542976173429633e+04
2.312366586161636951e+04
3.148844989045656621e+04
3.137104387966647482e+04
3.149847518685535761e+04
2.703654505244103348e+04
2.746445722996774202e+04
2.816033810662620090e+04
2.501784038747936211e+04
2.635155234490894145e+04
2.266468400042608118e+04
2.446302866858431662e+04
2.643098026347310224e+04
2.362083995064509872e+04
2.595053580754970972e+04
2.915571337836851671e+04
1.975134639210754540e+04
2.107337204284706604e+04
1.742608205552526124e+04
1.931309032110249609e+04
2.139430411399853620e+04
1.890388210359102959e+04
2.138743523122368424e+04
1.651051976855206522e+04
1.723727745267085629e+04
1.992914611738110762e+04
1.941930758221398355e+04
2.219364258870467529e+04
2.810143578946615889e+04
1.723754261880520426e+04
2.393448005450163691e+04
2.652744457891043203e+04
3.334799637094850914e+04
4.278108364405661268e+04
1.664494893466868234e+04
1.941925938290988779e+04
2.536702237432440597e+04
2.810199058702111870e+04
3.447817173949893913e+04
3.716415214466486941e+04
4.373711741478402109e+04
4.638461600055578310e+04
6.503407870766913402e+04
6.926801217793523392e+04
7.363812440152984345e+04
5.475971280189717800e+04
5.921080572629668313e+04
6.378992874716949882e+04
6.847220065020726179e+04
7.323785803873164696e+04
7.807162766355133499e+04
8.572338515585385903e+04
5.985731455100038147e+04
6.419279307328882715e+04
6.866187206405249890e+04
7.324012603474203206e+04
7.790908474240820215e+04
5.920630565533557092e+04
6.621365671369885968e+04
7.084352720638095343e+04
7.556013403141501476e+04
7.806191118753785850e+04
7.085279081095464062e+04
7.324103105814169976e+04
7.582136757294579002e+04
7.857469039011922723e+04
8.148355039860642864e+04
7.085937346947932383e+04
7.324919969843537547e+04
7.583120236869416840e+04
7.858625406780220510e+04
8.149700503150455188e+04
6.831993277199330623e+04
7.350077257933332294e+04
7.685954109329852508e+04
8.209039647840039106e+04
6.326084114706870605e+04
6.296602988834253483e+04
6.279247570288789575e+04
5.825964181918901886e+04
6.274123792866517761e+04
8.744904274605899991e+04
8.549166860908181116e+04
8.116086777846876066e+04
7.954967302181308332e+04
7.816036350974210654e+04
7.700505874885911180e+04
7.550642337273288285e+04
7.430947437099397939e+04
5.976429093752360495e+04
5.688347951734084199e+04
6.090451567381429777e+04
1.416750415152654205e+04
1.455614614248616999e+04
1.664877210298660793e+04
1.722135574904211899e+04
1.991684468649494011e+04
2.388283909367539309e+04
1.881381483061073959e+04
1.942511323046680627e+04
2.386675149814230826e+04
2.579936793156763451e+04
3.051248998749188831e+04
3.322416405952387868e+04
3.352942977011843323e+04
3.754250826333347504e+04
3.477448835323721869e+04
3.865980876443851594e+04
4.263714625902314583e+04
3.993881638783250673e+04
4.380143903150975530e+04
3.083547686817327485e+04
3.173936084599094829e+04
3.319123775808041682e+04
3.512311381864246505e+04
2.775312137922033071e+04
2.809085624218047451e+04
2.908051629899730688e+04
3.065910496990555475e+04
3.274143933223185377e+04
4.795885846547403344e+04
4.523041870843134529e+04
4.418059510157109617e+04
3.950874462509309524e+04
4.194627451534768625e+04
3.720046058097951754e+04
3.495991043336287112e+04
3.022099931591534914e+04
3.280140405665641447e+04
2.797176758967832211e+04
6.079121801195794251e+04
5.607860060422535753e+04
6.022892165522952564e+04
5.142819750409453263e+04
5.560561725319799007e+04
5.106161502500106144e+04
3.163387786779387170e+04
3.271673282147280770e+04
3.659343226668021816e+04
3.773971655633985210e+04
4.158014363181096996e+04
3.905007093197735958e+04
4.277433105730672105e+04
9.345167276197920728e+03
6.985870075360516239e+03
5.552151316445728298e+03
2.775879771166738010e+03
4.241265193131535852e+03
5.069743840543281294e+03
5.653563287045792822e+04
5.163637481061938161e+04
4.958482091986455634e+04
4.677233749292728317e+04
4.466885412876777264e+04
3.979134599852978135e+04
3.770607923056861182e+04
4.356059707551637985e+04
4.400794197985153005e+04
4.130641681558172422e+04
2.729417514475194184e+04
1.327998555192171625e+04
9.094703322870404008e+03
9.385806303862749701e+03
1.387695182249724348e+04
1.990531129594774393e+04
2.383628316435129454e+04
3.522149088819055760e+04
3.272993783106497722e+04
6.402583348485361057e+04
5.907384323373452935e+04
5.415524281885201344e+04
4.928062340125742048e+04
4.712653456202652160e+04
4.224609040641099273e+04
3.520947605637643574e+04
5.261121806509661837e+04
5.657175485968664725e+04
5.963200347433209390e+04
6.374778853290877305e+04
4.812246505161857931e+04
5.244151898959197570e+04
4.852918203640417778e+04
5.281642026000131591e+04
4.908958426532590238e+04
5.333321116668548348e+04
4.979864921488000255e+04
5.398797043111178209e+04
4.579749588653051615e+04
4.997442688825283403e+04
4.266997328288281278e+04
4.672014641619608301e+04
4.383353396587881434e+04
1.425136761977860260e+04
1.554563824646483226e+04
2.072980152823657772e+04
2.234143193524563685e+04
2.927028428100485326e+04
1.557996167278068060e+04
1.722469421885936390e+04
2.387510797012310650e+04
2.647514120761816230e+04
2.910781604540167973e+04
3.176471848534379751e+04
3.839392395587389183e+04
4.044727761750695936e+04
4.968616858559573302e+04
5.188737587408599211e+04
6.123388102767731471e+04
6.352015040412860981e+04
7.291629998005264497e+04
2.483992152123169581e+04
2.620051070205040742e+04
3.470940228150286566e+04
3.654888378333480068e+04
4.559544965965675510e+04
4.766241880783699889e+04
4.979788581579836318e+04
2.101505413110033987e+04
2.260558852114943875e+04
2.440847907170537292e+04
2.638070942667515556e+04
2.848692007996936809e+04
3.069919963432346049e+04
1.052313507298621516e+04
1.221667606029979834e+04
1.425283260579661510e+04
1.650578131858469351e+04
3.084330540565400224e+04
3.359033665308814670e+04
1.664480352507066345e+04
1.941906493385789508e+04
2.219289143315442561e+04
2.496712960842193934e+04
2.774093288431929977e+04
3.051514783924149378e+04
3.328935118807130493e+04
3.606311965278326534e+04
3.883729980117054947e+04
2.773983341055325218e+04
3.051394220797552043e+04
3.328803943005006295e+04
5.293086940764315841e+03
7.148843461271093474e+03
9.465144294561516290e+03
1.197722064567192501e+04
1.458481345800235249e+04
1.724443753458860738e+04
2.396022438153088660e+04
2.655050706965441714e+04
3.594354107090950856e+04
3.852702439703307027e+04
4.792848340432364785e+04
5.050898592564924184e+04
5.443305558322602155e+04
6.151851622629448684e+04
6.628180867112718988e+04
7.341694458473198756e+04
7.827961930441361619e+04
7.776197547550023592e+04
8.293968144713420770e+04
8.813600575048231985e+04
9.008552805822854862e+04
8.297130481908832735e+04
8.817085728470170579e+04
7.471797013489376695e+04
7.783975249658570101e+04
7.984552948911440035e+04
8.302500391634109837e+04
8.822948305216498557e+04
5.449210343102757906e+04
5.691112314268101909e+04
5.923176812164698640e+04
6.406548776113287022e+04
6.897446222854332882e+04
2.398202466152264606e+04
2.537403126252954098e+04
3.359337383873680665e+04
3.718879993105056201e+04
4.116338960007358401e+04
4.541733803951229493e+04
3.889660456668677216e+04
3.287785699543958617e+04
3.229244466650111644e+04
2.727620780923121129e+04
2.290230471586885687e+04
2.000504181243471612e+04
3.725759862177249306e+04
3.058898644078074358e+04
2.420258365790600510e+04
1.839774273872656704e+04
1.065580336845572492e+04
1.198906290826976692e+04
8.321095267081025668e+03
5.547238999705341485e+03
5.325667817490238122e+03
4.546981212715545553e+03
9.508808257422735551e+03
1.472937479006964531e+04
9.480156172539558611e+03
1.064553671676092381e+04
9.501302223256616344e+03
1.391035968808487087e+04
1.363309183951844352e+04
1.839076438760084784e+04
1.993876422386040940e+04
1.664249619777551197e+04
1.386896166880450073e+04
1.459164078195675211e+04
1.198639376661324786e+04
1.433177083992452208e+04
1.231122269208613761e+04
1.469911039971634273e+04
1.459071693465416502e+04
1.109517956121954376e+04
8.321226528227203744e+03
9.476459745797643336e+03
7.165467720535252738e+03
1.063238164141960260e+04
1.388731019911811927e+04
4.251377378343437158e+04
4.113896453387411748e+04
3.720358076098137826e+04
3.342029830718248559e+04
3.583864131757435098e+04
3.189255488949529536e+04
2.812422911650440074e+04
2.657996172575173114e+04
5.320872748280124506e+04
5.182296716550136625e+04
4.789320461389421689e+04
4.651341027510141430e+04
4.257670274260381120e+04
5.322509978559098090e+04
4.790814487863822433e+04
4.409381443649188441e+04
4.043062907853849174e+04
3.515285358018386614e+04
2.127906492079846794e+04
1.596108551216917476e+04
1.231629652357179475e+04
7.168777136677558701e+03
5.321570061146632725e+03
9.084327973439796551e+03
1.390808578364425557e+04
9.490820655818886735e+03
1.036594635561230299e-01
5.320042620883275049e+03
1.064102594278854667e+04
1.470745132681596988e+04
1.997957647526853907e+04
2.527444273015741055e+04
1.755044399635153241e+04
1.656963838953782033e+04
1.664269226625336887e+04
1.993871175350102931e+04
2.143010465669878977e+04
4.158734963173220603e+04
3.788566955488654639e+04
3.050743073403177914e+04
2.810508635240680451e+04
2.460173582251458356e+04
2.370026027787308340e+04
2.142639346923782796e+04
4.924010747526899650e+04
4.638413428275669867e+04
4.246507751857456606e+04
3.867886640757429996e+04
3.506835642797427136e+04
4.716158396475997870e+04
4.385573976761061931e+04
4.498758385559932503e+04
4.235661716863587208e+04
4.025090664395787462e+04
4.384378406301622454e+04
4.388922413079706894e+04
4.507829657097440213e+04
4.490445443028422596e+04
4.790991470465784369e+04
4.545773635768669192e+04
4.584380698021501303e+04
4.789940933721917099e+04
4.731462120042234164e+04
4.977445844824667438e+04
5.144916842309771891e+04
5.285691645139167667e+04
5.242952021158372372e+04
5.423800292381654435e+04
5.296688943307429145e+04
5.503666477610181028e+04
4.057596941478797089e+04
4.086580551098233991e+04
4.134021535043610493e+04
4.199279980477967911e+04
4.281560410939202120e+04
4.379895258045288210e+04
4.493211991837798996e+04
3.608230049317120574e+04
3.640647992331331625e+04
3.693665286618273240e+04
4.198452799299514299e+04
3.766427640493882063e+04
3.857796261451326427e+04
3.966512120310618047e+04
4.091180746004627144e+04
2.313098626438339852e+04
2.263004226715091136e+04
2.246294097521294316e+04
2.263712314374202106e+04
2.314493244893320298e+04
2.261091923888720703e+04
2.244369780602031096e+04
2.707914753391936028e+04
2.261805897435253064e+04
2.750630040665191336e+04
2.312622189960422838e+04
2.820121103089330063e+04
1.054015732241038131e+04
1.372754357026293474e+04
9.382445859324898265e+03
1.344646250919074555e+04
8.964370931798219317e+03
1.373175055006437105e+04
1.455020558485329821e+04
1.343659171658630112e+04
8.957642722656546539e+03
1.372210223293803392e+04
9.378763330802796190e+03
1.876041310058980162e+04
1.454112654986903181e+04
1.581074201533906853e+04
5.264065281361627967e+03
7.127981068434390181e+03
1.222195082934451966e+04
9.449514662016019429e+03
1.425761832689492257e+04
1.196568321509867928e+04
1.387120745293115942e+04
1.723639228573056243e+04
1.664559959887652440e+04
1.992844359227745736e+04
1.941955677908376674e+04
2.264068145644196920e+04
2.219392561879970890e+04
2.536634995928596254e+04
3.180098127146753177e+04
3.084306344735740277e+04
3.447213597712875344e+04
3.359019193687609368e+04
3.715875532120595017e+04
3.634180264905405784e+04
3.909619579266872461e+04
3.447159038007674098e+04
3.359030549623108527e+04
3.715787460012131487e+04
3.634152459572084626e+04
3.985657077405659948e+04
3.909636413836688007e+04
4.185377020633390202e+04
3.071536669546015401e+04
3.301143471703942487e+04
3.537641363023059239e+04
3.333765853247732593e+04
3.779671494315264135e+04
