9.808764683918775700e+04
9.695232137187638727e+04
9.425615552554521128e+04
1.017786604158582340e+05
9.929354664035342284e+04
9.738391185543552274e+04
9.486378896930317569e+04
6.223864050616553141e+04
7.532021088920586044e+04
7.266621827861055499e+04
7.002168509049931890e+04
6.738812453258591995e+04
6.476602093955599412e+04
6.215767328279581125e+04
5.956403886678360141e+04
3.058878660296249291e+04
2.809503573355055414e+04
2.565968838635215798e+04
2.330020250733555076e+04
2.104294587755870816e+04
1.892372220713091156e+04
1.699472742452396415e+04
1.532817373981570381e+04
3.070724806240142425e+04
2.876619743668129740e+04
2.697189673161393512e+04
2.535491380587890671e+04
2.395172345594469516e+04
1.786843128605642778e+04
1.721250638237251769e+04
1.699029210290015544e+04
2.808072287283810147e+04
3.053918130878877128e+04
3.082860944452576587e+04
3.331556798382132547e+04
3.358117474454037438e+04
3.609151898045674170e+04
5.422947473492057179e+04
5.535036022909035819e+04
5.675903639540042059e+04
5.843459022106744669e+04
5.693417648724143510e+04
5.800321985634967859e+04
5.934946742252532567e+04
2.533554321278057250e+04
2.807774858524831870e+04
3.166321759093828950e+04
3.082646349432722491e+04
3.434981182727027044e+04
3.357977115584585408e+04
3.633620393587384024e+04
2.881492920851359304e+04
3.025424778146567769e+04
3.384753150807060592e+04
3.530142076729500695e+04
3.888511720027271076e+04
4.034977193879736296e+04
4.539920005882410624e+04
4.699024333486097021e+04
5.371868910800508456e+04
2.898327374969172524e+04
3.041458359137650041e+04
3.202308403010207621e+04
3.071276976394496160e+04
3.378319334871169121e+04
3.277892140464232943e+04
3.494325841994881193e+04
3.217106209058414606e+04
3.392318719900339056e+04
3.580524729792745347e+04
3.779730549425892968e+04
3.988344123691875575e+04
4.204940049937558797e+04
1.875441340315162597e+04
2.261926365527572852e+04
2.534960241656157450e+04
2.808880978150907686e+04
3.083409972749197914e+04
3.330606210809257755e+04
3.608122620907954115e+04
4.461716182614130958e+04
1.879247345598840184e+04
2.116652257340709548e+04
2.341351313435984412e+04
2.609682127909754126e+04
2.918651130419720721e+04
3.110541484023658631e+04
3.429858522111099592e+04
4.376792236325271915e+03
8.753745983719107244e+03
1.313053212988287851e+04
1.750748428197857720e+04
2.206322593287966083e+04
2.641173384143943986e+04
3.878089268184555840e+04
2.615565774178143329e+04
2.926916417141813872e+04
3.267423338137161045e+04
2.386561824754615009e+04
2.579670377096145603e+04
2.827964623958916854e+04
2.646677404757361001e+04
5.652560181967065000e+04
5.886321819758416677e+04
6.123730604028266680e+04
6.364341303477135079e+04
6.607873397636000300e+04
6.853945022363209864e+04
3.551909982475809375e+04
3.339931818017795740e+04
3.138149646476910493e+04
3.003014499167220129e+04
2.885770984376707929e+04
2.791257496619105950e+04
2.721872622998462975e+04
2.679546969378447466e+04
7.967873711423351779e+04
7.697612054970015015e+04
7.427926425854618719e+04
7.158794832931944984e+04
6.890368986234499607e+04
7.017069894311462122e+04
6.754416105394183251e+04
9.796521493664155423e+04
9.923991542931341974e+04
9.529711516182622290e+04
9.660747081670897023e+04
9.263489047575971927e+04
8.416830654908607539e+04
8.685483722402539570e+04
8.966581802178166981e+04
7.690406074656892451e+04
7.937456101611717895e+04
7.224074771897037863e+04
6.764037896673420619e+04
5.471849636554991594e+04
5.872293173253622808e+04
6.276124461279510433e+04
4.976787739330108889e+04
5.380433724559355323e+04
5.787350149115222302e+04
3.860478902855644992e+04
2.984867318428673025e+04
3.407826567174991214e+04
3.831125912457289087e+04
2.547845412792187199e+04
2.972478715323730648e+04
3.080374156264082922e+04
3.490133258142608975e+04
3.902876790616590006e+04
3.972071644846034906e+04
4.380513022897442715e+04
4.791610933864319668e+04
5.271865931659229682e+04
4.780837402478051081e+04
5.285702841237060056e+04
5.662384820267373289e+04
5.791056151507369941e+04
6.166093808976685978e+04
6.670471980623375566e+04
3.274459059449502820e+04
3.762960529412125470e+04
4.060790652382770350e+04
4.560830516358104796e+04
4.883598020789982547e+04
5.062367659579665633e+04
5.388476837235350104e+04
4.048801789954357810e+04
3.654691115161286871e+04
3.395441159227927710e+04
3.034203276828874004e+04
2.871351886718592505e+04
2.576060440530945925e+04
6.321423417517704365e+04
6.049839650267545221e+04
6.117448020620467287e+04
5.836271038307758135e+04
5.919471878753236524e+04
5.728145549079737975e+04
4.176449909624750580e+04
3.939222318626218475e+04
3.731914016247834661e+04
3.707573964330675517e+04
3.486432356876289850e+04
3.482695659160985088e+04
3.246177961566105296e+04
3.012319516215968179e+04
6.966293435319046694e+03
1.008029362389022026e+04
5.040796221725288888e+03
8.860743246013453245e+03
8.416139062870201087e+03
5.046540524922615077e+03
2.776316839598487604e+03
4.215011254789273153e+03
1.641898630068399367e-01
4.215009332993196949e+03
2.776168532228721233e+03
5.047781279310592254e+03
8.452456926424012636e+03
4.226281513979706688e+03
5.057102511187211348e+03
2.775996442237586052e+03
6.978779308233642951e+03
5.552347090039160321e+03
8.328685679036369038e+03
2.277509603723886539e+04
1.889297671378764426e+04
1.520269167298367211e+04
2.191655889725671295e+04
1.784699053747285870e+04
4.762283480005996535e+04
4.468189900320969173e+04
4.196650291235692566e+04
4.572862920769366610e+04
4.265612547205670126e+04
3.980167669988190028e+04
4.392857204617468960e+04
4.654022311950867879e+04
4.433552086734837940e+04
4.244657718906515220e+04
3.992182311169026070e+04
3.829107285791428876e+04
3.708236052546553401e+04
4.892805983417308016e+04
4.682078470409069996e+04
4.502334319192895055e+04
4.659112659631970018e+04
4.437218274538886180e+04
4.247053292081904510e+04
4.093042662806113367e+04
3.733080850623323931e+04
3.503571142553909885e+04
3.509916811352287914e+04
3.264664726808593332e+04
3.295035109943978750e+04
3.032355188172722774e+04
2.724249036288772550e+04
2.564319969390315237e+04
2.425722826857206746e+04
1.916084664305119804e+04
1.813090025998503552e+04
1.748493856228814184e+04
1.294951076688696776e+04
2.058224581227926319e+04
2.220500088301536744e+04
2.403929470494694397e+04
2.337878256951182630e+04
2.573268780097133276e+04
2.816309198186313006e+04
5.827730432329624455e+04
6.674541878075954446e+04
5.827433699306445487e+04
6.104934990934914094e+04
6.397440185773525445e+04
6.674318394710698340e+04
1.721781928444337973e+04
1.991405068087299878e+04
2.262892697939117716e+04
2.219942659508076758e+04
2.497448276367118160e+04
2.774910369937788346e+04
3.083825336068237448e+04
2.754785202818999824e+04
2.596804302097061372e+04
2.238036114594441824e+04
1.913028179615583940e+04
2.460075691944488062e+04
2.077689917463338497e+04
1.722558446960652873e+04
6.344378981723827019e+04
5.894296021447920793e+04
5.456487497504476778e+04
5.034089251696153224e+04
4.631450931302342360e+04
4.254141900885415089e+04
3.712973780484760209e+04
1.102226135425505781e+05
1.055044966214302985e+05
1.079342213026601967e+05
1.008306012216591043e+05
1.055958949842928560e+05
1.008229572945669352e+05
9.609033025229936175e+04
9.854937498422562203e+04
9.140466725174868770e+04
9.378328108956584765e+04
8.465072824171261163e+04
8.677417087176244240e+04
8.020138534358683683e+04
7.521014892910307390e+04
7.077324837930202193e+04
7.276708781396207632e+04
6.828313750663012615e+04
7.034829341144132195e+04
6.390280083328407636e+04
6.581623878837985103e+04
5.964839443470612605e+04
3.442678580284934287e+04
3.083684397259371690e+04
2.775132803462839729e+04
2.535492603620168302e+04
2.385752305503944081e+04
2.343329515109902422e+04
1.638703529101142703e+04
1.454424475388671453e+04
1.715473397645372097e+04
1.411571074580890490e+04
1.550580236519376012e+04
1.830629890732483545e+04
9.135518665667166715e+03
1.305791869770056110e+04
8.705332020391586411e+03
1.335179655360378820e+04
1.030526002310707918e+04
7.046669909798392837e+03
5.550444045407768499e+03
1.203070984902321106e+04
9.390174945181572184e+03
1.409551882372596810e+04
1.191644642740543713e+04
1.110150011525412265e+04
1.453743095014090250e+04
1.387702828230704836e+04
1.453740590559536940e+04
1.665212104498888584e+04
2.262044055625742112e+04
2.535017543664437471e+04
2.497909639340077774e+04
2.535019963298369112e+04
2.775466806046504280e+04
2.808924272497490892e+04
2.398716478052942330e+04
2.334904526635476577e+04
2.599275443331491988e+04
2.570588953272973231e+04
2.812977650232391898e+04
2.813920982130144694e+04
3.037026314244003152e+04
1.634158348037686119e+04
1.897664616866775395e+04
1.875643227742230374e+04
2.109271259796056620e+04
1.990226729948638604e+04
2.125981984653507971e+04
2.334762792707014160e+04
2.108909324336488498e+04
2.397847493620730893e+04
2.724681764421088155e+04
2.125826766060095179e+04
2.334437684763555080e+04
2.598506439062938807e+04
2.570134589854113801e+04
2.333735627053577991e+04
2.597371843380740029e+04
2.381933570157186477e+04
2.569538734703127921e+04
2.811229311614931430e+04
3.094357758022563576e+04
2.812935589816184074e+04
3.035382965439373584e+04
2.125288364075191930e+04
1.990080926321317747e+04
1.942922303788139834e+04
1.990081818199659392e+04
2.261844188952031982e+04
2.220449965986368261e+04
2.261844973949650375e+04
1.319476711841416545e+04
1.404549273883575370e+04
1.197267339211410217e+04
1.535749301218030269e+04
1.404645326960328021e+04
1.702479456021511942e+04
1.632967989713585666e+04
2.807726468989580462e+04
2.594000229918149489e+04
2.106081359269492532e+04
2.393380828664446381e+04
1.894406855208665002e+04
1.701747464195296561e+04
1.893820818173020598e+04
2.208630137753663439e+04
1.701125406595235836e+04
2.045918385875880995e+04
1.534630368156278928e+04
1.909845350688116014e+04
1.403747786960440317e+04
1.893403442385263043e+04
1.403657211122826629e+04
1.700656791648533181e+04
1.196316343248448356e+04
1.534107115538685866e+04
1.403155524966825578e+04
2.534729117306285116e+04
2.261696460531914272e+04
2.124400829954639994e+04
1.873995240824654320e+04
4.623731401035633462e+04
4.760875573409692151e+04
4.185610069618350099e+04
4.251012778022379644e+04
4.357846283806217252e+04
4.503147213180839753e+04
3.885983756776502560e+04
3.909585881547338067e+04
2.808711789143116039e+04
2.905517123043174797e+04
2.534753582552455919e+04
2.641655352718687936e+04
2.261682403481005895e+04
2.380918718038643419e+04
2.124496437920309836e+04
1.404901140359085548e+04
1.895850463492854396e+04
2.107680748299990591e+04
2.395888953159791708e+04
2.333304644653675859e+04
2.596678447914233766e+04
2.810590871236303065e+04
3.093446993558955364e+04
6.124639452012400579e+04
6.463060343588008254e+04
6.305030023974011419e+04
6.634369730737961072e+04
6.492248929460017825e+04
6.812655212350818329e+04
4.292038899552959629e+04
4.605139308288429311e+04
4.216823647760415042e+04
4.494079238548937428e+04
4.203016298903349525e+04
4.439556719578400953e+04
2.382190904504658101e+04
2.534947134881420061e+04
2.775518075229354145e+04
3.083399884112809013e+04
3.053036987960905753e+04
3.358461357078839501e+04
3.358444245490030153e+04
3.633885992877073295e+04
3.980514552665629890e+04
3.909626116214248032e+04
4.251876918134510925e+04
4.524026189328251348e+04
2.534892018454052231e+04
2.808789152109283168e+04
3.053117089178015885e+04
3.083376052022375370e+04
3.330682840468432551e+04
3.608205046882843453e+04
1.631351814679545714e+04
1.402889945536976484e+04
1.195411601609614081e+04
1.021802242639876022e+04
9.017724202073932247e+03
8.581482284757070374e+03
9.020693141032950734e+03
1.022324298434702359e+04
1.196076745232920257e+04
4.622099609525950655e+04
4.356080916602061916e+04
3.438681971535418415e+04
3.170593163215462846e+04
2.261390373642161649e+04
1.989488933321596414e+04
1.719453879952150237e+04
4.893593630109833612e+04
4.676497953019313718e+04
4.466113417667468457e+04
4.263463694266589300e+04
3.570807224904860050e+04
3.382737214985831815e+04
3.207695376249232140e+04
4.563361385371835058e+04
4.382921216357845697e+04
4.213087430032515840e+04
4.055137663860896282e+04
3.910541939783960697e+04
3.780851030517009349e+04
2.531714868724887128e+04
2.189924435841832747e+04
3.165889948191950316e+04
2.773249630032456116e+04
2.391146941009076545e+04
3.080048170470021796e+04
2.674674414678096946e+04
2.187407952097510861e+04
1.781362826747756117e+04
1.385559315034637257e+04
1.012180069064715462e+04
6.981018204948851235e+03
5.552366769960415695e+03
6.980926851724279913e+03
2.134276092675757900e+04
1.011087715230490357e+04
6.977017379558431458e+03
5.552301676154227607e+03
6.976939854791215112e+03
2.776341144749037994e+03
5.056123411440611562e+03
8.896058193102162477e+03
3.562724274147160759e+04
3.304674938056831888e+04
2.901159428879835468e+04
3.050026295027816013e+04
2.636774251445065602e+04
2.799794262469492605e+04
2.375370648901811728e+04
2.118107884948201900e+04
5.349282391939764784e+04
5.559056723001885257e+04
5.106189266235612013e+04
4.663512414187096147e+04
4.866834540474356618e+04
4.417505059134690964e+04
8.066866263782297028e+04
7.573805616209549771e+04
7.879125972933386220e+04
7.383877979848028917e+04
7.696854337407268758e+04
