2.384220099317256972e+04
2.164552554418016371e+04
1.443213808227566005e+04
1.242894818674125054e+04
1.077301004658975944e+04
4.619119318370449946e+03
5.388178883797209892e+03
2.612780182184458317e+04
2.381909022333682151e+04
1.664293189255890320e+04
9.508414951070975803e+03
7.208392584871787221e+03
2.773350392703146099e+03
7.203049398478929106e+03
1.630665696324783143e-02
2.773420843287716252e+03
7.204791517306087371e+03
9.506393000147840212e+03
5.546385872865252168e+03
9.503932619128514489e+03
8.319812910735427067e+03
1.200714181465671754e+04
1.663557657739723800e+04
1.109316324995821196e+04
1.200671241398613165e+04
1.460751735451832974e+04
1.386615239232375825e+04
1.460750963575444257e+04
1.769680418449367789e+04
1.440666794486235267e+04
1.200729223111942883e+04
1.663725909242203124e+04
1.460830358135413917e+04
1.386621331860741702e+04
1.663959395093133571e+04
1.726396956896406118e+04
1.995080587411444867e+04
2.402004133000811271e+04
2.660325398222690274e+04
3.348797134720742179e+04
3.603316363747198193e+04
9.213909107665456759e+03
5.377508635154652438e+03
7.210805131675761004e+03
1.109244507903345220e+04
1.386572594513716103e+04
1.995210617588756941e+04
2.265946361154634360e+04
5.546219736518040918e+03
8.319031279309900128e+03
1.726757706965566831e+04
1.995364753211497737e+04
2.266029048369091470e+04
3.453715867117617017e+04
3.721637766017040849e+04
3.990876962760373863e+04
1.663830851993293254e+04
1.386544775270224454e+04
7.217442222759073957e+03
5.387701991434010779e+03
4.620053600347324391e+03
5.389028414522102139e+03
9.518618960331657945e+03
1.201830935254653741e+04
1.461656913323100525e+04
2.403824940805009828e+04
2.661930235806924247e+04
2.923513440536577036e+04
9.658908343640960084e+03
1.078822952273224473e+04
1.244428673651963982e+04
2.167277420991679173e+04
2.386873561689273265e+04
2.617475341966994893e+04
3.335009986653725355e+04
1.244150734785661371e+04
1.078730806576770192e+04
9.660458497037006964e+03
9.255226327056858281e+03
9.662941320404846920e+03
1.079195473005495114e+04
1.618964963928137331e+04
1.777585566319788632e+04
9.646668203460869336e+03
9.240854407322605766e+03
9.649233184059188716e+03
1.077976375979756085e+04
1.243675889495945194e+04
1.444050725753025654e+04
2.164856563459104655e+04
1.665939070692385212e+04
1.959932910528117645e+04
1.443418178665344567e+04
1.774754381351660777e+04
1.243133579063320758e+04
3.103523839962905549e+04
2.614663519648633883e+04
2.885415901939781907e+04
2.383990708731421910e+04
2.678247650297833025e+04
2.164298569732982651e+04
2.484798997177866477e+04
1.959313780456518725e+04
2.265857536077006807e+04
1.995126028824469176e+04
1.726534566183823699e+04
1.386564543652034627e+04
1.461158654850965104e+04
1.441620921813091991e+04
1.241060591581296285e+04
1.488727909300035208e+04
1.075142450725640811e+04
1.409318701936869729e+04
9.620218083382711484e+03
2.316474749648538273e+04
2.815349799464055104e+04
2.366077500825813331e+04
2.883228475171772516e+04
2.446312365028018394e+04
2.975507766407963936e+04
2.554289336130342417e+04
3.621541538968502573e+04
3.220302036807217519e+04
3.757461128888416715e+04
3.372310766443480679e+04
3.908337795408874081e+04
3.539527404616068816e+04
5.484779471361350443e+04
5.147539097733789094e+04
5.671351535627509293e+04
5.345794155553224118e+04
5.865132274173272162e+04
5.550855591622546490e+04
4.771764983381975617e+04
5.302832021493065258e+04
4.954072509845378954e+04
5.481607185035279690e+04
5.144876718229434482e+04
5.668289348178239015e+04
4.819727536546131159e+04
5.355840286495823966e+04
4.969540352068316133e+04
4.596465027419548278e+04
5.505144345187221916e+04
5.129982915628928458e+04
3.897465973097223468e+04
4.817488007138924149e+04
4.432266975329642446e+04
4.062139987597432628e+04
4.967372351869341219e+04
4.594618252941539686e+04
3.756229797702805809e+04
3.311299626334477944e+04
2.870438001280351091e+04
2.435822311985005217e+04
3.827750064307892899e+04
3.392074177172673808e+04
3.390504430002145818e+04
2.961795976834770045e+04
2.543208834979315361e+04
3.915897075132753525e+04
3.491533024486232171e+04
3.076799924963999729e+04
1.479385055684395411e+04
2.432776432501192903e+04
2.009233719001639838e+04
1.604280499587874692e+04
2.959493677644521813e+04
2.541348134901374578e+04
2.139275715538795703e+04
1.436651189892704315e+04
1.602324889532959241e+04
1.235198693993212873e+04
1.908476317842975914e+04
1.477642764677553532e+04
1.847297008015084066e+04
1.397572497183789164e+04
2.398650639972700083e+04
2.374477997461861742e+04
2.144750685773458827e+04
2.153738355825683539e+04
2.290695129021493995e+04
1.947570195007034272e+04
2.134457141992198740e+04
2.537451973713144980e+04
2.265132906279437520e+04
2.144568923758512028e+04
2.153349000335315213e+04
1.897219746410063817e+04
1.947104219259897945e+04
3.084688273614415812e+04
2.810673216103729646e+04
2.656663534517064545e+04
2.604517094175270176e+04
2.397951015328013455e+04
2.372802912757674858e+04
3.909633660589634383e+04
3.634289411065191962e+04
3.328544596397264104e+04
3.051184369794889426e+04
2.810563512743019601e+04
2.537200426349237750e+04
2.773908161763624594e+04
2.496495260202424834e+04
2.264646757265156339e+04
1.993596676437394854e+04
1.893934571189179405e+04
1.655533742348901797e+04
3.080786190422374057e+04
3.501270871347989305e+04
3.165110147577383395e+04
2.860815328559346017e+04
3.332703677390182565e+04
2.977453971624198675e+04
3.179441761642456186e+04
1.226980905391977831e+04
9.464713205853315230e+03
1.886939128999527020e+04
1.461985238397901594e+04
1.058754056869668784e+04
7.149079736346299796e+03
1.825022382090685278e+04
1.380984827031654277e+04
9.435876242803327841e+03
9.421796100853794997e+03
5.288097486658583875e+03
1.460371821461954460e+04
1.057749386666458850e+04
7.145477650858815650e+03
1.226301055488042584e+04
9.462380991359250402e+03
9.398407467296017785e+03
1.055674793594879338e+04
1.224523627341511383e+04
1.427740429328701975e+04
1.652645370534547328e+04
2.595187887004516597e+04
2.853484040213686603e+04
2.836151281111992648e+04
3.074341423026187476e+04
3.303769660015634872e+04
1.889308122126277158e+04
2.137841103071725956e+04
2.359878975120643008e+04
2.593065009382508651e+04
2.850032745193983283e+04
2.834263464369491703e+04
3.071188902658998632e+04
3.067537354128330117e+04
3.345987470744059829e+04
3.558062263093209913e+04
3.852688756612417637e+04
4.057313034245568269e+04
4.562522281496354844e+04
3.065102535366811207e+04
3.295195033300539944e+04
3.554731237645415240e+04
3.848267286729106127e+04
3.775490218536074099e+04
4.053157472420852719e+04
4.266226251776081335e+04
4.557447422519310931e+04
1.360678854832272191e+04
1.797653956130299048e+04
1.861052545010778704e+04
2.288782731465861070e+04
2.721793306638599461e+04
2.792026567060231173e+04
3.218723284968468215e+04
2.481099206917776246e+04
2.884860485993679686e+04
3.298924064855844335e+04
3.719851132431306905e+04
3.402769370323947805e+04
3.812375292679211270e+04
3.557869727136483561e+04
3.153381012030778220e+04
3.590754544674365025e+04
2.788307099707183443e+04
3.214330678666057065e+04
3.644530542439832061e+04
2.657129628571837020e+04
2.672013343313668520e+04
2.283469025827427686e+04
2.715319338491293092e+04
1.568366789464063004e+04
1.958054880977254652e+04
2.366601629529173806e+04
4.318205779282304866e+04
4.433155388866291469e+04
4.180779108692513546e+04
4.562121473984589829e+04
3.646734735565554729e+04
3.981091755501986336e+04
4.334959271157747571e+04
4.173784195024111250e+04
4.328223421297311870e+04
4.155733651409877348e+04
4.043512464797172288e+04
4.346278077207203751e+04
3.996597019117555465e+04
4.257094954483537003e+04
4.931782943211083330e+04
5.168335122043429146e+04
5.207158958617095777e+04
5.408740756520894502e+04
5.297106545041735808e+04
5.459939202936500078e+04
5.435666282881343068e+04
5.559601122251064226e+04
6.442527309366031113e+04
6.517173475586260611e+04
6.674143236165579583e+04
6.659626742667828512e+04
6.674142695009037561e+04
6.717500683557889715e+04
3.884920536759323295e+04
4.162379091811734543e+04
4.461540108437887829e+04
4.798411604038652149e+04
4.737734797595273267e+04
5.165733763800274755e+04
4.439997876171840471e+04
4.737769956194995757e+04
5.071302126727463474e+04
5.014157595333170320e+04
5.344868447997133626e+04
1.721477006394939599e+04
1.991162496381017263e+04
2.262700623114597329e+04
2.497552394026299226e+04
2.775026158176002718e+04
3.052541080940574102e+04
1.411576363087726713e+04
1.205682136301347964e+04
1.033871710898658057e+04
9.154738206388841718e+03
8.725495461832351793e+03
9.157599986223654923e+03
1.905204347180353943e+04
1.713851548558030481e+04
1.548778275015915642e+04
1.930086035867610917e+04
1.419241704833361109e+04
1.827902084050924896e+04
1.763861215487192021e+04
1.665197380297569180e+04
1.387646452942232645e+04
1.110139065368124466e+04
1.192050192611507555e+04
9.390675555695450385e+03
7.048260588905836812e+03
2.126566090276034811e+04
1.990324869403870980e+04
1.720505998067513792e+04
1.665268381187903287e+04
1.387704530994879860e+04
1.110184225033190887e+04
1.191493781066083102e+04
9.383364014757667974e+03
1.633795551084633553e+04
1.405767018549253407e+04
1.704629211133999343e+04
1.538555114999756006e+04
1.812411004987985871e+04
1.747799805040055071e+04
2.723295190248078507e+04
2.901614604585140842e+04
3.234647993035174659e+04
3.408948341754314606e+04
3.746601152933938283e+04
3.917872903997157846e+04
4.100817313878064306e+04
4.427908519863634137e+04
5.789063303147982515e+04
5.953737443512633035e+04
6.301585442815116403e+04
6.465260431690540281e+04
6.814316891965805553e+04
6.977123426607958390e+04
3.508985837334470125e+04
3.732642803291828022e+04
4.211336716137256735e+04
4.434397498072859889e+04
4.697115573659597430e+04
4.913861501718565705e+04
5.399410284342840168e+04
2.775768110559271736e+04
3.053311418913729722e+04
3.358354588027851423e+04
3.633807975233693287e+04
3.708883540144506696e+04
3.979498475613266055e+04
4.357806866305380390e+04
5.102085063334256120e+03
7.010735655383040466e+03
1.194568065604332514e+04
1.402367217193146826e+04
1.698215516002356890e+04
1.891534092037909431e+04
7.012190677828582920e+03
9.364703775245217912e+03
1.194853481300725070e+04
1.402604761058802433e+04
1.631267612957992060e+04
1.891974103216021103e+04
2.104185531177633311e+04
5.096740882724143376e+03
4.275248547323092680e+03
8.991074507807448754e+03
1.019717207697952836e+04
1.193888940943795569e+04
1.529773219093808075e+04
1.697088109310461004e+04
1.989432153731760627e+04
1.719332331762079411e+04
1.452069025797019458e+04
1.189594346098276947e+04
9.358316108085644373e+03
5.551925671287020123e+03
1.628949705662651832e+04
1.400103247964182265e+04
1.192107739819692870e+04
1.017907140968664680e+04
8.973359775536329835e+03
5.090211610509348247e+03
4.267449365663608660e+03
5.091422323965372016e+03
2.534417994760842703e+04
2.261250694418091371e+04
1.989357797798719912e+04
1.719240842622071432e+04
1.451995962240849803e+04
1.017550578390388000e+04
7.000158538041526299e+03
8.969377087927017783e+03
5.088326050213800045e+03
4.265350599795396192e+03
7.597024834961965678e-02
2.776016036311980315e+03
8.327807306580218210e+03
9.354833347004567258e+03
1.189383678584558038e+04
1.399884358385776250e+04
1.451946540432658003e+04
1.628923193195185013e+04
1.871182968394958880e+04
8.519423617238371662e+03
8.961724670508670897e+03
5.085049904675030120e+03
1.017142230667283002e+04
6.998792727638283395e+03
9.354924159009373398e+03
8.327598087163369200e+03
1.725583682607401715e+04
1.703424613968430276e+04
1.277574665046940390e+04
1.307616449244913201e+04
1.393417434626379872e+04
9.356566228929961653e+03
7.001543122038584443e+03
5.090534415678100231e+03
2.776024057468018327e+03
6.177027434844402365e-02
2.776076737967828649e+03
9.358633208104613004e+03
1.193731449946604153e+04
1.019793684506201680e+04
8.995057369491929421e+03
4.278845563195491195e+03
5.101092944001548858e+03
7.010052640749087004e+03
3.709059568689933803e+04
3.979617077228178823e+04
4.251114794012200582e+04
4.358110181978180481e+04
4.624085588733913028e+04
4.891308296082944435e+04
2.534722572322771157e+04
2.808662759223206740e+04
3.083287557498497699e+04
3.330812485975358140e+04
3.608390782264595327e+04
3.885967881706632761e+04
1.632211622215519310e+04
1.873970666525226989e+04
2.124530913004572722e+04
2.261747932293724807e+04
2.534787288222249481e+04
2.808748536417951618e+04
3.053181591107658460e+04
1.665387224790351684e+04
1.942919740102742799e+04
2.220493411252329679e+04
2.261798868959812535e+04
2.534823622769474605e+04
2.808772305028924893e+04
3.172250038389481051e+04
3.440221489691983879e+04
9.047119436760178360e+03
1.024628412435531573e+04
1.198056715452901517e+04
1.703720206798089202e+04
1.896477462781330541e+04
2.597494772227887370e+04
5.118534864518834183e+03
9.040653044543041688e+03
1.024060533811442838e+04
1.197574912490361385e+04
1.702952595214537723e+04
1.895791920931359346e+04
2.107628197819393245e+04
2.261712681620628427e+04
1.989891788770612038e+04
1.942963799616490360e+04
1.665377135766829088e+04
1.387834023735075243e+04
1.452851335618635130e+04
1.190552228852991902e+04
9.371396705320041292e+03
1.023604085715950350e+04
3.313888081664505444e+04
3.060131942423227520e+04
2.905528920632994050e+04
2.641713389006969373e+04
2.534767224546186480e+04
2.261698193752122461e+04
4.438887256017315667e+04
4.248140195390212466e+04
3.995956706948568899e+04
3.831234608020773157e+04
3.747324559276585933e+04
3.571087242099363357e+04
3.313773258991889452e+04
3.171675874759597718e+04
4.683191784094629838e+04
4.503041873564567504e+04
4.247852260614723491e+04
4.093481495150418777e+04
3.995608613464203518e+04
3.831026490097131318e+04
3.570902771630508505e+04
3.312980654140956904e+04
3.059135959355900923e+04
2.905102976860300259e+04
2.809826055416868985e+04
2.641230834447910092e+04
2.808603774914576206e+04
2.534611576417038668e+04
2.498197828169748755e+04
2.220598180485629564e+04
2.261501111533979565e+04
3.743298345997889555e+04
3.568801307956156961e+04
3.311274957245202677e+04
3.057305593320795379e+04
2.904324613274339572e+04
2.640307711572676635e+04
4.091170223376454669e+04
3.828557127406541986e+04
3.568171422465651995e+04
3.438481742276354635e+04
3.170367195590207848e+04
4.461865538145029859e+04
4.185649344394740911e+04
4.163895792872087623e+04
3.886277855920393631e+04
3.909584826503290242e+04
3.633800423341186979e+04
3.438531890049237700e+04
4.163851299729659513e+04
3.886236235257835506e+04
3.909584547044573992e+04
3.633806150389136019e+04
3.708210691617355769e+04
3.438682918191057979e+04
2.122370983882730434e+04
1.871614581543633903e+04
1.888721412810458787e+04
1.695384930823247851e+04
1.900737703209643223e+04
1.796821866934930222e+04
1.396588627182593518e+04
1.731367999839315598e+04
1.709285074270307814e+04
1.731986274217191749e+04
2.154960264611955427e+04
2.208313233729710919e+04
1.902124637958510357e+04
2.039246743419187987e+04
2.202973583206020703e+04
2.549384525493597175e+04
2.710811068189663274e+04
2.889958760654848447e+04
2.589387313474481925e+04
2.803856643428241296e+04
3.083825972366840506e+04
3.028625116836172310e+04
3.289610463600142975e+04
3.505309832006267243e+04
3.729169047494338884e+04
2.329155820172428866e+04
2.565381251088996578e+04
2.804390448022118653e+04
2.809210905919685320e+04
3.029117771819364862e+04
3.261958285218493256e+04
3.501357307478723669e+04
3.729791738126694690e+04
1.110290243711157564e+04
1.387881874319175586e+04
1.452435628458395331e+04
1.665472305765625060e+04
1.719656203672179254e+04
1.989675670528643968e+04
2.261558841555093750e+04
3.166491415481872962e-02
2.775952732333437780e+03
5.551438937224081201e+03
8.327336696877406212e+03
9.365527526408139238e+03
1.190156892849056203e+04
5.551522424065967243e+03
2.775627358979084875e+03
1.678880044903255098e-01
4.290075836163801796e+03
2.775703271655374010e+03
5.110372997805062369e+03
8.326918580487817962e+03
9.368003860551303660e+03
5.551467432286936855e+03
7.017645635471687456e+03
2.775604728713685290e+03
5.112648648599529224e+03
4.294394746001402382e+03
9.367621865977725975e+03
1.195780992003729807e+04
7.017086330409064431e+03
1.022234266166085763e+04
5.111821716352783369e+03
9.022605854711546272e+03
4.293350057282536909e+03
8.586585410537520147e+03
1.737266108622606043e+04
1.286448404607712655e+04
1.715256553656038159e+04
1.316276645953575098e+04
1.737873440783419937e+04
1.803444627925821260e+04
5.551325888822875640e+03
7.013427642837205894e+03
8.327215941814034522e+03
9.365901231067222398e+03
1.195207078907581854e+04
1.110309400768326668e+04
1.190222277868173478e+04
1.402906579393512766e+04
1.530711698638742018e+04
1.697928935175465085e+04
1.630917916781251552e+04
1.891303514080135938e+04
2.103617032111466324e+04
5.095809716725656472e+03
8.986420470292989194e+03
4.274164792164709070e+03
8.548502878751058233e+03
5.097027696883476892e+03
8.989329156329215039e+03
1.019565221776474755e+04
1.189757132753601945e+04
1.110322126736908467e+04
9.360914129343971581e+03
8.327627612701731778e+03
7.007459766448660048e+03
5.551622404752317379e+03
1.871766047395908390e+04
2.101287520211455194e+04
1.629758943472335704e+04
1.889007203890036908e+04
1.401018521286396026e+04
1.695706247739132596e+04
1.528624244301344879e+04
3.708071133203637146e+04
3.438571838723855035e+04
3.170426255248519010e+04
2.904102161776584762e+04
2.808501513886993052e+04
2.640056951601625042e+04
2.534476685655819165e+04
2.261328084667538860e+04
1.870657487677982863e+04
1.628511093630059440e+04
1.399549728886110461e+04
1.191487383725175278e+04
2.377762852694018511e+04
2.120845919430625872e+04
1.869896943658702003e+04
1.627584105896686378e+04
1.398495745392246135e+04
1.190202495065454059e+04
4.353540457309552585e+04
4.088848285011492408e+04
3.825993061382925225e+04
3.492285190018902358e+04
3.252506205820508694e+04
3.019179930263352435e+04
2.808191929578673080e+04
2.534066402595028558e+04
2.376372493711571224e+04
2.119295617626344756e+04
2.093684281227991960e+04
1.880528853513118520e+04
1.694858937500452885e+04
2.137085122130084710e+04
1.717755316921834674e+04
2.190895280927778003e+04
1.784088749734622252e+04
2.277496706095702029e+04
2.393356693102923964e+04
2.534432881095636549e+04
1.882713343667124354e+04
1.626573479915466123e+04
2.095943757766075578e+04
1.869165350166862117e+04
2.322820444684834001e+04
2.120368110278172753e+04
2.696338448067439822e+04
2.377327668849317342e+04
2.579662123115872237e+04
2.794954075025210477e+04
2.559689343168823325e+04
2.804029889447975802e+04
2.538774904295582746e+04
2.700883041279448298e+04
2.880647362787578459e+04
3.075022328333503538e+04
2.797715579030354274e+04
3.022939882821232823e+04
3.256291574470422711e+04
1.017001549033755146e+04
8.963270084571384359e+03
5.085709697971851710e+03
4.261967194612470848e+03
5.087011188531719199e+03
6.999963858735532995e+03
3.909593442121188127e+04
3.886239889761512313e+04
3.608626399512021453e+04
3.331056469565106818e+04
3.053445384357884177e+04
3.569118020727747353e+04
3.311621678006138245e+04
3.057686479947530825e+04
3.260102542558449204e+04
2.808190382381467134e+04
3.027411697348477901e+04
2.802944360776253961e+04
3.934634492693189532e+04
3.805766990511909535e+04
4.194553155176994915e+04
3.693305216905476846e+04
4.092926605107310752e+04
4.007996793439425528e+04
3.940816475410515704e+04
2.795233757824954955e+04
2.697481625900453946e+04
3.107011866151028153e+04
2.625550191428445396e+04
3.044912758796660273e+04
3.007255791363807657e+04
2.994962653710876839e+04
