5.485486800842209050e+04
4.611862244012502197e+04
3.115159869657795207e+04
2.489154063921501438e+04
7.345642843291684585e+03
2.771336756097593025e+03
2.654598727692305329e+04
3.010736049812107376e+04
3.553678666138770495e+04
4.100412581908491848e+04
4.733039840346294659e+04
4.198609642631211318e+04
3.670149375543060887e+04
7.188766273134651419e+04
7.069501069826784078e+04
6.922068955297449429e+04
6.809458247153495904e+04
6.656228575750997697e+04
6.391351924887407222e+04
6.127543754535929475e+04
7.223518293451258796e+04
7.013295232347630372e+04
6.807911050947487820e+04
6.501943000739251875e+04
6.291962902992445743e+04
6.087407571500669292e+04
4.564166215027267754e+04
4.161974084027936624e+04
3.794054717141602305e+04
2.860325186350714648e+04
2.651106149771292257e+04
1.938416342763919965e+04
1.750846186939458494e+04
9.449737118382599874e+03
3.248279268147050971e+04
3.188990518491219700e+04
2.706412445694858252e+04
2.692587045668082283e+04
2.261266436901801717e+04
2.312102784719389456e+04
3.148654459883460731e+04
3.136911230180365965e+04
3.149657080822038188e+04
2.703476238342153738e+04
2.746263785368925528e+04
2.391233072836289284e+04
2.634988313177305827e+04
2.266328003150777658e+04
2.446200132567440960e+04
2.642974934206887701e+04
2.362009193593311647e+04
2.595020433985234558e+04
2.915536206203199254e+04
1.975009101798725533e+04
2.107221831400457813e+04
1.742546137565150275e+04
1.931255603518702264e+04
2.139351621658812292e+04
1.890329687714985266e+04
2.138727213154083802e+04
1.651052609966945238e+04
1.723698797782247129e+04
1.992927898253567037e+04
1.941951215099275214e+04
2.219384857673646547e+04
2.536651907691549422e+04
2.810160585994900612e+04
1.457595804778812453e+04
1.723739582235252601e+04
2.393427974857978916e+04
2.652764981493291270e+04
3.082831414363995646e+04
3.334766941129133920e+04
4.027809345731388021e+04
4.278115006079801969e+04
1.664499580026361946e+04
2.536708442035988992e+04
3.447820382105424505e+04
3.716377421698175749e+04
4.373720851511074579e+04
5.568520695697152405e+04
6.243684057489044790e+04
6.926757427851176180e+04
7.363751803642096638e+04
5.475938723799263971e+04
5.921033829847996822e+04
6.378931207497801370e+04
6.847142941668290587e+04
7.323666995756424149e+04
7.807053663873959158e+04
8.572192363081447547e+04
4.904665662047157093e+04
5.568661429231416696e+04
5.985699266491978779e+04
6.419225389937797445e+04
6.866116999827959808e+04
7.323925356682611164e+04
7.790803618178474426e+04
5.475594101447144931e+04
5.920584199080496910e+04
6.169030939186109754e+04
6.621309620216743497e+04
7.084284505273358081e+04
7.555932622198759054e+04
7.085208284003566951e+04
7.324029924833173573e+04
7.582041650455571653e+04
7.857371862315719773e+04
8.148245202493295074e+04
6.868146941480165697e+04
7.085902002828429977e+04
7.115964899857099226e+04
7.326423346487052913e+04
7.557870223561291641e+04
7.808422537012459361e+04
5.711642590490166913e+04
6.426376484632251231e+04
6.927543932355025026e+04
7.227368874073689221e+04
7.432593583034684707e+04
7.739062841089061112e+04
5.723993071125187998e+04
6.147968657912440540e+04
6.575226357129409735e+04
6.242020534327759378e+04
6.663380458639348217e+04
5.981459300756832818e+04
5.304106218117548997e+04
4.637078069389024313e+04
3.985654446153448953e+04
3.634166459494047740e+04
3.051674728633339328e+04
2.810094046112492288e+04
7.781486510580900358e+04
7.535483388211148849e+04
7.308350784718076466e+04
4.404167762461361417e+04
4.413639941887346504e+04
3.974123990885714011e+04
3.567942881343100453e+04
3.194828675303630735e+04
4.461512282000719279e+04
3.984366724536212860e+04
3.081780258883080387e+04
2.192701025590485369e+04
1.412157213460463754e+04
1.716577623735750603e+04
1.907979924141046649e+04
2.230320698965631891e+04
2.586374938841982657e+04
2.964025170922893813e+04
3.358537933253039955e+04
3.441779702675738372e+04
3.576207870533974346e+04
3.083579754245293225e+04
3.052819453312663973e+04
3.083578294376135818e+04
3.174070555934475487e+04
3.319408024476382707e+04
9.448453977957174357e+04
9.171091293554169533e+04
8.893747948161074601e+04
8.616468003975969623e+04
8.339168817044008756e+04
6.260874003333764995e+04
6.497667986206487694e+04
5.803797888419891387e+04
6.029153650694065436e+04
5.566813166308646760e+04
5.801468752130513167e+04
5.112378090135260572e+04
5.333790152991488139e+04
4.873319044455621770e+04
4.032560921598628920e+04
4.429887719169901538e+04
4.831168123588387243e+04
3.544519532061213249e+04
3.946301896368947928e+04
4.351658091369980684e+04
3.468183813801274664e+04
3.878030006147825770e+04
1.391841485042730346e+04
1.187153034431487686e+04
1.110570165764471858e+04
1.873896906461250546e+04
1.622128451432966358e+04
1.450244730521898782e+04
2.088047898007677213e+04
1.865320624851023967e+04
2.095535618818729927e+04
2.114244295015872194e+04
1.699584368289948907e+04
1.287855353928692784e+04
1.766617035046790625e+04
1.374936982902824820e+04
1.182017975829441821e+04
1.187361986694013285e+04
1.988375227610052389e+04
3.049567542691331255e+04
3.486798748285920010e+04
5.838722664707875083e+04
6.325230566778482898e+04
7.107628301198121335e+04
3.966402748343863641e+04
4.452157226930520847e+04
4.941941072220287606e+04
5.434766832507414802e+04
6.622272195384444785e+04
7.316045733400613244e+04
8.010888233197419322e+04
6.049909150787696126e+04
6.503717229965928709e+04
6.742587773347635812e+04
6.964950695343133702e+04
7.199265765312656004e+04
7.662373450349140330e+04
7.904418498171295505e+04
8.130812760889968195e+04
4.920939280880214210e+04
5.068175788829952944e+04
4.888152852873896336e+04
4.755310704022102436e+04
5.066728663887923176e+04
4.673749943487546261e+04
4.954184527546229947e+04
4.891629424192615261e+04
2.680189534339704915e+04
2.396146300178980891e+04
2.779441371221785812e+04
2.537062569771426570e+04
2.097277299100608798e+04
2.379467157400293581e+04
2.699275716957936311e+04
1.697625380037509967e+04
1.303350976912927945e+04
1.720481589744101802e+04
1.389434960460116054e+04
1.189464991439373807e+04
1.521975596607053740e+04
1.110413090620078583e+04
1.188869286046658817e+04
1.398057418591164060e+04
1.451581664266189364e+04
5.552273942144798639e+03
1.302921652440581238e+04
8.929235648076040889e+03
5.070681619871018484e+03
2.776024187534447265e+03
1.273240598048888023e+04
8.488321455444858657e+03
4.244074351600467708e+03
2.189952616337720974e+04
1.783358279660242624e+04
1.387026034515387255e+04
1.013059166861081030e+04
1.717620938540395946e+04
1.301241367160219306e+04
1.780353858978805147e+04
1.384857571598775939e+04
1.011747804562151214e+04
1.298922218700904159e+04
8.903191528076531540e+03
5.059367709310014106e+03
4.222525851603849333e+03
9.716081270989170016e-02
5.054148740088683553e+03
2.776331700116168122e+03
5.054154906359101915e+03
5.552287170115073422e+03
6.976462632964557088e+03
1.865775780711249172e+04
1.450411911039130973e+04
1.622820262617534900e+04
1.187421641808293134e+04
1.392846716765902056e+04
9.330087612295355939e+03
1.183536226208981680e+04
6.965153483404890721e+03
1.007763401095162772e+04
4.177590691606023029e+04
4.018199330142873077e+04
3.872203487600217341e+04
3.741124478375737817e+04
3.626605704493122903e+04
3.530272085686841456e+04
6.558361090078187408e+04
6.434743776248293580e+04
5.942286820627963607e+04
5.831915511086151673e+04
5.732882497769998008e+04
5.250745594372860069e+04
5.170280105634520442e+04
2.657698524371027816e+04
2.991633537243246974e+04
3.343545684441471531e+04
2.846758850191143210e+04
3.214706379977986217e+04
3.592750888653007860e+04
3.890480270036292495e+04
1.683933858164420963e+04
2.076498560824984816e+04
2.507712069035928289e+04
2.920894599785683749e+04
3.369764774940875213e+04
3.780174432379922655e+04
2.500016686639981708e+04
2.855166617617679731e+04
3.224864991142568761e+04
3.115956751899783558e+04
3.507660834963717207e+04
3.904385553782460192e+04
3.835350888717008638e+04
3.043483449033691431e+04
2.847434580022584123e+04
3.164356296478057629e+04
3.002224293591301830e+04
2.857903365704098542e+04
3.228149913708415261e+04
3.119359372730572431e+04
3.357913985828239674e+04
3.434348731002655404e+04
3.165684250049095135e+04
2.898763855088021592e+04
3.044461843960192346e+04
2.793623607992906182e+04
3.054419512261089403e+04
2.776721781789424858e+04
2.807632879860095272e+04
2.499067635240511663e+04
2.533382101312735904e+04
2.259922153461572816e+04
2.897750092963456336e+04
2.632877121688088300e+04
2.533244272876522518e+04
2.259747343069480121e+04
1.987460563594072300e+04
1.666082571662995542e+04
2.305443809854082065e+04
2.076811325522045081e+04
1.859887220893757694e+04
1.615947535784834690e+04
1.384738284541348366e+04
1.185199844903608209e+04
9.300308505098746537e+03
2.369883232751327523e+04
2.111867424383202160e+04
1.859486527953216137e+04
1.716536453510463252e+04
1.448535945942658691e+04
1.110777730672812504e+04
2.832990743306182776e+04
2.650458832688509210e+04
2.344225065819462907e+04
2.155981651199529006e+04
1.988778177416443214e+04
1.662711215602899028e+04
1.491768824530265374e+04
1.266957196885413214e+04
1.236391056503686923e+04
1.267427977661188561e+04
8.699355543444486102e+03
9.941895279878532165e+03
6.917044975638847063e+03
9.295841408602949741e+03
1.171772065948017007e+04
1.383171724428688867e+04
1.184775744213395228e+04
1.448396869050132773e+04
1.388513847368517236e+04
1.666183518691326026e+04
1.666214503758868159e+04
1.943885190974371289e+04
1.987075113778229570e+04
2.259499586548867956e+04
2.369568616170196401e+04
2.631761619994780631e+04
1.661034398880010122e+04
1.858396970513327324e+04
2.154143050059754751e+04
2.343021425809687571e+04
2.548185265920836173e+04
2.831986500657175566e+04
2.221359251987454263e+04
2.340080008075040678e+04
2.709710563816876675e+04
2.835302078812224136e+04
2.981557439498979147e+04
3.331257694825028011e+04
3.478933171202605445e+04
3.002430816153925116e+04
3.091543810468786978e+04
3.202344801692052715e+04
3.578294227076024254e+04
3.695512079867436842e+04
3.829295678288695490e+04
2.060211971315947812e+04
2.079250068345762338e+04
2.134547149085870115e+04
2.534817849716997807e+04
2.223415056367730722e+04
2.610234423374376274e+04
2.712102080825839585e+04
1.491008430738061179e+04
1.662395586319349604e+04
1.859607464904338485e+04
2.155997648508043494e+04
2.344720568592619020e+04
2.549741121473476960e+04
8.700944454358415896e+03
9.943299658730820738e+03
1.356078458436736946e+04
1.172389324086430861e+04
1.491673343875694809e+04
1.662986025414293545e+04
1.860161033543377198e+04
1.110795335295569566e+04
8.330773697128013737e+03
9.294768054131092867e+03
6.917000815219182186e+03
4.971459756106653913e+03
4.124452007350594613e+03
1.184788864052838835e+04
9.294834410534145718e+03
6.917060154007999699e+03
5.554104039282337908e+03
4.971500884103738827e+03
2.776948621575590096e+03
1.959985362816844545e-01
8.331074150123331492e+03
5.553915713894072724e+03
6.917610098139324691e+03
2.776769429980035056e+03
4.972376239588354110e+03
9.352167106881476011e-02
2.777062960670520170e+03
1.110788298874615248e+04
8.331111404766639680e+03
5.553928234613584209e+03
2.777180954566314540e+03
3.283831954768028777e-02
2.777124623032940690e+03
9.292003736688520803e+03
9.930532934687380475e+03
6.913142608542339076e+03
8.689347769914442324e+03
4.965947138560052736e+03
8.235276464978413060e+03
4.117700966538520333e+03
8.692408499550878332e+03
1.716269053622839056e+04
1.448195508968508693e+04
1.184617925995871155e+04
9.292544523404030770e+03
3.039137119277579404e+04
2.896453175236759853e+04
2.787756070363732215e+04
2.765474364756495197e+04
2.541902822227454453e+04
2.547952316365378647e+04
2.303260871018377657e+04
3.294889575153950864e+04
3.163717086498585923e+04
3.039289583828664763e+04
2.993278164052443390e+04
2.787964478193290415e+04
2.765805992632371272e+04
2.548348672456396889e+04
3.163472107896775560e+04
2.807353538878733161e+04
2.499352099735279262e+04
2.259382992734151048e+04
1.986999921118926068e+04
2.368857165260557304e+04
1.943951863385222532e+04
1.986948375473337728e+04
1.666224667526164558e+04
1.448172038452692141e+04
1.382312215153270154e+04
1.488209592650534978e+04
1.843231614095938130e+04
9.922932752073567826e+03
1.352700347425264590e+04
1.735800827351154658e+04
4.962051277324439980e+03
8.680624271482414770e+03
1.264524117739907706e+04
9.926811308410777201e+03
1.353352651984988552e+04
8.685136957716487814e+03
1.265227312337691183e+04
1.669092935978501191e+04
1.646158522469907984e+04
2.057708822372434588e+04
2.076769406452239127e+04
4.971061935190091390e+03
4.123791324481775519e+03
8.247477133373253309e+03
4.972412397789524221e+03
8.704038118427597510e+03
9.945842960146483165e+03
1.172630729983856509e+04
6.922503842945993711e+03
4.979547494467755314e+03
4.134054627865934890e+03
4.980874021006571638e+03
9.962749016346773715e+03
1.174055448427490228e+04
1.716929314495648214e+04
1.388400673848133010e+04
1.449026640656113341e+04
1.110701796998945792e+04
1.185642228640226858e+04
9.306571317372730846e+03
6.932799545947882507e+03
1.943699515697800598e+04
1.666008018478720260e+04
1.449362265549722360e+04
1.388360103590230938e+04
1.186071044408642229e+04
1.110671031727062109e+04
9.312212863804736116e+03
8.330255415687430286e+03
6.940532809207426908e+03
2.260132743845981531e+04
1.943620044390594921e+04
1.987898467076783345e+04
1.665980949964011961e+04
1.388300698952169842e+04
1.110621659555691440e+04
2.533573859403751703e+04
2.221266232727918032e+04
2.260215009759451277e+04
1.943588459149337723e+04
1.988001877644428896e+04
1.665911896905558388e+04
1.717540376844552520e+04
1.388278913076448225e+04
8.329306476407291484e+03
5.553043093134572700e+03
2.776368148770739936e+03
1.294955009814091063e-01
2.776521780990843126e+03
5.553160427585684374e+03
8.329553655242671084e+03
9.325175433291075024e+03
5.552916743760374629e+03
6.958377398223405180e+03
2.776291929088766210e+03
5.029773867764991337e+03
1.101007889439710313e-01
4.194940006012479898e+03
2.776497768044414897e+03
5.031217906391412725e+03
1.943492113959597191e+04
1.665870434451810070e+04
1.388207598982029049e+04
1.110545973079451505e+04
8.329279215344213299e+03
5.552687141353447259e+03
2.776530804342044576e+03
8.329048939859643724e+03
5.552895432025557966e+03
2.776330366361678443e+03
2.015082289932303983e-01
2.776339863644160232e+03
5.552868672558463913e+03
1.943440607591019216e+04
1.665786843873980251e+04
1.388176652319943241e+04
1.110525305108501016e+04
8.328751660070751313e+03
5.552685980447741713e+03
2.260602775037517495e+04
1.988494250383190956e+04
1.718203239555800610e+04
1.450639886174536150e+04
1.187757224570280960e+04
9.334035083315553493e+03
8.328773110687239750e+03
5.552709598075660324e+03
2.776234529875839598e+03
2.016743079085277779e-01
2.776255755418751050e+03
8.431963921261458381e+03
4.216022821213724455e+03
8.878761254688979534e+03
5.048682203575312087e+03
1.009870737554074367e+04
1.185517699386823551e+04
1.381100839586307666e+04
1.009470868120718114e+04
1.514411697839264343e+04
1.185200750418826101e+04
1.683334464166440011e+04
1.878253497598301328e+04
2.091964748449196850e+04
1.624093057957557903e+04
1.867038371929394270e+04
2.318897177504855063e+04
2.118525700350013358e+04
2.556151583186784046e+04
2.375803994496422820e+04
2.800868287238953053e+04
3.051186458398572722e+04
1.624439239893276317e+04
1.867337632896974173e+04
2.118748250611643380e+04
2.376034434991008311e+04
2.637409977623031955e+04
2.901838613597643416e+04
1.451030939190540084e+04
1.718506521065265042e+04
1.988796487685657848e+04
2.260865229748568163e+04
2.534097732736236503e+04
2.808225154511527580e+04
3.082935984393777471e+04
3.358160291140570916e+04
5.059460971787365452e+03
6.980260248982638586e+03
9.341739146797941430e+03
1.188353289368060723e+04
1.451175693993417190e+04
1.718659474854249129e+04
1.988882946347247344e+04
2.260931138488430588e+04
1.388074810701459501e+04
1.110441614651929376e+04
8.328519848391120831e+03
5.552211997028933183e+03
2.775916198578748208e+03
5.841601853689497997e-02
2.808281701623892513e+04
2.534186052204975203e+04
2.260955139055991094e+04
1.988986252236595828e+04
1.718775343287250143e+04
