2.105556621451816682e+04
6.036252114100156905e+04
2.307736708836525941e+04
6.848889113205375907e+04
4.695586773710025227e+03
3.211586120667955765e+04
9.100278435754273232e+03
2.396548683033084671e+04
4.577450559016737679e+04
2.374232627117918673e+04
4.580508878625321086e+04
3.550866970268817386e+04
4.736519638371281326e+04
6.571463497915264452e+04
6.197200945456470799e+04
6.606889154039538698e+04
6.636074147730541881e+04
6.311709664697939297e+04
7.029747194822388701e+04
6.914549602290756593e+04
6.210668483229551202e+04
6.615502110810535669e+04
6.400023059375457524e+04
6.263902970365546935e+04
7.190113084108629846e+04
6.813510871797827713e+04
4.487069949426646053e+04
6.388945120046888042e+04
2.024578410420999353e+04
3.313483168113229476e+04
1.081127082999359664e+04
2.442061744634564457e+04
1.037509750706402156e+04
3.301952298213051836e+04
2.593580578435790449e+04
3.114759626322332042e+04
2.228162270932537649e+04
2.772579912935675384e+04
2.124952837168770566e+04
3.078959263737953370e+04
2.959078208276374789e+04
3.376173628927333630e+04
2.592863905000995146e+04
3.121153420293674571e+04
2.492105709236070106e+04
3.319859511568048038e+04
2.553534910028093509e+04
2.764062971015478979e+04
2.640785236893493493e+04
2.734789870093009085e+04
2.723831049537900253e+04
2.426100709584147626e+04
2.619068162954910440e+04
1.996339584274229128e+04
2.170138833416525085e+04
2.140963957587171171e+04
2.051223751522193197e+04
2.152426002094117939e+04
1.824387668087779457e+04
2.229205319766767207e+04
1.999700714658692596e+04
2.253972723087833219e+04
1.858062424998779170e+04
2.622930232058940237e+04
2.115964312490951852e+04
2.163738775377721686e+04
1.660054458605229229e+04
2.066091686755875344e+04
2.345539815502931742e+04
2.666714423613502004e+04
1.597756311374572579e+04
4.129931562172945269e+04
2.220068335624018800e+04
3.465991975541810825e+04
1.187203064230538621e+04
1.831299447633931777e+04
4.598514975695835892e+04
3.114091530426609461e+04
4.621055005302339123e+04
1.883706360071657400e+04
9.163831268600844487e+04
6.611748882189998403e+04
8.398943600508490636e+04
5.801441000141591212e+04
6.835234282573354722e+04
6.941612882259064645e+04
5.456117954491106502e+04
8.440007233891317446e+04
6.381034022228971298e+04
8.094291660062054871e+04
4.868085153351900226e+04
6.649748903318005614e+04
6.760667309479732648e+04
5.430084009786099341e+04
8.275083713155135047e+04
6.238444734904168581e+04
7.907829764764067659e+04
4.827737458640764817e+04
6.937611793919284537e+04
5.655235717521482729e+04
7.872338533819901932e+04
6.430805309618893079e+04
8.084963356924892287e+04
5.926530557327353745e+04
6.745871209225019265e+04
8.014496521862695226e+04
7.074233103323963587e+04
8.373780740746579249e+04
6.915523002391764021e+04
7.075988574280680041e+04
6.653460898776449903e+04
7.597747199373268813e+04
6.827290868324770418e+04
7.843034662520629354e+04
6.867851598112168722e+04
6.946204888703997131e+04
5.730521563048587268e+04
7.855845731301874912e+04
6.537115404869574559e+04
8.127623088558595919e+04
5.985034894931547024e+04
5.568242165577531705e+04
6.769366220470034750e+04
5.859064885705993947e+04
6.921581147542508552e+04
5.855037463405973540e+04
4.392406653347492102e+04
4.844878067206548440e+04
5.886856400899576693e+04
2.938319599811840453e+04
5.372310859117731889e+04
2.995311136418547176e+04
6.182242141911012732e+04
8.316960431877094379e+04
7.341938715889662853e+04
8.269474527723279607e+04
5.203283895891095017e+04
3.245967997486913373e+04
4.570512310890798835e+04
3.000662620891645565e+04
4.954376817023546027e+04
1.841079605615034961e+04
6.449082821341158706e+04
3.345598946311066538e+04
9.419794302830306697e+04
2.420374254776982707e+04
1.110772115849199690e+04
2.776724258779531010e+04
2.131769285925572694e+04
2.336135890483188996e+04
9.954231900691789633e+03
3.054844897457080515e+04
3.115758650362895787e+04
3.452355156403721776e+04
3.033884708342768135e+04
3.294739547530852724e+04
3.325640320485252596e+04
3.153247593669381968e+04
2.900230685984784577e+04
8.274791898986120941e+04
9.019819810941223113e+04
7.921922349446074804e+04
9.936154257747446536e+04
8.864310089802154107e+04
4.985532420349062158e+04
5.047236153480936628e+04
5.727809505780402105e+04
5.624782677813894406e+04
5.615756503296344454e+04
6.294935080692064366e+04
5.145904935759516957e+04
6.607004332030846854e+04
5.399845735625269299e+04
3.886090102160679089e+04
3.898149780156320048e+04
3.476168099927678850e+04
3.479659366029606463e+04
4.448414028346256237e+04
3.408313910948824923e+04
4.705655747013322980e+04
3.599295989277851186e+04
1.518357029496411451e+04
1.525419985729958898e+04
1.903178064040272511e+04
1.843377890116578783e+04
1.284452879042642962e+04
1.927958747563042925e+04
1.004747229629843059e+04
1.758000670168292345e+04
1.691737360204397191e+04
1.622462592728582240e+04
2.120604203601107656e+04
1.069854892950036992e+04
1.849452924539320884e+04
1.197202326850210011e+04
2.349180977977405928e+04
4.616437361030305328e+04
6.411776956739021261e+04
3.114728842941422045e+04
7.081995846729082405e+04
5.365145569003463606e+04
5.186816297949962609e+04
1.400231731757903981e+04
6.879222642195441585e+04
7.576028824889507086e+04
5.741409467613226298e+04
8.329775923344425973e+04
7.078348043848347152e+04
7.158947589739380055e+04
3.846099527170085639e+04
7.059446652264485601e+04
7.320571878580850898e+04
7.866781125559397333e+04
6.662285725511159399e+04
8.119003311433138151e+04
7.470066664575652976e+04
7.672658507295309391e+04
5.784634311882083421e+04
4.932157498015933379e+04
4.953226148645779176e+04
5.135913794661442807e+04
5.005967596797966689e+04
4.966271484972620965e+04
5.098121033789863577e+04
4.790809574596265156e+04
4.675420572960262507e+04
2.602729849877814922e+04
2.912838768812297712e+04
2.588188244834874422e+04
2.813390698721540321e+04
2.797672804996719788e+04
2.472740557336998972e+04
2.325962210981940370e+04
1.117051590483669315e+04
1.432909471597501579e+04
1.448244577863377708e+04
1.283815425453238822e+04
1.345675898638087529e+04
1.289754409612633754e+04
1.735674018926917051e+04
1.457574485946161803e+04
1.162780691439868497e+04
1.332308929139027896e+04
7.648705089203089301e+03
5.816237669383202956e+03
1.826468511607547498e+03
9.273017730228095388e+03
5.851553168591584836e+03
3.499998699504809792e+03
5.572520361162709378e+03
1.472870158383166927e+04
1.263803197627303234e+04
1.902725146763428711e+04
1.095278350351233530e+04
1.379381921305588730e+04
1.414850485541924536e+04
2.049783723315460156e+04
1.039532536961638107e+04
1.652865423671844110e+04
7.821759635831126616e+03
1.197674944822151883e+04
1.095980178512080965e+04
1.741735860187490471e+04
4.662717183068353734e+03
8.401171230196719989e+03
5.814863819124346264e+03
5.646247805230463200e+03
7.456274388579184233e+03
1.412711333314005515e+03
6.400638008464305130e+03
7.036761480550267152e+03
7.069699927277167262e+03
1.190705598503897272e+04
1.128922224954959165e+04
1.106407475541455824e+04
1.632029340075660730e+04
8.494109770272145397e+03
1.859108908987480390e+04
9.262435335369111272e+03
3.649008961843050201e+04
3.516958842816531978e+04
4.066899480375357234e+04
3.556663320827399002e+04
4.681493744300488470e+04
3.784356881089757371e+04
5.880055540527462290e+04
5.504537436652741599e+04
5.356410482697184489e+04
6.584606244771240745e+04
5.381421087113283284e+04
6.764913013502427202e+04
5.404776446138537722e+04
3.056638601157485755e+04
2.810525604414981717e+04
2.632128180645608154e+04
3.703404929651483690e+04
2.687825441493043036e+04
3.735301634941260272e+04
2.629950592926214449e+04
2.003649585477006622e+04
1.111896884891012087e+04
3.419833831486608688e+04
1.439181087184796161e+04
4.115481755576068826e+04
1.520923958393567773e+04
3.114032904576581859e+04
2.782552564659894415e+04
2.591506191483489965e+04
3.717982103300643939e+04
2.654947250308459115e+04
3.845007903407754202e+04
2.544550441399537522e+04
2.892603743020343609e+04
2.670718957095513542e+04
2.842490139874329543e+04
3.019667498507189885e+04
2.705857889304638593e+04
3.163178077940624280e+04
2.983767586101770576e+04
2.914044955046928590e+04
3.253369275496960836e+04
2.921714017268429234e+04
2.956861716426081693e+04
3.228112899402773837e+04
3.371401417116462108e+04
2.176182387757499964e+04
2.587367680025050504e+04
2.371503830457108779e+04
2.142739757056298913e+04
2.890532017235846797e+04
2.885136532392337176e+04
1.816520425614638225e+04
2.224468062536372599e+04
2.143366352715731773e+04
1.724149399766805436e+04
2.816009687942068558e+04
2.639414739643120265e+04
1.620823880751815886e+04
9.261124216011005046e+03
1.616335660767472473e+04
1.486161709891134888e+04
1.105133628197469807e+04
2.088510031258764502e+04
2.125582083511699238e+04
1.104469101655848499e+04
1.369995752920962514e+04
1.587006318350061156e+04
9.423632313611526115e+03
2.315666641466965302e+04
1.847540146817862478e+04
1.894442094379698756e+04
1.207442805810510072e+04
1.887228658452492164e+04
1.775252142584881585e+04
1.392075964472457599e+04
2.446756229310477283e+04
2.387070390858157043e+04
9.132522592255776544e+03
1.042166235201622112e+04
1.066546165369279151e+04
6.828243675864455327e+03
1.023491425971354511e+04
9.234581823772681673e+03
1.303937159476733177e+04
1.594145450842513310e+04
1.540960789737239429e+04
1.289630418206330796e+04
1.697780509236579019e+04
1.014506578668910879e+04
1.419904448908057202e+04
2.670121211519003555e+04
2.377942756396795812e+04
2.264841319697637300e+04
2.793116191812393299e+04
1.706325480413584955e+04
2.045127104170716848e+04
2.895958007451503727e+04
2.587566255550277128e+04
2.485219533946354204e+04
3.033496633648341958e+04
1.712968432323918751e+04
2.184985701922476073e+04
2.751765560464922964e+04
3.426726981440982490e+04
2.751247978610283462e+04
2.920019235952162853e+04
3.247842343272022117e+04
2.360458396410398927e+04
2.267070759307915068e+04
3.903750154123617540e+04
3.580313992452979437e+04
3.518925889941483911e+04
4.043813408659990091e+04
2.937857169755300856e+04
3.136412641913225889e+04
2.485648678948246743e+04
3.009462997933202860e+04
2.503127705032796075e+04
2.608693723213088379e+04
2.884721464174460198e+04
2.208834849222004777e+04
2.103943471471070734e+04
2.611739826520325369e+04
2.302090990607436470e+04
2.221402602444899458e+04
2.747125156649480050e+04
1.635283114128828674e+04
1.886696864978405574e+04
1.665477902505618113e+04
2.240056157316380632e+04
1.739541114522429416e+04
1.706840874657106178e+04
2.126287198160229673e+04
1.269990749734599012e+04
1.331026338784594918e+04
5.560522339494154949e+03
3.260032313539807092e+03
8.709017268120403969e+03
5.472950987357877239e+03
1.194658331028302746e+04
5.414700774669035127e+03
4.724970169588927092e+03
8.889282356258268010e+02
3.207257969421965754e+03
7.007409936969565024e+03
1.119120748419132497e+03
9.731318392450504689e+03
6.287411640777604589e+03
1.620903234600548103e+03
5.686408537728689225e+03
3.482955496800303536e+03
7.078093273948053138e+03
5.752079903622776328e+03
8.962134752762231074e+03
1.247556405045731935e+03
1.365282155409073994e+03
4.370933866773456430e+03
8.664957876221164042e+03
4.393557529838175469e+03
1.273636289295060669e+04
1.353215579470513376e+03
6.510235989935822545e+03
6.033508868540970070e+03
5.746009972304514122e+03
8.224879660823829909e+03
7.445926415135990283e+03
7.090068801549611635e+03
9.491930248557224331e+03
9.073555432694371120e+03
1.751447752996475901e+04
1.012728768743348337e+04
1.836565435713102124e+04
1.127800647300228593e+04
2.473323326504936995e+04
2.234626437188817727e+04
2.254420924967494284e+04
2.819624135567035410e+04
2.190451108404528713e+04
2.926223759148312456e+04
2.378312699031334341e+04
2.811129673889106562e+04
2.663676998689590619e+04
2.590563832650998302e+04
3.196560506132435694e+04
2.594267664668349244e+04
3.214999495253179703e+04
2.648460045622603866e+04
2.036232705928113137e+04
3.084491363635513335e+04
2.337059597554430729e+04
3.158583217641593365e+04
2.137998753601104545e+04
1.829209179022345415e+04
1.311129186865446718e+04
2.343322464693929578e+04
1.619575018295922746e+04
2.343649997652236561e+04
1.390553565313876243e+04
1.066062612440598059e+04
1.247018571127877840e+04
1.672130750929036367e+04
8.764734054520975405e+03
1.929580781485754051e+04
1.414297382370400192e+04
1.476464339339644357e+04
3.269510285092349932e+03
1.459791258246132384e+04
1.580376272652644366e+04
1.946556728884931726e+04
1.347731434737514974e+04
2.010837253056822374e+04
1.754874862427482003e+04
1.679885197945671098e+04
9.416470700200754436e+03
9.089834847446079948e+03
1.464397082188130298e+04
7.429845125255223138e+03
1.342458070956088523e+04
1.237493911527702767e+04
8.802001539673425214e+03
3.253716342177918250e+03
9.512413480675853862e+03
4.006375977020235496e+03
9.238471510867828329e+03
9.483503187945536411e+03
7.151949514025114695e+03
3.594612550063369781e+03
1.009902743587779332e+04
4.755443120502987767e+03
8.626116955153278468e+03
9.424325714728338426e+03
5.467125048452417104e+03
1.459827303601149470e+04
1.191611542682494473e+04
8.734507950149803946e+03
1.001148079734388375e+04
1.115865398275654843e+04
9.954630845584886629e+03
1.109324159240668632e+04
8.708885397619420473e+03
7.491170101443381100e+03
1.576405068676463270e+04
1.267190102959447358e+04
1.029250165523005489e+04
1.210462313606780299e+04
1.446915605026458070e+04
8.887218131990310212e+03
2.066236934774891779e+04
1.590824198674402032e+04
1.894986833723718155e+04
1.809836055466990001e+04
1.202667960884402055e+04
1.650840025043779315e+04
1.757451618599221547e+04
1.297714460411090295e+04
2.295859209296854169e+04
2.022504938990236042e+04
5.537039537683365779e+03
3.841523423130668107e+03
1.770441725621495834e+03
7.176683523688348032e+03
6.095614652804161778e+03
3.486114604800013240e+03
7.881640116143936211e+03
9.650656478742555464e+02
1.681402387261205604e+03
2.152809163325013742e+03
1.737925785488531119e+03
2.080999120946008134e+03
5.415094755376446301e+03
3.339571830507387858e+03
6.549502859329028979e+03
5.870850021688492234e+03
9.383554161870733878e+03
3.363917918328984797e+03
1.053122899026887899e+04
5.995376258271415281e+03
5.443515195250785837e+03
1.267176930829672528e+04
1.585221962854289995e+04
4.294628988932402535e+03
3.905954871586923218e+03
3.258994003061908188e+03
4.739111070456697234e+03
3.295454219695575375e+03
5.894615042311438629e+03
6.260304634754058497e+03
1.214156783829539745e+04
7.293279391799440418e+03
6.600581181209051465e+03
1.412420826971333554e+04
1.596982672284525870e+04
9.473748276992355386e+03
1.542842930530523336e+04
1.030407355705601913e+04
9.649146243432494884e+03
1.630934658930074329e+04
1.878676486388473131e+04
3.483439914140999917e+03
2.436602570046444725e+03
3.882653091242893424e+03
3.349482282719538034e+03
5.137764179533009155e+03
1.178879495939730259e+04
9.758085568460339346e+03
1.005305523315745086e+04
1.239857440103099907e+04
5.711141432148168860e+03
7.757209484451545904e+03
1.600684079905662475e+04
2.041205272046769460e+04
1.595689869077441108e+04
1.798333768843621874e+04
1.914890854993151152e+04
1.370148596560923943e+04
1.323697327130373924e+04
2.367534520571398025e+04
2.504840299031273389e+04
3.113997838053818487e+04
2.429095985046733040e+04
2.815376768826517218e+04
2.922288951617848215e+04
2.270544663132479400e+04
1.950549259248025555e+04
3.065274631037779181e+04
2.491537402778866817e+04
2.851808737585349445e+04
3.126292078787057108e+04
2.204995659946010710e+04
2.072179966563418202e+04
2.260957650868114797e+04
2.453405836695827020e+04
3.258005660834795344e+04
2.326553564256119353e+04
2.876086917109234855e+04
2.996807136747574259e+04
2.115247043249382114e+04
1.647250055299053565e+04
1.477662949378629673e+04
1.689922059095008444e+04
2.564598403336072079e+04
1.518811562076002156e+04
2.189827715251775953e+04
2.265333858444758880e+04
1.381120281688705654e+04
7.795960000826189571e+03
4.632273553628931040e+03
3.808725504213541626e+03
3.130641989918502532e+03
4.909852376972330603e+03
6.883205179430629869e+03
9.123390490442987357e+03
2.105492020805182983e+04
1.511960579748496639e+04
1.248930189257575512e+04
2.277285308075533612e+04
2.630368996935013274e+04
