1.009259621773806866e+05
9.678682682613667566e+04
1.042185509570336435e+05
9.684043187138218491e+04
9.928139546385816357e+04
1.008131057507521182e+05
1.043063078790493892e+05
6.983597085603229061e+04
5.921112018611737585e+04
6.792045335163027630e+04
6.994021131333340600e+04
6.106181647371383588e+04
8.072479909947999113e+04
7.613105358170009276e+04
2.012820916018637217e+04
2.044108870742106956e+04
1.803082942218800599e+04
1.612884171162794701e+04
2.723763937989559417e+04
1.678889064249093644e+04
3.005490338668069307e+04
1.698281862083066517e+04
2.124912801981575103e+04
2.230455779679560874e+04
2.154963308327904815e+04
1.806193232519918456e+04
3.287843944412758719e+04
2.001983018297876333e+04
3.331598844856012875e+04
1.637763745844421828e+04
3.057203284432107102e+04
3.456551760000026115e+04
2.732683186837436733e+04
3.157316326636485246e+04
2.824757465481117106e+04
3.590323933859134559e+04
5.497043295655636030e+04
5.305745333967811166e+04
5.670265774592976231e+04
5.228012039671236562e+04
5.428428807560943824e+04
5.448083098125748802e+04
5.896049443774100655e+04
2.748402939912454895e+04
2.295881071172781594e+04
2.900546792121506951e+04
2.343647358042708220e+04
2.482765931568946689e+04
2.868148789768098140e+04
3.321459290789274382e+04
2.817788555483982782e+04
2.657464422780093810e+04
3.395702877196617919e+04
3.451418149897216063e+04
3.201262085274347191e+04
5.026336320541178429e+04
3.190246717588834872e+04
4.488979446975827886e+04
2.560644024497152350e+04
3.099624931924332122e+04
3.533277702373404463e+04
3.155694073660636059e+04
3.182167399685141572e+04
3.456629073552200862e+04
2.996270762928210024e+04
2.874326743068912037e+04
2.819806248735870759e+04
2.873063179228910303e+04
3.262675546491949353e+04
2.670063653349627202e+04
3.783016075648269180e+04
3.178354446339031711e+04
2.575754714961598802e+04
2.615702954314115414e+04
2.262129626153737263e+04
2.085381088184402324e+04
3.420441548960824002e+04
2.139169974006035045e+04
3.807602057762775803e+04
2.124942526875174008e+04
2.357962017947540153e+04
2.199215072620272622e+04
1.950657508687779773e+04
3.005120455970188777e+04
2.073431734923405020e+04
3.123674592056735491e+04
1.881669251675172563e+04
1.026318410612649132e+04
3.397123489297639026e+03
2.166914606898063357e+04
6.885473721873778231e+03
2.916406410784588297e+04
6.182542049714235873e+03
2.541915230807217085e+04
2.606731772964698393e+04
2.749034552062043804e+04
2.578425844889278596e+04
3.550531012547517457e+04
2.680916339935301585e+04
3.390746693541281275e+04
2.518275084588920436e+04
7.758239391376585991e+04
6.684797769792456529e+04
7.811709335263038520e+04
7.679188530433422420e+04
7.185425709720383747e+04
6.238441774182354129e+04
2.922433018834383256e+04
2.815078515047078326e+04
2.593326728663388349e+04
2.964164730665333991e+04
2.780199004521639290e+04
2.624163377825085627e+04
2.920217097282007671e+04
3.585601880158402491e+04
7.190802346984848555e+04
6.680829692510909808e+04
7.513204613901753328e+04
6.785795420768925396e+04
6.913519107614737004e+04
7.237451023902972520e+04
8.192397449673668598e+04
9.344599439153457934e+04
1.035150823039316019e+05
9.277454893243373954e+04
1.065575425078513945e+05
9.633699919074168429e+04
8.078961668021240621e+04
9.267236892966995947e+04
8.082635880639438983e+04
8.365030144896080310e+04
9.022222242108175124e+04
7.373883261819211475e+04
7.163119653997186106e+04
6.090042679673771636e+04
5.982401634646546154e+04
5.507446274354059278e+04
6.295806298582915042e+04
4.642108549199626577e+04
5.415238967845234583e+04
3.800333145480594249e+04
3.518830169047199161e+04
3.153766434434062467e+04
4.038731185380931856e+04
2.401958645233560310e+04
3.038192000451649074e+04
4.669366297090175067e+04
5.855424064231357625e+04
4.973691825638614682e+04
4.317145774226196227e+04
5.692313560944088385e+04
3.427382178381018457e+04
4.260382591975097603e+04
6.679362592611782020e+04
6.863258450680568058e+04
5.634857792552502360e+04
6.931713528704455530e+04
4.397114277055877756e+04
6.215971573996478401e+04
4.705960341120797239e+04
5.279797171111291391e+04
5.263231125799502479e+04
4.029626822868322779e+04
5.343319721584126819e+04
3.366999034713609581e+04
4.824724750037924969e+04
2.597001413400053207e+04
2.763785955226496662e+04
3.010550679810351357e+04
2.522440111424306815e+04
3.826421616449893190e+04
3.174021965419024855e+04
5.718618801727185200e+04
5.801880253627864295e+04
6.056230314653929963e+04
5.547688296277610789e+04
6.379913340590727603e+04
6.134254714247413358e+04
3.638860459664888185e+04
3.559818520122284826e+04
2.956341616452105154e+04
3.389667635194461036e+04
3.585258878104597534e+04
3.026036780611026552e+04
3.950005994069534790e+04
3.782268454324919003e+04
7.969683808430812860e+03
9.546635889871697145e+03
1.126799853755122422e+04
9.802121472167582397e+03
4.993968840923186690e+03
1.026553245600158334e+03
4.806881116625827417e+03
2.984431298917633740e+03
3.355336064242424527e+03
4.048678331831867581e+03
2.759214751253380655e+03
5.254227974599144545e+03
5.019700766844819555e+03
7.987625360841237125e+03
7.178903353207529108e+03
3.472744575316434293e+03
7.835575316401969758e+03
2.041543431984910740e+03
8.112233281380590597e+03
2.099854517000413034e+04
1.522398546961541069e+04
1.742059961187028966e+04
1.620658055500779665e+04
2.312218691029294496e+04
4.409552302800407779e+04
4.117017009993365355e+04
4.456762908930554840e+04
4.063884361728336080e+04
4.210938495037395478e+04
4.333421226439309976e+04
4.715386664792039664e+04
4.119432626449215604e+04
4.625732839255465660e+04
3.682435192074292718e+04
4.287672436803702294e+04
3.626549472139619320e+04
4.613821857509041001e+04
4.483592327535456570e+04
4.312110383074997662e+04
4.641686831600078585e+04
4.137249712777681998e+04
4.417491068160166469e+04
4.310500921849050064e+04
4.872879805441895587e+04
3.093841908119051368e+04
3.333564773960642196e+04
3.211282711486863991e+04
3.003680804706302661e+04
3.452290626488663838e+04
3.617158717861522746e+04
1.860282593872454891e+04
1.302070801229769677e+04
1.770611146125655068e+04
1.758385351635846746e+04
1.396723540019037682e+04
2.400045380470238524e+04
2.255763736598799369e+04
3.030473215470193827e+04
2.790323951686101645e+04
2.571589049049341702e+04
3.218675725143379168e+04
2.065113907441537958e+04
2.406467444318930939e+04
6.962442388026003027e+04
6.888226967053565022e+04
7.306894521792288288e+04
7.200042712086973188e+04
6.307338901322035235e+04
6.218017824203326018e+04
2.712980493658355044e+04
3.555808731035204255e+04
2.680428387463710897e+04
2.978642825861577512e+04
3.320599236497072707e+04
2.268884248223774557e+04
2.082280365410830927e+04
2.240449400339533895e+04
2.247251412419886765e+04
2.574764462358654418e+04
1.722812791130140977e+04
2.382139643870469081e+04
1.843182669014459316e+04
2.764747833267785973e+04
4.515998954545584274e+04
3.676981542528312275e+04
3.736253605717793835e+04
6.399114990055019734e+04
3.705984904841967364e+04
9.122338570566044655e+04
4.118987670062708639e+04
1.092643076944991481e+05
1.008184262611990125e+05
1.182170358369731839e+05
1.053674834069017816e+05
8.039424994383596641e+04
8.021339193800590874e+04
9.159241986121301306e+04
9.049117081221430271e+04
8.975378364981221966e+04
9.903721652766299667e+04
8.395498547972376400e+04
1.026062366319398861e+05
8.380024476977533777e+04
6.672914144306683738e+04
6.795401868641060719e+04
6.609122084721301508e+04
6.090385796653722355e+04
7.423603554947409430e+04
6.371911181335994479e+04
7.346712430228668381e+04
5.815129659550879296e+04
2.467449782679373311e+04
2.323986525642696142e+04
3.252141789670007347e+04
2.255989848253599121e+04
3.441569914310595050e+04
2.363474387528109946e+04
1.336055565176783784e+04
1.790252665545262789e+04
1.423491166392070409e+04
1.412322488218300350e+04
1.627228501294249509e+04
1.821730254700614751e+04
6.634680345933064018e+03
1.080673606245220617e+04
9.943273473875478885e+03
1.508053618616157473e+04
1.061165921053686361e+04
1.409705935447702723e+04
6.475951141015853864e+03
1.232519414679639340e+04
5.118602819154385543e+03
1.324425488455170125e+04
1.661338593120171936e+04
1.649950024991069949e+04
1.376737601563929456e+04
1.758055240305061670e+04
1.079599420052880669e+04
1.480931163715626462e+04
2.833272989147682529e+04
2.694736801024616216e+04
2.647920625387277323e+04
2.886665151951890948e+04
2.396426616492116227e+04
2.519754703140211132e+04
2.753592857837636984e+04
3.041011563962330911e+04
2.879522153843759588e+04
2.632989954465103438e+04
3.017841234371954488e+04
2.431477819737817481e+04
2.735786863752647332e+04
2.050180344795651399e+04
2.318847292059468964e+04
2.156128134562907508e+04
1.938146545882665305e+04
2.295473081651014945e+04
1.754392199575590712e+04
2.022138391051266080e+04
2.486805511731903243e+04
2.825461538260359885e+04
2.503107887453866351e+04
2.558885832546727033e+04
2.745966030821584354e+04
2.266082900880019588e+04
2.256780324936920442e+04
2.645284823025834703e+04
2.724167357450679992e+04
3.090360150624337257e+04
2.718446691537049628e+04
2.844982919731498259e+04
2.996855960738543217e+04
2.511657597597652057e+04
2.423432118282534066e+04
2.140393434729801811e+04
2.347617798601842514e+04
2.241707040022975343e+04
1.973904325397907087e+04
2.345346348386395402e+04
1.861053336901675721e+04
2.202153072926054301e+04
1.478455593121265520e+04
1.681015931929200815e+04
1.685611733921625637e+04
1.320143538017062201e+04
1.693649164446158829e+04
1.145037133218512463e+04
1.735153561211070337e+04
2.356131176823545684e+04
1.871807100540855390e+04
2.780078258004379313e+04
2.225730166302695216e+04
2.811356275002449911e+04
1.762352468299237808e+04
1.815074412696931540e+04
2.082531418649586340e+04
1.735820796317796339e+04
2.159564450049139487e+04
1.985801418717885099e+04
1.873171885125884364e+04
1.438776809880992914e+04
1.768311084162740372e+04
1.507573344421913498e+04
1.909651107853910071e+04
1.767821407696954338e+04
1.970716964942634877e+04
1.330141932616454142e+04
2.638321106591805437e+04
1.913975036974798422e+04
2.861751064178957313e+04
1.993014547707143720e+04
4.270896282373600116e+04
4.206363022642356373e+04
3.725276454382111842e+04
4.053033492911526992e+04
4.159728591780035640e+04
3.784101431981563655e+04
4.491174925252174580e+04
4.325922146607383183e+04
2.511710802423580753e+04
2.258398320042093837e+04
2.761246402346855393e+04
1.956248681701119858e+04
2.446846428195915723e+04
2.207051048764329244e+04
2.946833061759151678e+04
2.276627475308148496e+04
2.455676163633901524e+04
2.980400743805140155e+04
2.198371602738141155e+04
3.028015799204220457e+04
2.763682671053149170e+04
2.562868549947179781e+04
1.580738033808386353e+04
6.137428566668109124e+04
5.995070401708384452e+04
6.486171586711727286e+04
5.996344524284994986e+04
6.809277719300624449e+04
6.213881000318485894e+04
4.142908744575990568e+04
4.062345578299934277e+04
4.403546353053313942e+04
4.032249847134607990e+04
4.624143287778067315e+04
4.241735405766868644e+04
3.176462362988073073e+04
2.573864457283346565e+04
3.465490362031574477e+04
3.035089766307418540e+04
3.246437351165384098e+04
2.495980529555861358e+04
4.451401384271807910e+04
3.886340565307447105e+04
4.397786331763806083e+04
4.414368044910027675e+04
3.961531113227422611e+04
3.639272003101826704e+04
3.798290315882887080e+04
3.720962241713252297e+04
3.220593015050902977e+04
4.002146434207561106e+04
2.522142524108090583e+04
3.266237743795999268e+04
1.366147604115370086e+04
1.215086993175963107e+04
8.833944251227399945e+03
9.256319074435978109e+03
8.755604837305840192e+03
1.216099711737923462e+04
1.314753411271508412e+04
1.889954924758800553e+04
8.101420758634419144e+03
2.573435616595345709e+04
1.318424378156395505e+04
1.664175335130822714e+04
3.663446099578507710e+04
1.263782959468710396e+04
4.755484437387665093e+04
2.284959141760638886e+04
3.748261119006319495e+04
2.740801593096279248e+04
3.163179377315112652e+04
4.282033446253054717e+04
2.754960967395943590e+04
4.943511766668704513e+04
3.707943023571755475e+04
3.840855055328887101e+04
4.059259826129599242e+04
4.065594178688863030e+04
3.750789337227738724e+04
4.379335593897620856e+04
4.338313262374275655e+04
2.707867485678401135e+04
2.416785957797657466e+04
3.017050674113223431e+04
2.049011578302688213e+04
2.643794096562857885e+04
2.465564181621396347e+04
3.326028845564890798e+04
8.389790815932390615e+03
5.340258193051228773e+03
7.685561342282058831e+03
1.279960130800445404e+04
1.606155746725110475e+04
3.442326088688651907e+03
5.347856738710508580e+03
2.146894180026747199e+04
3.632184368554029334e+03
7.564890239847707562e+03
4.635981455397190075e+03
9.522108541251127463e+03
4.304056469783962712e+03
5.550981182751333108e+03
1.045476414978254434e+04
2.613407457722255276e+04
2.706471762764788218e+04
2.715065829175281033e+04
2.294733264192835486e+04
3.473748953719575366e+04
2.538381245192105780e+04
3.427833140181344061e+04
2.126435116642546564e+04
5.568327608876590239e+04
5.016788710000387800e+04
5.520040734478329250e+04
5.561168237346932438e+04
5.167086669632261328e+04
4.745379923422188585e+04
8.078791950678834110e+04
8.470734735619842832e+04
8.448374291315661685e+04
8.168593340303906007e+04
7.871935390159823874e+04
