9.954903146441823628e+04
9.009770968638718477e+04
6.164191153381449112e+04
5.472438488790133852e+04
5.044851482423162815e+04
4.637658281701972737e+04
4.372915448371366801e+04
3.985889752249206504e+04
3.634197275826073746e+04
8.950378540363357752e+04
8.492714648375235265e+04
8.292528115124568285e+04
8.043044308525405359e+04
7.856515091752469016e+04
7.602746876153959602e+04
7.431723288503625372e+04
7.813612144301530498e+04
7.558198556817432109e+04
7.304364262934304134e+04
6.624887115413387073e+04
6.370090540789203078e+04
6.117319020165133406e+04
5.866752032817254803e+04
7.943778646763083816e+04
7.247395984558496275e+04
7.037564478826089180e+04
6.342249471723988972e+04
6.139032885927581810e+04
5.446320238797542697e+04
5.252315869044343708e+04
5.066103832588636578e+04
2.958281503199403596e+04
2.997653590328595965e+04
2.659240910152288052e+04
3.061800866852744002e+04
2.759251863601012883e+04
3.149190583157943547e+04
2.882641594761886518e+04
3.257978059499647134e+04
3.026540008617250714e+04
5.864831390648335218e+04
5.486103331473043363e+04
5.128057352429786988e+04
5.196190855383627058e+04
4.883843197449455329e+04
3.969425017972232308e+04
4.187027173594752821e+04
4.411401592550140776e+04
4.424529908533728303e+04
4.641502624487846333e+04
4.670467333762189810e+04
4.738219748080128193e+04
5.014743737611993129e+04
5.291335698047675396e+04
5.568063446238851611e+04
5.844829077920971031e+04
5.187972075918931660e+04
5.441745126034640998e+04
5.697770636648342042e+04
5.813247184370925970e+04
6.078926770176442369e+04
6.345621903977946204e+04
6.613168682313276804e+04
4.474780188811239350e+04
4.907445590190331131e+04
4.868878452058547555e+04
5.305998506080922380e+04
5.285075901051038090e+04
5.718559718599772168e+04
6.185484590187100548e+04
3.325640243304660544e+04
3.073011767379957746e+04
3.286291268661199865e+04
3.541676233101497201e+04
3.329004977837680053e+04
3.450746532584990928e+04
3.279479400688856549e+04
3.073949205103615532e+04
3.057534321296648704e+04
2.835591219919620562e+04
2.624274729795359963e+04
2.763896202578668817e+04
2.606489225395855465e+04
2.470334409147754195e+04
2.706733453491524051e+04
3.177196473795450220e+04
2.911720454887271990e+04
2.648662318531986602e+04
2.350914177144394489e+04
2.127541482965449541e+04
1.918383011213025020e+04
1.728530901378468843e+04
4.254393428641607170e+04
3.909604314103090292e+04
3.634051168572495953e+04
3.358771699450290180e+04
3.052285413289416829e+04
2.774783513854925695e+04
2.497282795719466594e+04
1.387368327764469905e+04
1.109914004018970809e+04
8.324185202282253158e+03
5.549665558525951383e+03
2.774734312584228974e+03
1.940693338860727257e-01
1.455944570658474731e+04
1.194520591539744055e+04
9.423690166428121302e+03
7.093292183525439214e+03
5.217860384118756883e+03
4.419560205240730284e+03
5.219064321731948439e+03
7.095035649175275466e+03
1.884193180449220745e+04
1.644222892343139029e+04
1.418047116226547405e+04
1.213316406229538370e+04
1.042795105464032349e+04
9.255992145878557494e+03
8.831767402182369551e+03
9.258751704183836409e+03
1.194445138510669676e+04
1.455924489039306536e+04
1.722419001057642163e+04
1.991875007017482858e+04
2.263302035450740368e+04
2.535997434969886672e+04
2.809662645195838923e+04
3.084008713620064373e+04
3.083953150361577354e+04
3.358819985359882412e+04
3.634083097539358278e+04
3.909616469441448135e+04
4.185442276725065312e+04
4.461429701720026787e+04
3.884692984113228886e+04
4.162179293435791624e+04
4.439622086921070149e+04
4.717106041425887815e+04
4.994546481019876956e+04
2.809521191838401137e+04
3.083868334631878315e+04
3.358766600512419245e+04
3.634016294042558729e+04
3.909618067553449509e+04
4.185468452646248625e+04
4.461478982572980749e+04
4.737698335701711767e+04
6.620239516418658604e+04
6.888219782204298826e+04
5.165916075570818066e+04
5.434731474937007442e+04
5.704376880855468335e+04
5.974698452142187307e+04
6.245685374021808821e+04
3.580658275310787576e+04
3.840123025478732598e+04
4.101983078063505673e+04
4.365774915156633506e+04
4.631127630966259312e+04
3.322979428373104020e+04
3.579630071340745781e+04
3.839216974460655183e+04
4.101110729867546615e+04
4.364968600395648537e+04
4.630421623504110903e+04
4.007624906357851432e+04
4.259251781707408372e+04
4.513948048165166256e+04
4.771189941254379664e+04
5.030547038158833311e+04
5.451523301718410221e+04
5.706997010486830550e+04
5.964475153026133921e+04
6.223674797607158689e+04
4.769421849642736197e+04
5.028926746010140778e+04
5.290260503470731783e+04
5.553124527838177164e+04
5.817385981485319644e+04
6.082787206312046328e+04
6.349261027832220861e+04
5.701545165797685331e+04
5.972075228187248285e+04
5.892512358129425411e+04
6.243256549676717259e+04
6.167166616144789441e+04
6.514930075642948941e+04
6.442024383156590193e+04
6.787114486135088373e+04
6.717139265856699785e+04
6.242555816360624158e+04
6.441912826894366299e+04
6.674969206935624243e+04
6.717014055187861959e+04
6.125854760633117985e+04
6.476787591006435105e+04
6.881719589306622220e+04
4.842831998979175114e+04
4.976862171193522227e+04
5.122456890674769966e+04
5.489498263830291398e+04
5.689822897333591391e+04
5.844314711074595107e+04
6.070961497698204039e+04
6.318948388420138508e+04
4.459082124155241763e+04
4.604188897989207180e+04
4.761045194001200434e+04
4.928574594587132742e+04
5.190376474933011195e+04
5.401679076521583193e+04
5.618778677424113994e+04
5.834258270871416607e+04
4.761670905524260161e+04
5.021659897904099489e+04
5.184325737202623714e+04
5.283397187723351817e+04
5.438294299720405979e+04
5.694500585427250189e+04
3.565677567286643171e+04
2.915164551471759478e+04
2.794128839959197649e+04
2.293592519203838674e+04
2.208380643263175807e+04
1.732669232763558102e+04
1.312848736641620417e+04
2.198899271070799296e+04
1.526728046606285170e+04
1.395079824123364051e+04
8.973915847705527995e+03
8.535348280324238658e+03
5.091669524451566758e+03
7.003529356639865000e+03
8.327411373200171511e+03
2.903059316492843209e+04
2.638879268946016236e+04
2.377805895750911804e+04
1.718953205084546789e+04
1.451635866829318365e+04
1.188992337241619134e+04
4.886887846574805735e+04
4.619375192019251699e+04
4.353132960659281525e+04
4.088449368789394794e+04
3.736496474405514891e+04
3.491373230477661127e+04
3.251483202167517447e+04
3.018109234275880590e+04
5.142465371443556069e+04
4.936417548977158731e+04
4.737652595684643893e+04
4.547189962733860011e+04
4.366054259379028372e+04
4.195487033202548628e+04
4.261879296274270746e+04
4.143320501918851369e+04
4.040372577627011924e+04
4.868587150761788507e+04
5.371676246975429967e+04
5.548719327696740220e+04
5.733768796659389045e+04
6.050412954681017436e+04
6.233017860573511280e+04
6.751447790023054404e+04
6.893645277326426003e+04
4.732367883101366897e+04
5.105120309505273326e+04
4.869540686790053587e+04
5.232664509543404711e+04
5.603422106298957806e+04
4.251066583915263618e+04
4.314854684783207631e+04
4.395290602664638573e+04
4.792785378456841863e+04
4.881277134050698805e+04
5.591317464305861358e+04
5.995785132794063247e+04
4.019597995960398111e+04
4.374751991759469092e+04
5.241332447743772354e+04
5.742891619425185490e+04
6.613509970144135877e+04
3.485651785639498848e+04
4.177728894536432199e+04
4.655938596613742993e+04
5.917087125735290465e+04
6.412447876877812087e+04
6.909267626730399206e+04
7.407250543001531332e+04
5.382599076091988536e+04
5.887312322684648825e+04
6.062135846302135906e+04
6.565707046446828463e+04
7.069797520344326040e+04
7.574397727943494101e+04
2.278420785406468713e+04
2.394217659498655121e+04
2.777030180241432754e+04
2.899641645882846933e+04
3.405762647160649067e+04
3.550263234147977346e+04
3.912393900565001968e+04
4.057968936427929293e+04
1.306725255545213622e+04
1.392596291912823835e+04
1.524854964666668457e+04
1.692696472936496866e+04
2.033404247378235596e+04
2.197582349162437094e+04
2.382853632653176828e+04
1.943082780760052265e+04
1.665519603390327757e+04
1.189741281844594232e+04
9.360740447013728044e+03
7.007266523627634342e+03
8.554483058462570625e+03
8.995108139754878721e+03
2.218566392568882828e-01
7.019760258398164297e+03
1.404105395127237716e+04
1.894442345341366308e+04
2.568505429996883322e+04
2.332838555552298567e+04
1.874760597371345284e+04
1.633248187243583379e+04
1.190849032198596251e+04
9.374836416578198623e+03
5.551002330942280423e+03
5.125413451707126114e+03
4.217882726265817473e+04
3.738191929976413667e+04
3.515374893476181023e+04
3.268381622189466361e+04
3.036380173373994694e+04
2.570400064703895987e+04
2.126055662174070676e+04
6.393919549791238387e+04
5.288914311825043842e+04
3.755524429092164064e+04
3.416146193439068884e+04
3.243004601704732704e+04
2.908071942805958679e+04
2.602142407263742643e+04
2.336690953722511404e+04
1.635875787390575169e+04
1.453718481794874060e+04
1.387691761802479414e+04
1.453716367747247932e+04
1.709200987640355379e+04
1.408212468846676165e+04
1.720781026489395663e+04
1.877720123203330877e+04
2.113531032918190976e+04
1.902735785388311706e+04
2.222275821642779192e+04
2.575502157358339537e+04
2.830832579981884919e+04
3.744239774357139686e+04
4.151106290497179725e+04
4.563107515398143005e+04
2.440910462478669797e+04
2.835051308341157346e+04
3.239582228263232537e+04
3.651070891034949454e+04
2.955955529875911088e+04
3.346277280294673983e+04
3.746452566468827717e+04
2.064197202373926484e+04
2.442232135974348421e+04
2.836693269017146667e+04
1.548354229410380140e+04
1.548487418216392871e+04
1.929710020499168240e+04
2.329908527089290146e+04
7.053781265993809029e+03
1.032464191092860528e+04
1.418925981211261387e+04
1.929699573978388798e+04
2.329893699228599507e+04
2.740812290779141404e+04
1.032466026852617324e+04
1.418928756279129448e+04
1.827477482672615224e+04
2.246092408061180322e+04
3.609182628874187503e+04
3.982264281689059135e+04
3.093964413517880530e+04
3.468152200659320806e+04
2.954289032191807928e+04
2.440860239543401985e+04
3.104361667161566220e+04
3.421739531906997581e+04
2.605358941168601814e+04
2.912604403762417132e+04
2.405768041285875734e+04
2.735632204155899308e+04
1.903159705746946565e+04
2.222938074033422163e+04
1.191814137927838601e+04
8.325827757411589118e+03
9.387642448581460485e+03
7.044609482534982817e+03
5.550727282359749552e+03
5.150181371445961304e+03
4.331242858304939546e+03
5.144726812337014053e+03
2.775429545385152323e+03
7.041332873922990075e+03
5.550546451509843791e+03
9.386262456094977097e+03
1.407890643842145619e+04
1.900840171246007230e+04
1.635758363293881121e+04
2.112141317115887432e+04
1.877051773003920607e+04
2.219802984151085548e+04
2.732220418984954449e+04
2.403314381805524317e+04
2.909996799587536225e+04
2.603532198767399677e+04
3.102419860382766274e+04
1.413363477286273519e+04
1.922974539417060078e+04
1.543806972520831005e+04
2.058665719122095106e+04
1.709722743818365780e+04
2.220884149206638176e+04
1.901818179716134546e+04
1.753991184060591331e+04
1.732201525258349648e+04
1.299160261251371958e+04
1.754596945921560837e+04
1.328699961001637166e+04
1.819539561126629633e+04
5.139937922725408498e+03
8.653782220015698840e+03
4.326914520138238004e+03
9.089358508253815671e+03
5.141096211408186718e+03
7.038974274962055460e+03
9.384607367811096992e+03
5.550907779196953015e+03
5.140186881349693977e+03
2.775301901539015489e+03
4.327334795797483821e+03
1.746510070867347275e-01
5.141551975127425976e+03
2.775450562015771993e+03
5.551020640582278247e+03
9.383578822408055203e+03
8.326064852072489884e+03
1.191557443797985798e+04
1.110162689004965250e+04
1.453676142334045471e+04
1.387717700059270283e+04
1.720601067072647129e+04
1.665229169919579726e+04
2.262131474569727652e+04
2.220337891437976214e+04
2.535083772516940007e+04
2.497848153193457256e+04
2.808970093549493322e+04
2.775399571566134546e+04
3.083510745539943309e+04
3.064214997842906450e+04
2.907302604792645070e+04
3.317779951712983166e+04
3.173378236540432772e+04
3.754023954503375717e+04
3.574909075523323554e+04
2.907522460169518672e+04
3.173574697819771973e+04
3.575298984008032130e+04
3.441401040910351730e+04
3.835240598930955457e+04
3.576105221648945735e+04
4.004406200915600493e+04
3.835981746292311436e+04
4.451298616960694926e+04
4.256251091208778962e+04
4.695679351821504679e+04
3.977835309292683814e+04
3.757600345290223049e+04
3.576942987899285072e+04
4.453422514829213469e+04
4.213082385530391912e+04
4.005728297324694722e+04
4.681335751300377160e+04
3.041358010588559773e+04
3.054523577796711106e+04
2.666206712442409116e+04
2.737910008390259100e+04
2.440967985243766816e+04
2.579357591448302628e+04
4.060263051541947789e+04
3.993980659990770801e+04
3.484502192270938394e+04
3.474040213015230256e+04
3.485713034635240183e+04
3.153283665443995415e+04
3.339058272313991620e+04
3.234080570381966027e+04
3.150140550432451710e+04
2.605471786951278409e+04
1.637179286576211962e+04
1.990700379222484116e+04
2.262372856625496934e+04
2.775265407559474988e+04
3.358573492025520682e+04
3.052846461694081518e+04
3.633924763397303468e+04
3.909623547221865738e+04
4.524679004914215329e+04
5.162842448333701759e+04
5.552319534381420090e+04
6.220413507047150779e+04
2.338979416595350631e+04
2.574226369068360145e+04
3.042557785557842726e+04
3.274365536250980222e+04
3.512839696658851608e+04
3.976454878734011436e+04
4.211786435505693225e+04
4.912730960920859070e+04
8.326214280910478919e+03
1.191846872825698119e+04
1.453900229633302661e+04
1.877707714566746654e+04
2.127770907903204716e+04
2.573893417691920695e+04
2.816874367622098362e+04
9.385863281884630851e+03
2.775201953811036219e+03
4.334317948977786727e+03
5.147423843004834453e+03
1.029596113856646298e+04
1.202279593869802193e+04
3.269654331991505023e+04
2.571302867021864586e+04
2.335945496442282092e+04
1.876443177077552537e+04
1.635208261368798776e+04
9.383194552659049805e+03
2.775465799160527240e+03
1.875613972032333913e+04
1.634243301030155453e+04
1.191167737364062486e+04
9.379067466089323716e+03
5.551187657677115567e+03
2.775518947630821913e+03
5.134744073225091597e+03
1.025140890821795620e+04
1.406903810187565068e+04
5.126477676245038310e+03
9.055866851674029022e+03
4.310794706333150316e+03
2.775745520102961564e+03
1.320558223786042799e+04
1.291290621512296639e+04
1.721750595855005304e+04
1.321008227521628578e+04
1.744282062935974682e+04
1.405983473295350450e+04
3.449261759741468995e+04
2.219733798603500691e+04
2.638097092543462350e+04
3.059640858357220714e+04
2.305234532317598496e+04
2.710566905781085734e+04
2.146950837652245173e+04
2.576369190810347573e+04
3.005754584572212480e+04
3.435139745736977056e+04
2.165199845883787930e+04
2.591736859585190177e+04
3.019080019652476039e+04
5.108308422838978913e+03
2.775789092088105008e+03
5.108360770736682753e+03
9.014756972310629862e+03
1.401407405026663400e+04
1.021775919628511474e+04
7.015179998300183797e+03
2.628502230764201522e+04
2.701236024382944015e+04
2.297618846625565129e+04
1.904799780191041646e+04
2.412465932422507467e+04
2.041716150458006450e+04
