6.858751627583262234e+03
6.556398461106903596e+03
6.690471745939479661e+03
2.189306124358540910e+04
5.892414754256449669e+03
2.097321840637309651e+04
8.482978766161349995e+03
5.798794841363908745e+03
6.009899892610529605e+03
2.126052632761594214e+04
2.282069899173537124e+03
2.848588451389494367e+04
7.846793369452600473e+02
1.612708944673787119e+04
7.262216538397206932e+03
1.124468312653003886e+04
1.317152448722287227e+04
1.139105549223089474e+04
1.952470264000744646e+04
6.428406367420438073e+03
1.481959388178757581e+04
3.938029198235605236e+03
1.840326610312802222e+04
1.595479776695521105e+04
1.309673764061248767e+04
1.590931417058405896e+04
1.028005938637762483e+04
1.524543489942308588e+04
1.420444536856819286e+04
1.666103494230585784e+04
1.580635771373834359e+04
1.341893664277632706e+04
1.616973067620798975e+04
1.177611405896546785e+04
1.748716395227058820e+04
3.444381394228199497e+04
2.615854132951454085e+04
3.187104572468354309e+04
3.519050691616781842e+04
2.288821957037039101e+04
2.086414083757783010e+04
1.120103738796606922e+04
2.178574952705674150e+04
1.080441345905560775e+04
1.599214074070226343e+04
1.830430138934176648e+04
7.061329075039046984e+03
8.325395413645326698e+03
2.357845277928677388e+04
2.691766577703660732e+04
4.156581741371040698e+04
2.628161804216978635e+04
3.221818640880561361e+04
3.780945196338264213e+04
1.845178899218604056e+04
1.377858104960857600e+04
9.535287059213940665e+03
3.254037751013097022e+03
7.421134321935051048e+03
1.015796366622855749e+04
8.002869285826280247e+03
7.333600603100071567e+03
3.248698355315038134e+04
2.439016610809848498e+04
2.775609096005658648e+04
3.386028697548877972e+04
1.650316312802288303e+04
1.703903503475573598e+04
2.298891329375551140e+04
3.305098164175861166e+04
2.268657555879258143e+04
2.597026323161163964e+04
3.039117549424317622e+04
1.740756853928071359e+04
1.477516562556973258e+04
1.025682328679947568e+04
1.143318617295615877e+04
1.842548091316498176e+04
1.132544828241493633e+04
1.317239697721086304e+04
1.665348038403037935e+04
1.018760380032377361e+04
7.384959069027744590e+03
1.344082203254860360e+04
1.060297371195505002e+04
1.163692621916087228e+04
1.458667568451370062e+04
1.145650405432516891e+04
7.750833450184826688e+03
1.286758015974645787e+04
1.182464106698773685e+04
1.733926544728010049e+04
1.114598345376715224e+04
2.173279060962519725e+04
1.520929646527704426e+04
2.287274830148391993e+04
2.250626485699383920e+04
1.847760575844532650e+04
2.035075470555064021e+04
2.524380957008781843e+04
1.840217201998002565e+04
2.790627209581946227e+04
2.320777188601222952e+04
1.479757520164164271e+04
1.652431233824107767e+04
1.163487114803686200e+04
2.162366040517228976e+04
1.806070584331577265e+04
1.159486688261732343e+04
1.476634095551181417e+04
8.683242468832298982e+03
1.312592740913950365e+04
1.026226057878941901e+04
1.430835276846239867e+04
2.790208370973352794e+04
2.986921807674805677e+04
3.065160477076980533e+04
2.402591602539900123e+04
3.056071077021530073e+04
2.329087173295587490e+04
3.037664799228031552e+04
3.891416694426216418e+04
4.090866844058834977e+04
3.381295767241880094e+04
4.094779662706368981e+04
3.015451986567151471e+04
3.819450219369405386e+04
5.703549149354495603e+04
5.915913534156379319e+04
5.200440553862061643e+04
5.904102232784995431e+04
4.844076013620338927e+04
5.651591894845788920e+04
5.485600547008172725e+04
5.750891549640498124e+04
4.913202666569095891e+04
5.713794699271063291e+04
4.566699897441967914e+04
5.480195823223573825e+04
5.361697834502939077e+04
5.638542166127324163e+04
4.803873655146600504e+04
5.585500925801823178e+04
4.461657713858312491e+04
5.386860440277314774e+04
4.866588033764779539e+04
5.246507281852398592e+04
4.161602690571561834e+04
5.131977227243467496e+04
3.785264241000926995e+04
4.985295967987923359e+04
3.458609038691355090e+04
3.938814515491070779e+04
2.693537962609106398e+04
3.750634715509845410e+04
2.322457625957514756e+04
3.691587857179519779e+04
3.467028225246172224e+04
3.952703457634766528e+04
2.717739876297703086e+04
3.754346005376477115e+04
2.352641414510707546e+04
3.719647815945912589e+04
2.228589415059773091e+04
2.312691900783922028e+04
2.709996137793747766e+04
1.434962711023033080e+04
2.497064918202320041e+04
1.572633231451607753e+04
2.904590376797487988e+04
1.632812955806642640e+04
1.456630871782674149e+04
2.000923197978906683e+04
1.261645512871966821e+04
1.655503687803142384e+04
1.462221868039870969e+04
2.321094738996843080e+04
2.038801875243165705e+04
1.854582040668527043e+04
2.133796941702121330e+04
2.169886852224875474e+04
1.935791709918916604e+04
2.298623762777552474e+04
2.327184458832862219e+04
1.831461703656190002e+04
2.011959612019376800e+04
2.205958044459248777e+04
1.808747695361167280e+04
2.634455480135491234e+04
2.082672208707801838e+04
2.290369862570658370e+04
2.401736054026169586e+04
2.688856885970752046e+04
2.244892725217750922e+04
3.346242065887046920e+04
2.572826780785710071e+04
2.796972270667232806e+04
2.689372303560167711e+04
3.647430308494528435e+04
2.506327703715468670e+04
4.420680387101260567e+04
3.160114570756785906e+04
1.759414656926993121e+04
1.749440596488445226e+04
2.479051837786814576e+04
1.588070372569055689e+04
3.073637269232221661e+04
2.020569490534347642e+04
3.095142168710862097e+04
3.056277317427524758e+04
3.417425511438937247e+04
2.764600437619733930e+04
3.200682788398037155e+04
2.950000471709797057e+04
3.631996624074502324e+04
1.771954712936696524e+04
1.876990533489434165e+04
1.196408803917340629e+04
1.179161971444013034e+04
1.323421021248409488e+04
6.367761357675368345e+03
1.447711888096976691e+04
8.948044888280490341e+03
1.829710965619488343e+04
1.092096051893375261e+04
1.354205938631293429e+04
1.407562155370993059e+04
6.666579343007451826e+03
1.409687780402327371e+04
5.233704836137801976e+03
1.421054795456649299e+04
1.405467181189985058e+04
1.407628025347090806e+04
1.672346359184114408e+04
1.127735551724930883e+04
1.152382530300309372e+04
2.728036300457300604e+04
3.219769083800306908e+04
3.157181039106380194e+04
2.859625646082955063e+04
2.551226979578001192e+04
2.550265972593522019e+04
3.025458180133885253e+04
2.318894212948727727e+04
2.884168316566980502e+04
2.816781515615917669e+04
2.439226166803386513e+04
1.813981849497247822e+04
4.095904119793006248e+04
3.346626565377511724e+04
4.101036073403147748e+04
4.018921232680818503e+04
3.634449440108319686e+04
3.117921345950247633e+04
3.729950051158730639e+04
3.880466051174718450e+04
4.386158607239503908e+04
3.644503097725943371e+04
4.201124939272782649e+04
4.173658441124243109e+04
3.757197178505994088e+04
3.092018520210158749e+04
2.158235560310139772e+04
2.477844591385145759e+04
1.534406788373260315e+04
3.024614706382829900e+04
2.140972377255720130e+04
2.606846129863457463e+04
9.684824416394221771e+03
3.364615561065314250e+04
2.405332724874826454e+04
3.849949331884397543e+04
3.068170129238783193e+04
3.710667445513903658e+04
2.459788510612484970e+04
3.459398802202654770e+04
2.805685948814534277e+04
3.625761823698521039e+04
3.324670522330596577e+04
3.466573221501241642e+04
2.755690422242902787e+04
2.358502971605999483e+04
2.600590942615867243e+04
1.993522866848648118e+04
2.797319709055062776e+04
2.419690108111767404e+04
2.557693945410927699e+04
1.450070628524621861e+04
4.201039387235845788e+04
4.438113804998848354e+04
3.876356418453073275e+04
4.431982896405303472e+04
4.278106509947062295e+04
4.234887989474451024e+04
3.362401578299046378e+04
4.284662924685773032e+04
4.484031329560801532e+04
4.089421792611523415e+04
4.334888372381005320e+04
4.363805944775217358e+04
4.193980438159594632e+04
3.796922709337066772e+04
5.442386854050929105e+04
5.466560179951149621e+04
5.658841323551591631e+04
5.460189867122039868e+04
5.245307223640180746e+04
5.619300959405908361e+04
5.113402010554446315e+04
5.258728221519014187e+04
6.890864321705180919e+04
6.818718591522729548e+04
6.729682911446026992e+04
6.931107503762062697e+04
6.407340386285923159e+04
6.680522231792470848e+04
4.971094390475733962e+04
5.076897870813104237e+04
4.369048191057709482e+04
5.165536893173615681e+04
3.690888724653230747e+04
4.757529526203662681e+04
5.381503299740596412e+04
4.643891406203537190e+04
5.431954243458081328e+04
4.060713991049741162e+04
5.143255813868076802e+04
3.220363892461845535e+04
3.148939900316629792e+04
2.461189710222287249e+04
3.428058431591445697e+04
1.633052304241859565e+04
2.695853398357543847e+04
9.554123857677903288e+03
7.459415458925735948e+03
1.190842463744144879e+04
9.623216097767486644e+03
1.548185873748157792e+04
7.856232217247706103e+03
1.646484061012739403e+04
1.872923249113118072e+04
1.572098447094865878e+04
1.849086400166999738e+04
1.791481890435965397e+04
1.765908712951914640e+04
1.362451400855069369e+04
7.230969004029579082e+03
6.182697537923359050e+03
1.199332994771654558e+04
6.555376048642981004e+03
1.937222346057025061e+04
1.073862137122932108e+04
1.285318525217454408e+04
1.245191463359065528e+04
1.047946328214149435e+04
1.042607038746497892e+04
1.464469089011714459e+04
9.907144916499617466e+03
1.837637272581307116e+04
1.321639800976692641e+04
1.934481641815821422e+04
1.656023104034106291e+04
1.715853601586445075e+04
2.066765989637118400e+04
1.761761585688193009e+04
1.405700427902548108e+04
3.713634516937485023e+04
3.816717864243141958e+04
4.558048604972165776e+04
4.028012358683871571e+04
3.693884267837723746e+04
4.460134132725498057e+04
3.080943834074957704e+04
3.515487374672169244e+04
7.049669291471988254e+04
6.972553986592293950e+04
6.311611863805437315e+04
7.327741882049913693e+04
5.477299077844043495e+04
6.406134773313264304e+04
4.732960924147375772e+04
5.445229375969894318e+04
5.085119135525482125e+04
4.336986802218246885e+04
5.418083555462941149e+04
3.812521704946026148e+04
4.672985107111230172e+04
3.811597902790246735e+04
4.402719718735393690e+04
4.161841371755285218e+04
3.401719589472448570e+04
4.402879453658538841e+04
3.007636082222850382e+04
3.869458950726192415e+04
2.052082049587748043e+04
2.022603144880236869e+04
1.229220600839914187e+04
2.359797009999636066e+04
3.642129801382242931e+03
1.406314204542776133e+04
1.656150400933463970e+04
2.295301296035392807e+04
2.005295722658575687e+04
1.291922436400799234e+04
2.282710253398148052e+04
7.613429938866964221e+03
1.654632048241030498e+04
1.176111507822723433e+04
1.605563799589741211e+04
1.605012261407871119e+04
7.629595931147765441e+03
1.669201724389890660e+04
4.978702461552495151e+03
1.395596127402620186e+04
7.650378491888130156e+03
4.663009668608073298e+03
1.646011014099883323e+04
4.083468249586102957e+03
2.265969563390142139e+04
9.858703473580975697e+03
6.899256835203045739e+03
6.737146814737459863e+03
2.561230910151139142e+03
4.758169561875755790e+03
1.119099151866226202e+04
3.022745664170109194e+03
1.366474348756461768e+04
6.595838579720761118e+03
1.141664617029619694e+04
2.162945504780259580e+04
1.206975011401906158e+04
2.622812187740745139e+04
1.487515965576582130e+04
3.251105977355780396e+03
1.444199429478520642e+03
2.545164959214347164e+03
6.765537408828524349e+03
1.742491867846907780e+03
9.510287070718130053e+03
4.698906038597212500e+03
1.504652534657275100e+04
2.006616015756967317e+04
1.848115528469839046e+04
1.110419660144543013e+04
2.019786317252874869e+04
8.139711836849910469e+03
1.665263568617422061e+04
6.807280951546191318e+03
8.927764779442522922e+03
9.091961449265663759e+03
4.614348166569108798e+03
9.408746256490619999e+03
7.698706785917217530e+03
9.638536819571761953e+03
1.322309046078534266e+04
1.416002221918677060e+04
1.135668900285852578e+04
1.943522381636283535e+04
1.526429900984316919e+04
2.549757749448216600e+03
8.066953385876056018e+03
7.225519120554776237e+03
3.157494306038821378e+03
8.590819133726239670e+03
6.564629334712541095e+03
5.505833162745117079e+03
6.980122189410801184e+03
1.081478437894379749e+04
5.756204178626359862e+03
1.022308070661010970e+04
1.310685682732186069e+04
7.459202772687152901e+03
4.635443397142267349e+04
4.989507401634132111e+04
3.811300378610291227e+04
4.936891817515379807e+04
3.241756760263960314e+04
4.591347650812871871e+04
3.685949926338381192e+04
3.966486653180678695e+04
2.842957700406359072e+04
4.025188079131706763e+04
2.246853174907745051e+04
3.503143514150579722e+04
2.667751709125280468e+04
3.139451980157733487e+04
3.052865034071008995e+04
2.138592684555084634e+04
3.178588106674515438e+04
1.871905232972786325e+04
2.878418175764319676e+04
2.729201061384346758e+04
2.760738079112441483e+04
3.401145445479555201e+04
3.178634852956200120e+04
2.272228419725755884e+04
3.417240131865048897e+04
1.810425245715106576e+04
2.881824740494007347e+04
2.458122287145896917e+04
2.485100945080733800e+04
1.481346660191838237e+04
2.851497560558770419e+04
7.605213661484327531e+03
1.757911101217242685e+04
1.469718137178364304e+04
2.305141164879080316e+04
1.844959395098831010e+04
1.161900288758471288e+04
2.252567299941880628e+04
6.751216148592302488e+03
1.402112712764665412e+04
8.693360105453939468e+03
8.576526106818682820e+03
1.346295103271706466e+04
1.246676840939316389e+04
1.256504663547843484e+04
1.725004489910674602e+04
9.683680730627238518e+03
2.108786157542070214e+04
1.093614341037389022e+04
2.245647253896607799e+04
2.093508447862733374e+04
2.862339835420117743e+04
1.982277090590876833e+04
3.431309296125748369e+04
2.475678927301151271e+04
3.490266360138596792e+04
3.489247054947771539e+04
3.102398955577678498e+04
3.157078304733754703e+04
3.911560954238275735e+04
3.060859366652273093e+04
4.171471843824804819e+04
3.296775846859625017e+04
3.955563782877240737e+04
3.587200335851925774e+04
3.625370480164806941e+04
4.347863271481535048e+04
3.538279349642994930e+04
4.608909496946481522e+04
3.774568983607558766e+04
2.409538384253989716e+04
3.151300051948142209e+04
2.363037668903277518e+04
3.639685931176029408e+04
2.757280421491743982e+04
2.083523345885604795e+04
2.710405116904408715e+04
2.126091632910534827e+04
3.155967300838603114e+04
2.322498774396859517e+04
2.863880009031434020e+04
2.652511545291442599e+04
3.470358664646218676e+04
2.631255715265225444e+04
3.883559709445830958e+04
2.953370436753039758e+04
2.999998548770833440e+04
3.665087500105370418e+04
2.918455142589584284e+04
4.192796491368788702e+04
3.288333490180798253e+04
3.845193840308130893e+04
3.445526856303624663e+04
3.655598270644404693e+04
4.045006375646426022e+04
3.470444424378695112e+04
4.308452370424761466e+04
3.750035837413400441e+04
3.251721107243858205e+04
3.254455738324014237e+04
3.751250156039240392e+04
3.079003502288817981e+04
4.286265911465390673e+04
3.627895746181741561e+04
2.013206492438176065e+04
1.767769124186647605e+04
1.928479226726398338e+04
2.089472126941910392e+04
2.082567385449477297e+04
1.657784221082744625e+04
2.420845948840093843e+04
2.169353067898418158e+04
2.021100307928532493e+04
2.548122060435312596e+04
1.513004521864581329e+04
1.760712247848168045e+04
3.080663724787080355e+04
2.909331276131726554e+04
2.615384107173680241e+04
3.257552417735699419e+04
2.033704110984785075e+04
2.474183196569402571e+04
3.363574738971186162e+04
3.916197698686924559e+04
3.552661618511789857e+04
3.217904289790937401e+04
3.857154845316180581e+04
2.786909253805643675e+04
3.207480441586751112e+04
3.122149652905329640e+04
3.182383081706248777e+04
3.800454542638368730e+04
3.437033620911170146e+04
2.979535849625523770e+04
3.749718283285533835e+04
2.556926469589185217e+04
3.114993651404609773e+04
1.908561615353677553e+04
2.369055356592047247e+04
2.211823552273481982e+04
1.541854584845339559e+04
2.374714309959494494e+04
1.288235228924052353e+04
2.075621646638776292e+04
1.019123298178356890e+04
1.180856098529182236e+04
4.328081143321132913e+03
1.267161962270048025e+04
4.247369355450404100e+02
8.956393302317077541e+03
6.633634541671734041e+03
8.186642452561545724e+03
3.533586811759933425e+03
9.517881849098648672e+03
6.187943929312765249e+03
3.763965196553466285e+03
4.369546122699699481e+03
7.286081422092316643e+03
4.772347805250067722e+03
8.583689515295140154e+03
7.008280453038340966e+03
8.427464548078560256e+03
1.672741727401303251e+03
6.437346449268459764e+03
7.233339083903603751e+03
9.392691846514475401e+03
6.346133881091042895e+03
1.088599812268835194e+04
8.593790178694069255e+03
9.370838981655788302e+03
3.626185742398437014e+03
1.841631837267841547e+04
1.773934149345798141e+04
1.735940894684900559e+04
1.916944976853836124e+04
1.540451692632967934e+04
1.560773730199791135e+04
9.847312054296644419e+03
1.029667081827456241e+04
1.411843745585991383e+04
1.148150283683978159e+04
9.847740297329484747e+03
1.355965203293526793e+04
6.447269874737913597e+03
9.821103317330751452e+03
2.179450135844247779e+04
1.849486299042140672e+04
2.325525782897611498e+04
1.485420144705831808e+04
1.926148468746623621e+04
8.453419927640268725e+03
1.175206632203874506e+04
1.008362233072782874e+04
8.360687826195933667e+03
1.155943077921347322e+04
5.867861775186306659e+03
8.635456082758089906e+03
7.005155812886232525e+03
4.355137151133713814e+03
1.112426362814397726e+04
5.377272502397306198e+03
1.315822179060598319e+04
6.793077051360835867e+03
1.696104267849629832e+04
1.984711782823422618e+04
1.598987062802912624e+04
1.973965467135494328e+04
1.876899451228616817e+04
1.785185752278089421e+04
1.316905145954550426e+04
2.695627332679921528e+04
2.767431271487000777e+04
2.607619329648795974e+04
2.335035583394428249e+04
3.480018689806908515e+04
2.462364802291987144e+04
3.462728925823989994e+04
2.258336749873262306e+04
2.331694702906911334e+04
1.151636915177716583e+04
2.335547652786199978e+04
1.139054857943990828e+04
1.636892917382834639e+04
1.024872390143478515e+04
2.565248114563137642e+04
1.246660218265966068e+04
2.991450427265762482e+04
1.337499553698296040e+04
3.392270207170237700e+04
2.885862754369763934e+04
4.230022494237781939e+04
3.069946997829234533e+04
4.712436721210773976e+04
3.173674489946681206e+04
1.982087294233904686e+04
1.840423261751140308e+04
2.538796810296108742e+04
1.820938494561165862e+04
2.965323777416279336e+04
1.999255323871467772e+04
2.132173087371745714e+04
2.039056792466839761e+04
1.780967467334818502e+04
2.228821493891658611e+04
1.809939009784063819e+04
1.915355063748426255e+04
2.013878664525343265e+04
2.553907356740796240e+04
1.827853770764939691e+04
2.132456458947408100e+04
1.698328963625954202e+04
1.934681084474915042e+04
1.921631636029000947e+04
2.175576856064463573e+04
2.453498097085833797e+04
2.763952443104163831e+04
2.372232244598840043e+04
2.555931605193512587e+04
2.563613240863026658e+04
2.776065257199486950e+04
2.831324227167173740e+04
2.758695691977962997e+04
3.098341458491076992e+04
2.542607202172209873e+04
2.891694311420952727e+04
2.732016575311075940e+04
3.297761573028108978e+04
3.183952462522827773e+03
7.801004080238544702e+03
6.267629102950343622e+03
4.775053124205675886e+03
8.987761770760313084e+03
7.316260070568964693e+03
2.901445976812688241e+04
3.873817131696633442e+04
3.203255998917283068e+04
3.999902208885084110e+04
2.950357426560613385e+04
3.015245440820904696e+04
3.121247316538340965e+04
2.806557023877782194e+04
3.442943723472586862e+04
3.006015623567960938e+04
3.266495938185073828e+04
2.608389144908730668e+04
3.995364050218294869e+04
4.209493401767151954e+04
4.076792650033836253e+04
4.003194682614827616e+04
4.187120049602095969e+04
3.811305809686295834e+04
3.943674915020418848e+04
2.961825039011001718e+04
3.200702516348237623e+04
3.091784418724641000e+04
2.947592851090272234e+04
3.201257329902047059e+04
2.738001195357343022e+04
2.965219962255907376e+04
