4.460969765059833298e+04
7.184511136057174008e+04
6.682910302041086834e+04
6.186577357014237350e+04
5.965373192853072396e+04
5.469925375605579029e+04
5.808452141195243894e+04
5.641019962172278611e+04
5.280130208964939084e+04
4.752687589116743766e+04
4.259348105783854407e+04
3.878666852761785412e+04
3.515541154669594835e+04
3.347722149756671570e+04
2.989094087782843053e+04
2.464982829344044148e+04
3.359274107958933018e+04
3.084654042106261477e+04
3.051112693802088688e+04
2.810622571899706236e+04
2.773757996905112304e+04
2.537272867318222779e+04
2.496362128474906785e+04
2.218967413091656272e+04
5.013359037187192735e+04
4.737196802748093614e+04
4.801634827545773442e+04
4.529531367364958714e+04
4.258113736743044137e+04
4.376822573592855770e+04
4.114124713094173057e+04
3.449428378609020001e+04
3.359222982208491158e+04
3.328610838277001312e+04
3.084580380162956862e+04
3.051203545183514871e+04
2.773839734713245707e+04
3.082782461164319102e+04
2.841196242165377771e+04
2.655218552639002155e+04
3.168122840272580288e+04
2.862942927334723936e+04
2.600930951352171542e+04
1.830280955674083816e+04
1.809422013330585469e+04
2.279083481558214044e+04
2.329518689933412315e+04
2.933734237483416291e+04
2.141747545771675868e+04
2.396152837203678064e+04
2.841070803540237466e+04
3.087721624484621134e+04
3.547082043464513845e+04
3.788441885452970018e+04
4.494158127663598134e+04
4.920439926737814676e+04
5.790259576173950336e+04
5.443107512930390658e+04
6.151498431054229150e+04
5.173291959021904040e+04
5.313284622286181548e+04
3.791926638960479613e+04
3.361124921487351094e+04
3.882673852776362037e+04
3.463041046304960764e+04
3.990687438068570918e+04
3.583591418602341582e+04
4.114596107072168525e+04
2.843415824251487356e+04
2.413737290679651414e+04
2.936989991268528320e+04
2.523157313755743235e+04
3.052962298290586114e+04
2.657120673464292850e+04
1.992907527080966975e+04
1.592812409589719755e+04
2.123965917101149898e+04
1.753897205413963820e+04
2.281391420576379460e+04
1.941449033153578785e+04
5.309039381587154821e+03
2.773882045995234876e+03
9.054829384036154806e+03
4.527457152898923596e+03
1.395049362012382721e-01
5.310131396668090019e+03
5.547735238855340867e+03
7.159860671677416576e+03
8.321292493550916333e+03
9.472936869502145782e+03
1.061286526700159084e+04
9.472106162493339070e+03
1.229356959779648605e+04
1.592114491075814840e+04
1.198253194234878538e+04
1.431821526217746759e+04
1.198066132583975377e+04
1.431107969116837558e+04
1.751939298284162942e+04
1.386919549720875875e+04
1.458715248282516950e+04
1.655520907673893089e+04
7.151488193145821242e+03
1.059412784519067100e+04
1.463075983141646429e+04
9.467128524845153152e+03
1.227751999106966832e+04
1.589317805986347594e+04
8.321876206581035149e+03
9.464477189112772976e+03
5.548142991702064137e+03
7.149196683871897221e+03
5.294494044184976701e+03
2.773998088390197609e+03
4.510323229081377576e+03
1.387009213773773990e+04
1.197551033179580190e+04
1.109589168020786929e+04
9.463521664571644578e+03
7.147490330422565421e+03
9.431070996340207785e+03
9.015369689855731849e+03
1.530766064034211615e-01
7.147061926034743010e+03
9.463550853676551924e+03
1.429558550863325218e+04
1.654198229254117541e+04
1.653165866634699705e+04
2.364822865966825702e+04
2.597558665274242958e+04
3.077974124114053848e+04
3.307096829014624382e+04
2.393840234280487857e+04
3.335440264540189673e+04
3.591041039294633083e+04
4.279000660007373517e+04
4.532405084322201583e+04
8.933269104471768514e+03
7.124150533824221384e+03
9.446708163622120992e+03
1.109727258219064061e+04
1.387127779215412193e+04
1.723567874784823653e+04
1.992827638833376113e+04
2.490092438120905354e+04
2.379794300866177946e+04
1.868181717171412674e+04
2.297858302002029814e+04
1.805606524129674290e+04
2.669821603450632392e+04
2.684635099814265050e+04
2.727728666653357504e+04
2.376475517829642195e+04
2.487573029425358982e+04
2.623439648635485355e+04
3.116452703358096915e+04
3.104589526677479080e+04
2.675943891165802052e+04
3.117472150834020431e+04
2.719185112366864632e+04
3.154801009182679263e+04
2.789487021568472846e+04
1.354902061361967208e+04
1.437819312050664303e+04
1.214514801612438350e+04
1.566145265816138271e+04
1.419240937626578489e+04
1.729836740170672783e+04
2.133321723218870829e+04
1.722312541815652730e+04
1.884236264318471513e+04
1.455876994290032053e+04
1.644311310003126709e+04
1.194430203614981110e+04
9.422083440209262335e+03
7.091558333322862381e+03
3.083935462998012736e+04
2.809578898626084265e+04
2.497291505428799792e+04
2.535949291483574052e+04
2.219794099933438702e+04
2.263211262158505269e+04
1.942340214589614334e+04
1.664845169163854735e+04
2.535888290088102804e+04
2.263183101332413207e+04
1.991750861391268700e+04
1.722295305278920932e+04
1.455808785315202840e+04
3.909617598643068777e+04
3.634010473732152604e+04
3.358760072613062221e+04
3.083866348850528084e+04
2.809529835000827006e+04
2.535833692882195101e+04
2.263066952893979396e+04
1.991568286186024488e+04
1.722019116409045455e+04
1.455505634162926799e+04
1.193953201741477278e+04
9.415793331781904271e+03
7.082964391572761997e+03
5.203281911271418721e+03
2.219955582275279812e+04
1.942442523910522141e+04
1.664930649361636097e+04
1.387462300462696294e+04
1.109952792576820502e+04
8.324868094529603695e+03
3.083789418208302232e+04
2.809425061173437280e+04
2.535697302092657264e+04
2.262935390353528783e+04
4.717353695366720058e+04
4.439835809627640265e+04
4.162361451780026982e+04
3.884845935357099370e+04
3.607373945944564912e+04
3.329860797797073610e+04
2.774802844262065992e+04
2.535878668963332893e+04
2.497300654417762416e+04
2.219841986558338976e+04
1.942342158994155398e+04
3.358795182438082702e+04
3.083973558353400949e+04
2.809628825645567849e+04
2.536012658085292423e+04
2.263290243887091856e+04
3.075416053868117888e+04
2.827699263089267333e+04
2.838493739758667289e+04
2.586073539859964876e+04
2.627392191681115582e+04
2.352331268273788010e+04
2.536089996070563211e+04
2.263439996839972082e+04
1.992073619802047324e+04
1.885803078135794567e+04
1.722699325661604234e+04
1.646091145673389474e+04
1.456317352964811107e+04
1.442359290405541105e+04
1.360155368618716966e+04
1.775693933109346472e+04
1.331775511127424761e+04
1.797526792302961621e+04
1.360582574257812666e+04
7.107385234910131658e+03
9.434651012720441940e+03
1.421707260506194689e+04
1.195439847169185850e+04
1.647497975497319567e+04
9.306155930084813008e+03
1.047501961085353469e+04
1.217529818195377811e+04
1.195460242437366287e+04
1.421800432173672198e+04
1.456681473395506146e+04
8.323387891892043626e+03
1.109804337211827260e+04
1.456696051427272687e+04
1.387268712731644155e+04
1.722993073722677582e+04
1.664689581194217681e+04
1.992368296156544238e+04
2.080946482222217897e-01
2.774399021274272400e+03
7.112224324928797614e+03
5.549017704302208585e+03
9.437918169345099159e+03
8.323201327369806677e+03
5.245198235926768575e+03
8.904359572617546291e+03
4.452090638375428171e+03
1.708187093854187932e-01
9.327941981701547775e+03
5.246384394507099387e+03
2.774339054252862297e+03
7.115094885279120717e+03
1.781817309822795141e+04
1.336370032182622163e+04
1.803572390390314104e+04
1.365075754329945266e+04
9.332394824565735689e+03
2.297456809916733619e+04
1.867878101908473400e+04
1.448190097659889761e+04
2.247006001012718480e+04
1.805301601579510680e+04
1.366362490356920534e+04
2.899233650978650621e+04
2.492678918274943499e+04
2.805186317243660233e+04
2.382488281557120354e+04
1.970328335698921364e+04
1.870406395335644629e+04
4.676739835514700826e+04
4.252280260219804768e+04
3.832844494031939394e+04
4.170668360074791417e+04
3.741949170309982583e+04
3.317996285366285156e+04
3.236272020486911788e+04
4.676021006050201686e+04
4.251625311521413823e+04
4.602062963773449883e+04
4.169999848955385824e+04
3.741376515704020858e+04
3.669226155188833218e+04
4.250226359330851847e+04
4.168560493729722657e+04
3.740107420022113365e+04
3.316406012223423022e+04
3.234642073389355573e+04
2.805487645228187830e+04
2.382748079286648499e+04
4.056506380557212833e+04
3.614739338931178645e+04
3.174274148250158760e+04
3.583238328823821212e+04
3.138200487106503715e+04
2.693686222914759492e+04
4.026012514702372573e+04
3.580925025749857014e+04
3.136193351006771991e+04
2.691968595423895749e+04
3.124404677727078888e+04
2.678068233791330931e+04
2.231714580432046569e+04
4.458750936138858378e+04
4.012883219680050388e+04
3.566998219543216692e+04
4.468098465858025156e+04
4.023113913669781323e+04
3.578350096522677632e+04
3.133942295606402695e+04
4.095409211453492026e+04
3.660286912112469145e+04
3.227991639260506417e+04
4.161295043331378838e+04
3.733711267044187116e+04
3.310869779509397631e+04
2.894888793011293092e+04
2.676018254077573874e+04
2.230005666180983098e+04
1.784009939313519499e+04
2.690795609513159798e+04
2.247558792480832199e+04
1.805741992999533613e+04
1.739839605655138803e+04
1.424611684887690353e+04
1.928799416100710368e+04
1.649976028128928010e+04
2.137179027637947001e+04
1.889276339382516744e+04
2.359784394507434990e+04
2.536613028296119955e+04
2.810095220390866598e+04
3.084316879026221068e+04
3.447338892396166193e+04
3.359023200049354637e+04
3.715986243323823874e+04
3.985836270215789409e+04
2.915428911784130469e+04
3.334841840948864410e+04
3.180600238630374588e+04
3.590530502350436291e+04
3.849190397667362413e+04
4.110331833406177611e+04
4.373437579212704441e+04
1.427224768199028949e+04
1.652206673141312422e+04
2.141082704638232099e+04
1.891196978233236223e+04
2.363293893301396383e+04
2.139445616492311456e+04
2.596179249396080559e+04
2.837086220519603012e+04
1.459130475252603355e+04
1.585695330094655401e+04
2.114498147235041324e+04
1.747462484831368783e+04
2.272605833193247599e+04
2.799258396954198906e+04
1.985716881327701412e+04
2.117254813873727835e+04
2.646888336082188107e+04
2.802493861293982627e+04
2.975895074662117258e+04
3.545853969944586424e+04
3.852284252719172218e+04
1.749433849874471707e+04
1.937441039151972655e+04
2.650614470765790247e+04
2.860223197816182437e+04
3.080594909050181377e+04
9.427274145749686795e+03
1.351689236596258343e+04
1.380066515125202932e+04
1.461513301676708943e+04
1.985903773821364302e+04
2.117412442852232925e+04
2.275310838495602366e+04
1.429559387311919272e+04
1.226868528953246278e+04
1.461787366484097038e+04
1.380787814717084984e+04
1.352848409099125274e+04
1.825293835133862376e+04
1.887743853259502066e+04
2.258127283224080384e+04
2.275451890051874580e+04
2.325968978656296895e+04
2.407574947300940767e+04
2.517271059701251579e+04
2.651564056130686367e+04
2.806900272657196911e+04
2.980033898980229424e+04
3.167999838757960970e+04
5.050981731890687661e+04
5.310936334870881547e+04
5.572607159474480432e+04
5.835728971826673660e+04
5.050619589555513812e+04
5.310635121022961539e+04
5.572285605833362933e+04
5.835425421714881668e+04
6.099786585377947631e+04
6.365292416416342894e+04
4.792638850054867362e+04
5.229747295169447898e+04
5.481322925304634555e+04
5.735279001269536093e+04
5.991273458229709649e+04
4.257953664150309487e+04
4.529428547817874642e+04
4.801537347570348356e+04
5.074254251281152392e+04
3.328625499471928197e+04
3.605976997807989392e+04
3.883369668164541508e+04
4.160718862536051893e+04
4.438109229283317836e+04
1.893647724581939474e+04
2.141575110740184755e+04
2.396002445548891046e+04
3.634264124401570734e+04
3.909665519548496377e+04
4.185287115322097816e+04
4.461164203704264946e+04
1.458538400245927915e+04
1.724450216708662992e+04
3.051278804454010969e+04
3.328679367847921094e+04
3.606078776773740537e+04
3.883434706635983457e+04
2.451643614425048872e+04
1.747866123918318408e+04
1.057768383703067957e+04
5.290507907520172921e+03
7.147146601275275316e+03
1.386992833452871673e+04
1.664361640835506842e+04
3.869085512363294401e+04
3.359530746219854336e+04
2.856580341736218543e+04
2.647046739487204832e+04
2.142707719489284864e+04
1.428647324509038117e+04
2.270589483645885048e+04
1.746355957994247001e+04
1.225166967758460305e+04
1.056642940964223635e+04
5.283958725841526757e+03
2.773848137162231978e+03
3.849871048104479996e+04
3.333042224851327774e+04
2.819953381514794091e+04
2.313186936350489123e+04
1.818094662087697725e+04
1.347825828056623504e+04
2.310303604143588746e+04
1.978026850964966798e+04
1.744474337681528050e+04
1.652104101716767400e+04
1.723932376307920640e+04
4.552141332666121889e+04
3.748898776291190734e+04
4.178564062083962926e+04
3.023132984900506199e+04
3.427066799136523332e+04
4.030941327950454433e+04
3.575148722316596832e+04
4.022034405843994318e+04
3.141027581805814407e+04
3.586473283733824064e+04
2.739018929301894968e+04
1.928181944783393556e+04
2.261200931810812472e+04
1.109738299018925863e+04
1.196193731970595582e+04
1.424426456468493961e+04
1.739484738209878924e+04
2.102713603553678695e+04
9.445247466425418679e+03
1.220832710602681072e+04
1.577204054116677435e+04
5.423907644144191727e+04
4.945475000763569551e+04
4.477276535611280997e+04
4.273254271624262765e+04
4.022843443663992366e+04
3.846335769857935520e+04
5.066162507928240666e+04
4.558309034609032824e+04
4.266897933567955624e+04
4.003776658017818409e+04
3.586771481564463465e+04
3.776443168585863896e+04
3.532773192608118552e+04
3.330943421989945637e+04
5.681109541666776931e+04
3.178283949815402593e+04
2.809801966746957987e+04
2.497090458360691991e+04
5.674352681939925969e+04
5.460363022204573645e+04
4.965692858500134025e+04
4.752096040912821627e+04
4.256862025727872242e+04
3.768587752870246186e+04
3.290469849465027073e+04
7.012335524618276395e+04
6.749486970970945549e+04
6.487818318964593345e+04
6.227523407706216676e+04
5.968821147927589482e+04
5.711843475230711192e+04
5.456917790127751505e+04
7.154801342912019754e+04
6.886141223651765904e+04
6.618170450520687154e+04
6.351022371158411261e+04
6.084845724440163031e+04
5.819686835073946713e+04
5.555777941899764119e+04
5.293219276224455098e+04
5.618455686533111293e+04
5.344480253257902223e+04
5.432827936085570400e+04
5.070935606851911143e+04
5.163997325872252986e+04
4.797804604388861480e+04
4.896094326054630073e+04
4.525252812008164619e+04
4.895969624927402765e+04
4.629191523601907829e+04
4.771005362276435335e+04
4.363757145043675700e+04
4.513969036514229811e+04
4.099967355223321647e+04
4.259546237651695265e+04
4.008149445665362873e+04
2.909582854667322317e+04
3.069440537025302547e+04
2.821124987983338360e+04
2.578774300839444186e+04
2.344273819999909028e+04
2.120146320767300858e+04
3.323365202579458855e+04
3.070518518741221123e+04
2.822351277081279841e+04
3.051185946615695138e+04
2.580127173374935228e+04
2.828707333854759054e+04
2.616767890794081177e+04
2.418169056822986386e+04
3.520573500180080737e+04
3.283065326381121122e+04
3.052274382696937755e+04
3.323904739812593471e+04
3.121060655630693873e+04
3.324412550964617549e+04
3.272717729321053048e+04
3.495451603713264922e+04
3.372583795314244344e+04
3.684854602248971787e+04
3.611551553767552105e+04
3.964644815979185660e+04
3.275036104152373446e+04
4.023155622840872820e+04
4.164705307715465460e+04
4.839965174417714297e+04
5.004746643925950048e+04
5.696141032048598572e+04
2.467045457733395961e+04
2.604001181450713193e+04
3.281776512787593674e+04
3.453575620827364037e+04
4.151241762245515565e+04
1.834708839369414701e-01
2.774768633733093338e+03
9.421164123043807194e+03
1.194413038542546383e+04
1.644385798638027336e+04
1.884465085028221074e+04
2.585038612534507774e+04
9.259270932012303092e+03
9.424206636178130793e+03
1.194610511002480962e+04
1.387348131792883760e+04
1.664787939947953782e+04
1.991957552207537083e+04
3.327546439447996090e+04
2.649053301703030593e+04
2.389316326852627753e+04
1.991973314832163669e+04
1.722526731473743712e+04
1.387313894063484986e+04
3.770262486497443024e+04
3.527792718602204695e+04
3.075680532795983163e+04
2.827990115405002143e+04
2.389638674487258322e+04
2.134419614314697537e+04
1.722638942325011521e+04
1.456241348845424909e+04
3.584196370979225321e+04
3.328130757147550321e+04
2.912318064669271917e+04
2.649338092050060368e+04
2.263405431475556179e+04
1.992030766325805962e+04
1.664795780510408804e+04
4.469871699249554513e+04
4.231138906688758289e+04
3.770642834133387078e+04
3.528203311800780648e+04
3.075934779946555500e+04
2.828308452113344902e+04
2.389785993059071188e+04
3.060016684191891181e+04
2.838281558569986373e+04
2.352183658599893170e+04
2.128990270173981480e+04
1.885273352890464957e+04
1.645477930005295275e+04
1.194834539795551609e+04
4.229339178227820230e+04
3.995499129159598670e+04
3.526796128610427695e+04
3.289782220051857439e+04
2.827322888133459128e+04
2.585656985584024733e+04
2.134049491963424953e+04
1.722499044341032277e+04
6.598146516099340806e+04
5.890389440992704476e+04
5.671000809756214585e+04
4.962740161537729000e+04
4.254309833450365113e+04
3.545718906608669931e+04
3.544744265520999761e+04
3.058063573340504809e+04
2.584635499115714993e+04
2.350774595936125843e+04
2.133535563142667888e+04
1.722374125162176642e+04
1.387340980300883894e+04
3.544348305153664114e+04
3.057741209786587569e+04
2.584469471242604050e+04
2.133424614968109017e+04
1.722335070954665207e+04
1.387372733936816621e+04
1.194469388840539250e+04
1.417638008724056817e+04
9.420622372554924368e+03
5.549428425857675393e+03
5.211966694923552495e+03
8.825605455873828760e+03
4.405916637482011538e+03
9.195052642041412483e-02
2.774999759365609407e+03
5.207756084058244596e+03
9.240105542039726060e+03
1.350840804946882599e+04
