6.483333663160610740e+04
5.574202294839097158e+04
5.589536558043961122e+04
6.358892488227305876e+04
6.932176964040618623e+04
4.723862362536497676e+04
5.477275882074338006e+04
5.930799495807571657e+04
6.709214045344256738e+04
2.989746313497531446e+04
4.076102914648602746e+04
2.847549032991053173e+04
3.068141313482568148e+04
3.324543236865725339e+04
4.338737141574117413e+04
2.868170132453169936e+04
2.747187448883931211e+04
2.394075905590157709e+04
2.952410704864323270e+04
2.407641733403645048e+04
2.564005242353245194e+04
2.771674859315292997e+04
3.354495299978598632e+04
4.559075334408222989e+04
4.212068658064470219e+04
4.673880561520099582e+04
4.304165634943949408e+04
4.350224383593071252e+04
4.641616864780762262e+04
4.982697745257954375e+04
2.889572422653017566e+04
3.142874906955717597e+04
2.984065151015235097e+04
2.869300863840158854e+04
3.297809189721789880e+04
3.326129058367221296e+04
2.664019607968128912e+04
2.895397813532127475e+04
2.727083886283030006e+04
2.661198168659616567e+04
2.978040312677382099e+04
3.025245116944822803e+04
3.030032923985146772e+04
1.807514492640697063e+04
2.446577962380855388e+04
1.912835525001660426e+04
2.994773979892489297e+04
3.525402122190866794e+04
3.278732450799130311e+04
4.264236461378815875e+04
2.408789908427198316e+04
3.626573282787048811e+04
2.765895203586992648e+04
4.896435301372408139e+04
6.315435531201597769e+04
5.335721029398747487e+04
7.032735779887996614e+04
5.120052426816274965e+04
5.984322230993297126e+04
3.778266665556679800e+04
3.947014277980261249e+04
4.024010425143570319e+04
3.428138261922303354e+04
4.003553850239122403e+04
3.374411470295437175e+04
4.049782933599348326e+04
2.958521300668972981e+04
3.213504006000621303e+04
2.547120149204351037e+04
3.129554429436650025e+04
2.324581337693733076e+04
3.064564832781903169e+04
2.073649235281901565e+04
2.342174343078500897e+04
1.631137374072303282e+04
2.252247028662945741e+04
1.365250148233590335e+04
2.180066495059516456e+04
4.896420251548485794e+03
8.528102787851001267e+03
5.324984336833717862e+02
6.693163511454574291e+03
2.865932888779587756e+03
7.995475315935621438e+03
1.127010467317607981e+04
1.004103468113117196e+04
7.750293975867251902e+03
7.671031861001626567e+03
1.451217918362571254e+04
1.201262385456784068e+04
1.536758454806257578e+04
1.445348083315298027e+04
1.390883854086927568e+04
1.013787950621909658e+04
1.693920650568876590e+04
1.599598882080365001e+04
1.687624732530477922e+04
1.743123592715858103e+04
1.490334392833331185e+04
1.411132906434274082e+04
1.436282324925317334e+04
1.097295252935516146e+04
1.575573506546218960e+04
1.387485505495013422e+04
1.383371030673878886e+04
9.416070545144511925e+03
6.011189919986028144e+03
6.918568361126213858e+03
2.012655108178435512e+03
1.064786582613813516e+04
5.334832888948911204e+03
9.877446490693699161e+03
7.450143550697848696e+03
7.215620477203801784e+03
8.573749107960262336e+03
7.926607918982805131e+03
1.350395445594447483e+04
6.280001570445364450e+03
1.064885494476941494e+04
1.329842703379422346e+04
1.876722532703589604e+04
2.181395857002158664e+03
1.206646153160484027e+04
4.034331703927588933e+03
1.900517611298351403e+04
3.600147083614674921e+04
1.895106812010523572e+04
3.029496576630811614e+04
1.813014651792678706e+04
3.515797954665807629e+04
4.512195687764420290e+04
2.597729903684240708e+04
3.935258614797022892e+04
2.452089649922400349e+04
4.382603512221611891e+04
1.101852135390413605e+04
1.056347500834610400e+04
1.782403547941053694e+04
1.015564917724836414e+04
1.308040694974843609e+04
6.833641639368895994e+03
2.266056922532982935e+04
1.825502211683355927e+04
2.713094139032528255e+04
2.078880253844980689e+04
2.832621271079300277e+04
1.860008435567547349e+04
2.658692547812997145e+04
2.549743888535102815e+04
2.705524877990369714e+04
2.676818983950408801e+04
2.610236960024612927e+04
2.417634718620472631e+04
2.935204863729423596e+04
3.142100393022848220e+04
2.878083164343518001e+04
3.199847654013673673e+04
3.062873653002405626e+04
2.986604767524085764e+04
2.696623908071024925e+04
1.649027361575689065e+04
1.636275527338363645e+04
1.559509641853196081e+04
1.741965969977900750e+04
1.442693338170503557e+04
1.410780616554218614e+04
1.151248182491702573e+04
1.203479421296729379e+04
1.018900385277411442e+04
7.970714476670612385e+03
1.796896253962547053e+04
8.884634031157354912e+03
1.844981551575537742e+04
7.859563748092096830e+03
2.121893966964129504e+04
2.149349511523287219e+04
1.852995543673295106e+04
1.768606047739339192e+04
2.705948013383545549e+04
1.758578976302569208e+04
2.841781437542238564e+04
1.837161294317256034e+04
1.452220867377438663e+04
2.614993178363234620e+04
1.510441984349836821e+04
3.079982688175164731e+04
1.785463293766960487e+04
2.809487743810571556e+04
2.559266988633984511e+04
2.242783778223091940e+04
3.683695995094326645e+04
2.376015900052316283e+04
3.683257478968632495e+04
2.177568124108550546e+04
9.523636388663016987e+03
7.720350841464421137e+03
5.969073531698692932e+03
1.822886486541249178e+04
6.153879973558993697e+03
1.796914348700200208e+04
7.269741655493287908e+03
1.424477049773099134e+04
9.254037986730585544e+03
2.311679409886831490e+04
1.069376872407444171e+04
2.881005233209245853e+04
1.337515541055362519e+04
3.341325812489844975e+04
2.115417697683522420e+04
3.628031133621709159e+04
2.242608958465590331e+04
3.158974707478583514e+04
2.964474133869359866e+04
3.935475745267535240e+04
2.850072584368974640e+04
4.641410086238845543e+04
3.429300406072145415e+04
1.922948860074469121e+04
2.437944043245677676e+04
1.684686920430367900e+04
3.065535486504072833e+04
2.310764755454866099e+04
2.350595422223223795e+04
2.605979167993925876e+04
2.076718449053967925e+04
3.200772245860141993e+04
2.673494535726298636e+04
2.406655903671805572e+04
2.698646337423448131e+04
2.503927631775682312e+04
2.420562486736857682e+04
2.938407164863627986e+04
2.868054065775787240e+04
1.740993627586254661e+04
1.352302633433916344e+04
1.758471576698853460e+04
1.687681892976320523e+04
1.466846820019396000e+04
2.148610564393648019e+04
2.072597417229662824e+04
1.668263123431949134e+04
1.803222112162508347e+04
1.257864814435811968e+04
1.840125595655601137e+04
1.046573202642308752e+04
1.631111739320600100e+04
1.623424284873170473e+04
1.182557354478124034e+04
1.843247711672965306e+04
6.746930863499910629e+03
1.264111295570657603e+04
1.530820443082022939e+04
1.391048920598568839e+04
1.351063164635395515e+04
1.644114907762390067e+04
1.106876463290969696e+04
1.134161155859377686e+04
1.644514216417687567e+04
2.071777551476538792e+04
1.916155332705058754e+04
1.367353480733652759e+04
2.073084701960492748e+04
1.035309939663053046e+04
1.719489438087309463e+04
7.576574070913502510e+03
9.330385707447878303e+03
3.366723691353910908e+03
9.416433623267988878e+03
2.249258775261052506e+03
6.814706794017279208e+03
5.681966830890514757e+03
4.910733927515808318e+03
5.620574602080044315e+03
7.582394913475859539e+03
1.251937762667453626e+03
6.228031119696634050e+03
3.247600807228226586e+03
9.587931411352239593e+03
1.718975739666068330e+04
9.738331390984316386e+03
1.355423287123849332e+04
1.180775305859622313e+04
1.792135099753703980e+04
1.464429616629002521e+04
2.045108471200734493e+04
1.264390027773268594e+04
1.576777336767996712e+04
1.557677887610421931e+04
2.182999181294032678e+04
1.994639966741397802e+04
2.638155582395322926e+04
1.777680521093092830e+04
2.113149830744519568e+04
2.087300048357303604e+04
2.798589655318092628e+04
3.819859843754440953e+04
3.453342461011766136e+04
4.152240553126657323e+04
3.174246246736411194e+04
3.686424739799910458e+04
3.638947348450090067e+04
4.616044923986339563e+04
3.939720055449470965e+04
4.687395917205537262e+04
3.574742287560118712e+04
4.109219925689800584e+04
3.820821558947148151e+04
4.819737494947510277e+04
3.412197865646224091e+04
3.030414411517377084e+04
3.882645278426233563e+04
2.518833855670216508e+04
3.327087985052445583e+04
3.073350030350824818e+04
4.438490554248125409e+04
3.210625519254604660e+04
3.995205858667153370e+04
2.745325171879849950e+04
3.421281271335056954e+04
2.914229528610581838e+04
4.068280569301896321e+04
3.136815933177458646e+04
2.822525549950447385e+04
3.603744549153149273e+04
2.268303163344864515e+04
3.101430634914947586e+04
2.745497212978304015e+04
4.097438342533536343e+04
3.778296861570519832e+04
3.458594256448132364e+04
4.179517173042448849e+04
2.916630925593276334e+04
3.731350163229765894e+04
3.428889352042077371e+04
4.628103492973459652e+04
3.482601419082098437e+04
3.284104782815255021e+04
3.815382107264346996e+04
2.783813378465468122e+04
3.471128460355960124e+04
3.188602873765186814e+04
4.170714606735191046e+04
1.980321934324130780e+04
2.424984912897622780e+04
1.760500501487036672e+04
2.088263944653520593e+04
1.932621544887854907e+04
2.509478549631040369e+04
1.909788171949466414e+04
2.085985468897371538e+04
2.246319144500338371e+04
1.451430744000418963e+04
2.184017861305143742e+04
1.460427288538984612e+04
2.289944782062635568e+04
3.521242655984720477e+04
3.944580506960282946e+04
4.011023541918108094e+04
2.825291345663992252e+04
4.056866851272622444e+04
2.672714551005312751e+04
3.874255144178018236e+04
3.967127251401799003e+04
4.489004214899072394e+04
4.378233487773486559e+04
3.427007686286950775e+04
4.535853030896207201e+04
3.099580235325859030e+04
4.149036886754818988e+04
2.622048708733428430e+04
2.635716248825258299e+04
3.150271988943114411e+04
3.037677863087715377e+04
2.156347954423927877e+04
3.191556289185582864e+04
1.812504155427914156e+04
2.824249620080398745e+04
2.486248053257576612e+04
2.884882819622287207e+04
1.587447247658931883e+04
2.889307985016458770e+04
1.059057489445118154e+04
2.370614144202651005e+04
3.603868475620714162e+04
2.518834538235226137e+04
3.555126901578175602e+04
1.804745129274669307e+04
3.298717960412981483e+04
2.793030181811697548e+04
4.058350400864845142e+04
3.819301047702214419e+04
2.198940018300669180e+04
3.777828621361659316e+04
1.412135170415745597e+04
3.267538419053548569e+04
1.913088199378622448e+04
2.440758865718069137e+04
2.565026455893085222e+04
1.152098974339769484e+04
2.588439264282619843e+04
1.078088195888990958e+04
2.477213559006435389e+04
1.452245291848225133e+04
1.734914621122474273e+04
1.899029752321425622e+04
1.229363341521616530e+04
1.869300101359471228e+04
1.416791325290978966e+04
1.887013044539326074e+04
3.187722044895529689e+04
3.270336386108863007e+04
2.580345281143193279e+04
2.590625663573767815e+04
2.701777581792156707e+04
2.093750283106929783e+04
2.887320167386510002e+04
2.181221563020415488e+04
3.161150145045107274e+04
4.247102656355139334e+04
5.361539433747023577e+04
4.406383866982469044e+04
5.652774730812995404e+04
6.121097832260414725e+04
6.773272178650194837e+04
5.346653790159811615e+04
6.441736362766069215e+04
4.986894949666800676e+04
6.527592869407848775e+04
5.926773474192897993e+04
4.504644376414077851e+04
5.591099669836700195e+04
4.177030654530285392e+04
5.680309866372487886e+04
3.130100800564205929e+04
4.601578135450351692e+04
3.173726311950268791e+04
4.830574992714681139e+04
4.592967100950826716e+04
2.965524939564303349e+04
4.319343299358313379e+04
2.425821635012551269e+04
4.301792926296780934e+04
3.714893775077768805e+04
4.004812464566875860e+04
4.400480665406279877e+04
2.451269892231909034e+04
4.220237120825637976e+04
2.410603439669906948e+04
4.521290621918941906e+04
3.298462264982735360e+04
4.178289144421536912e+04
1.710073170579341240e+04
3.835399867314765288e+04
9.138634457724483582e+03
3.738353065409351984e+04
9.190042011621206257e+03
1.368839388111741027e+04
2.240152043659550691e+04
1.721055621971888831e+04
1.812686197039943727e+04
1.562662738100495335e+04
2.574259293786740818e+04
2.247620408004473575e+04
1.003796765846379094e+04
3.785765115383637749e+04
1.658717332715675002e+04
4.089746330042721092e+04
1.486806761646483392e+04
6.497607881480068500e+03
8.030181720230952124e+03
2.241262155047980923e+04
3.730082486159177733e+03
2.611416580511882057e+04
2.959032464982496549e+03
3.086349538128592030e+04
1.414953905304867658e+04
4.097642145625552075e+04
2.377770452180286156e+04
4.083276981376975891e+04
1.652442744151803345e+04
1.830878752745180100e+04
2.722043587293200471e+04
1.888500091263431750e+04
2.564807580591582155e+04
1.699432218856464897e+04
3.312461622246086336e+04
4.376520215629071754e+04
3.910685043366853643e+04
3.822889458091679990e+04
3.163132571201241080e+04
4.140266864396570600e+04
3.673635901557937177e+04
3.691683259757509950e+04
4.252879258678528277e+04
2.804099064349100809e+04
3.163090459301184092e+04
1.250313971211325224e+04
1.900207332976473117e+04
1.650169627928491900e+04
1.398192804442190209e+04
1.581085646831378835e+04
1.407379167035017963e+04
1.528442004064827779e+04
2.027693080058701526e+04
1.160240148983862309e+04
1.077738134015810465e+04
3.811205039568728535e+04
4.246240370751208684e+04
4.221460654133551725e+04
3.644600738710444421e+04
4.769932914224560955e+04
4.866998575300392258e+04
3.878628023788541032e+04
3.711163421271451080e+04
3.336511911091103684e+04
4.083838627606555383e+04
3.463032180451478780e+04
3.501282071089131205e+04
3.679799096366305457e+04
4.953026652686727175e+04
6.693402458906115498e+04
4.053938501754790195e+04
5.761261054627161502e+04
2.958726533923136594e+04
4.488472414519987069e+04
4.706936020004049351e+04
3.567030385581041628e+04
5.809772108627013222e+04
4.281646796441824699e+04
5.415263198039330746e+04
2.886837598424387397e+04
6.402352571982512745e+04
6.254293280369743297e+04
5.529359670950780128e+04
7.781567962830828037e+04
5.940324378232444724e+04
7.693362879932863871e+04
5.139268784205125121e+04
5.797944685082242358e+04
5.904372371575971192e+04
5.650419589689815621e+04
5.224161286613769335e+04
6.805142118372167170e+04
5.437389945923496271e+04
6.884676171916491876e+04
5.043602697964257823e+04
4.959678400600887835e+04
4.954601773506248719e+04
4.571072140568106261e+04
4.643893935387865349e+04
5.264135398231474392e+04
4.546269732453071629e+04
5.520143986471422977e+04
4.745858313397371967e+04
4.246632558200740459e+04
4.195901270253292023e+04
3.747970307288411277e+04
4.014752979269992647e+04
4.363106937285177264e+04
3.786658473296010197e+04
4.699658228753628646e+04
4.272358052027747908e+04
2.282446530614565199e+04
2.155965915130192661e+04
2.761666858085640342e+04
2.111367559635807993e+04
3.235449007743343464e+04
2.496635315351039389e+04
2.661955968651144940e+04
2.703670207299500180e+04
2.680483783099712309e+04
2.464054231458019422e+04
3.094419939992146101e+04
2.589056848421911127e+04
3.145699494384039645e+04
2.396117995056821019e+04
3.009468751880620403e+04
3.421206870349019300e+04
3.182529145010211505e+04
3.687609119907774584e+04
3.053721449116584336e+04
3.501662347637204948e+04
3.988977125993536174e+04
3.540893613261247810e+04
3.568466721426683944e+04
3.882461145614494308e+04
3.374286723343718768e+04
3.257602665553185216e+04
5.518733591087702371e+04
5.139140369868688867e+04
4.552972528108429105e+04
5.882211341636057477e+04
3.358315365420927264e+04
4.257255212453533750e+04
4.132771794529695762e+04
3.559261667545788805e+04
4.835563688792906032e+04
2.375523516631160965e+04
3.284879015333823918e+04
1.563559660601040014e+04
2.655150886806564085e+04
1.860905005591165536e+04
1.402721063057722677e+04
2.502309504641027524e+04
4.750575557456733804e+03
1.154441835585513763e+04
1.953913473639538279e+04
1.727908890559566862e+04
1.202984175285560377e+04
2.240129170413543397e+04
7.632239211541820623e+03
1.185994370524422447e+04
1.304062606888560731e+04
1.568902351178818935e+04
2.043408534367644461e+04
1.067674738334778885e+04
3.232650779088618219e+04
2.357983098031914415e+04
2.591341025864921539e+04
2.407134522543338608e+04
1.332053677896816407e+04
2.190034863099961149e+04
2.415740451816015047e+04
1.489345559499435331e+04
3.379963685471266217e+04
2.991404579348173138e+04
2.362252625927175905e+04
1.484215902691953124e+04
2.211999205503514168e+04
2.323196783204839448e+04
1.610477532239616812e+04
3.179002809583647104e+04
2.961329086636864304e+04
3.278731754420503421e+04
2.301496057957960511e+04
3.168114749757142999e+04
3.184361995712809221e+04
2.494517078933294761e+04
4.057956472701646271e+04
3.926916161644076055e+04
1.766695619558294493e+04
8.603688144083815132e+03
1.702506781974830301e+04
1.672986997692143268e+04
1.039768634911640220e+04
2.493053084548422703e+04
2.456456421026717726e+04
2.473221828752145666e+04
2.337853097783626799e+04
1.489791214155353919e+04
2.053574452998646666e+04
2.606832815942695743e+04
1.581058337856832077e+04
3.777180407373052731e+04
2.668694844435311825e+04
3.892297601864921307e+04
4.568700373132489767e+04
4.929971547752136394e+04
3.520261384198034648e+04
6.589245445721207943e+04
5.685867417878307606e+04
2.058271536885288879e+04
1.134119790905918853e+04
1.997702092340392119e+04
1.848085737134502779e+04
1.261593256970967923e+04
2.879289356049876005e+04
2.969176507278706413e+04
1.842591874770914001e+04
1.166491266388584154e+04
1.842987922185963180e+04
1.625048728043572373e+04
1.254271287588268933e+04
2.445431817689929085e+04
2.698550969872631322e+04
4.531836046915906081e+03
8.586440091257612949e+03
8.850973803077964476e+03
6.951835008682076477e+03
9.895692143332225896e+03
1.387908678200518079e+04
4.561362670050281849e+03
1.480262667064927336e+04
1.310422015936922980e+04
7.989950240756630592e+03
2.297366842331842690e+03
