8.102047679353372951e+04
2.919723996717936097e+04
6.884007087553382735e+04
2.079501989117867925e+04
7.010353708698647097e+04
4.198841799718884431e+03
3.242828656736579069e+04
8.673200767561102111e+03
2.428352856197367146e+04
4.603799228152221622e+04
2.404464410281822711e+04
4.553554061982557323e+04
3.528162907696173352e+04
4.710384989532624604e+04
6.328642886018677382e+04
6.635774457073278609e+04
6.679031386621620914e+04
6.303238530640178215e+04
7.309720268246166233e+04
6.831939264494206873e+04
6.079498053709296073e+04
6.485873037137639767e+04
6.249918647895814502e+04
6.140924994194020110e+04
7.027413237303860660e+04
6.674794437757425476e+04
5.479473736871625442e+04
4.445120761367868545e+04
6.188072865171808371e+04
2.146168320582682281e+04
3.435282889870416693e+04
1.193937391130311516e+04
2.563622863767738818e+04
1.157115343305954229e+04
3.424592673992044729e+04
2.550084937011113288e+04
3.079073941823178393e+04
2.185180748391493762e+04
2.730172286828987126e+04
2.081692187878294499e+04
3.044078223091782638e+04
3.008108188067807350e+04
2.996223578360069951e+04
3.318749737861302128e+04
2.567810646761514727e+04
3.117433071273331734e+04
2.649538889475395627e+04
3.543703858366452914e+04
2.542354147552612267e+04
2.757946899872593349e+04
2.621546891871916159e+04
2.797503252872821395e+04
2.709518364003339593e+04
2.441085983330937233e+04
2.595066688887634882e+04
1.973458422833686564e+04
2.158042842232992189e+04
2.099283425079529843e+04
2.078798453013772087e+04
2.130229908697072460e+04
1.822161970257041685e+04
2.168115044442833459e+04
2.230479688769061613e+04
1.882568511605629828e+04
2.578307663264131043e+04
2.165448788493002212e+04
2.436109025752474190e+04
1.753450819243986552e+04
1.544393683451132347e+04
3.995486622546631406e+04
2.264831025285729265e+04
4.024688931577578478e+04
1.506523455712148461e+04
3.035555354006914058e+04
3.373855081744555355e+04
3.736854829927519313e+04
2.200115492301212726e+04
4.796078667412308278e+04
3.228451837720999902e+04
4.316417993471302179e+04
1.382263690149440299e+04
6.681697294452345523e+04
8.508814310076182301e+04
5.882961967370571801e+04
7.081860720262241375e+04
7.171546698172480683e+04
5.762423698438324209e+04
8.567617063493910246e+04
6.648957754628249677e+04
8.244446905420746771e+04
5.046676810213699355e+04
5.442319251964516297e+04
8.292831755614839494e+04
6.454682521078082209e+04
8.496690200294868555e+04
5.688668394893443474e+04
5.965244911495230917e+04
8.041589576567028416e+04
6.703833897591179993e+04
8.264447203280789836e+04
6.227025688737486053e+04
6.838369535265960440e+04
8.163808868818148039e+04
7.164176805647974834e+04
8.574358601768247900e+04
7.001284873516501102e+04
6.898727644830859208e+04
7.836982337313429161e+04
7.085688062847297988e+04
8.162477000720864453e+04
7.063969865951250540e+04
9.753306710397634015e+04
7.814496146052682889e+04
9.407391061234186054e+04
7.200100635321348091e+04
5.913331756941451749e+04
6.705319298557522416e+04
6.046922048695645935e+04
6.942121561276259308e+04
6.101979885781453049e+04
7.997039151259089704e+04
7.984764281400923210e+04
8.655424646304544876e+04
8.523344995425165689e+04
7.452173433857951022e+04
8.724506850527309871e+04
7.497475263425150479e+04
8.315168712623135070e+04
6.963528617852566822e+04
5.719073820671250724e+04
6.981475308112605126e+04
1.710664177101754467e+04
1.433128081958058829e+04
2.131236625162256314e+04
1.589840712125673235e+04
2.120981581673892651e+04
1.333144229936450029e+04
2.424250400151732902e+04
2.100249128153037600e+04
3.195796910962467518e+04
2.118143254155318209e+04
3.010009274064513011e+04
2.031230740236232668e+04
4.087923531873811589e+04
4.567405997166841553e+04
4.089383079681352683e+04
3.931901610138066462e+04
4.476056233675376279e+04
3.606351444450112467e+04
3.620927435147382494e+04
3.049668134139442554e+04
2.889555905292542593e+04
2.952165648291560137e+04
3.042874478621226808e+04
2.922263100233901059e+04
3.189823809536686167e+04
3.215434738224024113e+04
2.887227091258123983e+04
2.674402200203013490e+04
7.105111904152928037e+04
6.430471628307401988e+04
3.477784620993091812e+04
3.629812089547760115e+04
3.948829027778672753e+04
3.279916679764285800e+04
4.380454556746577146e+04
3.728850890517346124e+04
4.032281935424269614e+04
2.833068431410727135e+04
6.135714017125960527e+04
5.314209046880385722e+04
6.436866700089498045e+04
6.002873084471257607e+04
6.005057616250422143e+04
5.059278752730182896e+04
3.530470910847416235e+04
3.132284716287725314e+04
3.200134808290456931e+04
3.769324781879357033e+04
3.099728261222705260e+04
4.028827513712294603e+04
3.323132381049361720e+04
7.399745262578420807e+03
1.384584036722449309e+04
1.590481644206394321e+03
1.147684426154660105e+04
6.004462707073928868e+03
9.605836477255605132e+03
5.059812262611295591e+04
5.309452697594020719e+04
5.672544956032132905e+04
4.202163311706504464e+04
5.500926578617674386e+04
4.164285623410386324e+04
5.795045451395917189e+04
5.500740750461079733e+04
4.228121805704124563e+04
5.202567234235860815e+04
3.608408002169694373e+04
3.476922544580437534e+04
2.182487024059976466e+04
2.527624684206508755e+04
2.454410745723744549e+04
1.111680719087209036e+04
3.508573907418145245e+04
1.362706492086980688e+04
2.800317064915018636e+04
4.870866560521039355e+04
3.505653661377427488e+04
4.055568981360288308e+04
5.516720195726146630e+04
3.459386452321008983e+04
6.095399717055267683e+04
4.696496801334803604e+04
6.348137487094489916e+04
5.023141261226614006e+04
7.131744988387128979e+04
5.382830662823940656e+04
4.813694955559301889e+04
4.871518068334797863e+04
5.026432370115678350e+04
4.592962545812341705e+04
5.320131705631424120e+04
4.834155238861783437e+04
5.282883542662107357e+04
4.510796593692795432e+04
4.705421034355516167e+04
5.161712670629841887e+04
4.957424751288171683e+04
4.608112484034121735e+04
4.449501392286403279e+04
3.087643952015450486e+04
1.626182848917098818e+04
2.725432132323893529e+04
1.283177198645563112e+04
2.770367044522933429e+04
3.180600579669954823e+04
4.664831519149184169e+04
1.762247958926435240e+04
3.982830429826389445e+04
1.564999837345341439e+04
3.975539779202779755e+04
5.715045101397591498e+04
6.079582912868563290e+04
6.917416346576770593e+04
3.678808026628939115e+04
6.510112797731655883e+04
3.815705603222663922e+04
7.191812588660066831e+04
4.158825588388805045e+04
4.481938005726198753e+04
5.055072588396765059e+04
2.745546083854026074e+04
4.781989617360718694e+04
2.843446347764594611e+04
5.249816702577665274e+04
2.800971920408153892e+04
3.371758998725142737e+04
1.781418967113222971e+04
3.240315264002016193e+04
1.484789067892158891e+04
2.933070827930111045e+04
2.956192459855639027e+04
3.446306399797940685e+04
1.622213984106521275e+04
3.511137537817673001e+04
1.040421282591404633e+04
2.794545891455407764e+04
4.075481957276944740e+04
3.976898468145946390e+04
3.014518079578136167e+04
3.178555556491314928e+04
3.182460986976634376e+04
2.127299732394181774e+04
3.896446890679954959e+04
1.580077991644666872e+04
3.499967460943416518e+04
3.199021341229019163e+04
1.459086826769603431e+04
2.800208541963975586e+04
1.787305240704566677e+04
1.782105888379602038e+04
9.173018057483359371e+03
2.079132402738651581e+04
7.091298099499095770e+03
1.259015212216997861e+04
4.949067830452686758e+04
4.381421446134500729e+04
3.746619156848519197e+04
5.381641689147920988e+04
2.170119117510566866e+04
3.287744112031397526e+04
8.239141981467790902e+04
7.014574077686782402e+04
8.812929679119783395e+04
5.461572620672509220e+04
7.286903554283783888e+04
8.688145629920161446e+04
9.546839260527392616e+04
7.854779126180663297e+04
8.977127802179245919e+04
8.559681074776772584e+04
9.456853577237619902e+04
8.565647563710242684e+04
7.839106967956562585e+04
8.849234679968748242e+04
7.120259276867200970e+04
8.042135331375253736e+04
6.822091713364278257e+04
6.151190609015526570e+04
7.292652701023998088e+04
5.101158743522716395e+04
6.118942899919021875e+04
4.528628192411509372e+04
4.348500734037534130e+04
3.541330321469690534e+04
4.904180673706372909e+04
2.542149520633213979e+04
3.493881883737718454e+04
1.898417644926144203e+04
2.184917689929078188e+04
2.593778669244821867e+04
1.888035955219185416e+04
3.781465207464820560e+04
3.036746461590507533e+04
1.836179689998948379e+04
2.217102278985246448e+04
1.120085352059650177e+04
3.572071001942452858e+04
2.764431019206278506e+04
5.807614748718467126e+03
1.670498586124153007e+04
9.985942626415991981e+03
5.528242681495264151e+03
1.582982031070441735e+04
1.118915326806578014e+04
3.706420994079488082e+03
1.747838310246247056e+04
1.732916165716305113e+04
1.111326765132905712e+04
2.149778384629918946e+04
1.341560995278276096e+04
1.062106598503283567e+04
1.220001663259280940e+04
1.253585564380514370e+04
1.597033335351820097e+04
1.262862424008335620e+04
1.472749480164493070e+04
1.536482817583610085e+04
1.710966497928978788e+04
1.071049195557162602e+04
9.399820459340195157e+03
1.423987486053340217e+04
1.045258691183674455e+04
1.091746165005258990e+04
1.366349060990014914e+04
1.205751720289479454e+04
7.400304620794985567e+03
3.285996149189321295e+04
3.228142763001102867e+04
2.537963080370690659e+04
2.942837916715882966e+04
3.488080120148513379e+04
2.588047513082355363e+04
3.971938696687154879e+04
3.273695771470686304e+04
4.454128601739650912e+04
5.007440761837007449e+04
4.110780836208142136e+04
5.810548150265894219e+04
4.988775396776823618e+04
4.308369278560057865e+04
3.977560615119177237e+04
3.311828562040579709e+04
5.159602911032638804e+04
5.003686852711813117e+04
3.462800273953549549e+03
2.020176014350303376e+04
2.824438464545631632e+03
4.095205800927353721e+03
1.596465139097984320e+04
1.581407067615505548e+04
1.359259218602754481e+04
1.637816248679221462e+04
3.243116757220121508e+04
2.122639189124867698e+04
1.284880106128431726e+04
3.048442385312561964e+04
1.499853475191505140e+03
9.837938388877524631e+03
2.188627717586449216e+04
1.618569658460472419e+04
2.706285271480936353e+04
1.917179016113678881e+04
1.711317245089178687e+04
2.601068452589822846e+04
2.102396402192065943e+04
2.464887170595111820e+04
2.653898584431785639e+04
2.163686578196743721e+04
3.528389919009295409e+04
2.970842445376802061e+04
3.906300480696219165e+04
4.351848904469724948e+04
3.423653934240692615e+04
5.580987022413342493e+04
4.614285524184336828e+04
4.343695280642217404e+04
4.139721520942694042e+04
4.188479056097313878e+04
4.489258311793199391e+04
4.564328859860468219e+04
4.672149869003144704e+04
4.449476943263565772e+04
4.810835759776640771e+04
4.267929568819176347e+04
4.527602659920961742e+04
4.825130573506616929e+04
4.591477668482070294e+04
4.982781591730954824e+04
4.392065048312427825e+04
4.678211759024895582e+04
5.517901242205309973e+04
5.554257330031553283e+04
5.273914771301260771e+04
5.615573963296200236e+04
5.089771186530818522e+04
5.426566398577205109e+04
4.403553329704143835e+04
4.452149019493429660e+04
4.546377313061556924e+04
4.187519675917928544e+04
4.495397716358754406e+04
4.133524000985798193e+04
4.594890481106072548e+04
4.014974971110029583e+04
3.997041776910955377e+04
4.126006821583390411e+04
4.176683865063779376e+04
3.734815617669747735e+04
4.163454971927051520e+04
3.673816485906048183e+04
4.187172930633384385e+04
2.683155152368789277e+04
2.132457090168873401e+04
2.659493090484289860e+04
2.077903111288878790e+04
2.544837215563183418e+04
2.479500442007601669e+04
2.581713158908395781e+04
2.727854111327198552e+04
2.096281502289536365e+04
2.654745590207447458e+04
2.162652739888305223e+04
2.819676734501515966e+04
1.348027456509200056e+04
1.402317348238318664e+04
1.661286491585866679e+04
8.845016423564442448e+03
1.521271790079514176e+04
1.072989998079818361e+04
1.807184218943813903e+04
1.515813814005432687e+04
1.573086656960242908e+04
1.813577839500904156e+04
1.010525523577467357e+04
1.682485756836615838e+04
1.158561108382691418e+04
1.955485459600916147e+04
1.205490362062028180e+04
1.512683772029284228e+04
5.953529433247458655e+03
1.452734153584262640e+04
2.449221753647259447e+03
1.278010728630456651e+04
2.148351906667410731e+04
2.149486021854391583e+04
2.536631330815607726e+04
2.429366242028255874e+04
1.782609074151380992e+04
2.555486556406652016e+04
1.573310862055546750e+04
2.323438758582424271e+04
3.639064892266228708e+04
4.005533038052343909e+04
3.913135333395304770e+04
3.278973342286202387e+04
4.024708968040765467e+04
3.065940848847681627e+04
3.789640987025139475e+04
3.998493109928410558e+04
4.345932242751364538e+04
4.234219752121515921e+04
3.640830336457950762e+04
4.370943022800113249e+04
3.443448200340999028e+04
4.053823365260056744e+04
3.891939759176244843e+04
3.253206539763744149e+04
3.926868883546873985e+04
2.941240232509010821e+04
3.664312089901219588e+04
