6.943108337057051358e+03
8.749659156390898715e+03
5.017233097742493555e+03
3.921976798500037603e+03
3.369457494164526906e+03
4.590363974443584993e+03
6.039553449444062608e+03
8.039170937823706481e+03
1.063086514714639270e+04
6.635321431383282288e+03
7.349288242919047661e+03
8.357679979435948553e+03
5.888784324065396504e+03
4.159521356453716180e+03
3.380175479678432112e+03
3.880272737577862245e+03
3.394009279706126108e+03
3.471895369266543639e+03
3.516216248605110650e+03
3.168921398447108459e+03
3.169636160641455717e+03
3.373503101594928012e+03
3.391175228189785685e+03
3.789102125365798202e+03
4.442640022635289824e+03
4.121221218704099556e+03
4.569471907895464028e+03
4.046698115035119827e+03
4.366177060816744415e+03
4.636760320203599804e+03
4.631686664873896007e+03
5.270547166848326924e+03
5.266387939220009685e+03
4.128145183807616377e+03
4.787877569035709712e+03
3.558242534939360212e+03
3.328879628824904103e+03
2.951855669287403543e+03
4.004778149885639777e+03
4.590820812771998135e+03
4.686697796684947207e+03
5.425314338881638832e+03
4.325249902810851381e+03
3.605679983104945222e+03
4.864589178304160669e+03
4.866794859562213787e+03
5.314274305951110364e+03
5.279808761527524439e+03
5.375212617027987108e+03
5.192024174066777960e+03
3.824290292082911947e+03
4.856951547253036551e+03
4.162780002119451638e+03
3.788820877133181966e+03
3.884119437005734653e+03
5.077094985320418346e+03
4.520795877048233706e+03
5.149534986116661457e+03
3.972711375153061908e+03
5.444021747254510956e+03
5.438106511924922415e+03
4.508914255921082258e+03
4.256904361325456193e+03
4.947243344554132818e+03
4.390087125361277685e+03
5.106729942010184459e+03
3.331123109487616603e+03
3.905060988309057848e+03
3.790135350567324622e+03
3.788603114997057673e+03
3.322036885877998429e+03
5.051148357253015092e+03
4.830842934358064667e+03
3.872558023546228014e+03
4.836649711889055652e+03
5.616094130415906875e+03
5.451090228205880521e+03
5.562344903556938334e+03
5.955154266136399201e+03
5.785348767937550292e+03
3.957188256015919706e+03
4.360117315009454614e+03
3.795890946776499277e+03
2.873844372942522114e+03
3.445238996551162472e+03
3.825619854036368906e+03
3.320201887522764537e+03
4.898181027358410574e+03
3.939699238721089841e+03
5.165406706446519820e+03
4.142575854778763642e+03
3.865166377709319477e+03
3.768710272079176320e+03
4.288607043558491569e+03
3.768704354192879691e+03
3.909276716292408310e+03
3.377664262826037884e+03
3.412095313342118516e+03
3.619558574669637892e+03
3.190939849403534026e+03
3.707203506296056730e+03
3.076620951819923903e+03
3.406513793477009131e+03
3.047339526796240534e+03
3.404359278827290382e+03
4.376393963442109452e+03
2.775929977082850201e+03
4.164052004757243594e+03
6.007303767600812535e+03
5.146971956866731489e+03
4.371631576899731044e+03
3.037410969738356016e+03
3.820042195115858249e+03
4.460537638502423761e+03
3.902877781483919534e+03
3.333152292229066461e+03
3.762345952395601216e+03
3.764623658160641753e+03
3.764947753966427172e+03
