8.935865749032789608e+03
1.120818035218040495e+04
1.108240669663984227e+04
6.439344476960344764e+03
4.171592826232163134e+03
3.844735700728980646e+03
5.541538305418472191e+03
5.919387000427186649e+03
7.285728377070139686e+03
5.894296130198436913e+03
6.197454485252368613e+03
5.333486897507503272e+03
4.103649806427965814e+03
4.425019790524985183e+03
3.859012426266719558e+03
3.113917767190830091e+03
3.989604146833741652e+03
3.898636852589563659e+03
3.266745080860127018e+03
4.053542617764060651e+03
4.154684758578334367e+03
4.403982566135832712e+03
4.312412409263291011e+03
5.235059367480247602e+03
5.537001381848225719e+03
5.476689778216669765e+03
4.557020910849236316e+03
4.520717823790223520e+03
4.835214991204301441e+03
6.399730198241618382e+03
6.548670002480791482e+03
6.983417369138395770e+03
6.578273665504610108e+03
4.254420101241164957e+03
4.323075990482868292e+03
3.803785115032864724e+03
4.345711320539386179e+03
3.898939302847327781e+03
3.882957389647664058e+03
4.282626061036989086e+03
3.696274309832237577e+03
5.287263568536056482e+03
5.722625342067763086e+03
4.824338962839979104e+03
5.266144499654260471e+03
5.346466083243029971e+03
5.528159091118860488e+03
5.315706808449007440e+03
6.484653400445667103e+03
6.691788074917196354e+03
7.193481086008328930e+03
6.082623234679417692e+03
5.083316779518922885e+03
3.786700164187189785e+03
5.570298772924556943e+03
4.041406155504588696e+03
5.679126997742499952e+03
3.947246143861525979e+03
5.510479652804038778e+03
4.824728390413830311e+03
4.834596126901605203e+03
6.044853742495481129e+03
4.527095539280888261e+03
4.839128367433505446e+03
6.025798683422885915e+03
4.280446900533968801e+03
5.552661202216067068e+03
3.849293896263724946e+03
4.031960540317384130e+03
4.117518142688064472e+03
5.337966082041732989e+03
4.839690385807733946e+03
6.852661456053127040e+03
5.905839184338140512e+03
6.388755673732665855e+03
5.011764553067653651e+03
4.534346389263220772e+03
7.269619419024576928e+03
5.455121380130665784e+03
4.363958361723936832e+03
4.989549785306644480e+03
3.688520816766460484e+03
3.931252572064372089e+03
4.814098940422515625e+03
4.689925996005541492e+03
4.455223377431247172e+03
4.596395827061362979e+03
3.864187633940610340e+03
5.322207627551492806e+03
5.827990910440272273e+03
5.490777985297165287e+03
4.520215728161562765e+03
3.730506799443973705e+03
3.692697410719786149e+03
3.913511088026828020e+03
4.422350994792572237e+03
4.731470312095866575e+03
3.862080969334022029e+03
3.204964082404854253e+03
4.143249860453993278e+03
3.202472673187829059e+03
4.158028852423931312e+03
3.572328121294287030e+03
3.795685905394346264e+03
3.670623928079417055e+03
3.866803568099744552e+03
6.408977465180526451e+03
7.201669740829177499e+03
8.330915813562502080e+03
6.822933286506956392e+03
4.133696209363594789e+03
3.936643902840019564e+03
4.892833216271791571e+03
4.422954169125616318e+03
4.654666031481951904e+03
5.161545447025342582e+03
3.832646929717326657e+03
3.911241617612717619e+03
4.040427862745200400e+03
