1.026310849473613234e+04
nan
nan
nan
nan
nan
nan
1.425698906529340275e+04
3.709995417219282899e+03
3.697930426736225400e+03
3.344188194433116223e+03
nan
nan
nan
nan
3.974844157708116200e+03
nan
nan
nan
nan
nan
2.924049076973740739e+03
8.331623358601302243e+03
5.255891846033518959e+03
4.781821215919770111e+03
5.233075721554471784e+03
4.337035475431905979e+03
5.183751607395201972e+03
7.584953470178804309e+03
9.490399824217305650e+03
3.530211320928598070e+03
9.742829096115368884e+03
6.353987069747915484e+03
6.649488122439569452e+03
5.417958152591244470e+03
5.420041941814229176e+03
4.780952654793330112e+03
3.372089054951310573e+03
nan
6.905838715805357424e+03
3.420212654894567095e+03
nan
5.950865833283673965e+03
9.187312366699014092e+03
3.518309146374475404e+03
5.223470976035550848e+03
nan
nan
1.388022325997949793e+03
4.907465165718645949e+03
3.923017191957862451e+03
nan
nan
3.892481146168302075e+03
4.487340640534309387e+03
5.402924626849146989e+03
nan
nan
nan
nan
nan
nan
3.711509902753890856e+03
1.653796622353240673e+04
7.872156345980786682e+03
4.607314178684055150e+03
3.638194121262189583e+03
nan
nan
nan
3.496411579636974238e+03
4.935579467247155662e+03
7.719218319210906884e+03
1.054609105099989938e+04
9.450904637858946444e+03
4.161493059321174769e+03
1.008625433456998326e+04
6.164579678696389237e+03
1.849402006503866914e+03
4.160885087427045619e+03
8.459578254445277707e+03
7.523069276457872547e+03
4.480306487248913982e+03
2.668943444827344592e+03
4.474196939415565794e+03
5.419894282864346678e+03
1.039258292253915533e+04
8.444955153204389717e+03
9.838117980881015683e+03
6.760590923635250874e+03
4.881195443313764372e+03
5.923141562981370953e+03
5.591512399660937263e+03
5.053041861778710881e+03
3.586377007136492466e+03
nan
5.610276446644207681e+03
1.082614218287468793e+04
9.367790098259607475e+03
8.172551703157076190e+03
9.907509895797393256e+03
5.618637946399903740e+03
nan
nan
nan
nan
nan
5.301896011393859226e+03
7.984725515316519704e+03
6.091702306295608651e+03
6.003368218038845953e+03
4.755473438404799708e+03
4.749754980406333743e+03
3.328888277272586038e+03
3.832982184206568490e+03
3.830296937857168814e+03
3.739684021119919180e+03
3.433706669911997324e+03
3.838684742170784830e+03
3.475492053391360514e+03
3.475437330113045846e+03
3.116726313145804852e+03
nan
nan
nan
nan
