nan
nan
nan
nan
nan
2.413572367055025552e+03
2.879719083085003604e+03
nan
nan
nan
4.758219543339516349e+03
5.551511093596855062e+03
7.034952913515460750e+03
3.241350635585527925e+03
4.111836151761683141e+03
3.644405538679654455e+03
nan
6.919686757100384966e+03
4.457633330232252774e+03
4.163620271930381023e+03
7.374605671332495149e+03
5.338811228213962750e+03
6.714457585536468287e+03
7.273648540273030449e+03
nan
nan
nan
nan
nan
4.161440012757489967e+03
8.192385311999278201e+03
4.573226600251283344e+03
2.908397566223870399e+03
nan
nan
7.770274178085600397e+03
3.872981100774202332e+03
4.609300641267013816e+03
6.037933800468869777e+03
5.100971844637499089e+03
6.776164996720189265e+03
6.660261601228437030e+03
nan
nan
3.349086757361204491e+03
3.748306929149283405e+03
2.847319401463686972e+03
3.439565319390137120e+03
3.772998545860574268e+03
3.163176107311782744e+03
3.742569217823167946e+03
4.831309041143466857e+03
4.168212831943818856e+03
3.053299409045971970e+03
5.618670968184370395e+03
4.846724097880430236e+03
4.704519028116737900e+03
3.654949047237331797e+03
4.748422601813942492e+03
3.833343059852867555e+03
1.102983926074871306e+04
3.690418105550331802e+03
7.963750421207369072e+03
4.700562151784770322e+03
7.751863759235191537e+03
4.518162152325252464e+03
2.851514714512391038e+03
3.553890307052826302e+03
3.268235413287098709e+03
3.632627207959552834e+03
3.422633850962452016e+03
3.550735564256605812e+03
3.970498418278138615e+03
3.916085724226096772e+03
4.202028556042170749e+03
3.773975219904397363e+03
3.868929615690224182e+03
3.412637606244567451e+03
3.191980804578927291e+03
3.618877143142403384e+03
5.671918632354834699e+03
3.411048426977705731e+03
4.602745426508636228e+03
nan
nan
nan
3.063113488648357816e+03
4.241660431555746982e+03
5.130877327277618861e+03
3.880567823210954430e+03
3.877006342234614294e+03
6.168265886938272160e+03
9.404698563013558669e+03
6.563646674981441720e+03
4.164251308171530582e+03
4.383243253049867235e+03
1.008055339729518346e+04
4.699984756433323128e+03
4.238247529842396034e+03
3.795313672742711788e+03
2.832415908989652053e+03
nan
nan
nan
nan
