nan
5.272698599689641014e+03
6.385839117062685546e+03
5.672259212045889399e+03
3.340079311411108392e+03
3.701797881504725865e+03
3.719792988315939965e+03
4.194359739990038179e+03
6.959258925712351811e+03
6.393652386378847950e+03
6.258757631424020474e+03
nan
4.970786098742245485e+03
nan
3.197770467836856369e+03
3.639276389983518584e+03
3.723836828715368028e+03
3.722413731953403840e+03
3.970350643669066358e+03
3.873864725992179956e+03
4.287544321363227027e+03
3.812819311590441430e+03
4.839388406626102551e+03
5.674809268230114867e+03
6.803153417655950761e+03
7.439633718144922568e+03
8.443511384237872335e+03
7.342144223350890570e+03
5.816497044101046413e+03
5.166605945590644296e+03
3.995369938625195118e+03
4.773083761196791784e+03
3.609934579670027688e+03
3.641430142366215478e+03
6.563822839603801185e+03
5.399103454239550047e+03
5.601190178817640117e+03
6.364171684445220308e+03
6.622363364630640717e+03
nan
5.470133398620033404e+03
4.493375015865479327e+03
4.117376547969277453e+03
3.907783344790910178e+03
3.394116082977470342e+03
3.834895379093155043e+03
4.154428541147224678e+03
4.584505972849495265e+03
3.779973330063221056e+03
4.102425584409621479e+03
2.947860219577526550e+03
3.738926532796403080e+03
3.596587307106699427e+03
3.862068330561825405e+03
3.879322321594033838e+03
4.446512891822811980e+03
4.826580664514129239e+03
4.774699928758947863e+03
4.634962288429553155e+03
4.398101228828831154e+03
3.837063123037550213e+03
3.335179990465781884e+03
3.382474627127425720e+03
4.927896683855009542e+03
4.654403838661713053e+03
3.978704811275043539e+03
6.323728681273139955e+03
7.399565771652652074e+03
6.984705920051899739e+03
9.151189102065525731e+03
6.901740240604531209e+03
6.856633773124988693e+03
7.130829278070813416e+03
6.234243892053707896e+03
6.162386819665597613e+03
7.348224464535758671e+03
7.958152884920190445e+03
8.477588623313131393e+03
7.671880404371583609e+03
1.195576059852291655e+04
1.283389513013284886e+04
1.040910081987277226e+04
1.119955783004635305e+04
1.015992058029359578e+04
1.008291448228069385e+04
5.798249431071323670e+03
5.223818259900165685e+03
4.450591739310591947e+03
4.772806831247710761e+03
5.270734464364029918e+03
1.522821160671511643e+04
7.826461269585344780e+03
8.069016330805990947e+03
5.386508685523832355e+03
3.216116403404108496e+03
3.269155167459428867e+03
4.613736888613694646e+03
3.439896695278016523e+03
4.983161775912157282e+03
6.039270267087527827e+03
8.623032574547061813e+03
7.621170686865781136e+03
5.941884684306226518e+03
6.458759222891499121e+03
6.845859558618690244e+03
5.424737229961659068e+03
5.424611872607745681e+03
5.173850758148080786e+03
4.960399004980420614e+03
5.390386396810313272e+03
8.794843520778000311e+03
6.804268385176592346e+03
6.211641474653205478e+03
5.902262756963194988e+03
5.388280864755571201e+03
nan
nan
nan
nan
