1.268915541221786771e+04
nan
nan
nan
nan
nan
nan
1.359649525324002934e+04
3.709967948454468569e+03
3.697985243598631769e+03
3.802306132575981337e+03
nan
nan
nan
nan
3.974831674917335931e+03
nan
nan
nan
nan
nan
2.656934494752355022e+03
8.331294675937146167e+03
5.255613197476913228e+03
4.361618045420585986e+03
5.232832989988678491e+03
4.336810803390653746e+03
5.560141027945571295e+03
8.341140194634912405e+03
8.737134854614663709e+03
6.650157503302118130e+03
9.742490608643844098e+03
9.360689232098491630e+03
6.779179552924947529e+03
5.417829833712865366e+03
4.389226975365619182e+03
6.202719337545520830e+03
3.309156738739822231e+03
1.125069420686125522e+04
nan
2.957748126721675362e+03
nan
5.273914188724777887e+03
8.169330381713562019e+03
5.321184298996601683e+03
5.150938855873107059e+03
nan
nan
nan
3.331681786076135268e+03
4.812916530768068696e+03
4.166164752920098181e+03
4.162788032560965803e+03
4.416152669404860717e+03
2.160574267253718426e+04
1.291111299836940634e+04
6.346016374258388169e+03
5.707967193421995034e+03
4.606439613193050718e+03
6.205955398445768878e+03
4.644739608670951384e+03
3.848075024973911695e+03
3.850178744448018278e+03
3.444306859113690734e+03
3.954236988108157220e+03
4.164850080017946311e+03
nan
nan
5.430872087389063381e+03
4.720927789210138144e+03
6.728635973360651406e+03
5.335482078688156435e+03
4.203929212160152929e+03
3.783086637837260696e+03
3.214665056804665710e+03
4.094954586704130634e+03
4.192648327242271080e+03
4.190191883177811178e+03
4.188550865282274572e+03
4.379312168903892598e+03
3.867786112693311679e+03
3.868821882312404341e+03
3.771567189840091032e+03
4.190456974005345728e+03
3.815896670326997992e+03
3.717930126281041339e+03
3.816126952000332039e+03
3.718755610048408016e+03
3.867913230407296851e+03
3.717242164874837272e+03
3.628579211796981781e+03
4.165474034455178298e+03
3.723541673091372104e+03
2.777021200058059549e+03
3.838308030354249695e+03
4.342130204798665545e+03
5.488830986421269699e+03
5.427993402687262460e+03
4.099051534917301979e+03
4.870517973151215301e+03
3.718277354426604234e+03
4.640506305940386483e+03
3.634102278353896054e+03
4.236175310527410147e+03
3.879574671030991794e+03
3.741350325484661880e+03
4.164711827126476237e+03
4.185248377214523316e+03
4.759626554026493068e+03
4.164547040727012245e+03
4.164558391054732965e+03
4.164489892356027667e+03
3.331525604880887840e+03
3.356257973706029134e+03
3.987838586827789641e+03
4.244431285466549525e+03
4.164265926117895106e+03
5.552214541064149671e+03
5.552270503350371655e+03
4.164249975771669597e+03
3.331448085607602934e+03
nan
nan
nan
nan
