nan
nan
nan
nan
1.826576244769508048e+04
7.804222577795932921e+03
6.246211515641159167e+03
nan
nan
nan
nan
7.972007300239774850e+03
8.816341009635765658e+03
3.433116830811063210e+03
6.433193663988565277e+03
nan
nan
4.206861942441125393e+03
6.751303238286478518e+03
5.322627031194480878e+03
nan
nan
nan
nan
nan
5.546731379950154405e+03
5.154478107928624922e+03
5.818987013131448293e+03
5.878134946252071131e+03
4.965926341369975489e+03
6.047957274888508437e+03
6.529244238839517493e+03
7.241061450312039597e+03
6.932172752009753822e+03
7.143333376672387203e+03
7.655712039611117689e+03
7.772452142354080934e+03
nan
5.346188605890739382e+03
6.158543688146282875e+03
6.029528805042837121e+03
6.125075348634589318e+03
5.275784041438701934e+03
4.743410761448186349e+03
3.427361934661859777e+03
7.874946834851938547e+03
1.259368080587809527e+04
1.120585359483839056e+04
8.368317496672130801e+03
3.671538407356209063e+03
6.366147537515257682e+03
6.124614456544059067e+03
6.276333541968276222e+03
4.763242339206462020e+03
3.786277854250891323e+03
4.387782373506756812e+03
4.843889555700266101e+03
4.592723657628068395e+03
4.534739289274026305e+03
8.023346709132520118e+03
nan
nan
nan
1.692318274404235854e+04
1.280710784963260812e+04
9.921581310323854268e+03
5.184890460059426914e+03
5.209820119781279573e+03
6.727503607195742006e+03
9.071341657473309169e+03
6.996802963534622904e+03
7.699171778900404206e+03
nan
nan
7.290481140228942422e+03
7.038855493161231607e+03
6.630413298054314509e+03
6.426347766285936814e+03
6.053935407263692468e+03
8.033678016086846583e+03
5.684310233253518163e+03
5.646301506982642422e+03
4.103298784876898935e+03
4.655624271209058861e+03
4.267913286868969408e+03
4.515372561221828619e+03
4.035255988001112655e+03
3.343197846854171075e+03
3.824547953423047602e+03
3.326186094154305010e+03
3.140556508569151447e+03
3.130696761579612939e+03
3.217177298239726497e+03
3.473654128089647656e+03
3.496593905981776970e+03
4.097326352408734238e+03
3.812620289752270310e+03
6.825248863529624941e+03
7.046242372182459803e+03
5.551184103152550961e+03
9.290829742149735466e+03
7.450913506812203195e+03
5.291489826599352455e+03
5.951987463285333433e+03
8.150566027178801050e+03
6.791891857872005858e+03
6.602082636936649578e+03
4.289073485519844326e+03
3.590556301587050257e+03
6.259991492123349417e+03
5.309054280237432977e+03
6.874496236245655382e+03
5.239960872439584818e+03
nan
nan
nan
nan
