nan
nan
nan
nan
4.726959129385735650e+03
8.027367043477856896e+03
5.312477406154897835e+03
nan
nan
nan
nan
6.567081351614503546e+03
8.878148987928801944e+03
4.251673756728524495e+03
5.079757376648150967e+03
nan
nan
3.897183998190945658e+03
3.330792621269079063e+03
5.437193031913969207e+03
nan
nan
nan
nan
nan
6.020609182455316841e+03
5.671046090561111669e+03
6.885557325017808580e+03
6.592821573579077267e+03
5.645772945739058741e+03
4.162132298519346477e+03
5.549381457654335463e+03
5.549517319188224064e+03
5.549352631731730071e+03
4.161907020975430896e+03
3.329577425077005500e+03
5.549521454516241647e+03
nan
1.387442601804906644e+03
3.329766539956413908e+03
3.329852423361558522e+03
4.162371806697851753e+03
6.758117797285733104e+03
4.757296805102195322e+03
4.002330902247917038e+03
3.290019791410579273e+03
4.695838556999501634e+03
1.091896917349916839e+04
9.130532321014685294e+03
3.270995062229190808e+03
7.161162845696923796e+03
7.380389865021622427e+03
6.010666525419371283e+03
7.330469538009455391e+03
7.532487548005916324e+03
4.125628440213221438e+03
1.388266252851913578e+03
3.133681204171980426e+03
3.294745438023063798e+03
2.081118480456519137e+03
nan
nan
nan
8.260909118177689379e+03
1.352597039991031670e+04
6.537157716559376240e+03
6.061114108745923659e+03
4.461036681746093564e+03
6.866491852169035155e+03
6.510616075132224069e+03
7.451805662932938503e+03
5.863718128076330686e+03
nan
nan
5.268757976863529620e+03
5.275695428699303193e+03
6.159615683707526841e+03
6.091993998062383071e+03
6.175344192046524768e+03
4.921786125152530985e+03
4.822498760456634045e+03
4.507875372336155124e+03
4.390813431053558816e+03
3.983382096102408013e+03
3.767258899721460693e+03
2.894201031041913211e+03
3.281189606392061251e+03
3.427051266250332446e+03
3.204119410723917099e+03
3.682410323694779891e+03
3.759258326669564212e+03
3.632679625077578748e+03
3.426879709476834705e+03
3.400744115427002271e+03
3.349570927486682194e+03
3.993630841247861099e+03
4.395305202252490744e+03
5.198629455683620108e+03
6.093427615969078943e+03
4.664786482930996499e+03
6.977195825305951985e+03
1.028956013733320833e+04
6.929120689427021716e+03
6.267067083574265780e+03
6.057306903151235929e+03
7.850364365913077563e+03
6.583060810289372057e+03
4.485875965492742580e+03
3.196074203637232131e+03
4.328638923815329690e+03
4.186874504960197555e+03
6.021614773066668022e+03
3.606081640311331284e+03
nan
nan
nan
nan
