nan
nan
nan
nan
nan
5.173225285807152432e+03
4.595613229191519167e+03
nan
nan
nan
6.294649564480061599e+03
4.597413388844493966e+03
6.813663635869501377e+03
3.283103863794325207e+03
4.482901396653682241e+03
3.580180581295703632e+03
nan
6.277841503293824644e+03
5.093122542670547773e+03
5.102676761241181339e+03
6.069245380908358129e+03
4.846827686724646810e+03
8.405055914805130669e+03
7.141484162942128023e+03
nan
nan
nan
nan
nan
5.910053801891553121e+03
6.239124859396604734e+03
4.629988298023084099e+03
5.807565234970038546e+03
nan
nan
7.311769539080718459e+03
5.014850686179451259e+03
4.983915248564014291e+03
6.670524931875399488e+03
7.505274031746866967e+03
6.132815121854547215e+03
7.166243832807213039e+03
nan
nan
4.169726672810319542e+03
3.424548898559651207e+03
4.019911629269986406e+03
3.276976839749907413e+03
3.313907179057891881e+03
4.257805255004719584e+03
3.636277832807987579e+03
7.081701416010416324e+03
4.492740606755236513e+03
3.484695151412253381e+03
4.865396057769260551e+03
5.480739192748831556e+03
1.222903187821792017e+03
6.050327174133240987e+03
5.392777372461084269e+03
3.578236734534412335e+03
2.132786832717042853e+04
6.621508270233051007e+03
7.996512437714161933e+03
5.201897876346181874e+03
9.592649273259854453e+03
4.963593442888942263e+03
4.438287225606219181e+03
3.696303193602211195e+03
3.639687875163845547e+03
3.985508360330095456e+03
3.609045504998010529e+03
3.593320401937104634e+03
3.632175384436252898e+03
3.462914890443164950e+03
3.678803290026443392e+03
3.626093372441583142e+03
4.171799052443848268e+03
3.475614760573732383e+03
4.243284901007846202e+03
5.927982010351432109e+03
4.808642140069430752e+03
3.497497128763825458e+03
3.968251202760526212e+03
nan
nan
nan
3.485797858647746125e+03
3.721175633737451335e+03
4.667863322676233111e+03
3.905682632472636669e+03
5.230551928570521341e+03
6.382860409587217873e+03
9.994091600598150762e+03
7.448648749688853968e+03
4.481304709899212867e+03
4.626434325095606255e+03
8.550136360139387762e+03
4.835764226797168703e+03
3.976263726996941386e+03
3.730692983823678787e+03
3.847511228487538119e+03
nan
nan
nan
nan
