nan
5.328860434776307557e+03
3.816387243162997038e+03
5.230053952715158630e+03
3.854895006826649023e+03
4.350651107143597983e+03
3.650870023801805928e+03
4.071462994062929283e+03
4.989728237546264609e+03
6.699577517333923424e+03
3.486017227905286290e+03
nan
1.386738158018208196e+03
nan
3.494028895310445932e+03
3.144298769234646898e+03
3.142590150758827349e+03
3.361057836103467707e+03
2.655121282400444215e+03
3.360873396849606706e+03
4.076669210215994553e+03
3.611068800031428054e+03
4.020379459849321847e+03
5.026674429383704592e+03
4.983016394303100242e+03
4.982101808373186941e+03
6.366762657166003009e+03
6.668448344416407053e+03
3.387115837220956564e+03
4.875952007272911942e+03
3.816010467084225638e+03
3.417763703729384815e+03
4.415843815837828515e+03
4.298403632935343012e+03
3.329739653581222228e+03
4.756990152172758826e+03
4.756973448126566836e+03
4.162378088467607085e+03
2.774954207423411390e+03
nan
4.162450462793898623e+03
3.099960559648822255e+03
3.329701906186596716e+03
3.415500658965966522e+03
4.034295266026198533e+03
3.422226170679323786e+03
3.383010086200301885e+03
3.949327902243870540e+03
3.819341003782765711e+03
3.425468673429029423e+03
3.719165088492269206e+03
3.287739880685547632e+03
3.574964625674150284e+03
3.714301216875823229e+03
4.478995746430071449e+03
3.714687075347035716e+03
5.675973093860186964e+03
4.031433700998224140e+03
4.930754203008108561e+03
4.325310436529640356e+03
4.324309402220451375e+03
3.576759625415698338e+03
3.471846971576536362e+03
4.522260817992874763e+03
4.589732937295477313e+03
4.325123887442121486e+03
4.371317165084857152e+03
4.199573755823517786e+03
3.579482845406262641e+03
5.240787301981401470e+03
5.681787509293414587e+03
5.539185513340701618e+03
6.164140119054429306e+03
2.773785542307048672e+03
4.160570399698983238e+03
3.798768807866336829e+03
2.773713954092885615e+03
3.328468118720670645e+03
1.044896431825322543e+04
8.899300071235958967e+03
1.165936100571676616e+04
6.594808586107369592e+03
6.596801487313355210e+03
7.915693008974981240e+03
6.333083841266505260e+03
5.770780444912497842e+03
4.730430691960798868e+03
5.385919763803111891e+03
5.808656579001214595e+03
6.636907877525944059e+03
1.319280932362634667e+04
7.328202659088550718e+03
4.757197057986348227e+03
5.550289443878076781e+03
3.766366319319096874e+03
3.798184081268614136e+03
4.003258194628298952e+03
4.289678849144120250e+03
3.361319052773220847e+03
7.235004495383243011e+03
7.889679055556582171e+03
5.895354871046589324e+03
7.264127171447890760e+03
6.005930770759924599e+03
6.001929872403329682e+03
7.168014800792069764e+03
6.310066477998503615e+03
6.309229767196135981e+03
5.517128613698584559e+03
7.533423123367389053e+03
9.034866301912867129e+03
7.025471614719072022e+03
8.928456087165886856e+03
6.252151564785939627e+03
5.364335348722707749e+03
nan
nan
nan
nan
