2.541707895075987472e+04
nan
nan
nan
nan
nan
nan
1.720707806011976209e+04
1.015539184682600717e+04
5.477187421030331279e+03
3.808683217270199748e+03
nan
nan
nan
nan
3.657401546942281584e+03
nan
nan
nan
nan
nan
8.774528540314311613e+03
8.667590725841277163e+03
5.365988423250317283e+03
4.231541152884024996e+03
4.668690622041446659e+03
4.642158201560537236e+03
4.918977954265676090e+03
1.114680946404324823e+04
8.512290504980832338e+03
1.141670578276110791e+04
1.108626369788752345e+04
1.427725129180107615e+04
1.067639085636879645e+04
1.112911556512553580e+04
7.739875153650838001e+03
1.226259180009039301e+04
6.312324053821906091e+03
nan
6.768753979649793109e+03
1.023343608111013782e+04
nan
6.046538818664727842e+03
1.246686943376342242e+04
3.960319154157255525e+03
3.528696387804023288e+03
nan
nan
3.763182155323825100e+03
3.927047637191071317e+03
5.289209810160626148e+03
nan
nan
3.560273094635074358e+03
6.315009813742107326e+03
5.459968799456734814e+03
nan
nan
nan
nan
nan
nan
1.064173146133595947e+04
1.184611038074592216e+04
8.196672418163081602e+03
9.122140179738398729e+03
3.201382670365924241e+03
nan
nan
nan
3.879271206272913787e+03
7.392982825960445552e+03
1.248976365633749629e+04
1.164499105209602203e+04
9.236992397078463910e+03
9.986271804244452142e+03
9.908965899963173797e+03
6.277514821784394371e+03
6.959526351557382441e+03
6.878476350738797009e+03
9.246918084540948257e+03
9.576789410619470800e+03
5.264494159055284399e+03
4.496517200395641339e+03
5.534490577976399436e+03
6.845879442820734766e+03
9.289496827335751732e+03
1.127464068608518028e+04
8.891869202755307924e+03
7.257026209597575871e+03
8.114320809015015584e+03
5.008657809388751957e+03
5.088748551627976667e+03
3.870479039096865563e+03
5.085152697657247700e+03
nan
6.332107801183650736e+03
9.831540763161394352e+03
9.167924229869984629e+03
9.403398576452123962e+03
7.549002355485943554e+03
8.065554849729644957e+03
nan
nan
nan
nan
nan
5.509644650094935059e+03
6.238188353629760968e+03
5.665625785409770288e+03
5.695076476573557557e+03
4.459708217466655697e+03
4.162556409790680846e+03
6.117229785650632948e+03
4.044603584249256983e+03
3.964863147054662932e+03
3.543328340270032641e+03
4.487908779787655476e+03
3.367230297309763955e+03
3.547461508605213567e+03
3.451211214622878288e+03
4.151125928211403334e+03
nan
nan
nan
nan
