2.383210825406021831e+04
nan
nan
nan
nan
nan
nan
1.720707806011976209e+04
1.018872292098838261e+04
5.486958812365654921e+03
3.224073228103744896e+03
nan
nan
nan
nan
3.704329324483861001e+03
nan
nan
nan
nan
nan
1.318213883731330498e+04
8.707002799223932016e+03
5.326577675125754467e+03
4.449340341100911246e+03
4.552722025770847722e+03
4.642868638198172448e+03
4.478293799263875371e+03
7.485000438273229520e+03
1.178869824288422024e+04
1.451447262516157934e+04
1.126582469573007802e+04
1.084081636264714871e+04
9.481397949143105507e+03
1.039447892205828430e+04
6.089038167598776454e+03
8.684571017506115822e+03
5.558379894615754893e+03
1.257563056954357307e+04
nan
1.122764797499250380e+04
nan
9.394139423759494093e+03
2.790062827718059634e+04
7.318652117151395942e+03
4.898102886775110164e+03
nan
nan
nan
6.169417288746324630e+03
4.586534208133779430e+03
4.012273553975381219e+03
3.900402408680106419e+03
4.617729722961966218e+03
1.625293779435096076e+04
1.074878360348276874e+04
6.056860074096546668e+03
4.631400415228512429e+03
4.591787563875727756e+03
4.491120934798658709e+03
4.314487104221403570e+03
4.017354306201053532e+03
3.838454384860005575e+03
3.297627759632613106e+03
3.352705477828159928e+03
6.467852416532725329e+03
nan
nan
5.894831812185729177e+03
5.539460840052297499e+03
1.067289737848545519e+04
5.553896400922973044e+03
4.073252782676219340e+03
3.708405861486216509e+03
3.856315108839278309e+03
4.100563192400118169e+03
3.803279063608239085e+03
4.468488090746505804e+03
4.068029474343238689e+03
3.786134930791139141e+03
3.899378995720982402e+03
4.017447349166920958e+03
4.128581345210796826e+03
3.773446666447219286e+03
4.629601258265190154e+03
3.707248137917732038e+03
4.243327948557534000e+03
3.647383113994571886e+03
4.176239356860212865e+03
3.518019902026571344e+03
4.691949201470403750e+03
5.798673800786363245e+03
3.788066791733940590e+03
4.583663350752690349e+03
3.809285620236951672e+03
4.422107352165593511e+03
6.282485636177139895e+03
5.555021399389918770e+03
4.050984993616546035e+03
3.511830943075457071e+03
3.904845442482000180e+03
4.135479973420447095e+03
3.427824757134876563e+03
2.899455963752620846e+03
4.293567812043710546e+03
3.412200651858106539e+03
4.352736273039533444e+03
3.290681612386076267e+03
3.945589455660010117e+03
4.003125963499117915e+03
4.151927217795871911e+03
4.028682861030747517e+03
3.481010689009660382e+03
3.425878900411321865e+03
3.274131990827095251e+03
3.460768227395420581e+03
4.326157834157773323e+03
4.367564957321511429e+03
4.669656637960939406e+03
5.301667625862987734e+03
4.955787101344858456e+03
nan
nan
nan
nan
