4.183625072005072434e+04
nan
nan
nan
nan
nan
nan
6.482848869000702507e+03
3.099586095128523084e+04
4.281841885476948664e+04
6.605957525345860631e+04
nan
nan
nan
nan
6.578571018462270149e+04
nan
nan
nan
nan
nan
5.361765378832037095e+04
2.176711129593378791e+04
2.614102538423107035e+04
2.957275186270303311e+04
2.581432974852515326e+04
2.006298004797929389e+04
2.042087346107113626e+04
2.445640325285915242e+04
3.187196354113439156e+04
7.463732753390149446e+04
6.686260199101183389e+04
6.551284778373144945e+04
6.797996241675566125e+04
7.373357566711299296e+04
7.125338930527382763e+04
6.853324719351078966e+04
6.191399735380097263e+04
4.588536148169483204e+04
nan
7.898196470779163064e+04
nan
4.176131078621796041e+04
5.195415362511568674e+04
1.914208910399995148e+04
3.110775538701696132e+04
nan
nan
nan
8.800806214196681685e+04
5.600983774216460006e+04
3.860291875236120541e+04
1.559216417502926015e+04
1.664702725417147667e+04
4.655232087541309011e+04
6.656712055587246141e+04
7.239396957914700033e+04
4.915111832467352360e+04
2.594333944310965308e+04
1.247768806288706219e+04
5.735828167845276766e+03
1.497191584065529605e+04
1.233791152874760519e+04
4.800499637496389369e+03
1.110290996604014435e+04
3.826234259260134422e+04
nan
nan
5.829430687667320308e+04
3.002108831765433570e+04
2.225547622506273910e+04
3.012058646625073379e+04
2.861737936640346379e+04
3.087828675675913109e+04
2.496680062954774257e+04
2.219811660467743059e+04
1.561421390426948892e+04
1.515571162320456642e+04
1.845159216889634263e+04
9.110050242859315404e+03
1.384011726023910524e+04
2.298164078898208027e+04
2.478540842275528485e+04
2.811700079039931734e+04
3.503687609464568959e+04
2.526360534240524066e+04
2.218163869479834466e+04
1.709154937801207052e+04
5.703215445875550358e+03
4.021242377450823369e+03
1.524423818452988144e+03
2.206418358413167425e+03
6.158626108601898522e+03
1.404696390882774540e+04
2.445221314529778465e+04
2.779094868664521346e+04
2.507127136772452286e+04
1.747081072254180253e+04
1.244208048279744071e+04
1.573047083726805067e+04
9.586341296494541893e+03
6.261832351157605444e+03
9.056930592006176084e+03
1.032327352215716382e+04
1.345772568483747636e+04
1.731149011706392048e+04
1.562577813264244014e+03
2.293945446527595323e+03
8.859456432201011921e+03
1.429727048030533297e+03
1.023779917164187464e+04
1.318638549421924654e+04
1.270782045632054633e+03
9.211229937025022082e+03
1.641350149039035387e+04
2.540659751380158923e+04
2.628783379999895988e+04
2.487065460348478518e+04
1.730174234486670684e+04
1.622976697257759952e+03
1.947984008748500855e+04
nan
nan
nan
nan
