7.393090830181525234e+03
8.179543632772346427e+03
3.736838550463777665e+03
1.238370924435372399e+04
1.361717916292134760e+04
1.456529965091394297e+04
2.852152375227158700e+04
1.261167289144841743e+04
2.755616733620110244e+04
4.766211721564814980e+03
2.531445169999485006e+04
2.382448895388754318e+04
1.178662228959079221e+04
1.071403834201312566e+04
1.489808241790512147e+04
2.229946735782633186e+04
1.630980636399941432e+04
1.160360235453508722e+04
2.802405035928130383e+04
3.711419013492196245e+04
5.532691371940216050e+04
5.315124273250067199e+04
5.203476017560868058e+04
4.692242589187161502e+04
3.307143810270009999e+04
3.325247594414976629e+04
2.232701761552822791e+04
1.633405158648764700e+04
2.039535860543724993e+04
1.992675680762770207e+04
2.507499182328839015e+04
3.171368879414002731e+04
2.046602849502713434e+04
3.135169057077248362e+04
1.312022484895896196e+04
1.101857414302725738e+04
1.288667554106873467e+04
2.887782163984957151e+04
2.537441700910295185e+04
3.712913068491092417e+04
3.851305880925359088e+04
2.127547129073718679e+04
3.132072539308966225e+04
3.217862075912028376e+04
2.271919589546914722e+04
4.087617150860151742e+04
4.180107343991603557e+04
5.374235150276895001e+04
6.706877136242728739e+04
4.637585811325136456e+04
4.899625858384937601e+04
2.736458311188892912e+04
8.957266511885687578e+03
1.647954448805066568e+04
9.372148054028504703e+03
1.212359800683016510e+04
1.644634818492767590e+04
3.856241873214912630e+04
6.589256164095338318e+04
4.784685301871609408e+04
3.854573303227592260e+04
1.559683053582992216e+04
1.702482160442534951e+04
1.195923361851407935e+04
1.082986665327293485e+04
6.033453616768102620e+03
1.719771595429597437e+04
2.762021539623921853e+03
1.558841550487157110e+04
6.810253245627851356e+03
1.371350301420429241e+04
3.124895173382215035e+03
5.280140157869661380e+03
4.363841894845264324e+04
3.359637462130194035e+04
2.683039909373004411e+04
2.800075473976023204e+04
1.912744713102497190e+04
1.550038124988220625e+04
1.215398322183606433e+04
2.500585374529316687e+04
3.453109118499885517e+04
3.914155749892444146e+04
2.855795713616151261e+04
2.456778844718394976e+04
3.071023551742448399e+04
3.407162971152426326e+04
3.773019663694885094e+04
3.513353212002852524e+04
1.811610327868001332e+04
2.003260899246356348e+04
2.712574376482529988e+04
3.408857167323154135e+04
3.238090344119372457e+04
1.958265984120960275e+04
7.796543742629410190e+03
4.224056356563653935e+03
4.907339978490307658e+03
7.124860383603004266e+03
1.675536863684245691e+04
1.028057229735435612e+04
1.928070388491143967e+04
8.573955403877931531e+03
7.617127717721527915e+03
1.714192981093810886e+04
2.755821163057037484e+04
1.722194950391347447e+04
1.766885025932724966e+04
3.516620177972059901e+04
2.096176853555451089e+04
2.010395882745762356e+04
1.909429661912280426e+04
2.529512515696529226e+04
2.843760714138662661e+04
4.379110804088417353e+03
3.375488543187177129e+04
3.018029106294766825e+04
4.009735852532269200e+04
2.983906497856173883e+04
