5.291225023279694142e+04
5.291225023279694142e+04
nan
nan
nan
nan
nan
nan
6.690336849744026040e+03
6.690336849744026040e+03
3.129695758913449754e+04
3.129695758913449754e+04
4.256455665749721811e+04
4.256455665749721811e+04
6.677114092098070250e+04
6.677114092098070250e+04
nan
nan
nan
nan
6.439228152389505703e+04
6.439228152389505703e+04
nan
nan
nan
nan
nan
5.322861121309443115e+04
5.322861121309443115e+04
2.300847475630315603e+04
2.300847475630315603e+04
2.572415600727675701e+04
2.572415600727675701e+04
3.003185996886010980e+04
3.003185996886010980e+04
2.578482676954874842e+04
2.578482676954874842e+04
1.985477080067344650e+04
1.985477080067344650e+04
2.123208064168801502e+04
2.123208064168801502e+04
2.649369942229594380e+04
2.649369942229594380e+04
3.236534532309664428e+04
3.236534532309664428e+04
7.000113738630956504e+04
7.000113738630956504e+04
6.900431568115559639e+04
6.900431568115559639e+04
6.830206583025847794e+04
6.830206583025847794e+04
7.014928553571301745e+04
7.014928553571301745e+04
7.490090995242500503e+04
7.490090995242500503e+04
7.380353501948204939e+04
7.380353501948204939e+04
8.519154157402190322e+04
8.519154157402190322e+04
6.317123671706454479e+04
6.317123671706454479e+04
nan
8.118217481039724953e+04
8.118217481039724953e+04
6.490455718256966065e+04
6.490455718256966065e+04
nan
1.611884055753766734e+04
1.611884055753766734e+04
2.094193033013588138e+04
2.094193033013588138e+04
4.045948510221581819e+04
4.045948510221581819e+04
2.952361912666560966e+04
2.952361912666560966e+04
nan
nan
6.765718498422484845e+04
6.765718498422484845e+04
3.660982756151285139e+04
3.660982756151285139e+04
5.816776503869044245e+04
5.816776503869044245e+04
nan
nan
3.434377820238178538e+04
3.434377820238178538e+04
5.902683577364367011e+03
5.902683577364367011e+03
5.099974732986802701e+04
5.099974732986802701e+04
nan
nan
nan
nan
nan
nan
4.877363138149592851e+04
4.877363138149592851e+04
2.244952239212856875e+04
2.244952239212856875e+04
4.597445802013286448e+04
4.597445802013286448e+04
5.949667489365597430e+04
5.949667489365597430e+04
4.901295309055853431e+04
4.901295309055853431e+04
nan
nan
nan
4.765250377162980294e+04
4.765250377162980294e+04
2.278142341244771160e+04
2.278142341244771160e+04
3.093362151487515439e+04
3.093362151487515439e+04
5.689087317042634095e+04
5.689087317042634095e+04
4.155669887839833245e+04
4.155669887839833245e+04
2.456746200770958603e+04
2.456746200770958603e+04
2.478706581169031051e+04
2.478706581169031051e+04
3.169347901735047708e+04
3.169347901735047708e+04
