1.242903211396768711e+04
1.348705174062501828e+04
2.401667181232096027e+03
1.012013141343339885e+04
1.279000750542870992e+04
1.434757834199953868e+04
2.617001739239681046e+04
1.077714952043311314e+04
2.312284250944482119e+04
6.751252986820652040e+03
1.931511292654256249e+04
1.930535716952922303e+04
1.050475539677749657e+04
1.013572169265901721e+04
1.699977536788306679e+04
2.524878582193655166e+04
1.758426896460868011e+04
1.231106982595263071e+04
2.608537944229893037e+04
3.562671852544716967e+04
5.506199833639719873e+04
5.217592251918247348e+04
5.058791507765796996e+04
4.458538056896402122e+04
3.262619777222727498e+04
3.226413750263771362e+04
2.161108127766770849e+04
1.509120106588771705e+04
2.153741387026939992e+04
2.102837143074829874e+04
2.613282677625774886e+04
3.189857284426152546e+04
2.128916758505868347e+04
3.130531498553936763e+04
1.220378946477158570e+04
9.506117648332570752e+03
1.224529384244103312e+04
2.926791524314142225e+04
2.525538904067666590e+04
3.736423498916661629e+04
3.794494735799789487e+04
2.288799767263711692e+04
3.262456939717380374e+04
3.315979916792626318e+04
2.283470503391843886e+04
4.180782330626329349e+04
4.144892054218712292e+04
5.278967692408587027e+04
6.587169396208081162e+04
4.515271942146740912e+04
4.912206759331631474e+04
2.368909652393302531e+04
9.665554425929047284e+03
1.690117237759994168e+04
1.131158523425896419e+04
1.461107583323203107e+04
1.564031849982060885e+04
3.555135178880516469e+04
6.382443067568829429e+04
4.412046044544461620e+04
3.532745278306387627e+04
1.227289758456950585e+04
1.402607614982272207e+04
9.787644782555475103e+03
1.298808833437426802e+04
8.668611469607349136e+03
1.989349523480124117e+04
4.703149883264315577e+03
1.309849844355358982e+04
7.256688374547900821e+03
1.452272087623362495e+04
1.703476776901944049e+03
6.565978375903689994e+03
4.299592319705056434e+04
3.199256298373336176e+04
2.288239312086239079e+04
2.491962984895463887e+04
1.534646487918510138e+04
1.263507484402200680e+04
1.456571359997783293e+04
2.773284283866716578e+04
3.780858141588437866e+04
4.126606200948148762e+04
2.939692610600333137e+04
2.444178061987443652e+04
3.198598806455588783e+04
3.616174438850445586e+04
3.927832077335188660e+04
3.771662929781834100e+04
1.789286629952034855e+04
1.781164892415435315e+04
2.372858805002903318e+04
3.142165916612371439e+04
2.999136459240383920e+04
1.644119983336532459e+04
6.181459864244333403e+03
1.502965998930515298e+03
5.353456936667408627e+03
7.667186288085821616e+03
1.578574884956594724e+04
9.450544174276717968e+03
1.751623658638649067e+04
6.763652722937816179e+03
8.597458121534540624e+03
1.708499958991733001e+04
2.928533675188450070e+04
1.511994094252982177e+04
1.747427628939881470e+04
3.646242721961553616e+04
2.247228188956498343e+04
2.057605125246527314e+04
1.974441819334481261e+04
2.605439907334271265e+04
2.863322208194185077e+04
5.701306362473113040e+03
3.554145956435324479e+04
3.103909620075049679e+04
3.935059566225107119e+04
2.872761383955676865e+04
