1.595742281752289102e+02
3.890535325988916497e+02
2.384798956457034365e+03
3.494968810742070673e+02
3.744347754507066384e+02
1.186270660755306380e+03
5.509432732306972866e+02
nan
9.437884113772101955e+02
nan
5.949831887613715935e+02
4.502191943434613677e+02
7.535849351656701174e+02
2.778716966200535694e+02
2.667070721605448966e+02
nan
4.314884539312146785e+02
4.986319764174204465e+02
1.889143758957241346e+02
4.084064977382763573e+02
nan
3.838900465023239690e+02
3.333371577122389340e+02
1.299652490495498341e+03
nan
6.334168710575556815e+02
3.858720094649271459e+02
3.104850521178793315e+03
nan
nan
nan
nan
nan
nan
nan
1.534171826981908680e+03
6.547777218165367685e+02
2.692872249830395049e+03
3.750858077551156384e+03
nan
6.329506642652946766e+02
nan
nan
nan
4.820197307314784894e+02
nan
nan
nan
nan
nan
nan
2.079018186804168806e+02
4.359084872568332116e+02
nan
1.542167589446788270e+03
4.992404938986104526e+02
9.165633245372729334e+02
5.113873783531512913e+02
2.829073685072752937e+02
nan
5.712178235851068848e+02
7.449025229749951222e+02
nan
5.842106900664771274e+02
9.146249594926275677e+02
nan
3.695838889145605322e+02
nan
1.738287515803743645e+03
8.614995184399281243e+02
2.715011904190875498e+02
nan
nan
7.829716878118556167e+01
2.304267011592334313e+02
4.956364623546434700e+02
nan
nan
3.258942165671235216e+02
7.166327005019227272e+02
nan
nan
3.800517570237257701e+02
7.148858967879183410e+02
nan
4.916999424560706871e+02
nan
nan
7.054633319717286213e+02
nan
nan
6.307904630690304657e+02
8.520379703692253770e+02
3.616748026349150678e+02
5.460877577317930900e+02
1.252493559068600916e+03
3.419955338172028974e+02
2.208167018558110897e+02
nan
nan
nan
nan
1.613945008114147413e+03
4.392876175558664045e+02
nan
1.332447957745807571e+03
1.731354518634787382e+03
nan
nan
nan
1.250382410447872189e+03
5.242063999130181173e+02
nan
1.040041181941336816e+02
3.045462157841160433e+02
nan
nan
1.583716710135493713e+03
2.446996478047858545e+02
nan
2.261889080389239552e+02
nan
nan
1.944876329564060882e+02
4.799956652469475102e+02
nan
nan
6.722296560299549810e+02
2.112851792076257595e+02
4.691557207761977111e+02
1.215364453556129774e+03
3.474864268533157201e+02
3.327659939445068176e+02
3.077337209935357691e+02
1.085013615983703176e+03
3.077471300311793811e+02
3.077466516815697446e+02
4.588207802101181301e+02
1.131978085390462638e+03
3.077294303526501835e+02
