2.400000000000000000e+01
2.600000000000000000e+01
1.000000000000000000e+01
2.700000000000000000e+01
3.200000000000000000e+01
2.200000000000000000e+01
2.600000000000000000e+01
2.000000000000000000e+02
2.200000000000000000e+01
nan
2.400000000000000000e+01
1.700000000000000000e+01
2.200000000000000000e+01
1.900000000000000000e+01
1.800000000000000000e+01
nan
2.100000000000000000e+01
2.000000000000000000e+01
2.200000000000000000e+01
2.200000000000000000e+01
nan
2.000000000000000000e+01
2.300000000000000000e+01
2.100000000000000000e+01
nan
2.000000000000000000e+01
2.000000000000000000e+01
1.400000000000000000e+01
nan
nan
nan
nan
nan
nan
nan
2.400000000000000000e+01
2.500000000000000000e+01
1.600000000000000000e+01
1.400000000000000000e+01
nan
2.300000000000000000e+01
nan
nan
nan
2.400000000000000000e+01
nan
nan
nan
nan
nan
nan
2.200000000000000000e+01
2.100000000000000000e+01
nan
8.000000000000000000e+00
2.300000000000000000e+01
2.300000000000000000e+01
2.000000000000000000e+01
2.000000000000000000e+01
nan
2.800000000000000000e+01
2.100000000000000000e+01
nan
2.600000000000000000e+01
1.800000000000000000e+01
nan
2.000000000000000000e+01
nan
1.500000000000000000e+01
2.400000000000000000e+01
2.700000000000000000e+01
nan
1.600000000000000000e+01
2.000000000000000000e+01
1.800000000000000000e+01
2.200000000000000000e+01
nan
nan
2.600000000000000000e+01
2.000000000000000000e+01
nan
nan
2.200000000000000000e+01
2.100000000000000000e+01
nan
2.500000000000000000e+01
nan
1.100000000000000000e+01
1.700000000000000000e+01
1.900000000000000000e+01
1.900000000000000000e+01
1.700000000000000000e+01
1.700000000000000000e+01
2.700000000000000000e+01
1.800000000000000000e+01
1.500000000000000000e+01
2.500000000000000000e+01
2.300000000000000000e+01
nan
nan
nan
nan
2.400000000000000000e+01
2.200000000000000000e+01
nan
1.600000000000000000e+01
2.300000000000000000e+01
nan
nan
nan
1.600000000000000000e+01
2.200000000000000000e+01
1.200000000000000000e+01
2.200000000000000000e+01
2.500000000000000000e+01
nan
nan
1.400000000000000000e+01
1.700000000000000000e+01
nan
1.800000000000000000e+01
1.870000000000000000e+02
nan
2.800000000000000000e+01
1.700000000000000000e+01
nan
nan
1.500000000000000000e+01
2.200000000000000000e+01
2.500000000000000000e+01
1.780000000000000000e+02
2.400000000000000000e+01
2.300000000000000000e+01
2.700000000000000000e+01
2.970000000000000000e+02
2.700000000000000000e+01
2.700000000000000000e+01
1.240000000000000000e+02
2.340000000000000000e+02
2.700000000000000000e+01
