4.731706635255265236e+07
4.855647508719825745e+07
4.197784873672485352e+07
4.802643655733299255e+07
6.027464486713600159e+07
4.387868156594848633e+07
4.842959867611885071e+07
2.804679427916526794e+07
4.136379601847457886e+07
nan
5.309294761903381348e+07
3.475505815617227554e+07
3.964074167300128937e+07
4.780164858787536621e+07
3.630445805988097191e+07
nan
4.293976453160047531e+07
3.711723554918003082e+07
4.345157446096420288e+07
4.016262529272460938e+07
nan
4.268976588772487640e+07
5.024730090508365631e+07
5.969871350161457062e+07
nan
4.194216367583084106e+07
6.000408517005157471e+07
4.206689099255371094e+07
nan
nan
nan
nan
nan
nan
nan
4.586674395269127190e+07
4.720348467787742615e+07
5.242030386901473999e+07
5.069040043754196167e+07
nan
5.020846006238174438e+07
nan
nan
nan
5.158464513822174072e+07
nan
nan
nan
nan
nan
nan
3.755217407686209679e+07
4.353873333289670944e+07
nan
1.416280552594566345e+07
5.251488849696844816e+07
4.916916484584116936e+07
4.783816971140861511e+07
4.441653279630565643e+07
nan
5.686714707543849945e+07
3.223316722650384903e+07
nan
4.518587823015594482e+07
4.755521601951393485e+07
nan
5.004662747984313965e+07
nan
3.216638444905281067e+07
5.029410604566025734e+07
4.647839039015674591e+07
nan
3.009702485713195801e+07
4.413023220373821259e+07
3.914925665497398376e+07
4.174057230067443848e+07
nan
nan
4.329534620719861984e+07
5.231723900574016571e+07
nan
nan
4.041801053444910049e+07
3.996806471377658844e+07
nan
4.435279370854580402e+07
nan
6.963811462934494019e+06
4.387615050487470627e+07
3.753932033831071854e+07
8.870302910923957825e+06
4.375469824241554737e+07
3.986599658196735382e+07
4.620034979528999329e+07
4.147453627954006195e+07
3.910838079018402100e+07
4.158406385406303406e+07
4.385052441655540466e+07
nan
nan
nan
nan
4.458413538737916946e+07
3.962915899854850769e+07
nan
4.642548894947624207e+07
3.861966621387267113e+07
nan
nan
nan
5.128610462840223312e+07
4.419141258040428162e+07
9.392045890296936035e+06
4.851493260861515999e+07
5.143989247044086456e+07
nan
nan
4.532017634982967377e+07
4.296965238129448891e+07
nan
4.121834111886596680e+07
3.235953222639614344e+07
nan
4.900120274248170853e+07
3.386787743907356262e+07
nan
nan
7.445545595791244507e+07
4.213740494763183594e+07
4.089224263473224640e+07
3.639227592666292191e+07
4.515052328035545349e+07
4.433576077616977692e+07
4.449161200111675262e+07
4.057939348267316818e+07
4.460452085908317566e+07
4.483293689415359497e+07
5.426591410543537140e+07
3.925630561314773560e+07
4.538704516861820221e+07
