4.724692637589677702e+02
1.015240175181320524e+03
7.425141724169393456e+03
2.052309520446121951e+02
6.869015915250231501e+02
6.663167630125005871e+02
6.478845870391694461e+02
9.931081809689975159e+01
3.323610422826006356e+02
nan
5.278084418749202769e+02
8.707605196752513099e-02
2.742016530388640945e+02
8.128806907026184945e+02
6.299877179477590516e+02
nan
8.580970024232634614e+02
1.826228262197366803e+02
8.472242343939914235e+02
2.177450392226838858e+02
nan
2.771441107571807265e+02
6.790437833402855858e+02
1.043534494458954214e+03
nan
7.031716469883866694e+02
7.195853554574674718e+02
3.088797358246313706e+03
nan
nan
nan
nan
nan
nan
nan
7.770544406380308828e+02
1.463533021412546304e+02
5.283091974190888322e+03
6.122582931103531337e+03
nan
4.170216980543834779e+02
nan
nan
nan
9.867219499444124722e+02
nan
nan
nan
nan
nan
nan
6.663719781087220326e+02
4.016820628565505444e+02
nan
4.627026203569851532e+03
1.151802870071441021e+03
4.325888977510498421e+02
6.052228679172934562e+02
1.384157083945474369e+02
nan
5.467836251262084488e+02
1.390519778659772328e+03
nan
4.362148092325789435e+02
2.078877822332051892e+03
nan
2.198039985241195154e+03
nan
1.421750778044803383e+03
3.463776416232927886e+02
9.148526578695245770e-02
nan
3.452033153974850848e+02
4.518763769566602946e+02
4.608860697568176761e+02
6.392139109447298324e+02
nan
nan
2.323289798173863971e+02
7.136416024865796999e+02
nan
nan
8.228046041018928918e+02
2.442744799645811781e+03
nan
6.097233568753629243e+02
nan
1.828928658923409557e+03
3.193203275779961587e+03
2.521068148850039847e+02
1.108226073443213863e+03
8.707470123219149261e-02
5.706951298765643514e+02
7.831933995040109286e-02
6.929667179198960412e+02
1.838803972550052492e+02
1.921500979163559748e+02
4.829120999918091570e+02
nan
nan
nan
nan
2.888167847312120671e+02
3.150662985833036487e+02
nan
3.875954741784220914e+03
5.246724435368093964e+02
nan
nan
nan
3.367910583840970958e+03
3.149335300448452131e+02
6.808441985288310207e+03
9.506557443906000344e+02
8.329542195071703645e+02
nan
nan
3.018822101094353457e+03
4.509935569701085115e+03
nan
2.551542047439214457e+03
1.228141994858774950e+02
nan
7.848919577872768514e+02
1.801093935502639397e+03
nan
nan
3.802108555873233399e+03
2.745799203463378149e+02
8.368996025528357450e+02
1.121889521532420076e+03
5.197882066179132607e+02
1.044577385421648630e-01
1.095896612943062370e-01
4.744119166023729122e+02
8.614712428770843200e-02
7.802342533840816996e-02
2.162317552428443832e+03
1.696514930110972728e+03
6.724562465040040404e-02
