9.024906699602402682e+01
nan
nan
4.508678352119137571e+02
3.900143754606708058e+02
nan
nan
5.628246051322156518e+02
2.745865777753855923e+02
4.405913832451127519e+02
nan
4.103017043355373517e+02
nan
7.675732676176107816e+02
nan
5.041281660219888749e+02
nan
9.324658395535577426e+01
5.559843716809220950e+02
1.914000248158047555e+02
4.583685483465787911e+02
1.345970886845141649e+03
9.029196274688754329e+02
5.129506698881162947e+02
1.290416254551625116e+03
7.214615951333286148e+02
1.058125320141487919e+03
7.816918508102487522e+02
1.218579139068142240e+03
nan
nan
nan
nan
1.935239399854792453e+02
7.007344998449776767e+02
3.135146216960870902e+02
nan
nan
nan
5.133357659700524209e+02
9.658179230011662639e+02
1.177475587193254796e+03
nan
4.130812397062717309e+02
nan
nan
nan
nan
1.004289211341039618e+03
nan
nan
nan
3.062426636206276385e+02
nan
nan
nan
nan
nan
1.288143278794926573e+03
nan
5.919436210142404207e+02
nan
8.431619237129793873e+02
nan
7.715990151905546099e+02
nan
nan
nan
3.763941606733515641e+02
3.855957834411544809e+02
nan
6.099734382982555871e+02
3.741331608656863636e+02
7.867949167664202150e+02
3.455670801895872728e+02
nan
nan
nan
4.811766921325427120e+02
nan
3.681202763461077438e+02
nan
nan
nan
nan
nan
nan
6.402445364548331099e+02
nan
nan
nan
nan
nan
nan
nan
nan
nan
nan
3.741744370565461963e+02
2.629978369854294442e+02
nan
6.013050918536185918e+02
8.475548414586803574e+02
nan
nan
nan
1.215767597350482220e+03
nan
4.308630301930594442e+02
1.856593624016495880e+02
3.367827104118305783e+02
nan
8.776608582901678801e+02
4.347111097796189370e+02
3.893997573178685343e+02
2.608265408582579994e+02
nan
3.116545931022341165e+02
5.501809830961234411e+02
nan
nan
5.355143928995235001e+02
nan
nan
nan
nan
nan
nan
5.417955274790197109e+02
nan
nan
2.398001718905757969e+02
3.265523789331413695e+02
3.265957445416033238e+02
4.146088325791382090e+02
nan
4.146610554482381303e+02
nan
1.116493899961585385e+03
nan
