nan
6.004687520445442200e+07
5.853804093726921082e+07
nan
nan
5.280636102207756042e+07
3.285316962475585938e+07
5.227852617745018005e+07
5.346877389407348633e+07
nan
6.391772481339263916e+07
nan
nan
nan
nan
nan
5.046956242952919006e+07
nan
2.034877427801895142e+07
nan
nan
nan
nan
nan
4.315486246031188965e+07
6.274802811912918091e+07
nan
nan
nan
nan
nan
nan
nan
nan
6.026373215344429016e+07
4.742911960095024109e+07
nan
5.418009371087455750e+07
nan
nan
nan
1.761734725803756714e+07
4.743614409169387817e+07
5.505464410861015320e+07
5.222717085245895386e+07
nan
nan
4.270269419845581055e+07
3.613716633694076538e+07
5.333063120911788940e+07
1.600893914206504822e+06
nan
nan
5.683320144784069061e+07
1.724023161944198608e+07
nan
nan
6.560116690052986145e+07
nan
nan
nan
5.429091934878921509e+07
nan
6.029312243770217896e+07
6.127874033537292480e+07
nan
6.335501188497161865e+07
5.217085261782646179e+07
4.245540938292884827e+07
nan
5.567513563866233826e+07
nan
nan
nan
nan
5.987366497345924377e+07
nan
6.811949155228996277e+07
nan
nan
nan
nan
nan
3.603370911794662476e+07
nan
5.216585667341995239e+07
nan
nan
nan
nan
5.196307579852867126e+07
4.881827826121520996e+07
4.223370759793281555e+07
nan
4.457144759240436554e+07
5.058624436761856079e+07
nan
nan
5.947798506809997559e+07
5.693692750629043579e+07
nan
nan
nan
4.306029808991241455e+07
6.129970074746322632e+07
nan
nan
nan
5.846366819389343262e+07
nan
4.719526962511062622e+07
4.758977111361503601e+07
nan
5.996096361565208435e+07
nan
4.762716008710479736e+07
2.044132401822662354e+07
nan
3.198542769485092163e+07
nan
nan
nan
nan
nan
nan
nan
6.483757577373313904e+07
nan
nan
nan
nan
nan
nan
5.170904462978744507e+07
3.148833998209953308e+06
6.950566150618743896e+07
2.381417782787322998e+07
4.928478351196384430e+07
5.485000939644241333e+07
5.402104604749488831e+07
