1.897928847459847077e+02
nan
nan
6.960515734851311436e+02
4.004041102732015247e+02
nan
nan
5.941037847111596193e+02
3.608845423035803037e+02
1.614053016549216457e-01
nan
3.970985944688562199e+02
nan
4.025184679226834851e+04
nan
1.899507832178757235e+04
nan
2.458326324676875083e+04
2.411164698415941530e+02
2.657546289447344680e+04
3.087740864001493173e+04
6.989448090462608889e+03
2.962305782257166356e+03
3.492686960142420139e+04
8.174828682656669116e+03
7.773559111461237990e+03
9.370418900391818170e+03
1.492359689765959274e+02
2.410986588097478671e+04
nan
nan
nan
nan
2.025741841514270709e+04
1.357749449635570818e+04
2.793699391863894198e+04
nan
nan
nan
1.774524576424751649e+04
3.020275758300904272e+04
4.523863093713781564e+04
nan
6.295268134740967798e+04
nan
nan
nan
nan
2.507855066002922104e+04
nan
nan
nan
7.308685249006249069e+04
nan
nan
nan
nan
nan
3.443565424639355479e+04
nan
4.697551858432079462e+04
nan
2.965263231911454932e+04
nan
4.388234721641843498e+04
nan
nan
nan
2.776001724255136651e+04
4.963246426727089420e+04
nan
3.288715127052398020e+04
5.709324954113485001e+04
2.018808784896123325e+04
5.013158938947778370e+04
nan
nan
nan
1.331299106123625643e+04
nan
5.876530255437458982e+04
nan
nan
nan
nan
nan
nan
3.210620118521649056e+04
nan
nan
nan
nan
nan
nan
nan
nan
nan
nan
3.291399183811435068e+04
5.289721222343511181e+04
nan
4.845001844370067556e+04
3.203177887504722457e+04
nan
nan
nan
3.786571136149040831e+04
nan
2.717031149973201536e+04
1.774319576057390077e+04
3.012320590876752976e+04
nan
8.573233951122216240e+04
8.303334061741654295e+04
8.632295438244029356e+03
5.289546650789166597e+04
nan
2.163497454211846707e+04
4.669567598404658202e+04
nan
nan
7.332457448958720488e+04
nan
nan
nan
nan
nan
nan
6.694098652946818038e+04
nan
nan
2.611224700274252245e+04
3.276720564182474482e+04
2.628191886841532323e+04
4.102918418979005946e+04
nan
4.761806683047676779e+04
nan
4.022602823800333863e+04
nan
