nan
4.457412903955841064e+07
4.511647420111656189e+07
nan
nan
4.851592094691467285e+07
3.946988828659820557e+07
4.522592819711685181e+07
4.045995824425888062e+07
nan
4.637304211074447632e+07
3.061075393928098679e+07
nan
nan
3.725407082733249664e+07
nan
4.438801325437831879e+07
nan
3.916830698252773285e+07
nan
nan
nan
nan
nan
4.653972902441406250e+07
4.213156611499214172e+07
nan
nan
nan
nan
nan
nan
nan
nan
4.345859211187362671e+07
3.690304182361125946e+07
nan
3.856372773175430298e+07
nan
nan
nan
3.797234355853867531e+07
4.480788465653085709e+07
4.613624057900047302e+07
4.900386583872604370e+07
nan
nan
4.440525387905216217e+07
4.171992048899459839e+07
4.235523632853889465e+07
1.217864242191731930e+07
nan
nan
4.682733339070510864e+07
3.673717357216644287e+07
nan
nan
3.920801467021179199e+07
nan
nan
nan
4.326462548304176331e+07
nan
3.826318527719306946e+07
3.899556591575908661e+07
nan
4.297028299941122532e+07
4.601062345642495155e+07
4.454958594115400314e+07
nan
5.729191905460548401e+07
nan
nan
nan
nan
3.702293079128503799e+07
nan
4.651447183806133270e+07
nan
nan
nan
nan
nan
4.644138280486488342e+07
nan
4.442534131406390667e+07
nan
nan
nan
nan
4.329478860182738304e+07
4.129800315984916687e+07
3.848776225257587433e+07
nan
3.878030700967311859e+07
4.561036676629066467e+07
1.333249418258857727e+07
nan
4.169225962671852112e+07
4.572417219575405121e+07
nan
nan
2.656169914224052429e+07
3.944279638784599304e+07
4.476303128804850578e+07
nan
nan
nan
4.055930834913349152e+07
nan
4.208099593256473541e+07
4.554273072900199890e+07
nan
4.186878017258358002e+07
2.713226558477401733e+07
4.607606441817951202e+07
4.049807828689801693e+07
nan
4.350161992199516296e+07
nan
nan
nan
nan
nan
nan
nan
5.103742107861137390e+07
nan
nan
nan
nan
nan
nan
4.418646207452201843e+07
2.601696795277690887e+07
4.785752421663284302e+07
3.870644331226730347e+07
4.200172061762237549e+07
4.212739758445358276e+07
4.476290313725948334e+07
