nan
nan
nan
nan
nan
2.288520522186207771e+07
2.150281231290912628e+07
4.148748645046424866e+07
nan
6.153813723555755615e+07
nan
nan
nan
3.511722564986801147e+07
nan
3.634040233095169067e+07
nan
4.415838069856333733e+07
3.632597817185974121e+07
nan
nan
nan
nan
5.448074975629425049e+07
2.543867389193725586e+07
nan
3.374380933092308044e+07
nan
3.702864233886361122e+07
4.726757788831329346e+07
nan
nan
nan
nan
3.053037751065826416e+07
3.732303715615081787e+07
nan
nan
nan
2.736815875970935822e+07
3.796724794134902954e+07
2.675785543113994598e+07
3.383707807128214836e+07
6.023824712690258026e+07
nan
nan
nan
3.835949895186042786e+07
nan
nan
3.274744720950245857e+07
3.812947954818868637e+07
4.033682586568212509e+07
nan
nan
nan
nan
2.435503518843078613e+07
2.500737437425279617e+07
nan
nan
nan
nan
nan
nan
2.639467250262737274e+07
nan
4.182789316823959351e+07
1.260156756051349640e+07
2.979474548252487183e+07
2.849798081212711334e+07
7.971207495815582275e+08
nan
nan
3.931427456269073486e+07
3.045137406376075745e+07
3.556536885075187683e+07
3.772574162803268433e+07
3.105601952497005463e+07
nan
nan
4.703032584128570557e+07
nan
nan
nan
4.079258331658935547e+07
nan
nan
3.578059021437454224e+07
2.068195010775756836e+07
2.824724847856426239e+07
3.175832414784240723e+07
nan
3.653436502680969238e+07
nan
nan
3.672166929136538506e+07
4.206377853016090393e+07
3.544369223747253418e+07
3.977323711475181580e+07
nan
nan
3.438798420086288452e+07
3.942052658436393738e+07
nan
nan
3.292557781452178955e+07
3.507482270521354675e+07
3.353179238874340057e+07
2.833924337578868866e+07
nan
nan
nan
2.534353919022750854e+07
nan
5.889062076988983154e+07
nan
3.163358528681707382e+07
3.603535141339683533e+07
3.046655859844875336e+07
3.227292013636589050e+07
nan
nan
3.189668174943256378e+07
4.516716202410888672e+07
nan
nan
3.067555770585346222e+07
4.019847623878479004e+07
nan
nan
nan
3.450123789991134405e+07
3.622737703557586670e+07
nan
nan
nan
3.385232092199277878e+07
nan
3.298761457480144501e+07
3.712975848383522034e+07
nan
nan
3.264759652930849791e+07
nan
nan
3.961758525918960571e+07
3.860030651135730743e+07
nan
nan
nan
6.656614875622558594e+07
nan
nan
nan
5.153437625177574158e+07
nan
nan
3.786391327826881409e+07
3.662416349205493927e+07
nan
nan
nan
nan
nan
2.623996942342185974e+07
2.745331414134025574e+07
nan
nan
2.439658843026161194e+07
2.604551426270675659e+07
nan
3.353826703674983978e+07
3.199345022158432007e+07
nan
3.235428021541714668e+07
nan
nan
3.203147161513805389e+07
9.685650096511077881e+07
nan
nan
nan
nan
3.971610496825599670e+07
nan
nan
nan
3.474831212647819519e+07
nan
nan
3.154309476977252960e+07
3.463044060275530815e+07
nan
4.436459465412425995e+07
3.064577135348892212e+07
nan
nan
nan
3.379443846842384338e+07
3.928922587100601196e+07
3.473813957497024536e+07
3.379067958512115479e+07
nan
3.336899601638793945e+07
2.809605772436976433e+07
3.490975212908935547e+07
nan
3.772811197323322296e+07
nan
nan
3.428914737607192993e+07
5.830261452959442139e+07
nan
3.642632493965339661e+07
4.405841974029541016e+07
nan
nan
nan
6.111317927575397491e+07
1.189679034117126465e+07
nan
nan
8.216060485105133057e+07
4.888571589247360229e+08
nan
nan
3.167373031413269043e+07
3.319246759790420532e+07
nan
3.412734470971107483e+07
3.181516909126281738e+07
9.795867697323799133e+06
4.109732831897544861e+07
nan
nan
5.085868282103347778e+07
nan
nan
3.733057158878326416e+07
nan
3.041750188105201721e+07
nan
3.339452366089439392e+07
3.221486567396926880e+07
2.655573239036273956e+07
3.574128494519698620e+07
nan
nan
nan
7.696395524106597900e+07
nan
nan
nan
nan
nan
3.208125195483724773e+07
nan
3.375364631982040405e+07
3.556413064693069458e+07
3.291461305655956268e+07
nan
nan
nan
nan
nan
4.134011637882232666e+07
nan
nan
4.517565330889129639e+07
nan
nan
2.916089273683547974e+07
3.266049184195327759e+07
nan
nan
nan
nan
nan
3.520913554068216681e+07
3.302075170674526691e+07
3.308362727774524689e+07
4.377856369582366943e+07
nan
3.480605324501037598e+07
3.747845743279457092e+07
nan
3.406266071502685547e+07
3.520118707057380676e+07
3.885707210157775879e+07
nan
nan
nan
2.438470646685172617e+07
1.137210875747108459e+07
3.234047571910476685e+07
nan
2.632928237270450592e+07
nan
nan
nan
3.959071179547119141e+07
nan
nan
nan
3.959644520239257812e+07
nan
nan
nan
3.730132172998714447e+07
nan
3.473989564636039734e+07
nan
nan
3.370561279270291328e+07
3.451110599364089966e+07
nan
2.766072364219284058e+07
3.531644930244827271e+07
4.044046431710052490e+07
3.098569140201187134e+07
nan
nan
nan
3.247459491898775101e+07
4.159400728324508667e+07
nan
3.975456030167412758e+07
nan
4.420287026293373108e+07
nan
nan
nan
3.729458324736785889e+07
nan
nan
3.601391196167087555e+07
3.784014917232012749e+07
3.218898389696598053e+07
2.374792845492362976e+07
nan
2.519614096501731873e+07
nan
nan
nan
nan
3.952295322909545898e+07
nan
4.077411969966888428e+07
4.753953529230117798e+07
4.229135233375671506e+07
5.616952934631538391e+07
nan
nan
3.739945262023830414e+07
nan
2.979817324435615540e+07
3.020030033816909790e+07
3.895705712714385986e+07
3.054453215595340729e+07
3.611498907113075256e+07
nan
nan
3.577359001956796646e+07
nan
3.174209699961471558e+07
nan
nan
3.427792266251754761e+07
nan
4.606884255919647217e+07
nan
nan
3.352598571200489998e+07
2.705645664901542664e+07
nan
nan
nan
3.594077267760086060e+07
nan
3.738168229979133606e+07
nan
8.937151797357177734e+07
1.970199091303634644e+07
nan
nan
nan
3.471145209314644337e+07
3.685334544573116302e+07
nan
3.858834928833770752e+07
nan
3.504983427564048767e+07
4.898788191122436523e+07
2.641358913705360889e+07
nan
nan
nan
3.281583313864898682e+07
3.308550209816646576e+07
nan
nan
4.096589245481157303e+07
6.520597270029449463e+07
nan
nan
nan
3.473989564636039734e+07
nan
5.079756564822387695e+07
2.914206146580886841e+07
3.185197923172950745e+07
nan
3.520350540834045410e+07
2.607901666162872314e+07
nan
nan
3.565845916676044464e+07
4.012363744030952454e+07
3.543114482342910767e+07
2.856467467620730400e+07
3.720790578026008606e+07
3.448685257195472717e+07
nan
nan
nan
nan
nan
nan
nan
2.158787599260711670e+07
nan
nan
nan
nan
3.858031625691032410e+07
nan
nan
nan
nan
2.561333646167564392e+07
3.263620647366094589e+07
4.123461243854331970e+07
nan
nan
6.636799870361709595e+07
nan
2.717098496012115479e+07
3.736389551139116287e+07
3.783517092472457886e+07
4.412366280663156509e+07
nan
nan
1.958197251760101318e+07
5.279606623221588135e+07
3.672829704807567596e+07
5.348116509267044067e+07
3.425659565027236938e+07
3.310706920102977753e+07
3.504568029990315437e+07
3.639088318567657471e+07
3.753178277044868469e+07
3.728498077101123333e+07
nan
nan
3.952079970393085480e+07
2.975357549322652817e+07
nan
3.835752932704138756e+07
nan
3.374320547533512115e+07
3.178166485504150391e+07
2.832512155891132355e+07
nan
nan
3.162024092290878296e+07
3.075785910108947754e+07
nan
4.415479113984680176e+07
4.073464370683288574e+07
2.931426006824588776e+07
nan
3.517354609308910370e+07
2.529635578097724915e+07
nan
nan
5.097481961816406250e+07
4.902485330628204346e+07
3.304909723027133942e+07
3.088282008600234985e+07
2.969743901884841919e+07
nan
3.405600083520889282e+07
1.268742935272407532e+07
2.662404852397155762e+07
nan
nan
3.043814808997917175e+07
nan
2.524096190111923218e+07
nan
nan
4.115202640529060364e+07
nan
2.700323872713279724e+07
3.359423787323379517e+07
nan
nan
nan
nan
3.014138508594989777e+07
nan
nan
4.380027359911036491e+07
3.122641188717603683e+07
nan
7.115979020854187012e+07
nan
nan
nan
nan
nan
nan
2.985947230658721924e+07
3.350900718864107132e+07
nan
3.789367305501270294e+07
nan
2.385625485230445862e+07
nan
1.845008081820831299e+08
3.294298908780527115e+07
nan
nan
3.584666040328979492e+07
nan
3.476087194903182983e+07
nan
nan
nan
nan
3.981523179819679260e+07
5.448074975629425049e+07
nan
nan
nan
nan
6.604900817971801758e+07
nan
3.618959325741004944e+07
3.798006989667320251e+07
3.266782422518730164e+07
3.963265551853370667e+07
3.302907886299133301e+07
nan
3.180640276076984406e+07
nan
nan
nan
nan
3.442197091789245605e+07
6.445044131776428223e+07
nan
nan
nan
5.020857741014432907e+07
3.543850805393600464e+07
5.478245182065582275e+07
nan
2.383318593165683746e+07
5.277099807987213135e+07
3.553716407878112793e+07
nan
4.276686102713775635e+07
2.511805495031738281e+07
nan
nan
3.342360362533950806e+07
1.352980049027786255e+08
nan
3.726958150479507446e+07
5.484630515380096436e+07
3.352746670299506187e+07
3.418269069268798828e+07
nan
nan
nan
nan
3.790853951561927795e+07
4.050458210965013504e+07
nan
6.322115224755096436e+07
1.300611151050949097e+07
1.481664328320369720e+08
nan
nan
3.664821936381912231e+07
nan
nan
nan
4.475158937438964844e+07
3.088544478282737732e+07
7.806118748143386841e+07
4.230571568786048889e+07
3.081783249285364151e+07
nan
nan
3.067797331615447998e+07
5.380094395389938354e+07
3.526818931279635429e+07
nan
nan
3.568495984636497498e+07
nan
3.629959931863975525e+07
nan
nan
5.430413336454010010e+07
4.107267003716659546e+07
nan
3.034094348195552826e+07
3.587893920499801636e+07
3.615082697175979614e+07
nan
nan
3.067552501324081421e+07
nan
nan
3.431798873046207428e+07
nan
3.476064400176715851e+07
3.643662931131744385e+07
nan
nan
nan
3.502600198252010345e+07
nan
nan
4.255646340642738342e+07
6.840484856838989258e+07
nan
3.189208355664438009e+07
3.495619400449466705e+07
3.915882038966771960e+07
nan
nan
nan
2.498909492313575745e+07
nan
2.517996348195266724e+07
nan
nan
3.256184695239353180e+07
nan
2.789657639476394653e+07
2.789428408205032349e+07
nan
3.704121812051010132e+07
4.477155832270932198e+07
3.272850394485664368e+07
nan
3.284629703324317932e+07
3.578594448488450050e+07
3.924332622258567810e+07
nan
4.887719939160013199e+07
nan
4.403226601505661011e+07
3.728439500111865997e+07
3.513336106629943848e+07
3.337191212186717987e+07
nan
3.936837692617607117e+07
nan
3.309005474159526825e+07
3.276807299401855469e+07
1.638688650141477585e+07
nan
nan
nan
nan
3.966070226891326904e+07
nan
1.363159242428779602e+07
nan
nan
3.348743752478027344e+07
nan
nan
6.039088299005126953e+07
nan
3.501340262563419342e+07
6.171433594032096863e+07
6.812883738179779053e+07
nan
nan
nan
nan
3.499328319731950760e+07
4.032777596060943604e+07
3.836966187468910217e+07
3.236011401149463654e+07
3.661908092823028564e+07
3.480021978501272202e+07
nan
4.522791693096542358e+07
nan
4.251313702607631683e+07
4.610641676499176025e+07
5.019062873081970215e+07
3.585969976891326904e+07
4.155653402141547203e+07
2.414671995351028442e+07
2.651811028324890137e+07
3.089878246194028854e+07
nan
nan
3.059625144689941406e+07
nan
4.557835352703857422e+07
nan
2.077558200457000732e+07
nan
nan
2.213563838154792786e+07
3.110084887456512451e+07
nan
4.280298450729370117e+07
nan
nan
nan
nan
7.346798920714569092e+07
3.155933003636020422e+07
nan
3.152402832908725739e+07
nan
nan
nan
nan
3.276327993019533157e+07
2.769794275489282608e+07
4.762899865056598186e+07
nan
3.326504174643707275e+07
8.216060485105133057e+07
nan
nan
4.436714547060012817e+07
2.786092778921222687e+07
3.195426442836380005e+07
nan
3.136618801999092102e+07
nan
3.394212788585090637e+07
1.109671339141616821e+08
3.332446407555007935e+07
nan
nan
nan
nan
nan
3.164299772343587875e+07
3.061365393844032288e+07
3.739713663878250122e+07
nan
nan
4.335289032005500793e+07
nan
3.354613394177436829e+07
nan
3.026558530040645599e+07
nan
4.395504161611175537e+07
nan
nan
2.589254239900970459e+07
1.042175269767246246e+08
3.136577295119667053e+07
3.042074895522642136e+07
nan
4.437825713494873047e+07
nan
3.919147900710296631e+07
nan
4.615321036465072632e+07
nan
nan
3.619156896196174622e+07
3.425308260326004028e+07
3.394265698119544983e+07
nan
3.592461855314207077e+07
nan
3.420033048686790466e+07
3.495038982984828949e+07
nan
2.955021704172801971e+07
nan
3.529257628137826920e+07
3.422885801181411743e+07
3.442615409223508835e+07
3.019832685458159447e+07
3.245284029516708851e+07
3.457500689343643188e+07
4.030465857892799377e+07
3.171640573280334473e+07
3.340084915856289864e+07
nan
4.348568757160186768e+07
nan
3.847319823484992981e+07
nan
3.202721289478492737e+07
1.387893528744049072e+08
nan
3.234047571910476685e+07
nan
nan
nan
2.215672256535243988e+07
nan
3.575810704390134662e+07
nan
nan
nan
2.569231424294185638e+07
3.771289881020545959e+07
2.306787446561813354e+07
3.465629980609321594e+07
4.666523970536041260e+07
nan
2.392305454807281494e+07
nan
nan
nan
4.120943046776199341e+07
3.443154542480731010e+07
3.709123628878784180e+07
3.043751467630577087e+07
3.766056627559280396e+07
3.479830439842605591e+07
3.664510879954433441e+07
nan
3.073312726807904243e+07
nan
1.109039762546348572e+07
nan
3.395942174308395386e+07
3.852658822776031494e+07
nan
nan
3.394957757958984375e+07
1.084422498016548157e+07
3.904809060992622375e+07
1.416509962160587311e+07
3.773390892905616760e+07
3.303977038608908653e+07
nan
nan
nan
4.389207090010589361e+07
nan
4.362922254624176025e+07
2.939344003474140167e+07
nan
3.119161213970994949e+07
3.902861676545333862e+07
4.327882646285200119e+07
2.651443410325241089e+07
nan
2.797358698242092133e+07
3.449453978737920523e+07
3.219916069822788239e+07
4.733929206531167030e+06
nan
nan
nan
3.760282059074020386e+07
2.848842448355484009e+07
3.362559946218442917e+07
nan
3.248880817365980148e+07
nan
1.268742935272407532e+07
3.312232644334983826e+07
nan
nan
nan
nan
nan
3.899780227092456818e+07
6.687158956915283203e+07
3.789721987636089325e+07
nan
nan
3.708977700489807129e+07
5.614310559497833252e+07
3.301198124074840546e+07
nan
4.155653402141547203e+07
nan
nan
nan
nan
nan
3.621351441655969620e+07
5.177282425842380524e+07
nan
3.416758725477600098e+07
2.435834318686962128e+07
nan
2.962142550027179718e+07
4.499669416942071915e+07
2.594223413540840149e+07
3.184526519850158691e+07
nan
nan
nan
2.731212036210536957e+07
2.351265024734725952e+08
nan
nan
3.669349708278369904e+07
5.227548141063308716e+07
nan
nan
nan
3.896069420496368408e+07
nan
nan
nan
nan
2.689535868581199646e+07
nan
nan
3.285956502771568298e+07
nan
2.461220058747529984e+07
nan
nan
6.060356878358268738e+07
2.972472275016117096e+07
3.257628684049224854e+07
nan
4.043312655876052380e+07
6.633882951206207275e+07
nan
nan
nan
nan
3.104412429490095377e+07
4.038472432347488403e+07
4.022627161699295044e+07
nan
nan
3.484476837572002411e+07
3.126502693626785278e+07
nan
nan
3.062130657954788208e+07
3.153109360730743408e+07
3.697844331694412231e+07
4.744940979785919189e+07
nan
nan
nan
nan
2.623996942342185974e+07
1.177697350119400024e+07
3.153575713634681702e+07
2.509350943592071533e+07
nan
nan
1.102604534921932220e+07
4.795593318934631348e+07
3.615988797877311707e+07
3.710214145214259624e+07
nan
3.633646549087619781e+07
3.397456155655384064e+07
nan
nan
2.463872068634414673e+07
3.357367461587619781e+07
2.628794791294097900e+07
3.559451667449092865e+07
nan
nan
3.375001359999084473e+07
nan
nan
9.086286153757476807e+07
3.589790468564796448e+07
4.003569219411277771e+07
3.767515153292274475e+07
4.014668121899795532e+07
4.089040711945438385e+07
