nan
7.581316113949013015e+03
7.964619023131076574e+03
nan
5.684834760079084845e+03
nan
3.765023452468487449e+03
nan
nan
nan
9.816103260648362266e+03
nan
nan
7.280646476737700141e+03
5.061396088302203680e+03
6.168151776138350215e+03
5.796941394196447618e+03
nan
8.405656926363189996e+03
nan
nan
nan
nan
5.147866244323532555e+03
nan
3.337896017406371357e+03
1.082929275169635730e+04
4.994566806761839871e+03
5.386669853477311335e+03
nan
nan
4.123378860581724439e+03
nan
3.526375130849124162e+03
5.404805583434203982e+03
4.561758869609741851e+03
3.452405080339887263e+03
nan
4.571616680950889531e+03
nan
nan
8.402611325360685441e+03
nan
5.611363914785780253e+03
nan
nan
5.623024501210346898e+03
nan
9.572554588626708210e+03
nan
nan
6.083271993399038365e+03
4.359839297216562045e+03
nan
nan
nan
4.105461235931910778e+03
nan
4.038899513555421436e+03
nan
2.426888880936867281e+04
1.184860933712615042e+04
nan
nan
nan
5.791015678813963859e+03
6.721773265979169082e+03
nan
5.098501428916813893e+03
nan
5.617702345949669507e+03
3.268505331333089543e+03
4.899692668547804715e+03
nan
nan
nan
4.011119995107955674e+03
3.766735166290894085e+03
nan
nan
4.830143627419306540e+03
9.657903440386626244e+03
nan
nan
nan
8.344672622666568714e+03
nan
8.471433215893628585e+03
1.234033848025634325e+04
9.259717480571538545e+03
nan
3.979076017562596007e+03
7.572190562129227146e+03
nan
nan
1.102855758396163219e+04
3.467422722160185458e+03
1.179564079203958863e+04
6.341358253670606246e+03
5.431092363575766285e+03
6.102751123020862906e+03
nan
nan
nan
nan
nan
nan
nan
7.892035803777372166e+03
nan
nan
nan
nan
3.231368895725485800e+03
nan
nan
nan
nan
6.208537425662785608e+03
5.317061914482595057e+03
9.721925678211078775e+03
nan
nan
1.118172176080548161e+04
nan
7.415223820241246358e+03
6.651503139157458463e+03
7.384121176415059381e+03
5.389122370120790947e+03
nan
nan
9.164660860657812009e+03
6.798698255736919236e+03
4.102955470721027268e+03
7.059834126791147355e+03
3.833274600739132438e+03
1.157009661881889588e+04
9.354954270719819760e+03
3.615033564352371741e+03
4.737187838647305398e+03
4.046918831132356445e+03
nan
nan
5.394687766328075668e+03
4.264830779981894921e+03
nan
7.732157816116937283e+03
nan
4.012967720948847273e+03
2.089815384939765136e+04
7.585187414286318926e+03
nan
nan
1.016810865242954605e+04
6.352948045276808443e+03
nan
5.508031930611011376e+03
9.566139491414947770e+03
6.963337944818440519e+03
nan
3.512736835962453824e+03
1.271550364485502905e+04
nan
nan
1.199853875350804628e+04
9.085187245788005384e+03
5.950558886829382573e+03
3.858373383936395840e+03
6.106147186297964254e+03
nan
9.011828769589299554e+03
3.232067219668560483e+03
1.024506253335285692e+04
nan
nan
4.746680314242591521e+03
nan
6.189913744618375858e+03
nan
nan
1.315094111998838162e+04
nan
5.245420887352909631e+03
7.506072708247047558e+03
nan
nan
nan
nan
7.383591052561986544e+03
nan
nan
6.717684142939041521e+03
7.732354877668019981e+03
nan
6.078937808281133584e+03
nan
nan
nan
nan
nan
nan
5.275905494068328153e+03
8.992837563233455512e+03
nan
4.264914133814935667e+03
nan
3.787018586412529658e+03
nan
1.292287101933817939e+04
8.166880362385337321e+03
nan
nan
1.118912766221559650e+04
nan
9.360146793426643853e+03
nan
nan
nan
nan
3.196250624230357062e+03
8.079133213318736125e+03
nan
nan
nan
nan
1.430696728356582389e+04
nan
4.533982970090420167e+03
1.075183496391104200e+04
3.726769251806380908e+03
4.353716939991640174e+03
5.910707789224111366e+03
nan
3.759544696246503008e+03
nan
nan
nan
nan
9.084307237756063842e+03
nan
nan
nan
nan
7.737626304474817516e+03
4.105207549411796208e+03
1.754595592364119511e+04
nan
3.414423935969412923e+03
1.993439802841229539e+04
8.906565696977038897e+03
nan
1.108306489996008895e+04
7.703092369894380681e+03
nan
nan
5.891342100139683680e+03
6.595581850038014636e+03
nan
1.237178059401227256e+04
1.208954292103196531e+04
9.190830835287812079e+03
7.649497834912705002e+03
nan
nan
nan
nan
4.005538408142681874e+03
6.089461042117323814e+03
nan
1.185763895801171566e+04
8.203379680296306105e+03
6.411043022762067267e+03
nan
nan
8.180382737202883618e+03
nan
nan
nan
1.049353370081428329e+04
5.365989039970729209e+03
5.992227828221314667e+03
8.554087958713907938e+03
4.688681273802302712e+03
nan
nan
1.007009594200754509e+04
9.404892991272041399e+03
9.014312538024638343e+03
nan
nan
6.107159488503816647e+03
nan
9.244340638472649516e+03
nan
nan
8.983115396415600117e+03
3.565319169953176697e+03
nan
5.614383802728395494e+03
5.561800664718767621e+03
7.596863419581492963e+03
nan
nan
4.819785492734907166e+03
nan
nan
4.167850486654375345e+03
nan
1.216444708962884579e+04
7.342803409221695802e+03
nan
nan
nan
6.271747043369785388e+03
nan
nan
4.550802396779685296e+03
1.449120057866454044e+04
nan
8.766095904602088922e+03
5.155178852528339121e+03
6.979917302364056923e+03
nan
nan
nan
7.865853509793092599e+03
nan
nan
nan
nan
8.188107578191811626e+03
nan
5.355690933837106058e+03
9.337383045166918237e+03
nan
4.767079578348135328e+03
4.134973331578432408e+03
7.040946689956226692e+03
nan
5.401793617635966257e+03
4.514861500529897967e+03
4.011056028568470538e+03
nan
4.503430923972393430e+03
nan
6.265372978014964247e+03
3.456676271521840590e+03
4.672084931058636357e+03
5.298618078844439879e+03
nan
5.053694768847165506e+03
nan
1.012166549596806908e+04
7.690329452774181846e+03
7.289097074901270389e+03
nan
nan
nan
nan
6.133620854450688967e+03
nan
3.451997983791988645e+03
nan
nan
6.973744205950049036e+03
nan
nan
9.723111272041604025e+03
nan
6.118882560393803942e+03
3.881656243527484094e+03
1.428778146057552476e+04
nan
nan
nan
nan
9.452843311566593911e+03
1.330958801209536068e+04
4.690209282094465379e+03
9.628849096762556655e+03
9.707801855540817996e+03
7.055560339013524754e+03
nan
1.098631143490967406e+04
nan
5.429495150693857795e+03
1.027346655783511233e+04
6.785950252788637044e+03
1.735433852447243771e+04
4.026684847056690160e+03
3.606805695419082440e+03
6.564282610627087706e+03
4.181762700995683190e+03
nan
nan
6.774110375095840936e+03
nan
1.422338542281891387e+04
nan
9.655066642745547142e+03
nan
nan
4.161500806345914498e+03
6.488622036613164710e+03
nan
1.095252226632656857e+04
nan
nan
nan
nan
6.549694406968918884e+03
5.027031119382445468e+03
nan
5.275501176701046461e+03
nan
nan
nan
nan
5.015864984315761831e+03
4.242600054982316578e+03
5.421298199546974502e+03
nan
1.003827780763078226e+04
1.154105682090429218e+04
nan
nan
6.081642493302591902e+03
5.418958810362639269e+03
6.936578571440481937e+03
nan
6.925327221701499184e+03
nan
4.050007238785585741e+03
2.517905121037010395e+04
7.240812168947877581e+03
nan
nan
nan
nan
nan
6.743740187496596263e+03
5.168499697918784477e+03
5.234139514774580675e+03
nan
nan
3.940094167243882566e+03
nan
7.226788710487293429e+03
nan
9.724658000325904140e+03
nan
8.984178749481874547e+03
nan
nan
5.463218634987752012e+03
5.439306154783982493e+03
1.116142496404739359e+04
2.981023918692065308e+03
nan
1.527828680206470563e+04
nan
6.427524307796356879e+03
nan
1.063376607776244964e+04
nan
nan
3.965137133538889429e+03
4.492474720263586278e+03
5.201608197035850935e+03
nan
nan
1.326704707998200502e+04
nan
5.775956665071524185e+03
6.316245174612570736e+03
nan
6.639074004304520713e+03
nan
6.322173765436315989e+03
4.065843618041758873e+03
3.290478774965592947e+03
4.205982034779677633e+03
3.653144673652217080e+03
3.744344963465984165e+03
3.498555150214092919e+03
7.665783025167102096e+03
4.145337954564465690e+03
nan
7.380319559137996293e+03
nan
4.641205993721971936e+03
nan
4.182179254242335446e+03
1.999200793236918253e+04
nan
8.445168172183342904e+03
nan
nan
nan
8.703210525861590213e+03
nan
4.646050636359296732e+03
nan
nan
nan
1.082843794094676196e+04
3.784849540147301468e+03
8.770768765161439660e+03
4.569923446468611473e+03
8.711042506256670094e+03
nan
3.712255159358241599e+03
nan
nan
nan
4.191037877619618484e+03
4.745654873114558541e+03
8.143161522087400954e+03
4.877312246394685644e+03
5.040700593535148073e+03
6.916973535409121723e+03
3.651487799179266858e+03
nan
1.036470351172819755e+04
nan
3.018913929718722557e+03
nan
4.995159419661439642e+03
7.205481828061944725e+03
nan
nan
4.603950706693709435e+03
4.007709428946933713e+03
3.332206750390092111e+03
3.428926665847689492e+03
9.473835039361089002e+03
7.528947483215238208e+03
nan
nan
nan
4.689514674344610285e+03
nan
8.615141607254072369e+03
4.380521932963718427e+03
nan
4.942079465084190815e+03
5.795700687119918257e+03
7.828894814161156319e+03
7.891912541500630141e+03
nan
9.601592206958841416e+03
3.598615562061509081e+03
7.910574838636665845e+03
2.936795545160749953e+03
nan
nan
nan
nan
1.029164935292988230e+04
3.740374967684666899e+03
nan
5.546854587576676749e+03
nan
3.232067219668560483e+03
7.186679962553042060e+03
nan
nan
nan
nan
nan
4.857462155841034473e+03
1.220885204419299043e+04
4.049612151597337743e+03
nan
nan
3.659607345043218174e+03
1.123041502729101376e+04
5.945605706458981331e+03
nan
4.026684847056690160e+03
nan
nan
nan
nan
nan
4.020456371259308071e+03
6.169690459825370453e+03
nan
8.929720679420119268e+03
1.156290673352152226e+04
nan
7.826057208913353861e+03
7.523353826460575874e+03
1.065070037407476411e+04
5.251510248985701764e+03
nan
nan
nan
5.698602453408963811e+03
2.273449495374368416e+04
nan
nan
5.063136059258535170e+03
9.792601598074055801e+03
nan
nan
nan
7.949218311487196843e+03
nan
nan
nan
nan
4.979253973369364758e+03
nan
nan
4.507221551602600812e+03
nan
1.059746089352296258e+04
nan
nan
4.019789652208206007e+03
8.358488417142103572e+03
9.518039217523502884e+03
nan
1.111057424919441291e+04
9.771553666402794988e+03
nan
nan
nan
nan
5.944710396719334312e+03
1.699025303828566030e+04
3.144846916021117067e+03
nan
nan
9.180130795232020319e+03
4.345891564604271480e+03
nan
nan
5.361808126829639150e+03
1.134498968654135206e+04
5.569873718603020279e+03
5.425062873558400497e+03
nan
nan
nan
nan
4.082417208383147681e+03
8.148629654489530367e+03
6.050866272888833009e+03
5.706869089550003991e+03
nan
nan
3.112891538397002023e+03
7.000420706792603596e+03
9.516851484207480098e+03
5.698559109491118761e+03
nan
8.024209307277899825e+03
4.310724925821173201e+03
nan
nan
4.750432777980590799e+03
4.691477064083584082e+03
1.102558157068765286e+04
6.170728580200086071e+03
nan
nan
8.211538301622269501e+03
nan
nan
1.417623716220529241e+04
3.539563153157957004e+03
4.038395376857235533e+03
8.967912163902292377e+03
1.100019168176506901e+04
6.864389015052811374e+03
nan
nan
nan
nan
nan
nan
nan
nan
nan
nan
5.687705339147030827e+03
nan
5.901230216099345853e+03
9.569587016609120838e+03
nan
nan
nan
nan
1.015563804699126558e+04
5.335543448095103486e+03
4.060199140755681128e+03
nan
nan
6.169690459825370453e+03
5.205585975445962504e+03
nan
nan
8.042665839451738975e+03
1.102855758396163219e+04
nan
1.056901710494019426e+04
nan
nan
nan
nan
6.243256251576072827e+03
3.866455815049203466e+03
nan
6.900379441162320290e+03
nan
5.435422253097513931e+03
nan
nan
1.530143345411354676e+04
8.493607872607399258e+03
4.845906164027270279e+03
3.863253051317778045e+03
nan
nan
nan
nan
nan
nan
1.009983910168579314e+04
nan
nan
nan
4.895832690245221784e+03
nan
4.061286909047499648e+03
3.759294977472442952e+03
5.711494319989013093e+03
nan
5.030313403000550352e+03
nan
7.995837056086876146e+03
4.054442547675779679e+03
nan
nan
nan
nan
4.404062317162995896e+03
nan
3.563016293808669616e+03
3.988165613729928737e+03
nan
9.302237447029718169e+03
1.194407583750641788e+04
nan
8.521263961176251541e+03
7.649497834912705002e+03
4.360606829024106446e+03
1.054683636934364949e+04
4.283992492769327328e+03
4.828384197904581924e+03
3.161652810964037144e+03
nan
nan
nan
nan
1.336242756439839650e+04
nan
1.084208131079909253e+04
nan
nan
nan
nan
nan
nan
nan
6.715910701028095900e+03
nan
6.450388205418013968e+03
nan
nan
6.065524597196277682e+03
5.745296639599735499e+03
nan
nan
nan
nan
7.716583815627506738e+03
8.997947319519678786e+03
nan
3.945622325550536516e+03
nan
nan
1.016988881902292269e+04
nan
nan
nan
nan
8.716029938643765490e+03
5.112882436935063197e+03
nan
4.699979865001516373e+03
nan
nan
nan
4.060815200343262404e+03
4.622741195744937613e+03
nan
nan
nan
8.460097300564915713e+03
6.767112158869380437e+03
nan
3.634650114992486579e+03
6.628589171406351852e+03
nan
6.443392936224727237e+03
nan
4.908694686990344053e+03
nan
1.343523792429598143e+04
7.835991783184093947e+03
nan
4.381099937923276229e+03
4.056176291455883529e+03
nan
6.190615231765694261e+03
9.918782213105787378e+03
nan
nan
2.570120712786809236e+04
nan
nan
5.071849257534471690e+03
nan
nan
4.073069760899728408e+03
nan
4.684413315770944791e+03
4.443309154832341846e+03
nan
3.503356428425126524e+03
nan
8.266647737456012692e+03
nan
4.337928460482451555e+03
nan
nan
4.456450389496547359e+03
nan
nan
nan
nan
4.756430277004932577e+03
nan
8.399993547144023978e+03
6.496282043426703240e+03
3.859374030984609817e+03
7.641112428509480196e+03
nan
3.696273992969279334e+03
5.231547871786916403e+03
6.994081596398181318e+03
3.957713063670266365e+03
1.354189604371680434e+04
nan
nan
6.384883557741646655e+03
3.873893731598787326e+03
nan
2.158211712401866316e+04
1.186302279547872058e+04
5.494196043045030819e+03
nan
nan
nan
nan
1.289283052049485923e+04
nan
5.235458116946927476e+03
5.178271244716976980e+03
nan
5.079469568256095044e+03
1.303530465559506047e+04
nan
nan
1.004819847259947164e+04
nan
6.592932128076219669e+03
6.838895618542803277e+03
nan
nan
nan
4.527913970094036813e+03
3.891771775484038244e+03
5.057784827520324143e+03
1.125237794426009896e+04
nan
nan
6.751277990006211439e+03
6.730309567888692072e+03
nan
nan
nan
3.709399637041750793e+03
nan
nan
7.790047138080622062e+03
nan
nan
3.637650553432594734e+03
3.716949714447650422e+03
nan
nan
nan
nan
2.636224308632535394e+04
7.638050274301546779e+03
6.848564148785347243e+03
8.727697581366866871e+03
3.825283030267597951e+03
nan
1.007290716869424978e+04
6.322173765436315989e+03
3.814650820889411079e+03
nan
8.072980554358094196e+03
5.265607248157983122e+03
6.066859575607188162e+03
nan
nan
5.826095394124326958e+03
1.158034966770615392e+04
nan
nan
3.991265718038289833e+03
nan
nan
4.082301283776098899e+03
nan
4.499815421272369349e+03
9.501790632774938786e+03
nan
7.644387584441121362e+03
nan
nan
nan
4.254225956744339783e+03
nan
1.684210279955902661e+04
nan
6.887363919519878436e+03
nan
6.681302283829216321e+03
4.882595574542957365e+03
4.580401913241270449e+03
9.647366855960657631e+03
5.347635672115866328e+03
nan
5.943439145862218538e+03
nan
3.882019063653104240e+03
4.448961775613416648e+03
nan
nan
nan
6.008432279675568680e+03
nan
1.067639729264621747e+04
4.543397871600056533e+03
4.326735091050453775e+03
5.774781888551645352e+03
nan
nan
1.060746847779206655e+04
nan
6.317031672848166636e+03
3.436599735921907723e+03
2.226317865772640289e+04
nan
3.685619228199871031e+03
nan
4.343537556287134976e+03
nan
5.056200990780070242e+03
nan
5.890190847367329297e+03
nan
nan
3.207778645385620621e+03
nan
nan
nan
nan
9.250654551502027971e+03
nan
8.212231651781861729e+03
nan
5.565516075201187959e+03
