nan
3.696469210610188384e+03
2.619706273032182366e+02
nan
3.141800017293696328e+03
nan
1.099656455438809644e+03
nan
nan
nan
7.280593784894535929e+03
nan
nan
3.708704710461655395e+03
4.768472876733120756e+03
5.026308997612044550e+03
1.617973195378748414e+03
nan
1.614251029787536709e+03
nan
nan
nan
nan
5.056845453473345628e+02
nan
1.773199876704976305e+03
3.936985220334000587e+03
2.273824059369129372e+03
4.712855537088028086e+02
nan
nan
9.790243891843907704e+02
nan
1.337437335132794033e+03
4.920185656529690732e+02
3.946414091439518415e+03
1.089378937854840842e+03
nan
1.934087596265707589e+03
nan
nan
7.391923866413545738e+02
nan
2.621716418690905357e+03
nan
nan
3.758061799331022939e+03
nan
3.552522752538241662e+02
nan
nan
2.754596135573150150e+03
6.967628975799129876e+02
nan
nan
nan
1.334627320319169485e+03
nan
1.412478456471157870e+03
nan
1.626117195764247663e+04
3.288105776474729282e+03
nan
nan
nan
1.520318709219711991e+03
2.824085820927160967e+03
nan
1.822835203352694407e+03
nan
2.712273742797553950e+03
1.176118307241008779e+03
8.042485223654334732e+02
nan
nan
nan
2.895696246876165787e+03
6.182822229888760148e+02
nan
nan
1.398186785916675717e+03
5.950899963570240288e+03
nan
nan
nan
7.028408437395058172e+03
nan
6.725667442447612530e+02
4.126617994071501926e+03
3.335521150242502699e+03
nan
1.177470318461966826e+03
1.040388643043482716e+03
nan
nan
2.992725139132155618e+03
1.487633873411500872e+03
6.988278588175131517e+03
4.886631074642525050e+02
1.016512948867454270e+03
2.530114064397717357e+03
nan
nan
nan
nan
nan
nan
nan
2.509697561936933653e+03
nan
nan
nan
nan
1.384164063030900252e+03
nan
nan
nan
nan
2.696310472778918665e+03
3.851449747546686467e+03
7.859152208077990508e+03
nan
nan
5.331938236560466976e+03
nan
2.329377558251917435e+03
2.436606119279236282e+03
1.267666541846456312e+03
3.204379974250897703e+03
nan
nan
1.085254987635041971e+03
2.153668589978821728e+03
3.782298266062130551e+03
3.076469212738891770e+02
8.835775075581761939e+02
3.082703167644478526e+03
5.275174108560655441e+03
1.170626334809329592e+03
5.584469829092541886e+02
2.112002528837586397e+03
nan
nan
3.660228750929398757e+03
9.894953078645910409e+02
nan
3.051475130915602222e+03
nan
6.904899448173551946e+02
5.591801484068496393e+03
4.363862890217105814e+03
nan
nan
2.524762850200612775e+03
1.463381053591245745e+03
nan
7.981642569772221805e+02
8.100071673597092740e+03
1.347037885633364112e+03
nan
9.506376471494728548e+02
3.070151231468567858e+03
nan
nan
2.224844142687501972e+03
6.340162803908946216e+02
3.373940037820435009e+03
6.657133378626888316e+02
1.638553820214999860e+03
nan
3.083564540999737801e+03
4.834647071627742321e+02
3.517033537838261964e+03
nan
nan
9.834093163103008237e+02
nan
2.511564238139915517e+02
nan
nan
7.520934774684917102e+03
nan
1.130925420347215777e+03
5.830419838320894996e+03
nan
nan
nan
nan
3.549038754886782954e+03
nan
nan
8.341861215264418661e+02
4.298719388586863715e+03
nan
3.069774018725380756e+03
nan
nan
nan
nan
nan
nan
2.017533377602616838e+03
5.294989698767130903e+03
nan
6.438308107439016794e+02
nan
9.474929975378568088e+02
nan
3.701564953723573126e+03
5.364712243868286350e+03
nan
nan
9.014800667520241404e+03
nan
5.493243531470196103e+03
nan
nan
nan
nan
1.541238539766807207e+03
2.405262422630816673e+03
nan
nan
nan
nan
1.109268285859233038e+04
nan
4.255884974404632999e+02
3.548168503433945716e+03
7.348835249888409180e+02
1.627214683952395490e+03
2.335130693984795016e+03
nan
1.668789685568365712e+03
nan
nan
nan
nan
9.836172506344007616e+02
nan
nan
nan
nan
2.716333931840528294e+03
3.959261147317412792e+02
9.454442181100892412e+03
nan
6.816181960990280686e+02
5.794365890396474242e+03
4.882046396798535170e+03
nan
5.930686496428575992e+03
2.660767249178762086e+03
nan
nan
1.707510752490715049e+03
1.043219626708631267e+03
nan
3.899016690707654107e+03
1.049831717695657062e+04
1.203315352784789638e+03
1.162717306091415821e+03
nan
nan
nan
nan
1.699336446107768325e+03
4.223459620577345959e+03
nan
6.354759579097551068e+03
7.042253599620248679e+02
6.612928938196469062e+02
nan
nan
4.401725787465956273e+03
nan
nan
nan
2.359931467817562861e+03
1.159327754591748544e+03
3.531808175406762075e+03
5.080319681294246038e+03
3.700343842747199233e+03
nan
nan
3.203391974838875740e+03
6.345870220682631043e+03
5.467840055258379834e+03
nan
nan
1.263580637587970386e+03
nan
5.845999956232483783e+03
nan
nan
1.851419431002941337e+03
1.034282677272760793e+03
nan
1.171569492731361606e+03
3.158303753062142277e+03
5.108989422605224604e+02
nan
nan
3.140631677458109607e+03
nan
nan
1.787941034950357107e+03
nan
2.011826047849386669e+03
4.732946688186073516e+03
nan
nan
nan
7.877940476666510676e+02
nan
nan
9.101009269079468140e+02
7.945530939972438318e+03
nan
4.121050293587370106e+03
2.034908211303519465e+03
7.597490159100136680e+02
nan
nan
nan
2.314623462094702973e+03
nan
nan
nan
nan
2.965382953141734106e+03
nan
2.409826683440538091e+03
3.448660840914294113e+03
nan
5.832091243770877327e+02
3.497279503582046345e+03
3.093327334888258520e+03
nan
1.355857788080063528e+03
3.164535535869813430e+02
3.319410199273281705e+03
nan
2.543362470916720667e+03
nan
4.426773721536794255e+03
7.827211059255685086e+02
4.922176535151471057e+02
2.768741293416211192e+03
nan
2.758592830914493788e+03
nan
4.785782039005969636e+03
1.932872652275543942e+03
1.152172908862477925e+03
nan
nan
nan
nan
8.273538411732238274e+02
nan
3.793615430703845277e+02
nan
nan
5.490039713034230999e+02
nan
nan
1.959682641873620696e+03
nan
2.922411511984258141e+03
1.409059179057350548e+03
4.511537419355905513e+03
nan
nan
nan
nan
1.981392214510293798e+03
1.017267142412171233e+04
2.482072609455996371e+03
3.984900921027437107e+03
4.258395585457188645e+03
8.898773887901534181e+02
nan
4.598955141647400524e+03
nan
2.205469459284550339e+03
4.910482023998876002e+02
2.166430460608053181e+03
1.035977746107970233e+04
2.134385470206162154e+03
4.541842933454543640e+02
2.107700548614055606e+03
2.385544461634319305e+03
nan
nan
1.956914773840814178e+03
nan
7.069721262890002436e+03
nan
1.155910932074267748e+03
nan
nan
8.963078269114882914e+02
1.597994832566411333e+03
nan
7.818247453583961033e+03
nan
nan
nan
nan
3.197336344804275541e+03
2.167075239784860514e+03
nan
1.710710634912182059e+03
nan
nan
nan
nan
3.204119281200743899e+03
1.592568601163444782e+03
5.437324191811071614e+03
nan
4.396872010060473258e+03
6.788294329379916235e+03
nan
nan
1.866801370842833421e+03
1.050175399878373810e+03
6.250920469494416238e+02
nan
1.052835772752128833e+03
nan
1.341459108668779436e+03
1.257066173931847698e+04
3.644629300705807509e+03
nan
nan
nan
nan
nan
1.118052141842712444e+03
3.779831486402232713e+03
5.653140692564276151e+02
nan
nan
2.300173678256702260e+03
nan
6.456349208167767983e+02
nan
1.645366045794049114e+03
nan
5.020221634395014007e+03
nan
nan
2.102627179320549658e+03
1.477286335616917540e+03
2.929301603803355192e+03
1.269057937803442201e+03
nan
3.938326687165669682e+03
nan
1.226190754669295529e+03
nan
4.088241782943655380e+03
nan
nan
2.201915449424058806e+03
1.519810666837995996e+03
3.808654940479004836e+03
nan
nan
1.605851471180647650e+03
nan
1.022398835907320290e+03
2.655697556129716759e+03
nan
3.969189809830149329e+02
nan
3.412417874110113644e+03
8.267686455742338012e+02
9.322874741277923931e+02
1.184843024452704867e+03
8.658928457391298252e+02
1.400437888905011505e+03
1.309445833191216025e+03
1.058245311912384750e+03
5.646975893776117346e+02
nan
3.399183804001596855e+03
nan
4.486635472382437911e+03
nan
2.377651674632417325e+03
2.557413485249100177e+03
nan
3.091119446226117816e+03
nan
nan
nan
2.379897669038037748e+03
nan
1.616446188747246197e+03
nan
nan
nan
1.635250358330971721e+03
1.715590781973714002e+03
8.652011626301743945e+02
1.482204370617706900e+03
1.440910272857514428e+03
nan
9.556851318084979994e+02
nan
nan
nan
8.987882293807175529e+02
1.164481340267708902e+03
1.781446029242081750e+03
2.409688164925980345e+03
8.790932466836386538e+02
1.241782729058922541e+03
1.015793799767187238e+03
nan
2.495230232723145036e+03
nan
2.658947802465884251e+02
nan
6.786260886483968306e+02
2.878781525868679182e+03
nan
nan
1.540512360851413405e+03
8.226154884167203818e+02
1.979362695967661011e+03
6.520408420322892198e+02
3.541300111755526245e+02
4.289177172208414959e+03
nan
nan
nan
2.283253264084398495e+02
nan
5.242135851651734811e+03
2.018455071827181882e+03
nan
4.364138110884372281e+02
1.195739842007863217e+03
1.992086035452923625e+03
9.087733502730982309e+02
nan
1.558984822190544037e+03
2.269787684083747990e+03
2.844052212959507870e+03
6.448804476975519719e+02
nan
nan
nan
nan
3.566875233481230225e+03
3.276712215097953504e+03
nan
8.894418565274810362e+02
nan
4.834647071627742321e+02
3.392472159651084894e+03
nan
nan
nan
nan
nan
2.806857022283353672e+03
5.453663108878895400e+03
1.488889089840364704e+03
nan
nan
1.410974911121788637e+03
9.571056341186418649e+03
3.751898170879662302e+03
nan
2.134385470206162154e+03
nan
nan
nan
nan
nan
1.888876654497664276e+03
3.235983814064418311e+03
nan
5.651884387017994413e+03
1.054052900334083006e+03
nan
8.159536218067746631e+02
9.001461584271132779e+02
2.347036042668918526e+03
3.592513614363709166e+03
nan
nan
nan
9.870424478606785215e+02
1.038672257367549491e+03
nan
nan
2.146924944948374559e+03
4.928426515672987080e+03
nan
nan
nan
4.332835993201216297e+03
nan
nan
nan
nan
1.317172770797943713e+03
nan
nan
2.263500066415381752e+03
nan
2.708195409390112673e+03
nan
nan
2.197264007032918016e+03
5.096931696313119573e+03
2.832999244732285661e+03
nan
5.083618957099046384e+03
6.056781352797200270e+03
nan
nan
nan
nan
1.548531125616305189e+03
5.494097809969765876e+03
1.412132370799571390e+03
nan
nan
1.384919145614965601e+03
1.364475536666769813e+03
nan
nan
1.455563535187756315e+03
8.026725989977542667e+03
2.152436470827436096e+03
4.649168907089960157e+03
nan
nan
nan
nan
1.054581725216286259e+03
7.091246242418438896e+02
2.861246045543566652e+02
4.890378073354992239e+02
nan
nan
6.435774612915453190e+02
8.755738730035576509e+02
1.587186386891301481e+03
2.674505648725130868e+03
nan
1.738756939916897409e+03
3.047433923640673584e+03
nan
nan
7.864936771494618597e+02
9.819252332316129923e+02
2.655314079944536729e+02
7.115569289125446630e+02
nan
nan
4.519280437481868830e+03
nan
nan
4.431353889596127374e+03
1.286533189387743050e+03
1.005563666644796513e+03
3.621056080804055455e+03
2.973356991814336197e+03
4.168885914483876149e+03
nan
nan
nan
nan
nan
nan
nan
nan
nan
nan
1.171859775395421366e+03
nan
2.269740445168942642e+03
5.814602126673160001e+02
nan
nan
nan
nan
1.830763268555207560e+03
7.209740161252328789e+02
1.833765760898491408e+03
nan
nan
3.235983814064418311e+03
1.594336497522315312e+03
nan
nan
4.774660867573666110e+03
2.992725139132155618e+03
nan
1.406479099074957048e+03
nan
nan
nan
nan
1.994995033592606660e+03
1.711661781856620564e+03
nan
2.072689314260206572e+02
nan
1.386089296328567571e+03
nan
nan
7.385337610124451203e+03
5.058295992826983820e+03
1.079189671881231106e+03
1.906054569688982383e+03
nan
nan
nan
nan
nan
nan
1.631148890035283785e+03
nan
nan
nan
1.200856183203861747e+03
nan
4.083149910216058743e+03
3.498955068270066704e+02
2.642867215216469049e+03
nan
1.999449488163605565e+03
nan
2.139118541589653887e+03
5.357536180460430160e+02
nan
nan
nan
nan
1.237540667599829931e+03
nan
1.318178422249070536e+03
1.978667271666812894e+03
nan
2.711863879584539973e+03
5.815943001457471837e+03
nan
1.578738278615365289e+03
1.162717306091415821e+03
2.523719320902696381e+03
6.731459943069397923e+03
1.215043923770097081e+03
1.376372563890673291e+03
1.908375561908696909e+03
nan
nan
nan
nan
3.322199684779041945e+03
nan
1.750885702779458370e+03
nan
nan
nan
nan
nan
nan
nan
3.333313599022273138e+03
nan
3.718623926693088379e+03
nan
nan
3.961620665151681806e+03
7.081972763524021275e+02
nan
nan
nan
nan
5.072311261489199751e+03
2.870704982060882685e+03
nan
7.174425571803499224e+02
nan
nan
2.394751691895068234e+03
nan
nan
nan
nan
2.365036714364483942e+03
9.901351149020503044e+02
nan
7.912820024696774226e+02
nan
nan
nan
5.689829261925434594e+02
3.412514884025465562e+03
nan
nan
nan
5.110396739403312495e+03
4.778618209238645250e+03
nan
1.568355684595370349e+03
3.924409798518795469e+02
nan
5.009746554023377598e+02
nan
3.980455961848406787e+03
nan
4.404705331361383287e+03
5.975563355109245549e+02
nan
7.132851920685664027e+02
3.416230908635223841e+03
nan
3.147482533645413241e+03
2.058015297958985229e+03
nan
nan
8.547621693782521106e+03
nan
nan
2.168551551699100855e+03
nan
nan
1.512817507550994833e+03
nan
1.515003086781544653e+03
2.798949685353047244e+03
nan
9.477209908393116393e+02
nan
7.997245605113484999e+02
nan
1.395109572808587927e+03
nan
nan
2.204102787773670116e+03
nan
nan
nan
nan
2.173186777011603681e+03
nan
5.084643901772229583e+03
1.987445347998240095e+03
2.325458769574998769e+03
5.984164289376274155e+02
nan
1.127320585873239224e+03
9.337186746085559435e+02
1.166261245893206251e+03
1.698340137992462587e+03
7.872528673369160970e+03
nan
nan
7.344421017132173120e+02
2.847398843655535984e+03
nan
7.581520236607292645e+03
2.765527207814908252e+03
1.363814084923569453e+03
nan
nan
nan
nan
3.634629132792145811e+03
nan
3.227746352360300989e+03
1.542410004831738433e+03
nan
2.430947847999473197e+03
4.345412948651096485e+03
nan
nan
2.150798434948739555e+02
nan
3.431431574435764560e+03
1.079161335011593565e+03
nan
nan
nan
1.549517346070103940e+03
8.111433922405274188e+02
3.656964417962290099e+03
4.681115438286432436e+03
nan
nan
2.334308393675632033e+03
4.929825787249579662e+03
nan
nan
nan
1.415938524500645599e+03
nan
nan
3.291611885938830255e+03
nan
nan
1.711465958299851764e+03
1.736030375567400142e+03
nan
nan
nan
nan
3.483326249098402968e+03
3.044777896986774977e+03
1.046549110690464659e+03
2.426123274126150136e+03
2.904559121260786014e+03
nan
2.111030777671862324e+03
3.412417874110113644e+03
1.845699487352805590e+03
nan
5.599225575509150985e+03
4.179331493692321601e+03
5.694346027372250319e+03
nan
nan
4.461928144731673456e+03
1.266659090205883558e+03
nan
nan
1.612980962525800578e+03
nan
nan
1.628239533704894257e+03
nan
1.425336066608098690e+03
5.239674111479882413e+03
nan
5.702520422544710073e+02
nan
nan
nan
2.753144185061950338e+03
nan
5.814752355148541938e+03
nan
1.531713759004063604e+03
nan
1.485903832892395712e+03
4.061913892514317922e+03
8.992956610798952397e+02
3.974479532896660658e+03
3.726921187574617761e+03
nan
2.810352840993190966e+03
nan
1.721689266284320638e+03
6.624023815838473865e+02
nan
nan
nan
8.553013542765662578e+02
nan
5.096156484475136494e+03
2.962619585658707365e+03
2.116255959326220363e+03
3.325894412582181758e+03
nan
nan
3.937637642160274027e+03
nan
2.075070914938380156e+03
2.238427330841999719e+03
8.836050581387567945e+03
nan
8.802957758396102008e+02
nan
1.611375351046584456e+03
nan
4.249523575338357091e+02
nan
2.778563788115575790e+03
nan
nan
1.370812972673899139e+03
nan
nan
nan
nan
3.048880939811830103e+03
nan
4.746488554967876553e+03
nan
2.607719340054978602e+03
