nan
5.624423641339835740e+03
nan
nan
nan
1.363948458604638063e+03
4.798042785903516233e+03
3.327685439122745720e+03
nan
2.930567625803840201e+03
nan
nan
nan
0.000000000000000000e+00
nan
7.925837640643053419e+02
nan
1.386972493116118130e+03
0.000000000000000000e+00
nan
nan
nan
nan
3.961328150702739777e+02
0.000000000000000000e+00
nan
1.386797539546657390e+03
nan
4.231872728756620461e-01
1.767898281938425953e+03
nan
7.999261332074202073e+02
nan
nan
1.597095183806383830e+03
9.131801773855903548e+02
nan
nan
nan
2.442522517779682403e+03
1.729452760136425404e-01
1.386981129468578501e+03
5.470686466638455814e-01
4.450880783499952486e+03
nan
nan
nan
2.056046186855358883e+03
nan
nan
0.000000000000000000e+00
2.668886409172506319e+03
0.000000000000000000e+00
nan
nan
nan
nan
2.360522843694877338e+03
1.386955209879540917e+03
nan
7.999261332074202073e+02
nan
nan
nan
nan
4.231959819534694689e-01
nan
7.926465600045630708e+02
5.514724769597253726e+03
3.961671060491001413e+02
0.000000000000000000e+00
3.790333492429496800e+03
nan
nan
1.740123853462936798e-01
5.360191467194338657e+03
2.068490816628866469e+03
4.623551738278109724e+02
1.072982589521046975e+03
nan
nan
2.309501241233140718e+03
nan
nan
nan
3.793207763198754947e+03
nan
nan
0.000000000000000000e+00
2.213501119256964012e+04
1.753797579343883695e-01
2.442344635002272753e+03
nan
1.752231408368403187e-01
nan
nan
1.042057433770449052e+03
1.190469354536124911e+03
4.084971935201720953e+03
0.000000000000000000e+00
nan
nan
0.000000000000000000e+00
0.000000000000000000e+00
nan
nan
1.386920680512889930e+03
1.385705242699957353e+03
7.833813697016129254e+02
0.000000000000000000e+00
nan
nan
nan
3.013523965755041900e+03
nan
5.362416174305628374e+03
nan
1.305905484401361036e+03
7.923817103574929206e+02
0.000000000000000000e+00
4.230754211857614688e-01
nan
nan
1.386749089777314339e+03
1.385891038755018144e+03
nan
nan
6.223945898503091485e+03
4.620828067846555882e+02
nan
nan
nan
0.000000000000000000e+00
1.072030527102200267e+03
nan
nan
nan
4.230499951346456400e-01
nan
0.000000000000000000e+00
1.739593413856287685e-01
nan
nan
1.386740554604964927e+03
nan
nan
9.234220928327800948e+02
1.386723485385824915e+03
nan
nan
nan
5.858722207766497377e+03
nan
nan
nan
1.205687187606207544e+03
nan
nan
0.000000000000000000e+00
7.632669852205796133e+02
nan
nan
nan
nan
nan
1.386624333235060931e+03
0.000000000000000000e+00
nan
nan
1.215780434925029340e+03
1.386347300881860747e+03
nan
1.573128019983208787e+03
5.528587930327939493e-01
nan
1.939331386370725113e+03
nan
nan
7.921833277027186568e+02
2.942334874479539849e+03
nan
nan
nan
nan
1.805728437440018153e-01
nan
nan
nan
0.000000000000000000e+00
nan
nan
9.060077582943597463e+02
9.086822702975401853e+02
nan
4.570459348331026295e-01
4.232047046790081701e-01
nan
nan
nan
1.955955416438326438e+03
6.930545343618052812e+02
3.107269551207118184e+03
1.805241647166755947e-01
nan
2.296649687839357739e+03
1.785488699662171330e-01
4.232573429571398482e-01
nan
0.000000000000000000e+00
nan
nan
2.497668408787229964e+03
1.096478027105445653e+04
nan
2.008353729518214550e+03
3.080776188958330749e+03
nan
nan
nan
1.844308336102091516e+03
1.767245259828928439e-01
nan
nan
2.937892970659778712e+03
4.728078933165395028e+03
nan
nan
7.927144117414929951e+02
2.979909912688197892e+03
nan
4.232221968647108534e-01
9.053425373409917256e+02
6.664209493070143253e+02
3.330222469630157320e+03
nan
nan
4.232134442672854657e-01
nan
nan
4.597779846206381249e-01
nan
0.000000000000000000e+00
nan
2.439708180078688201e+03
2.663553685806135491e+03
1.797560770476977268e+03
4.595479431021898820e-01
nan
nan
nan
3.050277849290837821e+03
nan
nan
nan
nan
nan
8.893483891481794217e+02
nan
2.003760935308241187e+03
1.762099954708089555e-01
2.441408068268253828e+03
nan
nan
nan
nan
nan
1.922755599088854524e+03
nan
nan
8.996178404819761454e+02
7.999261332074202073e+02
nan
1.765705186592624876e-01
7.923241044076627304e+02
nan
nan
nan
nan
nan
1.452927380082080617e+03
2.432324061502651148e+03
2.787681760303684769e+03
3.084946289919015499e+02
nan
4.364727044093023324e+03
6.486564354697195540e+02
nan
0.000000000000000000e+00
0.000000000000000000e+00
5.326216102380898519e+03
nan
nan
nan
2.371585995789164826e+03
1.743299273139802819e-01
1.588518877876304032e+03
nan
6.930397829115232753e+02
nan
nan
nan
4.751492124462465654e+03
nan
nan
nan
2.389679070959852197e+03
nan
nan
nan
1.386791822007120572e+03
nan
4.545933442438675229e+03
nan
nan
1.385921488406278058e+03
0.000000000000000000e+00
nan
2.375762416272519204e+03
2.773392281965479924e+03
2.670363131509283903e+03
2.698186949143926995e+03
nan
nan
nan
7.919556815430889856e+02
1.202184812665460868e+03
nan
1.386952319939331801e+03
nan
1.137691934600208697e+03
nan
nan
nan
2.708963781015017048e+03
nan
nan
1.922071842291495614e+03
1.358058286350835260e+03
3.517993208686591711e-01
1.386305999029277928e+03
nan
4.525127793900873257e+03
nan
nan
nan
nan
1.196581312584346051e+03
nan
8.938173489328687538e+02
1.581225405593876303e+03
4.590119094066720806e-01
9.151182790745734792e+02
nan
nan
0.000000000000000000e+00
nan
1.750662149760167652e-01
2.045848543350295586e+03
3.487654773213330062e-01
9.021294895246930992e+02
3.452429393412687659e+03
0.000000000000000000e+00
nan
nan
1.440381893452327631e+03
nan
4.621933309341461040e+02
nan
nan
3.516956514664106304e-01
nan
9.089983608210744706e+02
nan
nan
1.386697931444619826e+03
1.386854702610564800e+03
nan
nan
nan
1.645147202896439694e+03
nan
8.934665457276165625e+02
nan
1.595579889456045294e+03
4.746190252675319243e+03
nan
nan
nan
9.181465660852724113e+02
4.581216145054093913e-01
nan
1.386734867192710453e+03
nan
7.792038580723309451e+02
4.232450176109572859e-01
0.000000000000000000e+00
nan
nan
nan
1.727840674386279252e-01
1.429746039545500935e+03
5.624423641339835740e+03
nan
1.751185516802644948e-01
3.389516998060096739e+03
nan
nan
nan
4.545933442438675229e+03
nan
2.360670948055922054e+03
1.732667936326048042e-01
0.000000000000000000e+00
nan
0.000000000000000000e+00
2.309516250338539066e+03
nan
nan
0.000000000000000000e+00
0.000000000000000000e+00
0.000000000000000000e+00
2.661395875080475435e+03
2.496935854392410874e+03
1.521546469987390537e+03
nan
nan
nan
nan
nan
nan
nan
3.080420472878578494e+03
nan
nan
nan
nan
6.629118005423449631e+02
nan
nan
nan
nan
2.695733740007256529e+03
3.463195064661522826e-01
3.277449623671041991e+03
nan
nan
8.470662410642307805e+03
nan
4.737975366894394938e+03
4.231577680307021527e-01
2.402373733790674123e+03
1.064031599378352212e+03
nan
nan
2.701191735211378273e+03
6.663411902308375829e+02
1.741183655665962116e-01
3.961393741400111139e+02
1.797898495833949728e-01
0.000000000000000000e+00
4.230096352229931744e-01
1.781472558194841516e-01
9.039651829990369833e+02
1.740653880176617485e-01
nan
nan
1.735871291766581670e-01
0.000000000000000000e+00
nan
2.773289066241540240e+03
nan
7.835976109694246361e+02
1.163020736262713035e+04
0.000000000000000000e+00
nan
nan
4.232309633887728628e-01
2.701191735211378273e+03
nan
3.589829345397601628e+03
2.870149968611350232e+03
0.000000000000000000e+00
nan
1.800354805326470631e-01
2.456683714590838918e+03
nan
nan
5.341406601974646946e+03
1.610369017357901612e+03
7.917410541511492283e+02
0.000000000000000000e+00
0.000000000000000000e+00
nan
2.013548869792719415e+03
4.230516850260058748e-01
4.647297786081324375e+03
nan
nan
4.626028003999233533e+02
nan
2.261857506549219579e+03
nan
nan
8.824343431422084905e+03
nan
8.924339975209767317e+02
3.190499684677333335e+03
nan
nan
nan
nan
9.120688265025598866e+02
nan
nan
2.773792544479033495e+03
1.582695937232387678e+03
7.999261332074202073e+02
1.611055995408303488e+03
nan
nan
nan
nan
nan
nan
1.386064880885243383e+03
1.810577477886983200e-01
nan
9.043702376169737818e+02
nan
1.075525092150988939e+03
7.999261332074202073e+02
2.254246026257975700e+03
5.531132545920036669e-01
nan
nan
1.188688066528309491e+03
nan
1.798390398270440227e-01
nan
nan
nan
nan
6.932901380967992964e+02
3.961328150702739777e+02
nan
nan
nan
nan
1.515085023056058617e+03
nan
5.546901163254624407e+02
0.000000000000000000e+00
0.000000000000000000e+00
1.741713098925131431e-01
3.459978815059630008e-01
nan
9.247513672977562464e+02
nan
nan
nan
7.999261332074202073e+02
0.000000000000000000e+00
1.134204671058957865e+04
nan
nan
nan
1.386555011236468090e+03
0.000000000000000000e+00
5.168350012645661081e+03
nan
1.180915721192483261e+03
0.000000000000000000e+00
3.627902621195157051e-01
nan
2.672132567083126105e+03
2.278693388334337669e+03
nan
nan
4.232397422799478726e-01
1.714330030858168811e+03
nan
2.441509104814660986e+03
7.822670099902274160e+03
0.000000000000000000e+00
5.547238622357999702e+02
nan
nan
nan
nan
0.000000000000000000e+00
1.386303038870843011e+03
nan
4.444235484870110668e+03
1.769293920545755017e-01
8.636356824546215876e+02
nan
nan
0.000000000000000000e+00
nan
nan
nan
5.547618753108048395e+02
0.000000000000000000e+00
1.278189903957657634e+03
0.000000000000000000e+00
7.927308798136485848e+02
nan
nan
5.548193096246781124e+02
6.330546454045595965e+03
7.923226914054336021e+02
nan
nan
2.965609463238489752e+03
nan
1.790975253975400361e-01
7.999261332074202073e+02
nan
2.320845205880795675e+03
1.360978267350193164e+03
7.999261332074202073e+02
1.386465876765076018e+03
1.772866201971387834e-01
0.000000000000000000e+00
nan
nan
8.865768032580184581e+02
nan
nan
0.000000000000000000e+00
nan
0.000000000000000000e+00
0.000000000000000000e+00
nan
nan
nan
0.000000000000000000e+00
nan
nan
0.000000000000000000e+00
2.677353750068484715e+03
nan
2.776637279612472867e+03
1.745409649919719974e-01
0.000000000000000000e+00
nan
nan
nan
1.345125445689466460e+03
nan
4.243329202171481484e+03
nan
nan
2.782661609058987779e+03
nan
1.722445692114882021e-01
1.595953633544844024e+03
nan
1.192992715707541947e+03
2.395115181169643620e+03
3.330161765160874438e+03
nan
3.617669204114384684e+03
0.000000000000000000e+00
6.675242483607464692e+02
nan
1.355524176390911407e+03
nan
3.526635013319360041e+03
1.752231408368403187e-01
3.964521622847266826e+02
1.387012881418463621e+03
nan
1.386706445599017343e+03
5.624423641339835740e+03
2.053100451651773710e+03
5.543527906026367873e+02
1.756401279177452202e-01
nan
nan
7.999261332074202073e+02
nan
1.581305711321276476e+03
nan
4.568958381364663923e-01
nan
nan
0.000000000000000000e+00
nan
nan
4.911478739956856771e+03
nan
7.919403241253213537e+02
7.557756616919774615e+02
7.553632694555385569e+02
nan
nan
nan
nan
0.000000000000000000e+00
7.925620052753315576e+02
1.601529130298417158e+03
2.005282347518510733e+03
2.296649687839357739e+03
0.000000000000000000e+00
nan
2.705479465842661284e+03
nan
1.521134324487916956e+03
6.614645403554554832e+02
2.092483688931674351e+03
3.934326480588287723e+03
1.523022014837561301e+03
1.901973459747015340e+03
4.740665448177641338e+03
3.441641531806077237e-01
nan
nan
0.000000000000000000e+00
nan
4.625134894506790033e+02
nan
2.700770317578866980e+03
nan
nan
1.386483093017361398e+03
3.308845049898476191e+03
nan
7.674853553446993146e+02
nan
nan
nan
nan
5.500913728818997983e-01
0.000000000000000000e+00
nan
1.386732023780644795e+03
nan
nan
nan
nan
0.000000000000000000e+00
7.927275877570726834e+02
2.952411313640842309e+03
nan
0.000000000000000000e+00
2.937892970659778712e+03
nan
nan
1.742780361056955371e+03
2.365952181381773698e+03
2.760664905889523652e+03
nan
0.000000000000000000e+00
nan
8.946100143123628641e+02
6.675256746342299266e+03
3.651724415917727562e-01
nan
nan
nan
nan
nan
5.547645993818789520e+02
5.467363695452809313e-01
1.061372499301908420e+03
nan
nan
1.777940633177380048e-01
nan
0.000000000000000000e+00
nan
5.346440710487430806e+03
nan
1.386963849950985605e+03
nan
nan
2.319860757474510592e+03
2.086939024171412257e+03
5.953458004520691247e+03
4.569521721525789393e-01
nan
1.067609374044090600e+03
nan
1.386700780100212341e+03
nan
6.364851566764631571e+03
nan
nan
1.782478613780478227e-01
1.788984929314920980e-01
7.925168217381773275e+02
nan
2.903787077064206187e+03
4.160744803255158331e+03
nan
0.000000000000000000e+00
0.000000000000000000e+00
nan
4.160780184009660843e+03
nan
3.504462816736804154e-01
1.802802501274183566e-01
9.006203388864067847e+02
2.000337506997767832e+03
4.230941621972028055e-01
8.863229034654073075e+02
0.000000000000000000e+00
0.000000000000000000e+00
0.000000000000000000e+00
nan
0.000000000000000000e+00
nan
1.735338199547540594e-01
nan
1.201387280509899256e+03
3.278974878492265816e+03
nan
1.588518877876304032e+03
nan
nan
nan
2.398440324111214977e+03
nan
1.386351538332695327e+03
nan
nan
nan
0.000000000000000000e+00
1.778446167382420340e-01
4.796421870190377376e+03
1.790478222501388772e-01
2.318958269973658844e+03
nan
5.547031426361455715e+02
nan
nan
nan
3.176056224780778393e+03
1.578737616181908834e+03
1.386786116475107747e+03
0.000000000000000000e+00
1.914412624648691690e+03
1.201292443080229305e+03
1.720278521982945563e-01
nan
0.000000000000000000e+00
nan
4.230348127423588234e-01
nan
1.059578306561558747e+03
7.671445207200769119e+02
nan
nan
4.594235091010888117e-01
1.742770907708593442e-01
0.000000000000000000e+00
1.343093874617592519e+03
0.000000000000000000e+00
4.589218874251151381e-01
nan
nan
nan
1.386397188625088347e+03
nan
2.414651969619042575e+03
1.337318783731144322e+03
nan
0.000000000000000000e+00
1.201783840527113853e+03
1.386646954516240385e+03
3.889932000022303328e+03
nan
1.918696584869885555e+03
1.747514618792203323e-01
2.783392816649490669e+03
1.794541553119489890e+03
nan
nan
nan
1.016972927811903332e+03
2.775736086204765343e+03
1.732132940418990297e-01
nan
1.747514618792203323e-01
nan
4.230516850260058748e-01
3.316968876244874082e+03
nan
nan
nan
nan
nan
7.919968142643627971e+02
5.093000077241909821e+03
7.789845712391858115e+02
nan
nan
0.000000000000000000e+00
1.188303926213346813e+03
0.000000000000000000e+00
nan
1.523022014837561301e+03
nan
nan
nan
nan
nan
1.806701022898618836e-01
1.386806092376293464e+03
nan
4.186833446776239698e-01
3.659377628770518641e+03
nan
0.000000000000000000e+00
1.386857566374504586e+03
0.000000000000000000e+00
1.498804795797381757e+03
nan
nan
nan
1.797129743850553496e+03
1.656438007882092734e+03
nan
nan
1.552203401139254538e+03
5.548307623871794476e+02
nan
nan
nan
1.075918862615007811e+03
nan
nan
nan
nan
3.574664253182166703e+03
nan
nan
5.548555628860229945e+02
nan
1.465543589039094968e+03
nan
nan
6.709827960199677364e+02
3.632701621730594632e-01
0.000000000000000000e+00
nan
1.732667936326048042e-01
3.998607676288573657e+03
nan
nan
nan
nan
4.230669300650307663e-01
1.073011964181559733e+03
6.641155216258605378e+02
nan
nan
1.915626200788460437e+03
8.875359909507953944e+02
nan
nan
4.619834115750755359e+02
3.107269551207118184e+03
1.584762829890390776e+03
0.000000000000000000e+00
nan
nan
nan
nan
1.386624333235060931e+03
1.766218907285349582e-01
1.996615294321065221e+03
1.075243742162489525e+03
nan
nan
0.000000000000000000e+00
7.925297136148177515e+02
0.000000000000000000e+00
1.386013475276179634e+03
nan
1.386984013015435039e+03
2.059053952481578563e+03
nan
nan
0.000000000000000000e+00
0.000000000000000000e+00
1.148921737402155031e+03
3.842145882244842596e+03
nan
nan
0.000000000000000000e+00
5.624423641339835740e+03
nan
4.486387651278142584e+03
1.558031829598661034e+03
1.590613718324648289e+03
2.441029381381511939e+03
5.411244066422455944e+03
1.043473272220313447e+03
