nan
1.355264000000000000e+07
nan
nan
nan
1.330278400000000000e+07
2.048000000000000000e+03
3.349504000000000000e+07
nan
2.707046400000000000e+07
nan
nan
nan
nan
nan
3.414425600000000000e+07
nan
nan
2.840166400000000000e+07
nan
nan
nan
nan
4.947558400000000000e+07
2.861875200000000000e+07
nan
nan
nan
nan
3.558092800000000000e+07
nan
1.029094400000000000e+07
nan
nan
3.324313600000000000e+07
2.102067200000000000e+07
nan
nan
nan
3.320217600000000000e+07
nan
nan
4.011212800000000000e+07
2.640998400000000000e+07
nan
nan
nan
2.812723200000000000e+07
nan
nan
nan
0.000000000000000000e+00
nan
nan
nan
nan
nan
1.428070400000000000e+07
nan
nan
1.029094400000000000e+07
nan
nan
nan
nan
1.024000000000000000e+04
nan
4.105011200000000000e+07
6.885376000000000000e+06
4.700569600000000000e+07
nan
1.661132800000000000e+08
nan
nan
4.095385600000000000e+07
4.096000000000000000e+03
2.693939200000000000e+07
3.344281600000000000e+07
2.045132800000000000e+07
nan
nan
5.353472000000000000e+07
nan
nan
nan
3.446067200000000000e+07
nan
nan
4.188672000000000000e+07
2.802892800000000000e+07
4.097638400000000000e+07
3.325440000000000000e+07
nan
nan
nan
nan
4.648550400000000000e+07
5.976985600000000000e+07
3.472179200000000000e+07
3.984691200000000000e+07
nan
nan
3.970252800000000000e+07
4.191641600000000000e+07
nan
nan
nan
nan
3.308185600000000000e+07
nan
nan
nan
nan
1.335808000000000000e+07
nan
8.957747200000000000e+07
nan
3.558195200000000000e+07
4.045414400000000000e+07
nan
nan
nan
nan
nan
nan
nan
nan
2.009907200000000000e+07
3.447193600000000000e+07
nan
nan
nan
nan
2.077491200000000000e+07
nan
nan
nan
nan
nan
4.096000000000000000e+04
4.021350400000000000e+07
nan
nan
nan
nan
nan
2.646835200000000000e+07
nan
nan
nan
nan
1.408614400000000000e+07
nan
nan
nan
4.608204800000000000e+07
nan
nan
4.263526400000000000e+07
4.726169600000000000e+07
nan
nan
nan
nan
nan
nan
nan
nan
nan
3.294003200000000000e+07
nan
nan
3.290521600000000000e+07
4.053299200000000000e+07
nan
1.984512000000000000e+07
nan
nan
4.287590400000000000e+07
2.760294400000000000e+07
nan
nan
nan
nan
3.948953600000000000e+07
nan
nan
nan
nan
nan
nan
3.288780800000000000e+07
3.384320000000000000e+07
nan
4.197068800000000000e+07
nan
nan
nan
nan
1.984716800000000000e+07
5.288192000000000000e+07
4.079206400000000000e+07
3.944857600000000000e+07
nan
nan
3.986636800000000000e+07
4.096000000000000000e+03
nan
3.953664000000000000e+07
nan
nan
5.276057600000000000e+07
2.754355200000000000e+07
nan
3.339878400000000000e+07
3.540992000000000000e+07
nan
nan
nan
7.144960000000000000e+07
5.120000000000000000e+03
nan
nan
2.766438400000000000e+07
3.523133440000000000e+08
nan
nan
3.939225600000000000e+07
3.399065600000000000e+07
nan
2.048000000000000000e+03
2.057011200000000000e+07
3.877888000000000000e+06
1.976115200000000000e+07
nan
nan
4.271001600000000000e+07
nan
nan
4.019712000000000000e+07
nan
nan
nan
3.358310400000000000e+07
0.000000000000000000e+00
1.419980800000000000e+07
4.009472000000000000e+07
nan
nan
nan
1.174487040000000000e+08
nan
nan
nan
nan
nan
3.568640000000000000e+07
nan
3.410124800000000000e+07
4.032921600000000000e+07
2.655232000000000000e+07
nan
nan
nan
nan
nan
2.103910400000000000e+07
nan
nan
4.766105600000000000e+07
1.029094400000000000e+07
nan
4.097638400000000000e+07
4.009267200000000000e+07
nan
nan
nan
nan
nan
2.024755200000000000e+07
2.652262400000000000e+07
2.708992000000000000e+07
6.295142400000000000e+07
nan
2.729164800000000000e+07
4.918067200000000000e+07
nan
4.048998400000000000e+07
3.955712000000000000e+07
2.048000000000000000e+04
nan
nan
nan
1.391411200000000000e+07
nan
3.398860800000000000e+07
nan
1.356595200000000000e+07
nan
nan
nan
2.061107200000000000e+07
nan
nan
nan
4.167270400000000000e+07
nan
nan
nan
nan
nan
4.146995200000000000e+07
nan
nan
nan
4.251750400000000000e+07
nan
1.324851200000000000e+07
nan
2.048000000000000000e+03
4.096000000000000000e+03
nan
nan
nan
3.974656000000000000e+07
2.659123200000000000e+07
nan
nan
nan
5.646540800000000000e+07
nan
nan
nan
2.662400000000000000e+04
nan
nan
4.624435200000000000e+07
4.880998400000000000e+07
4.061081600000000000e+07
nan
nan
nan
nan
nan
nan
nan
2.864742400000000000e+07
nan
4.932096000000000000e+07
2.821324800000000000e+07
5.314150400000000000e+07
7.073177600000000000e+07
nan
nan
nan
nan
4.264652800000000000e+07
3.343769600000000000e+07
4.057088000000000000e+07
3.310592000000000000e+07
1.071129600000000000e+07
3.946803200000000000e+07
nan
nan
2.013696000000000000e+07
nan
3.354726400000000000e+07
nan
nan
4.118323200000000000e+07
nan
2.062131200000000000e+07
nan
nan
nan
nan
nan
nan
nan
2.644940800000000000e+07
nan
3.570483200000000000e+07
nan
9.111142400000000000e+07
1.984307200000000000e+07
nan
nan
nan
2.010828800000000000e+07
nan
nan
nan
nan
3.395276800000000000e+07
5.586944000000000000e+07
nan
nan
nan
nan
nan
2.035404800000000000e+07
1.355264000000000000e+07
nan
nan
9.306521600000000000e+07
nan
nan
nan
4.146995200000000000e+07
nan
2.663321600000000000e+07
1.126400000000000000e+04
5.120000000000000000e+03
nan
3.999129600000000000e+07
2.642329600000000000e+07
nan
nan
nan
4.074905600000000000e+07
4.009369600000000000e+07
6.144000000000000000e+03
1.967513600000000000e+07
4.063232000000000000e+07
nan
nan
nan
nan
nan
nan
nan
1.363148800000000000e+07
nan
nan
nan
nan
4.750745600000000000e+07
nan
nan
nan
nan
0.000000000000000000e+00
4.011315200000000000e+07
4.152115200000000000e+07
nan
nan
3.432857600000000000e+07
nan
1.312153600000000000e+07
nan
2.015232000000000000e+07
2.142617600000000000e+07
nan
nan
2.048000000000000000e+03
4.950323200000000000e+07
4.051660800000000000e+07
4.815257600000000000e+07
3.951155200000000000e+07
2.693120000000000000e+07
4.025446400000000000e+07
3.938406400000000000e+07
3.325849600000000000e+07
4.033740800000000000e+07
nan
nan
nan
nan
nan
nan
nan
3.307878400000000000e+07
1.389772800000000000e+07
3.974246400000000000e+07
nan
nan
0.000000000000000000e+00
1.105920000000000000e+05
nan
2.857267200000000000e+07
4.840652800000000000e+07
nan
nan
3.936256000000000000e+07
2.065203200000000000e+07
nan
nan
1.980620800000000000e+07
2.643148800000000000e+07
3.953561600000000000e+07
2.670387200000000000e+07
nan
nan
3.290726400000000000e+07
nan
2.140979200000000000e+07
nan
nan
3.284582400000000000e+07
nan
nan
nan
nan
2.765619200000000000e+07
nan
3.403161600000000000e+07
6.874726400000000000e+07
nan
nan
nan
nan
2.080768000000000000e+07
nan
nan
nan
3.289651200000000000e+07
1.029094400000000000e+07
7.664640000000000000e+07
nan
nan
nan
nan
nan
nan
nan
3.999180800000000000e+07
nan
3.286835200000000000e+07
nan
2.793984000000000000e+07
1.029094400000000000e+07
1.070489600000000000e+08
4.041523200000000000e+07
nan
nan
6.165299200000000000e+07
nan
4.027904000000000000e+07
nan
nan
nan
nan
5.686374400000000000e+07
4.947558400000000000e+07
nan
nan
nan
nan
3.547545600000000000e+07
nan
1.997926400000000000e+07
0.000000000000000000e+00
3.957760000000000000e+07
nan
4.003123200000000000e+07
nan
3.940556800000000000e+07
nan
nan
nan
1.029094400000000000e+07
nan
9.601433600000000000e+07
nan
nan
nan
nan
2.797158400000000000e+07
4.116480000000000000e+07
nan
1.345843200000000000e+07
2.781593600000000000e+07
4.001126400000000000e+07
nan
8.192000000000000000e+03
nan
nan
nan
nan
1.621176320000000000e+08
nan
3.339059200000000000e+07
3.426304000000000000e+07
3.481600000000000000e+04
2.012774400000000000e+07
nan
nan
nan
nan
3.978240000000000000e+07
nan
nan
2.679398400000000000e+07
6.144000000000000000e+03
1.762201600000000000e+08
nan
nan
4.055142400000000000e+07
nan
nan
nan
2.061107200000000000e+07
6.144000000000000000e+03
6.346137600000000000e+07
1.638400000000000000e+04
4.019712000000000000e+07
nan
nan
2.111897600000000000e+07
5.679104000000000000e+07
4.035993600000000000e+07
nan
nan
2.637004800000000000e+07
nan
4.037529600000000000e+07
1.029094400000000000e+07
nan
2.734387200000000000e+07
4.601958400000000000e+07
1.029094400000000000e+07
nan
4.085862400000000000e+07
nan
nan
nan
3.355443200000000000e+07
nan
nan
nan
nan
nan
4.051558400000000000e+07
nan
nan
nan
nan
nan
nan
4.107468800000000000e+07
1.228800000000000000e+04
nan
3.383705600000000000e+07
4.082380800000000000e+07
1.228800000000000000e+04
nan
nan
nan
1.359052800000000000e+07
nan
2.240499200000000000e+07
nan
nan
3.397632000000000000e+07
nan
nan
3.325337600000000000e+07
nan
2.735308800000000000e+07
4.946329600000000000e+07
2.030284800000000000e+07
nan
3.995238400000000000e+07
nan
4.979302400000000000e+07
nan
4.265779200000000000e+07
nan
5.425152000000000000e+07
3.997184000000000000e+07
4.652032000000000000e+07
nan
nan
nan
1.355264000000000000e+07
3.518668800000000000e+07
2.099712000000000000e+07
5.120000000000000000e+03
nan
nan
1.029094400000000000e+07
nan
2.713804800000000000e+07
nan
nan
nan
nan
nan
nan
nan
2.732032000000000000e+07
nan
3.951820800000000000e+07
8.444723200000000000e+07
3.536896000000000000e+07
nan
nan
nan
nan
nan
3.433881600000000000e+07
2.828697600000000000e+07
3.369164800000000000e+07
nan
nan
nan
2.048000000000000000e+03
nan
4.236902400000000000e+07
4.644659200000000000e+07
8.389836800000000000e+07
3.478835200000000000e+07
4.228096000000000000e+07
2.110668800000000000e+07
1.312153600000000000e+07
4.248780800000000000e+07
nan
nan
nan
nan
2.772275200000000000e+07
nan
0.000000000000000000e+00
nan
nan
nan
1.997107200000000000e+07
nan
4.842700800000000000e+07
nan
nan
nan
nan
8.359526400000000000e+07
2.707660800000000000e+07
nan
nan
nan
nan
nan
nan
4.243865600000000000e+07
3.949363200000000000e+07
6.304870400000000000e+07
nan
2.742681600000000000e+07
2.766438400000000000e+07
nan
nan
4.767948800000000000e+07
1.330278400000000000e+07
3.333529600000000000e+07
nan
nan
nan
3.544473600000000000e+07
1.328250880000000000e+08
3.961856000000000000e+07
nan
nan
nan
nan
nan
2.689228800000000000e+07
4.013158400000000000e+07
2.055168000000000000e+07
nan
nan
nan
nan
nan
nan
1.971865600000000000e+07
nan
nan
nan
nan
nan
1.129482240000000000e+08
2.017996800000000000e+07
4.222464000000000000e+07
nan
2.141388800000000000e+07
nan
nan
nan
2.072371200000000000e+07
nan
nan
4.003737600000000000e+07
3.945011200000000000e+07
4.049510400000000000e+07
nan
2.011750400000000000e+07
nan
nan
nan
nan
nan
nan
nan
4.101324800000000000e+07
3.955353600000000000e+07
4.655616000000000000e+07
1.984358400000000000e+07
3.978649600000000000e+07
3.481190400000000000e+07
4.184780800000000000e+07
2.457600000000000000e+04
nan
nan
nan
nan
4.041625600000000000e+07
nan
2.698240000000000000e+07
1.168629760000000000e+08
nan
3.398860800000000000e+07
nan
nan
nan
1.316249600000000000e+07
nan
nan
nan
nan
nan
2.652160000000000000e+07
3.976192000000000000e+07
2.048000000000000000e+03
3.940659200000000000e+07
2.734694400000000000e+07
nan
2.641100800000000000e+07
nan
nan
nan
2.866176000000000000e+07
3.409510400000000000e+07
nan
4.015206400000000000e+07
2.149068800000000000e+07
3.357696000000000000e+07
4.060876800000000000e+07
nan
1.024000000000000000e+04
nan
nan
nan
2.028953600000000000e+07
3.399065600000000000e+07
nan
nan
3.951052800000000000e+07
nan
4.189900800000000000e+07
1.428684800000000000e+07
0.000000000000000000e+00
4.047564800000000000e+07
nan
nan
nan
nan
nan
8.319795200000000000e+07
1.340416000000000000e+07
nan
2.691481600000000000e+07
3.310182400000000000e+07
nan
2.038374400000000000e+07
nan
2.646323200000000000e+07
4.272640000000000000e+07
3.395993600000000000e+07
6.977536000000000000e+06
nan
nan
nan
5.311283200000000000e+07
3.401113600000000000e+07
4.027392000000000000e+07
nan
nan
nan
nan
2.140774400000000000e+07
nan
nan
nan
nan
nan
4.033740800000000000e+07
2.059878400000000000e+07
2.634342400000000000e+07
nan
nan
4.015564800000000000e+07
5.491916800000000000e+07
4.093747200000000000e+07
nan
4.228096000000000000e+07
nan
nan
nan
nan
nan
3.940556800000000000e+07
nan
nan
4.003328000000000000e+07
1.339904000000000000e+07
nan
2.716467200000000000e+07
nan
2.657894400000000000e+07
4.669644800000000000e+07
nan
nan
nan
1.334476800000000000e+07
1.699594240000000000e+08
nan
nan
3.992678400000000000e+07
2.087936000000000000e+07
nan
nan
nan
2.063974400000000000e+07
nan
nan
nan
nan
1.322291200000000000e+07
nan
nan
2.785689600000000000e+07
nan
1.963008000000000000e+07
nan
nan
4.921548800000000000e+07
3.980595200000000000e+07
1.024000000000000000e+04
nan
nan
6.916505600000000000e+07
nan
nan
nan
nan
nan
2.114355200000000000e+07
4.883251200000000000e+07
nan
nan
2.003660800000000000e+07
2.631372800000000000e+07
nan
nan
3.329843200000000000e+07
4.071628800000000000e+07
3.363020800000000000e+07
4.278579200000000000e+07
nan
nan
nan
nan
nan
6.144000000000000000e+03
2.667110400000000000e+07
2.104320000000000000e+07
nan
nan
nan
3.318374400000000000e+07
6.144000000000000000e+03
nan
nan
nan
2.693939200000000000e+07
nan
nan
2.863104000000000000e+07
2.786304000000000000e+07
1.385779200000000000e+07
3.334758400000000000e+07
nan
nan
8.192000000000000000e+03
1.355264000000000000e+07
nan
5.516492800000000000e+07
3.987763200000000000e+07
2.854912000000000000e+07
2.656358400000000000e+07
1.228800000000000000e+04
3.297996800000000000e+07
