nan
1.390952061341800618e+04
4.268872406414728175e+03
nan
6.934381552423738867e+03
nan
4.398471127434799200e+03
nan
nan
nan
1.895638530081623321e+04
nan
nan
1.202315517029727562e+04
6.648554883668050024e+03
9.510444003319644253e+03
4.160204566294875804e+03
nan
9.050427916985085176e+03
nan
nan
nan
nan
8.565915406883521428e+03
nan
6.147157559081915679e+03
1.902522930933050520e+04
2.772407672716798970e+03
2.920622186816967769e+03
nan
nan
5.545316436916836210e+03
nan
2.773483937502935532e+03
9.179751573588462634e+03
9.492710022678827954e+03
3.326847840461433861e+03
4.877493257518969585e+03
2.772067852338238026e+03
nan
nan
6.719095430434983427e+03
nan
5.080538318255041304e+03
nan
nan
9.510184813738214871e+03
nan
7.778359747896463887e+03
nan
nan
9.706521959623834846e+03
4.160158080555232118e+03
nan
nan
nan
3.598713433735647868e+03
nan
3.325074230000620446e+03
nan
3.450072153967693885e+04
1.457905489656285499e+04
nan
nan
nan
5.621967712004313398e+03
1.109317164831363516e+04
nan
9.706377293674948305e+03
nan
6.117864984542618913e+03
5.313252773361406980e+03
5.546669963052477215e+03
nan
nan
nan
8.321541405005082197e+03
5.522859194390271114e+03
8.453130753036262831e+03
nan
8.319605453173317073e+03
1.998749275194486108e+04
nan
nan
nan
1.650902793558268968e+04
nan
1.180154599235770547e+04
1.064150221341115684e+04
1.083949655399921357e+04
nan
7.193893930396958240e+03
6.803757745240022814e+03
nan
nan
5.544849878753763733e+03
5.298715343592615682e+03
2.158634058340626143e+04
7.982632572613551019e+03
4.811339702752624362e+03
1.083324453572943276e+04
nan
nan
nan
nan
nan
nan
nan
8.366841982928415746e+03
nan
nan
nan
nan
4.639409536482156909e+03
nan
nan
nan
nan
8.086487776915419090e+03
7.166835563181942234e+03
1.435439278477516746e+04
nan
nan
1.377081288311178469e+04
nan
4.737467527620216060e+03
1.109317164692749429e+04
7.127378636493711383e+03
6.169371723876836768e+03
nan
nan
8.101638321684489711e+03
1.513704887608867830e+04
9.489271965649404592e+03
1.403871727006900437e+04
2.772443565216422485e+03
1.463538863909515203e+04
1.204976630595893039e+04
2.772808474938420204e+03
4.519722778301149447e+03
7.181707859257185191e+03
nan
nan
8.321023300968969124e+03
5.544037602128285471e+03
nan
1.109407140999392868e+04
nan
6.146514314633403956e+03
1.162852759242320826e+04
1.207139520303150857e+04
nan
nan
1.064410507342299570e+04
1.350159240744915223e+04
nan
5.996939764378722430e+03
2.051152757350011234e+04
5.543195689028269044e+03
nan
5.472803682320307416e+03
1.301833290646231399e+04
nan
nan
7.991889799338957346e+03
1.559820946664836811e+04
1.134605189575901568e+04
5.421483310852461727e+03
5.545561309147622524e+03
nan
1.160246997529350483e+04
2.772686287941987302e+03
9.093478135646359078e+03
nan
nan
5.570750893608905244e+03
nan
6.785744941491162535e+03
nan
nan
1.414306171822830584e+04
nan
6.357381835570683506e+03
1.990238696667602198e+04
nan
nan
nan
nan
7.790932719237650417e+03
nan
nan
1.109443856030150891e+04
1.543479781415998332e+04
8.411396228973762845e+03
1.113155778844090128e+04
nan
nan
nan
nan
nan
nan
6.930140043552088173e+03
1.205991995641016001e+04
nan
2.437622733913048705e+03
nan
2.402354538106042583e+03
8.411396228973762845e+03
8.089638726841724747e+03
1.203246859130074336e+04
nan
nan
2.039772044412201649e+04
nan
1.204844861284755825e+04
nan
nan
nan
nan
6.635271351054499064e+03
1.386274325490521915e+04
nan
nan
nan
nan
2.289408567138259605e+04
nan
9.546651239829650876e+03
1.085558008482774130e+04
2.772388704369312109e+03
1.109435716995670737e+04
9.475698704023870960e+03
nan
3.698166614884807132e+03
nan
nan
nan
8.411396228973762845e+03
9.030610125560035158e+03
2.097986124863366058e+04
nan
nan
nan
1.248206154735606651e+04
2.774092221397970206e+03
2.897789133175483585e+04
nan
3.012937906137596656e+03
2.445626023215578971e+04
1.465161878487788090e+04
nan
1.335616846234974037e+04
6.836080021391233458e+03
nan
nan
5.547849593084571097e+03
1.279046759257229678e+04
nan
1.449574755126602395e+04
2.009552061085748574e+04
1.068904788526094489e+04
1.207093148075769022e+04
nan
nan
nan
nan
2.772452255427099772e+03
9.703775542806863086e+03
nan
9.829567227995506983e+03
7.228813514596254208e+03
1.303564356959978795e+04
nan
nan
1.202733936348572206e+04
nan
nan
nan
1.278028021047961920e+04
1.067251690281628908e+04
8.663153463923874369e+03
1.624028862521565679e+04
5.768717520567221072e+03
nan
nan
9.395719012784848019e+03
1.898262152859443813e+04
1.652529003194683537e+04
nan
nan
1.327259787413421873e+04
nan
1.728325854375326162e+04
8.411396228973762845e+03
nan
1.160327350261415086e+04
4.407761316275929858e+03
8.411396228973762845e+03
6.934488525311051490e+03
9.527792201232516163e+03
9.222067028406163445e+03
nan
nan
3.323675329316179614e+03
nan
nan
5.546669963052477215e+03
nan
5.547265243964002366e+03
1.230392214319917912e+04
nan
nan
nan
5.544096869770342892e+03
nan
nan
9.475442547072812886e+03
1.338271539286918778e+04
nan
1.388095608455626279e+04
7.189478940635621257e+03
1.067251690281628908e+04
nan
nan
nan
5.958584580989421738e+03
nan
4.753619313702711224e+03
nan
nan
1.391111151852678449e+04
nan
8.321888119543189532e+03
1.364742998391569745e+04
nan
4.199239627319161627e+03
6.647400200253837284e+03
5.844687417772416666e+03
nan
1.286824605782217441e+04
5.545629609178160536e+03
8.916247184265243050e+03
nan
6.544235442959177817e+03
nan
1.062852608068449263e+04
2.773449818264200985e+03
1.061196099370514639e+04
6.934669982318735492e+03
nan
6.932728486929854625e+03
8.453130753036262831e+03
1.551299135976223624e+04
9.446728641910776787e+03
7.207600843108034496e+03
nan
nan
8.411396228973762845e+03
nan
1.085425645378298032e+04
nan
2.773715265826057021e+03
nan
nan
9.117731569474593925e+03
nan
nan
9.820051625932630486e+03
nan
8.910426818302114043e+03
4.790689431450376105e+03
1.995023472177626900e+04
nan
nan
nan
nan
5.543966772066386511e+03
2.318028061498712123e+04
6.201346608654199372e+03
1.153006850318038414e+04
1.148359799780189678e+04
5.547481833666286548e+03
nan
1.352432576551922648e+04
nan
1.083170868399031497e+04
1.969893114463367965e+04
3.474014017654329564e+03
1.966611366354826532e+04
5.760183032280493535e+03
5.349665741961965978e+03
4.740158510187602587e+03
7.149330806601567019e+03
nan
nan
5.545071564404459423e+03
nan
1.470318392456032961e+04
nan
8.099917824197273148e+03
nan
nan
4.160736184598888030e+03
5.833742383960881853e+03
nan
1.848074522989519028e+04
nan
nan
nan
nan
1.075191567049414334e+04
5.449792683037841925e+03
nan
6.933265329721676608e+03
nan
nan
nan
nan
7.153829546844108336e+03
3.566646610424864775e+03
1.011220377588822157e+04
nan
9.665143826921434083e+03
1.725364356087263150e+04
nan
nan
6.996112257198908992e+03
4.983309685863289815e+03
1.380101214081735270e+04
nan
5.544563035731105629e+03
nan
3.324940234561815032e+03
4.790647881743402831e+04
9.593468158039817354e+03
nan
nan
nan
nan
nan
1.149666509792791840e+04
7.165092519048342183e+03
5.865346217426538715e+03
nan
nan
8.318269902604441086e+03
nan
5.546875454814120531e+03
nan
9.325415785035282170e+03
nan
9.707981068757922912e+03
nan
nan
6.959051195422071942e+03
9.931190444298881630e+03
1.154916960830606331e+04
5.297365553412161717e+03
nan
1.497005903527391092e+04
nan
6.933123261390857806e+03
nan
1.088372387438234546e+04
nan
nan
2.772786220936654900e+03
2.772641998479129143e+03
8.833298351320576330e+03
nan
8.295592555348763199e+03
1.525501593814376429e+04
nan
5.547795896365186309e+03
5.546989878316700924e+03
nan
4.160780184009660843e+03
nan
9.502866260450997288e+03
2.772122473503235142e+03
6.301740478960728069e+03
3.840988185573141436e+03
2.772964735110236234e+03
2.432259631224310851e+03
2.773942082884954743e+03
1.065851777166334068e+04
5.545339339618414670e+03
nan
1.109329434596364808e+04
nan
7.172927136519225314e+03
nan
7.434770176032171548e+03
2.770258803780787639e+04
nan
1.827617849707019559e+04
nan
nan
nan
9.687329133351562632e+03
nan
9.707079632788969320e+03
nan
nan
nan
1.458853505790325653e+04
2.772452261129218186e+03
1.438784345207351726e+04
2.772608823435296472e+03
1.159290790175435359e+04
nan
5.705513522831935006e+03
nan
nan
nan
4.785991651282548446e+03
7.892097868460741665e+03
6.933550187291304610e+03
7.157663243095673351e+03
2.877416542991339611e+03
1.068902349527786464e+04
2.774138539053572913e+03
nan
1.444060322386657936e+04
nan
2.772575683325535465e+03
nan
2.395707571665163869e+03
9.900967022641028962e+03
nan
nan
2.772575689115049045e+03
4.568499609955624692e+03
5.318029393945771517e+03
4.028913469139270546e+03
1.077767907569212002e+04
1.202923244073988099e+04
nan
nan
nan
1.248108884759571993e+04
nan
1.158597902506090941e+04
3.650105700942197473e+03
nan
5.406610819033960070e+03
6.006670452858107637e+03
1.247907805908683440e+04
9.146252304565334271e+03
nan
1.151139227079414195e+04
7.192811406382927998e+03
1.391325651845549692e+04
2.404862486170883130e+03
nan
nan
nan
5.197583601776671458e+03
1.227916315294847482e+04
5.320266122584819641e+03
nan
8.320267853635717984e+03
nan
2.772686287941987302e+03
1.105007246618420868e+04
nan
nan
nan
nan
nan
7.869254641917425943e+03
1.101050685874433839e+04
5.599556483318761821e+03
nan
nan
5.501301040099820057e+03
1.670398667249484788e+04
1.202021209405906484e+04
nan
5.760183032280493535e+03
nan
nan
nan
nan
nan
2.772035145912534063e+03
6.934059024955855421e+03
nan
1.205684318836995953e+04
6.347330170436092885e+03
nan
7.210899500270320459e+03
1.248097481415504990e+04
1.206163272789007715e+04
1.096967368958798943e+04
nan
nan
nan
4.314548286474469933e+03
3.821908506852387654e+04
nan
nan
2.387581172574979973e+03
1.393243689081300545e+04
nan
nan
nan
5.962067224122295556e+03
nan
nan
nan
nan
3.574664253182166703e+03
nan
nan
5.632004898144175058e+03
nan
1.775502282249542986e+04
nan
nan
5.091607606038335689e+03
1.465340767766061617e+04
1.066067056152653640e+04
nan
8.320807018878531380e+03
1.500924076443204831e+04
nan
nan
nan
nan
5.545583552686364783e+03
1.506905520192349104e+04
5.649087192031444829e+03
nan
nan
1.277471093435164585e+04
5.141190594073266766e+03
nan
nan
5.685954101265339887e+03
2.578308442937505970e+04
7.924877664265013664e+03
7.179437674474523192e+03
nan
nan
nan
nan
4.159881474040877947e+03
7.223632488166709663e+03
1.622492510791903260e+04
4.963604966824761505e+03
nan
nan
4.635343626081422371e+03
9.449226334150382172e+03
1.893835934447607360e+04
6.929684934999429970e+03
nan
1.248211346603822676e+04
7.571762916696803586e+03
nan
nan
2.773015280412153970e+03
2.773622702688542176e+03
1.070502344902397999e+04
1.402995211096711682e+04
nan
nan
1.622317203503128985e+04
8.453130753036262831e+03
nan
1.581443590713918456e+04
5.816803686696748628e+03
5.307535785279826086e+03
7.893770035483380525e+03
1.623024170370423963e+04
1.368882654186512264e+04
nan
5.904460915370857947e+03
nan
nan
nan
nan
nan
nan
nan
nan
1.116738373445848629e+04
nan
6.933155533170181116e+03
1.227510242615236530e+04
nan
nan
nan
nan
1.259244534027492045e+04
5.543907100937214636e+03
7.237742203781579519e+03
nan
nan
6.934059024955855421e+03
7.255987468203375101e+03
nan
nan
1.234247509226031616e+04
5.544849878753763733e+03
nan
1.068433122194875978e+04
nan
nan
nan
nan
5.416086975464919306e+03
6.651414191025806758e+03
nan
6.933692975550867232e+03
nan
6.649608265648119414e+03
nan
nan
1.616543895728498501e+04
1.463915244460708527e+04
6.929874334054629799e+03
7.180732104884345972e+03
nan
nan
nan
nan
nan
nan
1.277674962327332287e+04
nan
nan
nan
6.515766856587993971e+03
nan
3.566498732032572207e+03
5.545071564404459423e+03
7.172168043215353464e+03
nan
5.462941752910443938e+03
nan
1.194151028304214742e+04
5.545652040118005061e+03
8.467791409452296648e+03
nan
nan
nan
1.166739936245887293e+04
nan
3.513245927500463949e+03
2.773540879500066694e+03
nan
1.005911447918347403e+04
1.099429407363659266e+04
nan
7.041201607641733972e+03
1.207093148075769022e+04
7.151196471664543424e+03
1.343535591039092287e+04
2.874619676842422905e+03
5.546910995244063997e+03
5.329778493480283942e+03
nan
nan
nan
nan
1.222924327373600681e+04
nan
1.444262272962363386e+04
nan
nan
nan
nan
8.411396228973762845e+03
nan
nan
9.205038111411380669e+03
nan
1.023176989719037738e+04
nan
8.411396228973762845e+03
1.023127892814628649e+04
1.109389998102973914e+04
nan
nan
nan
nan
1.596429649659604911e+04
9.513757767744787998e+03
nan
5.464110792878115717e+03
nan
nan
1.442190970863305665e+04
nan
nan
nan
nan
5.544075162667116274e+03
2.877760448272220856e+03
nan
5.411244066422455944e+03
nan
nan
nan
5.095992077179827902e+03
9.510699627502624935e+03
nan
nan
nan
1.205999113497635699e+04
1.475860711499835634e+04
nan
5.600043476539664880e+03
1.016537430310830860e+04
nan
1.461897113852050643e+04
nan
9.708323635308979647e+03
nan
1.308862560612595553e+04
9.486498242683017452e+03
nan
4.160891515297159458e+03
5.318177063867216020e+03
nan
7.162036769677956727e+03
1.431466877329433191e+04
nan
nan
3.072814242629455839e+04
nan
nan
9.707739197220796996e+03
nan
nan
2.773645821234384584e+03
nan
5.547047561488105202e+03
6.933692973359958160e+03
nan
5.473114094635239780e+03
nan
8.114022159120916513e+03
nan
4.160307036958936806e+03
nan
nan
6.974864658643575240e+03
nan
nan
nan
5.021706627483873490e+03
1.202923244073988099e+04
nan
1.538517108274380371e+04
7.948523882184683316e+03
5.399651788227171892e+03
1.598186280110480402e+04
nan
3.327331423574923065e+03
2.880625762140036841e+03
1.284405468922828004e+04
4.759931306293919988e+03
2.050094829747971744e+04
nan
nan
8.649296277430135888e+03
8.348567631597836225e+03
nan
2.532476732753273609e+04
1.925138445636487813e+04
6.929307960995578469e+03
nan
nan
nan
nan
1.067488247649814548e+04
nan
3.323675329316179614e+03
6.929066927167213180e+03
nan
7.212164539768485156e+03
1.200754549717142800e+04
nan
nan
1.525436645968780249e+04
nan
8.533209861649620507e+03
9.061541851798152493e+03
nan
nan
nan
2.772641998479129143e+03
9.465167984039619114e+03
1.082612385797061506e+04
1.469410139290347979e+04
nan
nan
8.421536094285116633e+03
1.229146663268402881e+04
nan
nan
nan
5.034221159355324744e+03
nan
nan
1.617880377026846872e+04
nan
nan
8.882915852151487343e+03
2.773588055178315699e+03
6.154659226344491799e+03
nan
8.411396228973762845e+03
nan
1.670176316554870937e+04
9.915660088452666969e+03
5.547104486637995251e+03
6.934756680540856905e+03
1.109476058464351991e+04
5.021706627483873490e+03
1.326697632777377112e+04
9.502866260450997288e+03
2.772002471720359154e+03
nan
1.379441797387063707e+04
8.421784920552576295e+03
7.172168043215353464e+03
nan
nan
9.555493727898900033e+03
9.038132229300435938e+03
nan
nan
5.755802435509641327e+03
nan
nan
2.773461188044791925e+03
nan
5.313031725377380099e+03
1.204844861284755825e+04
8.411396228973762845e+03
5.547449398865758667e+03
nan
nan
nan
7.239115136039251411e+03
nan
2.004647604129213141e+04
nan
4.019324276773588281e+03
nan
5.547842211939015215e+03
9.493094879084119384e+03
2.773049382810164389e+03
1.467595092561487400e+04
9.443187922391734901e+03
nan
8.310971270330597690e+03
nan
2.434160628436342904e+03
2.436290523416364522e+03
nan
nan
nan
1.129456288593682439e+04
nan
8.321333874162930442e+03
1.075809217527265537e+04
5.328591606597959071e+03
1.108978830116830068e+04
nan
nan
1.353018247792895454e+04
nan
7.940672103136949772e+03
5.013362019421188961e+03
3.114441399454081693e+04
nan
2.773186136890161833e+03
nan
2.773415728497911914e+03
nan
1.080903318003460117e+04
nan
9.477356208551223972e+03
nan
nan
5.295028650164575083e+03
nan
nan
nan
nan
1.665892657012840573e+04
nan
1.465376493749035399e+04
nan
6.934160110471657390e+03
