2.269170754599645534e+03
5.985822877736740338e+03
4.197865946558290489e+03
1.871518299855678379e+03
5.707200133212054425e+03
5.810976037293368790e+03
6.067243703506778729e+02
1.954885019757349937e+03
1.958116092178061535e+03
1.732627200706368058e+03
3.291113450050938809e+03
3.326132144352967771e+03
6.196983082000102513e+03
2.512884973953147892e+03
4.472761628585609287e+03
1.844313771814835263e+03
8.197784947237080360e+02
3.710739991641764846e+03
1.621560744784841972e+03
1.251643170408001879e+03
7.823915264796866609e+01
2.016515703858428424e+03
6.035576195428110623e+03
9.538272523409654241e+03
3.854839600365621095e+02
6.073441774455131963e+03
1.358038865584809173e+03
1.181992423255706171e+03
1.450941678539882105e+03
2.474705663735677263e+03
2.050027747656483825e+03
1.206625612356910096e+03
1.696515995609022184e+03
4.389362705564043608e+03
3.575264205250864507e+03
2.694255850261811702e+03
4.845164534658407320e+03
7.679328542099938204e+03
3.393159249155590715e+03
7.532230201552963081e+03
8.698616230680081571e+03
1.115338537991734120e+04
4.852421461851270578e+03
1.084344353058684646e+03
2.462438439085489790e+03
1.632385395978026509e+03
3.165374052122790999e+03
1.386914623812734862e+04
1.511899815537713494e+03
6.281001436287440811e+03
1.539650059245028842e+03
7.325996426177474632e+02
2.454188686882105685e+03
1.237890115458118089e+04
1.766323625439632224e+03
1.469939028028077882e+04
1.793677532231634132e+03
3.292509372348351917e+03
7.972247787345178267e+02
2.023238137184819834e+03
2.532798870203851038e+03
1.726951158192335697e+03
4.518376230993767422e+03
2.019605207127964150e+03
1.279974035537309192e+03
6.428643488678124413e+03
1.150140598870053282e+03
1.555656723677333048e+03
1.927303938721013537e+03
2.171341890380204404e+03
8.072228841867694427e+03
8.900021700407369281e+02
9.881829994171190492e+02
5.275967885665693757e+03
3.728802004699064128e+03
1.142839701529733611e+04
2.372299573015894566e+03
2.691398502043575263e+03
1.769407737621020033e+03
5.639351568058037856e+02
4.119610629701156540e+03
4.161578402929711046e+03
3.520973655461031285e+03
5.114426232347543191e+03
1.948151017104016773e+03
6.269807615152404651e+03
2.158496435242084388e+01
4.462133166278886165e+03
1.756108795651491164e+03
1.213315064987601772e+03
2.435495154967758936e+03
3.122355076170329085e+03
1.211680053942747145e+04
1.285231795878851699e+04
2.390769493935843457e+03
2.062297596040397821e+03
2.570641971162378923e+03
6.179058200428068631e+03
2.055118230845748712e+03
4.131527028922977820e+02
1.741947169736355363e+03
8.327239991251772153e+03
1.132090338191811270e+03
6.207470061792674869e+02
7.297616950328672374e+02
1.804970111482414040e+03
5.842703183747576986e+03
1.554777216507570847e+04
2.175239107221931135e+03
1.888139521969581665e+03
4.065765455622175068e+03
3.467183149188758307e+03
1.782609160433371244e+03
9.352961800208360728e+03
4.042101888001089264e+03
5.032063185909460117e+03
7.060424438439498545e+02
1.063852352951023204e+04
5.319209637611018479e+03
8.497052419708380739e+02
1.533445972271348865e+03
1.763064911592022099e+03
2.097008686048911841e+03
4.775199682137101263e+03
1.533855087780722215e+03
3.398142047577360245e+03
4.231829674029974740e+03
1.027915851732970168e+03
4.983349352657050076e+03
3.988454277119164544e+03
1.350340158715076086e+03
8.538627859895781512e+03
8.655675977957610030e+02
1.545614869558604187e+04
6.756834150702391071e+02
2.899039139866879395e+03
2.650502526833106458e+03
4.145513325494001947e+03
1.582065237384764941e+03
2.462035153327441549e+03
2.891292557936762023e+03
4.529418030297374571e+03
3.334021894418807278e+03
3.966160339239471341e+03
1.369620382506605665e+03
2.431963594017179275e+03
2.125030746327338875e+03
4.426556413237260131e+03
6.763321921543393728e+03
8.291573654979341882e+03
1.427249175007561234e+03
8.052479687828752503e+03
2.318936902554070002e+03
1.035485250088543808e+03
3.012605248242458401e+03
1.353901944936521886e+03
8.191282572409427303e+02
6.217745640249883081e+02
1.214909592154247321e+03
3.779252824240494192e+03
9.758158165448230648e+02
2.323435934264713524e+03
1.365220693174128428e+03
4.581896733647083238e+03
1.907678034277684219e+03
1.623914260348745074e+03
8.937074133098760285e+03
7.893201106959172648e+03
1.426915629561692867e+03
6.020667687103677054e+03
2.028422399074859868e+03
2.449972089571132074e+03
2.640049574192710224e+03
6.761046489462634781e+03
2.496023254967563844e+03
7.392439861032201406e+03
5.245090614939834268e+03
9.419035273555134609e+02
4.423512887504401078e+03
2.993467639941122798e+03
1.031233234772669675e+04
6.329445617296388264e+03
4.030828528281573199e+03
6.145838742589339745e+03
3.056162530310878537e+03
1.404317578060162305e+03
nan
1.775128361227504001e+03
1.376345574820066759e+03
9.637122704927597852e+02
1.314668449137457719e+04
4.878106651223330118e+03
1.342388189434001333e+03
1.490746997061568254e+04
1.662726835463210136e+03
2.441736285573968871e+03
1.680346216698668968e+03
8.276270748114558955e+03
3.051843276767888256e+03
4.143760799577434227e+03
5.326992999815360008e+02
4.926512959580441930e+03
1.941096836436297053e+03
1.704424139473384230e+03
6.328819978704133064e+03
1.181410448080280275e+02
3.041364532860533927e+03
2.426036994448560563e+03
1.294499884498163283e+03
3.074513140213180577e+03
1.777516109733348230e+03
5.762038027445746593e+02
2.374823204878121487e+03
1.826941990157758028e+03
4.965547972932844459e+03
5.464865237054072168e+03
1.011934915573515354e+03
2.978753379941610092e+03
4.497152891803290913e+03
1.833403910138431229e+03
5.941437934388979556e+03
6.243020387717766653e+02
2.565470860773654294e+03
9.244093972806637112e+02
2.761267956940364456e+03
1.029167744621300153e+04
7.411348275477987954e+03
1.476112871850318015e+03
2.040001290283666322e+03
8.255279296541823442e+02
2.241531664785675730e+03
1.666419639828113759e+03
4.803062377995119277e+03
1.591029553384234532e+03
2.661835864510143438e+03
1.450170104061208349e+03
7.316811031551400220e+02
2.138107613297073840e+03
1.381656004034682155e+03
2.063217927902055635e+03
7.137357649700016736e+03
2.225763622300301449e+03
4.276312073157053419e+03
5.069087160801094569e+02
2.638345663841172154e+03
1.591811724821761118e+03
4.306296250526149379e+03
6.499760267798480527e+03
2.944443779040585923e+03
1.377608195750205823e+03
2.765493742718236263e+03
2.078914145287587871e+03
7.370090815066270807e+03
2.315435642249155717e+04
7.132189807453133881e+02
6.586189419122327990e+02
3.250707698230285132e+03
3.912777342407854576e+03
6.450483249252112728e+03
6.864209817518300042e+03
3.563250827754399779e+03
1.718651232254412662e+03
4.378764578767965759e+03
9.352961800208360728e+03
2.640237990180448833e+03
5.636493311483458456e+03
6.513447182368723588e+03
1.064277549339012694e+03
4.504511619907492786e+03
1.425483546393866891e+04
1.124187214305812176e+03
4.958368156268779785e+03
3.058552438178166085e+03
3.472798117228340288e+03
2.207182825137458622e+03
1.050256301868468881e+03
2.063110341799334037e+03
2.890197396619518713e+03
5.005899737068926697e+03
2.381742111509639471e+03
3.521065388180839818e+03
1.611113946307382093e+03
2.269527870086169969e+03
5.220128786574681499e+02
3.556128168158632434e+03
8.246167909324965876e+03
4.175954210717375190e+02
8.139051146949121176e+03
2.874246049572541324e+03
3.304563070678949316e+03
1.639890486280183950e+03
8.039152867219876498e+03
3.072902161472895386e+03
3.791617149833167787e+03
6.830029359232523348e+03
4.215822367597199445e+03
4.682796122873801323e+03
2.040147260847752477e+03
7.128281572576681356e+03
5.877275863353726891e+03
4.501162297898878933e+03
2.345249332778488224e+03
6.324473573184361157e+03
2.295767304890007381e+03
1.676752753647861027e+03
1.518305706959634108e+03
2.716606155128088176e+03
1.133539280332776798e+04
9.896676357719917405e+02
2.605291591579789838e+03
3.733791097920399352e+03
5.582253802724696470e+03
2.836088709828680294e+03
4.864059523295599320e+03
1.975909151389131466e+02
9.237945652229520874e+02
6.863866519241891183e+03
3.427701178330898415e+02
3.890529749103944141e+03
3.532578957885546515e+03
6.567066512912258531e+02
2.316083851153533487e+03
7.645179689870396942e+03
3.158144631024290447e+03
2.223346219452133937e+03
2.082231472180680612e+03
2.513025858312991659e+03
9.553513463635533753e+02
1.505005811660475501e+03
2.877556534140278927e+03
8.884918833554731464e+03
5.842395339527976830e+03
4.411512978603239389e+03
2.439269394629651742e+03
2.532414218853257353e+03
5.109185274944034973e+03
1.056862060419151248e+03
1.670904279147724765e+03
2.922737980226774653e+03
8.965346968694459520e+02
2.029058798524624763e+03
2.650599766958462624e+03
1.010550148661577623e+03
8.920720094298290860e+03
3.386221418098210961e+03
4.182677380232994437e+03
9.241832000418598909e+03
1.498338861846162035e+04
1.550198234168739191e+03
4.323567716820879468e+03
3.087598061395775062e+02
3.439117204606102405e+03
3.134358233462098724e+03
3.274228263118013274e+03
1.392899256686216177e+03
3.133380996862083521e+03
1.296925980142493245e+03
1.786943156742526071e+03
4.820538969605250713e+03
5.940165149363210730e+03
2.770756202915412814e+03
1.732960437952043776e+03
4.937252346312632653e+03
4.054883698035856469e+03
5.059501301929080000e+03
2.452686436023639999e+03
2.241547975709620005e+03
3.301790571253195139e+03
7.637845884161090908e+03
4.712358766451764495e+03
1.181410448080280275e+02
7.197586553320948951e+03
4.059241910916626239e+03
4.073541956197483614e+03
1.806752034035534962e+03
1.938697296152967510e+03
1.716059553012785727e+03
2.052248200016081682e+03
1.013413342741485621e+03
1.785498905220206325e+03
3.004897408389211705e+03
2.052094702176772898e+03
1.303922206769525292e+04
2.249929410887572431e+03
1.808766246054109615e+03
2.318694764063252933e+03
2.926552734090244485e+03
1.300038794896632908e+03
4.337867264677808635e+03
9.444292976110173186e+03
3.272465736929676950e+03
4.524856130209122966e+03
3.639634275942965814e+03
8.519541491998388665e+02
3.787953318042874344e+03
3.969316170319209050e+03
7.994770501564548795e+03
3.249420626063868895e+03
2.279712240147518514e+03
1.972864352993176908e+03
1.228253558536413266e+03
3.670591179370199370e+03
9.393570221468376076e+02
8.581444109773681703e+03
7.096029686485180719e+03
2.076173835180102742e+03
5.735626452958469599e+03
2.603604242625799088e+03
2.128194442650030396e+03
1.736138403676732651e+03
2.601190029822834049e+02
9.880819411722741279e+02
1.906845653813885747e+03
9.961879366921261862e+02
8.530657373973348513e+03
1.540042201508606468e+03
5.985279302263685167e+03
3.178935791978977250e+03
3.997861117358757838e+03
4.728056526734473664e+03
4.228180322082645262e+02
9.326269358331794592e+02
2.070367111321114407e+03
4.670577312484801041e+03
1.628892501272422351e+03
3.745865745489482492e+02
6.593679025512523367e+03
5.350581536136080103e+03
1.516738589750544406e+03
2.751037737190872122e+03
3.696606003193939614e+03
3.127499619685332618e+03
6.672812871921554461e+02
8.239373568569866620e+03
2.706025120250621967e+03
7.587338151580931481e+03
1.472229958961107741e+03
9.514011679604378514e+03
2.288110540658703940e+03
4.754822380346698083e+03
3.744842650691457948e+03
2.368761735610285996e+03
1.196572874809457426e+04
9.612388055152243396e+03
3.568521732627592428e+03
3.359738896158831722e+03
2.755056746629866211e+03
7.006863634367026862e+03
4.678114870007817444e+03
5.745094087200902322e+03
4.178112967790597395e+03
2.464133130831637573e+03
1.645926091957062681e+03
2.464195469097389832e+03
4.166233140289533367e+03
1.024667654768763532e+04
5.543058623421147786e+02
5.608863010139752078e+03
2.402020340262270565e+03
1.492858059388872334e+03
2.359826438329726443e+03
2.097227734766537196e+03
4.029250564371699511e+03
4.648792738735151033e+03
1.989843877127568703e+03
2.748900214620686711e+03
9.605308942440204873e+02
4.269091008321049230e+03
1.990800180707998152e+03
9.939846194242065394e+03
4.943261149554759868e+03
1.896720475162222556e+03
2.419029959546210648e+03
2.743681149820361316e+04
1.436348872174064581e+03
3.266988339033455304e+03
1.182355991994238366e+03
6.263620137165389679e+02
1.608118742671184236e+03
5.800136768535101510e+03
3.239721142644310930e+03
2.941031259123107020e+02
3.107083509236915688e+03
7.710391051417906965e+03
2.698085882830782793e+03
3.980534567498873457e+03
1.413610588461196130e+03
2.587348375122715424e+03
1.824802657022763924e+03
3.352166228684021917e+03
1.060410052908186344e+03
1.516146693377242173e+03
2.729410251292371868e+03
8.692426382070440013e+03
1.845711464337178995e+03
1.052308296739709476e+03
1.974717616789027716e+03
1.018955058715469477e+03
1.950061583016483837e+03
1.853124262832873683e+03
4.786741165135619667e+03
1.266015306323148934e+03
5.040731704841223291e+03
1.425946670162570399e+03
7.231251083449418729e+03
9.791951039021082579e+02
4.036300323747734183e+03
2.079802876928951719e+03
1.453466890730616433e+04
1.123204031853316792e+03
1.443932722198030888e+03
8.225623539284620165e+02
7.905177412249973941e+02
1.780871448577673164e+03
9.086801026910101427e+03
5.600200256684710439e+03
4.187410636618809804e+03
5.554905965255644333e+03
9.730917668258482081e+03
2.395775024806466263e+03
1.228182669799846053e+03
1.741462145421482546e+03
1.286101121296931751e+03
7.204051010501058272e+02
6.957822429349487265e+02
2.483097624033759985e+03
3.044902060288457619e+02
1.044000886841496367e+03
3.605535503818182406e+03
5.236813819404994319e+03
1.199158748353213923e+03
1.390470767163375285e+03
6.466595764189946749e+03
1.438411652708221254e+03
3.027097006658188548e+03
1.162293718238994370e+04
8.073363006824577496e+03
4.140550532736839955e+02
3.012788343987059761e+03
6.231569542758157695e+03
3.559860121775826883e+03
1.372449377693459837e+03
8.191895613767612758e+02
4.073401842365827179e+03
4.846417955213622918e+03
2.232350718290013447e+03
2.592529959295623485e+03
1.462295107559107237e+03
4.441888556051338128e+03
2.455019514917728884e+03
3.899506390778641617e+03
3.593860776996039931e+03
2.122832086408135183e+03
4.312818217993039070e+03
1.420412670704648917e+03
2.493542296950202854e+03
2.339921319378258886e+03
6.033945668741573172e+03
8.407314897551908871e+03
4.979087116826923193e+03
1.052556478968725060e+03
1.572585301557610137e+03
2.128719907884484201e+03
2.585169830735504001e+04
3.870432698579955286e+03
2.883075935344257687e+03
2.044195979818254273e+04
2.014878403769519082e+03
2.410226970422397699e+03
2.666663920690704344e+03
2.337131054839111584e+03
1.605463014376629189e+03
4.491962542392573596e+03
7.337488487692759236e+02
4.530288309074126119e+03
3.922609389837419712e+03
9.049653625433280467e+03
1.455812208258400005e+03
3.251574848290748832e+03
5.255681065090708444e+02
1.884206657783891615e+03
1.321818526620167859e+03
1.820768882080120193e+03
5.273365244180228729e+03
8.768766625268341159e+03
3.973940425497647084e+03
3.963137948696246440e+03
3.575264205250864507e+03
4.143191140849397016e+03
3.169835982410742417e+03
8.491724350420241535e+03
3.343374738306559721e+03
2.327352719519407856e+03
4.831818464616173401e+02
5.297151793545911460e+03
4.004741853828958483e+03
1.833587990419497828e+03
1.828552048585116836e+03
3.499728076304168098e+03
4.012165103474823809e+03
1.436109005855724035e+03
7.141403992829049230e+02
6.243138749731068856e+03
1.425693037805217728e+03
1.607469877051107972e+02
1.395826197313943339e+03
1.507588550824599452e+03
2.645252101239030708e+03
1.164520159369834573e+03
1.303990967241465569e+03
2.081915572525675998e+03
6.000333961003708509e+02
3.077773441802154593e+03
7.671670436483166213e+02
2.066091784423937042e+03
2.315784760201735025e+03
4.873627938208694104e+03
2.368531772654241649e+03
2.456886563890509478e+03
3.660374612924642861e+03
4.201196590522087718e+03
1.589873676525889550e+03
1.197979435134009691e+03
7.745428843396340199e+03
4.326303963156261489e+03
3.048792467331521948e+03
1.273147524280309199e+03
3.756785621406207156e+03
3.583543020255360716e+03
6.950516265839265770e+02
2.869547930000419910e+03
3.845650362364400280e+03
1.149883147124417519e+03
2.483809937826919850e+03
2.322570269209743128e+04
1.560996546567532278e+03
1.564050575684626165e+04
1.124693338789397058e+04
5.859147896740944816e+03
1.148507299777311800e+03
3.062191045089799900e+03
6.352351152868741337e+03
2.475003039303984406e+04
2.028687612152687052e+03
5.582986959134561403e+03
3.487331143011926542e+03
1.417410826970987364e+04
2.818656652153751565e+03
1.646583269365305568e+03
1.403118524192366522e+03
2.436968845365900052e+03
2.202566803346451252e+03
3.459006499341382096e+03
5.191045912895232505e+03
6.578243637885282624e+03
2.188021773938677597e+03
4.924663988473214886e+03
2.958047043561628925e+03
6.864003228653440601e+03
2.663384485208113347e+03
3.136990746100957949e+03
6.233204067749806200e+03
2.025984998785603466e+03
1.153621341897711545e+03
5.274297004644910885e+03
2.431681246902780458e+03
6.567066512912258531e+02
2.409218285589234256e+03
3.874497677576304341e+03
1.693739067796780091e+03
1.381518836847576040e+03
3.250152716814983251e+03
2.984283524493913319e+03
2.841329349191440997e+03
1.778824268666664284e+04
4.853914251906796380e+03
7.023681633668983523e+03
5.404625507105517499e+03
1.436214304709098724e+04
2.146742226604713323e+03
3.874449412329630832e+03
3.420412428658911722e+03
2.922292285691510187e+03
3.396841462832088837e+03
1.521159598883288709e+03
1.395044252680494083e+03
2.715254411060519033e+03
5.171774425204233694e+02
4.819328218330822438e+02
1.997613263095061484e+04
1.714701589329937997e+04
1.563035004246304652e+03
7.526269625741575510e+03
3.260263167499775227e+04
8.191895613767612758e+02
4.384373189024881867e+03
1.692862307308206937e+03
2.768731105380632016e+03
4.704990942904818212e+02
1.196708289580634300e+04
3.577790845968007488e+03
1.214993570780639629e+03
5.963265433534864997e+02
7.591792528255773504e+02
1.413501917425894590e+03
2.103798986384871569e+03
3.235402985488551167e+03
3.218392267676172196e+03
2.267499692921861879e+03
4.237361054175838945e+03
7.595523919852636936e+03
6.704803193402078250e+03
3.343374742829372735e+03
3.382020306421137320e+03
3.765462358915026925e+03
1.436382274422353248e+03
7.152622580077311795e+03
3.639231009910296507e+03
6.410739766274555222e+03
6.598338974644189875e+03
3.154736208969988184e+03
3.473857469040389333e+03
6.685111392751867243e+03
1.342143595485951482e+04
1.451816729492229342e+03
1.902216086373800181e+03
2.590338402394608238e+03
7.532122946789766502e+03
2.000776933535574790e+04
2.901986648382769545e+03
2.197440429837835381e+03
3.809973450631615378e+03
4.530407625460591589e+03
3.880331872729803308e+03
3.334589608403851798e+03
2.644923891531769186e+03
7.581165244166382990e+02
4.080122400097453919e+03
7.892210313980568571e+03
7.865124384511989319e+01
3.457543757868714692e+03
1.313424137003099304e+03
2.087328339273907659e+03
2.916669765611231014e+03
2.034444757004099529e+03
9.000083130203936435e+02
1.090165971396867462e+03
5.797117374075562111e+03
6.967718670188449323e+03
1.145046569594349603e+04
3.089281003210279778e+03
3.584649770567557425e+03
7.581165244166382990e+02
3.536820414718948996e+03
5.717221202863859162e+02
7.897508765036095610e+03
2.183657665807300418e+03
1.323616087409716783e+03
2.573009314602475115e+03
9.506309804598719211e+02
1.182355991994238366e+03
2.181654331942115732e+03
1.782967314841640246e+03
3.236005493602337992e+03
8.209372649660712341e+03
2.230693419649433054e+03
5.661813896568886776e+03
2.645771379211106250e+03
3.121417697245941326e+03
3.215247871175569685e+02
1.284951471540269722e+03
5.902046755502890846e+03
8.551963759765056238e+03
9.162934804959413668e+02
1.902333007954276809e+03
1.788432620418074521e+03
1.243401242441011618e+03
6.313377518532296335e+02
7.599222364557659830e+02
6.744512353933183476e+03
3.890529749103944141e+03
1.241806976467674576e+04
1.439412987591038906e+01
1.219910484736708167e+04
4.181377517977675780e+03
4.202074406869058976e+02
1.995796122310435521e+03
4.910903854931272576e+02
9.255826776073811288e+02
1.173670630767198872e+03
3.559014028129044618e+03
2.241325211944838429e+03
6.474535254172771204e+00
2.230693419649433054e+03
3.000552376053064108e+03
1.564048198021402868e+03
7.347748327940875015e+02
3.430461843324194888e+03
1.669792824811456285e+03
2.092591050589661791e+03
4.175954210717375190e+02
5.246123869633779577e+03
3.578626374966664571e+03
1.351356466362582978e+03
7.060232827467356174e+02
1.320222469581803853e+04
2.459136605048516685e+03
5.614287327934147243e+02
9.694837186253358823e+02
1.425583277898609822e+03
9.848166348865019245e+03
1.682111781396956303e+03
1.281926706070193177e+03
5.020667645191834708e+03
2.003849655981375690e+03
8.419523218783842822e+03
4.019712191097618415e+03
1.112132043414471991e+04
1.674695146488923683e+03
4.637022862952109108e+02
2.503306809208508639e+03
6.129009617844699278e+03
1.181878267320823215e+04
8.817795556281591416e+03
5.644355757832569907e+03
3.440482294889024161e+03
1.741596583273243596e+03
5.123373870450385766e+03
1.746262303620799457e+03
6.841832391348438250e+03
2.378087259702009305e+03
8.191895613767612758e+02
2.846587259236127920e+02
1.497078194702486144e+03
2.677698900020348447e+03
5.191549482002982586e+03
1.522882605171722753e+04
7.083546511369263499e+02
3.088483819409270382e+03
1.320705317864602193e+03
1.526876665959438469e+03
4.088081724626382311e+03
5.775188361220135448e+03
3.726642969149576857e+03
1.294058931863551379e+03
4.665280141828531669e+03
3.756162214385418793e+03
1.571795151818750810e+03
8.765003531308695528e+03
3.405915634276312630e+03
8.213507620406326168e+03
3.548409587353121424e+03
7.047298560958876124e+02
3.423371117692507596e+03
4.974185539236221302e+03
1.297004199464987778e+03
6.819814981741769770e+02
4.557207138052869482e+02
4.035621952929035615e+03
1.948993119226637191e+03
2.619337020598776689e+03
8.533812475118089651e+02
1.480020298704753714e+03
6.659403423205505987e+02
1.976123867112962216e+03
1.313519200996516020e+03
6.137490519894337240e+02
4.463345176092977454e+03
5.097054930133145717e+03
2.563548110845091287e+03
1.705995268576826902e+03
1.590894318257910072e+03
6.589765021577582957e+03
2.400188462067624187e+03
1.184247686149856918e+03
8.871084771769031931e+02
1.383640330299821471e+03
9.525202114123359252e+02
1.494238418912233783e+03
6.798112980255137700e+03
2.088978063091666172e+03
1.065970731467314636e+03
3.193249470972772542e+03
7.808202872738337419e+02
3.416679203331522331e+03
1.179355162888585255e+03
2.460314043141434013e+03
2.368105280656105606e+03
1.634540830053181537e+02
1.144947241836239300e+03
3.132177850520381980e+03
4.138126318566276495e+03
5.318722592137401989e+03
3.323708397725044051e+03
4.423326250890293522e+03
2.627254332262259595e+02
4.532790997584163051e+03
2.292293774231468888e+03
8.080631084611650294e+02
2.197315999311137602e+03
2.917889242798576106e+02
7.811986413771648586e+03
7.799033698668714351e+03
2.063750092926912839e+04
4.298572336471033850e+03
5.854991277170919602e+03
6.861960888531642922e+03
4.339785842774690536e+03
1.931204465383104980e+04
6.960935066666692364e+03
2.295699968487681872e+03
2.465239601923388364e+03
1.604222393173119599e+03
2.316327268105829262e+03
4.633884260314798667e+03
2.381260872129304971e+03
4.843553710048774519e+03
1.202963044595414203e+03
2.678051391075366155e+03
6.388240119256341131e+03
9.772334965345639830e+02
3.359208581085971673e+03
2.831621439456045209e+03
2.609991513512489291e+03
4.021298300904613370e+03
2.973832913178876424e+03
1.816712636301064549e+03
2.105881057881263587e+03
3.536814361754186848e+03
1.694022240538443612e+03
1.951068174831841361e+03
2.089410360904576919e+03
1.355885268770677385e+03
1.349378527570261667e+03
1.255175438980115814e+03
1.952873042925546770e+03
2.307879978397955256e+03
1.784609783759043694e+03
2.592964470447840085e+03
5.932128341958505189e+03
1.425583277898609822e+03
2.373173095750068569e+03
3.853475088677141230e+03
3.012343474307060660e+03
1.203493682424196550e+03
2.369976540229000875e+03
6.261416877276384184e+03
1.477701452759488802e+03
6.703339402501294899e+03
1.890934962720530621e+03
4.270442294835145731e+03
1.303361278420568397e+03
1.310627213608084730e+03
1.949854402314982281e+03
3.139100056745598408e+02
1.311405200489030449e+03
1.724838870790993269e+03
1.844521924697878603e+03
1.524244105726039379e+03
2.525687783698455405e+03
5.206619671160201079e+01
1.893281605408995347e+03
1.518305706959634108e+03
1.219217455918343603e+03
1.852286182966307933e+03
5.308476476830524007e+03
1.523618417865313404e+03
2.452751560400902235e+03
2.030114452430619394e+03
2.717970393386161959e+03
6.951467113010967296e+02
6.056019775459089942e+02
1.745548807018454227e+03
3.306416934466825296e+03
8.239373568569866620e+03
3.693048336014961933e+03
4.189173205821974079e+03
1.529055625368539950e+03
3.647253864406790399e+03
2.296014744820741726e+03
2.410581155697731901e+03
3.678519792820635757e+03
6.662713476706204347e+03
3.259393251904807585e+03
9.961879366921261862e+02
3.728588564928235201e+02
2.348619390870685493e+03
3.434334534897368030e+03
1.015541777870437909e+04
2.862772968953977397e+03
3.645322378069562092e+03
1.415936418615592402e+03
3.236005493602337992e+03
1.319247018584045463e+03
3.628987350453604677e+02
1.678941937746134272e+03
3.881819488676682340e+03
9.913044219524294931e+02
6.662258432333898782e+03
1.389297189374610298e+03
