4.937744282117725561e+03
3.169846914051289332e+03
8.260808165420005025e+03
3.630933217271212470e+03
5.457109072939397265e+03
3.948695794211857446e+03
1.348173250468485276e+04
3.375936911262682315e+03
5.189192109141465153e+03
3.309246900754349099e+03
3.762045196920746548e+03
3.863150238670928047e+03
3.075804144620921306e+03
3.091208769385541473e+03
5.288709052778574915e+03
3.647671474995907374e+03
5.449417572849447424e+03
4.308335998511961407e+03
2.735111888858729799e+03
3.976530205084457066e+03
4.542386382241017600e+03
4.083105183773490808e+03
3.858420826277616470e+03
6.402896747026889898e+03
3.766159991543088381e+03
8.229829317438156068e+03
3.676529291516557805e+03
4.532193537227476554e+03
3.694463223455490152e+03
4.465258119791074023e+03
5.311457717880343807e+03
4.586667485363292144e+03
4.169482306558476921e+03
3.947227031585860459e+03
3.584306193095213530e+03
4.475710812220312619e+03
4.011072683775712903e+03
5.505110726758072815e+03
3.774485865295930580e+03
1.818470850780486217e+04
6.866336646649396243e+03
1.093592959025817436e+04
4.885407674778526598e+03
3.973159325083037402e+03
5.423372431715636594e+03
8.844114611689594312e+03
3.889311339006823800e+03
6.988728850608723405e+03
3.919987368799711021e+03
9.901178762450947033e+03
4.828470530925055755e+03
4.644828678826311261e+03
3.701987550912951065e+03
6.773779443617043398e+03
3.618722302069797479e+03
6.325333728838819297e+03
3.210650582891967133e+03
4.371252977564257890e+03
8.844334817958811982e+03
2.916567836719668776e+03
3.474625073463257650e+03
3.866513473086386057e+03
4.307812740837856836e+03
3.596541957142237152e+03
3.830848846884151953e+03
1.009173479930684880e+04
4.008468484482699296e+03
3.816419492783310034e+03
3.698294000129471897e+03
5.016422911660300997e+03
6.178732276935966183e+03
5.362403559863641931e+03
3.826154830535590918e+03
4.221740679050923973e+03
4.712581818382368510e+03
7.042277050565362515e+03
4.795850813947199640e+03
3.327514500933212730e+03
5.672530899481408596e+03
3.763632548073275757e+03
9.285086389107234936e+03
4.911045881922151239e+03
4.438721837464579949e+03
2.347333973649729887e+04
3.014326388810574372e+03
5.367757983666560904e+03
1.165212795445501979e+04
3.345476624622423515e+03
3.934253570901493276e+03
4.391837966830568803e+03
4.309046506802365911e+03
5.519989143582737597e+03
8.620519843881895213e+03
5.200833327439162531e+03
6.646953702645072553e+03
6.780352463269122381e+03
3.339075207871821931e+03
7.691943801491075646e+03
2.892299688627861542e+03
4.225776565806580948e+03
8.069828751477903097e+03
4.824239316183137817e+03
6.032413032732688407e+03
4.272783975037125856e+03
5.158661625323556109e+03
5.103497324523710631e+03
4.442017838171002040e+03
5.988461468812538442e+03
3.471258969948091362e+03
4.389569866112589807e+03
5.966408116964637884e+03
2.734415547384558522e+03
4.527057807041317574e+03
5.820224163865837909e+03
6.636095503005903083e+03
6.331352985070936484e+03
3.221521763859938801e+03
1.637422669617632891e+04
4.262072206971635751e+03
8.488373189296444252e+03
3.901506402481029909e+03
4.531214392471530118e+03
3.210878613896034039e+03
8.544056653795849343e+03
4.065773146252104198e+03
3.454611276440361053e+03
4.352413360447029845e+03
3.501387048206202053e+03
1.214524910411531891e+04
3.882398862653427841e+03
3.728063056097584195e+03
3.661324622427442137e+03
4.986586548938592387e+03
1.145674235005968148e+04
4.040833679538452088e+03
4.013110824617436720e+03
4.227030359317094735e+03
3.583089542231315136e+03
9.210146982972766637e+03
3.544474526913361842e+03
4.284770079974851797e+03
4.123151576444381135e+03
4.040247275960621209e+03
4.462539557344597597e+03
4.181639461680467321e+03
4.763060259065036917e+03
3.771467699690521840e+03
3.149997186690771741e+03
7.639515639325282791e+03
7.818915919124992797e+03
3.726605516485340559e+03
8.087895863818005637e+03
3.987103672133127020e+03
4.530590976208896791e+03
3.756254796786110546e+03
4.136645408061049238e+03
4.092576943028769165e+03
6.361160837066346176e+03
7.294738696631643506e+03
2.943119059726848263e+03
5.669457653398466391e+03
6.714919736386033946e+03
3.876244098884445975e+03
8.897534402490582579e+03
4.013846486756855938e+03
3.494573415799751274e+03
4.738758571372961342e+03
3.775212766215878673e+03
3.818807785917996171e+03
6.087208104872326658e+03
3.399722503889663585e+03
3.682299481127382023e+03
3.393871169048784395e+03
6.476083337204725467e+03
3.719038805047619007e+03
8.561229898031842822e+03
4.049663516446513768e+03
4.034125026726134820e+03
5.749948289541735903e+03
5.337106977512273261e+03
9.024702312007621003e+03
5.668678906627374090e+03
5.037792015869448733e+03
6.731549381173701477e+03
3.400556332497313178e+03
5.679441540518062538e+03
nan
1.220058838998668398e+04
3.269573812001398437e+03
4.510032892020556574e+03
8.807312465890287058e+03
3.518299019683640836e+03
3.113662008412441082e+03
7.019956239702830317e+03
3.822729695011899366e+03
3.393857289062024392e+03
3.917016966772536307e+03
7.281718273396955738e+03
5.337067224128512862e+03
3.489354653777407748e+03
3.885150270220776747e+03
3.652106610902939792e+03
3.345644467302397061e+03
3.193961693968007694e+03
3.425189706289309470e+03
5.027863538826620243e+03
4.120364945589579293e+03
4.527260407713030872e+03
3.227208775587473610e+03
5.760284349944451606e+03
5.215462819720860352e+03
5.586428962174313710e+03
3.650065481069896123e+03
4.328529938956831757e+03
4.156568135085978611e+03
3.828171819205420434e+03
3.278995971986196764e+03
4.369440080084862529e+03
2.859116710264438552e+03
5.469807639450523311e+03
3.279833280558017123e+03
4.002095177275560218e+03
4.347733078342476801e+03
5.845788118931352983e+03
3.745150973313612667e+03
9.500238943293439661e+03
4.145021096627720908e+03
6.392566587742775482e+03
3.445163239465365223e+03
3.121971273966879835e+03
3.888548678925957574e+03
9.347613273316836057e+03
4.294074037164974470e+03
4.488480515755422857e+03
3.581678426287419825e+03
4.633249938283750453e+03
3.109761783225550062e+03
3.993557954404437623e+03
3.016951749176660087e+03
3.337485333416998401e+03
4.265538680863590344e+03
5.614654852678915631e+03
4.127164355487273497e+03
3.348425002520491489e+03
4.811038644046374429e+03
4.527777620844913145e+03
5.604614010894378225e+03
3.869151861162663408e+03
4.467606214373711737e+03
3.698296439312378880e+03
3.787334239650290328e+03
4.571071924559904801e+03
3.505293575680004324e+03
1.271044388578515282e+04
4.141974835097301366e+03
7.532555872199961414e+03
3.284376299049588852e+03
3.568176523099073620e+03
7.113383519040888132e+03
5.411890174557555838e+03
5.891562806940383780e+03
3.774090732010576630e+03
2.974840836521128949e+03
5.820224163865837909e+03
4.538324619809816795e+03
4.717840461300384959e+03
4.098432495109259435e+03
4.937497850287519213e+03
3.113001447339962397e+03
8.963203214677108917e+03
6.847356689811670549e+03
2.125430210643477039e+04
3.610734130954866032e+03
3.607356843566583848e+03
3.485708090815678133e+03
4.550801956287151370e+03
3.941190751530593843e+03
3.460908969302361584e+03
3.688687946701127657e+03
3.659783982535258929e+03
4.675198605276890703e+03
4.298581428414382572e+03
4.721704517231442878e+03
3.440078286065376687e+03
4.292189895104096649e+03
5.951095326296829626e+03
4.088819934710601956e+03
4.022291150280039346e+03
3.449761996305810499e+03
4.275440733769864892e+03
3.659888555871698372e+03
5.737808585682940247e+03
3.179366191984370289e+03
4.311085572325240719e+03
4.709438868498798911e+03
4.940331290879781591e+03
3.942038253638467268e+03
3.271658391334309727e+03
1.656602326900966727e+04
4.973220957115458987e+03
3.496040152172436137e+03
4.805115663847610449e+03
4.804371873091596171e+03
3.648331236807723144e+03
3.273322460918535853e+03
4.402817337064474486e+03
3.513443220864494378e+03
1.166337673668797106e+04
4.246351970826596698e+03
3.319779548664468166e+03
6.184407326616520550e+03
5.963686592744302288e+03
3.469369719763286412e+03
4.631308441463421332e+03
4.751534689248403083e+03
6.273786535579962219e+03
4.892958473186832634e+03
6.493885598647525512e+03
3.456335522045565540e+03
3.768270205066228300e+03
4.818684852371693523e+03
4.474069760203786245e+03
5.432049242391663938e+03
4.049121243585220327e+03
8.673341659206733311e+03
4.600856910511903152e+03
3.452649941384475824e+03
3.923830199749183521e+03
3.371581795508893720e+03
5.817168608693717033e+03
6.147302699773231325e+03
7.136275129024424132e+03
3.960324147720653855e+03
3.555008151204025580e+03
3.478225581398410668e+03
4.855969355332000305e+03
3.948875312582644256e+03
2.989646912208256254e+03
4.575145115245909437e+03
4.242137119122736294e+03
3.481827505583895345e+03
4.302456993406563925e+03
4.587284008185298262e+03
1.780804859700151792e+04
5.188901221186358271e+03
4.119244275674153869e+03
8.171171739643774345e+03
2.086501564964483259e+04
5.095233786192291518e+03
3.703976222657310245e+03
4.371517600484975446e+03
3.415480974869961301e+03
2.981457024697652287e+03
5.716925508585459283e+03
3.737873719499213621e+03
3.761543164552026610e+03
3.798339621558555336e+03
5.369800172993044725e+03
5.088051752713742644e+03
8.140156854127641054e+03
3.464658459478210716e+03
3.376627304503171672e+03
1.019272614439198696e+04
3.450769218405479023e+03
5.119271546815314650e+03
4.362381054360512280e+03
3.309643843245559310e+03
4.475335438994728975e+03
5.294139927122332665e+03
3.560782371910825077e+03
5.117572025613934784e+03
6.260102947029021379e+03
4.245240597268268175e+03
4.400444731045517074e+03
3.969484925519244371e+03
4.080479008063849960e+03
3.526479678798648365e+03
3.499986191045854412e+03
6.924333927401414257e+03
4.333264685608389300e+03
5.794002741442123806e+03
3.668415836315889919e+03
3.973959181979422283e+04
3.428539546566365971e+03
6.254066767537561645e+03
5.203776927032194180e+03
3.379788365757559404e+03
3.407301476966475093e+03
3.875048748433143828e+03
1.232153617199760993e+04
7.502803585935104820e+03
3.231345934457568546e+03
3.392806661076768250e+03
4.594433267026331123e+03
6.028551716210836275e+03
5.001280947418031246e+03
5.246166562011847418e+03
4.281192412941946714e+03
1.176402231857168954e+04
4.564830678070493377e+03
4.064361714577224575e+03
3.504540394880174972e+03
3.876029390477572178e+03
7.843097821978286447e+03
4.199343474147264715e+03
3.605587922560323932e+03
5.298788975136802947e+03
3.609395385797491599e+03
4.663687509616565876e+03
4.403234425646432101e+03
2.635503058360639898e+03
4.205856022966746423e+03
1.348056987775870402e+04
3.078145028833767356e+03
1.040033435666817240e+04
3.110062801071052945e+03
4.436063545719652211e+03
4.071004332610244091e+03
3.284025423093837162e+03
3.992212058564380186e+03
3.722382124121671495e+03
5.467507685769164709e+03
4.353940117313368319e+03
3.775290919535400462e+03
7.316792963921346200e+03
6.875545560896491224e+03
5.005087083228512711e+03
4.596468435161915295e+03
4.351580394317761602e+03
3.124942655380923043e+03
3.571276627838559762e+03
7.673586176493341554e+03
3.297359134328069558e+03
7.362243152901483882e+03
5.581548982103647177e+03
1.310092063842344032e+04
3.162752487211911102e+03
9.485117262550909800e+03
4.484101908794746123e+03
5.765893967155901919e+03
7.707144390287132410e+03
3.852077409357998931e+03
9.709004037085791424e+03
4.214567396724100945e+03
5.105703514670180994e+03
3.523398643892917789e+03
4.136450820959521479e+03
4.725151026649228697e+03
3.973260019431226738e+03
4.012761131327037674e+03
6.702365855079748144e+03
2.923090844709145586e+03
3.219181177232079335e+03
3.523930964439998661e+03
4.522125143710620250e+03
1.437168716174443762e+04
4.202118128619721574e+03
4.155580223097283124e+03
3.005761625242551418e+03
3.622194539629739211e+03
5.942622087897667370e+03
3.188437794690524242e+03
3.364254260504458216e+03
5.581059531430761126e+03
6.357644273353059361e+03
3.746061480270357606e+03
3.431615064604479812e+03
4.732614824630384646e+03
5.878345682916441547e+03
7.631075765406625578e+03
1.984916823989229306e+04
3.371351390686714240e+03
3.448061934923803165e+03
1.643212138278884231e+04
6.832473037076502806e+03
9.575703347939326704e+03
3.486046537754358269e+03
3.672278929788712958e+03
4.652215301020692095e+03
5.139087171752350514e+03
5.097930257785767026e+03
4.520437610330644020e+03
3.982882139513385482e+03
3.819710039016247265e+03
4.363055702706226839e+03
3.793329716923966771e+03
3.646645756222322689e+03
4.556250918316368370e+03
4.174875936994098083e+03
3.130501760950661264e+03
6.218321774674394874e+03
3.578230293985972821e+03
3.449846175404882615e+03
4.364957571611990716e+03
3.689961844126468804e+03
3.446210765372225069e+03
3.325053851957369261e+03
3.812353592806995493e+03
8.028528116012038481e+03
3.965017454495467973e+03
1.043338962881212137e+04
5.475698703170911358e+03
4.866325008442267062e+03
3.996184951767906568e+03
5.682871143095186198e+03
2.994416059579469675e+03
3.218488743556147710e+03
4.637962494740847433e+03
8.774446786091384638e+03
7.892415576057289400e+03
3.496322526557245965e+03
3.133543463905662975e+03
3.635064391930208330e+03
4.477018991097518665e+03
6.793221812479801883e+03
4.648348413350688134e+03
5.303174760717782192e+03
3.855490043913889622e+03
6.141155617812878518e+03
3.986977735955952085e+03
8.457790840379168003e+03
7.096223859165836984e+03
5.577281106725066820e+03
5.527863297771169528e+03
3.887193349408509675e+03
4.979931260236835442e+03
5.956301114680330102e+03
3.378408522884779813e+03
3.363213905257674014e+03
5.807290054544772829e+03
3.633691107239693793e+03
7.437460075384088668e+03
6.851526465685423318e+03
3.738790532681049172e+03
3.242893961905264405e+03
9.793877261527357405e+03
5.220859338716597449e+03
7.116126353856441710e+03
3.719305460730182403e+03
3.959863830016168322e+03
4.093161004188145398e+03
4.207539438495744434e+03
3.433166844991474136e+03
3.574231743325459774e+03
1.035569898787689453e+04
3.951407798033601921e+03
4.158597684016205676e+03
5.823678199811755803e+03
3.998002291968769441e+03
5.137782920753480539e+03
6.198049818842924651e+03
3.699241181580207922e+03
3.402645504192736553e+03
3.516465428551744481e+03
3.527164703588203793e+03
6.230036640957973759e+03
4.864508821261972116e+03
4.891202336861578260e+03
5.120639731581812157e+03
4.732861755861485108e+03
4.164147237940939704e+03
3.828522385803913039e+03
9.051822493388692237e+03
2.048711161278222062e+04
6.551089027546684520e+03
4.366883420400669820e+03
3.204370067805457802e+04
7.897154216056576843e+03
4.434976258379498177e+03
3.962653471845227159e+03
4.116545474957491024e+03
9.041294548209154527e+03
4.574729160420043627e+03
3.582988774108279358e+03
4.257265725951698187e+03
5.367258506979981576e+03
3.493788141244144754e+03
4.447070465368864461e+03
3.106512674888874699e+03
3.248529850379231448e+03
3.652796575283410220e+03
8.683246789409240591e+03
5.387459815680967040e+03
3.842305869797958167e+03
4.789743242769356584e+03
4.006030943788380682e+03
4.224542336697558312e+03
3.586613328169923989e+03
3.016147452813455857e+03
3.295428432915579833e+03
5.982901697123773374e+03
4.087603684927041286e+03
4.042367972406681019e+03
4.864875348666411810e+03
3.382486644031463584e+03
4.221019702452472302e+03
3.810169800800560097e+03
3.375029746625831649e+03
3.770200777287673191e+03
4.246849855695636506e+03
4.488985727053727715e+03
3.168816604502332666e+03
7.689472047735447632e+03
4.090741429295252601e+03
3.991335170917003325e+03
2.945157483864746155e+03
5.318161940354741091e+03
4.148367130766099763e+03
3.458868073204290795e+03
6.941796091295449514e+03
5.879938061216236747e+03
5.122679166856886695e+03
3.368451404885499869e+03
8.061782186689298214e+03
3.422678345493281086e+03
7.062506358909078699e+03
3.588874672978989565e+03
3.833203208318424004e+03
3.692571189198547017e+03
5.462277694764591615e+03
3.338391729843657231e+03
3.894652174595033557e+03
4.654259361608040308e+03
6.409769691118830451e+03
2.031185803347992623e+04
6.013193483361231301e+03
4.863132723208011157e+03
3.093606666108100399e+03
4.099250685621571392e+03
5.796340262696223363e+03
3.175563206021018232e+03
3.127883585150432282e+03
3.261006128894288850e+03
3.519620200535498043e+03
9.750709904162509702e+03
6.441949690580969218e+03
1.246976210493546932e+04
9.251101906375984981e+03
3.532883148766133672e+03
3.620378501521634007e+03
4.873197611970410435e+03
4.541756802318547670e+03
1.319063998273673860e+04
5.020936444538535397e+03
4.235409411708641528e+03
4.004274697673843093e+03
1.075936412608646788e+04
3.096999135113505417e+03
1.246348720910657903e+04
3.955575418266686484e+03
3.054149081436833058e+03
3.563285794149987396e+03
4.766647220439851480e+03
4.696470269768961771e+03
3.637043347595360956e+03
3.951249502474378914e+03
3.599451581356338465e+03
3.637792073373298990e+03
5.712541889787017681e+03
3.450601575908741779e+03
5.254328239943106382e+03
1.323240650858705703e+04
4.649753777571932005e+03
5.850137061824048033e+03
3.909481685121460487e+03
6.051880576367611866e+03
4.818684852371693523e+03
3.791277271790731902e+03
5.705517473561467341e+03
3.318874092044427471e+03
4.376755930326718953e+03
3.442962498669064189e+03
3.720223942922573769e+03
7.185290912381182352e+03
1.307015732632107029e+04
2.841297399107988440e+03
8.530176251584349302e+03
3.433233324884454760e+03
5.911389494430745799e+03
3.724649692178026726e+03
3.383345721013805360e+03
4.061994446172332118e+03
1.603169071912453364e+04
3.881386799176119894e+03
3.494167807742371224e+03
3.510446922404651104e+03
3.296421318841542870e+03
3.877452788253650851e+03
4.359718038456275281e+03
1.446766035014407862e+04
9.537112644486074714e+03
5.983827807278054024e+03
5.463534565226331324e+03
1.541601529219319491e+04
3.447410989376459838e+03
4.066623348653566609e+03
3.495542606720468939e+03
3.742511027605468371e+03
3.071135046905517356e+03
6.369661598826580303e+03
4.397529475825958798e+03
3.834061603138664850e+03
3.735784130140394609e+03
3.830790210428874616e+03
6.240959681988459124e+03
4.185066595183804566e+03
2.911756670920415672e+03
3.330626444952933525e+03
3.690296777321270838e+03
6.143644795922367848e+03
4.999028563955012942e+03
6.102753280756820459e+03
5.899518483434208065e+03
3.294881118045382209e+03
1.085937327746090523e+04
3.607304399539408223e+03
3.171799767575809256e+03
3.535712871178703153e+03
7.673129259125732460e+03
5.944490406537864146e+03
5.693417667713176343e+03
5.754729491855850029e+03
4.055890159564249188e+03
1.362234223984864548e+04
5.144706694849088308e+03
1.091504138949190019e+04
4.064701650485186747e+03
5.674124091895364472e+03
2.038191920155875778e+04
5.965582331164487186e+03
6.938050590899450071e+03
3.548062063021699032e+03
3.321772905543824436e+03
3.543661198259012963e+03
8.755037132895107788e+03
3.056575556486111509e+03
3.644609975815302278e+03
3.202843595684475986e+03
5.795384965606962396e+03
3.645726187383212164e+03
3.209120042851511243e+03
6.434480611467850395e+03
3.602478959043612576e+03
1.077905657898833124e+04
8.203306247178192280e+03
5.775075713091520811e+03
3.039517563380458341e+03
7.992323377835103202e+03
3.923252370122064349e+03
6.947329229726858102e+03
4.816706995111703691e+03
4.275022915454654139e+03
3.651668098016593831e+03
3.308356959437093337e+03
3.302736211874584114e+03
7.986569182708594781e+03
3.296750428275344348e+03
4.641413397510490540e+03
3.372368158039608261e+03
3.072060301760528091e+03
3.545508562434624764e+03
4.663719854341536120e+03
4.076676524349595638e+03
4.072797076295732495e+03
1.698958484276268791e+04
4.087784975795977061e+03
7.221415102457663124e+03
4.899765294097431251e+03
9.605887427087436663e+03
3.652032482392528436e+03
4.396917707992216492e+03
9.974434140863704670e+03
8.468156927708489093e+03
3.773181952213357363e+03
3.568697492160030379e+03
4.357642368083516885e+03
2.465444235040042258e+03
4.473803272119611393e+03
6.728247445656964373e+03
5.396369020474378885e+03
3.456335522045565540e+03
8.242490913844887473e+03
6.647464732464636654e+03
7.593479519738052659e+03
5.398491845133825336e+03
3.805814296285044747e+03
3.885414389089658471e+03
3.363818216562750422e+03
5.314534006493619927e+03
7.015206986475727717e+03
5.317421282466945740e+03
4.828448168464321498e+03
4.177303646460803066e+03
4.087784975795977061e+03
3.539481272084544344e+03
4.853850386560847255e+03
5.518090827788852039e+03
6.719233639679893713e+03
4.138631062371496228e+03
3.400911859201057723e+03
4.067960063795577753e+03
4.269999624057083565e+03
4.636950843022877052e+03
3.540048128099708265e+03
3.828211195757425685e+03
1.588226537116011787e+04
3.432904003151596044e+03
6.659253654463414023e+03
4.623313208426558958e+03
3.500989162262170794e+03
1.429369680215061271e+04
2.873570187972803978e+03
5.747741732128675721e+03
3.938226584383056888e+03
3.165381874055374283e+03
5.755273516021045907e+03
3.501231638885473330e+03
8.021162141965671253e+03
3.677278204759550135e+03
3.277299548214105926e+03
4.770994379660308368e+03
6.457577588561893208e+03
5.358469343582292822e+03
4.065538722878844510e+03
4.473255618686611342e+03
5.513500803356359938e+03
2.909450369883224084e+03
4.529477007232727374e+03
5.969432560998343433e+03
7.685657232110307632e+03
3.918315007326576506e+03
3.433166844991474136e+03
3.594411305510788679e+03
2.792955557253148072e+03
3.955473048227388063e+03
5.101254795156597538e+03
8.272056514027770390e+03
5.439769407993579080e+03
9.349996505217808590e+03
3.423715961686825267e+03
3.289413450192041637e+03
5.469203019605011832e+03
6.894555919576459019e+03
4.742382048076750834e+03
3.535971568460919570e+03
4.489265195270191725e+03
3.426262794846678389e+03
3.322967477510399021e+03
4.642330925303090225e+03
2.870086520890732118e+03
5.151104053014115379e+03
4.829217685595800504e+03
4.741598143041535877e+03
2.814903488121791725e+03
4.864676802388269607e+03
4.005918119175751599e+03
4.295000468642982014e+03
8.261917323018413299e+03
4.041710160455066216e+03
3.617065165298138709e+03
4.321439185969330538e+03
4.102510890103531892e+03
3.261149546516796818e+03
3.637745074175770242e+03
3.344793916584377712e+03
3.840093239265361717e+03
3.939937623541975881e+03
4.056933548287473968e+03
3.346241531806787407e+03
3.149686591165176651e+03
3.298437052129039785e+03
3.485372606311381332e+03
5.190239164535713826e+03
5.810677227297283935e+03
3.983784349728598499e+03
4.379105654748365851e+03
6.070994312086470927e+03
6.548479063282028619e+03
4.736495444074341322e+03
5.239839609919044960e+03
3.560796205492538775e+03
8.449305999961728958e+03
2.976450680079286030e+03
3.644671169804278179e+03
4.451706406054771833e+03
5.932290899759020249e+03
6.183491850785817405e+03
3.791177220998257326e+03
5.123719667625433431e+03
3.641377978272053497e+03
1.166760319339747912e+04
3.692573413825942680e+03
4.411902077388481302e+03
8.824851037665097465e+03
7.668842791485490125e+03
3.596351428016148930e+03
1.746201135085742862e+04
8.665297917913641868e+03
4.172470184121145394e+03
4.598232128679169364e+03
1.265085643813342904e+04
3.894035756561421749e+03
6.558490357480501189e+03
7.213122738137587476e+03
5.650070529008449739e+03
7.639074427029340768e+03
6.182403640499703215e+03
5.712826146353705553e+03
9.973460917008385877e+03
1.072607145152902194e+04
3.815142083577529775e+03
3.346962473969999337e+03
3.842232194617282403e+03
3.515337665676979668e+03
4.262217593406428932e+03
3.872515357395387582e+03
5.039116311767365914e+03
3.969795074674997522e+03
3.710138827791238782e+03
9.688268271681901751e+03
4.180641184388370675e+03
3.064364583319298163e+03
8.188498811906998526e+03
4.253371919929689284e+03
4.604086141679934371e+03
3.740672995684212765e+03
3.369909167784245710e+03
5.177297392118619427e+03
3.042923590051227620e+03
1.315113985308863812e+04
3.307994702378382499e+03
2.952030101615274361e+03
3.043979235422512829e+03
4.972168320815320840e+03
4.251706746368796303e+03
3.291821841874316760e+03
3.691037462238488843e+03
4.050099863955519140e+03
5.178038973098761744e+03
4.322347219860154837e+03
3.457631083073472382e+03
4.170409462232783881e+03
6.061942790366785630e+03
3.266909564554874578e+03
3.395468646190018717e+03
4.390423505560192098e+03
3.218202068255834547e+03
3.282385906191676440e+03
6.856244998351995491e+03
3.974734462603866177e+03
3.402565309430447542e+03
3.731596503244616542e+03
3.704329419297197092e+03
3.391542791524000222e+03
4.528423534300432038e+03
2.917526727839179784e+03
3.820851233482377665e+03
4.390415208221570538e+03
3.923865915436893374e+03
4.216928081245318936e+03
5.211268890763791205e+03
8.416842339815724699e+03
4.402817337064474486e+03
4.635078754868540273e+03
3.150362761074429727e+03
6.560659045706384859e+03
3.972238847544358123e+03
4.156271951095855002e+03
4.830624867768325203e+03
4.085577161426620478e+03
3.410164371533805479e+03
4.958497013917347431e+03
4.070684148154767172e+03
5.142349853180015998e+03
7.411982321396966654e+03
3.156883811547504592e+03
2.164336847792536719e+04
4.873945617976170070e+03
3.788820657288145412e+03
9.165258302130589072e+03
3.418936634651328859e+03
4.562702791636841539e+03
3.950867194935004591e+03
4.379716675841572396e+03
3.098446258234810557e+03
4.585387325277394666e+03
5.343971456744692659e+03
5.516808795503777219e+03
1.132899681038959716e+04
5.580331092591481138e+03
3.738839763383628451e+03
3.438134553271840105e+03
4.873545614674306307e+03
8.561955140170966843e+03
5.914661390653170201e+03
3.347340236095968976e+03
3.209170016184372798e+03
7.196932269264359093e+03
2.191918154540488104e+04
3.531706386460511112e+03
