4.061131962214088440e+07
4.148012351123428345e+07
3.421403096650314331e+07
3.965231314644050598e+07
4.980260200611686707e+07
3.981363474796867371e+07
5.951904205113220215e+07
4.117892575963878632e+07
4.384337934622955322e+07
4.580754395357227325e+07
3.745215295947456360e+07
4.663218706001281738e+07
4.469513212265586853e+07
3.600606589585876465e+07
4.142895922712230682e+07
4.834099606700134277e+07
4.964391005671092868e+07
3.093093142628574371e+07
3.462068976249694824e+07
4.121302301728343964e+07
3.368980818161010742e+07
4.980659076237678528e+07
4.300659659831023216e+07
2.910242035070037842e+07
3.590274199213981628e+07
2.533962812412643433e+07
3.432499512220478058e+07
3.389721506566047668e+07
4.586979242804336548e+07
4.238086650388145447e+07
4.104813008931732178e+07
2.695516928563404083e+07
3.898405109464454651e+07
2.828959263342952728e+07
5.649397101668167114e+07
2.822056710496044159e+07
4.812033366304779053e+07
6.756145274835205078e+07
2.867773954918289185e+07
6.229222844812774658e+07
3.624872195318555832e+07
5.337196567888677120e+07
3.429308070547866821e+07
4.503701284558296204e+07
4.885353305521011353e+07
4.685873051881408691e+07
4.034855797094249725e+07
6.353807792066955566e+07
1.295092972884178162e+07
4.537317585531616211e+07
4.797487004603576660e+07
4.219201178170585632e+07
4.932652188605499268e+07
5.110374733387517929e+07
2.570668115056395531e+07
3.475522928128814697e+07
3.861634869101524353e+07
4.366774124174880981e+07
4.232175312778472900e+07
3.585737417142868042e+07
3.397767799871826172e+07
4.553060674254989624e+07
4.773055303273773193e+07
3.136947034496879578e+07
3.352576674787235260e+07
2.957093717021179199e+07
2.530901107366275787e+07
1.440665485465240479e+07
2.538981535247802734e+07
3.044606490129184723e+07
4.619752145932102203e+07
4.196419990896797180e+07
5.181018692651367188e+07
4.776885394650840759e+07
6.038927335713577271e+07
3.800029463710784912e+07
3.220548770067214966e+07
3.569603877443695068e+07
1.170932310863685608e+07
3.102255308585548401e+07
5.048638161555671692e+07
3.364294704838371277e+07
4.467647119324254990e+07
3.735042638789978027e+08
3.771374504646396637e+07
2.868302600542354584e+07
3.391486932752323151e+07
4.195959030443954468e+07
4.054732223841667175e+07
3.356213488393878937e+07
4.576985670119857788e+07
4.501296471752929688e+07
4.169706864749145508e+07
3.786398015907669067e+07
3.485335302498179674e+07
5.121301586752700806e+07
3.919132397819900513e+07
4.669226983908653259e+07
3.282786376006698608e+07
1.279891116433954239e+07
6.231590780428647995e+07
5.263017203845977783e+07
1.384419890801429749e+07
4.193923172616386414e+07
3.172691166337585449e+07
1.141101158370971680e+07
4.396038363174057007e+07
3.578505209399986267e+07
4.692828895007514954e+07
4.111418931964492798e+07
3.502096001617527008e+07
3.481748233081245422e+07
3.173571398645401001e+07
4.536542776922988892e+07
5.052860332059097290e+07
3.920640893646621704e+07
3.610253098990631104e+07
9.792109572039794922e+07
3.726799980820846558e+07
2.474040133364677429e+07
3.991703530181646347e+07
4.337468245144653320e+07
3.783192302045059204e+07
5.953871299588155746e+07
4.359942861605644226e+07
4.699984440044975281e+07
4.707329142480278015e+07
3.338763447450494766e+07
2.397703727731704712e+07
1.218684027646970749e+07
5.791876628105163574e+07
3.058883174956130981e+07
4.741531948184394836e+07
2.791900299782371521e+07
4.423186309448814392e+07
3.887724548091125488e+07
4.816630241396141052e+07
3.671071704158687592e+07
3.968820922807788849e+07
3.806262090780258179e+07
5.194714622968673706e+07
4.730523047473907471e+07
5.029025543897247314e+07
4.963501241003227234e+07
4.463136205137443542e+07
4.835107803008556366e+07
4.092099700119018555e+07
2.652743704049146175e+07
5.341527566591739655e+07
3.544517987371921539e+07
3.162429589242362976e+07
3.232476408809280396e+07
3.228108617608833313e+07
3.741759974252700806e+07
3.883305773511838913e+07
3.037686058730697632e+07
4.008025906447315216e+07
3.997702339315032959e+07
4.811505022415924072e+07
3.643524924631118774e+07
4.755447634013366699e+07
5.351239294081211090e+07
3.657716291975402832e+07
5.341544031061172485e+07
4.636255139129638672e+07
1.396671003138160706e+07
1.435265385673522949e+07
4.699028954145526886e+07
5.228104939205169678e+07
4.159489314536857605e+07
4.833684984463310242e+07
3.209799807954502106e+07
5.750759257035255432e+07
4.620066192259788513e+07
4.010954112707901001e+07
2.972930206574058533e+07
4.256378389119148254e+07
3.300027307257080078e+07
3.777083058825874329e+07
3.077436396845674515e+07
3.741253824221038818e+07
4.343890653766441345e+07
1.051871318446779251e+07
nan
2.688690655949211121e+07
3.699159836720275879e+07
4.599509535028553009e+07
3.830783909066772461e+07
4.660295841496849060e+07
3.776335341955852509e+07
4.824791014300441742e+07
3.059213160265731812e+07
4.058580395919895172e+07
4.035136759559059143e+07
3.492578057978820801e+07
4.756181622908973694e+07
4.956038463109207153e+07
4.901899630858230591e+07
5.763467142850112915e+07
4.322265959951877594e+07
4.039722894783401489e+07
4.646921513154220581e+07
3.269930901355123520e+07
4.752074900519180298e+07
1.240293113655757904e+07
4.034896557537651062e+07
2.285443432334589958e+07
4.187952298294210434e+07
5.484260286410522461e+07
3.880304700162982941e+07
3.827478091237831116e+07
4.992476211811542511e+07
4.762464153303909302e+07
3.818754138017845154e+07
4.054981080532455444e+07
3.427651686038684845e+07
3.534630991557693481e+07
3.459053206649589539e+07
2.980986407211589813e+07
4.709647957824802399e+07
4.347258314493560791e+07
4.499030560926532745e+07
8.239179782071554661e+07
4.849699438227081299e+07
3.618437184018659592e+07
3.976322353357696533e+07
4.298455383682632446e+07
4.040543680975341797e+07
2.227965859744644165e+07
3.519409467611312866e+07
4.501781717686653137e+07
5.501775990487670898e+07
4.197276975028419495e+07
4.291736619594669342e+07
3.569242116175651550e+07
4.292226372677326202e+07
4.477130907318115234e+07
4.766782667024040222e+07
6.272012358792877197e+07
4.579547253562927246e+07
5.114838533830547333e+07
3.921934238921928406e+07
4.098612798319649696e+07
3.650246894710922241e+07
4.172410702268981934e+07
3.619975395992183685e+07
3.001329370540618896e+07
3.641308008969020844e+07
4.641644499524307251e+07
3.843813774248695374e+07
1.121189339345550537e+08
3.277790247210121155e+07
2.804191468446156383e+07
4.210726933951377869e+07
4.607102954487037659e+07
4.541618388381958008e+07
4.507666315548706055e+07
5.209465244545745850e+07
3.160647659311294556e+07
3.412280300085639954e+07
4.536542776922988892e+07
3.188023253128623962e+07
3.955743431188011169e+07
3.652472317797851562e+07
1.247882173202896118e+07
3.304580285654306412e+07
6.656174755003356934e+07
4.757046455868530273e+07
5.954291191897277832e+08
5.425868966909027100e+07
4.326641451365470886e+07
4.174657651326429844e+07
2.590563920199108124e+07
3.604018172075462341e+07
4.334372534000301361e+07
2.608459696037101746e+07
3.589500593756866455e+07
3.994696680729675293e+07
5.276828879586601257e+07
4.834257861815834045e+07
5.712650199641132355e+07
4.249118174599075317e+07
3.152443998180961609e+07
4.416204940349864960e+07
3.285956494815921783e+07
5.451815649478530884e+07
2.631941999496078491e+07
3.543409085414993763e+07
4.328837901181316376e+07
3.739047435696887970e+07
3.226915838707065582e+07
3.414283268142485619e+07
5.270207602440643311e+07
4.260834935199737549e+07
7.507266264344024658e+07
1.284688547559738159e+07
5.016136819388961792e+07
3.856660696436882019e+07
5.561368322899532318e+07
4.820854754684376717e+07
4.227228346769785881e+07
4.432757502453708649e+07
4.171224597732734680e+07
4.253355056419157982e+07
4.210327783362388611e+07
3.326691014430618286e+07
5.413260813539314270e+07
3.489020406314730644e+07
3.383621743048644066e+07
3.118792102162933350e+07
2.985254615629577637e+07
4.513447285120773315e+07
4.312575982191705704e+07
4.958302992710876465e+07
4.882606275002861023e+07
4.870815443786430359e+07
4.232903354129064083e+07
3.334107827996158600e+07
5.136696739920616150e+07
3.583903920022583008e+07
4.312148348161315918e+07
3.828323129278564453e+07
4.844125826930046082e+07
5.345925756718063354e+07
3.895938577744150162e+07
3.614296743207168579e+07
3.877198898968410492e+07
4.446740195174217224e+07
3.247290729815387726e+07
1.674691555381965637e+07
2.633682365262985229e+07
5.116193907399177551e+07
4.891541350802886486e+07
3.668625814328861237e+07
3.058307388339233398e+07
3.782761289923095703e+07
4.308056792265760899e+07
5.196994353179550171e+07
3.308604266285896301e+07
1.344698022551240921e+08
3.555370896225738525e+07
5.100069224877071381e+07
4.916689634714317322e+07
5.437897248805465698e+08
2.944231455788230896e+07
3.235771723877334595e+07
4.060460414616775513e+07
4.932887971085548401e+07
3.513447843790435791e+07
4.715152930193120241e+07
4.175384255997276306e+07
4.126209646586608887e+07
4.294669806510639191e+07
4.086318081229782104e+07
1.246376665983768925e+07
2.932707687761306763e+07
4.721326231461524963e+07
3.948939364589214325e+07
6.670691405149841309e+07
4.083110367197608948e+07
4.418229453123664856e+07
3.990517412343597412e+07
4.155094402999401093e+07
3.955283035612335801e+07
4.916151844636631012e+07
3.180716483566474915e+07
3.532965148489093781e+07
4.967451973450660706e+07
4.835289421385574341e+07
5.963605197845840454e+07
5.481571335810852051e+07
4.591011307391738892e+07
4.150976629984760284e+07
5.050802572503852844e+07
3.311142620438003540e+07
4.003614386784744263e+07
3.998621819602870941e+07
2.739109042779541016e+07
5.889862583743209839e+08
6.181824762162780762e+07
2.981506817877197266e+07
3.338183223135566711e+07
6.132361121341514587e+07
4.085166492330312729e+07
5.619079660857391357e+07
4.621252624303102493e+07
7.748754452767753601e+07
3.647185821547508240e+07
3.865024948810863495e+07
2.993935296387481689e+07
4.239778751044845581e+07
4.036283487936592102e+07
3.840955337010574341e+07
3.698013921610736847e+07
1.011110008896255493e+08
4.047490629610729218e+07
3.520716560531330109e+07
3.185055100116539001e+07
2.549972124128723145e+07
3.032768879374885559e+07
4.250417423670196533e+07
3.846849714593982697e+07
3.559917543349742889e+07
6.392162354387187958e+07
4.850035562548828125e+07
3.648580790129566193e+07
3.305803515767860413e+07
4.267753313651657104e+07
1.244047137913818359e+08
4.970634233716917038e+07
7.799119026063841581e+07
4.488868825759887695e+07
4.614280984448337555e+07
4.237350173353195190e+07
3.961187329300880432e+07
4.092215976512145996e+07
4.475355029959106445e+07
3.582688382183837891e+07
4.602332547095489502e+07
4.212846278344535828e+07
3.930713250530242920e+07
4.926176208198595047e+07
4.860024948947811127e+07
4.891073766332626343e+07
3.457537184646463394e+07
3.730440082598114014e+07
6.221821450973320007e+07
4.786690257002678514e+07
5.150455736401176453e+07
5.894305925235986710e+07
5.116184363657093048e+07
3.553794025769138336e+07
3.715885030638885498e+07
4.009770270607948303e+07
6.907507670478820801e+07
2.960962889822959900e+07
3.090494637333393097e+07
4.131724736544036865e+07
4.476722792972946167e+07
2.731030298040580750e+07
5.361096474750804901e+07
2.583517244207382202e+07
4.353393081289672852e+07
3.550392044389724731e+07
4.877218677875900269e+07
5.047252902533864975e+07
3.688453877226829529e+07
3.858548155942916870e+07
5.168456697260665894e+07
4.397479327123641968e+07
1.843923896985626221e+08
3.588487344389533997e+07
4.776711372107887268e+07
3.272805074807357788e+07
3.083610313533401489e+07
6.120249579705047607e+07
3.077242896344470978e+07
5.452196520108509064e+07
6.660311948186874390e+07
4.562743621878814697e+07
3.531309373967552185e+07
5.441755911648368835e+07
3.738256973458480835e+07
4.198670185215377808e+07
4.709706441463470459e+07
7.679471830633544922e+07
4.386700972895622253e+07
4.766564990617561340e+07
1.070300607239532471e+08
4.685824265538024902e+07
1.900621974993515015e+07
3.937131636392998695e+07
3.792590098323822021e+07
1.225524650228881836e+07
3.472664832310867310e+07
4.310320988561010361e+07
4.468324230752944946e+07
4.443326739834690094e+07
4.119420784242916107e+07
5.551484967807579041e+07
2.392963349182796478e+07
3.834465701238250732e+07
2.727327220519590378e+07
2.557560437425041199e+07
4.168633728363990784e+07
3.352854959469985962e+07
3.664436350818634033e+07
4.581400120969200134e+07
4.275007301711845398e+07
1.557435454711341858e+07
3.470952739356231689e+07
4.740386351044654846e+07
5.195794035552597046e+07
3.636967421394062042e+07
3.069738289060020447e+07
5.903716798611831665e+07
4.849346585659408569e+07
4.674781904591369629e+07
3.574328883918571472e+07
3.605251450265598297e+07
4.328217725442981720e+07
3.827017039608383179e+07
4.386348962805557251e+07
1.019922849329414368e+08
1.664696447976684570e+07
3.838075936549472809e+07
4.093517470617198944e+07
2.451174326691436768e+07
2.650888466938877106e+07
4.227481023218345642e+07
3.794396297403717041e+07
3.207762508592653275e+07
3.901664763357734680e+07
3.902507833314514160e+07
3.337985530512332916e+07
1.692926079889678955e+07
3.384685017690992355e+07
4.143924700202608109e+07
3.598435827697849274e+07
2.991780196565711498e+07
3.790735984595108032e+07
1.249079880968570709e+07
3.948752592661190033e+07
3.600471650781250000e+07
3.081957943214321136e+07
4.486916982558822632e+07
3.253275219935989380e+07
3.502107769637775421e+07
3.197811030141735077e+07
5.045649177853393555e+07
4.300180835812473297e+07
2.646718947876739502e+07
4.799966768428802490e+07
4.711694076302528381e+07
4.360694340169715881e+07
4.800069293437957764e+07
4.217576113341903687e+07
2.478793122730636597e+07
4.417680477018547058e+07
2.934999220146059990e+07
4.662204916101551056e+07
3.370056866980171204e+07
4.560542848254728317e+07
4.870523171931076050e+07
4.857777628679656982e+07
4.233826093960952759e+07
4.555606646125984192e+07
3.545386800097846985e+07
3.585888560407829285e+07
4.142040814018630981e+07
5.342675585252761841e+07
3.147252406891441345e+07
3.806299604473781586e+07
4.777557269523620605e+07
5.453753165149688721e+07
4.084788585503196716e+07
5.273711902888870239e+07
3.306001384949493408e+07
1.821759493271369934e+08
4.098313087524795532e+07
4.309763319569206238e+07
6.484044654329204559e+08
5.503070073250198364e+07
3.436048971859741211e+07
3.741345221780109406e+07
3.713441055674648285e+07
5.354972459524536133e+07
4.906610502585220337e+07
3.973583164247608185e+07
3.029154472022056580e+07
3.137900658515739441e+07
3.613294127048873901e+07
3.098484434626340866e+07
3.095629527527236938e+07
3.974842476004409790e+07
4.331410139746308327e+07
7.703150384643173218e+07
3.036510777720069885e+07
4.003039546431827545e+07
4.609233067597663403e+07
3.379897096296596527e+07
5.650577732103347778e+07
3.515851329180908203e+07
5.007278674646949768e+07
2.964929272330856323e+07
4.514032438451099396e+07
3.019265495595645905e+07
4.069727897676181793e+07
4.747439669929122925e+07
4.437049483234822750e+07
3.959848073610347509e+07
4.808277347616100311e+07
3.232835014066410065e+07
4.349824279041767120e+07
3.266112751799774170e+07
3.831245006152725220e+07
7.718036412665939331e+07
3.473971220233535767e+07
4.166278663551974297e+07
3.453664041767311096e+07
2.578727248073959351e+07
4.128773956256103516e+07
3.802369688277149200e+07
3.562868865171432495e+07
2.633883797719955444e+07
4.483008544598770142e+07
4.020575346625518799e+07
3.244381032111740112e+07
4.644982577553296089e+07
3.412651068787002563e+07
3.695523408355712891e+07
4.781286610154342651e+07
3.163141540568351746e+07
3.837654023454570770e+07
4.136626986718559265e+07
3.210909047961819172e+07
4.695549157480621338e+07
4.179312930331504345e+07
1.353766852675781250e+08
3.374408150897598267e+07
5.062999759341621399e+07
3.649240359314441681e+07
3.445709758176565170e+07
5.299694217522430420e+07
4.990855780024719238e+07
3.536764938892745972e+07
3.370761995271682739e+07
4.240875968271827698e+07
3.783091649364471436e+07
5.134663025311374664e+07
3.240646766425228119e+07
4.541268498614501953e+07
4.643290994666290283e+07
3.873668403288936615e+07
6.312472294803619385e+07
3.689345112083768845e+07
1.301414656139526367e+08
5.375570687971115112e+07
3.227749555031967163e+07
3.743536073167037964e+07
5.171896203668212891e+07
5.488517463818168640e+07
1.728774295444183350e+08
3.048512585819816589e+07
4.265586647485160828e+07
2.952497412575531006e+07
5.334324924397182465e+07
5.333866520468807220e+07
4.950528478172302246e+07
3.051125699509239197e+07
4.922927456688404083e+07
4.530616847095060349e+07
3.632486042973136902e+07
3.513645540505981445e+07
4.435599270019531250e+07
8.538908364955663681e+07
4.069389295201587677e+07
2.674597929395294189e+07
3.180300768639612198e+07
4.851951103195190430e+07
4.232903354129064083e+07
2.673087369618320465e+07
4.152786280135345459e+07
3.964281832164955139e+07
4.412966269811344147e+07
3.126786188765525818e+07
4.112139557470703125e+07
4.436667781040191650e+07
1.020838418798522949e+08
3.825509796368408203e+07
2.339319043579769135e+07
4.255676485435104370e+07
3.707037399707794189e+07
3.403973250254774094e+07
4.281337897747755051e+07
5.421552584979057312e+07
3.738157944561614990e+08
4.185809449805736542e+07
3.439529851066398621e+07
4.893578506576728821e+07
3.525097151321220398e+07
4.551058300853729248e+07
3.649203645034599304e+07
4.943137529467773438e+07
1.197081700535736084e+08
3.873878373338699341e+07
3.513919127168178558e+07
2.330989701498298645e+08
2.491443289565467834e+07
3.454043669180488586e+07
3.968065273709011078e+07
3.647776984938430786e+07
4.000313275265312195e+07
3.522697409537039697e+07
2.893566269920158386e+07
3.539739636072826385e+07
3.153782807457923889e+07
3.299214492487430573e+07
4.234521324739050865e+07
3.499371800268459320e+07
3.472314256483864784e+07
3.867406082882595062e+07
4.219111595226669312e+07
3.591818475431537628e+07
3.964264874545860291e+07
5.733005247015488148e+07
3.856381619569396973e+07
4.247862244352817535e+07
2.771654994888496399e+07
3.525112761409473419e+07
3.767982118373823166e+07
4.502300166860580444e+07
2.984461121854019165e+07
5.274000980725097656e+07
4.910456204166793823e+07
5.625036386364030838e+07
4.494993465773963928e+07
1.478307825236911774e+08
4.405365363459777832e+07
2.763910154660797119e+07
4.603198574571990967e+07
5.493594026192474365e+07
2.328244150300598145e+08
5.718633416105747223e+07
3.441314425574493408e+07
4.912797609690856934e+07
4.345985154439926147e+07
4.285631128621625900e+07
4.297033233779907227e+07
3.280094438956451416e+07
3.742962875021553040e+07
5.020107767070770264e+07
4.353441410112571716e+07
3.626057282138061523e+07
4.573772951255798340e+07
9.425032118307590485e+07
4.526313712542724609e+07
4.309990241130065918e+07
3.288006996001720428e+07
5.343816450212478638e+07
3.668699620684909821e+07
3.019088916327285767e+07
5.078872418597793579e+07
4.735901764806747437e+07
4.574589718989753723e+07
3.642990902966785431e+07
5.184424453237152100e+07
3.729564513698577881e+07
3.965832757214450836e+07
4.469272835855349898e+07
3.170844885233640671e+07
3.830306284951269627e+07
3.581942237908315659e+07
3.578807186231422424e+07
1.347260382097196579e+07
2.558488659573898315e+08
1.364795553419399261e+07
3.987985346207809448e+07
5.415895660099411011e+07
4.140915345680999756e+07
3.784787547184181213e+07
4.886440396878057718e+07
6.034347672316360474e+07
1.019320193041801453e+08
2.709840566782951355e+07
3.578723475829124451e+07
2.912156036511802673e+07
2.776269598579406738e+07
3.823368584438896179e+07
4.055562522252082825e+07
5.414820864111328125e+07
4.882606275002861023e+07
5.602912267175579071e+07
2.475605940021991730e+07
1.332053829792881012e+07
4.570858154819035530e+07
3.268231509537792206e+07
3.799814634141921997e+07
4.375709388437271118e+07
1.735989960782146454e+07
2.574764402336788177e+07
4.457630564310407639e+07
3.399619188824272156e+07
2.968330532909774780e+07
1.364795553419399261e+07
4.285945346597290039e+07
2.659611397771453857e+07
5.148476139521408081e+07
5.329556658616256714e+07
3.291651188625717163e+07
3.670245989956140518e+07
3.148848378005790710e+07
4.479460116591262817e+07
5.494660019383430481e+07
4.022461396619892120e+07
4.242182221691131592e+07
1.428939168594207764e+08
4.210666094315481186e+07
3.287489908338165283e+07
3.420015530354881287e+07
4.318095794813346863e+07
3.249419631872558594e+07
3.282285468519115448e+07
3.967081845165252686e+07
3.525835600572204590e+07
4.045903483322381973e+07
4.875128007065486908e+07
3.898390327591133118e+07
4.290248162120628357e+07
4.610171057361602783e+07
4.350069153990077972e+07
3.706027332369995117e+07
4.115332065971374512e+07
3.634948039798736572e+07
4.232279485437011719e+07
3.383857265653538704e+07
1.402265287326049805e+07
4.506662324655818939e+07
5.147050778572273254e+07
2.960887076354455948e+07
6.254587288532257080e+07
4.844496731545257568e+07
2.478793122730636597e+07
3.225545439894771576e+07
2.683614146640777588e+07
4.673547213383674622e+07
2.534479618914031982e+07
1.040127252187347412e+08
3.774254847572600842e+07
7.456456285595893860e+07
4.512841672263407707e+07
3.460145617914962769e+07
3.365138928848695755e+07
2.942258495447540283e+07
5.011384330098724365e+07
2.902624435853385925e+07
4.167867672960090637e+07
4.360286519692611694e+07
3.787402555702495575e+07
3.284581026517486572e+07
3.773062384385299683e+07
4.184117251208496094e+07
4.520795810487461090e+07
2.708759402881336212e+07
4.014867441083717346e+07
5.500192846793079376e+07
3.714908460593605042e+07
2.463700221457409859e+07
3.902229908642196655e+07
5.099308646469068527e+07
2.377236391738033295e+07
2.399592414625024796e+07
3.529535828000736237e+07
1.310724709760093689e+07
2.566852177181720734e+07
3.988677905805015564e+07
3.635996631992697716e+07
2.464497227041912079e+07
5.345130381281089783e+07
4.661707553826141357e+07
3.924007823995542526e+07
4.155626067989540100e+07
3.410822461155986786e+07
5.710543662768816948e+07
4.947057353495788574e+07
3.765771986890602112e+07
5.482993859048080444e+07
2.274751717424011230e+07
4.874558441356086731e+07
2.502341932079172134e+07
4.216452797178363800e+07
5.148696796111392975e+07
2.897222861881637573e+07
3.539859343562507629e+07
3.884488704093742371e+07
1.650254552487564087e+07
4.122383819552481174e+07
3.234583735663032532e+07
3.348494626158249378e+07
5.782663586712169647e+07
4.363074529135131836e+07
4.526061549765300751e+07
4.555385879924774170e+07
4.191834096058654785e+07
6.671641690985488892e+07
2.120918100156736374e+07
4.035169497719192505e+07
6.949055741788196564e+07
1.144283793746757507e+07
3.442792903942108154e+07
3.060261588222193718e+07
4.995027763188171387e+07
5.009270903800296783e+07
3.919830598048400879e+07
2.686004218354797363e+07
4.484376616588211060e+07
5.249912577767181396e+07
3.716448054625320435e+07
6.724908983222985268e+07
6.103539461059188843e+07
3.137442934095954895e+07
4.349359341589784622e+07
2.439503134755897522e+07
3.070283636768054962e+07
4.730328498450851440e+07
3.073052183789920807e+07
4.665872904017019272e+07
3.544691233306503296e+07
4.246470915408897400e+07
1.041236264640331268e+08
3.363825583286285400e+07
3.961938424723625183e+07
5.294304632185935974e+07
1.169694386644318700e+07
5.415938798014736176e+07
3.979188334140300751e+07
3.560947350003242493e+07
5.783288770178222656e+07
3.937613785041999817e+07
7.172465993896102905e+07
6.560770015247440338e+07
3.498821037042045593e+07
3.290483711679172516e+07
3.067387018372917175e+07
4.726520994697666168e+07
5.301547556209087372e+07
2.599421201595687866e+07
2.977619843305206299e+07
3.783561132281112671e+07
4.216931907194709778e+07
3.249264088971233368e+07
4.532398906469058990e+07
4.152797390888881683e+07
3.731041581920242310e+07
4.078716628002548218e+07
3.844251784053802490e+07
3.221969690659713745e+07
8.297596596901702881e+07
1.477973560071945190e+07
3.310004792523670197e+07
4.968861844718170166e+07
3.340342592687988281e+07
5.840399661242866516e+07
3.501833085209655762e+07
3.478093415160465240e+07
4.224090996379733086e+07
4.641178662821769714e+07
3.609120880050563812e+07
4.070415173204803467e+07
1.465500303082048893e+07
4.599411832723569870e+07
4.432757502453708649e+07
3.283087726452350616e+07
3.474529116635799408e+07
5.975754561612892151e+07
5.359014716289520264e+07
4.785484111575126648e+07
3.842636189377689362e+07
3.882428410416698456e+07
4.421007521084976196e+07
4.264858926861190796e+07
3.332859100997543335e+07
4.896146350206184387e+07
5.085614238665771484e+07
3.889249062109565735e+07
1.774164619209270477e+08
3.704489599598693848e+07
5.222520651242828369e+07
4.086566858002853394e+07
4.939668325605010986e+07
3.987422262254333496e+07
4.112540445257949829e+07
4.390690438477325439e+07
5.043944727048635483e+07
5.354078840488624573e+07
4.447468403329467773e+07
5.589802139277172089e+07
4.873326460098886490e+07
4.810104631478691101e+07
4.647872312822246552e+07
4.477294000917243958e+07
1.639264061324453354e+07
5.004982473191833496e+07
4.223745304600977898e+07
3.409045567030334473e+07
5.362698570583772659e+07
3.826035891703796387e+07
2.892911620187835693e+08
4.865667216992187500e+07
