5.969250986904961565e+02
3.498126706770335090e+02
7.137311322616386633e+02
4.452590020289123913e+02
1.534176927670314853e+03
1.645183283475468443e+03
1.133065966770630894e+03
3.007782602519782245e+02
2.331507365186693278e+03
2.028354216693008709e+02
8.403802893700813001e+02
3.694736009968875123e+02
5.959534769373716472e+02
8.537732898159083561e+02
1.389388596734543398e+03
5.310679647276548394e+02
2.734144526775612121e+03
8.971742724916052794e+02
8.214042888385062042e+02
6.722865702788594717e+02
7.207358968245447386e+02
7.876949025674606446e+02
5.011400006238181959e+03
1.000669302067966896e+03
2.373258695174196873e+03
1.883045383713892534e+03
2.380925482132641719e+03
1.291844363249423623e+03
5.977872312248473463e+02
6.890847085447375093e+02
4.466381298649624227e+02
9.993582592760666330e+02
6.597611371738485104e+02
5.431147663736484219e+02
6.533999145688451335e+02
8.908683555590650940e+02
3.799067103425827554e+02
4.314831149717090284e+02
1.420978402606376903e+03
2.151561031269148316e+03
2.888774476298981426e+03
2.539088154006039531e+03
2.753245946704144899e+03
4.135001373401388491e+02
3.879438240128295661e+02
8.181298027692605501e+02
5.330841328412337816e+02
1.621472634663108238e+03
4.379455515806830022e+02
2.884647492758839235e+03
1.262990901210476522e+03
7.118567342543034329e+02
3.272645422796396701e+02
5.586797593981025329e+02
5.660807601987286262e+02
4.767078671131166629e+03
5.510439279623299171e+02
7.360656368983322864e+02
3.333733585393986687e+03
7.290274433214555074e+02
2.026953607879584524e+03
4.811819456995303881e+02
8.099246359389475174e+02
1.452175174760578102e+03
1.384866208941903778e+03
2.590859227513967653e+03
3.524848834401798854e+02
1.630423111456820834e+03
7.655722389254826794e+02
1.242505329542068239e+03
1.732326021998581609e+03
2.681407978687475861e+03
3.635371059689818480e+02
2.312578165891308686e+02
1.544748267661768750e+03
5.561929975897136273e+02
1.317321143339211176e+03
1.067404535930940256e+03
3.917618717121007421e+02
1.428947348603474211e+03
7.901991935152050246e+03
5.966690825013789663e+02
1.413535540976779146e+02
1.333308047449658625e+04
2.597166199053033893e+02
1.751955454858119538e+03
4.897943597261545619e+03
5.140457172926231806e+02
1.859705173773384786e+03
2.782449109032862907e+03
8.446236551354739959e+02
1.817388660828426055e+03
9.088073388399880059e+02
8.559965290443928097e+03
2.932598735311990822e+03
3.363383582047081291e+03
1.177346490759679909e+03
3.372935627453472989e+03
1.178184818267193577e+03
4.087977690217272198e+02
8.101768894467625159e+02
8.519281856801974300e+02
2.089256209935284687e+02
3.809044446388026017e+02
1.181751970208483499e+03
6.311366287476174648e+02
2.234866712387556618e+03
3.444565171956615359e+03
5.406306844885604050e+02
8.421876240442103381e+02
3.593224816978230592e+03
1.363791695234733652e+03
5.291563044727823808e+02
1.632037240712595121e+03
1.182375325991324871e+03
1.970206614771107525e+03
1.170183294474383274e+03
4.053959487550919221e+03
2.932939796748206390e+03
2.722811846512524880e+03
8.028572442074223545e+02
7.889433944762986357e+02
7.766740572138443213e+02
2.320701149314715622e+03
1.979560246115189273e+02
7.965678948843568605e+02
6.486880686097091484e+02
3.614203411088975315e+01
3.483333378847255062e+03
2.815919963097144773e+03
2.028534402169398845e+03
9.119116724825606752e+02
4.188960652614825449e+03
2.190422528228102237e+03
1.083255541307335534e+03
6.981433960849490177e+02
8.964610818961308496e+02
4.202493838537508850e+02
1.740694492490280254e+03
1.086200749640421236e+03
1.819363646178061572e+03
3.442761623783193841e+02
6.429427744703245935e+02
4.524017662054092170e+02
2.052182223107394918e+02
8.122766046589040343e+02
4.933577983237628928e+02
4.857340471580781696e+02
9.318383210503091050e+02
1.970262723531450547e+03
7.296628353349517511e+02
2.353792954583608719e+02
2.403361077817659861e+03
1.058578153558135682e+03
1.670511938085712927e+03
2.289937177872061056e+03
8.114760080770595323e+02
2.792177885562488882e+03
9.940037320619888987e+02
3.650599216381555721e+02
8.356019073044808465e+02
1.410363487006963169e+03
7.600947683296517425e+02
2.114533104699249179e+03
7.698862035702671847e+02
1.032120576543298057e+03
2.034036336926744298e+03
5.150353122153510412e+02
1.750862230086862610e+02
1.569058623012278304e+03
1.827550056324075740e+02
5.943482802571884349e+02
1.324876569774543441e+03
1.683628931074992352e+03
7.437561625122174291e+02
3.705378732459968433e+03
3.051126537963318128e+02
4.682086641900884274e+02
2.505288322451205659e+03
1.563006831434730429e+03
4.694539533354798550e+03
5.449787335944299684e+02
1.224904552964997492e+03
2.134751768584752881e+03
4.363131744535712073e+02
9.944813352857338487e+02
nan
2.226332441561877658e+03
4.532763802719713340e+02
1.080114172199011591e+03
3.390470172449991878e+03
2.827653351821412002e+02
1.024466725799024744e+03
8.333790423788208273e+02
3.637709178438068420e+02
6.366812493748984707e+02
1.084898822780438422e+03
2.652019372018329705e+03
1.499925836758733567e+03
5.158215797343905251e+02
2.471522342301636002e+02
9.624856989989721114e+02
3.304856698678972293e+02
2.783732030648080809e+02
8.109562974293824027e+02
4.141847185212482145e+03
4.061374366058502119e+02
5.212296621089514019e+02
3.952184749695314849e+02
4.479441792003714227e+02
7.575510387011096327e+02
1.874896564282442455e+02
8.075478954349391643e+02
9.553922195443478813e+02
7.975702827164484461e+02
9.665286390367498370e+02
1.844558887466183137e+02
7.311440894486917159e+02
5.103227739477111982e+02
4.197999684508551582e+03
1.148400277675516008e+03
1.001535463209975319e+03
3.141226955712860445e+02
1.292733209001665500e+03
2.056203665776127139e+02
9.073260734578898337e+03
2.018600348058996303e+02
3.373727134733614093e+03
8.037733196065632910e+02
6.484042315592504337e+02
5.372883236527743520e+02
5.158517172554493300e+03
8.154029252260347675e+02
1.030415269672078921e+03
2.753293265655555615e+02
3.042923283807713801e+02
8.124163962178633938e+02
1.184356415981623286e+03
4.041913077462192518e+02
4.175527338171763176e+02
2.598363284881307891e+02
1.273104301364836374e+03
2.283914854781735073e+02
2.298463835669778632e+02
1.307988805203214497e+03
2.692418335630860838e+03
1.193741922021754817e+03
4.805655238296549783e+02
2.750316784250044293e+03
2.775063078918996325e+03
1.621700521085578202e+03
5.856823416034579850e+02
1.105740873306695448e+03
4.250850824134509821e+03
1.055659727308406218e+03
2.702347676810265966e+03
1.038347868666602835e+03
5.818492174910326185e+02
5.513275205018189808e+02
9.783377641194658736e+01
1.198169539620174191e+03
1.051019343205527775e+03
1.307729106305958794e+03
1.632037240712595121e+03
9.240541133727765555e+02
2.593001540617286764e+02
1.246013561125411798e+03
2.120197248135578320e+03
1.877317123508719988e+03
2.576342914678325087e+03
1.049123057895550119e+03
5.791569803990480068e+03
4.164889129712881868e+02
7.378816520230025162e+02
1.220979074698345812e+03
5.394592947190823907e+03
5.937089844311976776e+02
8.323134240599607665e+02
1.393267876757953218e+03
8.112446494609614547e+02
1.947154616477762147e+03
5.439292251933912894e+02
2.575810696407999671e+02
1.350428191077646716e+02
4.033944479715468674e+02
1.451248950611361806e+03
1.309698210002844917e+03
3.332424234438382200e+02
1.970739891502029877e+03
2.045694517635702425e+02
7.335849806345411253e+02
3.853411991535376160e+02
3.703155509993427131e+03
3.283661029211097230e+03
1.253549340462301188e+03
1.947194133431577256e+03
1.192642217138650722e+03
1.000527430638230953e+03
1.033676365041656572e+04
3.059268005240508046e+02
1.565389087265963326e+02
1.258503526395771587e+03
1.737567400511118649e+03
5.111425845261449581e+02
6.132197177495501137e+02
6.532182990449171029e+02
7.143311881420288501e+02
3.367567799681862653e+03
3.347780637844543890e+02
2.508376295906214636e+03
8.742771816138895247e+02
2.345606619117365426e+03
1.587679056658389300e+03
1.232578240078983072e+03
1.286749857471969790e+03
1.050255179566689549e+03
7.070768357484136004e+02
7.167327324906927970e+02
2.210199062619601591e+02
3.597502465499332516e+02
3.030489497550056058e+03
1.518303971190563061e+03
3.718935381977639736e+02
1.672669587494363213e+03
2.153700137589552014e+03
1.871589543056228194e+03
6.357110967645821802e+02
1.307471966985967583e+03
1.153623374296699922e+03
1.929214480665741121e+03
3.025698118037673794e+03
8.886208858979398428e+02
9.283367036700286690e+02
1.359248973723133986e+03
6.598453860499967050e+01
5.226175371436628438e+02
4.175549588174391147e+02
1.099348769827960041e+03
5.734388377150903580e+02
1.108628885670023237e+03
5.622255803081634440e+02
8.447251246062853625e+02
2.246296719352967102e+03
8.887279668596493138e+03
1.427004189883431081e+03
2.155860084125459650e+02
1.092226367922881082e+03
4.784437717956914639e+03
1.206293080838119522e+03
1.141857372793976765e+03
1.031094180351017712e+03
1.131261149507927939e+03
9.248574619663264684e+02
6.207775728784795319e+02
2.965296148320056204e+02
4.420630386930197346e+02
9.037022930708983495e+02
5.284672075416568759e+02
3.699013930335931377e+02
2.263958857186510613e+03
5.886491369497041433e+02
6.498756551579223242e+02
7.720377781227610285e+03
1.886078553439902521e+02
3.778835716302905894e+02
1.418568433352518468e+03
6.312607573778966525e+02
1.055127788106718299e+03
6.860877175412905444e+02
1.524932183370791108e+03
8.009109899266297816e+02
2.407036170048588701e+03
1.105260406400708462e+03
1.866533664133492039e+02
1.508973130992850713e+02
7.399881619365932011e+02
4.462683012887070504e+02
1.054780538585597697e+03
1.629882752106373573e+03
4.975680465619689130e+02
3.049414797195186566e+03
1.093872696116342468e+03
1.065606782289438161e+04
5.960799402330308112e+02
7.867140347529374367e+02
3.399483787168970593e+03
1.063101664429163066e+03
1.661183538099909811e+03
2.015896573978110098e+02
1.856457321031234414e+03
1.744196579216988994e+03
1.356491044017966260e+03
5.919371149234056020e+02
2.220697059179243297e+03
2.066150224853812688e+03
3.475852936131019533e+02
5.188733612493952933e+03
2.092772146898304527e+03
4.276311963038055183e+03
9.581451475716590949e+02
8.054844340456620557e+02
1.350101926663865925e+03
1.216396183131944554e+03
3.128420367016645400e+02
6.793268249679639439e+02
8.118089531911718950e+02
2.582765695725023306e+03
5.231193835158095453e+02
2.415999611748576172e+03
1.924591237163939695e+03
1.094656391835327440e+03
1.871105975488206639e+02
7.159473492484466988e+03
3.691934468358658137e+02
2.364697125579531871e+02
1.502363478861783960e+03
5.708778862963654319e+02
4.239323141897571645e+02
3.285797541534730613e+02
5.150457286575868920e+02
1.673363987519855755e+03
9.572965804295110956e+02
2.229421665767947161e+03
6.781469217199186232e+02
8.032943853754451993e+03
2.758228036146192153e+03
1.009951490416574984e+03
1.168224712495969584e+02
7.427041897341920276e+02
1.943461405006969471e+03
6.511294337426555785e+02
4.523044896599028107e+03
1.029672865049797110e+03
4.245815736187886955e+02
6.500199240934491627e+02
2.343369917442417773e+03
1.409710056223326092e+03
1.548644435410910773e+03
4.436063134825969314e+02
1.075444732516332579e+03
8.103841851637905620e+02
7.640737805285399418e+02
3.263016764231451816e+03
1.793815906225133176e+03
3.107092454222620745e+03
5.867429970460367485e+02
1.477142725351431409e+03
4.008090962222582334e+02
8.080544491387648804e+02
1.181477485706626112e+03
4.590424062691469089e+02
3.102203036422386049e+02
7.142703623419367887e+02
9.144351551693169995e+02
8.011767579986394594e+02
2.315108130935137979e+03
1.569508257665624342e+03
3.454256654167423903e+02
1.377976237599780916e+03
1.096648807900905922e+03
2.018457453619579155e+03
1.194728074011326044e+03
7.609654434666394991e+02
3.026313189755859185e+03
2.335163557566028771e+02
2.342313465539763456e+03
7.014742469392725752e+02
1.451973765260771643e+03
1.512054538942532645e+03
4.123724120843029368e+02
9.727624008766557381e+03
9.734116875216172957e+02
7.139138790850009855e+02
3.576042886327668384e+03
8.271724444676675603e+02
1.575234522371682942e+03
6.741176252683281973e+02
9.468245153397050444e+02
1.177079629169240206e+03
2.031531115802483555e+03
9.953787375954009349e+02
6.109609438213957446e+02
8.453557544091871705e+02
8.012023254131552221e+02
1.129676057459799040e+03
9.980264746211159945e+02
1.336068943984759017e+03
2.109399023498990573e+03
9.739004569467464307e+02
5.969962502689232906e+02
1.835225355207162465e+03
2.119218389879110873e+03
1.024805146297260535e+03
1.839708201289875660e+03
1.990216664676973778e+03
2.256461793867750202e+03
1.142524743974562682e+02
6.932772793000489173e+02
1.560404852606648319e+03
1.099454455892959004e+03
1.331730666124071604e+03
1.828236221787747581e+03
2.682804121925264553e+02
2.549210887171317154e+03
1.221667986551424519e+03
4.654528068789721260e+02
5.908684309286929874e+02
4.314503588128691263e+02
2.707403441588174701e+03
2.597719263348358254e+02
1.809440525400345678e+03
6.418159789403164268e+02
5.819944883806766711e+02
1.015216381113748525e+03
1.250480538823077950e+03
1.308472001506205970e+03
3.183087555707498268e+03
1.047384184212259242e+03
2.653314531898186488e+03
2.487598439713555308e+03
4.249906976056610688e+02
3.362538619348280918e+03
2.400167916119957283e+02
2.669914441745021122e+03
7.102776448708917769e+02
2.296393360069710070e+02
3.570801800804848426e+03
1.733034715589479674e+03
1.639323076950068980e+03
9.619755320596834736e+02
1.068068319722838851e+03
3.426689399908722862e+03
3.716513135591295850e+03
1.425036120785759522e+03
9.476881281782173119e+02
3.330594875155228237e+03
5.452290840556798912e+02
7.172980903309310179e+02
5.290258859876464612e+02
9.249341917426991131e+02
6.983691102646441777e+02
5.180504765772747078e+02
1.754018112043468420e+02
1.120781599041142044e+03
3.220384045297118519e+03
4.649186853689362238e+02
2.602221535990425309e+03
9.569326858367969635e+02
5.324106815040458969e+02
5.499033227375065280e+02
8.298198990583621253e+02
5.817474114896572246e+02
1.369927159575387350e+03
1.389294735337384736e+03
2.280939841535813230e+03
3.236072586060899084e+03
6.196237352505531817e+02
2.051438367839302828e+03
7.542575031873992657e+02
8.511365939270414174e+02
1.477357553560578253e+03
4.008792059967735213e+02
1.454225350076651694e+03
2.862261945623406518e+03
8.084224663063197340e+02
7.355285832852996464e+02
2.426095389508118024e+04
3.902282398854386429e+03
1.948123098521482007e+03
1.032342109107787110e+03
4.409142804073929256e+03
3.233102337419051764e+03
5.140416679754169991e+02
3.343034571272916082e+02
1.019901113884896517e+03
1.076459379458396143e+03
8.581409568300590536e+02
2.828259015578959406e+03
1.472454672768676801e+03
2.367405713409791588e+03
1.743169985372994688e+03
1.522041174665392873e+03
5.693153334700224377e+02
8.943725202055996988e+02
7.049634871661347688e+02
2.346632931971616358e+02
1.313585820878813820e+03
6.543855988030903745e+02
1.983308629007232412e+03
4.264987062520311156e+03
2.329018747812028323e+03
1.699750129946251263e+03
1.562484229751044040e+03
1.153876327611571924e+03
3.130343357418943242e+02
1.169368106501364991e+03
9.450989572335387265e+02
2.827556697459205566e+02
1.102180652673730719e+03
1.093370333744438312e+03
1.187473658371845659e+03
6.902651852282801883e+02
1.803188245985508274e+03
9.442229037063868873e+02
1.584083810378093858e+03
1.273965013859242390e+03
1.783582199246154914e+03
5.107167545884710762e+02
1.761918683945343446e+03
7.235442552088872617e+03
5.023218061712116764e+02
3.882320705354990196e+02
2.392443724042668407e+02
3.510192941048358534e+03
6.190245111218165448e+02
2.947965486368629627e+03
5.442301431840118084e+02
4.101716864510822234e+02
1.091372470173351758e+03
2.744744795065715152e+03
1.706525592736812484e+02
1.837749083668442154e+03
1.395883544741958531e+03
3.111634066985413483e+03
2.696453656321977178e+03
3.866613941853770484e+03
3.150514428581775519e+03
5.945227675998626182e+02
1.350883792166440571e+03
6.418671132254918120e+03
5.454721669547461715e+02
1.294375274728071645e+03
1.785049434941161280e+03
6.380662392104488845e+02
5.602068457269101600e+03
4.924594382043303540e+02
5.709589866994683689e+03
1.767274938431380406e+03
1.894581401206965552e+02
9.772825085552103701e+02
1.469614300794832161e+03
8.780466741175586094e+02
7.080104094502156840e+03
6.469820346716295489e+02
1.049966875028960658e+03
6.382071228583479297e+02
2.153691516871110252e+03
6.900335428000611273e+02
4.046237113154624240e+03
2.210678419037468757e+03
5.262932132872241482e+02
1.059420928058324989e+03
1.255614265472440820e+03
8.177913912224436217e+02
3.969371071711754553e+02
8.001887773555143895e+02
4.769040361863478211e+03
6.321960566355340916e+02
1.740835947091384014e+03
2.689718040507452315e+03
9.019406030879554237e+02
1.070896793774993967e+04
6.027932692630656675e+02
1.133199328898815565e+03
1.283429834247864164e+03
1.776564705371605214e+03
3.030489497550056058e+03
6.770952960516307257e+02
8.083770573355790248e+02
3.963923184139770228e+02
1.116123589631007889e+02
2.232971419238767339e+03
2.143043272226961449e+02
1.688066883117766110e+03
4.703254209777760479e+03
3.670398178808843568e+02
2.248090049428132716e+03
1.318606328139307379e+03
2.598713530691193228e+02
2.167452022471808959e+03
5.621020050456344279e+02
2.431476953282444526e+02
5.968242092225284978e+03
2.447311216908020981e+02
1.385119705215705380e+03
2.115657975821643504e+02
1.069133374735383768e+03
1.172611425845194759e+02
1.403993017040842687e+03
5.076847844591509784e+03
1.127183647305010254e+03
1.268594335378297046e+03
1.819030571112758480e+03
5.113641463620820105e+03
1.499385619997421486e+02
1.804429776813310582e+03
1.085037073803856856e+03
1.580797048811109335e+03
9.845030084998819575e+02
3.888245594374718621e+03
7.275204866980742509e+02
8.220128845803905051e+02
9.279707819233914279e+02
1.112431551601289584e+03
5.291028855395329629e+03
7.926283354664353737e+02
9.492385289671515238e+02
7.651411141207604487e+02
1.003520255109952814e+03
5.252912607718119943e+03
6.985987703423202220e+02
5.082501251649548522e+02
2.884303784736417242e+02
1.156031023217113898e+02
7.860340252311302720e+02
1.085413537909150591e+03
3.685325424837474770e+02
7.262817530415156853e+02
8.376971209339410052e+03
2.531328515138464752e+02
1.350365450133311242e+03
1.528501436460235936e+03
9.326764741219765256e+02
5.398794880979682603e+03
1.180376358780017199e+03
4.595267549520042849e+03
8.990697364678499071e+02
1.707792373285247777e+03
4.944659079518365616e+03
1.386423797711595626e+03
1.803327890635797530e+03
6.318273014408409836e+02
6.878723320026255124e+02
7.825000334315294594e+02
3.131835048317739165e+03
9.387782180651104227e+02
1.631660085208986402e+03
4.944360058322802729e+02
3.127959703459403329e+01
1.931594890926554399e+03
3.953073623692722549e+02
8.039040051322000409e+02
1.680974186581262586e+02
1.624008223143134046e+03
2.314105891580795742e+03
2.310250144876854392e+03
1.702105085719657609e+03
2.195092810994076899e+03
2.309555686129211608e+03
4.259506761454620573e+03
1.383411615836669171e+03
8.690169660958985105e+02
1.568357317489726256e+03
4.508091811053415654e+02
5.747619507741663938e+02
3.494292793766807677e+02
8.150950378529831823e+02
7.977661296354065144e+02
1.331253767029591245e+03
2.058888400087233549e+03
6.882570502112910162e+02
1.097854933471420281e+03
1.443609477095526245e+03
4.205023769237062083e+02
6.649114311336996252e+03
4.556174449474560788e+02
2.093824147586667095e+03
1.919017850148139814e+02
2.924512851807222432e+03
2.123572543607795069e+02
1.016506587993904986e+03
6.799003931556523639e+03
1.911203737524439020e+03
6.250574006108262211e+02
1.172108784527769330e+03
1.861374767924465687e+03
1.110554028087690540e+03
7.284565913576881258e+02
9.497683067080081400e+02
1.464194203479453336e+03
2.210199062619601591e+02
2.691942090668227934e+02
1.959181644162818202e+03
2.780762132935642967e+03
9.254357650785054830e+02
1.520339606922632356e+03
7.039710076400144771e+02
3.948472911084749057e+02
1.122960166889810125e+03
1.892559432401425568e+02
1.439016821058376991e+03
2.601480656654903214e+03
8.796849559061174659e+02
4.556174449474560788e+02
3.326900233775101015e+02
5.834106430799415648e+02
1.382987385910745388e+03
6.371072050027203204e+02
2.406117270848120825e+03
1.133622292186288178e+03
1.298364649183826259e+03
7.605820551235385665e+02
4.461527220310973121e+02
1.307629882196569042e+02
5.796834462124478478e+02
2.728490776687761354e+03
8.472993500805051781e+02
2.417819226811976478e+03
1.043170631806653773e+03
2.159068572158136021e+02
8.026569162992043402e+02
5.119421069883899236e+02
1.045036523472925865e+03
1.616734497416705153e+03
5.433178093782080396e+02
1.278374503728145100e+03
2.915975777170741594e+02
1.418837048413192406e+03
5.177673456199161137e+02
3.362098241699206937e+03
6.552024272426170910e+02
3.967964899942703596e+02
7.839895433327254750e+02
2.001708714669755693e+02
2.073200669652570923e+03
7.642354658763430280e+02
8.738583326449444257e+02
5.381531537886178285e+02
1.463897003886389939e+03
2.314736852498395820e+03
4.273463571774716456e+02
1.754018112043468420e+02
9.512182975099852911e+02
1.565589492431287454e+03
7.715749396022891915e+02
3.614567245627466150e+02
4.467603586302480835e+03
3.427029634297353823e+03
5.461292281887150239e+03
1.614444308796482801e+02
2.005594037386840910e+03
2.204227728705996014e+03
3.194385118570717623e+03
1.780273907606750527e+03
7.539321523453834288e+02
4.533532861189782466e+02
6.331242766037478304e+02
1.697777784849824911e+03
1.024775253546155909e+03
5.094606699650932455e+02
8.209616090951266187e+02
1.036555831384249132e+03
8.352266903898946566e+02
1.247800024912478648e+03
3.329130329164106115e+03
8.186569240921982100e+02
7.222358471163219065e+02
1.970141769745122929e+03
4.307184528177079983e+02
5.577414092915411175e+02
4.721269375232917582e+02
2.937287255534924952e+03
6.542485614192491994e+02
7.541196580952839668e+02
4.836591679431834336e+02
2.849794522338079901e+02
1.117726976873545254e+03
1.860009688313132074e+03
4.973194948895083485e+02
1.488383696076582055e+03
1.445690583672432695e+03
1.487950320852179630e+03
1.205306243606135013e+03
1.680323314926202443e+02
2.029093500238308934e+03
1.780605223943938881e+03
1.853190928906242789e+03
9.789642540104389354e+02
9.809569107296639459e+02
8.063118448594993879e+02
3.185713810098877161e+02
3.193008151081816777e+03
9.427345538280642359e+02
8.137239586868415699e+02
3.282327741506546204e+02
2.184466187937712220e+03
6.491617929138648151e+02
1.352784354707201373e+03
4.099555679932965177e+03
2.027530788349121735e+02
5.522782090933415930e+03
6.885899698848701291e+02
2.511451201622779195e+02
4.445572465846888917e+03
1.387376290802313861e+03
8.413942009806015676e+02
1.821600071636854182e+03
8.286596168855579890e+03
2.922207662461717064e+02
1.385446120360111991e+03
4.295616757825766399e+03
2.444917919816038818e+02
1.301012357326948859e+03
3.481808630047302131e+02
2.875635531166306464e+03
4.017569645061802476e+03
1.492277274828013788e+03
1.243114354013549018e+03
4.464420060553806252e+03
1.148055175352326614e+03
1.322895645294492851e+03
4.593247138102274221e+02
8.806372132481284325e+02
9.368250346041204466e+02
2.453067723468025633e+03
8.294502778098278668e+02
1.137653817933530718e+03
1.813392860325547417e+03
4.776715993748173901e+02
6.925329269090777416e+03
1.099290263152532816e+03
1.179229907317243715e+03
1.982646744922684093e+03
4.414669842019986277e+02
3.834387302063781590e+03
7.516225522009930273e+02
1.145839000686340569e+03
4.567098865091644484e+02
7.185518533784945703e+02
2.366217779566150966e+03
6.468998885259181861e+02
9.209489187618056576e+02
1.885808137967411312e+03
1.444276411955697313e+03
1.034599380918963789e+03
4.109713853903039080e+02
1.009972336999136360e+03
1.247575867624749890e+03
2.080502644767624133e+03
1.163145226837102200e+03
2.118519543987509905e+02
7.327351733406890162e+02
4.232925027257620627e+02
4.473005467742911492e+02
6.032619615917501505e+02
9.763692427640266942e+02
9.766020392298244701e+01
1.431352594400975022e+03
1.215730865147246277e+03
4.680128942245318626e+02
1.125421989074127850e+03
1.097417115724704672e+03
1.963837973307988477e+03
2.139875401609817800e+02
1.751132599640233821e+03
4.481181159971039278e+02
3.699143695848449056e+02
7.468410333729162858e+02
6.876703219834059837e+02
9.745105183282146299e+02
2.868318767679310213e+02
3.239383738439908484e+03
6.532182990449171029e+02
1.135044683704505815e+03
1.957616435762736046e+03
1.649068349093021652e+03
8.911161154987845521e+02
9.975683155350619700e+02
9.002687865242467069e+02
4.434407777947480440e+02
9.659427120763582479e+02
1.048619584125909796e+03
7.727409020619488729e+02
7.376632637022271410e+02
4.127608096051986308e+02
3.603488848727158143e+02
4.621304355850154934e+03
5.233221807954882934e+02
1.844905271326884531e+03
3.702524811964327455e+03
3.568178697121662708e+02
7.519557684597081106e+02
1.248917549489354712e+02
8.263279449330993884e+02
4.483458327145856970e+02
6.338738149483082225e+02
1.893847021998559967e+03
3.836644714899602150e+03
4.446273329966954407e+03
8.803854028214078653e+02
2.990636193756945886e+03
2.243473787882956003e+02
1.179387817138636137e+03
1.551792625713529560e+03
4.720600402751034039e+02
1.307079371639950750e+03
1.774663834485763516e+02
1.618074796243558694e+03
1.340236585299849139e+04
3.864052319482121675e+03
