1.518080000000000000e+07
3.823718400000000000e+07
9.937664000000000000e+06
1.197363200000000000e+07
3.872204800000000000e+07
1.962905600000000000e+07
6.968115200000000000e+07
1.776128000000000000e+06
3.622092800000000000e+07
2.722816000000000000e+07
3.537920000000000000e+07
2.332825600000000000e+07
2.717286400000000000e+07
2.894131200000000000e+07
2.556108800000000000e+07
8.520960000000000000e+06
1.703577600000000000e+07
nan
1.349683200000000000e+07
1.596518400000000000e+07
5.071616000000000000e+06
1.515417600000000000e+07
1.547059200000000000e+07
1.399859200000000000e+07
6.114816000000000000e+06
7.804928000000000000e+06
2.083123200000000000e+07
6.569472000000000000e+06
2.450995200000000000e+07
3.246182400000000000e+07
2.185881600000000000e+07
7.834240000000000000e+05
4.915481600000000000e+07
nan
2.079334400000000000e+07
6.338048000000000000e+06
3.290214400000000000e+07
6.136012800000000000e+07
nan
8.664064000000000000e+06
nan
3.172249600000000000e+07
2.323456000000000000e+07
8.993280000000000000e+06
3.209216000000000000e+07
3.798220800000000000e+07
2.796083200000000000e+07
4.880793600000000000e+07
5.067264000000000000e+06
8.283136000000000000e+06
2.682675200000000000e+07
9.404416000000000000e+06
3.488512000000000000e+07
3.692288000000000000e+07
6.092800000000000000e+06
2.741094400000000000e+07
3.457433600000000000e+07
4.022476800000000000e+07
1.418649600000000000e+07
5.408256000000000000e+06
4.863744000000000000e+06
1.326796800000000000e+07
3.101081600000000000e+07
5.741568000000000000e+06
1.985740800000000000e+07
8.224768000000000000e+06
4.183808000000000000e+06
nan
6.134784000000000000e+06
7.254016000000000000e+06
3.153459200000000000e+07
1.285017600000000000e+07
2.616320000000000000e+07
4.362137600000000000e+07
3.478220800000000000e+07
4.251443200000000000e+07
2.516992000000000000e+07
1.764044800000000000e+07
nan
6.784128000000000000e+06
7.840768000000000000e+06
1.477504000000000000e+07
2.359270400000000000e+07
1.121894400000000000e+07
7.061440000000000000e+05
2.885222400000000000e+07
nan
2.595020800000000000e+07
1.210060800000000000e+07
4.571776000000000000e+06
3.046656000000000000e+07
3.972198400000000000e+07
4.624179200000000000e+07
3.546316800000000000e+07
4.632576000000000000e+06
1.941094400000000000e+07
1.684019200000000000e+07
1.734656000000000000e+07
1.010995200000000000e+07
nan
3.829504000000000000e+06
5.272972800000000000e+07
2.654720000000000000e+06
6.432768000000000000e+06
7.767040000000000000e+05
2.350080000000000000e+06
5.571920000000000000e+05
3.129753600000000000e+07
2.416025600000000000e+07
8.395264000000000000e+06
9.297664000000000000e+06
9.102848000000000000e+06
1.082521600000000000e+07
4.708697600000000000e+07
7.393280000000000000e+06
4.776345600000000000e+07
6.923264000000000000e+06
2.648419200000000000e+07
nan
nan
3.895296000000000000e+06
2.499123200000000000e+07
2.185164800000000000e+07
1.112371200000000000e+07
3.252275200000000000e+07
2.645760000000000000e+07
3.166617600000000000e+07
1.530368000000000000e+06
nan
1.500262400000000000e+07
nan
2.575155200000000000e+07
nan
5.120000000000000000e+07
1.419161600000000000e+07
2.938572800000000000e+07
1.060300800000000000e+07
1.190297600000000000e+07
1.103155200000000000e+07
2.589696000000000000e+07
1.682252800000000000e+07
2.455219200000000000e+07
1.398758400000000000e+07
1.349836800000000000e+07
7.672832000000000000e+06
2.206617600000000000e+07
9.213440000000000000e+06
3.741952000000000000e+07
3.649536000000000000e+07
1.740851200000000000e+07
2.284672000000000000e+06
2.999398400000000000e+07
2.408652800000000000e+07
2.296064000000000000e+06
1.120460800000000000e+07
4.267520000000000000e+06
7.056384000000000000e+06
1.591910400000000000e+07
nan
7.618560000000000000e+06
4.341760000000000000e+06
3.697433600000000000e+07
2.547814400000000000e+07
1.654374400000000000e+07
1.415808000000000000e+07
2.714624000000000000e+06
4.720025600000000000e+07
4.958412800000000000e+07
nan
4.130816000000000000e+06
3.128755200000000000e+07
2.493440000000000000e+07
1.318912000000000000e+07
2.487910400000000000e+07
6.011904000000000000e+06
2.811084800000000000e+07
3.343872000000000000e+07
1.457356800000000000e+07
1.781760000000000000e+07
1.568768000000000000e+07
nan
4.728832000000000000e+06
1.205555200000000000e+07
2.838016000000000000e+07
1.924147200000000000e+07
nan
nan
8.604672000000000000e+06
9.895936000000000000e+06
1.151385600000000000e+07
4.876697600000000000e+07
4.256153600000000000e+07
8.290304000000000000e+06
3.024665600000000000e+07
9.550592000000000000e+06
1.939251200000000000e+07
2.139801600000000000e+07
2.122342400000000000e+07
2.747392000000000000e+07
2.380339200000000000e+07
4.039680000000000000e+07
3.226828800000000000e+07
1.452288000000000000e+07
2.859417600000000000e+07
3.232153600000000000e+07
nan
1.186892800000000000e+07
6.323200000000000000e+06
2.062745600000000000e+07
5.377536000000000000e+06
1.112678400000000000e+07
4.905574400000000000e+07
9.227520000000000000e+06
2.357657600000000000e+07
3.872384000000000000e+07
1.650790400000000000e+07
2.578739200000000000e+07
5.227468800000000000e+07
2.846361600000000000e+07
nan
1.306419200000000000e+07
2.365952000000000000e+06
1.313075200000000000e+07
6.389760000000000000e+05
3.134105600000000000e+07
2.727577600000000000e+07
4.796595200000000000e+07
1.191321600000000000e+07
7.690496000000000000e+06
7.847936000000000000e+06
2.854809600000000000e+07
3.325184000000000000e+06
2.129894400000000000e+07
3.115622400000000000e+07
5.014323200000000000e+07
1.099640000000000000e+05
7.898112000000000000e+06
1.506969600000000000e+07
1.070336000000000000e+07
9.871360000000000000e+06
3.596902400000000000e+07
5.061376000000000000e+07
2.827110400000000000e+07
2.757734400000000000e+07
2.715340800000000000e+07
1.606784000000000000e+06
1.715840000000000000e+07
1.905868800000000000e+07
1.345510400000000000e+07
nan
8.163392000000000000e+06
1.028198400000000000e+07
2.081177600000000000e+07
1.368104960000000000e+08
5.497344000000000000e+06
nan
3.010252800000000000e+07
3.680358400000000000e+07
2.565068800000000000e+07
2.642329600000000000e+07
4.604211200000000000e+07
7.107072000000000000e+06
2.006784000000000000e+07
4.708697600000000000e+07
1.023257600000000000e+07
3.282048000000000000e+07
2.121523200000000000e+07
3.388416000000000000e+06
3.361600000000000000e+06
6.480281600000000000e+07
4.776345600000000000e+07
5.955993600000000000e+08
3.051827200000000000e+07
4.187136000000000000e+06
7.154432000000000000e+06
nan
nan
1.106534400000000000e+07
1.870387200000000000e+07
1.556864000000000000e+06
5.573632000000000000e+06
6.165760000000000000e+06
1.169664000000000000e+07
2.489241600000000000e+07
4.162355200000000000e+07
4.248166400000000000e+07
nan
2.949606400000000000e+07
1.243699200000000000e+07
2.833040000000000000e+05
4.728320000000000000e+06
nan
2.836275200000000000e+07
1.081856000000000000e+07
1.331200000000000000e+07
1.126604800000000000e+07
4.106086400000000000e+07
6.217728000000000000e+06
1.639628800000000000e+07
7.810048000000000000e+06
2.314649600000000000e+07
1.930342400000000000e+07
5.917696000000000000e+07
2.372096000000000000e+07
6.591488000000000000e+06
1.349222400000000000e+07
1.185331200000000000e+07
3.377945600000000000e+07
1.764966400000000000e+07
nan
3.006464000000000000e+07
9.629704000000000000e+06
2.808166400000000000e+07
1.161062400000000000e+07
nan
2.076057600000000000e+07
1.302937600000000000e+07
3.985817600000000000e+07
3.655334400000000000e+07
1.718476800000000000e+07
3.953254400000000000e+07
7.878656000000000000e+06
4.576563200000000000e+07
1.800192000000000000e+06
5.849088000000000000e+06
2.398617600000000000e+07
2.293043200000000000e+07
1.581772800000000000e+07
5.573632000000000000e+06
6.029312000000000000e+06
2.575616000000000000e+07
1.106534400000000000e+07
2.156672000000000000e+07
6.842368000000000000e+06
1.529344000000000000e+07
3.706880000000000000e+07
2.592819200000000000e+07
2.152704000000000000e+07
nan
1.920614400000000000e+07
2.008473600000000000e+07
1.878246400000000000e+07
5.948416000000000000e+06
1.690419200000000000e+07
1.688140800000000000e+07
1.920153600000000000e+07
1.376665600000000000e+07
5.538160640000000000e+08
5.657088000000000000e+06
3.526041600000000000e+07
1.909248000000000000e+06
2.489036800000000000e+07
1.257062400000000000e+07
2.990284800000000000e+07
7.973888000000000000e+06
2.145280000000000000e+07
8.805120000000000000e+06
3.170304000000000000e+07
6.631424000000000000e+06
4.068096000000000000e+06
1.537843200000000000e+07
2.312499200000000000e+07
1.997004800000000000e+07
2.024371200000000000e+07
4.915609600000000000e+07
1.333708800000000000e+07
2.966451200000000000e+07
2.266368000000000000e+07
4.826944000000000000e+06
1.733120000000000000e+07
nan
7.342080000000000000e+07
1.289881600000000000e+07
3.055923200000000000e+07
2.369062400000000000e+07
3.288704000000000000e+07
1.226240000000000000e+07
7.523840000000000000e+06
3.724800000000000000e+06
2.362214400000000000e+07
2.860851200000000000e+07
1.440768000000000000e+07
8.723456000000000000e+06
2.153728000000000000e+07
1.629184000000000000e+07
1.490073600000000000e+07
3.285094400000000000e+07
2.734796800000000000e+07
2.768563200000000000e+07
3.368064000000000000e+07
5.086412800000000000e+07
1.033113600000000000e+07
1.989939200000000000e+07
1.484800000000000000e+06
3.866624000000000000e+07
1.991372800000000000e+07
3.886131200000000000e+07
3.809280000000000000e+07
7.979520000000000000e+06
1.433113600000000000e+07
5.946400000000000000e+04
2.093056000000000000e+07
1.589248000000000000e+06
8.971264000000000000e+06
2.499379200000000000e+07
1.053900800000000000e+07
2.094080000000000000e+07
4.552499200000000000e+07
3.576422400000000000e+07
1.023692800000000000e+07
3.087616000000000000e+06
1.536768000000000000e+07
1.140162560000000000e+08
1.248819200000000000e+07
3.344384000000000000e+07
1.549516800000000000e+07
2.673868800000000000e+07
2.483865600000000000e+07
1.389670400000000000e+07
2.271872000000000000e+07
3.268966400000000000e+07
nan
2.918707200000000000e+07
2.263449600000000000e+07
2.914304000000000000e+06
nan
3.303782400000000000e+07
3.987353600000000000e+07
2.289868800000000000e+07
1.434009600000000000e+07
2.004992000000000000e+06
1.802444800000000000e+07
7.429632000000000000e+06
4.128768000000000000e+06
4.469094400000000000e+07
1.229004800000000000e+07
6.225920000000000000e+06
2.482278400000000000e+07
1.332838400000000000e+07
4.127539200000000000e+07
1.023897600000000000e+07
2.836224000000000000e+06
2.246246400000000000e+07
2.595430400000000000e+07
7.684096000000000000e+06
3.350323200000000000e+07
1.105356800000000000e+07
1.757286400000000000e+07
1.819558400000000000e+07
5.461504000000000000e+07
9.776704000000000000e+06
3.368755200000000000e+07
5.214720000000000000e+06
2.527641600000000000e+07
4.374528000000000000e+07
4.119552000000000000e+07
4.904960000000000000e+05
2.421299200000000000e+07
8.117248000000000000e+06
9.485312000000000000e+06
2.305996800000000000e+07
1.614080000000000000e+07
2.325504000000000000e+07
5.499084800000000000e+07
1.023641600000000000e+07
1.409740800000000000e+07
5.645516800000000000e+07
1.861952000000000000e+07
2.304000000000000000e+07
3.246284800000000000e+07
8.929280000000000000e+06
1.814528000000000000e+07
1.742336000000000000e+07
7.127040000000000000e+07
2.463232000000000000e+07
1.054720000000000000e+06
3.090944000000000000e+06
3.740262400000000000e+07
4.846592000000000000e+06
6.582272000000000000e+06
9.716736000000000000e+06
4.488768000000000000e+06
2.571468800000000000e+07
1.863782400000000000e+07
2.831052800000000000e+07
1.135820800000000000e+07
7.313408000000000000e+06
1.314969600000000000e+07
6.282752000000000000e+06
3.593830400000000000e+07
1.256448000000000000e+06
2.859955200000000000e+07
2.093107200000000000e+07
9.883264000000000000e+06
7.927808000000000000e+06
1.054208000000000000e+07
1.435340800000000000e+07
7.909888000000000000e+06
1.415168000000000000e+07
5.947648000000000000e+06
3.285964800000000000e+07
7.392768000000000000e+06
4.039475200000000000e+07
8.126464000000000000e+06
1.275289600000000000e+07
1.487052800000000000e+07
3.225088000000000000e+07
2.915225600000000000e+07
7.365836800000000000e+07
2.560768000000000000e+06
2.435788800000000000e+07
2.217984000000000000e+06
nan
nan
2.547097600000000000e+07
1.294745600000000000e+07
1.721804800000000000e+07
2.137548800000000000e+07
3.165900800000000000e+07
3.754144000000000000e+06
nan
3.326976000000000000e+06
7.710464000000000000e+06
2.955673600000000000e+07
6.758400000000000000e+05
4.145305600000000000e+07
nan
1.541408000000000000e+06
1.767219200000000000e+07
1.465497600000000000e+07
1.509990400000000000e+07
7.879168000000000000e+06
2.026086400000000000e+07
3.003904000000000000e+06
5.983232000000000000e+07
2.184844800000000000e+07
nan
1.244774400000000000e+07
2.274816000000000000e+07
2.793881600000000000e+07
5.175910400000000000e+07
1.509222400000000000e+07
nan
2.617036800000000000e+07
1.817702400000000000e+07
2.294579200000000000e+07
8.746880000000000000e+05
2.665280000000000000e+07
2.141388800000000000e+07
2.690150400000000000e+07
2.908160000000000000e+07
2.905702400000000000e+07
2.943795200000000000e+07
3.402240000000000000e+07
1.796198400000000000e+07
2.886668800000000000e+07
1.058713600000000000e+07
1.527372800000000000e+07
3.148288000000000000e+07
2.192896000000000000e+07
1.385984000000000000e+07
2.579251200000000000e+07
5.911552000000000000e+06
1.097154560000000000e+08
8.148992000000000000e+06
1.399603200000000000e+07
3.512606720000000000e+08
4.153548800000000000e+07
1.084006400000000000e+07
1.569484800000000000e+07
8.074240000000000000e+06
3.200921600000000000e+07
2.462924800000000000e+07
6.214656000000000000e+06
9.752064000000000000e+06
1.079603200000000000e+07
2.938982400000000000e+07
8.004224000000000000e+06
1.650483200000000000e+07
nan
2.435072000000000000e+06
1.337318400000000000e+07
4.775731200000000000e+07
1.225651200000000000e+07
1.005836800000000000e+07
2.767360000000000000e+07
nan
2.079334400000000000e+07
2.254540800000000000e+07
3.820800000000000000e+07
nan
nan
7.887872000000000000e+06
1.248544000000000000e+06
1.234124800000000000e+07
1.198796800000000000e+07
8.404480000000000000e+06
1.159987200000000000e+07
1.104179200000000000e+07
4.325580800000000000e+07
5.099776000000000000e+06
6.382592000000000000e+06
2.380864000000000000e+06
6.201856000000000000e+06
1.259315200000000000e+07
4.292608000000000000e+06
4.434944000000000000e+06
1.922995200000000000e+07
2.620313600000000000e+07
1.405440000000000000e+07
1.194803200000000000e+07
1.288883200000000000e+07
3.593216000000000000e+07
1.729536000000000000e+06
4.383692800000000000e+07
5.928960000000000000e+05
1.567539200000000000e+07
2.117222400000000000e+07
4.744960000000000000e+06
5.839872000000000000e+06
2.838630400000000000e+07
9.642496000000000000e+06
1.456844800000000000e+07
2.354636800000000000e+07
3.067084800000000000e+07
2.097075200000000000e+07
3.243340800000000000e+07
2.425241600000000000e+07
1.038899200000000000e+07
5.945344000000000000e+07
2.454425600000000000e+07
2.452377600000000000e+07
9.309696000000000000e+06
4.567449600000000000e+07
3.782656000000000000e+07
3.645107200000000000e+07
1.467366400000000000e+07
2.146099200000000000e+07
1.653964800000000000e+07
4.990976000000000000e+06
3.798835200000000000e+07
1.635942400000000000e+07
1.443266560000000000e+08
1.796300800000000000e+07
6.076160000000000000e+05
1.754931200000000000e+07
3.158886400000000000e+07
5.850163200000000000e+07
1.126400000000000000e+08
5.642752000000000000e+06
2.012876800000000000e+07
4.143616000000000000e+06
4.431718400000000000e+07
4.061286400000000000e+07
3.035443200000000000e+07
nan
3.844300800000000000e+07
2.062848000000000000e+07
2.028236800000000000e+07
6.308352000000000000e+06
1.201075200000000000e+07
2.373529600000000000e+07
1.294540800000000000e+07
3.701120000000000000e+05
5.943376000000000000e+06
1.654579200000000000e+07
3.953254400000000000e+07
9.996288000000000000e+06
1.150259200000000000e+07
1.408870400000000000e+07
4.707840000000000000e+06
6.023552000000000000e+06
2.418726400000000000e+07
1.915289600000000000e+07
8.395980800000000000e+07
3.695052800000000000e+07
5.633024000000000000e+06
2.300774400000000000e+07
3.378432000000000000e+07
7.680512000000000000e+06
2.185830400000000000e+07
2.784563200000000000e+07
8.532377600000000000e+07
4.589363200000000000e+07
4.121600000000000000e+06
4.913664000000000000e+07
3.141632000000000000e+06
2.052249600000000000e+07
1.513984000000000000e+07
5.315379200000000000e+07
6.112870400000000000e+07
4.551270400000000000e+07
2.276352000000000000e+07
1.264373760000000000e+08
nan
2.024038400000000000e+07
2.552422400000000000e+07
1.602764800000000000e+07
5.143040000000000000e+06
1.351475200000000000e+07
nan
1.538867200000000000e+07
nan
8.381440000000000000e+05
1.856512000000000000e+07
1.055539200000000000e+07
1.375334400000000000e+07
2.174105600000000000e+07
2.425856000000000000e+07
nan
1.731788800000000000e+07
4.372070400000000000e+07
nan
3.915110400000000000e+07
2.270822400000000000e+07
9.963520000000000000e+06
3.176640000000000000e+07
3.773542400000000000e+07
2.503065600000000000e+07
3.082444800000000000e+07
2.195660800000000000e+07
4.413440000000000000e+06
2.779520000000000000e+07
7.115571200000000000e+07
2.917376000000000000e+07
2.838528000000000000e+07
2.365440000000000000e+07
5.002035200000000000e+07
3.827302400000000000e+07
2.713216000000000000e+07
6.994240000000000000e+05
4.984422400000000000e+07
3.998515200000000000e+07
1.912601600000000000e+07
2.028339200000000000e+07
2.815692800000000000e+07
nan
1.815859200000000000e+07
2.460672000000000000e+07
nan
3.523072000000000000e+07
nan
2.353664000000000000e+07
5.057024000000000000e+06
1.489920000000000000e+07
1.303040000000000000e+07
2.286540800000000000e+07
4.178841600000000000e+07
1.725542400000000000e+07
2.489651200000000000e+07
2.178713600000000000e+07
4.093952000000000000e+07
nan
4.876185600000000000e+07
5.445888000000000000e+06
8.859648000000000000e+06
1.037440000000000000e+07
9.679360000000000000e+06
2.693478400000000000e+07
2.007552000000000000e+07
3.090944000000000000e+06
2.241331200000000000e+07
1.484800000000000000e+07
nan
3.907379200000000000e+07
nan
1.388595200000000000e+07
1.653145600000000000e+07
1.341747200000000000e+07
2.370150400000000000e+07
3.614720000000000000e+06
2.906521600000000000e+07
7.671398400000000000e+07
2.936320000000000000e+05
2.429696000000000000e+07
1.262489600000000000e+07
1.545216000000000000e+06
9.652224000000000000e+06
2.811904000000000000e+06
7.806976000000000000e+06
3.655334400000000000e+07
5.223731200000000000e+07
nan
3.622912000000000000e+06
2.026860800000000000e+07
1.052160000000000000e+05
1.213004800000000000e+07
2.277478400000000000e+07
nan
4.499456000000000000e+06
1.066137600000000000e+07
1.414041600000000000e+07
nan
nan
2.270412800000000000e+07
1.018944000000000000e+06
3.508838400000000000e+07
4.414259200000000000e+07
1.017804800000000000e+07
1.687296000000000000e+07
nan
1.488076800000000000e+07
3.151667200000000000e+07
2.531123200000000000e+07
4.068044800000000000e+07
1.010565120000000000e+08
2.755584000000000000e+07
3.947840000000000000e+05
nan
7.383040000000000000e+06
nan
1.326796800000000000e+07
2.215219200000000000e+07
1.866854400000000000e+07
6.484224000000000000e+06
3.389440000000000000e+07
1.742540800000000000e+07
2.819993600000000000e+07
1.520742400000000000e+07
4.139008000000000000e+06
1.264025600000000000e+07
nan
4.647526400000000000e+07
3.895500800000000000e+07
1.807948800000000000e+07
nan
2.937804800000000000e+07
2.572121600000000000e+07
5.800704000000000000e+06
3.703961600000000000e+07
5.061632000000000000e+07
nan
1.227680000000000000e+05
3.495936000000000000e+06
2.581299200000000000e+07
1.650220800000000000e+07
9.939763200000000000e+07
1.104486400000000000e+07
6.514278400000000000e+07
7.335936000000000000e+06
3.776512000000000000e+06
1.645926400000000000e+07
2.011750400000000000e+07
1.581158400000000000e+07
nan
2.332364800000000000e+07
3.707596800000000000e+07
1.580032000000000000e+07
2.025062400000000000e+07
1.833062400000000000e+07
1.588224000000000000e+07
4.140083200000000000e+07
9.639680000000000000e+05
1.427225600000000000e+07
3.467776000000000000e+07
2.118041600000000000e+07
8.643840000000000000e+05
2.784768000000000000e+06
3.871232000000000000e+07
nan
9.557504000000000000e+06
1.372723200000000000e+07
nan
2.126080000000000000e+05
7.271936000000000000e+06
7.010304000000000000e+06
7.741440000000000000e+05
3.433472000000000000e+07
5.070233600000000000e+07
1.670246400000000000e+07
1.099980800000000000e+07
2.939904000000000000e+06
3.526988800000000000e+07
1.959654400000000000e+07
4.155392000000000000e+06
4.495872000000000000e+07
4.987904000000000000e+06
1.164288000000000000e+07
2.163840000000000000e+06
9.130880000000000000e+06
1.861222400000000000e+07
2.304000000000000000e+06
1.256345600000000000e+07
1.667865600000000000e+07
3.969792000000000000e+06
nan
1.388134400000000000e+07
8.638464000000000000e+06
nan
4.019584000000000000e+07
1.289926400000000000e+07
4.164300800000000000e+07
4.244787200000000000e+07
2.687078400000000000e+07
4.477747200000000000e+07
nan
1.051494400000000000e+07
nan
3.343360000000000000e+05
1.811046400000000000e+07
5.298560000000000000e+05
3.401216000000000000e+07
3.235379200000000000e+07
3.463884800000000000e+07
1.322598400000000000e+07
1.325465600000000000e+07
2.092206000000000000e+07
7.068032000000000000e+06
4.638720000000000000e+07
2.316236800000000000e+07
4.791552000000000000e+06
9.504256000000000000e+06
nan
6.277120000000000000e+06
2.836377600000000000e+07
6.972416000000000000e+06
3.406387200000000000e+07
2.752512000000000000e+06
1.457408000000000000e+07
3.068723200000000000e+07
1.407180800000000000e+07
1.710131200000000000e+07
2.763020800000000000e+07
6.912000000000000000e+06
2.489241600000000000e+07
1.692364800000000000e+07
1.858764800000000000e+07
5.833625600000000000e+07
2.143052800000000000e+07
1.036528640000000000e+08
3.522457600000000000e+07
1.212544000000000000e+07
7.071232000000000000e+06
nan
3.103232000000000000e+06
2.188339200000000000e+07
3.868979200000000000e+07
2.681856000000000000e+06
3.602432000000000000e+06
3.035340800000000000e+07
7.383040000000000000e+06
nan
2.788966400000000000e+07
9.920512000000000000e+06
7.138304000000000000e+06
8.427520000000000000e+06
2.587238400000000000e+07
1.201356800000000000e+07
7.288012800000000000e+07
nan
1.248051200000000000e+07
2.327961600000000000e+07
9.604608000000000000e+06
2.538035200000000000e+07
5.849920000000000000e+05
1.104051200000000000e+07
2.728755200000000000e+07
1.354547200000000000e+07
3.416371200000000000e+07
1.818828800000000000e+07
nan
4.012851200000000000e+07
1.349222400000000000e+07
3.267264000000000000e+06
6.302720000000000000e+06
2.171494400000000000e+07
3.107020800000000000e+07
1.319782400000000000e+07
3.892224000000000000e+07
2.168832000000000000e+07
3.569356800000000000e+07
2.632960000000000000e+07
2.266521600000000000e+07
4.392038400000000000e+07
4.128768000000000000e+06
3.065856000000000000e+06
6.444902400000000000e+07
2.724249600000000000e+07
3.189657600000000000e+07
4.684595200000000000e+07
1.561792000000000000e+07
2.735206400000000000e+07
4.322099200000000000e+07
2.987212800000000000e+07
1.248819200000000000e+07
2.009907200000000000e+07
1.321600000000000000e+07
1.294233600000000000e+07
4.181504000000000000e+07
1.439692800000000000e+07
1.254860800000000000e+07
4.387123200000000000e+07
nan
2.681907200000000000e+07
3.565568000000000000e+06
5.569536000000000000e+06
3.425843200000000000e+07
2.795520000000000000e+06
1.328947200000000000e+07
3.615232000000000000e+06
