2.595734079964379362e+03
4.517480460047053157e+02
9.676202572219665399e+02
1.130246319407671535e+03
1.029594282243390580e+03
1.572707525394897630e+03
6.067243703506778729e+02
1.145744429478450002e+03
2.283955881585933128e+02
1.067071493503232205e+03
1.110324383548697824e+03
1.938986320580319898e+03
7.922753615142779609e+02
9.373521700565870560e+02
3.622973521622576300e+03
2.559569290285610805e+03
3.633013150282994047e+03
3.710739991641764846e+03
1.552131842100116955e+03
1.566883540103621044e+03
1.411648483073517127e+03
1.443926743341528208e+03
3.778301228978025847e+03
7.606430910792540999e+03
1.630937676873010105e+03
6.073441774455131963e+03
1.347921411861832212e+03
2.255756725882633873e+03
2.127783229071529149e+03
8.097120000526407466e+02
3.716492998897084021e+02
1.206624971141491187e+03
7.670706229355188270e+02
2.632526373807236837e+02
1.267613093203611470e+03
2.869399480571914864e+03
1.851593322494396034e+03
8.475958451313389332e+02
8.125201324185603653e+02
7.532230201552963081e+03
2.969941529269700823e+03
2.439836576867431631e+03
3.480323810578914618e+03
2.775001103956624320e+03
2.223134979535201182e+03
1.632385395978026509e+03
3.165374052122790999e+03
3.528751619147605197e+03
1.511899815537713494e+03
8.767766976754010102e+03
1.533373385845861549e+03
1.113520867935131719e+03
1.798881669463963817e+03
1.839198904006330395e+03
1.766541283328265081e+03
1.034745863071031863e+03
1.275984198122381031e+03
5.141891762418271128e+02
4.671543822882799759e+03
2.214142488844039235e+03
4.753340948607423115e+02
1.439343075766260426e+03
1.152839052483184105e+03
1.248817475033701839e+03
1.279974035537309192e+03
6.428643488678124413e+03
1.364223209329056999e+03
1.555656723677333048e+03
1.927303938721013537e+03
2.171341890380204404e+03
1.393879526867212917e+03
3.027268303062347968e+03
1.963778908548872323e+03
4.871404390642455269e+02
2.035869006425076805e+03
8.157471662908606049e+02
2.372299573015894566e+03
1.487626467461189350e+03
3.389199025908538374e+02
5.639351568058037856e+02
4.119610629701156540e+03
3.612552029511098681e+03
2.469645610432627564e+03
2.622711677064054129e+03
1.434045178677640024e+03
1.544080416905020229e+03
2.158496435242084388e+01
1.673470091261714060e+03
4.189353590625484685e+03
1.298062688450383575e+03
1.774921120217389443e+03
3.674997390567510820e+02
9.517927084573416323e+02
1.199502279472894998e+03
3.353172280501263685e+03
3.290839394529849869e+03
1.650528247554263089e+03
1.434812901474801265e+03
3.359767321191020073e+03
4.131527028922977820e+02
1.071663786227571336e+03
6.050479477416986356e+02
1.132090338191811270e+03
6.207470061792674869e+02
8.809292806761233123e+02
1.804970111482414040e+03
3.938335177880659188e+01
5.683448562558905905e+02
1.108919825865092889e+03
1.170690263522835721e+03
1.934434035799966296e+03
4.559826333910621656e+02
1.249348673813362666e+03
5.041537746252239231e+03
3.945815425085673269e+03
2.472536527856214434e+03
1.271050057646005143e+03
1.759027743794433263e+04
1.964101582658449843e+02
8.495293559759317077e+02
1.533445972271348865e+03
1.943460066160588894e+03
1.707542200013190268e+03
9.942152645334224417e+02
1.024757526940299158e+03
1.998421651921329840e+03
2.762711998306282908e+02
4.581226729595774714e+02
4.983349352657050076e+03
1.518972507904705253e+03
1.350340158715076086e+03
1.194663752417347496e+03
3.224699241155291929e+03
2.295466109249949568e+03
6.756834150702391071e+02
1.142930694785718060e+03
2.650502526833106458e+03
9.264126610557356116e+02
1.582065237384764941e+03
1.552032651370084011e+02
5.680777015972987101e+03
2.349858873963700717e+03
7.065605185014178460e+02
5.303779598423620882e+02
2.181994964663061637e+03
1.680898600371723433e+03
2.125030746327338875e+03
8.223599308232268186e+02
6.763321921543393728e+03
2.474037066606532335e+03
1.427638353208776380e+03
6.431297723703878546e+03
1.742250171493485141e+03
7.961865000878472074e+02
3.111889842797086658e+03
1.312296594158295420e+03
2.245464959718798582e+03
6.217745640249883081e+02
8.845333464311588614e+02
7.854858734636834470e+02
9.467638558350698759e+02
1.776525754093094520e+03
3.543148169639654043e+03
1.494392542448227005e+03
8.660138212116389695e+02
2.735517302676028976e+03
1.678001625305958669e+03
4.441701845952111967e+02
1.374040258445379550e+03
6.020667687103677054e+03
1.195551093507142923e+03
2.455759370071176363e+03
1.659234646294074764e+03
7.804507300329394184e+02
2.580203742602018337e+03
3.773923152322439364e+03
1.287187358574180962e+02
3.087141577865384988e+03
4.423512887504401078e+03
3.982473251844940478e+03
1.716219296587541294e+03
6.310641127164675709e+03
4.737179218822226176e+03
2.596068359496382527e+03
1.380618126932736914e+03
1.352279593783069004e+03
nan
6.529760684329007745e+03
2.078274743490446781e+03
2.579537603629918976e+03
2.047853056025017622e+03
1.425854286224629050e+03
1.624972741220396074e+03
4.850817975049435518e+02
2.200077649417042267e+03
1.693226778105121411e+03
2.955802432522850722e+03
2.833628521863375681e+03
3.051843276767888256e+03
8.014684532407729876e+02
9.158750744559689565e+02
1.750115573811008517e+03
1.607887545873268891e+03
1.419436375131092973e+03
2.410379378433618513e+03
2.509760798374847582e+03
6.398711969605701597e+02
2.426036994448560563e+03
1.209041663140484161e+03
3.074513140213180577e+03
1.777516109733348230e+03
1.344783862413341467e+03
2.562243641037290217e+03
6.589403595578420436e+02
1.257620424882341922e+03
1.134954359714413613e+03
1.694919285179538747e+03
3.410778998281440977e+02
1.673006024934029256e+03
1.833403910138431229e+03
1.329769345235722312e+03
6.243020387717766653e+02
1.758274949742431318e+03
8.133627097689673064e+02
9.111904925131630080e+02
2.212091554208116213e+04
2.129430102952449033e+03
1.273934656862404609e+03
1.736637526501063576e+03
6.442193162113044309e+02
1.743694466799845031e+03
1.666419639828113759e+03
9.158010420290573848e+02
7.840422952250534649e+01
2.078554674471957242e+03
2.875889402687671463e+02
1.213794183403322677e+03
2.154720554259622531e+03
2.085336553198343609e+03
2.276273604224127666e+03
1.451590259880936401e+03
2.225763622300301449e+03
2.468161993589732901e+03
8.870181666899769652e+02
2.638345663841172154e+03
5.010238267514822041e+02
3.548400988739043441e+03
1.086725001704076476e+03
5.612382781167768826e+02
1.377608195750205823e+03
1.803979342274476494e+03
1.999069145041769843e+03
2.690313709098018990e+03
4.117644147055106259e+03
2.141831410576475719e+03
1.290572049869564125e+03
1.330155196145564332e+03
4.360084243147604184e+02
5.408598923205757956e+02
8.631409420568377300e+02
1.956797163140102157e+03
2.194311242121089890e+03
1.654743626368053583e+03
5.041537746252239231e+03
2.040042854049178231e+03
9.047071039761407292e+02
1.946671696850385388e+03
1.064277549339012694e+03
6.880884883463104416e+02
9.298896221010389809e+02
2.015437948735452892e+03
4.958368156268779785e+03
2.238530323286469866e+03
2.932771377962111728e+03
8.449091386483786437e+02
1.050256301868468881e+03
2.063110341799334037e+03
1.242798237476773465e+03
1.218219045747235441e+03
2.382169570915666100e+03
6.752456813190876801e+02
2.296846379418075685e+03
2.381743230385637617e+03
5.220128786574681499e+02
1.194638540712493068e+03
5.215172658815891737e+03
4.175954210717375190e+02
9.727123425825492404e+02
2.874246049572541324e+03
1.305720495671032921e+01
1.639890486280183950e+03
4.903035180218021765e+02
2.844360865847141326e+02
2.090735695204402873e+03
1.096337353925292291e+03
9.927007550520263521e+02
1.112649017161179700e+03
2.502550144417773936e+03
3.227988784053482050e+03
2.238299523178822710e+03
8.350733934954439519e+02
3.285328978715670019e+03
9.433444997556307499e+02
2.542335714962960083e+03
2.781858301318179201e+03
2.783907867192766389e+03
2.674783171800318542e+03
4.570353565616135711e+03
2.955747302521837810e+03
7.804035453065440606e+02
3.733791097920399352e+03
1.153214741554735838e+03
5.316578027844667531e+02
7.514303319937964716e+02
1.975909151389131466e+02
3.609947319069666264e+03
9.325250930495159309e+02
2.292706909066266689e+03
1.342057900182639059e+03
6.444406331071522800e+02
6.567066512912258531e+02
1.361160023039113639e+03
2.614548394146050896e+02
3.158144631024290447e+03
4.662044915316399738e+02
1.734358967959642996e+03
9.165962606748214512e+02
1.312577744611056232e+03
1.586332166282349363e+03
2.040107138544525924e+03
4.090287562847734080e+03
2.361747974387737031e+03
7.528984807700204556e+02
1.816051049440356792e+03
1.473693373399481061e+03
1.447161278317021697e+03
8.276492513732209773e+02
2.409876504132298123e+03
5.824142127553147930e+02
9.066670051015859144e+02
2.268673550935494404e+03
1.962054910479078444e+03
9.046226285601029531e+02
6.705742740646667698e+03
2.777752019186909365e+03
6.463039444992604103e+02
2.647825226718368867e+03
4.865863689253325902e+03
1.550198234168739191e+03
7.815702150386603080e+02
2.704625795818935785e+03
6.200669498691291892e+02
2.551181190182309365e+03
1.688770033438017663e+03
3.024643976707951879e+03
2.597514650927103048e+03
1.862264959509063544e+02
6.621299882863564790e+02
3.544634802904507524e+03
1.897386496580967560e+03
9.381170371905496950e+02
1.726690002986708350e+03
4.438540837643922714e+03
1.160605510765445388e+03
1.303117068693731881e+03
2.011983210140481560e+03
1.237964159978895850e+03
1.215502283635064487e+03
1.058195856335270491e+03
1.854940067787174939e+03
1.181410448080280275e+02
1.085545208709354938e+03
2.431841231347248595e+03
1.383789420953836043e+03
3.699370584792029604e+02
8.800877860289615455e+02
1.635689090365853872e+03
1.820587760893840596e+03
1.238021551852394396e+03
8.717362931478400014e+02
6.067055834103699681e+02
6.909452465320106285e+02
4.768209394663974308e+03
2.754540018965621130e+03
5.709879480644916612e+02
3.010736538141621168e+03
1.336858803149679943e+03
2.839127363787158629e+03
7.144770850892342651e+02
2.183633858957237408e+03
3.329061856042532327e+03
1.205480470117653113e+03
7.647941218435540804e+02
9.461977463071440297e+02
5.315775065608987688e+02
2.492082971811894822e+03
2.278726578122653791e+03
1.845857700757189377e+03
2.644447513580013492e+03
1.972864352993176908e+03
9.543550057779392546e+02
2.188290485781166353e+03
9.391637728685860793e+02
8.644694580596835749e+02
1.296671393542991837e+03
1.444776224587397337e+03
3.435675209839335821e+03
1.207460432527088415e+03
2.904154490961170723e+02
1.396160685926543238e+03
6.895023748538276323e+02
9.878290091940521052e+02
3.220709018940929582e+03
8.124186053213168179e+02
2.756869125090117450e+03
1.770533692963785370e+03
1.575438266889033684e+03
1.789597070601410223e+03
2.915297799357487293e+03
4.728056526734473664e+03
1.616462894807236239e+02
9.326269358331794592e+02
3.025665450287398244e+02
2.770246753444011119e+03
4.782921657516402547e+02
3.745863637409946136e+02
9.519870684924566149e+02
1.869168496950606823e+03
1.472752112798898906e+03
1.593030600968925910e+03
4.564014427044141371e+02
5.685447702839610429e+02
6.672812871921554461e+02
2.137943285232949620e+03
5.225157429238417990e+02
5.893913840519724545e+03
1.414695964453917213e+03
2.776711224309270619e+03
1.498186123272446594e+03
1.256421629133354969e+02
3.968642138555402198e+03
1.006503335608949556e+03
4.179973232901742449e+03
2.442183989307242427e+03
1.129037642199403763e+03
4.021607465772805767e+02
2.180976603219941808e+03
2.094396936887967058e+03
1.550570206029435667e+03
5.931612596507586659e+02
4.178140047745724587e+03
1.620740210617498178e+03
1.540515450300379598e+03
7.167982982328503567e+02
9.995783023221799795e+02
1.717538219753924750e+03
5.545339840241565526e+02
2.713102768629018101e+03
2.401737321781653009e+03
1.492573277374710187e+03
1.071096053891288648e+03
3.315598902027819804e+03
1.860989053507609015e+03
9.201383602854274386e+02
1.274629747831576424e+03
1.230753630323104744e+03
7.521629983910805777e+02
1.917814020844253946e+03
1.990800180707998152e+03
6.135607072351294846e+03
9.660280607409093136e+03
1.455943636484289982e+03
1.977979379837661554e+03
1.267400466354045875e+03
1.277792758936303699e+03
3.266988339033455304e+03
1.182537723340630009e+03
8.749465964792403838e+02
1.608118742671184236e+03
3.849270212271928358e+03
3.239721142644310930e+03
2.507398610787566895e+02
4.252359870933768434e+03
1.058678348650668113e+03
2.013459681274643572e+03
1.342046926931431699e+03
1.094396475516579585e+03
2.586871712455307716e+03
1.825043575348723834e+03
7.601759699546290676e+02
1.060410052908186344e+03
7.804393397024841761e+02
2.669794361891642438e+03
1.690361148210820147e+03
1.845711464337178995e+03
2.969241018346064720e+03
1.866746135764052951e+03
1.864875183380740054e+03
1.745605187336745985e+03
1.853124262832873683e+03
4.786741165135619667e+03
1.691262189991228524e+03
1.538139319438674647e+03
1.392542750586205102e+03
4.006919434901394652e+03
1.266446742510461263e+03
6.092727764472933814e+02
2.177618698480337571e+03
7.101857550187170318e+02
1.123204031853316792e+03
6.728404339162690349e+02
7.851108530190302872e+02
7.905177412249973941e+02
1.780871448577673164e+03
5.305091446221625120e+03
3.056311991995473818e+02
4.187447615176472027e+03
1.763001572256584041e+03
3.297858092332966407e+03
9.596867157192052673e+02
1.228182669799846053e+03
9.283083608116904770e+02
1.150492673231848585e+03
2.808205619846242485e+02
6.954629364631332464e+02
5.397114959461730450e+02
1.972625702689910213e+03
1.164305087807642167e+03
7.640950191122393562e+02
3.593123506849619844e+03
1.459824684746099592e+03
3.011389804571478180e+03
1.378476861786709378e+03
1.438411652708221254e+03
4.438754854395460256e+02
6.710012848643912548e+03
3.087106624215140528e+03
1.752573899021993384e+03
9.268212346814887042e+02
1.279722126432523282e+03
8.473738135661834576e+02
2.312444838561020333e+03
8.191895613767612758e+02
1.146540987157775817e+03
4.846417955213622918e+03
3.537618502393944482e+02
2.592529959295623485e+03
1.184920664287438740e+03
2.875779120270246381e+02
2.172460939388819952e+03
3.899506390778641617e+03
1.045027920318145107e+03
2.122832086408135183e+03
4.945412426518934694e+02
1.183469258228530180e+03
3.971354851537333616e+03
1.283265814359401247e+03
6.087817692333553168e+03
1.630654578642387605e+03
1.270693291575541707e+03
2.119489304609457577e+03
1.835474364925583131e+03
4.745395627462941661e+02
4.173320012644099734e+03
3.879922385045183546e+03
9.671676173300326127e+02
1.055940031806570914e+04
2.937462509722620325e+03
2.409139085437679569e+03
2.026551187844217111e+03
2.479499907256569259e+03
2.326340729450783783e+03
4.491962542392573596e+03
9.996675380422642547e+02
2.262948327359718860e+03
3.138731317852494612e+03
6.536885121392308520e+02
1.455787881027865069e+03
1.813461262022616438e+03
5.252214257001254509e+02
1.721507331218014997e+03
2.684332528780009397e+03
5.360923311228418697e+02
1.671952610339975763e+03
1.659345405993125951e+03
1.922930057177489061e+03
1.424516674370735473e+03
1.284145490777363648e+03
6.230145996934282948e+02
7.498908429040715191e+02
1.385902602741836290e+03
1.126170860812050478e+03
2.055883358902151031e+03
4.831818464616173401e+02
1.177348206283286572e+03
7.992454845800895100e+02
2.195579332292631079e+03
1.241368376934414073e+03
7.803601427292537664e+02
1.875170720334829184e+03
2.069274091517724173e+03
1.391319797583152422e+03
4.312596152883123068e+03
1.383213953873828359e+03
1.245255769191250238e+03
1.680240550196424920e+03
1.507588550824599452e+03
1.043423744069465101e+03
1.302799219346034988e+03
1.303990967241465569e+03
2.081915572525675998e+03
6.000333961003708509e+02
3.966605087004360826e+02
8.831882933561840900e+02
2.200203394374872005e+03
4.459439044470658700e+03
9.616613783287330079e+02
7.277783623829017188e+02
5.453322009253486158e+02
9.194051301997833434e+02
5.432164582205064107e+02
1.640856386680253308e+03
1.341775730748149272e+03
5.623435890820413988e+03
1.507840185988576377e+04
7.001768879725899524e+02
1.273147524280309199e+03
1.641330227175250229e+03
3.715569756334990416e+03
7.745451429394202023e+02
2.248242978083120761e+03
9.424591658183026084e+02
1.431773189522275743e+03
8.986364480533119377e+02
5.978662388527016446e+03
1.462599281301077781e+03
8.204091922419995626e+02
4.823891476668739415e+03
1.522408604002295306e+03
1.095020410665366398e+03
2.874046434772325483e+03
2.786774618875368105e+03
1.643790208425244145e+03
1.354480078433156507e+02
1.658027430983105717e+02
5.080254746467405312e+03
2.833816385140528837e+03
6.505292871082630199e+02
2.634811033613097152e+03
1.335574846914682212e+03
3.088539049343321949e+03
2.202566803346451252e+03
1.573503898914219462e+03
2.628622190603279705e+03
8.944724883625536904e+02
2.188021773938677597e+03
6.162560984274590510e+02
1.953394754015690751e+03
2.524467183223142001e+03
1.151121183915522124e+03
3.161055864953057608e+03
5.825097048259522126e+03
1.086391836270930071e+03
1.153621341897711545e+03
3.650558257230079107e+03
4.427886264602444157e+02
6.567066512912258531e+02
2.409218285589234256e+03
2.316964273914597015e+03
2.089966862863026563e+03
1.473533979239169412e+03
3.250152716814983251e+03
1.205464063955486154e+03
4.279299230268132305e+03
1.304857053392822763e+03
7.094988525488759024e+02
7.023681633668983523e+03
8.270516382703298177e+02
1.290193039335493495e+03
1.406673184707466589e+03
1.706968992274234097e+03
1.293231202939379500e+03
3.081264463968119799e+03
8.757932483193688995e+02
1.521159598883288709e+03
4.989663095639285473e+01
4.390230247220509341e+02
1.136440081563042668e+03
4.819328218330822438e+02
1.839868629000251303e+03
1.536255527063217414e+03
1.863416207120164017e+03
1.436321621211733373e+03
1.498113751055210741e+03
5.052437227857680568e+02
2.987944212326514844e+03
3.134444008816029964e+03
3.477327105047889290e+03
2.668627529176504254e+02
1.315495385599089559e+03
4.763917928747908945e+02
1.677189463555886277e+03
5.963265433534864997e+02
6.817892960007108059e+02
2.228505686292105565e+03
2.103798986384871569e+03
1.982517169327409420e+03
2.081075818359083314e+03
2.452992529854617260e+03
1.491313705913734111e+03
8.724208616381932870e+02
1.310761206071940478e+03
5.721838209712219623e+02
6.212940737082416263e+02
2.728419190785933097e+03
1.723007236021019708e+03
1.843430881990112312e+03
8.269816452000487743e+02
5.774822285569398446e+03
3.263530805722572950e+03
2.464576581484262533e+03
2.486040759690194591e+03
1.030653253861956728e+03
1.083594328783071978e+04
1.451816729492229342e+03
4.725747652220193231e+03
1.700900455389641365e+03
8.905847172251741313e+02
9.017655018189565453e+03
6.151370415918866456e+03
9.119476991757399276e+01
4.616034410278530231e+02
1.671641656766494407e+03
1.519269646364393793e+03
1.835578218185966762e+03
1.386570918387398024e+02
7.577577376092281156e+02
2.707836622095141593e+03
1.450858664476434569e+03
7.865124384511989319e+01
2.658820134989456392e+02
1.032603723767174188e+03
2.425396867977741749e+03
7.205332109966969938e+02
6.343356785946061791e+03
8.115833230758314585e+02
2.770088239007115590e+03
1.757233975406521267e+03
1.247224433778811090e+03
7.332594505281425882e+03
2.239035049279166742e+03
5.215290978823372825e+02
7.581165244166382990e+02
5.062163913553720249e+02
5.508813258725317610e+02
1.044449919781853396e+03
2.330939942890575821e+03
1.709701198860827844e+03
5.887167172648095175e+02
9.506309804598719211e+02
1.031314868146854678e+03
2.619961183058414008e+03
1.782967314841640246e+03
4.058222536177211168e+02
7.813393303608509086e+03
2.465472666460979326e+03
2.297578452614941966e+02
2.645771379211106250e+03
4.676918316160710674e+03
8.840176942555773394e+02
8.961962010290075114e+02
9.901029790830982165e+03
1.913478513731394969e+03
9.167154048300307068e+02
4.110839502356752178e+02
1.788432620418074521e+03
1.221943123704261552e+03
1.071067540090324883e+03
1.247079596467769079e+03
1.337556808645778119e+03
1.342057900182639059e+03
5.852841389601706396e+03
5.755086513362734877e+03
1.962823425710826768e+03
5.028833922189592158e+03
2.542688802109441610e+02
1.750959590335975463e+03
1.786846840308063520e+02
8.860428822203491563e+02
2.391960117181583428e+03
8.462913685468732865e+02
2.497384604862786091e+03
1.201745681751741131e+03
2.465472666460979326e+03
2.561145620864699140e+03
1.564048198021402868e+03
7.326637457650600709e+02
1.935274491251057043e+03
3.945802044823435608e+03
1.626985597372890879e+03
7.420152062474288641e+02
1.570625716448073263e+03
1.251852216102337479e+03
1.145168925658304715e+03
4.088264210799570151e+02
1.857021965569882377e+04
1.653736782833030475e+03
9.531194208061651807e+02
7.830445818322667719e+02
1.671733032540345675e+03
4.922435699059756189e+03
1.657683070800765108e+03
4.418740338316011730e+03
3.801319393331097672e+03
1.073123405206985808e+03
1.321834626272059950e+03
2.469944182739428015e+03
2.673288737431840332e+02
1.133254755950464869e+03
1.208456044902256963e+03
2.007978284707256535e+03
2.859264362997063927e+03
4.787317055215416417e+02
1.363494495931752681e+03
4.600630596383070042e+03
3.355405507273729654e+03
5.630827980422243400e+02
2.595030931419811623e+03
1.994011445205498376e+03
5.638267245578494112e+03
2.137284496119580126e+03
8.191895613767612758e+02
2.110043585724668446e+03
1.497078194702486144e+03
2.536752655385944763e+03
5.191549482002982586e+03
1.933665705230678896e+03
2.938153315962583747e+03
4.460693754649485527e+03
1.277584405839851570e+03
1.101268440697770529e+03
8.087584428295198222e+02
6.482876415155592440e+03
5.598684768694212153e+02
1.760241063848399563e+03
2.841769629053266726e+03
7.933844656515809675e+02
3.190611671971677879e+03
2.692768142183864256e+03
2.111352487974184896e+03
8.495019600126675869e+03
8.984600109355708355e+02
7.047298560958876124e+02
1.646009218926443737e+03
4.749934731612872383e+03
1.297004199464987778e+03
6.821742021993810567e+02
4.472569093649252068e+02
6.097685697776485085e+02
3.543146999810630405e+03
2.619337020598776689e+03
5.093432865904237588e+03
1.269674515570634867e+03
6.659403423205505987e+02
1.749174691539723199e+03
1.313519200996516020e+03
6.137490519894337240e+02
1.036319963750525403e+03
1.247718272655719829e+03
1.504461292559938101e+03
1.705995268576826902e+03
3.137355169472322814e+03
1.286470197477828833e+03
1.916900846145105334e+03
1.452395538878485695e+03
1.279316169240308454e+03
1.383640330299821471e+03
9.427378878119591263e+02
1.494238418912233783e+03
1.848825144783749465e+03
2.088978063091666172e+03
1.065970731467314636e+03
1.366731501280958128e+03
7.808202872738337419e+02
1.976845655964169509e+03
1.179355162888585255e+03
2.330525159671225538e+03
1.621406638806974115e+03
1.634540830053181537e+02
3.496269742008292951e+02
3.846984631953745065e+03
8.977737051556140386e+02
3.678718079868199311e+02
3.323708397725044051e+03
6.937565444528479929e+03
2.788860278108823877e+03
4.532790997584163051e+03
7.507805424453572414e+03
8.080631084611650294e+02
4.089627130854836651e+03
9.463932317141441217e+02
2.302708649319544293e+03
7.799033698668714351e+03
5.222302218108433408e+03
1.256956970288143339e+03
2.512157783669081709e+03
5.631538070771672210e+03
4.296274832146275457e+02
3.086467307083158175e+03
7.208844395517315206e+03
2.295784597047745137e+03
1.203151179290853634e+03
2.128669419317087431e+03
7.381144505090392158e+02
4.820442854497469511e+02
2.215193898048032679e+03
2.431183184374926896e+03
1.338159521575135386e+03
4.279403050101981165e+01
1.221534417375995645e+03
9.772334965345639830e+02
8.973511854598651780e+02
5.250154455149970090e+03
2.609991513512489291e+03
5.491188171452663482e+02
2.973888854931289188e+03
1.816712636301064549e+03
5.952680350336034962e+02
2.946999928359228306e+03
1.212203946978632075e+03
1.951068174831841361e+03
3.708938595913287486e+02
1.355885268770677385e+03
1.349378527570261667e+03
1.349014505950091234e+03
2.127234215448158920e+03
1.863893597455658892e+03
1.784681944549576656e+03
2.592778747984215443e+03
1.928949644428334068e+03
1.443092453237301925e+03
2.161123577621473032e+03
1.284773754842861081e+03
1.068547514140870135e+03
7.796421787358960955e+02
1.687984381085584346e+03
1.640029656042316674e+03
1.406340107703422291e+03
3.539681732546534477e+03
7.713540291499043633e+02
8.983749466954353693e+02
1.183377990567500092e+03
1.310627213608084730e+03
2.839708180888881998e+03
3.139100056745598408e+02
9.398311223378976820e+02
1.600753246614817726e+03
5.276797337975082883e+03
3.222908826983269819e+02
2.507091320557375639e+03
5.206619671160201079e+01
1.465781482493064459e+03
2.783907867192766389e+03
1.376242849007747509e+03
1.530301333439418613e+03
3.188710845184611117e+03
1.517932779131750976e+03
1.651880957751858205e+03
7.192756057984352083e+02
1.836873238962034748e+03
6.951467113010967296e+02
7.491381171377271357e+02
1.745548807018454227e+03
1.660694603188313067e+03
1.156512900852000485e+03
1.349544521431141902e+03
7.661235829846726119e+03
5.335452391327448822e+02
3.014235738029705658e+02
2.089831040925837442e+03
1.150216034194829945e+03
2.085654900457869644e+03
3.934605630813730386e+02
2.280805624419709147e+03
9.841528492786986817e+02
3.160273245592422882e+02
2.493027532481449725e+03
9.760290223754491308e+02
5.229929642539047563e+03
1.651667810742973870e+03
2.462309762441976090e+03
1.322504029679211044e+03
4.058222536177211168e+02
1.387569986108727790e+03
1.108539633782610053e+03
1.405257458869502216e+03
4.957888794714255596e+02
1.426705967357276222e+03
8.117776878196257258e+02
1.859058106699535301e+03
