2.384120967703095175e+03
8.788084125632676660e+03
1.531634715957860863e+03
3.032343688455802294e+03
2.018918301769770551e+03
2.333048346817175116e+03
3.394650740692162799e+03
9.519135508549645692e+02
7.063965227332540053e+03
5.341969446729621041e+02
1.489659917080346986e+03
2.456358911697067470e+03
1.945867504357675671e+03
7.489099821495266269e+02
4.738397457450068032e+03
1.512614458485798878e+03
3.227628847636760838e+03
1.642930010539616887e+03
6.457246504467809700e+02
1.054560973305978450e+03
5.919626231528145581e+02
1.428066530001549609e+03
1.336933718239319887e+03
1.568863276363491650e+03
1.084093939021894357e+03
2.407479130848972488e+02
2.549120999701216533e+03
9.344073023813729151e+02
3.742717784720661257e+03
2.547045725752162980e+03
1.155569327711960796e+03
5.343523695630220573e+03
5.454597788939096972e+03
3.861753050135943340e+03
2.087326146298617459e+03
3.791932407738471511e+02
2.153417597824627137e+03
1.519116508985827750e+03
8.629975404776338337e+02
1.234567167610057368e+04
5.966630449359101362e+01
1.975024864595199915e+03
2.081029645261587120e+03
8.712270307464625603e+02
1.215954643892576769e+03
2.145032582845135948e+03
3.134015098191634934e+02
2.963643095113608069e+03
1.504267242613574581e+03
1.172305676928085404e+03
1.111939691772173546e+03
3.729306871073944876e+03
1.048965376208949692e+03
1.375324672824568097e+03
6.481369636772349168e+02
2.171096243937299278e+03
1.569943221188058715e+03
3.174142647766224400e+03
1.065016624406145638e+03
2.080649689715149634e+03
8.607868982585341655e+02
8.307788701115475760e+02
4.921344353929222962e+03
6.712976228266921908e+02
4.116371567530298989e+02
3.166354295467461725e+03
1.090902592952927080e+03
1.271217165572331169e+03
9.563672964694948178e+02
2.494552679937452012e+03
1.578416974457728656e+03
1.176303838349424723e+03
1.833921690833980165e+03
1.919488498765282202e+03
3.203148627699450572e+03
2.595714044890382411e+03
2.191363486662217383e+03
1.298206019324951512e+03
1.201680032149280350e+03
2.786420553896105503e+03
2.256590377967733730e+03
1.554179485734555783e+03
4.148781267831240257e+03
1.496233242678401893e+03
2.695598514557528688e+03
2.279304401753643106e+03
2.272375366716289136e+03
2.417401048376143081e+03
2.806835587247844614e+03
7.353084083904155705e+03
4.009371685024497765e+03
3.901075873314649471e+03
4.189044933736647636e+02
1.576434374852178053e+03
2.798009200381129176e+03
8.123535073155399004e+02
5.265984960645884030e+02
1.885703294741748095e+03
6.659827652027914155e+03
6.111400837413527825e+02
1.997797845996211663e+03
2.694105788520465467e+03
9.734269819612864012e+02
3.706626866855921435e+03
1.400232590991525512e+03
2.152925553224497150e+02
9.994651727469837397e+02
1.334372991716448951e+03
1.730300983022751780e+02
4.516606207577075111e+03
9.529156616911187712e+02
2.779007664410044981e+03
1.766193550273957499e+03
1.760264035185481816e+03
1.171779477765435104e+03
1.655345734696014915e+03
3.627767649634181907e+03
5.370301940771850241e+03
2.470807824435850307e+03
1.773320334088635263e+03
1.327970915598252759e+03
3.871770287380435093e+03
4.212752117665287187e+03
9.236701888243023859e+02
4.118074513517874948e+03
3.243866589379460947e+03
2.418831282855941026e+03
2.745006922312634742e+03
1.001498888496797235e+03
2.627084840859840369e+03
1.318005344547332697e+03
2.327614406700601648e+03
1.044719090307503620e+03
2.076263650351220917e+02
2.220543637398455303e+03
2.310244063460223970e+03
1.539560913903000710e+03
1.215648879769994437e+03
2.308428271498430604e+03
8.802681704636676159e+02
3.110273742487310301e+03
2.333130652326260133e+03
1.246333338502760171e+03
2.392979963017197406e+03
3.019185629223209162e+03
5.779086057728213746e+03
1.265753917682177416e+03
4.197287314814784622e+03
1.213545514257121431e+04
2.697358160182303436e+03
8.177078556780550116e+02
1.044787885811429987e+03
3.770904629727004703e+03
5.790805088081035592e+02
1.731115387068416794e+03
1.435644556801627004e+03
1.951673137651451952e+03
4.856541357536200849e+03
5.573205239126350534e+02
1.768241268968008808e+04
2.946304527763829810e+03
8.426179138745359523e+03
9.979136347320430787e+02
4.299872650498107760e+03
1.212518504644921450e+03
2.189770171283416857e+03
3.649483859031040993e+03
2.439080872542586803e+03
1.889513144232193099e+03
4.046324397727378255e+03
5.695825566685338117e+02
2.198628018464909019e+03
2.378634407370457211e+03
4.843046919451532631e+03
1.718202700396009732e+03
1.011650335173957046e+03
3.969816755981777533e+03
5.968262685144532043e+03
3.470536460368138705e+03
1.293657159660425123e+03
4.695389783179274673e+03
1.370167302188047188e+03
1.172379044306241667e+03
1.438019094534353371e+03
3.704171336482029801e+03
3.310020877062937416e+03
2.483969713959977071e+03
5.613090842222472929e+02
1.039752796352709311e+03
1.907903897063358045e+03
7.514300759291467102e+02
1.750905396851995874e+03
2.883075802008424489e+03
1.924547478916728505e+04
9.662939029797259991e+02
6.824836517218922154e+02
3.102114435090336883e+03
1.001310058820894028e+03
9.298163221310043127e+02
4.368895716526406432e+03
2.575179562502315548e+03
8.147866783190429487e+02
1.451990262078686783e+03
4.335565351095018741e+03
2.767720646139650853e+03
6.777960088547400119e+03
1.685642427586805752e+03
1.081490745108823603e+03
9.764672866717812667e+02
1.178829864703256817e+03
3.259931090447234055e+03
1.664450486569484610e+03
2.080711503988797631e+03
6.606639273499498586e+02
3.394344566131084775e+03
5.615216674873597185e+03
1.439659001527876399e+03
3.066300877112717899e+03
3.786923018843080513e+02
1.414428895159303238e+03
1.659491819954040920e+03
9.850205929595355201e+02
7.745752822257627486e+03
3.469542227684087720e+03
9.658995877463681836e+02
3.265114502536890086e+03
2.443407703236735870e+03
1.327030906952179976e+03
4.780235775068993462e+03
6.356687098521098278e+02
8.792262240925862216e+02
1.357115620924487757e+03
1.285357402938192308e+03
8.196072048433690043e+02
1.463595824448603707e+03
1.364705042213442539e+03
5.782977089766769495e+03
4.404468379306672432e+03
1.351354927742713926e+03
4.155354052956006853e+03
1.778681126146618681e+03
2.259026011453056071e+03
4.063083734483926946e+03
1.030281161056964947e+03
3.249325356716687565e+03
6.025323444951525744e+03
2.280300849529910920e+03
5.502784947943540828e+03
9.486733860403088329e+03
3.298327099772553083e+03
1.267788667123027381e+03
2.138170723899721452e+03
5.010212263173742031e+03
2.580136317953333219e+03
1.110406254523187727e+03
1.148483244134778033e+03
5.283436240569370057e+03
2.839810452508349499e+03
1.878224767545242230e+03
1.460433172438396014e+03
6.133402097269650767e+03
1.046811793992857247e+03
2.008494272343404418e+03
2.580231436638046034e+03
8.828903333874438886e+02
1.954422202313299749e+03
2.190816036908713045e+02
1.245803946855282447e+03
1.412028441644175700e+03
4.371832091302228946e+03
1.550307009589750351e+03
1.104809360591860923e+03
2.373672323848393262e+03
5.951028847246183432e+03
5.080508525031106615e+02
3.632348428227461682e+03
3.384976233417975436e+03
4.324114445933947536e+03
1.167315127324784953e+03
2.022613803649926467e+03
1.261404973858006315e+03
1.623674885048009628e+03
8.833368045244648101e+02
3.868651270320303865e+03
2.076705953995915479e+03
8.265339826265873171e+02
4.416304041882646743e+03
1.662573384789492138e+03
2.544944058062886597e+03
1.519139677119834005e+03
1.575458009888173365e+03
1.941058420233682455e+03
7.345562500681047595e+02
1.863872055285091392e+03
2.296642362537812460e+03
1.365305212684023445e+03
2.477116190255957918e+03
1.902542257181056129e+03
2.138519782853035849e+03
3.026279080769594657e+03
3.783127845424828024e+02
1.701804418924614538e+03
1.586332540456835432e+03
1.103143345622245306e+03
2.095465958982318170e+03
1.010265991139435641e+03
2.790856122193081774e+03
2.896066905516547649e+03
1.605570085704131998e+03
1.153745330826251575e+03
1.283780101498039585e+03
7.470050184393454629e+02
1.815375699013391113e+03
1.276445541534972108e+03
1.620016326142910430e+03
1.149244382723180934e+04
2.355269383259889310e+03
4.909238993378519808e+03
1.048442404534964680e+03
8.459377793557718178e+03
8.250468508206357683e+02
2.269400422113366858e+03
1.420659688638377702e+03
3.505918261046419389e+02
5.122801752032473814e+02
1.294167147759286081e+03
4.498890006966477813e+03
1.201583595154937029e+03
3.070098765223692681e+03
9.209618962388377668e+02
1.102261237983829915e+03
1.118305332673946850e+03
4.426618827272248382e+03
1.607049086224691791e+03
1.164569678323186963e+03
5.134763318081983925e+03
5.361198840374876454e+03
2.768752663230400685e+03
1.220584160823117372e+03
2.708589820759031682e+03
5.169049100053941856e+02
1.644890118260412464e+03
1.273248025139723040e+03
1.948275312908663636e+03
3.905180997061231210e+03
2.384611299768912431e+03
2.641685097614397819e+03
6.202936980140751075e+03
1.475002589667174561e+03
1.579597043397992593e+03
2.038101239995645983e+03
1.176538892184480574e+03
1.630793125202439342e+03
3.029721874472484728e+02
1.714206807283712806e+03
1.136439310452411746e+03
2.338730118988021331e+03
1.034314305971925251e+03
8.194771401975496019e+02
2.731131791171833356e+02
1.155586496419880132e+04
1.594580717416015659e+03
1.456165930267048225e+03
2.138170723899721452e+03
1.132848465850198409e+03
1.222865916761489871e+03
1.137509625863322754e+03
6.659827652027914155e+03
1.079536560497543860e+03
7.328370607208766160e+03
7.688052342437090374e+02
2.426055325536107830e+03
2.371252759824938948e+03
1.080951515037608715e+03
1.035722805174256791e+03
3.754072916225508834e+03
2.408403361189363295e+03
1.107437406209407300e+03
1.472511000375742697e+03
9.515378451058610381e+02
1.849814626539553728e+03
1.977907001710221493e+03
1.818987880149558350e+03
1.639317445718161252e+03
2.678121300576509384e+03
8.209282555836365418e+02
9.862343453314183535e+02
1.466598909296854572e+03
1.599309360680358395e+03
7.959032192669037613e+02
4.160772392583779947e+03
2.171096243937299278e+03
1.734945182853002279e+03
1.915420739526181478e+03
3.262431792541911364e+03
1.237472654733034233e+03
7.735381851349141016e+02
2.917049326317488521e+03
4.302477051524859917e+02
3.156606690474404331e+03
4.392911895824433486e+03
1.209210981815712103e+03
3.886718778524884783e+03
1.141360699720104321e+03
3.717243487709448345e+03
8.617899063244915396e+02
1.884476893599556661e+03
2.066538303885751702e+03
9.127982209110725762e+02
1.102341506161102416e+03
1.368907923826640172e+03
8.368576181586186067e+02
1.411833229931604592e+03
7.035013191986365200e+03
2.182925401993073137e+03
2.966085033774153089e+03
1.337325747187624529e+03
8.045773798204957075e+02
3.285754026428354791e+03
1.059514793528646578e+03
1.066308491250823863e+03
5.366181964265067108e+03
2.356075730302686679e+03
9.208402142743125296e+02
2.577320015191489347e+03
6.872067231915006005e+02
1.087779893441827880e+03
5.100552191958478033e+03
3.273270479789753608e+03
7.583681853755742850e+02
4.853137605374594386e+03
1.487888084959188063e+03
1.342691667627097331e+03
2.283726229981440156e+03
8.453658771491218431e+02
2.674922711637469547e+03
1.306491177851531120e+03
2.898184295533932072e+03
1.032660750218471094e+03
7.450627463823953804e+03
9.401204640583468972e+02
2.488133808989017325e+03
1.369174520349366730e+03
4.154829704590390975e+03
1.149308038697906341e+03
7.789616865321944715e+03
1.373244644602028757e+03
9.731376987619395322e+02
1.619925509776415083e+03
5.764485464048821086e+03
2.253715020939258920e+03
2.023061053075189875e+03
2.121348383405687400e+03
1.402639920428788173e+03
3.856645086080676265e+03
1.411372003742638299e+03
4.438156995408136254e+02
9.564287911926837751e+02
6.528334892189111542e+02
4.867864140519659486e+02
1.403088573782203184e+03
2.781364905288762202e+03
8.558263707872595205e+02
1.620377561843463582e+03
3.260508134426132983e+03
1.709706071863971601e+03
2.808851456235893693e+03
1.172181756952106980e+03
1.204956794009736541e+03
1.741857136968850682e+03
1.498231032913869967e+03
3.526944566491652040e+03
3.782869658915884884e+03
3.171540588127591491e+03
1.943988519061767647e+03
3.296650346952791324e+02
9.994656445006953618e+02
2.652144875779797076e+03
2.351056799004551976e+03
8.037471484829694646e+02
8.067365772074113011e+02
2.253918194547187341e+03
2.576722986153291004e+03
6.363940715930253873e+02
1.908223036580927328e+03
9.330815398647597476e+02
1.325514082515523114e+03
4.849002691416688435e+02
1.625149600400385907e+03
3.696706923004629061e+03
2.822651708084253187e+03
2.264006225796192211e+03
7.250109627566514973e+03
2.092560045217459447e+03
3.511460678269313576e+02
4.480519377378184799e+03
3.373361744789513637e+02
2.802124697184161050e+03
2.479827411938482328e+03
1.253881302468346576e+03
3.710952929013623361e+03
2.089842830852527186e+03
1.586165461147339374e+04
1.812124636858286294e+03
1.023117155774890989e+03
1.249884196045934686e+03
1.805445564746590662e+03
1.338163895465317637e+03
1.243965127810042986e+03
3.835549428908797836e+03
1.200371095356354317e+03
6.098596538557146687e+02
3.915734568022497115e+03
1.301477297356881309e+03
1.299309410516394792e+03
2.812819698071224593e+03
6.996179757314840799e+02
1.951690444679812572e+03
4.007213780354763458e+03
3.531850119171281221e+03
6.737994412760041314e+02
1.137512252071631565e+03
3.482676228705179255e+03
7.966247137595643835e+03
1.795234664609230549e+03
3.274258303632175739e+03
5.472191293409283617e+02
3.408181866009354962e+03
2.198628018464909019e+03
2.198529842428255961e+03
1.354881909510977493e+03
4.594491150999476304e+03
2.576180445752930154e+03
5.942756329352913554e+02
2.785553292475542094e+03
3.508054503819430465e+03
5.236478718136703492e+02
1.284385426738913793e+03
2.430959686837992649e+03
1.065613717496780055e+03
2.096870421034234369e+03
2.045052177251275452e+03
1.561867391575029387e+03
4.833627035747792434e+03
2.089596734970102261e+03
1.597576032417658325e+03
3.964367680348412705e+03
4.109243379407277644e+03
6.436478937393306978e+02
1.834662254344890471e+03
2.430176065785437459e+03
4.555570539864977945e+03
2.436635778872402170e+03
1.067968118489031440e+03
9.969431219351088203e+02
5.315761709630482073e+03
8.471943642979566675e+02
6.678157050689686002e+03
1.152663227836670330e+03
3.908655145364342388e+03
1.806222275711209932e+03
1.748585306738673580e+03
3.442055592450533368e+03
2.217200917568220120e+03
1.124736819415153150e+03
2.453860962102743088e+03
2.581875022543461000e+03
9.760485912251720038e+02
3.356038582431305713e+03
3.240083904537616945e+03
1.271658196737045500e+03
3.937491682241081890e+03
2.843853604905804787e+03
5.694677838258277234e+02
5.797646855689177983e+02
3.903485254040336258e+03
2.050936187526880531e+03
1.438197142859429505e+03
4.898122743215500918e+02
1.896548886709073713e+03
1.552955490691988416e+03
1.361666289488147186e+03
2.113342805088824662e+03
1.087495939345469651e+03
2.360389289401266524e+03
1.409690794659245284e+03
1.922050112905795231e+03
1.393520014997246790e+03
4.172519235374677919e+03
4.124643142958196222e+03
1.323623490749270104e+03
1.772296760853893602e+03
3.486332847434774180e+02
3.793853784460437055e+03
1.071627619808495183e+03
2.085804111717332489e+03
3.920009250154098936e+03
9.412803151700501303e+02
2.954016642389114622e+03
5.519015180910439994e+03
2.675260648095775650e+03
4.249771266774227115e+03
1.187978797979459159e+03
4.333711959767715598e+02
3.152983443058812554e+03
2.750608377297899096e+03
1.639246289353126031e+03
5.691092711695914659e+02
4.277389331198835976e+02
1.889285729837743474e+03
2.723313285044923759e+03
3.223785483481306983e+03
2.657962437330863850e+03
2.023061053075189875e+03
1.374229124040461784e+03
2.988319404311547714e+03
1.565650085942942269e+03
1.513295454381594482e+03
4.750293475753493908e+02
6.701793966627124064e+02
2.224119233698989774e+03
3.391392530063180857e+03
1.476099492207921685e+03
3.768866664868773455e+02
1.467359559014799970e+03
3.742469779872529216e+03
4.470781121329901907e+03
1.721595608322996668e+03
4.970513588672894002e+03
2.410097336406811792e+03
3.645438200860105553e+02
1.386327515600924471e+03
1.039315278996409688e+03
8.407861210011924413e+03
6.927157738203434292e+02
2.746060063226942020e+03
2.159985393976709020e+03
8.051847276437769096e+02
3.714020337582509001e+03
2.798402454451600079e+03
4.325481830622979032e+03
1.672680402170859224e+03
1.931877453601423986e+04
3.201533607520605528e+03
2.930822425116130489e+03
9.040373362085692861e+02
2.528815456741825528e+03
2.892201062111173542e+03
1.270883221552918258e+03
4.363269626653054729e+03
6.744339975839569945e+01
6.935811618145938837e+02
3.842248985338812304e+02
1.837597540985535943e+03
1.526144251334546971e+04
3.128615419419099908e+03
5.430135875653006224e+03
4.756595490208216688e+03
1.335795190760240985e+03
4.346425813139044294e+03
4.214005977275508485e+03
2.001450694215425983e+03
2.017711307435096842e+03
1.448658565643431075e+03
2.800817254542994760e+03
1.329750106645049300e+03
3.542343032127468177e+03
5.414210495688313131e+03
5.687625351547000037e+02
1.761949108832419142e+03
2.545775217251680715e+03
1.090041354634608751e+03
1.310750890209066029e+03
5.752568266402810877e+03
2.228892296970744610e+03
2.796027211504743718e+03
2.491279686574159314e+03
4.218851766738592232e+03
2.169695402081205884e+03
2.992889109368516074e+03
1.791453617218590580e+03
1.731833944399371831e+03
1.950403924414883477e+03
4.376397249919684327e+03
3.550511217976481021e+03
5.999441425163018721e+03
3.802124625312389071e+03
1.016024026611175486e+03
3.539306524423350311e+02
1.432906565483396435e+03
1.421096854841196182e+04
3.716320219876019110e+03
4.188579701429395755e+03
6.009438898208508363e+03
8.238025224719467587e+02
1.563784882726365822e+03
3.786923018843080513e+02
1.368977412174749361e+03
4.858615702582025051e+02
5.283342899246102206e+03
6.607018091849033681e+02
3.098290867275480309e+02
2.093750179676188964e+03
3.860266092255756121e+03
8.831806378085387905e+02
1.801289579341767649e+03
6.911409501783296037e+02
2.637156164153650479e+03
3.296650346952791324e+02
1.099576276892055148e+03
1.712932002092858966e+03
5.524428898627124909e+03
7.463609346270749256e+02
1.768036571174827941e+03
7.045308778940734555e+02
1.074413544487115360e+03
6.541359491485535500e+02
5.844461937195139399e+03
5.031282713510388930e+03
2.235406193866331705e+03
8.749310412527493099e+02
5.563710245770000711e+02
2.992987754479203772e+02
2.604602212798713481e+02
2.150426949850899746e+03
4.489256186941983287e+03
9.319158189858843571e+02
2.441089013353405790e+03
2.425380870464693544e+03
1.913625453952011185e+03
4.097852660040127262e+02
1.443530216862504403e+03
2.025681105150326857e+03
4.487769905974027438e+02
2.095885256850224323e+03
6.672236341242404478e+02
9.390248344090960018e+02
3.189494537289167056e+03
2.289580685771308254e+03
1.162735697749566270e+03
5.328924875621395586e+03
3.519825358252911428e+03
1.510249870485439033e+03
1.518383972845933158e+03
1.739644339774205946e+03
3.145231649403405299e+03
1.809859919746016203e+03
5.548662672102073884e+03
4.480519377378184799e+03
2.703353303157671235e+03
1.877543599551151601e+03
1.386574108495551855e+03
2.303012384417663725e+03
3.190736754720086992e+03
1.036680340930609873e+03
3.230184700213573706e+03
1.014646503826628987e+03
2.806555464980160650e+03
1.292669724001897066e+03
2.658576303361886403e+03
1.240963195039974153e+03
2.172084476269747029e+03
1.685518387543507743e+03
6.592112118718953298e+02
2.249283890692469413e+03
4.597320289325003273e+02
1.469837653582494340e+03
1.094263653845392582e+03
1.860762499438026907e+03
5.757898291422545299e+03
1.477252559524545859e+03
2.674755856670591584e+03
6.456102061910112752e+03
1.751789516495319049e+03
2.534055438314031790e+02
4.026691151416321190e+03
1.281810026484058881e+03
1.735211356702488501e+03
4.337388625654248244e+02
1.599024978594606864e+03
1.302729371662755284e+03
1.815194525631505257e+03
1.504976675229374450e+03
2.436635778872402170e+03
3.703576690150397098e+03
2.813884332644591723e+03
2.398666514857560287e+03
9.627903526320562833e+02
2.977519860342892116e+03
1.289180934612975079e+03
4.612242235578012810e+02
2.211009982614938053e+03
1.247218524510936504e+03
3.778375521230901995e+03
1.206576094240074326e+03
5.101662305421393285e+03
6.340209232804307931e+02
3.782466729215359464e+03
8.989504453644068462e+02
1.161809827922712657e+03
3.536356575732341298e+03
1.582070786389776231e+03
1.036672288768552335e+03
1.586371141911712357e+03
1.390704628814401076e+03
1.022060680105296910e+02
4.205036006427993925e+03
1.475617357277614929e+03
1.715740529528949992e+03
7.471197714074271516e+02
3.845687295410527440e+03
3.516338979993788598e+03
4.370879642414577688e+02
1.549831260984865594e+03
2.137461962000514632e+03
1.452275953882023259e+03
2.975102921478828193e+03
1.395344758522419170e+03
8.397930593518833120e+03
2.806221916788399085e+03
3.687243479603510877e+03
7.555298550138745668e+02
1.718825460676564717e+03
1.978814704887044400e+03
3.633679243945724465e+03
3.886039226558076734e+03
8.745519319806376188e+02
1.249093858562063133e+03
1.570625023196811071e+03
1.102052354500317051e+03
7.718401005487552538e+03
3.607009553882852742e+03
1.700429203023164519e+03
8.358190324227940664e+02
1.172587573696278923e+03
3.960949367655904098e+03
2.893613481179872906e+03
1.704564512258247532e+03
4.398782809974466545e+03
3.829047062694095985e+03
2.134300481956129715e+03
3.385935203347557376e+02
4.785903301881219704e+03
1.300283217739810425e+03
1.733635277669349080e+03
1.299309410516394792e+03
4.020025758456723452e+03
2.148377667226912308e+03
3.479872667831145009e+03
3.169666472056693692e+03
1.331655970763379173e+03
5.564214838258436657e+02
5.840507211384821176e+02
1.383839750237768840e+03
1.573866869788780832e+03
4.149216253193215380e+03
4.837071932426706553e+03
1.524180959210729270e+03
1.718618712677010990e+03
3.136880057774380020e+03
1.646094208689993366e+03
9.680770819795252180e+01
1.025423429538799837e+03
2.583709809488066185e+03
2.282944256500225947e+03
8.865081242133508113e+02
1.906892371954667396e+03
5.313801334546226371e+02
1.487943155738160613e+03
7.355817472713652023e+02
1.396491227454101363e+03
4.766110250390862348e+03
1.383033892385680019e+03
3.917694678230130194e+03
9.605691081944364669e+02
2.432717450437537082e+03
3.819572096524708741e+03
6.689635756932319737e+02
5.954485393110443283e+02
4.652221597780750244e+02
1.970480689489092583e+03
4.406852043886152046e+02
1.167931946213772108e+03
3.845900345628231662e+03
3.738120532647651089e+03
1.425976351093685480e+03
1.432768272952539974e+03
3.655678746830320051e+03
1.601077601206255622e+03
2.117040375430996846e+03
2.479623451485658279e+03
6.233185163311771248e+03
4.610475741835754775e+02
1.850641497867504995e+03
8.904820150758234831e+02
7.165379022717449971e+02
5.766793225983569755e+03
3.940895522203280052e+03
3.315739670660324464e+03
5.144891827347107665e+02
1.498665881261817503e+03
1.246752139666848961e+03
4.854078315350268895e+03
5.128434651572434632e+03
7.436118006705212338e+02
2.122402188092700726e+03
2.024852843759271082e+03
2.806221916788399085e+03
1.052288046703972213e+03
3.681798862163482681e+03
1.044719090307503620e+03
1.426383058522086003e+03
2.246591057462403569e+03
5.658469094726622188e+02
5.691653687761211131e+02
1.265690387583452093e+03
1.716235836298024651e+03
1.511094988162299842e+03
1.395515003132554284e+03
6.231730728954748884e+03
1.961787998323105967e+03
3.219504415574333962e+03
2.257768011704634773e+03
6.829270829618610151e+03
1.929850914339746851e+03
3.886449839994206741e+03
2.064104333803651116e+03
3.718172525494957199e+02
1.072701512752423696e+03
7.514221807091932988e+02
1.088347893480304720e+03
2.241738035536892312e+03
4.912616701221448238e+03
2.008367613099175060e+03
3.267560563359269054e+03
2.150498598563569431e+03
2.644626973518658815e+03
6.508265180426043344e+02
3.642373675175889275e+03
1.066945680998084072e+03
2.860679629435287552e+03
2.420196479651624486e+03
5.104470220653894330e+02
3.881533052262746878e+03
3.773277082153292099e+02
2.053129052851786582e+03
1.674566652553725589e+03
5.653342899972230953e+03
1.665280478040725711e+03
8.355472897602902549e+02
1.658806578938135317e+03
3.759352047586709432e+03
7.231819693179319302e+02
2.698665160725644455e+03
3.317508624775275166e+03
2.190804510657873379e+03
5.449646257540058514e+02
4.061664247055286069e+03
9.354342913039268979e+02
8.267649699711439553e+02
1.424386215920960012e+03
6.018470715302239569e+02
4.481936805196964997e+03
3.798733648363730026e+03
1.472676403852654630e+03
2.372569425874261015e+03
1.845522756776238339e+03
1.632973178538164575e+03
4.167305131964049906e+03
1.059287565090445469e+03
3.624980893517356890e+03
1.506515133940416263e+03
1.777471646353854794e+03
9.565798422947256768e+03
1.886512903680389627e+03
6.084343116836529362e+02
1.712109125323906255e+03
1.681378882092104504e+03
3.232626290374305995e+02
2.886938817064483374e+03
5.774814486969217796e+03
9.790073063765485131e+02
2.931357061772714587e+03
8.961697627123069196e+02
9.555798429144607553e+02
3.561693824138928449e+03
2.865161439067193896e+03
1.867619118909941335e+03
1.062542560119523841e+03
2.498720084303555723e+03
1.884979078769748867e+03
6.248589821497787398e+02
2.536461015948310433e+03
3.451764112772562385e+03
2.003767757037839601e+03
1.073203464476655881e+03
3.511450680832507715e+03
9.707307502674568241e+03
7.516751443588973416e+02
9.712309128117326509e+02
