3.894211147549438477e+07
3.862947268259906769e+07
2.905822089432477951e+07
3.799631887693881989e+07
3.291396107101631165e+07
3.497079263011932373e+07
4.031909499780941010e+07
2.562216683246898651e+07
1.278036632729492188e+08
5.204706430212545395e+07
2.732396052884292603e+07
4.438659770730400085e+07
3.351928062676239014e+07
4.689894977315425873e+07
4.462323016637420654e+07
3.520257583825111389e+07
3.363757420488929749e+07
3.412353808086204529e+07
3.542904661302280426e+07
3.349434443829536438e+07
3.244747418303108215e+07
3.843003684552192688e+07
4.085222853923606873e+07
3.688930437685775757e+07
4.899375974478530884e+07
1.071473799350166321e+07
3.509239136320304871e+07
3.865175547434782982e+07
4.015917980422115326e+07
4.484567228780364990e+07
4.056894581406784058e+07
4.787961260870361328e+07
6.442404532855224609e+07
2.521444468001174927e+07
3.355725212541198730e+07
4.409193018984985352e+07
3.977808785393619537e+07
2.412057626957702637e+07
3.547183124105072021e+07
2.365270622459449768e+08
2.667885393727302551e+07
5.620127715168762207e+07
3.457739965206146240e+07
4.155442572378158569e+07
3.627562634827041626e+07
1.977321072132110596e+07
3.384624750160598755e+07
3.218089292350196838e+07
2.998142045522117615e+07
4.158432692683792114e+07
3.916192320747089386e+07
4.590451645949983597e+07
4.091314330111694336e+07
2.414582600062513351e+07
6.651822254359436035e+07
3.509518887417984009e+07
3.462992630188179016e+07
4.611951537137222290e+07
6.821707385627937317e+07
4.630059148187255859e+07
1.446289882805442810e+07
3.475585129995727539e+07
5.610562975914001465e+07
3.697790310467720032e+07
3.765611512730407715e+07
6.593551092899322510e+07
3.602234007222747803e+07
3.403845141201418638e+07
4.105965580310058594e+07
3.226069369871902466e+07
3.962019608973789215e+07
3.465064861252045631e+07
3.756795721614885330e+07
2.781165425895309448e+07
3.951021931259918213e+07
3.429057207684040070e+07
3.579481897618961334e+07
3.695349979723739624e+07
4.268477231729507446e+07
1.046476656588497162e+08
4.527756018361687660e+07
4.151217538122177124e+07
3.763283289922523499e+07
4.364250186573171616e+07
3.907305932977867126e+07
4.114840070023822784e+07
3.737933966132164001e+07
3.453636356093835831e+07
4.014622893858718872e+07
3.967342324382781982e+07
3.784718904353523254e+07
3.861478155858993530e+07
3.760075464399862289e+07
3.464420902232742310e+07
3.825023714607238770e+07
4.968204616805267334e+07
3.248703125582885742e+07
4.381862964443874359e+07
3.584712083402633667e+07
4.387295462652397156e+07
3.448381687513971329e+07
3.105249128248405457e+07
3.176403605770158768e+07
4.505934803171920776e+07
2.386786098461914062e+07
3.835321967287969589e+07
3.490787970324325562e+07
4.232942068182182312e+07
4.049468934895920753e+07
3.977165869541358948e+07
4.426940220490646362e+07
3.274298418179321289e+07
3.669505374582958221e+07
3.084184158874344826e+07
3.234167222538948059e+07
3.740157833538436890e+07
4.600205453674316406e+07
3.864919053679347038e+07
3.462646082896232605e+07
4.652520393721103668e+07
3.586379395936965942e+07
4.250681119239044189e+07
3.514406344905929565e+08
5.075089928827667236e+07
4.049977586665725708e+07
3.788107330987548828e+07
4.232478321661567688e+07
4.168212735523128510e+07
3.385462813815784454e+07
3.409076923601531982e+07
4.111401916622352600e+07
4.941806064563941956e+07
4.257889348382759094e+07
1.064664330873966217e+07
4.229725643744564056e+07
4.272713762487411499e+07
2.574765274203872681e+07
3.251665502603721619e+07
9.790028162175750732e+07
3.286899130051040649e+07
3.756820154122114182e+07
3.515443130852317810e+07
3.254993092606639862e+07
3.602152376399230957e+07
3.646187542471230030e+07
4.574974232015991211e+07
3.579865167615699768e+07
4.103891774627113342e+07
7.821116713550567627e+07
2.828330193303680420e+07
3.850644044048118591e+07
4.036991600475215912e+07
3.922245164201164246e+07
3.544589284471321106e+07
3.461828312261104584e+07
3.076720635452175140e+07
1.398840453775329590e+08
4.273436240580749512e+07
3.713542758901023865e+07
1.753005504373626709e+08
3.330943323511123657e+07
3.687421768877983093e+07
3.404921535419654846e+07
5.889649173530578613e+07
3.614855126498031616e+07
3.641584276976370811e+07
3.434913786759567261e+07
2.261108381513595581e+07
3.084729819797897339e+07
3.550115457182312012e+07
3.421310935881996155e+07
2.988961205419921875e+07
4.199172513346862793e+07
5.823398225027084351e+07
3.699813240014648438e+07
3.310360873856067657e+07
5.670217987202453613e+07
4.737821335623359680e+07
3.516918754570007324e+07
3.647604091205787659e+07
3.658726150804138184e+07
3.579373088156080246e+07
2.620184662699890137e+07
2.967265649373817444e+07
3.943059566108322144e+07
4.342795156611633301e+07
5.143522148965454102e+07
4.138402060632324219e+07
2.739120613788604736e+07
4.247627828255605698e+07
3.978667944353103638e+07
3.474533201629424095e+07
2.842866419217910767e+08
1.733885282830410004e+08
3.692533014151668549e+07
3.368280427142524719e+07
3.924376115850067139e+07
3.334151219739341736e+07
3.889947481004810333e+07
1.460013166652145386e+08
3.149863008905410767e+07
3.838324877754688263e+07
3.650763357637596130e+07
3.825003307952117920e+07
4.401313531262969971e+07
6.862415622813796997e+07
3.771155933611869812e+07
4.454544453811645508e+07
2.950298709454345703e+07
3.510401392810249329e+07
3.839018390212821960e+07
3.103371942667388916e+07
3.474157089670181274e+07
3.105199165203189850e+07
3.403361339476585388e+07
5.144582518707275391e+07
3.986570665541172028e+07
4.961420088307952881e+07
4.387825811601543427e+07
4.180710920905303955e+07
3.851571918411445618e+07
4.426949238459110260e+07
3.631400110157775879e+07
3.289655110111427307e+07
3.693309331234741211e+07
4.668745054060077667e+07
6.770617459326457977e+07
3.608972742975807190e+07
4.918334052855300903e+07
3.969712345981216431e+07
4.931443629012489319e+07
6.960754520881509781e+07
3.591003295306769013e+07
3.882636554890060425e+07
3.976510351305770874e+07
3.508493595169806480e+07
4.444091650599288940e+07
3.851643791906929016e+07
4.250070664878869057e+07
4.596169174996948242e+07
3.179765361772918701e+07
4.100529700568008423e+07
4.024933831408309937e+07
4.291007466358685493e+07
4.623192134669494629e+07
2.654125112297821045e+07
3.754614628301239014e+07
4.496018340675354004e+07
3.735754438004159927e+07
3.687313591137313843e+07
7.577145264078140259e+07
3.555220520550513268e+07
3.522535186940765381e+07
3.890278576095056534e+07
3.656006348009872437e+07
3.320765719604110718e+07
2.694189594395512342e+07
2.728650003410506248e+07
8.902358335495758057e+07
4.015680674743843079e+07
3.773067263568115234e+07
3.011097517623901367e+07
3.262630480457687378e+07
3.489538365356397629e+07
2.781583715624809265e+07
4.080416499993515015e+07
4.223318281353950500e+07
3.468467185392761230e+07
3.620771105331277847e+07
3.988641888745689392e+07
3.588238840106868744e+07
3.190883505415153503e+07
3.268979413099241257e+07
3.564911281339788437e+07
3.067030929942321777e+07
4.942473210108053684e+07
4.193767890383052826e+07
3.010329102789974213e+07
4.053240640381562710e+07
4.408109531279754639e+07
2.418068261023521423e+07
1.015554763836784363e+08
3.410031427611422539e+07
3.672255967590808868e+07
2.657231903801918030e+07
3.519876690509796143e+07
3.837684906063461304e+07
4.011942938014316559e+07
3.504121710149955750e+07
5.327617516587066650e+07
4.641530953079414368e+07
3.272188669137382507e+07
4.204694606445693970e+07
3.589490071353149414e+07
3.491190318002700806e+07
3.203172816050291061e+07
2.841852290763854980e+07
4.316274632776641846e+07
4.208503763119125366e+07
3.944988539883041382e+07
2.491014212138915062e+07
3.642916353725051880e+07
4.782733071743774414e+07
2.294134570366287231e+07
3.233997467858505249e+07
4.057151150325584412e+07
3.753861472343921661e+07
2.149197551682434082e+08
2.991299445405054092e+07
3.911785095723915100e+07
3.985480333996200562e+07
3.416854016989707947e+07
4.383199870862579346e+07
4.402536644347763062e+07
3.622198099646139145e+07
2.882578228189849854e+07
3.466191818271064758e+07
4.073833956554794312e+07
3.661868232885742188e+07
2.279271634462127686e+08
4.064763903186416626e+07
4.338588000448060036e+07
3.510243140963554382e+07
3.407333706011962891e+07
3.538015110246562958e+07
3.979881166987419128e+07
3.051934989225673676e+07
3.624730457292175293e+07
3.687964831910324097e+07
4.180325560636711121e+07
3.240042603843307495e+07
3.140126170639801025e+07
5.703491060543060303e+07
3.263898455283546448e+07
5.494522768812274933e+07
2.467684139223861694e+07
8.011156339334106445e+07
3.977675909223556519e+07
3.890524638872909546e+07
3.849820834963989258e+07
3.043653833571529388e+07
3.815663382777023315e+07
4.184987972332286835e+07
3.386971765669822693e+07
2.805665313703918457e+07
1.847627176828002930e+07
4.456830313496005535e+07
2.666144670643997192e+07
3.486203018287467957e+07
3.601943740974044800e+07
3.563831490082359314e+07
3.503860652107429504e+07
3.480281759549617767e+07
5.175930700754213333e+07
4.172929942461395264e+07
4.225829461758422852e+07
4.546302806889343262e+07
3.203214360174560547e+07
3.026979441834640503e+07
3.942328335696601868e+07
3.661512623889923096e+07
3.342504030099391937e+07
3.815266952689933777e+07
3.555220520550513268e+07
3.773686133844184875e+07
3.923985748587417603e+07
3.073649763004875183e+07
3.584712083402633667e+07
3.724700274307632446e+07
3.741653725772190094e+07
2.863130879048156738e+07
5.954940054529571533e+07
3.433531766201686859e+07
3.569349989670562744e+07
3.981821746455383301e+07
3.750815070855808258e+07
4.515839109113788605e+07
2.556815357965469360e+07
3.524999236930274963e+07
4.050898817637252808e+07
3.061177989677810669e+07
4.276459656259918213e+07
4.112014183675956726e+07
4.086268361593437195e+07
4.351940003649711609e+07
3.291158563015174866e+07
3.379887860017967224e+07
3.537581860004043579e+07
3.592749957800483704e+07
3.022449834540367126e+07
9.127648412347412109e+07
3.509518887417984009e+07
4.784651320756149292e+07
4.352004422158622742e+07
4.060112395535278320e+07
4.260209110080623627e+07
3.807531234074211121e+07
3.854589503692913055e+07
4.404643510472774506e+07
3.378859172687911987e+07
3.245909998680877686e+07
8.431578643399810791e+07
3.561195041902542114e+07
4.609098009154510498e+07
2.056596303339614868e+08
3.715085453972244263e+07
3.344455046897888184e+07
2.932424622736358643e+07
3.646334254461383820e+07
3.327374121427536011e+07
4.311255368941116333e+07
3.865332774920368195e+07
3.182854999480438232e+07
2.824880186135711670e+08
4.454724123409271240e+07
4.034323298549652100e+07
2.539167330670166016e+07
3.586526142776203156e+07
5.201385477970123291e+07
3.252389406497049332e+07
3.415524665830421448e+07
5.612560397109985352e+07
3.402374494925498962e+07
4.436165926218795776e+07
4.224950187368774414e+07
3.287780084598064423e+07
4.471627935583496094e+07
5.576600833108901978e+07
4.367379794116401672e+07
2.824597161242675781e+07
3.655652653004455566e+07
3.288199699903488159e+07
3.834525725391006470e+07
3.287772028292846680e+07
3.543121316992187500e+07
3.670867523021101952e+07
3.322839069916534424e+07
2.908066550992012024e+07
4.812417149699401855e+07
7.976113121354866028e+07
3.652199883177947998e+07
4.852625951073646545e+07
3.736710227078628540e+07
9.390716366991043091e+07
2.298814330662536621e+07
9.493027094164276123e+07
5.175488391399717331e+07
3.676400283744239807e+07
2.732860418168830872e+07
4.019193209519577026e+07
4.154928310608482361e+07
4.151962981680679321e+07
3.929402586050987244e+07
2.921019449635696411e+07
5.717420999179077148e+07
3.079841272550916672e+07
4.355229845844268799e+07
3.344074557300567627e+07
3.672072137627029419e+07
3.958867211183023453e+07
3.263648488639068604e+07
4.219958471525669098e+07
3.267805015064620972e+07
3.615998843480682373e+07
4.377828123179721832e+07
3.473467821523952484e+07
4.013488423507308960e+07
4.066467343616867065e+07
3.517829047498369217e+07
4.935470405760574341e+07
3.849662081879806519e+07
4.081988791984367371e+07
3.066912664828491211e+07
3.813961967334294319e+07
4.528989203931158781e+07
4.702559643181228638e+07
3.455664574644088745e+07
3.896894618257904053e+07
6.236846586085510254e+07
2.617244146569442749e+07
4.417053068232727051e+07
3.341424987074947357e+07
2.908900690060424805e+07
2.884282813000965118e+07
3.275809693837165833e+07
4.647897984210586548e+07
3.209201870067787170e+07
4.781008267980289459e+07
4.350679779314804077e+07
4.072269575593566895e+07
1.867738824063873291e+08
4.610359280914306641e+07
4.594443296942329407e+07
3.545940318654155731e+07
3.447952608395433426e+07
4.390511066148567200e+07
3.722420697245621681e+07
3.503263296339416504e+07
3.620150695094108582e+07
4.409314161174201965e+07
2.586732238283920288e+07
3.271012376195096970e+07
7.694104608025608063e+08
3.715879788098907471e+07
4.543217456992149353e+07
4.307767635823345184e+07
3.219138764240741730e+07
3.443372113110256195e+07
4.733217582793807983e+07
2.659793570056056976e+07
3.067778870994377136e+07
3.669399198255544901e+07
4.180497102755463123e+07
3.413002290744400024e+07
3.561330740463256836e+07
3.551192016962242126e+07
4.007623010028457642e+07
3.567549710010528564e+07
5.241835005932617188e+07
3.909930271184158325e+07
4.027548791454029083e+07
3.430007951773256063e+07
1.965663018906021118e+07
4.838126141708984375e+08
4.484046992376780510e+07
2.712815557510948181e+07
3.346171412558746338e+07
4.325398675341606140e+07
2.988961205419921875e+07
3.677947717045783997e+07
3.648914382170486450e+07
3.419470351263809204e+07
3.806987880356597900e+07
3.692510384238433838e+07
3.442767972879409790e+07
4.658450239297866821e+07
4.953766425471687317e+07
3.148108304703903198e+07
3.426244207020092010e+07
2.384316046874046326e+07
3.781449130599212646e+07
6.451957109088897705e+07
3.057300729379844666e+07
5.987663247680664062e+07
3.026318540933990479e+07
3.716342993691253662e+07
4.123665762698364258e+07
3.788094041345119476e+07
4.493843291924524307e+07
4.900135715801620483e+07
3.803077490991210938e+07
3.819495423954963684e+07
3.609183898778533936e+07
4.124932237493705750e+07
4.094783127334880829e+07
4.306024995069885254e+07
3.601763708174514771e+07
5.183849443566131592e+07
3.776449322339344025e+07
5.316845924995756149e+07
4.026086085966491699e+07
4.547538763969612122e+07
3.680580081593894958e+07
3.792363390091609955e+07
4.259049281888198853e+07
3.090336718110466003e+07
4.377345146496772766e+07
4.694823976232910156e+07
3.437981255535888672e+07
2.388778979138183594e+07
2.414027886648941040e+07
3.448501065003776550e+07
3.698634179070281982e+07
3.477073631497573853e+07
2.814308251142311096e+07
3.807278054795169830e+07
3.658885657242965698e+07
3.614196829976081848e+07
4.322786964221668243e+07
3.204633152846527100e+07
3.409247876108169556e+07
2.573246822210144997e+07
3.816441189270401001e+07
3.796398567082309723e+07
5.083435036059570312e+07
3.484789701582657546e+07
4.398992615702295303e+07
3.421236848941421509e+07
3.987675618641519547e+07
4.127979029413604736e+07
4.064801787298202515e+07
3.535514204801177979e+07
3.647751165117454529e+07
2.449968527369689941e+07
3.373620783651351929e+07
3.478900155175971985e+07
4.538875485974884033e+07
3.797312679368782043e+07
3.801969958424377441e+07
3.006441581836509705e+07
3.371587393323898315e+07
6.049707939307498932e+07
3.550189438432312012e+07
6.956117317691230774e+07
3.146780372689819336e+07
3.680424707007598877e+07
3.705066012756252289e+07
3.813656979140281677e+07
3.192701872995376587e+07
3.371045330911874771e+07
3.520924794843006134e+07
4.028729553653717041e+07
3.289380657419681549e+07
4.151962981680679321e+07
3.892907013991737366e+07
5.273532043209075928e+07
3.889303339777755737e+07
3.859417245303726196e+07
3.577381183326769620e+07
2.935172906689786911e+07
3.313358166811418533e+07
3.998959730811691284e+07
3.982697928707504272e+07
2.958602862290763855e+07
3.834795124161529541e+07
7.016213679972839355e+07
3.687056313212203979e+07
4.992061103955459595e+07
4.868329677407073975e+07
4.621174683156538010e+07
3.442314680771827698e+07
3.729871807439422607e+07
3.476295555582404137e+07
1.320911625709152222e+08
3.643747466184234619e+07
3.864433925290107727e+07
2.927214550987625122e+07
4.423602401309967041e+07
3.581183974810791016e+07
3.996200488249969482e+07
5.647672286379623413e+07
4.239579717275047302e+07
3.697334820463867188e+08
4.888857870115280151e+07
7.470857093099021912e+07
7.752632838297511637e+07
6.174074793134880066e+07
3.320445792390632629e+07
3.474418272979068756e+07
3.260187174020385742e+07
5.328580230328428745e+07
3.915501676303970814e+07
2.996483917061996460e+07
3.733716346190071106e+07
5.918672409965515137e+06
3.733996282749176025e+07
2.598793228834533691e+07
2.977375789254760742e+07
4.243002248294067383e+07
3.098588778352928162e+07
3.663477538243865967e+07
3.047151485025405884e+07
3.969876367165565491e+07
3.277738278595733643e+07
3.945913167508697510e+07
3.121032640248394012e+07
5.285677652479553223e+07
5.200517001997661591e+07
3.453644023019790649e+07
3.184993078100967407e+07
5.703711264125326276e+07
3.526909072197341919e+07
3.577280780674362183e+07
3.656077947986602783e+07
3.334796505140066147e+07
3.931109739217185974e+07
4.365487641322708130e+07
1.383949745423889160e+08
3.337593723126411438e+07
3.752920097877883911e+07
3.771308305867004395e+07
3.525009553652667999e+07
3.301427951530981064e+07
1.415157494278144836e+07
3.616767974645948410e+07
3.974292296202945709e+07
3.975215584973907471e+07
3.239913730002784729e+07
1.338199947040176392e+07
3.806040609448623657e+07
7.280881373403930664e+07
5.229660353756046295e+07
2.587900291683197021e+07
4.197908542792320251e+07
2.817952896891021729e+07
4.076449619743728638e+07
4.387825811601543427e+07
4.101066226177740097e+07
4.070194447868490219e+07
6.452233217345428467e+07
4.039120569867992401e+07
3.166275433271980286e+07
2.438552697222900391e+07
4.346814808659887314e+07
3.421290212110710144e+07
3.739347590958070755e+07
4.531411612309551239e+07
6.248950299290609360e+07
4.702559643181228638e+07
3.398100413872241974e+07
4.253841923925590515e+07
4.687404865093612671e+07
3.687847012479591370e+07
4.308827594102358818e+07
4.875439187495803833e+07
3.628293760910701752e+07
4.764927853382444382e+07
4.113518548112869263e+07
8.373978130680835247e+07
3.706699951037597656e+07
3.060706554544448853e+07
3.987442789139366150e+07
1.920558153634548187e+07
3.555556485461807251e+07
4.035792775942230225e+07
2.798018339562749863e+07
3.272929209273910522e+07
3.765448219797134399e+07
2.998112370185136795e+07
3.780538972941589355e+07
4.305897348471641541e+07
3.039244550028419495e+07
3.281951658658218384e+07
4.609912750386428833e+07
4.108752619271564484e+07
3.308940554971408844e+07
3.281535765411376953e+07
2.731117285757875443e+07
3.911288045768737793e+07
3.498043603046977520e+07
2.710279114724922180e+07
3.987783661925888062e+07
3.576107711380100250e+07
3.675602726639366150e+07
4.311470508411026001e+07
3.426282048477172852e+07
4.846187586983871460e+07
4.140114778066253662e+07
4.390511066148567200e+07
6.227212296836090088e+07
3.368837876206588745e+07
3.365337097620391846e+07
2.776634943667221069e+07
2.739657525455474854e+07
3.267097710715961456e+07
3.896015411223745346e+07
3.721731450840759277e+07
3.712896639966201782e+07
3.881383821762657166e+07
3.713843431498050690e+07
4.270439482987022400e+07
3.637451705540084839e+07
3.581843469612884521e+07
3.739355640883636475e+07
3.761139015625000000e+07
4.010043805119323730e+07
3.520763584172058105e+07
4.225961447915458679e+07
4.030054116942944378e+07
4.708537546016073227e+07
3.979706394420051575e+07
3.528545149978160858e+07
6.202724456941223145e+07
3.036236313826370239e+07
3.832422076800537109e+07
2.246909195585298538e+07
3.859098049237537384e+07
3.200880766432952881e+07
4.397807566837310791e+07
3.331952439687156677e+07
3.741763890013051033e+07
3.510536524957084656e+07
3.835945781735420227e+07
3.609183898778533936e+07
3.805429449426269531e+07
1.528312764185791016e+08
4.037951766770553589e+07
2.625510284826278687e+07
5.652347784738922119e+07
3.663170603275871277e+07
4.449054832616806030e+07
4.384305661042404175e+07
3.552693668148994446e+07
3.965681917753767967e+07
4.638611232926940918e+07
2.995186237464141846e+07
4.760197792146873474e+07
4.476602848811340332e+07
4.062054689209365845e+07
3.289761215865421295e+07
4.655793091360473633e+07
4.166332938029181957e+07
4.132723106344413757e+07
3.693378588507461548e+07
4.246385026644325256e+07
4.264977389339256287e+07
2.883753278769683838e+07
4.281519734102821350e+07
3.056142634507846832e+07
2.914204844198608398e+07
3.912646858118438721e+07
3.901229120911788940e+07
2.689256731174659729e+07
3.928331547440910339e+07
4.277793200694561005e+07
4.435193584413337708e+07
4.367519367989540100e+07
3.756651619614905119e+07
2.789357178966522217e+07
4.288343791040420532e+07
4.022125321660041809e+07
3.466925074995231628e+07
3.290661048367023468e+07
3.702997718929481506e+07
4.417168973360061646e+07
3.429828720985937119e+07
5.793269122699737549e+07
3.317660017892456055e+07
3.849760943684673309e+07
3.908156797273826599e+07
8.479078912604522705e+07
5.579504364336013794e+07
2.551166865611648560e+07
4.251998084928798676e+07
3.542651987619876862e+07
5.292664767456054688e+07
3.626033076870346069e+07
3.821487549496078491e+07
3.820211377918052673e+07
4.372851901692199707e+07
3.075365563047409058e+07
1.504829315284621716e+07
2.360601684609985352e+07
3.874658995802879333e+07
3.883186839164543152e+07
3.561330740463256836e+07
3.371212718794250488e+07
2.303717328192901611e+07
3.224909125516510010e+07
5.145270570718383789e+07
4.577382144570732117e+07
2.557451926095581055e+07
5.430450373984527588e+07
4.094401767393493652e+07
3.668217091605758667e+07
4.185479657768011093e+07
2.903248047414731979e+07
3.869261258992147446e+07
5.466332434131431580e+07
3.178915694420051575e+07
3.859674673481082916e+07
3.084497206295776367e+07
4.291702128168296814e+07
2.208374723792572021e+08
4.050019884059572220e+07
3.388204362761211395e+07
3.646719607930564880e+07
4.325435286569786072e+07
3.366454897427368164e+07
3.654667017435619235e+07
3.871160304338455200e+07
3.857492585037994385e+07
3.189602727731704712e+07
3.748513033771896362e+07
5.318024579859352112e+07
3.794970256726455688e+07
1.709131585222625732e+08
2.140866045610809326e+07
3.970632858728981018e+07
4.101494495040607452e+07
3.492218253705406189e+07
3.655765274132061005e+07
4.490201268464565277e+07
3.722189484131908417e+07
3.837842038698196411e+07
3.687074401771545410e+07
3.733060183680152893e+07
4.268328635960865021e+07
3.499721816265869141e+07
4.788797283504028320e+08
4.359895949334526062e+07
1.847269765977630615e+08
4.478254878731727600e+07
2.100599648286437988e+07
4.405374082114791870e+07
3.767522431759262085e+07
3.430231073507595062e+07
3.988665481225585938e+07
3.989363019381713867e+07
1.475589669674265385e+07
4.185712321964645386e+07
3.614226153261709213e+07
2.751010904613494873e+07
5.508661482718658447e+07
3.535614547224998474e+07
3.146844421005630493e+07
3.505801099420166016e+07
4.288343791040420532e+07
3.980140473052358627e+07
3.545044309373188019e+07
4.257889348382759094e+07
3.623959556314468384e+07
3.481672126952362061e+07
7.290987630023956299e+06
3.927025046028900146e+07
3.205366260148096085e+07
3.770993957537317276e+07
4.258700694906997681e+07
4.104760967153930664e+07
3.627674552964079380e+07
3.464483971242713928e+07
4.147378565238189697e+07
4.409001737734222412e+07
3.972979949850463867e+07
4.296187575219535828e+07
4.078838486219787598e+07
4.068870328755187988e+07
2.463062654227447510e+07
3.248885993381881714e+07
4.227545125789833069e+07
4.093118863595581055e+07
3.821642627100563049e+07
4.114729062587261200e+07
3.825298645075225830e+07
4.871396574771308899e+07
5.903523798043060303e+07
1.981623070847091675e+08
3.543953680406570435e+07
4.631178971419143677e+07
5.522573654031276703e+07
1.165829696445960999e+08
4.043178192428398132e+07
2.456592921825218201e+07
3.689488348873066902e+07
2.469692435383629799e+07
3.706061724899864197e+07
3.646602951959609985e+07
3.598009267157936096e+07
5.492171051603317261e+07
2.912379148753356934e+07
3.961143667910003662e+07
4.148933094970703125e+07
4.692620820888519287e+07
3.376405783240509033e+07
2.866262163295364380e+07
4.610709336218738556e+07
6.793681267580032349e+07
4.458542468164253235e+07
3.480880991111803055e+07
3.986843892513656616e+07
3.624406160026359558e+07
3.875460642093658447e+07
5.650109694998741150e+07
3.829334150369787216e+07
2.525903279250717163e+07
4.137892452744388580e+07
4.386956789887714386e+07
4.151096454089331627e+07
3.638973296263694763e+07
3.397981630698823929e+07
2.835976525729846954e+07
3.366014633160591125e+07
3.289617879376411438e+07
1.413246407736568451e+08
4.606632392876815796e+07
4.270792823036766052e+07
4.742488914055061340e+07
3.813789669655609131e+07
2.695888305149078369e+07
4.829692793790245056e+07
5.802912512490653992e+07
3.688861678021621704e+07
3.725119595837020874e+07
1.225304812120628357e+07
2.403466774716567993e+07
4.327657906538200378e+07
3.590016442186069489e+07
3.516504778931236267e+07
2.796174609437751770e+07
5.309508003045797348e+07
4.345849697704203427e+07
4.166578664202499390e+07
4.124696257721376419e+07
3.689400290319061279e+07
3.596707575116920471e+07
4.670341574786376953e+07
3.355763989303970337e+07
5.597589174677085876e+07
3.664940964271163940e+07
3.926014864177322388e+07
