2.776849962474190761e+03
2.404502057634938683e+04
5.704381471859958765e+03
8.324873667703461251e+03
5.121973691845574649e+03
1.219198632253370306e+04
2.775653721933833367e+03
5.687695563013718129e+03
2.476531283624554999e+04
9.083706006611519115e+03
1.102229979070472655e+04
5.944855585230591714e+03
5.143766694538750926e+03
1.991772212290730386e+04
1.771129475165131225e+04
9.936148162205668996e+03
5.236564168987923040e+03
3.630473220050729651e+03
5.548961579028903543e+03
4.166680334104938083e+03
5.019982364110467643e+03
7.087334667759557306e+03
2.776535279782875477e+03
5.844890436034922459e+03
8.764173228117213512e+03
2.776135803244954786e+03
6.938808399296454809e+03
6.938430305058659542e+03
7.075495345416064083e+03
1.080659890498617642e+04
6.063742548287939826e+03
2.007382567966018905e+04
1.360899486848352717e+04
5.958784542170925306e+03
1.092364954075165042e+04
1.487163343683259700e+04
6.938873537916835630e+03
1.120326837327715839e+04
6.111286783680786357e+03
1.921935182114033159e+04
4.163106818760018541e+03
9.563798748501281807e+03
4.763185482125974886e+03
8.357465854679689073e+03
4.174093177403482514e+03
8.890439062122135510e+03
1.881611005096973031e+03
1.135063793346775310e+04
1.404659247796519594e+04
4.794217187147100958e+03
8.325834790438066193e+03
3.168071944719658859e+03
8.476808234026502760e+03
7.833196165818763802e+03
2.260221835166262099e+04
1.195977973639004631e+04
3.568091059218481405e+03
1.214235230426237831e+04
1.871692685642762444e+04
1.266544993516696195e+04
2.370538051368204833e+03
5.551502860106359549e+03
1.063911411890300587e+04
5.549478863012664078e+03
1.059329532905772248e+04
1.990328980416460399e+04
5.553142945611442883e+03
6.971321711316040819e+03
1.110204084944691931e+04
9.947223227643642531e+03
5.216740891646915770e+03
5.549572887058345259e+03
5.079081262671185868e+03
9.785449848423735602e+03
1.798636609470243275e+04
8.329617517501361363e+03
8.326371051395288305e+03
2.775312423187908735e+03
9.271983313392747732e+03
4.492407517340066988e+04
2.776029234013543373e+03
6.675263406298350674e+03
1.103363115309281602e+04
8.330066300589205639e+03
7.049627556494792771e+03
2.776390382564391530e+03
1.005858344152755126e+04
9.930668485168273037e+03
2.776173502132185149e+03
1.521099896595840437e+04
5.902233828272585924e+03
5.073994783250406726e+03
8.644858189276164921e+03
2.313568327519785726e+03
8.641128822538978056e+03
1.181955491700337188e+04
8.774326316957507515e+03
9.716131022808818670e+03
3.020692353133779034e+04
1.380830575917725582e+04
5.549455374227331959e+03
4.905861453581374917e+03
5.549810132990413877e+03
5.827795765654504066e+03
1.234767629388302339e+04
4.353625731582176741e+03
2.776221645752592849e+03
2.775407520180564916e+03
5.550067985646316629e+03
1.139915264674520949e+04
6.995160690728325790e+03
9.836421181167141185e+03
5.205523704941688266e+03
5.138653478499638368e+03
5.549478863012664078e+03
1.375979877204554577e+04
6.023735404062612361e+03
1.189562071055308297e+04
5.414829216968775654e+03
7.004207576634888937e+03
5.551694968044811503e+03
1.080836697786924378e+04
3.719871298341431975e+04
1.808186104219847039e+04
3.569560724440137619e+03
1.023463821726148853e+04
6.945530892423603291e+03
8.329472338438836232e+03
5.128400073757592509e+03
6.258433471034717513e+03
5.038389575073578271e+03
2.776065274750190838e+03
1.003561172943779093e+04
2.775407520180564916e+03
2.776377802722040997e+03
2.776837841090943584e+03
3.868436150710685524e+03
5.549102494057813601e+03
2.346977549057788929e+04
1.003850329930238149e+04
1.010254989528314945e+04
8.324131146911913675e+03
7.801020860903558969e+03
7.726745905104012309e+03
8.498795499779196689e+03
1.833813841683967257e+04
9.422570140502470167e+03
1.130765471681231247e+04
1.903034412537531171e+04
1.473767921365563961e+04
5.549455374227331959e+03
6.929321864696540615e+03
7.733961998491744453e+03
9.951286642965742431e+03
5.549478863012664078e+03
1.872522192354824938e+03
9.948311767479066475e+03
2.030813626724791175e+04
7.406791556167340786e+03
2.016892299175543303e+04
1.065474213595898254e+04
9.716131022808818670e+03
5.550165758145170912e+03
1.495908499245045459e+04
7.001012689444046373e+03
7.060732309332433033e+03
7.271783739921032975e+03
1.073070087909653193e+04
5.268477018702435998e+03
6.985884070379874174e+03
1.004875263577277656e+04
6.222804775822194642e+03
8.330162550789040324e+03
1.171523714669055153e+04
5.185605810175977240e+03
5.550784801858726496e+03
1.649552543209704527e+04
2.934715548107672294e+04
1.102254432457300209e+04
2.775288672796044466e+03
9.002463469319513024e+03
9.712164552903528602e+03
9.212666428393493334e+03
3.026109346964459746e+03
8.241763687266618945e+03
1.465462164038264382e+04
4.458620591664061976e+03
1.417893653720111070e+04
4.430092648144152008e+03
5.947908664837394099e+03
8.323742088480463281e+03
9.002661851292486972e+03
3.234377494871780073e+04
2.262759586431298885e+04
5.553784779137151418e+03
3.754554830693292843e+03
1.178827516453448516e+04
5.550904208763160568e+03
2.776089315634987088e+03
2.273468772373818138e+04
8.564137950186464877e+03
1.041479220750441164e+04
4.078551177529911456e+03
3.569338472074046877e+03
1.254855770612574997e+04
1.879334498027568407e+04
5.018388647038705130e+03
1.292454258798208684e+04
1.039780728307014761e+04
6.973294501072042294e+03
8.324308343981683720e+03
2.775395623221128062e+03
5.549361467007465762e+03
5.550498691644180326e+03
1.788856258033956328e+04
1.943310966710824869e+04
5.927840156897937959e+03
1.087523834059734145e+04
7.092466631900063476e+03
8.613686596381314303e+03
6.997684077044159494e+03
5.217984378045364792e+03
2.812627360036356913e+04
1.405364826084775814e+04
5.843109112787430604e+03
8.327988644404535080e+03
1.424768909125491700e+04
4.067218452151125348e+03
1.526551782700924377e+04
5.550546329521178450e+03
7.539122503913443325e+03
1.821073035565624377e+04
6.938043294260121002e+03
1.110084998091003763e+04
2.776305971784659505e+03
9.712205910927088553e+03
1.305765044065418806e+04
1.368236127514807231e+04
1.044976748730477084e+04
1.067586088586543156e+04
8.871418184268841287e+03
6.123859972312092395e+03
8.641128822538978056e+03
3.827752651704229265e+03
1.659128619430602703e+04
1.024576663353140430e+04
5.137020490684640208e+03
1.140800821967306911e+04
1.665421280442072020e+04
7.003941976497689211e+03
9.439381638012180701e+03
1.044443754889926822e+04
1.201641986739380627e+04
7.077433507127976554e+03
6.931830724851408377e+03
1.005442240004717496e+04
6.938340913680792255e+03
6.963364379869322875e+03
2.192194101806930485e+04
9.431149008801079617e+03
9.078382514804947277e+03
9.594212979990972599e+03
1.043989312269090442e+04
2.774698335889694135e+03
1.088789469272373208e+04
6.086386463922941402e+03
4.012381566970562289e+03
6.319494417389306363e+03
5.549478863012664078e+03
9.177996565081857625e+03
5.831485020275476018e+03
6.937548061936459817e+03
6.717134931813519870e+03
7.629900343697459903e+03
5.739507598086862345e+03
1.185158278227115079e+04
7.484856931532098315e+03
1.298019696761260820e+04
7.082535087372903945e+03
5.550479657901994869e+03
4.163985314308159104e+03
2.077980118579447662e+04
5.549008527283551302e+03
6.937983844925378435e+03
4.162573150412236828e+03
8.323812556612494518e+03
1.186652695554052116e+04
5.881569348462058770e+03
9.226841986856394215e+03
1.178605733930670249e+04
6.963364379869322875e+03
7.830456191660396144e+03
1.625230994097696384e+04
2.776971239839536338e+03
7.064378599708220463e+03
2.422211873631357776e+03
1.043467807752236149e+04
1.255224426790784855e+04
2.775993210733266551e+03
6.945530892423603291e+03
6.938288479148503029e+03
3.769241300369538749e+03
1.783569353869638508e+04
4.975595085110821856e+03
2.776959105699369047e+03
8.325692059681181490e+03
7.938065706441860129e+03
2.412448589949804955e+04
4.164508685468128533e+03
5.630576137831306369e+03
1.999386201324545982e+04
7.821865445951167203e+03
7.640677366407295267e+03
8.207794378009930369e+03
6.299875111092170300e+03
2.501085495903593983e+04
3.768205977934432667e+03
1.041991700357894115e+04
4.430091045134594424e+03
2.143541871224058195e+04
8.124792503274714363e+03
1.137667731046545487e+04
5.615113885941410445e+03
9.885110170693109467e+03
5.552190643569483655e+03
9.713485749207889967e+03
1.086150519523141884e+04
8.511324248509779864e+03
8.488505352726053388e+03
4.432479127843321294e+03
1.843130707719845668e+04
5.550760932517870060e+03
2.105011137907025113e+04
1.092349033554539164e+04
1.526240951902636152e+04
1.129890918353533198e+04
1.911795116888949269e+04
1.264546857014558373e+04
5.042250095909643278e+03
9.985177427288354011e+03
7.091565342872627298e+03
3.166857956156047749e+03
5.550379678391631387e+03
5.551375510615249368e+03
1.762593205827478596e+04
1.334527269499501381e+04
9.468337103506019048e+03
1.265726799286536334e+04
6.938073030305119573e+03
4.215104690356804895e+03
9.209986325144054717e+03
5.553906069472795934e+03
5.112816103460007980e+03
1.249031933317115181e+04
1.456112548262910786e+04
8.616314210869435556e+03
1.675844138259128522e+04
4.218049333505682625e+03
8.012892337053674055e+03
9.708780662695886349e+03
2.816971735212912972e+04
5.650691228061917172e+03
5.241495975135505432e+03
1.044443754889926822e+04
5.553506632979248934e+03
2.776704604629057940e+03
2.775801394551952853e+03
3.020692353133779034e+04
6.590392157143807708e+03
1.797531306907828912e+04
8.867531848976523179e+03
1.278448486646242236e+04
6.937548070056742290e+03
5.549455374227331959e+03
9.483004246387306921e+03
9.246784575057954498e+03
5.551127310713522093e+03
4.162184074827374388e+03
6.315512849596145315e+03
6.992325829737374079e+03
3.464593416224094653e+03
1.634901998193573309e+04
6.645406343072426353e+03
6.701697964270072589e+03
5.743639352752029481e+03
5.550427268604423261e+03
7.839977305336283280e+03
5.220469383678991107e+03
6.964908734233247742e+03
8.135662478922490664e+03
1.029425047329079644e+04
1.195977973639004631e+04
7.707146165098026358e+03
2.173323843076256526e+04
1.799294736652958818e+04
8.326801164719605367e+03
1.076318905785027891e+04
8.818939484564505619e+03
9.712238004448583524e+03
5.021177133762414087e+03
1.298019696761260820e+04
1.017052006902693756e+04
1.131357005707012468e+04
1.317917485572320402e+04
1.940663275849532874e+04
5.553542393448441544e+03
2.776971239839536338e+03
1.102627692347573793e+04
8.537915151385075660e+03
4.523501782573504897e+03
6.981204551219247151e+03
5.551959514262464836e+03
5.469421430407091975e+03
4.785516984100110858e+04
1.385924573321246316e+04
2.776053258635459315e+03
1.865730137219198241e+03
5.072734602911120419e+03
1.021579753118025292e+04
5.550379678391631387e+03
5.551017467569683504e+03
9.203999161866806389e+03
7.729168427635323496e+03
5.572086954676566165e+03
1.179960417909714124e+04
5.549550092249521185e+03
1.331145633543996155e+04
6.940381109643414675e+03
1.195076558774654222e+04
9.963200090158576131e+03
1.591732072779337432e+04
1.103343559772498702e+04
4.228039823422966947e+03
1.007007143722440742e+04
8.630549607203625783e+03
5.550284552439495201e+03
1.234825438103317902e+04
5.550755568879467319e+03
1.035462565058796645e+04
1.559116309209171231e+04
8.327844367091080130e+03
8.328976121836882157e+03
5.174116321296540264e+03
1.924615753140830930e+04
4.163017638001329033e+03
1.145471814821634325e+04
3.082750935587154345e+03
5.549572887058345259e+03
5.549597323635252906e+03
5.281374176694303969e+03
2.775954703085988058e+03
9.297867938297971705e+03
8.336791229418293369e+03
4.651914551535654027e+03
1.875205851817147413e+04
5.214252333727604309e+03
5.221771930058999715e+03
4.989072061323426169e+03
8.812639484251571048e+03
9.503871076746698236e+03
4.165064998682933037e+03
3.168235773242532105e+03
8.457898495056218962e+03
7.714836672975490728e+03
1.110324580446796790e+04
2.775586252810043788e+03
4.661025265998624491e+03
5.550423093031364260e+03
5.891021497776026081e+03
5.553493949498986694e+03
5.548891199171840526e+03
1.214786922190008227e+04
1.102993200379606424e+04
8.610906751573200381e+03
1.164512073288018291e+04
1.250462582939073582e+04
3.318768665143216367e+03
7.074276600088829582e+03
1.665530123329028720e+04
2.082335909875473135e+03
8.764844962368149936e+03
1.123462547819141400e+04
9.830806684207966100e+03
4.161654957451519294e+03
1.004344627085417960e+04
8.742635858774585358e+03
4.170864334408928698e+03
1.249011111847793109e+04
3.169341977927598691e+03
1.166256433622187978e+04
1.371698048659538654e+04
9.813136886005795532e+03
1.271029455462272017e+04
2.313021264646300097e+03
6.937331545849260692e+03
1.212031983805566961e+04
1.211790923833236775e+04
7.042427347679100421e+03
1.564192186728524030e+04
4.797309367531724092e+03
1.196842879281976639e+04
5.549102494057813601e+03
3.066642599462471844e+04
5.129545384701365947e+03
7.415943962963789090e+03
6.067403062577118362e+03
6.280474369145478704e+03
1.657708962729246196e+04
5.031779634014246767e+03
4.817588966437418094e+03
1.276535949964695101e+04
5.550760932517870060e+03
8.326808670521577369e+03
5.004011209262976990e+03
7.770007662022239856e+03
6.184321947773248212e+03
1.002520936448192515e+04
4.760181596209353302e+03
2.253584842690998994e+04
2.776535275151464703e+03
9.713784114795880669e+03
6.581823056675117186e+03
1.277663080282886585e+04
2.810115945821948117e+04
6.950161833274131823e+03
1.612044273790940133e+04
5.550546329521178450e+03
7.020305084184662519e+03
6.222804775822194642e+03
2.775773979674015209e+03
3.721897853663354454e+03
8.429425209642340633e+03
8.827805928072893948e+03
5.550993636881649763e+03
3.702304073326278285e+03
1.248732517026735150e+04
5.094696655252246273e+03
2.775634000507733617e+03
1.886242971528861381e+04
4.976508923459781727e+03
2.775217480115261878e+03
7.436772541874302078e+03
7.108856715379664820e+03
1.456833238596106639e+04
1.149638130701568116e+04
7.580245119664310550e+03
7.070747702174307960e+03
1.925981604106874147e+04
1.110204746216028980e+04
1.033835463909899772e+04
2.776934842982038845e+03
1.268698386239723732e+04
1.451534653704820448e+04
5.965612293998444329e+03
8.632001015435091176e+03
1.882869425528177089e+04
5.553142945611442883e+03
1.438912011088739746e+04
3.702246116573746804e+03
1.184388217975792759e+04
1.439469174077256139e+04
1.208289021675997174e+04
1.234090841821484901e+04
2.776486952563706836e+03
7.538085560747992531e+03
7.335425239013961800e+03
6.978589094593052323e+03
6.063553347624561866e+03
8.324412932896819257e+03
9.581670802840371834e+03
6.421605588873615488e+03
9.172487279608425524e+03
1.097159839366118831e+04
1.097176580694153199e+04
5.550660474743920531e+03
8.325019106706273305e+03
6.084453956327164633e+03
5.163989774501736065e+03
6.076004416807846610e+03
1.336924283655478575e+04
4.213912381934947007e+03
8.396493485248542129e+03
1.008983810817209087e+04
8.323742088480463281e+03
8.340007634156443601e+03
5.058141961433872893e+03
5.624610302077016058e+03
1.268415973888714325e+04
8.325656392480994327e+03
1.288232167737794953e+04
2.775834181758437808e+03
1.148464264812520923e+04
5.549361467007465762e+03
8.616109701906183545e+03
2.790766486846623593e+03
2.775353934778010625e+03
1.568699253945716373e+04
5.553034303779643778e+03
1.015002130409219717e+04
1.297103205822820746e+04
7.105945474685973750e+03
6.603569861684503849e+03
7.320867956988211517e+03
7.827559182945678003e+03
6.932824026579692145e+03
9.713789598680044946e+03
8.356711936134623102e+03
8.643515852446591452e+03
1.005683810236845602e+04
2.775431324463229430e+03
7.045412444388116455e+03
2.776135803244954786e+03
3.768142306894305875e+03
9.297867938297971705e+03
5.990992887015265296e+03
9.093681656494751223e+03
5.839477320844094720e+03
9.389706163011554963e+03
5.551143352734313339e+03
3.635765343469165600e+03
8.499850523486431484e+03
7.739181000874497840e+03
5.372050593150707755e+03
3.464593416224094653e+03
5.000739753337912589e+03
1.514619329134260443e+04
1.110004674564963898e+04
2.577089603108085794e+04
8.735676478423905792e+03
9.054787782692941619e+03
5.551935445929865637e+03
6.937598021243661606e+03
6.511021439415521854e+03
1.931788525926613875e+04
5.548985048422631735e+03
6.936668719392295316e+03
8.747177051693543035e+03
9.700735818315393772e+03
7.709085741847557074e+03
1.485645775316756954e+04
1.831600146585531547e+04
1.377868312900490855e+04
1.114237613637763752e+04
1.234963887797277130e+04
8.535890339157922426e+03
7.179787457012946106e+03
1.665494978508908753e+04
9.393132937465523355e+03
5.549455691510319411e+03
7.835036088221998398e+03
1.526257222825796998e+04
6.089178820629036636e+03
1.724059573058192109e+04
2.776692495177267574e+03
4.277562503382328578e+04
1.090409493530824329e+04
1.234653238915916336e+04
1.297561575984022420e+04
7.557852712696609160e+03
5.550260785879901050e+03
8.919075432403527884e+03
7.738052510378220177e+03
5.044986659682053869e+03
7.824433455990906623e+03
1.179543215226305074e+04
2.775622061113581367e+03
1.641685136760641763e+04
1.387452082149524722e+04
5.061036633082124354e+03
5.550379678391631387e+03
9.951750694907956131e+03
5.183087892025419933e+03
8.508194382046889586e+03
1.797553072964676903e+04
5.859298037339758594e+03
1.328228331492244797e+04
6.373940869113854205e+03
2.426917202856866425e+04
6.244450961671070218e+03
1.233574350831270931e+04
2.091236431687144432e+04
5.063389386527918759e+03
5.550162567104010122e+03
7.333914742296291479e+03
6.985285411328855844e+03
2.185501355079610948e+04
9.529433907891829222e+03
3.689091621759557711e+03
4.354023455368960640e+03
1.102999197522575196e+04
1.942244477126825950e+04
1.248753841660841317e+04
9.271346637108263167e+03
1.409900675638725988e+04
1.412658577887987849e+04
5.110234171445243192e+03
7.092466631900063476e+03
1.110061253256773671e+04
6.189142347426987726e+03
1.043065290357444064e+04
5.550522506403748594e+03
6.975764557825709744e+03
1.242037689624654195e+04
8.198195069603349111e+03
4.988940693112887857e+03
9.380154314834217075e+03
7.599600324524508324e+03
9.548080698758680228e+03
1.250462582939073582e+04
5.549126002081347906e+03
2.649872255424749255e+03
1.358692045970894833e+04
1.882523241929189680e+04
1.109966531075071543e+04
4.317177166171817589e+03
5.550999812718522662e+03
1.120776786227599769e+04
1.720964439863965526e+04
2.684978641041635638e+04
7.055458652883071409e+03
7.710092286564269671e+03
7.029403514553181594e+03
3.779708493528988129e+03
5.548891199171840526e+03
1.295270665673125950e+04
3.312651448235202406e+04
3.899108208477434800e+03
1.242228971073577486e+04
6.937548061936459817e+03
1.189219706512965058e+04
1.222191395681780159e+04
5.618392143659748399e+03
2.862046525824506261e+03
1.039635351668595467e+04
6.516150564878520527e+03
5.158824854636852251e+03
2.382900030009011971e+03
4.629501253169540178e+03
7.997056452253777934e+03
1.268875454398698275e+04
9.712951891338661881e+03
2.776486957209931916e+03
5.632874664981229216e+03
3.700036667372903139e+03
1.059329532905772248e+04
1.132539823857032752e+04
2.225717080035699109e+04
1.656205518911001491e+04
1.212031983805566961e+04
1.136511654413144970e+04
9.229545224889780002e+03
3.317016388375968290e+03
5.277693778102395299e+03
1.446433524857743942e+04
5.026482353579035589e+03
6.939755857407500116e+03
6.939177255600679018e+03
8.312696298375707556e+03
5.137234913416609743e+03
9.207401498950383029e+03
5.451976956149329453e+03
1.193807570372306327e+04
5.192862795154428568e+03
5.549361467007465762e+03
7.066406422431701685e+03
2.313409697488950769e+03
5.176501464306432354e+03
7.280933991206876271e+03
5.048705706738324807e+03
1.110028403911100395e+04
1.194024941775960906e+04
6.936859140109479995e+03
1.136404985020043387e+04
5.455675182331079668e+03
1.059329532905772248e+04
1.168998095084194574e+04
5.191167187828264105e+03
6.937036088169855248e+03
4.829585099144400374e+03
5.222952015999744617e+03
6.938818293307276690e+03
1.102649845798528986e+04
2.775383735464538404e+03
1.451534653704820448e+04
1.658789780207044168e+04
2.511608674136750415e+04
8.819527996584514767e+03
1.745275753810472452e+04
1.945814383463427293e+04
2.776837854722402881e+03
1.110208860798722890e+04
6.999287844407925149e+03
5.145952436360353204e+03
1.157090876895747533e+04
5.264729898105650136e+03
1.401859320428556566e+04
1.221535958458022105e+04
1.554595506277461573e+04
9.099834581752087615e+03
5.782833019075998891e+03
8.993526530194501902e+03
5.023963862908742158e+03
4.405356162306100487e+03
9.392812956449564808e+03
2.776583624472281372e+03
6.969104926198469002e+03
1.362032161676324722e+04
6.044497027061931476e+03
1.196842879281976639e+04
1.061698865686969657e+04
8.641128822538978056e+03
4.708000547406681108e+03
4.161637347650694210e+03
1.675353273386612273e+04
1.839551775317506690e+04
5.552465755860256650e+03
9.715038534784456715e+03
5.051705307550958423e+03
1.347744004707794556e+04
1.234123585503584400e+04
8.419293498093011294e+03
5.549432107804163934e+03
4.677407236257365184e+03
8.479792604391663190e+03
1.248769847783964360e+04
6.983676246671054287e+03
1.070754203137680088e+04
6.964811884238192761e+03
6.696307660319145725e+03
1.235947737269984827e+04
2.932853204600309982e+04
2.139943287843373400e+04
2.358824672933613328e+03
5.597407282772494909e+03
3.318272449586137100e+03
1.700065753947925987e+04
1.111418854307436231e+04
8.327268171726840592e+03
1.005220141944747775e+04
6.940080593303862770e+03
5.551023726475404146e+03
2.774639689573472424e+03
1.111957091735208814e+04
6.953187062100605544e+03
6.996989294384042296e+03
7.770007662022239856e+03
7.857254003978402579e+03
6.579692817019323229e+03
1.380834171762139522e+04
1.466676993108848728e+04
6.964208717532435003e+03
2.081220287690098303e+03
6.493546706315612028e+03
1.001283258994623247e+04
5.758086649105168362e+03
2.776426584304430889e+03
7.938857475825488109e+03
5.129407002737296352e+03
3.937949532975571492e+04
9.223618811653110242e+03
6.593164825474040299e+03
1.270534419075279220e+04
6.939481040025528273e+03
1.515571790587641044e+04
9.712164558701111673e+03
5.548985048422631735e+03
7.776899923583493546e+03
5.219512730723228742e+03
5.002309833596649696e+03
2.419941815750275509e+03
6.301495457513474321e+03
1.653671913532350663e+04
2.775075374373283921e+03
8.938773353877835689e+03
1.526263739024342613e+04
9.203301085423538098e+03
2.166618082670828517e+04
6.715149192204727115e+03
6.492879249034181157e+03
1.248844235598537125e+04
7.058219981992772773e+03
6.482966609534321833e+03
2.775482865224219040e+03
8.324980184465066486e+03
4.987350761194365987e+03
5.549597323635252906e+03
3.317153862484469755e+03
3.230359000800192462e+03
7.429040949529959107e+03
2.953570180766631529e+04
2.775993215523382787e+03
3.918659518426823342e+04
5.904859828052923149e+03
1.029099538377645149e+04
8.788166696544085426e+03
5.816947526425176875e+03
2.115251889110760021e+04
6.137288905700248506e+03
1.177957175158415339e+04
2.776571800834030000e+03
5.219227082469806192e+03
1.110037902692964599e+04
1.395657554880429780e+04
1.499394335879109894e+04
5.549337817828651168e+03
9.583641349156179785e+03
6.936505999025633173e+03
1.234123585503584400e+04
9.713318945934553994e+03
9.830083283772313735e+03
1.003561172943779093e+04
5.550975906968246818e+03
1.421225511224772890e+04
4.161874888011854637e+03
4.339863433417569468e+03
5.550379678391631387e+03
2.776946970133004470e+03
5.921434298389004653e+03
1.254181331689940998e+04
6.939331475697217684e+03
1.004357927764738452e+04
7.228693120404092042e+03
1.563722835390020373e+04
1.082576421931524601e+04
6.950767965940193790e+03
4.865229760090016498e+03
2.776910585274107689e+03
6.471656840502239902e+03
5.158685007231247255e+03
3.499975929616308804e+03
5.096131026709778780e+03
8.114304729798648623e+03
9.332642262800491153e+03
2.775813371423992066e+03
1.184670963073024905e+04
5.832251370760352074e+03
3.891975691643536265e+04
5.596984930573021302e+03
1.228822546378885818e+04
1.665035130649090570e+04
1.831654860775461930e+04
1.043037822868320654e+04
1.167983610185720681e+04
1.033216982033724707e+04
5.550399384881468904e+03
9.009576367296629542e+03
5.186722779300119328e+03
9.140504828642749999e+03
1.278814029472659058e+04
1.785875041260275611e+04
1.106498169878137014e+04
9.323287646136397598e+03
7.086482685987052719e+03
1.150871230538760392e+04
4.361296284697362353e+03
5.233338372061876726e+04
1.526756146180676660e+04
9.169913669994735756e+03
1.267626994286908666e+04
8.979739314389949868e+03
8.545019523823071722e+03
1.182660046176150354e+04
1.623434616034533610e+04
4.161549370445782188e+03
7.056012209348026772e+03
2.776087443296515175e+03
2.776005217148780957e+03
5.176642182209694511e+03
6.218591581223314279e+03
6.399373405421679308e+03
6.292080731611115880e+03
4.797063697771883199e+03
5.144904548964160313e+03
3.785029016247668915e+04
9.979587056802341976e+03
5.923227998116093659e+03
4.936270680754239947e+03
3.166857956156047749e+03
3.631240634541743930e+03
7.467983476262867953e+03
2.091202908935231608e+04
6.104790540886936469e+03
8.191629713351178907e+03
2.774522044658742743e+03
9.343791073834134295e+03
7.435855202704584372e+03
9.328229061565185475e+03
1.102671994383414130e+04
4.161549370445782188e+03
3.727743891198659639e+03
7.639332160845242470e+03
1.387511365492828372e+04
2.776005221936081853e+03
1.345553973983080868e+04
6.937991822779762515e+03
1.325952681141120411e+04
1.147390764569565908e+04
1.453569582942240595e+04
5.551854429516936762e+03
6.995124735937295554e+03
