4.435783467373756139e+03
1.310251987044332418e+04
1.480894146263563925e+04
5.053627549418829403e+03
3.796938708664298701e+03
6.008586332561132622e+03
4.163903644814714426e+03
4.021080321683588409e+03
1.281190532734298176e+04
4.804469494764976844e+03
5.240299619829430412e+03
3.559789082707846774e+03
3.368260493396147467e+03
6.764946145868980238e+03
1.054324040138427881e+04
5.737055350464982439e+03
3.282189380766687009e+03
5.532338785025400284e+03
4.681385124442126653e+03
3.503214657744376836e+03
4.392221460554677833e+03
3.892608294341494002e+03
3.570955950642904554e+03
3.770418147162366949e+03
5.535838350833450932e+03
3.598829917362993456e+03
3.719868284674945698e+03
6.073698372602758354e+03
4.657740670571099145e+03
7.473146585331484857e+03
3.537775826997676177e+03
9.352070283545825077e+03
9.661012643483079955e+03
7.246913050470841881e+03
6.817169757202307665e+03
6.607539944657872184e+03
7.351780989251586107e+03
9.507910302396858242e+03
4.089029580749526758e+03
2.381136763595097727e+04
3.776565635947726150e+03
7.337628891762596140e+03
5.016405432987245149e+03
6.914088820838757783e+03
4.672726253223323511e+03
8.594099149530477007e+03
4.347108241222053039e+03
8.072856712731008884e+03
8.340499401883836981e+03
3.357130758082432749e+03
5.369883310110903039e+03
4.335514525331103869e+03
9.000840272266113971e+03
4.997273655628238885e+03
1.390670071940070738e+04
6.370492550134129488e+03
3.131045921598552468e+03
6.772213232858460287e+03
1.198642361602997698e+04
8.396515963509607900e+03
3.345179960901390587e+03
3.641282531299959373e+03
1.019968815257558526e+04
4.526818909422024262e+03
6.196016442310155981e+03
7.698133672182524606e+03
3.819523384584238556e+03
4.317270174967502498e+03
4.814023777002908901e+03
4.880528693995813228e+03
3.948069838726908529e+03
5.252476546230407621e+03
3.307853720300646728e+03
5.024491949399333862e+03
6.060278427349108824e+03
4.138114043231447795e+03
3.628754129507648940e+03
3.270791361885309016e+03
5.605281064668219187e+03
9.541080812869015062e+03
4.068178876485894762e+03
4.282047701940970001e+03
8.304574349316326334e+03
4.536725155878814803e+03
4.146044431103020543e+03
3.838508306892129440e+03
6.888321810987338722e+03
7.011094414178282022e+03
3.740513903342447975e+03
8.522499863114508116e+03
3.562416594374318265e+03
3.767334863638051957e+03
7.326731853812365443e+03
5.028956684384011169e+03
8.292901279391582648e+03
1.239169446781696388e+04
4.758025743412184056e+03
4.521721468563616327e+03
1.484511302957294174e+04
6.078588101894919419e+03
9.390478632500504318e+03
3.302241433686680466e+03
6.000334682069644259e+03
5.154063940467764041e+03
1.193926361694092157e+04
6.183817625930490067e+03
3.322837003040847776e+03
3.957477166558361205e+03
6.706432448764297078e+03
1.024226088107195756e+04
2.905861694951785466e+03
7.356500326239295646e+03
4.012113963647426317e+03
4.975603907393868212e+03
7.868421113176400468e+03
5.850349267237304957e+03
5.345256689959104733e+03
6.743211367970551692e+03
4.561860654265024095e+03
6.495642290513559601e+03
5.699186238711427904e+03
4.727471083779163564e+03
1.660586066180295893e+04
7.060630597583337476e+03
3.894078858610871521e+03
7.512100562333568632e+03
3.153115514169472135e+03
4.941403708036442367e+03
3.185998559752326400e+03
5.440980382100383395e+03
3.469273405954071222e+03
3.990113102417481514e+03
8.865358881462287172e+03
4.396465383205828402e+03
4.424413796950691903e+03
4.644518286943789462e+03
6.021832485031389297e+03
3.723997175051321392e+03
1.451660733683645958e+04
7.009799744187383112e+03
6.059001717528006338e+03
4.355058513711060186e+03
5.936140879046987720e+03
5.025028758847533936e+03
6.055561210526248942e+03
9.165012350432829408e+03
5.022577382251654853e+03
9.671644501138283886e+03
1.556180685278472265e+04
9.522075472046530194e+03
3.812471654043956278e+03
4.027610062879669385e+03
6.143567581760078610e+03
7.994966826926875910e+03
5.325901192903742412e+03
3.788514233533632250e+03
1.506653671765544459e+04
9.445495773794184061e+03
3.768096148006514341e+03
1.904955817906779339e+04
7.608215556904873665e+03
8.112525615417486733e+03
4.290410415388537331e+03
8.002528739291215970e+03
3.742703196612965257e+03
4.066825872923024235e+03
6.023496707765717474e+03
9.519232269431164241e+03
5.490105246955899020e+03
5.588781122114453865e+03
7.703171953377690443e+03
5.153065031606827688e+03
4.834449724178420183e+03
6.955814387261386400e+03
4.487468653339989032e+03
4.342233958614140647e+03
9.739443398537068788e+03
1.653046858378309844e+04
9.493722548102146902e+03
3.258159599004044594e+03
5.526114188842389012e+03
5.358869507358447663e+03
7.788561062704449796e+03
3.065610465764520541e+03
4.686923461943444636e+03
9.530431933684190881e+03
5.596528922503735885e+03
9.277771776457644592e+03
5.164198324373485775e+03
3.569629313709086091e+03
4.904627548547287915e+03
4.541633163647595211e+03
1.663845277094437552e+04
1.880130385025661235e+04
3.723805051396943782e+03
3.608916795691702191e+03
7.988360933313911119e+03
3.724680529552359076e+03
3.204898857510023845e+03
1.182171248498598470e+04
5.143615103047405682e+03
1.005788282760044422e+04
3.275411979300773964e+03
4.164765710777585809e+03
8.131013739388919021e+03
9.501219540053465607e+03
3.385617582654575472e+03
7.066659456434829735e+03
9.359054284628471578e+03
7.198604052895179848e+03
4.843643173547997321e+03
3.444058360307614748e+03
5.695299351592906532e+03
4.047880434415104446e+03
6.426083430708162268e+03
9.373038735869933589e+03
3.401129455079772470e+03
4.775142449032477089e+03
8.871752309685500222e+03
8.992285733687971515e+03
4.223766234501215877e+03
3.950302917146859272e+03
1.402732286844898590e+04
8.947044876919220769e+03
4.486239450928400402e+03
7.125249907656990217e+03
6.430009874074338768e+03
3.308135696105472562e+03
7.073855288292685145e+03
5.298508627673332740e+03
6.291694735927878355e+03
1.386371812058148498e+04
4.938146163989618799e+03
6.729815922533587582e+03
3.565737780306773402e+03
5.470842836135321704e+03
8.254171862563869581e+03
7.510703988312533511e+03
1.236811946122331392e+04
6.083824614668772483e+03
7.802592529163403015e+03
4.363239799983336525e+03
1.011595654381872373e+04
3.793174539682383511e+03
7.820867442385606410e+03
1.258174807056554164e+04
6.124458497517789510e+03
9.141448339125003258e+03
1.006979344508058966e+04
4.168674532911049027e+03
5.624960107070676713e+03
1.112013388193468381e+04
8.936576005332517525e+03
4.382390418281310303e+03
3.664898509733848186e+03
7.456029222326079434e+03
7.766351869878796606e+03
5.425492608392893089e+03
1.434171103816124014e+04
6.134496641932612874e+03
8.207059642838434229e+03
4.448328682090211259e+03
9.062465002614359037e+03
3.528443937269082198e+03
6.630733143513134564e+03
4.489094270595060152e+03
3.478180062751107016e+03
4.503219880064883000e+03
4.318012137241478740e+03
5.764381057527977646e+03
4.060508431246132659e+03
5.266352967454125974e+03
7.834465720955784491e+03
5.912717154173523340e+03
3.988216186198918876e+03
4.319154633324778843e+03
5.015809301689560925e+03
6.104384495053098362e+03
4.882740443522522582e+03
4.556840502917351841e+03
3.791119094596239847e+03
1.131067281747786365e+04
4.517571789675269429e+03
6.620120757881144527e+03
6.792400895817879245e+03
4.643179319102633599e+03
7.334216261905738065e+03
3.797199644160371008e+03
6.046596775115249329e+03
8.970969830157313481e+03
4.603773029795686853e+03
4.392590447896206570e+03
6.398307445354575066e+03
3.618292055757636263e+03
4.741707195484197655e+03
3.537712873948958531e+03
1.113059409141061769e+04
9.855782882788595089e+03
3.975181246638263929e+03
4.193903412986631338e+03
5.018350085809776829e+03
3.631408039298794847e+03
8.028723149751227538e+03
7.312035629194701869e+03
3.909026896249425590e+03
5.991153975589440961e+03
4.667385228862360236e+03
1.578490462937795019e+04
4.178434108457363436e+03
3.407515430174253652e+03
1.132429399792662480e+04
3.876657387108020430e+03
4.166258101275999252e+03
4.262860498774396547e+03
3.781006355452645494e+03
1.654007318106210369e+04
3.780263501124004961e+03
6.955054982791197290e+03
4.608279429360514769e+03
1.580560379700001431e+04
4.396699308450607532e+03
3.433510961685153688e+03
4.605159024943314762e+03
1.113126523750585329e+04
4.575985024888055705e+03
6.421936736347752230e+03
6.227737355840207783e+03
4.856445369202201618e+03
6.059951032628072426e+03
3.234155783100556619e+03
8.452162878974890191e+03
4.163720453632597128e+03
1.149411252680994221e+04
5.872903898315237711e+03
5.218917543897711766e+03
1.186282197619749422e+04
1.240826443877830388e+04
5.994920786870588017e+03
3.310700639410722033e+03
7.949567005360382609e+03
5.763035851420254403e+03
3.197223994116631729e+03
3.103621743589430935e+03
5.378803632410085811e+03
1.018659678563785928e+04
8.569534338106832365e+03
6.582694967500603525e+03
1.024438456881181446e+04
4.764494849016807166e+03
6.102704150016696076e+03
5.028723378728537682e+03
3.839890926782012684e+03
3.660767805861274155e+03
4.663513550046523960e+03
6.908989835981896249e+03
6.470883245647267358e+03
1.285233034540416520e+04
8.089137189989235594e+03
6.358214069106199531e+03
6.599649038973521783e+03
1.373622873114914910e+04
3.465785155381156073e+03
4.963612758562402632e+03
1.112013388193468381e+04
4.079718272722480378e+03
4.115413853273881614e+03
4.708960864428272544e+03
1.484511302957294174e+04
7.370127462055136675e+03
1.396357100870634895e+04
5.476951101568706690e+03
9.977359049319575206e+03
6.122505066578341030e+03
3.708540096741196066e+03
5.261141715284299607e+03
5.432123165694656564e+03
3.057797643528549088e+03
6.771573725895083044e+03
3.378133340048047103e+03
4.326384834969769145e+03
5.962262385375041958e+03
8.157826512533196365e+03
3.541654314493764105e+03
3.275073548871306684e+03
6.742011947017623243e+03
3.628881324864844828e+03
3.857027326469173204e+03
3.814713132720444719e+03
4.331392329309631350e+03
4.389033115646357146e+03
2.211426771127793108e+04
6.370492550134129488e+03
3.632345222129868489e+03
8.424948227304725151e+03
5.790611965450389107e+03
4.697204648123580228e+03
6.570785759780676926e+03
7.627480578541358227e+03
6.856789318123532212e+03
6.235549044979590690e+03
6.134697449820465408e+03
1.180473042022713889e+04
1.257633603728965136e+04
1.049646459520690587e+04
1.754154196276676521e+04
3.797928408314732224e+03
3.603330016457748115e+03
7.566002223280178441e+03
6.455662797062786922e+03
4.362265723939821328e+03
4.267249946494337564e+03
3.473361887091693916e+03
3.700859582993962249e+03
2.682829322447006780e+04
9.360212263495268417e+03
3.452596313983625350e+03
4.840140153439271671e+03
3.714460008841740091e+03
5.126883734241596358e+03
3.956773760921334087e+03
4.770115644633525335e+03
7.172224500440584052e+03
5.082071827580277386e+03
2.765302605085409596e+03
1.221783114989426394e+04
5.885929984546953165e+03
6.565782141502600098e+03
1.083360880671625091e+04
7.902943249849444328e+03
5.443035673845984093e+03
8.240795171052994192e+03
6.820637273662723601e+03
3.766045565827001155e+03
9.328484086823988036e+03
5.854522886959490279e+03
7.145919084584466873e+03
7.846654228246427010e+03
7.749059909131565291e+03
6.354923286693397131e+03
9.736367884590206813e+03
4.274968008104091496e+03
4.585696791095552726e+03
3.291683437500390028e+03
1.228927596557608013e+04
6.037629021868483505e+03
1.855551187411549472e+04
5.103908516898160087e+03
5.265762110813842810e+03
5.337621613675433764e+03
5.334115486929775216e+03
3.879068178053904830e+03
4.415437242781845271e+03
7.733926542370811148e+03
8.505910506700920450e+03
8.153992243637309912e+03
4.315504675603719079e+03
3.606008130028203595e+03
5.173456733612812059e+03
4.753727932626485199e+03
6.027664133564059739e+03
5.821629260742580300e+03
3.042488825868850654e+03
8.737552428746152145e+03
4.839952218350894327e+03
7.024596941644548679e+03
3.199679715979084449e+03
3.385355417870915517e+03
3.930515677091561429e+03
5.317415266995470120e+03
2.924328293165282503e+03
8.811101771190946238e+03
6.645351265978153606e+03
8.695933327978009402e+03
5.371629571906642923e+03
9.349385546011635597e+03
1.036525676082481186e+04
3.653860135473578794e+03
4.042388620763005292e+03
9.839110467766186048e+03
5.520925505917710325e+03
4.500241038045249297e+03
7.121142690937648695e+03
6.950003515860240441e+03
3.918698572467276790e+03
6.945995209170083399e+03
5.369146073896156850e+03
3.581182169969211827e+03
4.878604207791874614e+03
3.463786175644696868e+03
7.389430943694806956e+03
2.214725386181976864e+04
6.064590704733637722e+03
7.064394636187867945e+03
4.980425039811570059e+03
5.014607771769664396e+03
6.839503028032572729e+03
6.020504355079641755e+03
4.274596249284116311e+03
9.385165416163172267e+03
3.746878895087237652e+03
1.041824595585127463e+04
4.942012097249676117e+03
3.264829717264943247e+04
3.382369822209554513e+03
3.805701424902267263e+03
4.058652405903897943e+03
4.749883826851756567e+03
1.546561030151849627e+04
3.671588002638054604e+03
5.605311212049852656e+03
6.069090171743847350e+03
5.513574711719339575e+03
8.741788976812380497e+03
3.341889618488885844e+03
5.531949801996298447e+03
5.534726763996724912e+03
7.427048838693638572e+03
4.619523841269934564e+03
7.110019480007785205e+03
3.742746444923638137e+03
6.524540533721708925e+03
5.351611086246040941e+03
1.013490461107632473e+04
2.413810364831613697e+04
3.956566369183543429e+03
8.241794474747144704e+03
3.804730598911685320e+03
5.158640483726087041e+03
5.153065031606827688e+03
3.356460437185874071e+03
5.111442593576680338e+03
6.258485523069131887e+03
5.655390009231414297e+03
4.088761111380282273e+03
5.280862071676669984e+03
4.673610558666690849e+03
3.139745193098437994e+03
2.985600351528954889e+03
8.423457185617211508e+03
6.109046752320074120e+03
4.343010153224377973e+03
5.048159168558037891e+03
3.483132061908064316e+03
1.250477533188330017e+04
8.888083066467896060e+03
8.429080827734789636e+03
4.469696581257089747e+03
1.001796922581379658e+04
4.855902036676013267e+03
4.795823878936955225e+03
4.302619047415701971e+03
6.459003951610764489e+03
7.613288606209041973e+03
3.323915227314387721e+03
7.237790428361170598e+03
1.001578632072416258e+04
3.727030221151491332e+03
7.905030359308763764e+03
3.680451987651797481e+03
4.409477638950042092e+03
7.724238829572377654e+03
1.192594021948441514e+04
6.017075215629230115e+03
3.143659103304558357e+03
6.431450773066261718e+03
5.974391462030036564e+03
4.474410464505270284e+03
3.615612048669773230e+03
4.304245185176081577e+03
8.671246232244531711e+03
4.475264460735780631e+03
1.017019929852460518e+04
7.908858412509740447e+03
6.120575565528252810e+03
6.796712349414748132e+03
6.915786620920664063e+03
3.225212124093228340e+03
3.286001952597472155e+03
3.973826693193223036e+03
1.063557436414666699e+04
5.975782852500743502e+03
9.913001829053886468e+03
4.993084282257982522e+03
6.881316411871636774e+03
8.107089605495629257e+03
3.470604538252101975e+03
3.305091183848578112e+03
6.155453013628442932e+03
5.550828569648721896e+03
6.720711164312517212e+03
3.618666948409038014e+03
9.446010619626193147e+03
5.252417460867672162e+03
5.203941751155616657e+03
4.467810764365121031e+03
3.279323682178575382e+03
1.135238362616070845e+04
3.841806968277835949e+03
7.558625322722866258e+03
6.973088842383799602e+03
5.135945303289915500e+03
6.457060008241342075e+03
5.968907665329192241e+03
1.098570406662635833e+04
7.851656394172563523e+03
8.880983481215309439e+03
7.364263500239601854e+03
7.704792451538658497e+03
7.021006721050251144e+03
3.403750334649003889e+03
3.657122129859184497e+03
3.654400464366252436e+03
3.799622448486209123e+03
4.415437242781845271e+03
3.361740780283791082e+03
6.698368953849311765e+03
3.348485604397550560e+03
5.785826344292641807e+03
4.432236871781025002e+03
3.586785850754751664e+03
5.483925398023917296e+03
7.165523936752178997e+03
7.009277887986316273e+03
5.331142561105469213e+03
3.170220365604585368e+03
8.812409675739714658e+03
4.900300687299673882e+03
1.442642197703570673e+04
7.013311918589955894e+03
4.375682368684431822e+03
4.310354970288833101e+03
5.623770938063814356e+03
5.487791854840545966e+03
1.146453847220050375e+04
4.480278097539128794e+03
3.996490411878853592e+03
5.239706001517270124e+03
7.722859555435400580e+03
4.367754744384868900e+03
6.524190634777600280e+03
1.083917138507774871e+04
5.942679374073863073e+03
3.692626931370829698e+04
4.932122014365071664e+03
7.991419614799420742e+03
4.317992490573863506e+03
9.253216508777584750e+03
7.210871769202333780e+03
6.133762866948831288e+03
9.883626322678102952e+03
7.238550096093418688e+03
4.811927744426253412e+03
8.835987480266368948e+03
3.730392767018864106e+03
2.795429886800102759e+04
8.926475568149549872e+03
1.619977421746316395e+04
6.295399344531036149e+03
4.234106789667221165e+03
9.237912278748926838e+03
7.792923170482954447e+03
5.155210168195382721e+03
3.355806960279717714e+03
3.606002816619903115e+03
7.394012776263866726e+03
2.963570575196870777e+03
7.213160854672627465e+03
7.872482120170246162e+03
3.344780140293672048e+03
5.317345760658468862e+03
5.937496749277736853e+03
3.192551099616257943e+03
5.084215578311823265e+03
1.275465230622611125e+04
3.577996752171999105e+03
7.526614374417537874e+03
3.847956567164643729e+03
1.052403366509414263e+04
4.537108156780795071e+03
7.396808594236951649e+03
1.934419863988337602e+04
3.618530033475328764e+03
3.865211866007119625e+03
1.348920298921733047e+04
3.847198201618321036e+03
1.034113516167538364e+04
5.707416028915960851e+03
4.014071702861866470e+03
4.828221582448863956e+03
8.913999974225636834e+03
1.193211115622534817e+04
9.492528821758731283e+03
8.179392350239332700e+03
8.326470302070976686e+03
8.068789526244073386e+03
4.400526166354961788e+03
8.871752309685500222e+03
4.518736474969733536e+03
4.589440814174834486e+03
9.157837071699517765e+03
5.263075744468281300e+03
4.335414566960370394e+03
9.859808634711658669e+03
4.825175358335618512e+03
3.344945525516490761e+03
5.778757224465462969e+03
4.206681938002665447e+03
5.625151293740112123e+03
1.036525676082481186e+04
5.166750253878108197e+03
3.641244534958066652e+03
5.974438506150499052e+03
1.424329894640659404e+04
5.762280852295652039e+03
3.380574138879971088e+03
3.952585218466722836e+03
6.768405675348995828e+03
1.106778792601708483e+04
6.822259821598968301e+03
4.156778067309678590e+03
4.403416140832313431e+03
5.721353589993086644e+03
3.273787626316969636e+03
5.030695224391794000e+03
5.765431501778157326e+03
1.426799843352477728e+04
3.910495938691617539e+03
5.495714381171909736e+03
5.354577416177635314e+03
6.262792336535969298e+03
4.790110283053716557e+03
5.475347902359232648e+03
5.621982715113062113e+03
8.809085817036540902e+03
5.135360446621668416e+03
3.670230807399263540e+03
5.032964790124294268e+03
3.519469632017437107e+03
5.437175226758419740e+03
6.781402229948436798e+03
6.464080984300006094e+03
3.508438994241835644e+03
3.348118595598113188e+03
3.655379387347719330e+03
6.328382352649810855e+03
7.276446046375981496e+03
1.372260975218340172e+04
1.001474525803705910e+04
6.839503028032572729e+03
1.057679922318295939e+04
8.885950158929621466e+03
3.584016788140861991e+03
3.264926564869798312e+03
7.334612073227704968e+03
5.713894703270284481e+03
4.904181393148183815e+03
6.825638085417090224e+03
4.267233070103049613e+03
3.335820409639130503e+03
3.902937552352716011e+03
5.285315039699426052e+03
6.436089559305438343e+03
4.139806369959253971e+03
6.715267072175131943e+03
4.725937597902246125e+03
5.625595029280461858e+03
3.813457390990562544e+03
3.385661430073926567e+03
3.523233761393485565e+03
8.568048794842547068e+03
7.775344002256075328e+03
5.151737674377768599e+03
1.024597903454732113e+04
4.163105140671423214e+03
6.227259309480828051e+03
7.662237992292823037e+03
3.573614470086477922e+03
6.959666476618946035e+03
3.929564884523063029e+03
3.646881946121676265e+03
3.860638316161601779e+03
6.898549261784965893e+03
4.014431824852387308e+03
7.613288606209041973e+03
1.612490889709207113e+04
1.058683553551475961e+04
3.754171806526956971e+03
1.391835343682933853e+04
7.902879839240116780e+03
3.378028378452257584e+03
5.424283064411857595e+03
4.813944582144810738e+03
3.242955831725620556e+03
5.568406908287748593e+03
2.975639045099931991e+03
9.240798874609352424e+03
4.931384082258226954e+03
9.114782207503756581e+03
4.296959840097531924e+03
3.502766296366066399e+03
1.327805954371185908e+04
4.018184206217719748e+03
3.411240458850423693e+03
5.800235559905146147e+03
3.892190546291239571e+03
4.439590637761493781e+03
7.928044843039907391e+03
3.293193746974116493e+03
5.654300034342253639e+03
1.351812181921934280e+04
1.132773299425858204e+04
5.994681441936664669e+03
3.801430358363579217e+03
9.542757106488090358e+03
1.206101601835878137e+04
5.387220678555017912e+03
8.093785996445527417e+03
3.558780292400485450e+03
9.135320650270037731e+03
9.027302628151828685e+03
5.787514748004959074e+03
5.808329257040697485e+03
4.646619049402297605e+03
4.999966628307223800e+03
7.034115413791720130e+03
4.404273428917569618e+03
5.069743911141578792e+03
3.891687744949646913e+03
3.449729755350015239e+03
4.871949598664613404e+03
1.796849713843212157e+04
1.099704668053442219e+04
3.587205336395699305e+03
4.527098706895467330e+03
3.560755550934025450e+03
7.051732433571105503e+03
6.578029551361142694e+03
3.709197292255489174e+03
6.336050152507350504e+03
5.794556977465822456e+03
6.028874038356587334e+03
3.721797164752790195e+03
6.456441715752980599e+03
3.508103302497882396e+03
4.707732076843911273e+03
5.531949801996298447e+03
6.097825479755790184e+03
7.020658287044997451e+03
5.786761370653128324e+03
8.688068566840169296e+03
4.964333952274801959e+03
5.232485233946024891e+03
3.297110243857840487e+03
5.017138350401276512e+03
4.289731559132599614e+03
4.067093410304255940e+03
1.018009489469556684e+04
3.360443480580102914e+03
1.590189934420276222e+04
5.197226107876273090e+03
3.351123363782798151e+03
6.262412101136621459e+03
4.732288925439999730e+03
2.083138787725182920e+04
5.039610422363834004e+03
4.488667511941053817e+03
3.741662744481071968e+03
3.579036966757433675e+03
3.295673609468808081e+03
3.611097437749736400e+03
4.334756817011400926e+03
7.695360703392363575e+03
3.499679594289042598e+03
5.421756854003301669e+03
5.634267161939053040e+03
4.298110860798768044e+03
2.891763812838272497e+04
1.008879958565549714e+04
3.566989029479317196e+03
7.835991733707081949e+03
4.089065674431044499e+03
3.874538435230417235e+03
2.977072815896247903e+03
5.334743927170381539e+03
4.214135755487975985e+03
7.720407553940664911e+03
3.659422522019062399e+03
4.380964837649640685e+03
5.124103119516918014e+03
2.492658464820344307e+04
3.389884655667737206e+03
2.471188640539109110e+04
3.653273031901573177e+03
8.801061451050096366e+03
5.084271453140953781e+03
4.937180796532255044e+03
1.630341465688123390e+04
6.742772749240813027e+03
8.187891684660785359e+03
3.255185879386721354e+03
3.908827908826515795e+03
8.296328963818710690e+03
9.106961050548374260e+03
8.178916721414975655e+03
5.910689995478508536e+03
6.041364902519114366e+03
4.095128848972956348e+03
9.027302628151828685e+03
5.455646239716556920e+03
5.491620264322819821e+03
8.865358881462287172e+03
4.468119347342071705e+03
7.766124262583082782e+03
4.050607664418660988e+03
4.003970872809635239e+03
4.153656513582855041e+03
3.545432814824628622e+03
3.959080663171773722e+03
7.230914876590232780e+03
5.456681373091098976e+03
7.143861042205219746e+03
7.063919937658887648e+03
1.217370422417118971e+04
6.749849850064986640e+03
4.057737736548589965e+03
4.954875526259853359e+03
4.217210193329994581e+03
8.841800609349753358e+03
6.226943642290865682e+03
4.749297044622672729e+03
3.469251562023541283e+03
6.428678020880556687e+03
6.925473961169381255e+03
3.353118995177364013e+03
4.304643563788373285e+03
4.809848725152358384e+03
2.521058060611867040e+04
3.974440183954763143e+03
9.429040165676811739e+03
5.217019810390838757e+03
1.118711901721266804e+04
4.940856106894596451e+03
1.035937592168621086e+04
5.225707263738298934e+03
3.652904033051921033e+03
5.654521912738400715e+03
4.180192498698755116e+03
6.479563885616224979e+03
6.744298883470333749e+03
1.300417865810985131e+04
8.606382817712294127e+03
4.633106016950071535e+03
4.621719614352059580e+03
7.403655320453749482e+03
3.735828986458960117e+03
2.829820075585237282e+04
1.061257346360635165e+04
1.031136802366586744e+04
8.136014842103107185e+03
4.932243907126837257e+03
3.124774583258023995e+03
6.831066661181956988e+03
1.058427647961873663e+04
7.979647352492241225e+03
4.938799581599068006e+03
4.458813605247367377e+03
3.905937296524879912e+03
3.910650532815649512e+03
3.695881158259028780e+03
3.403421286263198454e+03
5.678903143297018687e+03
4.839559690479762139e+03
3.056360258881487880e+03
2.000556363805930960e+04
8.339401124565616556e+03
3.757830431667323410e+03
3.132196070081775360e+03
3.214997909115621496e+03
3.413444486802448409e+03
9.475851271210200139e+03
1.417179903832450327e+04
3.517349591854075243e+03
5.458060642148650913e+03
4.120894307209880935e+03
9.505085568724614859e+03
7.923974292961883293e+03
4.819158427337689318e+03
6.938788996435716399e+03
3.900825747335461529e+03
4.007943270464870693e+03
4.064508008070395135e+03
7.360367233051833864e+03
3.722516887598535959e+03
6.815582215008080311e+03
8.096737960363545426e+03
1.183117925870030922e+04
6.601393569256471892e+03
1.968870832917075677e+04
3.703162408010310173e+03
4.304534052939130561e+03
