3.990732800000000000e+07
4.161945600000000000e+07
2.117324800000000000e+07
nan
3.938304000000000000e+07
4.647936000000000000e+07
4.185395200000000000e+07
2.687795200000000000e+07
1.451960320000000000e+08
7.473049600000000000e+07
2.792243200000000000e+07
4.528742400000000000e+07
3.949363200000000000e+07
6.870220800000000000e+07
4.719820800000000000e+07
2.742988800000000000e+07
3.879731200000000000e+07
3.343974400000000000e+07
nan
3.271782400000000000e+07
2.739609600000000000e+07
3.503718400000000000e+07
4.099481600000000000e+07
3.487129600000000000e+07
4.110540800000000000e+07
nan
4.063334400000000000e+07
nan
4.013465600000000000e+07
2.671206400000000000e+07
4.492902400000000000e+07
6.921830400000000000e+07
5.542195200000000000e+07
1.282355200000000000e+07
3.346022400000000000e+07
4.661862400000000000e+07
nan
3.488153600000000000e+07
4.009164800000000000e+07
8.351334400000000000e+07
nan
2.119270400000000000e+07
2.799616000000000000e+07
3.520716800000000000e+07
3.277209600000000000e+07
1.995161600000000000e+07
2.070937600000000000e+07
3.261849600000000000e+07
6.348800000000000000e+04
4.153753600000000000e+07
nan
6.284902400000000000e+07
nan
3.256729600000000000e+07
5.247385600000000000e+07
3.974553600000000000e+07
4.137164800000000000e+07
2.717696000000000000e+07
5.198643200000000000e+07
3.485696000000000000e+07
6.835200000000000000e+06
nan
nan
nan
5.625446400000000000e+07
6.432972800000000000e+07
nan
5.246361600000000000e+07
nan
4.000153600000000000e+07
4.005068800000000000e+07
nan
3.921817600000000000e+07
2.633523200000000000e+07
4.748902400000000000e+07
nan
nan
4.142182400000000000e+07
3.994828800000000000e+07
6.427443200000000000e+07
4.200345600000000000e+07
4.904550400000000000e+07
2.826342400000000000e+07
nan
3.460608000000000000e+07
4.210585600000000000e+07
3.936665600000000000e+07
3.245670400000000000e+07
4.195635200000000000e+07
5.604966400000000000e+07
4.855705600000000000e+07
4.163379200000000000e+07
3.497164800000000000e+07
3.345408000000000000e+07
nan
2.671820800000000000e+07
nan
nan
4.054835200000000000e+07
4.109107200000000000e+07
nan
4.709171200000000000e+07
nan
2.777395200000000000e+07
1.348812800000000000e+07
2.640896000000000000e+07
3.932467200000000000e+07
4.176793600000000000e+07
nan
2.575974400000000000e+07
6.525132800000000000e+07
3.375923200000000000e+07
4.014899200000000000e+07
2.657894400000000000e+07
nan
4.817715200000000000e+07
2.686156800000000000e+07
3.861708800000000000e+07
3.510476800000000000e+07
1.989222400000000000e+07
nan
6.124339200000000000e+07
2.260541440000000000e+08
4.660019200000000000e+07
4.168294400000000000e+07
4.744396800000000000e+07
5.373952000000000000e+07
nan
3.949260800000000000e+07
3.325132800000000000e+07
3.850752000000000000e+07
4.202188800000000000e+07
1.024000000000000000e+04
nan
3.988684800000000000e+07
3.980390400000000000e+07
1.399808000000000000e+07
nan
5.543116800000000000e+07
4.096000000000000000e+03
3.904102400000000000e+07
nan
3.311820800000000000e+07
3.358310400000000000e+07
nan
4.728422400000000000e+07
4.076441600000000000e+07
3.399270400000000000e+07
2.555904000000000000e+07
3.850649600000000000e+07
nan
4.114534400000000000e+07
4.019609600000000000e+07
3.398451200000000000e+07
nan
1.949900800000000000e+07
1.218150400000000000e+08
4.070604800000000000e+07
4.763238400000000000e+07
6.418022400000000000e+07
nan
nan
nan
3.455180800000000000e+07
3.972096000000000000e+07
3.976396800000000000e+07
4.728832000000000000e+07
2.074828800000000000e+07
3.310592000000000000e+07
3.890892800000000000e+07
1.228800000000000000e+04
3.268198400000000000e+07
nan
4.515840000000000000e+07
3.949260800000000000e+07
nan
5.353472000000000000e+07
3.241164800000000000e+07
2.666803200000000000e+07
4.147404800000000000e+07
3.851059200000000000e+07
nan
2.787737600000000000e+07
3.927552000000000000e+07
5.567488000000000000e+07
3.525017600000000000e+07
6.352281600000000000e+07
3.225395200000000000e+07
1.386188800000000000e+07
4.534272000000000000e+07
nan
3.975577600000000000e+07
3.031818240000000000e+08
8.991539200000000000e+07
nan
2.073702400000000000e+07
4.082688000000000000e+07
nan
4.215808000000000000e+07
1.163509760000000000e+08
1.943859200000000000e+07
0.000000000000000000e+00
3.887308800000000000e+07
4.165017600000000000e+07
2.560000000000000000e+04
5.155225600000000000e+07
4.126412800000000000e+07
3.868672000000000000e+07
6.144000000000000000e+03
1.985331200000000000e+07
nan
4.214272000000000000e+07
nan
nan
4.757913600000000000e+07
4.857446400000000000e+07
4.606771200000000000e+07
6.343475200000000000e+07
2.801459200000000000e+07
nan
3.976704000000000000e+07
3.944960000000000000e+07
4.762624000000000000e+07
4.505600000000000000e+04
3.275366400000000000e+07
nan
3.868774400000000000e+07
3.928678400000000000e+07
nan
nan
2.801664000000000000e+07
2.598092800000000000e+07
nan
nan
4.227276800000000000e+07
nan
4.039884800000000000e+07
3.321241600000000000e+07
8.192000000000000000e+03
4.561715200000000000e+07
2.117632000000000000e+07
4.061184000000000000e+07
nan
5.619507200000000000e+07
4.660428800000000000e+07
1.418035200000000000e+07
2.030182400000000000e+07
2.701516800000000000e+07
nan
3.925606400000000000e+07
8.408268800000000000e+07
7.168000000000000000e+03
3.986841600000000000e+07
4.017459200000000000e+07
4.167577600000000000e+07
0.000000000000000000e+00
nan
2.698444800000000000e+07
9.786572800000000000e+07
4.096307200000000000e+07
4.043980800000000000e+07
4.627456000000000000e+07
1.986150400000000000e+07
3.890688000000000000e+07
3.211878400000000000e+07
6.142361600000000000e+07
4.761292800000000000e+07
3.445760000000000000e+07
nan
3.377766400000000000e+07
2.610176000000000000e+07
nan
1.946521600000000000e+07
4.156518400000000000e+07
3.294003200000000000e+07
5.406310400000000000e+07
4.679884800000000000e+07
nan
4.210790400000000000e+07
2.089779200000000000e+07
nan
8.404992000000000000e+07
nan
nan
nan
nan
2.655436800000000000e+07
2.811084800000000000e+07
3.945062400000000000e+07
2.663628800000000000e+07
4.233728000000000000e+07
2.745753600000000000e+07
5.512192000000000000e+07
3.976499200000000000e+07
3.963699200000000000e+07
3.433267200000000000e+07
3.503718400000000000e+07
2.662400000000000000e+05
4.200345600000000000e+07
4.059033600000000000e+07
nan
3.486105600000000000e+07
5.978931200000000000e+07
1.342464000000000000e+07
3.972403200000000000e+07
nan
4.199628800000000000e+07
8.996044800000000000e+07
nan
4.222156800000000000e+07
4.820172800000000000e+07
3.393945600000000000e+07
4.109004800000000000e+07
4.806553600000000000e+07
4.656537600000000000e+07
4.838604800000000000e+07
3.481804800000000000e+07
4.663296000000000000e+07
2.573107200000000000e+07
1.995776000000000000e+08
5.502668800000000000e+07
6.695731200000000000e+07
2.024857600000000000e+07
3.523174400000000000e+07
nan
nan
1.923584000000000000e+07
nan
3.385753600000000000e+07
4.935680000000000000e+07
6.651904000000000000e+07
nan
3.239936000000000000e+07
3.343974400000000000e+07
nan
2.570649600000000000e+07
5.834752000000000000e+07
4.065382400000000000e+07
4.109107200000000000e+07
4.096000000000000000e+03
2.792038400000000000e+07
4.605849600000000000e+07
6.528819200000000000e+07
nan
9.011200000000000000e+04
2.003353600000000000e+07
2.776678400000000000e+07
4.048486400000000000e+07
nan
2.659737600000000000e+07
3.943219200000000000e+07
nan
3.930214400000000000e+07
nan
4.129382400000000000e+07
2.041036800000000000e+07
6.459596800000000000e+07
1.983488000000000000e+07
4.196147200000000000e+07
2.056806400000000000e+07
3.472998400000000000e+07
4.137164800000000000e+07
2.817228800000000000e+07
7.168000000000000000e+03
nan
5.584896000000000000e+07
2.596864000000000000e+07
4.054835200000000000e+07
2.009088000000000000e+07
4.051046400000000000e+07
3.913113600000000000e+07
2.765414400000000000e+07
nan
nan
2.037145600000000000e+07
3.984588800000000000e+07
6.963200000000000000e+07
nan
3.879321600000000000e+07
4.118835200000000000e+07
1.374822400000000000e+07
6.499123200000000000e+07
4.516864000000000000e+07
4.830617600000000000e+07
1.970995200000000000e+07
nan
3.244851200000000000e+07
4.220825600000000000e+07
4.218777600000000000e+07
2.651750400000000000e+07
2.667315200000000000e+07
3.974553600000000000e+07
3.852595200000000000e+07
4.809523200000000000e+07
4.748083200000000000e+07
nan
3.421696000000000000e+07
2.734489600000000000e+07
nan
3.961446400000000000e+07
nan
1.980416000000000000e+07
2.616320000000000000e+07
3.343564800000000000e+07
1.034956800000000000e+08
nan
3.982233600000000000e+07
2.739814400000000000e+07
2.093363200000000000e+07
3.285708800000000000e+07
4.122009600000000000e+07
5.274009600000000000e+07
3.474022400000000000e+07
2.531594240000000000e+08
6.777036800000000000e+07
4.176179200000000000e+07
1.936076800000000000e+07
2.106265600000000000e+07
6.345932800000000000e+07
nan
nan
3.360870400000000000e+07
3.373465600000000000e+07
6.055936000000000000e+07
2.593792000000000000e+07
nan
3.459072000000000000e+07
nan
6.447308800000000000e+07
1.387929600000000000e+07
3.370188800000000000e+07
3.249766400000000000e+07
5.151334400000000000e+07
1.310720000000000000e+05
3.443916800000000000e+07
nan
1.993523200000000000e+07
nan
2.722508800000000000e+07
8.010956800000000000e+07
nan
nan
3.944960000000000000e+07
7.766016000000000000e+07
nan
1.308467200000000000e+07
7.107993600000000000e+07
nan
nan
4.863385600000000000e+07
4.213964800000000000e+07
4.860723200000000000e+07
nan
1.356697600000000000e+07
3.997286400000000000e+07
2.784051200000000000e+07
3.962060800000000000e+07
2.819481600000000000e+07
4.173004800000000000e+07
4.527104000000000000e+07
nan
4.870963200000000000e+07
nan
4.130918400000000000e+07
nan
3.938611200000000000e+07
4.184268800000000000e+07
nan
3.292876800000000000e+07
6.709043200000000000e+07
nan
5.426790400000000000e+07
2.666700800000000000e+07
3.349504000000000000e+07
2.072576000000000000e+07
2.775449600000000000e+07
3.458252800000000000e+07
4.019404800000000000e+07
nan
1.327513600000000000e+07
5.493145600000000000e+07
3.491020800000000000e+07
3.375718400000000000e+07
nan
1.351680000000000000e+05
4.097740800000000000e+07
3.227750400000000000e+07
nan
4.865024000000000000e+07
3.386982400000000000e+07
2.565734400000000000e+07
2.703974400000000000e+07
4.689920000000000000e+07
3.504435200000000000e+07
nan
4.755865600000000000e+07
2.064793600000000000e+07
3.953254400000000000e+07
3.238912000000000000e+07
4.500070400000000000e+07
2.664243200000000000e+07
nan
1.996236800000000000e+08
3.932467200000000000e+07
4.769587200000000000e+07
3.253760000000000000e+07
4.603084800000000000e+07
2.712576000000000000e+07
4.105011200000000000e+07
3.271680000000000000e+07
6.161408000000000000e+07
nan
nan
3.938304000000000000e+07
3.343564800000000000e+07
2.776166400000000000e+07
4.096000000000000000e+03
2.088140800000000000e+07
6.978355200000000000e+07
4.188057600000000000e+07
nan
2.087321600000000000e+07
4.060979200000000000e+07
1.682309120000000000e+08
5.326643200000000000e+07
3.452518400000000000e+07
nan
4.175872000000000000e+07
3.268198400000000000e+07
4.200140800000000000e+07
2.027827200000000000e+07
nan
4.173414400000000000e+07
nan
3.511296000000000000e+07
nan
5.636710400000000000e+07
3.938713600000000000e+07
2.741760000000000000e+07
1.299046400000000000e+07
4.150784000000000000e+07
9.015808000000000000e+07
4.039577600000000000e+07
3.503616000000000000e+07
3.243827200000000000e+07
1.987993600000000000e+07
4.017664000000000000e+07
5.795840000000000000e+07
nan
4.773683200000000000e+07
3.980492800000000000e+07
4.028620800000000000e+07
4.136652800000000000e+07
5.210931200000000000e+07
2.776678400000000000e+07
5.294899200000000000e+07
nan
6.310912000000000000e+07
4.007321600000000000e+07
5.402931200000000000e+07
3.448832000000000000e+07
3.383091200000000000e+07
4.491059200000000000e+07
4.209049600000000000e+07
2.792550400000000000e+07
2.017280000000000000e+07
4.047257600000000000e+07
4.791603200000000000e+07
nan
1.997824000000000000e+07
1.349836800000000000e+07
4.203315200000000000e+07
nan
nan
nan
nan
4.686233600000000000e+07
4.131020800000000000e+07
3.409612800000000000e+07
2.799001600000000000e+07
2.658918400000000000e+07
1.346560000000000000e+07
4.037427200000000000e+07
nan
nan
4.193177600000000000e+07
5.625446400000000000e+07
4.131430400000000000e+07
nan
4.172595200000000000e+07
4.228812800000000000e+07
3.252838400000000000e+07
nan
3.857203200000000000e+07
2.104012800000000000e+07
4.127539200000000000e+07
1.228800000000000000e+04
nan
2.650112000000000000e+07
nan
3.899494400000000000e+07
3.520512000000000000e+07
2.727116800000000000e+07
9.173401600000000000e+07
1.937203200000000000e+07
2.125619200000000000e+07
2.740633600000000000e+07
3.501465600000000000e+07
1.638400000000000000e+04
4.212531200000000000e+07
3.947110400000000000e+07
4.191641600000000000e+07
3.478937600000000000e+07
4.860723200000000000e+07
4.817612800000000000e+07
3.520409600000000000e+07
4.521062400000000000e+07
4.116787200000000000e+07
nan
1.386188800000000000e+07
2.077388800000000000e+07
4.023091200000000000e+07
2.020761600000000000e+07
1.352601600000000000e+07
5.260288000000000000e+07
5.569740800000000000e+07
nan
4.038860800000000000e+07
4.689305600000000000e+07
4.059136000000000000e+07
nan
nan
3.342131200000000000e+07
1.871011840000000000e+08
nan
4.059238400000000000e+07
2.659737600000000000e+07
2.054758400000000000e+07
2.789580800000000000e+07
nan
2.048000000000000000e+05
4.065689600000000000e+07
3.214950400000000000e+07
7.056998400000000000e+07
3.250073600000000000e+07
9.753804800000000000e+07
nan
3.899596800000000000e+07
nan
6.144000000000000000e+03
nan
3.433062400000000000e+07
4.869017600000000000e+07
3.884032000000000000e+07
3.225088000000000000e+07
nan
6.971392000000000000e+06
nan
3.271680000000000000e+07
nan
3.380019200000000000e+07
3.324518400000000000e+07
4.204339200000000000e+07
3.305472000000000000e+07
4.084940800000000000e+07
3.940966400000000000e+07
6.218956800000000000e+07
nan
4.003328000000000000e+07
nan
6.035456000000000000e+07
3.938201600000000000e+07
nan
4.057600000000000000e+07
3.466649600000000000e+07
3.324723200000000000e+07
3.416473600000000000e+07
7.621836800000000000e+07
3.291545600000000000e+07
2.643968000000000000e+07
2.087321600000000000e+07
3.955404800000000000e+07
nan
6.455296000000000000e+06
3.882086400000000000e+07
4.031283200000000000e+07
4.882022400000000000e+07
2.092236800000000000e+07
nan
2.701619200000000000e+07
5.775564800000000000e+07
nan
2.757017600000000000e+07
4.912332800000000000e+07
3.331481600000000000e+07
4.200448000000000000e+07
2.801459200000000000e+07
nan
2.734284800000000000e+07
8.164966400000000000e+07
nan
2.577510400000000000e+07
1.990860800000000000e+07
4.869632000000000000e+07
3.862118400000000000e+07
3.972505600000000000e+07
4.222156800000000000e+07
4.529459200000000000e+07
2.775449600000000000e+07
nan
4.926873600000000000e+07
5.423104000000000000e+07
4.096000000000000000e+03
nan
6.797721600000000000e+07
nan
5.226905600000000000e+07
4.049612800000000000e+07
1.285959680000000000e+08
3.982336000000000000e+07
3.467468800000000000e+07
2.751692800000000000e+07
1.282048000000000000e+07
nan
6.199091200000000000e+07
3.884236800000000000e+07
1.941094400000000000e+07
4.684083200000000000e+07
nan
4.133068800000000000e+07
5.501644800000000000e+07
1.950822400000000000e+07
3.315302400000000000e+07
4.195532800000000000e+07
2.577408000000000000e+07
2.767462400000000000e+07
2.115993600000000000e+07
3.224268800000000000e+07
2.689024000000000000e+07
4.087398400000000000e+07
nan
4.186931200000000000e+07
4.129587200000000000e+07
4.133068800000000000e+07
5.633638400000000000e+07
2.661580800000000000e+07
7.503257600000000000e+07
4.199014400000000000e+07
4.755865600000000000e+07
3.515187200000000000e+07
2.659123200000000000e+07
3.441152000000000000e+07
2.566963200000000000e+07
3.337420800000000000e+07
2.759270400000000000e+07
4.035276800000000000e+07
nan
4.507648000000000000e+07
4.133580800000000000e+07
5.605990400000000000e+07
4.908236800000000000e+07
4.072960000000000000e+07
3.936460800000000000e+07
nan
3.961651200000000000e+07
2.816614400000000000e+07
3.946700800000000000e+07
4.793651200000000000e+07
4.193177600000000000e+07
nan
4.078796800000000000e+07
nan
2.716262400000000000e+07
3.506995200000000000e+07
5.627084800000000000e+07
2.680832000000000000e+07
4.609433600000000000e+07
nan
4.094771200000000000e+07
2.772377600000000000e+07
nan
2.740838400000000000e+07
4.178022400000000000e+07
4.136652800000000000e+07
3.377561600000000000e+07
1.836482560000000000e+08
5.353369600000000000e+07
2.053324800000000000e+07
8.774860800000000000e+07
3.925401600000000000e+07
nan
4.122214400000000000e+07
4.140236800000000000e+07
5.290598400000000000e+07
5.840691200000000000e+07
3.980492800000000000e+07
5.502054400000000000e+07
3.337420800000000000e+07
4.836352000000000000e+07
3.457536000000000000e+07
2.654617600000000000e+07
5.582643200000000000e+07
4.765286400000000000e+07
4.652236800000000000e+07
4.097843200000000000e+07
4.229222400000000000e+07
2.664448000000000000e+07
4.639436800000000000e+07
2.660966400000000000e+07
3.295846400000000000e+07
nan
4.047052800000000000e+07
nan
4.774912000000000000e+07
3.382272000000000000e+07
nan
nan
4.198707200000000000e+07
3.465318400000000000e+07
2.709913600000000000e+07
3.379814400000000000e+07
nan
1.972838400000000000e+07
nan
nan
3.888640000000000000e+07
7.758643200000000000e+07
4.135014400000000000e+07
4.605030400000000000e+07
5.443379200000000000e+07
2.747289600000000000e+07
6.061670400000000000e+07
1.295462400000000000e+07
2.604032000000000000e+07
3.466547200000000000e+07
6.318489600000000000e+07
3.471564800000000000e+07
nan
3.340902400000000000e+07
nan
nan
nan
3.884236800000000000e+07
4.110643200000000000e+07
3.980697600000000000e+07
3.343564800000000000e+07
2.009907200000000000e+07
1.281945600000000000e+07
4.027596800000000000e+07
3.466035200000000000e+07
4.232294400000000000e+07
1.388748800000000000e+07
6.930944000000000000e+07
5.559500800000000000e+07
3.250995200000000000e+07
4.175872000000000000e+07
2.694963200000000000e+07
4.126208000000000000e+07
2.060544000000000000e+08
2.797568000000000000e+07
4.585369600000000000e+07
3.317248000000000000e+07
nan
4.560486400000000000e+07
nan
nan
3.944652800000000000e+07
3.951308800000000000e+07
3.942912000000000000e+07
3.512832000000000000e+07
4.656332800000000000e+07
4.049305600000000000e+07
4.212736000000000000e+07
4.044185600000000000e+07
nan
4.668211200000000000e+07
3.850240000000000000e+07
3.272499200000000000e+07
4.101324800000000000e+07
nan
1.992294400000000000e+07
3.881881600000000000e+07
5.626470400000000000e+07
nan
2.790195200000000000e+07
nan
3.446886400000000000e+07
4.890419200000000000e+07
3.282534400000000000e+07
5.825331200000000000e+07
4.181606400000000000e+07
1.595965440000000000e+08
4.773478400000000000e+07
6.144000000000000000e+03
4.118732800000000000e+07
2.681753600000000000e+07
3.390259200000000000e+07
2.016563200000000000e+07
4.080025600000000000e+07
nan
4.007219200000000000e+07
nan
3.863552000000000000e+07
4.209049600000000000e+07
nan
2.114969600000000000e+07
nan
2.709913600000000000e+07
nan
4.570316800000000000e+07
1.024000000000000000e+04
nan
4.564992000000000000e+07
nan
3.414835200000000000e+07
nan
3.995443200000000000e+07
4.579123200000000000e+07
4.915200000000000000e+04
nan
1.372160000000000000e+05
2.807808000000000000e+07
2.787328000000000000e+07
4.713779200000000000e+07
5.326848000000000000e+07
3.349811200000000000e+07
3.992780800000000000e+07
nan
2.803507200000000000e+07
2.823475200000000000e+07
3.959603200000000000e+07
4.578099200000000000e+07
4.076851200000000000e+07
4.127334400000000000e+07
5.399347200000000000e+07
4.489625600000000000e+07
2.703360000000000000e+05
2.632601600000000000e+07
2.789376000000000000e+07
nan
4.746035200000000000e+07
4.870553600000000000e+07
2.651750400000000000e+07
4.722278400000000000e+07
nan
2.638233600000000000e+07
3.942912000000000000e+07
3.209011200000000000e+07
2.606694400000000000e+07
2.647142400000000000e+07
2.816409600000000000e+07
4.073267200000000000e+07
5.182464000000000000e+07
3.883827200000000000e+07
4.705894400000000000e+07
3.112120320000000000e+08
nan
4.215910400000000000e+07
3.422924800000000000e+07
6.248857600000000000e+07
5.849702400000000000e+07
4.220928000000000000e+07
4.091699200000000000e+07
nan
1.282764800000000000e+07
5.286502400000000000e+07
4.202086400000000000e+07
3.986841600000000000e+07
4.521574400000000000e+07
3.910246400000000000e+07
3.222323200000000000e+07
1.960652800000000000e+07
3.945062400000000000e+07
2.849320960000000000e+08
1.474560000000000000e+05
6.115532800000000000e+07
6.425395200000000000e+07
4.608102400000000000e+07
1.378304000000000000e+07
2.719744000000000000e+07
6.744473600000000000e+07
4.671078400000000000e+07
4.725145600000000000e+07
nan
1.347788800000000000e+07
2.673971200000000000e+07
4.086476800000000000e+07
2.740736000000000000e+07
nan
5.807001600000000000e+07
4.108800000000000000e+07
nan
4.190412800000000000e+07
3.290214400000000000e+07
nan
nan
5.864243200000000000e+07
1.929113600000000000e+07
nan
4.118118400000000000e+07
