1.588268311721005022e-01
2.842761678380919875e+03
3.547168190291114115e+03
1.675271244708670948e-01
0.000000000000000000e+00
3.968892270839285743e+02
0.000000000000000000e+00
1.421937667867310893e+03
1.725961980501161634e+03
7.011130582735364669e+02
2.383524235835753643e+03
8.772241326598766591e+02
0.000000000000000000e+00
4.233855394533675431e-01
4.374604921858839589e+03
1.987932661486086772e+03
4.233568410810031324e-01
1.473529159648568111e+03
0.000000000000000000e+00
8.334588194262981915e+02
0.000000000000000000e+00
2.352341242646975388e+03
4.529930549720495025e-01
1.168931516770806638e+03
4.523988355138877093e-01
0.000000000000000000e+00
1.587653523480179185e-01
1.387761816576553883e+03
3.349404659608005153e-01
8.671823093461761118e+02
8.665290518765373236e+02
1.520278349119288123e+03
3.083105615895188294e+03
5.958625145999161759e+03
2.185042510969306022e+03
2.125397812378255367e+03
1.387514600804773409e+03
2.240951568342634346e+03
1.210096233363966803e+03
3.331217520241157217e+03
1.387699298579554124e+03
8.656738491132925901e+02
8.381652183536564280e+02
7.167675546607816841e+02
8.348826675403358877e+02
3.806026891983209680e+03
1.414696754612752557e+03
1.984843168562084884e+03
0.000000000000000000e+00
7.935433527180217652e+02
1.659799508097144771e-01
6.354418679291593435e+02
0.000000000000000000e+00
8.536114187063620875e+02
9.962294153074174119e+02
1.638222374623903299e-01
7.927192208347563565e+02
1.988452458938544169e+03
7.238273924422255732e+02
4.075421609543548129e+03
1.747563288968693087e+03
0.000000000000000000e+00
6.383533754231598323e+03
4.233640035662115109e-01
1.258583305884473930e+03
1.899007332711435765e+03
0.000000000000000000e+00
0.000000000000000000e+00
4.545228391664654644e-01
1.166586915110665814e+03
0.000000000000000000e+00
0.000000000000000000e+00
0.000000000000000000e+00
8.407960160867619379e+02
1.129660520762700116e+03
0.000000000000000000e+00
1.651104042627127011e-01
1.664407949259549824e-01
1.687705435181982294e-01
8.531186632947175895e+03
0.000000000000000000e+00
1.646460188009758213e+03
2.252711389704995781e+03
3.165449141800954491e-01
2.333273959110602391e+03
0.000000000000000000e+00
1.208583783622240617e+03
1.986746169527988968e+03
4.535842369124428175e-01
3.469566851948884960e+03
8.737373124223377090e+02
0.000000000000000000e+00
1.571097489047073850e+03
4.626279540145346232e+02
0.000000000000000000e+00
2.018728087973134279e+03
0.000000000000000000e+00
1.388070215927843492e+03
1.189593821053408419e+03
7.929780703370804531e+02
0.000000000000000000e+00
6.423818400429693156e+02
0.000000000000000000e+00
1.493949914950015000e+03
2.978819024866142627e+03
8.703420764683737616e+02
0.000000000000000000e+00
0.000000000000000000e+00
4.234089373780371979e-01
7.077961266192969561e+02
4.235800151747405873e-01
1.967882646721086076e+03
4.234017299338099227e-01
0.000000000000000000e+00
4.233640035662115109e-01
1.819532298466094062e+03
1.387687405553490862e+03
0.000000000000000000e+00
4.628630008461889247e+02
1.846491777600994510e+03
0.000000000000000000e+00
1.484547014349224582e+03
2.669281010137115572e+03
1.170702271777910255e+03
7.933751922186426100e+02
3.657601315621308459e+03
1.591950373280439646e-01
0.000000000000000000e+00
0.000000000000000000e+00
1.173063203102878788e+03
4.236388823618845167e-01
0.000000000000000000e+00
0.000000000000000000e+00
0.000000000000000000e+00
0.000000000000000000e+00
4.524980661566194717e-01
1.289345913561638781e+03
0.000000000000000000e+00
7.306661039598358229e+02
4.236647164055348247e-01
7.927294111864397337e+02
1.680376717222822058e-01
1.560448956017412911e+03
8.332449089995177474e+02
0.000000000000000000e+00
1.118361369751681877e+03
3.369786276887815624e-01
1.979650836156079777e+03
1.986502788597018935e+03
2.616440494217451032e+03
0.000000000000000000e+00
1.581489324968929633e-01
1.203320174425391770e+03
1.990487172606246986e+03
4.233640035662115109e-01
1.401077582639273714e+03
9.948311767479066475e+03
1.219495233611972935e+03
5.450718320357511857e+02
3.148906997593555843e+03
2.130916079995440214e+03
1.387643630657557651e+03
0.000000000000000000e+00
1.445965442053040533e+03
3.255139988516850269e-01
1.665556859391292555e-01
3.965501789633173075e+02
5.550652765308085463e+02
4.626760190462168225e+02
0.000000000000000000e+00
0.000000000000000000e+00
8.533760029956240487e+02
0.000000000000000000e+00
1.460167062801557904e+03
0.000000000000000000e+00
0.000000000000000000e+00
3.627779902995846442e+03
3.615336443586255427e+03
2.250624103157675108e+03
1.665556859391292555e-01
2.000718394115142928e+03
1.387503705527204374e+03
0.000000000000000000e+00
1.203773593773411221e+03
1.280522100550176901e+03
4.831472789283404381e+03
5.571416624009260659e+02
5.183497410752413998e+03
6.935907977548281451e+02
8.776559582256742260e+02
1.693305840379042415e-01
2.000817633752383017e+03
5.853292708383185527e+03
1.222161708217056230e+03
4.236924412277751628e-01
1.820724323229448828e+03
0.000000000000000000e+00
0.000000000000000000e+00
1.626380180464637726e-01
1.319817886210080815e+03
5.552867159328017124e+02
1.681507815223016178e-01
1.194801424410362642e+03
7.929963339105348723e+02
2.510887527421969480e+03
2.964232606548446256e+03
4.526963014340799063e-01
0.000000000000000000e+00
3.466586933157324893e+03
1.836669629892879584e+03
1.677543529290845825e-01
4.234650106677069203e-01
4.233550520290622621e-01
0.000000000000000000e+00
2.078097793487261697e+03
2.712874784053961321e+03
8.758330764807592459e+02
8.691700886048377015e+02
0.000000000000000000e+00
0.000000000000000000e+00
4.537020734713556047e-01
4.557196459312238823e-01
1.701436519604596242e+03
0.000000000000000000e+00
1.168857822588980753e+03
1.624593082132470556e-01
2.977218942629976937e+03
1.189152487723487184e+03
4.163067812747133758e+03
0.000000000000000000e+00
2.026281869211570438e+03
2.816393907476028289e+03
1.387684432830657215e+03
2.775300545840752875e+03
0.000000000000000000e+00
1.387509612049168481e+03
3.770511537269874225e+03
7.930343326837419227e+02
4.233729691121502214e-01
1.467105044294123445e+03
4.538712675636325002e+03
1.213078594986429607e+03
0.000000000000000000e+00
1.275786953107023919e+03
5.364592224411996995e+02
8.159948400333199061e+03
3.449708790062027219e+03
1.498001373547353069e+03
5.356855489656525693e-01
3.258704851761781152e-01
4.682326204058358599e+02
0.000000000000000000e+00
0.000000000000000000e+00
1.675839839531537978e-01
4.237016939262859272e-01
0.000000000000000000e+00
1.387746959065206738e+03
0.000000000000000000e+00
8.328952541016251416e+02
3.384376720139967154e-01
7.243222360422633983e+02
6.017918933769328760e+02
3.430698061772096025e+03
0.000000000000000000e+00
2.130088422243075001e+03
1.101095368437203888e+03
1.703301584633692300e+03
1.179708164795822768e+03
4.233640035662115109e-01
2.684677396617267277e+03
1.166733126750671545e+03
1.387077347441003440e+03
1.408090150054830019e+03
7.929791872444983483e+02
7.177937062748127346e+02
4.236241400424812231e-01
6.278598074618478222e+02
0.000000000000000000e+00
0.000000000000000000e+00
1.013642142026040688e+03
1.388415659756564082e+03
4.075486604158327737e+03
0.000000000000000000e+00
1.387672545897775535e+03
1.387521428242995171e+03
1.692188360069983577e-01
1.572743468163434500e+03
1.547446220117340772e+03
0.000000000000000000e+00
2.176906580083046720e+03
1.603538005333279559e-01
1.566393027781740329e+03
0.000000000000000000e+00
1.582107146446653512e-01
0.000000000000000000e+00
8.544332292633453108e+02
2.944335081483678096e+03
2.511183829065766531e+03
4.235561815271472463e-01
0.000000000000000000e+00
1.387225375367757124e+03
1.168828499300241901e+03
9.871189896675316504e+02
2.345314614849047302e+03
4.522995322747389024e-01
1.662106225632576373e-01
1.239557386148536352e+03
2.826287928571963221e+03
1.388163533071538723e+03
1.442208225356843059e+03
6.273434925903336534e+02
8.513239476898232851e+02
7.929344944337332208e+02
1.174429084108190864e+03
1.148094501482739361e+03
3.774683975203745831e+03
1.164294641614465263e+03
3.964450347692077230e+02
1.388677718384055652e+03
3.232705649392636133e+03
1.249528135675161820e+03
6.160158181332717504e+02
8.298224920533522209e+02
7.299337376810552769e+02
0.000000000000000000e+00
1.387749898573232258e+03
6.346924208653538699e+03
0.000000000000000000e+00
1.554030143257833515e+03
6.335308219097701112e+02
8.705681195075736696e+02
0.000000000000000000e+00
1.328448748905108687e+03
2.185201749382278194e+03
1.387169044811388176e+03
5.179740139561105934e+03
1.305805681923683096e+03
7.928590019683667833e+02
0.000000000000000000e+00
4.237016948920998560e-01
0.000000000000000000e+00
6.252193763851540780e+02
0.000000000000000000e+00
4.235086678453938158e-01
2.518796234407922839e+03
8.673630734777630096e+02
8.621190835428602668e+02
7.932005387468193476e+02
1.387693351913627112e+03
8.429398946583838779e+02
1.675271244708670948e-01
4.237016948920998560e-01
0.000000000000000000e+00
1.387421861065475014e+03
3.376533924382590923e-01
5.554537592860372115e+02
2.165307434915235262e+03
5.554266217060994677e+02
1.253072384624782217e+03
5.554537592860372115e+02
4.372314525714880801e+03
7.930817128555430600e+02
0.000000000000000000e+00
0.000000000000000000e+00
0.000000000000000000e+00
1.595621562181964437e-01
0.000000000000000000e+00
1.189593821053408419e+03
7.699135514431857700e+03
7.931869248718870722e+02
0.000000000000000000e+00
1.665238230520855723e+03
1.387077388092813180e+03
0.000000000000000000e+00
8.547436223948850511e+02
1.682637542146016019e-01
4.538981561249326169e-01
1.387391751678362198e+03
7.935903018688757129e+02
3.244411810046400335e-01
3.464593416224094653e+03
3.160773387721064864e+03
5.218413322483943375e+02
5.364887876871226808e+02
2.388976538726580202e+03
0.000000000000000000e+00
8.548971002483142456e+02
1.687143671546040002e-01
4.236370392098652293e-01
8.498958048039959294e+02
1.029425047329079644e+04
1.638222374623903299e-01
1.258412980924955946e+03
1.819977714477407517e+03
1.129718749971541001e+03
1.644096547450774604e-01
3.777979246606316792e+03
3.316010413240630442e+03
1.387571707711603949e+03
1.596232390152767244e-01
0.000000000000000000e+00
5.550374954485719172e+02
8.608562952040449090e+03
5.548968177787926379e+02
2.219950307064299977e+03
4.236739528087827278e-01
1.582107146446653512e-01
3.547895591061669165e+03
1.045875030711434647e+03
7.144510079113654228e+02
0.000000000000000000e+00
1.621608403267861542e-01
4.623486588190053794e+02
4.599074437325656618e+03
2.193506078143510877e+03
4.235653413300964343e-01
1.392948791499785102e+03
1.047507705980588980e+03
9.253180836968954281e+02
0.000000000000000000e+00
4.234813576893999842e-01
3.785875013109859992e+03
8.337184850307265833e+02
4.708038367475325572e+02
2.983923812187635576e+03
0.000000000000000000e+00
7.926456542760487309e+02
1.388070215927843492e+03
2.775473694926519329e+03
3.321620593002546229e+03
2.871349862783486515e+03
2.160035851506554536e+03
8.710909104160061815e+02
0.000000000000000000e+00
1.569554299508126633e+03
0.000000000000000000e+00
5.552579224032862157e+02
0.000000000000000000e+00
8.340971543469403287e+02
3.677569134611449044e+03
1.626975197523743422e-01
0.000000000000000000e+00
4.550463496853688339e-01
2.676543412072123829e+03
1.387669574704856586e+03
1.145471814821634325e+04
5.028089911728263814e+02
0.000000000000000000e+00
0.000000000000000000e+00
3.965069351243245137e+02
0.000000000000000000e+00
3.472145204793953894e+02
0.000000000000000000e+00
4.651914551535654027e+03
1.631477239776034139e+03
0.000000000000000000e+00
3.375410870363964033e-01
0.000000000000000000e+00
3.191243124363927208e-01
8.591585095621620667e+02
1.388069493248537128e+03
6.367167741075196545e+02
0.000000000000000000e+00
7.926345529516598845e+02
2.775993217354827721e+03
1.651104042627127011e-01
7.938686821837903835e+02
4.234360228176373142e-01
1.177908090032538894e+03
4.236702564924497705e-01
0.000000000000000000e+00
1.735863706892009077e+03
2.251987076626043745e+03
1.567074816783217784e+03
5.551842982771423749e+02
2.241803624567062798e+03
8.619950985469223497e+02
1.674133181800058490e-01
5.552094506746368097e+03
6.943929023361231430e+02
1.252009201906535054e+03
2.201204916282603335e+03
1.966760337471828279e+03
1.387353569831812365e+03
0.000000000000000000e+00
7.929444892634027156e+02
8.341137507418051200e+02
1.387869285130148228e+03
6.460590855643025634e+02
7.154717957550859637e+02
3.268512845977039433e+03
8.435250158938890763e+02
6.444141092838785880e+02
4.620104253369675575e+02
1.387545077618881805e+03
3.965224196118025475e+02
1.868149114997497918e+03
0.000000000000000000e+00
1.173953546973496486e+03
9.946539227913979175e+02
0.000000000000000000e+00
0.000000000000000000e+00
1.119495766970895966e+04
4.235104915375393908e-01
5.465755736723716609e+02
1.252995468297823891e+03
1.268135009848607297e+03
7.265895126396418163e+03
4.528942195472986376e-01
8.506132739982477915e+02
3.511277673660645632e+03
0.000000000000000000e+00
0.000000000000000000e+00
0.000000000000000000e+00
2.863248690696487301e+03
3.545533211913771993e+03
4.236739528087827278e-01
2.390636773473196172e+03
1.036546840936503941e+03
4.236388823618845167e-01
1.387735017313734488e+03
8.851583678619479088e+02
1.110462681925588413e+03
1.235314371135570218e+04
0.000000000000000000e+00
6.320456853243098294e+02
0.000000000000000000e+00
0.000000000000000000e+00
8.533760029956240487e+02
0.000000000000000000e+00
3.721897853663354454e+03
0.000000000000000000e+00
3.197344920866035389e-01
0.000000000000000000e+00
1.518084790113505960e+03
4.162273941055995238e+03
4.235598440669161580e-01
4.544644632256727435e-01
3.772616084344390401e+03
2.347409389181641018e+03
4.551429136140467402e-01
1.977023763405682530e+03
1.695537004848298168e-01
2.788293788949336431e+03
2.300221560819496062e+03
2.419557550481519684e+03
1.671853131878540677e-01
1.170190162852893991e+03
4.543475918298502392e-01
1.477163454385442265e+03
1.583958699355298150e-01
4.539279201543161435e+03
3.243216806535720864e-01
1.388001107649971800e+03
1.469452891235238440e+03
3.082800037192832292e+02
0.000000000000000000e+00
5.550218827421429069e+02
9.257713681842353708e+02
4.530918045107664160e-01
4.372302616349605159e+03
6.662003546977151018e+03
3.967696067413516516e+02
0.000000000000000000e+00
2.025742725581284958e+03
2.357288491992354466e+03
3.226420092172148091e-01
8.667183321081154190e+02
1.682637542146016019e-01
8.682755623374272318e+02
6.943535726690919319e+02
0.000000000000000000e+00
2.194286354772972118e+03
2.194286354772972118e+03
4.234541287998497827e-01
0.000000000000000000e+00
8.694849207045639332e+02
0.000000000000000000e+00
1.309798599575189428e+03
0.000000000000000000e+00
8.429163165687008359e+02
5.656959650393646371e+03
1.212792158790943859e+03
1.693305840379042415e-01
0.000000000000000000e+00
4.236112539594945048e-01
6.934845570327828455e+02
7.925806311276356837e+02
1.662682155205616741e-01
0.000000000000000000e+00
1.618016519405773845e-01
1.480674770721306459e+03
4.233550520290622621e-01
1.697236025190185956e+03
1.778896974583916972e+03
1.641750589852902231e-01
5.231622574030479882e+03
0.000000000000000000e+00
4.627940178786584511e+02
0.000000000000000000e+00
0.000000000000000000e+00
1.956154594445826206e+03
1.464685769299494495e+03
1.045770426216775377e+03
1.886746890235752062e+03
1.041827434928020239e+03
2.870982952097869202e+03
1.570987474557489122e+03
0.000000000000000000e+00
1.658644245855528665e-01
1.655750501089344462e-01
0.000000000000000000e+00
1.163703847614460528e+03
3.472145204793953894e+02
8.813293246033861124e+02
2.663464922018278685e+03
8.684233194339033162e+02
1.656908931385603356e-01
0.000000000000000000e+00
1.290834809085572033e+03
1.024543591898675004e+03
1.204065855850521984e+03
5.553758366688218757e+02
3.464593416224094653e+03
8.621147158441534453e-01
1.824380126671793278e+03
0.000000000000000000e+00
3.317766465820393933e+03
3.965278427000921511e+02
2.892685702400506216e+03
0.000000000000000000e+00
1.387595400905149972e+03
1.486250127152148707e+03
1.084789759953123212e+04
0.000000000000000000e+00
4.236924427369027635e-01
8.715701915630277199e+02
5.550373413085407037e+02
8.389144417622703713e+02
2.122467146687963577e+03
7.851236898498566916e+03
7.927951338796475511e+02
1.683798122967078234e+04
1.042951472243151102e+03
5.862645127526460783e+03
1.658741710877037804e+03
8.327420798082672263e+03
0.000000000000000000e+00
0.000000000000000000e+00
2.612084331589234353e+03
6.937375928278071115e+03
1.154838208851642094e+03
2.938078212465068191e+03
0.000000000000000000e+00
4.624942910090118858e+03
2.180785871301607585e+03
1.234653238915916336e+04
4.234977336772272616e-01
1.011563578331033227e+03
0.000000000000000000e+00
1.972288997048360898e+03
1.547786249982593745e+03
4.530918075899190711e-01
1.564755490777658679e+03
1.593787340070706993e-01
1.649356399574954946e-01
1.387450612021272264e+03
4.234251778999301719e-01
3.228827173699295727e-01
0.000000000000000000e+00
2.569236247448843187e+03
0.000000000000000000e+00
0.000000000000000000e+00
7.927566327433434026e+02
7.373585043907090721e+02
7.218562313654326772e+02
9.972395467965287708e+02
6.332882268856197697e+03
8.597751485271442107e+02
2.295063974706137742e+03
8.404166441851130003e+02
1.615615800652608902e-01
0.000000000000000000e+00
2.334664563464931234e+03
3.234833698738862617e-01
7.925850112692235143e+02
7.185077800559535035e+02
1.416069386847112582e+03
0.000000000000000000e+00
3.551247076396991361e+03
7.933339623683926902e+02
6.937538759599329751e+03
2.746257209731936200e+03
2.333290535557774092e+03
7.930445928321929614e+02
4.540742900673160887e-01
0.000000000000000000e+00
2.775241200284055139e+03
1.540529175061960359e+03
2.181703813431114668e+03
0.000000000000000000e+00
1.570240110574450455e+03
5.551766734286611609e+02
1.171469488201551712e+03
0.000000000000000000e+00
3.297546383116086166e-01
1.457519673120434163e+03
1.137767958116092586e+03
2.241803624567062798e+03
0.000000000000000000e+00
1.113731671393889201e+03
1.744086919551787105e+03
0.000000000000000000e+00
5.404318222666546490e-01
1.233655384277463781e+03
0.000000000000000000e+00
2.396772110107545359e+03
3.319599016194288987e-01
4.148023592750256284e+03
3.324212451265152191e-01
1.542170415739921509e+03
8.333396331302359386e+02
1.260001583199240258e+03
0.000000000000000000e+00
1.302929579050372467e+03
4.628494052058600801e+02
1.417158527316900972e+03
7.270594436856187031e+02
1.387503705527204374e+03
4.536824474354233527e-01
1.746545888124775047e+03
8.679444122377060467e+02
6.931082649909575366e+02
1.252478066891630760e+03
1.176017780259546043e+03
0.000000000000000000e+00
1.027878817607574547e+03
7.410969828267324147e+02
1.164349206499075081e+03
7.925503612807925720e+02
1.387613184784510167e+03
1.606568993007993773e-01
7.931359578798825396e+02
9.252189248262347974e+02
1.258583305884473930e+03
6.306893833062285012e+03
1.208043333942770005e+03
2.581836405384218324e+03
3.965224196118025475e+02
2.273454058377866659e+03
0.000000000000000000e+00
8.548971002483142456e+02
2.701473970010803896e+03
7.927668282495679932e+02
0.000000000000000000e+00
0.000000000000000000e+00
1.387914178071815968e+03
1.335829129388658430e+03
1.649356399574954946e-01
1.049924703432742717e+03
7.302509073839729581e+02
4.554318599667027678e-01
4.553356723976321185e-01
2.774239783777718912e+03
3.337991897339866454e-01
4.625115218598293154e+02
1.667277881265745720e-01
5.233256146619668243e+02
0.000000000000000000e+00
2.775253080101690102e+03
5.406386874652761021e-01
1.387447675691713584e+03
7.032308744938500240e+02
4.623722740346345290e+02
1.258583305884473930e+03
2.338573116926083912e+03
7.276124332065057843e+02
1.387483045216198889e+03
7.921851369005432844e+02
0.000000000000000000e+00
1.387842394148792664e+03
3.548021204577685239e+03
1.660953501640551333e-01
3.243216806535720864e-01
3.317844245528904594e+03
4.369492451315396465e+03
6.939145475384643760e+02
1.418706180755787045e+03
2.140253637061854533e+03
5.296139645397111018e-01
1.649939292300078852e-01
0.000000000000000000e+00
0.000000000000000000e+00
6.940624982501996101e+02
5.578302696992421943e+02
2.013060528982380902e+03
1.745273129534534064e+03
4.907433659878039180e+03
9.926904855792157605e+02
7.249140878102803072e+02
4.626255755855355574e+02
1.597453036550899874e-01
1.341837704555968230e+03
3.962853810215371482e+02
0.000000000000000000e+00
1.607174213604122825e-01
7.179578541963531961e+02
8.854602278297409157e+02
0.000000000000000000e+00
2.997064812645240636e+03
0.000000000000000000e+00
4.344095121796748572e+03
1.387347700771533027e+03
3.963191215271643273e+02
4.224890516725807174e+03
0.000000000000000000e+00
1.387914168395656588e+03
4.236204582389008211e-01
4.150775580473001355e+03
1.551338773788322669e+03
3.047904049568632672e+03
0.000000000000000000e+00
2.406786603401203138e+03
1.617416849369431586e-01
4.162795093025395545e+03
4.236002206990931440e-01
6.956550179826055000e+02
4.530128098870738751e-01
5.352676815988544377e+02
1.766069399373702936e+03
6.386755196618785703e+03
2.646911773701120637e+03
1.310057437867185399e+03
7.108567179883489189e+02
8.615733225287386858e+02
1.671737364144530829e+03
2.291424526178500400e+03
0.000000000000000000e+00
1.252645309255686698e+03
1.388010113013663840e+03
0.000000000000000000e+00
2.774204620636930031e+03
2.534060470161014109e+03
3.193685639090125261e-01
3.250378063573639009e-01
2.863248690696487301e+03
1.032542469948328062e+03
2.193668567631524638e+03
7.925580381477980154e+02
4.835362608003110836e+03
1.604144761311192824e-01
6.935974661326904425e+02
5.554780174487234490e+02
1.253457869058437609e+03
7.206934826241338214e+02
0.000000000000000000e+00
1.110000929850752755e+03
4.543670824002349895e-01
2.209452729794830702e+03
1.163801864517905642e+03
5.923409154584661565e+02
2.535511897211794803e+03
1.387890222663145778e+03
2.091235231657459735e+03
1.387503746153605107e+03
0.000000000000000000e+00
1.210995765749468774e+03
3.373162999869587786e-01
0.000000000000000000e+00
8.486307421975661782e+02
1.148578945342723955e+03
3.869450027799211057e+03
1.675839839531537978e-01
1.986384581090383563e+03
1.387571717788341630e+03
3.962571341648520615e+02
1.782132226592260122e+04
2.152250981840201348e+03
7.929949366342198118e+02
1.387639881609690292e+03
1.844632879698277520e+03
7.930285504514096147e+02
8.472151524981216264e-01
1.673563627095873141e-01
1.160598968093599751e+03
0.000000000000000000e+00
8.556885746335352678e+02
7.259651200635007626e+02
1.486210638135234603e+03
3.029604863774508885e+03
4.538785681586000598e-01
8.732381944112976271e+03
1.586186510505591514e+03
0.000000000000000000e+00
3.181448473290240386e-01
1.483328051903947653e+03
3.971618474245432935e+03
3.279649973797193070e+03
0.000000000000000000e+00
2.776571800834030000e+03
1.686581499934793338e-01
2.774865224103225046e+03
3.991322478493682866e+03
1.733969359294664400e+03
0.000000000000000000e+00
8.684137295997321644e+02
1.387377058941738596e+03
1.551338773788322669e+03
1.387726086540914366e+03
2.075200886500358592e+03
0.000000000000000000e+00
0.000000000000000000e+00
2.350113435150290115e+03
3.175307046960357260e-01
8.681572263787717247e+02
0.000000000000000000e+00
0.000000000000000000e+00
1.586085093464138026e+03
2.509426738993381150e+03
1.387860315157596915e+03
0.000000000000000000e+00
1.515081084034447713e+03
2.198924149123402913e+03
1.585860966901831716e+03
4.236647150862564715e-01
8.612751149591550757e+02
1.585191521115233149e-01
2.157054416435894382e+03
1.659221991439818744e-01
2.131859133535691853e+03
0.000000000000000000e+00
7.167180737737177196e+02
3.214348427208246206e-01
4.541719912941772908e-01
1.607779219102544177e-01
4.199736750774539360e+03
2.996029447568490923e+03
7.095241714483565829e+02
2.285024953896750503e+03
3.342564771821124325e-01
4.370877979257782499e+03
1.609536440307564817e+03
2.153646638587995312e+03
1.476621528052223539e+03
0.000000000000000000e+00
1.566315886611845826e+03
4.234287909229220714e-01
1.005861677751527054e+03
1.665647400900148568e+03
4.630371581354754653e+02
2.142578731971612342e+03
1.598672460433017695e-01
0.000000000000000000e+00
2.679882268388892953e+03
1.585614509171537065e+03
1.827118463243389488e+04
1.388019159702621437e+03
0.000000000000000000e+00
4.534977609356548783e+03
1.101789422349384949e+03
1.613665697364051312e+03
0.000000000000000000e+00
2.418357915068098464e+03
4.161523000106963082e+03
2.352628260395510097e+03
8.620762595676345619e-01
0.000000000000000000e+00
1.667277881265745720e-01
8.882498019840726329e+02
7.928873768800132211e+02
8.735321056140271594e+02
1.026531595525370903e+03
1.652848845433120550e-01
1.204793471532057993e+04
0.000000000000000000e+00
6.427494486606153714e+02
6.168722648573316292e+02
6.252193763851540780e+02
1.276284307478289747e+03
1.866942983590043468e+03
1.042507158685497870e+03
8.717284142267918696e+02
1.984412047010992865e+03
0.000000000000000000e+00
2.344268510122799853e+03
1.988149006374328110e+03
3.205861699964274725e-01
3.548214635230273871e+03
1.387318379470032824e+03
1.431548326828762356e+03
7.929413643890264893e+02
2.774829636845160621e+03
1.630539125861245608e-01
3.967157390511782182e+02
1.387592437898501430e+03
4.233837423677049294e-01
1.013290558238014228e+03
1.178443422580834704e+04
4.235451976917050665e-01
3.247993461702421980e-01
