4.615325094008636475e+07
5.788877636635971069e+07
3.826526307676935196e+07
3.651989918150711060e+07
3.738610016604614258e+07
2.890861692195701599e+07
1.159655630464839935e+08
3.399528854721069336e+07
4.825367138425445557e+07
4.255183389572811127e+07
4.246543555673599243e+07
8.308369640823364258e+07
4.283784537047576904e+07
4.004492657089996338e+07
3.252686157387113571e+07
3.160820697191772461e+08
3.630277704665756226e+07
5.365375081177139282e+07
4.755396366922187805e+07
3.361524630704021454e+07
3.139454619727325439e+07
4.273619815485763550e+07
5.371147783549499512e+07
3.408067681869888306e+07
3.591641128921318054e+07
3.132062929958915710e+07
5.405544740407943726e+07
4.331358210219442844e+07
9.420839570735931396e+06
3.369248911628401279e+07
6.522375308244323730e+07
3.467088800232219696e+07
3.836083493116950989e+07
4.353139374654388428e+07
3.997255608808040619e+07
3.916247698025631905e+07
5.918280604389953613e+07
4.038287652497482300e+08
3.045567288025951385e+07
3.557697976608276367e+07
3.483208876463127136e+07
5.598518310932159424e+07
8.987520623434448242e+07
4.294685404238796234e+07
8.780066352295684814e+07
5.130840286397838593e+07
4.418624216305541992e+07
3.543886139169120789e+07
3.284508636379051208e+07
5.731920554797744751e+07
4.396058442412090302e+07
7.596327825708770752e+07
3.089129992622375488e+07
3.717785043431091309e+07
3.797482479135704041e+07
4.675487019520187378e+07
3.485838332134056091e+07
4.507321988102340698e+07
4.557832107423400879e+07
3.613057613322460651e+07
3.750653271627712250e+07
2.967765887407207489e+07
5.490026449411761761e+07
4.237340747195434570e+07
4.542948379719877243e+07
4.609457137471723557e+07
6.927181426986694336e+07
4.959138392563390732e+07
3.450838591677856445e+07
4.177147040213775635e+07
3.845598354853820801e+07
2.570448712430763245e+07
7.226369733581113815e+07
4.174922211927318573e+07
4.881872364060974121e+07
4.596168109725952148e+07
3.811746245478057861e+07
4.957941845018863678e+07
3.961103286528778076e+07
4.072397704447364807e+07
3.763926457553672791e+07
3.973162158303451538e+07
4.959502617412757874e+07
3.653964022644042969e+07
4.623751224492990971e+07
5.698354836141395569e+07
4.766270966897058487e+07
4.335837926334381104e+07
2.880556285649108887e+07
3.365399130177879333e+07
3.925749193136978149e+07
3.914008420513343811e+07
3.979518517043590546e+07
3.233376165390181541e+07
3.942407748085403442e+07
5.414917962551879883e+07
3.993030829602909088e+07
4.569101037174224854e+07
4.835062130103945732e+07
4.378179228682112694e+07
