6.191728179953852305e+02
2.032645884193746042e+03
1.707865668702466792e+03
0.000000000000000000e+00
5.548727595074802821e+02
1.824066087563807514e+03
2.767712686359285362e+04
2.358495992949612628e+03
1.271337633560985978e+03
1.708814631062512690e-01
3.025382091670598129e+03
2.179240119364196289e+03
5.508964910396799496e+03
0.000000000000000000e+00
5.553854993626837313e+02
4.494477174360883510e+03
4.234559418045288348e-01
2.741804320341431776e+03
4.942266412334118399e+02
0.000000000000000000e+00
1.483254662100260020e+03
4.312222293860075162e-01
4.544255245419751565e-01
8.693133312989084516e+02
0.000000000000000000e+00
1.691128177635875318e+03
4.309071274408837193e-01
0.000000000000000000e+00
4.403623888984652694e+03
1.388484100822841128e+03
1.289487519269785844e+04
4.237665822074473398e-01
1.581489324968929633e-01
1.856675535734069399e+03
1.387151989379189217e+03
0.000000000000000000e+00
3.106394565387616694e+03
1.689200717939368769e+04
3.840088401283245730e+03
0.000000000000000000e+00
3.567189328905607454e+03
8.208693732727465431e+02
3.968610300161386022e+03
1.387484660184056793e+03
3.242237701223276872e+03
2.816027494723591644e+03
7.393170942758328010e+02
8.590530077798384789e-02
1.488311028654860138e+03
2.141868715537152639e+03
4.236647150862564715e-01
4.198542873383736151e+03
2.530970842404096402e+03
2.802345450934813471e+03
4.624752813565475549e+02
2.000945947008519397e+03
1.975564160433743609e+03
1.215926718552137572e+03
2.145474616138833881e+03
1.561951588822764734e+03
1.175073785453501614e+03
0.000000000000000000e+00
4.233140114111874630e-01
3.304865388855658694e+03
1.169776797639509368e+03
1.336571343220562539e+03
4.365495680493629152e+03
1.645267596266949961e-01
0.000000000000000000e+00
3.093168958886578821e+03
1.994971185723278268e+03
3.551343839357319666e+03
1.388052178710285489e+03
4.236850435761906342e-01
2.175186415435352501e+03
8.470136888090806782e-01
1.394963294883793651e+03
4.236591770849196248e-01
4.237406030376522637e-01
0.000000000000000000e+00
2.211339188135236327e+03
1.980620716584104457e+03
7.196693591350410770e+02
8.682751676102499232e+02
7.119032748520116911e+02
1.587653523480179185e-01
0.000000000000000000e+00
7.932523301242986236e+02
6.829379781925470525e+03
3.297827660192941948e+03
0.000000000000000000e+00
1.555684758531631360e+03
1.179997703026692989e+03
1.179355535076706929e+03
0.000000000000000000e+00
2.296592791715607746e+03
1.961133540097175455e+03
1.521950282359643097e+03
0.000000000000000000e+00
0.000000000000000000e+00
