4.758023728927247248e+03
5.941805114076910286e+03
1.823790908088594369e+04
5.548493411340060447e+03
1.049077865093187575e+04
3.756165279330420162e+03
2.767712686359285362e+04
9.434432989417737190e+03
1.280258292466575222e+04
8.322759306227253546e+03
8.854360340920293311e+03
2.481345026340896220e+04
1.101515157932817237e+04
8.839628631098570622e+03
3.331896610072064504e+03
4.440563176427799044e+04
2.775336178525574269e+03
2.309656555283969647e+04
1.391744560587969318e+04
5.551334975595535980e+03
1.064312527663618494e+04
2.776354196983401835e+03
5.133392750353042175e+03
3.320215627053454227e+03
5.553652264063667644e+03
5.888039766248683009e+03
6.901071883033999256e+03
4.970508563023382521e+03
4.403455907913357805e+03
6.942042301548895011e+03
2.206187103521038807e+04
6.899251784751290870e+03
8.330562811762874844e+03
6.741406709457714896e+03
9.709701639043341856e+03
1.403515493284447075e+04
2.173438674348175482e+04
3.512205386608373374e+04
9.597857479269603573e+03
5.554479001008908199e+03
6.194739751752516895e+03
5.654121660420666558e+03
1.870018855327207348e+04
9.714573079690482700e+03
2.273191792820596675e+04
1.172839840635770815e+04
8.591705188526981146e+03
7.145040007943845012e+03
5.821849302199773774e+03
1.417890319661013200e+04
6.950863913234014944e+03
1.871630458968258245e+04
1.265136486162356232e+04
1.613211145711120844e+04
5.392721462690302360e+03
5.100555294421004874e+03
9.874690521257709406e+03
4.116320447701633384e+03
2.045089639581086522e+04
7.808988809940213287e+03
5.875605864141554775e+03
5.548540117105387253e+03
1.109684680563157417e+04
1.902170169023855851e+04
8.186341159049380622e+03
1.134932181476960977e+04
9.276808297338417105e+03
8.326729414089075362e+03
5.041029915605930910e+03
9.769337573652293941e+03
1.618856903038935707e+04
1.065168274920180738e+04
1.249173059312984151e+04
5.005212811249365586e+03
2.860032635859176662e+04
2.774822817158675207e+03
4.521587759773910875e+03
6.953600496632353497e+03
2.777201991423615709e+03
5.548493411340060447e+03
1.547954057156588169e+04
7.436917935430505167e+03
5.190965651110505860e+03
3.320009648237896727e+03
7.600491352595790886e+03
1.388358426120761033e+04
2.774370896544440257e+03
1.793261583270537812e+04
6.827173447962639329e+03
6.159089176026086534e+03
5.105063559552325387e+03
7.776812697194550310e+03
8.276839778390032734e+03
5.895024892651776099e+03
9.226841986856394215e+03
6.569793119762435708e+03
4.389032480533068338e+03
1.065294843070618845e+04
5.039709902036913263e+03
6.919812985388474772e+03
5.551830446241359823e+03
1.023682507745482690e+04
5.551232173457293356e+03
5.229291593300134991e+03
3.045439090714860413e+03
7.022540018423049332e+03
5.052885965260962621e+03
1.014094907784305906e+04
1.036477423188711327e+04
5.548543963632800114e+03
6.516050637906293559e+03
9.955956625044924294e+03
9.313674049086759624e+03
2.966460995242489389e+03
4.037459467714083075e+03
1.036333357328074271e+04
6.901779647932600710e+03
2.776631996251177497e+03
1.004014993252635759e+04
3.319633901189316930e+03
5.554124548800186858e+03
4.163967311120894919e+03
6.669992486593463582e+03
1.426007076057573613e+04
4.598012500163186814e+03
2.417686432152124780e+03
7.656351824567612312e+03
6.299144787152722529e+03
1.007083978317210131e+04
1.393973184403554296e+04
7.694093071160105865e+03
4.797368920426170007e+03
1.070901965290320186e+04
5.200522853117595332e+03
5.548190434871143225e+03
5.807111662383007570e+03
3.731548015623693573e+03
4.486676007684195611e+03
3.444052436168721761e+04
3.575138655668093634e+03
1.732025060544421649e+04
1.076905941145565885e+04
1.808691302329518658e+04
7.011138766207978733e+03
7.687085833225921306e+03
1.319278462100027173e+04
3.321582864944038647e+03
3.774637791661420124e+03
9.196415620145653520e+03
8.768182264544477221e+03
3.168791077301479618e+03
8.322410091879539323e+03
6.080902492509411786e+03
7.176374169145680753e+03
7.831153227647670974e+03
5.176642182209694511e+03
8.438770039808250658e+03
6.165089879527945413e+03
5.549127121292473930e+03
9.415472638858067512e+03
1.131871768628658901e+04
1.751251583512353682e+04
4.955541654200574158e+03
1.292358665693996045e+04
1.019663581144534692e+04
5.554124548800186858e+03
8.974960093178609895e+03
5.551854429516936762e+03
5.553506632979248934e+03
1.107525210957840136e+04
2.681749976164320833e+04
2.774345438171939350e+03
3.509661529460652218e+03
5.843844278364602360e+03
4.161461505163791117e+03
4.958243488077157963e+03
2.777299269554210241e+03
4.163607855660516179e+03
6.165118760861327246e+03
6.508852448752236342e+03
2.505174704715411644e+04
6.996073384633254136e+03
5.550999812718522662e+03
5.550047088640646507e+03
7.882391266025179902e+03
7.742425825968792196e+03
3.084292713841541627e+03
8.206235265357348908e+03
5.552779873494530875e+03
2.776135803244954786e+03
1.003971200541809230e+04
2.776813599603399325e+03
4.160849721275803859e+03
8.432595580590241298e+03
7.087957193348635883e+03
7.087054272767333714e+03
8.396064884422557952e+03
6.215785783987359537e+03
3.623035594094271801e+03
1.207908082819003539e+04
7.086482685987052719e+03
4.425826887321319191e+03
1.215590768078135989e+04
5.691457332473238239e+03
3.317728248054506366e+03
8.451421260425306173e+03
9.896748353251699882e+03
5.039709902036913263e+03
9.713736205821716794e+03
7.862705641825563362e+03
9.097576061254001615e+03
4.525798403755345134e+03
3.731614955968468166e+03
6.936007511424409131e+03
2.860871032957963962e+03
1.876116448024622514e+04
8.640420938970546558e+03
5.339438285177702710e+03
4.679248594136976863e+03
2.774440863742481724e+03
4.854445335465927201e+03
1.547964289867289881e+04
6.903257430356808982e+03
9.347205418854106028e+03
5.550898350262475105e+03
8.327376094410745281e+03
2.776135803244954786e+03
2.777068346241953350e+03
9.175664206724470205e+03
4.648759821358718182e+04
1.423533954741658454e+04
2.807068964826697993e+03
5.175520099517856579e+03
5.167861680405221705e+03
7.950638028558778387e+03
1.698519197561211968e+03
1.636207393346650497e+04
3.762459444032686861e+03
1.412057853649848585e+04
2.870524901831543320e+04
1.388356400790598855e+04
5.075165592842348815e+03
6.394511135570361148e+03
4.395121037764150969e+03
6.945339736273978815e+03
1.903326519995184935e+04
1.642784351621007227e+04
8.754332202199453604e+03
6.219288544020783775e+03
4.961073351663266294e+03
1.928837494218716165e+04
6.939566976191678805e+03
4.046221043673957320e+04
5.923166887534775924e+03
1.327816406633181214e+04
1.061476497605730947e+04
5.055282379228049649e+03
9.634724665180932789e+03
1.652880919763806742e+04
1.086174134056396542e+04
5.014666755091383493e+03
1.244158073298352429e+04
5.792758816613089948e+03
2.861229856104392638e+03
2.774324320205396816e+03
1.266406816365602936e+04
8.322689387684360554e+03
3.166759651170196321e+03
5.015947652836463931e+03
8.322514756837368623e+03
5.152465312298692879e+03
2.151719024719754088e+04
5.299739545344863473e+03
1.104389765170268947e+04
1.377451734781130108e+04
9.709864642527887554e+03
5.553155158849956933e+03
4.240815846674626300e+03
1.665746971960627707e+04
2.777092635199304823e+03
2.774699272109348840e+03
6.936226207675544174e+03
3.567179965709554835e+03
6.123029938125551780e+03
5.552538197850508368e+03
1.387482583449585036e+04
7.501255401943615652e+03
5.817042257886165316e+03
1.718669671841458330e+04
9.429672626153673264e+03
2.149377658397530467e+04
6.999386838810862173e+03
2.777323598561266408e+03
1.069366932790853753e+04
1.075552719775629157e+04
1.067434249832638488e+04
2.776607811971739011e+03
1.125190054297755705e+04
9.726178692256309660e+03
5.139634493423825006e+03
4.883636912103076611e+03
3.348543753074779943e+03
2.165356214491525679e+04
6.510167255226046109e+03
6.327641633404853565e+03
1.195174642402048266e+04
8.491407026384271376e+03
7.115278139838365314e+04
2.682053367962767516e+04
8.537637252133950824e+03
9.818217446654292871e+03
5.548610224152283990e+03
1.274520516975280771e+04
9.019671724017229280e+03
5.791891934884313741e+03
4.483494952707758785e+03
5.552310901312843271e+03
1.113379937798165884e+04
5.585062355866989492e+03
6.144258290401833619e+03
2.498202038821091992e+04
9.277962461818493466e+03
9.720538917258125366e+03
5.923334171349355529e+03
9.714573079690482700e+03
1.388382777207758591e+04
5.553676546086667258e+03
1.066617381947072499e+04
1.141626482102322370e+04
9.248957299602809144e+03
8.933154014638756053e+03
8.901887883060951935e+03
8.644270090028152481e+03
9.421089663782706339e+03
1.215811669960620020e+04
3.166508104776823075e+03
5.793226546608872923e+03
8.674960037047276273e+03
7.750402287369623991e+03
5.549926280823484376e+03
1.130123270536335986e+04
8.426253226025201002e+03
4.360008705018199180e+03
5.494139063151083064e+03
8.311197317768815992e+03
8.327268171726840592e+03
6.651109166485581227e+03
1.901006932883022091e+04
1.435166413148204629e+04
1.488664588208220630e+04
2.302330564676260110e+04
4.894538477737323774e+03
1.035989027958949737e+04
9.709335551943513565e+03
6.167436990002831408e+03
9.718031843176706388e+03
8.457898495056218962e+03
2.187971236280406083e+04
1.448752770186290036e+04
5.136093516738536891e+03
1.559201882376586036e+04
2.774335958580309125e+03
9.261161966156465496e+03
9.240979707405449517e+03
6.365138507813177966e+03
8.836509748310441864e+03
1.279154139565634432e+04
1.733207333446929260e+04
9.074438603132553908e+03
5.553555167037584397e+03
1.628400948792502459e+04
8.352858760422261184e+03
2.777445301400165135e+03
1.131512466712567220e+04
2.419894005033003396e+03
5.138707815560030213e+03
1.666210926552387900e+04
2.774266171634906641e+03
2.364541662032530439e+03
5.067930052047175195e+03
5.554489086655025858e+03
1.248930455923094451e+04
4.910432348262460437e+03
6.323987225152841347e+03
5.359247455374031233e+03
9.004401032249059426e+03
5.190686965402287569e+03
5.550904208763160568e+03
5.116822737012539619e+03
8.810056297071590961e+03
2.776317253804716074e+03
6.941830019583791000e+03
9.047099380582982121e+03
6.985884070379874174e+03
3.234556179817151133e+04
1.789503280695457579e+04
7.047116947171585707e+03
5.084431159494536587e+03
6.950863913234014944e+03
2.776330080376698788e+03
5.553881808599497163e+03
6.940288603728722592e+03
5.548637003490981442e+03
2.777372269845321171e+03
2.297366051075189898e+04
8.681873569635470631e+03
1.302212301267026669e+04
6.893737024486090377e+03
7.047116947171585707e+03
8.447989353407125236e+03
5.617365405677016497e+03
1.097684026328438995e+04
6.178600405513609076e+03
9.719517411976336007e+03
1.158877318354149793e+04
5.553506632979248934e+03
5.107488432055278281e+03
2.899720415986275111e+04
5.549455691510319411e+03
9.724202926927688168e+03
1.240949013473857849e+04
5.619711367383649304e+03
5.198019010503670870e+03
5.552431251244224768e+03
6.055785733225212425e+03
6.893690885075006918e+03
1.120007927741755157e+04
3.332462449952894985e+03
9.250690050035544118e+03
8.545479846164424089e+03
9.518372190488487831e+03
5.341681698838910961e+03
5.550784801858726496e+03
1.371315761947423925e+04
1.248984201891462908e+04
9.316423326891601391e+03
7.123016610215663604e+03
7.056167446780762475e+03
1.111775577017350588e+04
6.990557076864078226e+03
8.542368450909685635e+03
1.210468180375404700e+04
8.200256330363115922e+03
6.948271961359281704e+03
7.484406709283755845e+03
5.626948491042786372e+03
9.719817011300141530e+03
7.615332004580465764e+03
7.710979188602091199e+03
7.094651858865596296e+03
6.144258290401833619e+03
1.051953650980605198e+04
5.791298683122620787e+03
5.551863262668340212e+03
7.656351824567612312e+03
8.265237538575112922e+03
9.368913556063153010e+03
6.367518664042510864e+03
3.315477707246552200e+03
5.176782901655584283e+03
7.087158857978565720e+03
1.478461603632751394e+04
1.405172768803779218e+04
2.967465722464122791e+03
5.550044356409375723e+03
9.882540987781834701e+03
6.935686121392214773e+03
5.552707337623308376e+03
4.307421651588832901e+03
5.199413157953754308e+03
4.962055514955787658e+03
8.809125073745481131e+03
3.768791966852192672e+03
1.525849788732982779e+04
5.187980133301831302e+03
8.326765288890925149e+03
8.942541107247334367e+03
7.077433507127976554e+03
5.792777943153179876e+03
3.631285824625917030e+03
9.213368762334273924e+03
2.860032635859176662e+04
6.067172896176205541e+03
2.100127857853130990e+04
4.205013366634242993e+04
1.108107939473436818e+04
1.260132430255755753e+04
1.479014675986420843e+04
5.158685007231247255e+03
8.322689385929574200e+03
5.553870873472252242e+03
1.358687594256767261e+04
1.675825967600768854e+04
5.160322787426044670e+03
2.776571534378279921e+03
5.107419782055877477e+03
4.792045135722197301e+03
2.777445302492584688e+03
1.388443216875925464e+04
1.009220636168029341e+04
1.375561108017052902e+04
8.411865055110240064e+03
2.863431646703069418e+03
1.568391127787311598e+04
5.548893385402261629e+03
6.024017889672598358e+03
8.638856021832611077e+03
6.986318966880156040e+03
9.735639928281678294e+03
8.328892340164444249e+03
3.702343147388573470e+03
1.934427189948728119e+04
8.585946645374744548e+03
6.267905177267108229e+03
7.020305084184662519e+03
2.587060817283373399e+04
1.110904097265539531e+04
4.627693056649724895e+03
4.162185203878344510e+03
2.775229334818002371e+03
1.980717473056925883e+04
5.038389575073578271e+03
8.483098356379932738e+03
1.452280658671585843e+04
1.072482766403270398e+04
5.596653698157619147e+03
5.005212811249365586e+03
5.553906069472795934e+03
6.942102980645798198e+03
9.167051296171417562e+03
4.355641493662530593e+03
4.857160804441627079e+03
1.276402800640820169e+04
5.947304787158593172e+03
1.267950271330903524e+04
1.820661449352984710e+04
7.279323141486371242e+03
1.004292547852703865e+04
7.436045846132399674e+03
2.777080489223593304e+03
1.526532064126890691e+04
1.987277341280397013e+04
2.324548061450480873e+03
2.774581052967668256e+03
8.691824736178485182e+03
1.186086682387051405e+04
2.347229975756064596e+04
9.954157880555378142e+03
6.943255779046586213e+03
4.643508305174634188e+03
5.548143920244615401e+03
2.776571534378279921e+03
1.109980971216005310e+04
5.549691851326309916e+03
5.554527700725637260e+03
1.728149333715426474e+04
9.372965575041063857e+03
1.454756105735347046e+04
2.777893433705594816e+03
5.552417478638508328e+03
4.627390462571964235e+03
2.815747685163223287e+04
1.401389280606819375e+04
2.202130102366443680e+04
8.471250065617830842e+03
2.867845809286115127e+03
9.389702129611765486e+03
1.796247996792384947e+04
2.860691679111778285e+03
1.449505795866769768e+04
2.777274944448518909e+03
3.699520844555056101e+03
1.212296958651719069e+04
2.277721616119308692e+03
1.448813431200806554e+04
2.775395623221128062e+03
4.163428607066553923e+03
7.054672502904892099e+03
8.885137932197107148e+03
2.773935939857540689e+03
2.777177682664065287e+03
2.777262782452999545e+03
6.171185981596182501e+03
6.022671225508110183e+03
1.643746388463512631e+04
1.885585690369914346e+03
1.884943085242809684e+04
9.719178726411753814e+03
6.935627787129142234e+03
5.548306836401846340e+03
5.549361382838950703e+03
1.011655010704493179e+04
8.662469606713291796e+03
9.355401768592631925e+03
9.713903333238547930e+03
2.777274944448518909e+03
9.376159893233492767e+03
8.773826080690423623e+03
1.775504144542293943e+04
8.199302116867937002e+03
1.307253227584095839e+04
7.872456290504374010e+03
6.056201976260147603e+03
1.001964980428874514e+04
5.072428928650896523e+03
1.289452686734309646e+04
1.110247826686036024e+04
3.622529049899807887e+03
8.470809976434438795e+03
5.549550092249521185e+03
6.534331185941451622e+03
1.092246731075302705e+04
8.667239859201681611e+03
5.096062669794483554e+03
7.822081158602115465e+03
3.332477047511445107e+03
6.430275950507724701e+03
9.587370611760732572e+03
8.167920943387535772e+03
1.194842277095153440e+04
5.117973394431386623e+03
1.075745374164222449e+04
1.188704394937746292e+04
2.777311434503200417e+03
2.776256730720767791e+03
9.013100683193446457e+03
7.562713840947647441e+03
1.337438605905493023e+04
2.776971235334046469e+03
1.637340039491530479e+04
5.472163359079893780e+03
1.440346531905510892e+04
7.016318395184242399e+04
1.059877864517374292e+04
2.096526842595397466e+04
5.614708306425674891e+03
8.347011340863822625e+03
4.549093153441790491e+04
5.119261442744501437e+03
8.443976660324095064e+03
1.547964289867289881e+04
1.187152780042729501e+04
1.228458625759591268e+04
8.153971872708133560e+03
1.110677067750612150e+04
6.941891729677830881e+03
9.370940313126493493e+03
2.775413786368475940e+03
2.378568506473416346e+04
2.774347601951004435e+03
5.550427268604423261e+03
5.236564168987923040e+03
5.054200797171504746e+03
9.286399957429155620e+03
1.467494083358828175e+04
5.551239128908788189e+03
8.326120601465132495e+03
1.264824928892756907e+04
8.892450418728392833e+03
2.094168817690089782e+04
1.644453151883161263e+04
6.906464277445334119e+03
6.868513794588758174e+03
2.950524790387198300e+04
1.161959423177815734e+04
7.105049163802908879e+03
2.118794965206705820e+04
6.991589470578987857e+03
2.774266176929229005e+03
1.231910726678870378e+04
1.123438858753059685e+04
6.169461117695241228e+03
9.712412829068231076e+03
4.710110220049787131e+03
8.454580266730969015e+03
8.702862004816146509e+03
1.248978822480073904e+04
2.259344230025402067e+04
9.720538918507812923e+03
9.709604508701728264e+03
9.890913697228548699e+03
4.998671554058271795e+03
1.569107294809291488e+04
1.016453709958652144e+04
1.249526386866249595e+04
4.255581123200474394e+03
8.665720776583375482e+03
1.404724243062176902e+04
1.323907546978492792e+04
3.170404318532726393e+03
6.907419047473898900e+03
6.946138025166493208e+03
1.115615677643267190e+04
8.325193423822049226e+03
6.935773678581036620e+03
9.371090737601767614e+03
3.570194048747529450e+03
2.422885593896884529e+03
3.873057357549644621e+03
8.363292162732135694e+03
7.435957332733737530e+03
1.420302540455579583e+04
4.861133818248141324e+03
2.756496121755168133e+04
9.384413061280785769e+03
8.267908599190408495e+03
2.774231321354229294e+03
5.554246006717741693e+03
5.132110785546954503e+03
5.145043695335668417e+03
5.136093516738536891e+03
2.644239202400514841e+03
5.880710126999331806e+03
2.776631996251177497e+03
1.417454301778825175e+04
7.924846405479322129e+03
6.946042380645404592e+03
7.080393264398938300e+03
7.140795953002219903e+03
1.302056321356343324e+04
2.775210494234608177e+03
9.718966149470637902e+03
5.023830758916848936e+03
3.468829626128975178e+03
5.005212811249365586e+03
1.387138840380127658e+04
2.776813599603399325e+03
8.150314941188721605e+03
1.915380840126322073e+04
5.250103531260903765e+03
5.282802529854669956e+03
5.252406088505598746e+03
5.082896982270130138e+03
8.324448325906567334e+03
4.993323758043522503e+03
2.775336178525574269e+03
8.163252116063927133e+03
1.060500188934798825e+04
1.147133316045236097e+04
6.057941429044291908e+03
4.130491800624372445e+03
4.520107683629961684e+03
9.246463613025969607e+03
1.072041714934175070e+04
3.443376437250373783e+03
6.748105752012536868e+03
1.107491783215203759e+04
8.330817750090118352e+03
1.525836960800702946e+04
6.149425634308444387e+03
2.775801394551952853e+03
6.928711625220019414e+03
3.022655629277842763e+03
9.954157880555378142e+03
3.840052897049874900e+03
6.399509222999511621e+03
9.225420312682117583e+03
5.554503348157270011e+03
2.777214148308866243e+03
1.075937580416752462e+04
1.047682860271725804e+04
6.996057219844375140e+03
9.156061592334837769e+03
9.714494096988171805e+03
6.783680853722315078e+03
6.056220699070845512e+03
2.774546011131915748e+03
4.858928797599454811e+03
1.223111243351119992e+04
3.765288940338582506e+03
9.710150323081385068e+03
1.213844764127484814e+04
6.938281336948116405e+03
7.022489783325839198e+03
1.430613773771203705e+04
3.167093667637899216e+03
7.931446953085074711e+03
5.548027746333929827e+03
4.294615211548836669e+03
4.858589611185818285e+03
5.548306836401846340e+03
1.109661815689854848e+04
6.515607538639374980e+03
4.521667987022697162e+03
2.774921853683611971e+03
9.709946210672398593e+03
1.195624340677666260e+04
8.646657612643795801e+03
5.904847534074679061e+03
1.385855056812604562e+04
1.530375170577397148e+04
5.573071197629426024e+03
1.936953663603232781e+04
2.774933646851734920e+03
5.841123904394288729e+03
5.861186691868432717e+03
2.987413574872682148e+03
1.466469729577218277e+04
6.879322483310830648e+03
6.510016628620222946e+03
3.054540390077266784e+04
8.326729412465449059e+03
2.490087517861036395e+04
7.530178809344047295e+03
5.630160010897168831e+03
8.569733637494853610e+03
5.707733796023821014e+03
4.576717846705941338e+04
6.758111983928703921e+03
6.502522514842112287e+03
1.387726329529956638e+04
2.758295255091149374e+04
5.551256050003941709e+03
2.928867470000169851e+04
1.804118553947923283e+04
1.509163420076164039e+04
3.752558697026091522e+03
7.629355657590394003e+03
6.516147663199271847e+03
6.820376792471595763e+03
5.551590817362473899e+03
4.964989813460920232e+03
3.569251731841759010e+03
2.036525727657653624e+04
2.908546018445854770e+03
5.494905608047945861e+03
8.326270035322457261e+03
3.781390835773127492e+03
4.592453383499697338e+03
6.165905848078668896e+03
1.249591105937589782e+04
5.037068532341634636e+03
5.548283541808224982e+03
9.219682630803468783e+03
8.001779943873943921e+03
4.964968335931489491e+03
5.276777982230611997e+03
6.949121268448760020e+03
7.118457446429521951e+03
1.046711315520655080e+04
9.138620450765121859e+03
1.387780097678928905e+04
1.917930110603252251e+04
7.248509340757843347e+03
5.615461433996487358e+03
6.240421996260762171e+03
4.719747929274581111e+03
5.019747932908290750e+03
1.086358998246653755e+04
1.291520357974701437e+04
2.435269232373949853e+04
1.961162262503188322e+04
5.548283541808224982e+03
9.584007367933052592e+03
1.387106614508556777e+04
5.190807637083164991e+03
4.364585123233930972e+03
5.130828264872985528e+03
1.085871752720018594e+04
1.388140638996494454e+04
5.550546329521178450e+03
5.549337817828651168e+03
2.776512570704654536e+03
7.025858589190069324e+03
1.477664643100110334e+04
2.774699272109348840e+03
9.100679934523621341e+03
1.056718353784683859e+04
4.145402135972940414e+03
1.707513444403454514e+03
8.435763854919536243e+03
1.353158072096767137e+04
5.231991228993681034e+03
1.015206580051936362e+04
6.677785959464235020e+03
2.775353929924060594e+03
5.551935445929865637e+03
2.777457477334147825e+03
5.100949558987627825e+03
2.825169149889230903e+04
3.701231483122730424e+03
2.775395623221128062e+03
8.804110157554880061e+03
8.922682257805890913e+03
1.265161251838881071e+04
1.649584445793460327e+04
2.987413574872682148e+03
5.883223064141951909e+03
7.099995525571925100e+03
1.745052729529421049e+04
1.075292130643795281e+04
3.119924872804429106e+04
7.100562857895506568e+03
6.937242837282385153e+03
8.702659285732550416e+03
7.549823448944892334e+03
2.775825342540288148e+03
2.775234377915784989e+03
1.138940138945657782e+04
2.777372269845321171e+03
1.208665076278135348e+04
1.185566145132988822e+04
7.093419946887174774e+03
9.418204922425891709e+03
6.744011723090062333e+03
1.918598649317210584e+04
5.864871426436719048e+03
6.101564178945995081e+03
7.763542529275839115e+03
1.252672395197574951e+04
6.954034993755965843e+03
2.775801399398850663e+03
1.332810814594425574e+04
5.618139737604970833e+03
5.132249296547774975e+03
6.939331477643808284e+03
6.939023420447203534e+03
4.306174765126878810e+03
6.403556221496842227e+03
2.776632000855783645e+03
5.549597323635252906e+03
4.060855778238813855e+03
4.995631448916600675e+03
5.550880316987797414e+03
5.147595817452985102e+03
1.120355404652814650e+04
6.155666847277934721e+03
1.013070948647959631e+04
5.151280415357254242e+03
4.856820923251224485e+03
6.056201976260147603e+03
2.636413246297235219e+03
1.680838574799264825e+04
8.155855843969001398e+03
6.942497684676852259e+03
9.774159716939053396e+03
1.051850696920426526e+04
8.330890620056443368e+03
5.554635031209159933e+03
9.349247319295664056e+03
5.553034303779643778e+03
5.841512372464164400e+03
3.145168215400346526e+03
8.690346550135433063e+03
3.029720799850407275e+03
5.550189508543659031e+03
1.312127907739928378e+04
9.143971469341928241e+03
1.042966586267912862e+04
4.292721336747149508e+03
5.552575787430298988e+03
5.147456544430467147e+03
5.554246006717741693e+03
1.000351937611556059e+04
9.103705483177152928e+03
6.560936156918375673e+03
9.559304273494479276e+03
1.176352970610971352e+04
2.569236380824555454e+04
6.115062449730404296e+03
3.233550021906372422e+03
4.161779549440183473e+03
1.048682938709379596e+04
8.221593204989319929e+03
5.614970814850605166e+03
1.902235329611263660e+04
1.942721303959763463e+04
2.664697826665980756e+04
5.699420752611287753e+03
9.446053411262462760e+03
4.309073598971737738e+03
1.067812289575728755e+04
1.234976143686569958e+04
1.028004530737340428e+04
4.710110220049787131e+03
5.278321527002337461e+03
5.548306836401846340e+03
1.248203497943850380e+04
3.192846395784213200e+03
5.549668213135820224e+03
1.193555297771308869e+04
2.775894418563196268e+03
1.425824743407840288e+04
9.714950638157866706e+03
1.525836960705173260e+04
1.195353385386988703e+04
2.005763797879553022e+04
5.111525312365422906e+03
5.392853007150455596e+03
2.777201991423615709e+03
7.479447010984664303e+03
1.032234786439661912e+04
7.122349815530272281e+03
9.347508799442835880e+03
8.330794960675029870e+03
5.979644886199856046e+03
5.553676546086667258e+03
5.496800661570662669e+03
6.918860834674248508e+03
1.120355404652814650e+04
