0.000000000000000000e+00
1.691128177635875318e+03
4.309071274408837193e-01
0.000000000000000000e+00
4.403623888984652694e+03
1.388484100822841128e+03
1.289487519269785844e+04
4.237665822074473398e-01
1.581489324968929633e-01
1.856675535734069399e+03
1.387151989379189217e+03
0.000000000000000000e+00
3.106394565387616694e+03
1.689200717939368769e+04
3.840088401283245730e+03
0.000000000000000000e+00
3.567189328905607454e+03
8.208693732727465431e+02
3.968610300161386022e+03
1.387484660184056793e+03
3.242237701223276872e+03
2.816027494723591644e+03
7.393170942758328010e+02
8.590530077798384789e-02
1.488311028654860138e+03
2.141868715537152639e+03
4.236647150862564715e-01
4.198542873383736151e+03
2.530970842404096402e+03
2.802345450934813471e+03
4.624752813565475549e+02
2.000945947008519397e+03
1.975564160433743609e+03
1.215926718552137572e+03
2.145474616138833881e+03
1.561951588822764734e+03
1.175073785453501614e+03
0.000000000000000000e+00
4.233140114111874630e-01
3.304865388855658694e+03
1.169776797639509368e+03
1.336571343220562539e+03
4.365495680493629152e+03
1.645267596266949961e-01
0.000000000000000000e+00
3.093168958886578821e+03
1.994971185723278268e+03
3.551343839357319666e+03
1.388052178710285489e+03
4.236850435761906342e-01
2.175186415435352501e+03
8.470136888090806782e-01
1.394963294883793651e+03
4.236591770849196248e-01
4.237406030376522637e-01
0.000000000000000000e+00
2.211339188135236327e+03
1.980620716584104457e+03
7.196693591350410770e+02
8.682751676102499232e+02
7.119032748520116911e+02
1.587653523480179185e-01
0.000000000000000000e+00
7.932523301242986236e+02
6.829379781925470525e+03
3.297827660192941948e+03
0.000000000000000000e+00
1.555684758531631360e+03
1.179997703026692989e+03
1.179355535076706929e+03
0.000000000000000000e+00
2.296592791715607746e+03
1.961133540097175455e+03
1.521950282359643097e+03
0.000000000000000000e+00
0.000000000000000000e+00
0.000000000000000000e+00
3.962822593214784206e+02
0.000000000000000000e+00
1.691069587139857056e-01
1.255629611356524720e+03
0.000000000000000000e+00
0.000000000000000000e+00
0.000000000000000000e+00
0.000000000000000000e+00
4.232927002052166987e-01
1.149362325827025870e+03
2.979174941973153182e+03
0.000000000000000000e+00
1.044007828812187881e+03
1.322842712323677461e+03
1.554772468787451544e+03
0.000000000000000000e+00
0.000000000000000000e+00
7.930722097535034436e+02
8.663331662082343883e+02
0.000000000000000000e+00
1.387986103005575615e+03
4.621252380805581765e+02
2.349161278565220528e+03
1.511046048051304069e+03
8.395122115025372977e+02
7.928726950745614204e+02
1.256905020056070498e+03
7.440964981084005103e+02
1.276191245018952486e+03
7.927192208347563565e+02
9.954226430382268518e+02
2.141804137683743647e+03
0.000000000000000000e+00
0.000000000000000000e+00
1.473139096630541417e+03
1.042057620317594228e+03
1.711557205217507094e-01
1.343369982217234792e+03
1.611552490878375238e+03
1.134638785058031317e+04
1.481224229262020344e+03
1.035866754703959714e+03
1.634091740018755734e-01
8.869211327599272181e+02
1.041777522361943511e+03
8.782113676745250359e+02
1.562248752066096813e+03
8.320937168630594897e+03
1.672423645517338575e-01
6.414210930514378788e+02
0.000000000000000000e+00
1.341032521256913697e+03
2.237295953561585520e+03
8.532739834035533022e+02
1.667277881265745720e-01
1.609592297455910426e-01
9.989702577540525681e+02
4.233371770669226430e-01
2.355528467259173794e+03
1.981704361394671423e+03
2.646991658090286819e+03
4.237535892256323877e-01
1.169031073785014769e+03
1.727549550949449440e+03
0.000000000000000000e+00
1.988085155863402633e+03
4.235451976917050665e-01
0.000000000000000000e+00
2.215016816986577851e+03
3.833190225632539750e+03
0.000000000000000000e+00
8.646323596260168642e+02
1.510280396117533655e+03
1.387292022455405458e+03
4.237498793899752147e-01
0.000000000000000000e+00
1.387866294867995066e+03
1.101318899648184470e+03
7.929411373756099692e+02
4.463616959063035210e+03
2.306716855485791712e+03
0.000000000000000000e+00
0.000000000000000000e+00
1.576796611910266847e+03
7.925201767370651851e+02
3.079626334649989872e+02
5.551339806079572554e+02
0.000000000000000000e+00
0.000000000000000000e+00
8.651288922982922713e+02
0.000000000000000000e+00
1.387085202659599190e+03
0.000000000000000000e+00
0.000000000000000000e+00
1.682072796232543799e-01
7.937431365992073324e+02
1.112544030023726918e+03
1.249457918049562977e+03
0.000000000000000000e+00
0.000000000000000000e+00
6.320828245427343290e+02
2.740915948119695258e+03
1.851289436481415350e+03
8.566960304352095363e+02
0.000000000000000000e+00
1.979443088523112692e+03
0.000000000000000000e+00
1.387785667395094379e+03
2.621209890635630927e+03
9.927024867613090464e+02
1.693666286973381148e+03
1.911760204768118228e+03
1.387280328580469813e+03
6.871601039043359833e+02
1.937647952512529400e+03
1.560933329923771540e-01
7.405380459418403007e+03
1.153358417663937644e+03
1.706063901143801964e-01
6.937916399722192864e+02
1.452114224047097196e+03
4.237573011316798643e-01
0.000000000000000000e+00
4.234722726407265103e-01
1.634682794629572222e-01
0.000000000000000000e+00
0.000000000000000000e+00
4.551236099639978661e-01
4.315259007758781081e+03
2.354447923203021219e+03
2.807068964826697993e+03
1.666704496568887639e-01
4.315448985664322445e-01
5.267787849834165172e+03
1.336712830001466955e+03
1.479801005002339025e+03
1.554916615002024855e+03
2.017856318621150876e+03
2.169713770086194472e+03
4.341512921325704042e+02
4.235873578667482819e-01
2.869700955416288252e+03
1.976080835092649522e+03
3.183900746560878736e-01
3.964983227612873975e+02
3.120097173160228522e+03
7.924676386337501981e+02
8.523013920030673489e+02
1.568446181969885833e-01
1.046744276324919610e+03
1.387992104491424925e+03
8.393263647683355885e+03
6.258862933072081205e+02
1.055320364640490425e+03
1.187489473968203811e+03
0.000000000000000000e+00
8.753546578893738115e+02
6.066258695161502146e+03
1.585429272525190981e+03
0.000000000000000000e+00
1.777908793204307813e+03
8.644365294873024368e+02
6.889464478824693288e+02
0.000000000000000000e+00
1.242265825802877998e+03
2.774347607222417992e+03
6.243843180745511745e+02
6.890255096786139575e+02
1.712651931739800348e-01
0.000000000000000000e+00
2.349766194420205011e+03
1.294464578128017592e+03
1.795300568881194977e+03
7.928292030915878286e+02
1.387172345352427328e+03
0.000000000000000000e+00
2.688629530217152023e+03
8.329207354196465531e+03
0.000000000000000000e+00
0.000000000000000000e+00
1.387239400088313459e+03
7.925168268793325979e+02
8.750892106215469539e+02
0.000000000000000000e+00
2.774675612400738828e+03
1.989003119751341501e+03
1.272774631380477786e+03
3.233633556936146847e-01
0.000000000000000000e+00
3.469571306357785261e+02
1.626380180464637726e-01
4.237591570664089868e-01
2.138701398454933496e+03
2.151072821833798571e+03
1.486719597426816563e+03
1.600499348484111795e-01
1.110007616847449526e+03
1.495292393587602874e+03
0.000000000000000000e+00
2.516580386009886752e+02
1.293542604776925373e+03
6.120875761303108447e+03
2.681116448735602262e+03
1.180281821398493321e+03
0.000000000000000000e+00
1.020031734044184645e+03
2.096867407114846719e+04
3.347360234361283347e+03
1.613358545157190292e+03
4.396939996913076357e+03
0.000000000000000000e+00
3.964810833958329113e+02
3.963651043112386674e+02
1.259537564102289025e+03
7.044463433182219205e+02
0.000000000000000000e+00
5.113382099455371645e+03
6.137347752058046808e+02
3.285040289910495176e+03
5.551287042137934804e+03
3.967780954945512804e+02
6.943105789071065374e+03
6.223738686786413155e+02
1.387905197029360124e+03
2.776983375204096319e+03
0.000000000000000000e+00
1.488045009003683617e+03
1.992711995124368968e+03
5.284541290818689049e+03
0.000000000000000000e+00
3.524181850306696560e+03
0.000000000000000000e+00
1.683765983497351182e-01
1.691069587139857056e-01
6.191412799225429353e+02
3.229059275463111135e+03
7.932595787760324129e+02
2.583807634654933736e+03
0.000000000000000000e+00
6.944141047482576141e+02
0.000000000000000000e+00
1.585839222309823526e+03
5.547104338387699727e+02
1.573907914388489417e+03
0.000000000000000000e+00
5.227661076628874071e+02
2.979725231817769327e+03
2.825133295491167246e+03
1.571262429990588998e+03
1.034239406729060647e+03
7.932909530432450538e+02
3.745757232589857267e+03
1.387096800078315937e+03
1.035301007067126420e+03
1.387915031195194842e+03
0.000000000000000000e+00
2.951912675216602111e+03
3.967205898013862679e+02
4.544644632256727435e-01
8.329332257864851272e+03
4.233033473505991018e-01
2.685644869342842867e+03
0.000000000000000000e+00
1.184333216291064218e+03
1.685456276204423121e-01
2.490366503095465760e+03
1.034882801167343814e+03
4.548982485093174546e+03
0.000000000000000000e+00
3.633656760341058543e+03
0.000000000000000000e+00
4.237777253552463819e-01
2.217579599699811752e+03
8.484943464694418935e+02
8.565860425500670772e+02
0.000000000000000000e+00
0.000000000000000000e+00
1.320751102644410821e+03
1.011544304015378657e+03
0.000000000000000000e+00
4.162933511656321571e+03
2.323285192860726056e+03
7.931389006786621394e+02
1.786781578919855747e+03
4.235470274562589954e-01
7.056463729554876636e+02
0.000000000000000000e+00
4.313936670634725967e-01
4.526963014340799063e-01
1.593787340070706993e-01
1.388441650579776933e+03
2.008451950990390969e+03
1.618016519405773845e-01
2.386805381658482656e+04
1.331760645166000813e+03
0.000000000000000000e+00
4.536824474354233527e-01
4.527161041103850425e-01
0.000000000000000000e+00
0.000000000000000000e+00
1.388133404452418972e+03
0.000000000000000000e+00
0.000000000000000000e+00
4.460094233808440549e+03
8.664002846846011607e+02
1.572768583754752399e+03
4.237758689317421279e-01
0.000000000000000000e+00
5.549522092126629786e+02
8.598456283539894685e+02
2.195645939217138675e+03
8.398451099031422018e+02
1.388127154932899430e+03
3.080030215638722098e+02
0.000000000000000000e+00
0.000000000000000000e+00
1.981727985045151399e+03
0.000000000000000000e+00
3.241972298764662810e+03
2.220623231494542324e+03
8.846537837594281655e+02
1.676975981878653654e-01
0.000000000000000000e+00
8.326959745230126373e+02
4.237758689317421279e-01
7.930758412647178375e+02
5.551266845169186581e+02
5.285221177618265756e+03
0.000000000000000000e+00
4.605298999933668256e+02
1.169703498689174921e+03
0.000000000000000000e+00
1.815778687357795206e+03
1.387842394148792664e+03
0.000000000000000000e+00
0.000000000000000000e+00
0.000000000000000000e+00
3.024212888948444288e+03
1.621010500201697790e-01
1.629352425880891408e-01
0.000000000000000000e+00
0.000000000000000000e+00
0.000000000000000000e+00
6.945013510996542436e+02
7.931528774932107808e+02
1.388657237930533029e+03
2.538793119413684053e+03
1.474247038136707033e+03
4.233819454270180138e-01
3.285040289910495176e+03
1.315106922755962387e+03
8.646577803877077031e+02
0.000000000000000000e+00
7.928726950745614204e+02
1.182818650726529995e+03
0.000000000000000000e+00
1.039093041175139433e+03
8.491653736093444422e+02
0.000000000000000000e+00
0.000000000000000000e+00
2.112065369094801099e+03
5.551201214985288743e+02
5.714462307639553728e+03
0.000000000000000000e+00
0.000000000000000000e+00
1.387216063735465468e+03
0.000000000000000000e+00
1.388318661694735511e+03
4.234107410455940634e-01
0.000000000000000000e+00
8.766952095713436393e+02
1.165131408646786440e+03
1.387198569690959857e+03
0.000000000000000000e+00
2.775294131600052424e+03
2.981931135788694064e+03
0.000000000000000000e+00
1.458420888492298900e+03
1.474013918274719799e+03
2.692640721140721325e+03
2.175186415435352501e+03
1.248755827957907968e+03
3.471984188603797179e+02
3.629841022725659059e+03
1.219049924392106504e+03
1.462409589347027350e+03
2.112855422011238261e+03
0.000000000000000000e+00
0.000000000000000000e+00
0.000000000000000000e+00
5.548444479569996020e+02
2.435250721445517684e+03
1.659799508097144771e-01
0.000000000000000000e+00
1.635863875950138713e-01
2.111011598125582623e+03
4.308762438217044188e-01
4.313779675519016337e+02
2.019009124057462714e+03
7.934002618368840558e+02
1.475025262112863402e+03
7.000551284285368183e+02
2.264379148105834247e+03
4.233193496222767416e-01
8.837606796082054643e+02
8.628374408741101433e+02
4.534465883142698162e-01
2.671897443933184150e+03
2.776426584304430889e+03
9.253719120547788179e+02
1.990760174350007901e+03
0.000000000000000000e+00
8.786214264948338268e+02
1.639987848170956775e-01
3.303608244655350518e+03
4.516623701354827158e-01
9.257040550839042226e+02
1.387109834562859078e+03
0.000000000000000000e+00
5.571389854715394904e+03
4.236388823618845167e-01
0.000000000000000000e+00
1.992596424236973462e+03
2.145063886500513490e+03
7.000552363622699659e+02
4.524980661566194717e-01
4.237016948920998560e-01
1.388496235568948578e+03
0.000000000000000000e+00
1.119511534848954398e+03
6.936956288648129885e+02
7.929619212273112225e+02
3.964005783956271785e+02
3.089203900493974970e+02
4.624952450046530998e+02
2.323733477724782915e+03
4.695083980437390892e+03
1.986093449732705267e+03
4.237220662126724435e-01
1.387392013432067642e+03
1.490679207896893331e+03
1.244585290805350496e+03
0.000000000000000000e+00
3.733698939010202139e+03
4.525179022698022635e-01
2.712874784053961321e+03
8.594588731128275185e+02
1.388218287596053869e+03
4.643508305174634188e+03
0.000000000000000000e+00
0.000000000000000000e+00
0.000000000000000000e+00
0.000000000000000000e+00
0.000000000000000000e+00
3.458027337873469151e+03
0.000000000000000000e+00
1.994007235348583436e+03
8.475628820647747030e-01
0.000000000000000000e+00
9.257282733569048787e+02
1.481894970082833788e+04
3.170709576043959714e+03
1.383642654097437298e+04
1.551820006974605121e+03
7.237333191043838951e+02
4.547559278911245118e-01
1.692747304482845050e-01
6.862654900656989412e+02
1.991011238764603604e+03
0.000000000000000000e+00
1.946815406827076004e+03
2.425081499312579126e+03
2.277721616119308692e+03
7.165106906101083268e+02
4.234650106677069203e-01
1.387803566390615742e+03
0.000000000000000000e+00
1.610195979864616211e-01
0.000000000000000000e+00
0.000000000000000000e+00
4.237498793899752147e-01
1.119715185309736171e+03
1.086920205611647816e+03
4.233945296037445183e-01
1.420116660011272643e+03
1.427850864748365666e+03
1.388563029197284777e+03
1.387201474015457279e+03
0.000000000000000000e+00
0.000000000000000000e+00
1.278495982803724701e+03
0.000000000000000000e+00
0.000000000000000000e+00
1.387809545395545683e+03
0.000000000000000000e+00
3.967188685768539358e+02
1.254043869770309129e+03
3.552017528059009237e+03
1.171638306636935113e+03
1.076223810528982085e+03
8.609236599524100484e+02
8.324731715301591066e+02
0.000000000000000000e+00
1.044929620134526658e+03
3.964262016251602745e+02
1.639987848170956775e-01
1.247785982575260050e+03
1.488695301658512790e+03
0.000000000000000000e+00
1.492572057238351135e+03
1.494472252192627593e+03
3.553137309849169469e+03
5.096062669794483554e+03
1.564642604568733759e+03
5.555528789829733114e+02
1.428933754248463629e+03
7.108254635384552103e+02
1.154649790888248617e+03
2.116961395791550785e+03
0.000000000000000000e+00
2.334728547896369491e+03
4.235928690296411059e-01
0.000000000000000000e+00
0.000000000000000000e+00
0.000000000000000000e+00
7.932488579146972825e+02
6.334906101291729783e+02
0.000000000000000000e+00
2.081370266053719661e+03
7.935997119784611868e+02
1.229395488734418223e+03
2.439580098902755708e+04
1.494961260603095070e+03
2.229646555304856520e+03
8.242972827118576333e+02
6.433987741567793819e+02
1.188946402583967938e+03
0.000000000000000000e+00
8.467947529530921429e+02
1.452114224047097196e+03
4.528942195472986376e-01
1.862135224012670506e+03
1.555270533696483382e-01
0.000000000000000000e+00
1.388118039795569302e+03
0.000000000000000000e+00
0.000000000000000000e+00
1.733819159675520041e+03
0.000000000000000000e+00
0.000000000000000000e+00
4.233568410810031324e-01
0.000000000000000000e+00
8.502457913447377678e+02
4.837881128261643426e+03
0.000000000000000000e+00
1.655170767008984356e-01
1.238698836099531491e+03
4.446225363191161705e+03
4.160431628260480466e+03
4.233855394533675431e-01
0.000000000000000000e+00
4.228048987309586664e+03
2.645857494854770721e+03
7.373585043907090721e+02
0.000000000000000000e+00
1.878536589528252534e+03
1.621608403267861542e-01
1.714291610974649216e-01
4.001810437768985594e+03
1.987475104732279988e+03
1.439312076050728365e+03
1.387536206265881447e+03
4.710110220049787131e+03
0.000000000000000000e+00
4.520011976333569992e-01
1.387833431567681828e+03
4.518418416363848000e-01
4.165684837998410330e+03
1.387195656143963106e+03
4.237665822074473398e-01
4.523988355138877093e-01
8.460941800349917885e-02
7.923868794070789363e+02
1.388444688860981614e+03
1.623400160034344508e-01
0.000000000000000000e+00
3.239603111355593228e+03
8.215280206598170480e+03
6.548614868410677445e+02
1.567196973557034023e-01
4.526170413608924248e-01
2.959029378880285094e+03
2.774758485732720146e+03
1.387233561475751230e+03
3.281151544593202130e-01
7.931864055224292542e+02
8.581502518405218325e+02
1.291072661284106061e+03
1.311980680361635677e+03
1.987425633214832715e+03
0.000000000000000000e+00
5.552057680582834109e+02
3.699608235374875221e+03
0.000000000000000000e+00
1.183462285611752804e+03
0.000000000000000000e+00
0.000000000000000000e+00
0.000000000000000000e+00
1.652848845433120550e-01
4.235013772307094082e-01
1.099393160210696124e+03
1.176370836675032706e+03
0.000000000000000000e+00
0.000000000000000000e+00
9.634300094207168286e+02
4.236739525526592165e-01
4.234089388809513799e-01
7.140795953002219903e+03
1.886985912915897416e+03
0.000000000000000000e+00
1.388532664043434124e+03
1.597453036550899874e-01
1.861978534567785573e+03
4.236850435761906342e-01
3.967157390511782182e+02
0.000000000000000000e+00
1.164046643982685964e+03
2.032592699748731093e+03
8.502690123752616735e-02
0.000000000000000000e+00
0.000000000000000000e+00
4.235763452501885573e-01
8.410363981162717606e-02
1.583341786655975969e-01
4.234559418045288348e-01
1.170571248114757509e+03
1.423768669297131510e+03
2.055609319665359635e+03
1.151751578623491923e+03
8.264009065536865819e+02
1.674292880081984322e+03
0.000000000000000000e+00
1.531910638912298509e+03
1.036421181093793848e+03
5.486134435734013550e+02
1.151252004791713262e+03
1.577156388954985833e-01
1.387184002379269941e+03
1.025018181237868021e+03
0.000000000000000000e+00
1.580871295114656960e-01
1.194503418889577461e+03
8.594588731128275185e+02
1.187604161678167429e+03
1.188048044895241446e+03
5.548176283583668464e+02
0.000000000000000000e+00
0.000000000000000000e+00
2.151842491228576364e+03
0.000000000000000000e+00
1.624593082132470556e-01
1.422474135200583987e+03
1.387836409050982184e+03
1.907106288128832603e+03
8.335992752986397818e+02
0.000000000000000000e+00
6.944323098020773841e+02
4.077141643908978040e+03
1.150296573171178352e+03
4.161656911741869408e+03
1.347942111707032836e+03
1.387735007427047776e+03
1.641163382755152778e-01
2.861543088922872357e+03
6.272171462349925832e+02
1.527020806329414427e+03
0.000000000000000000e+00
8.592115670188347849e+02
6.948074840372431709e+02
0.000000000000000000e+00
2.774242938944664729e+03
7.924943583897050985e+02
1.867716734501438623e+03
4.233927311822348605e-01
1.387186915222368270e+03
4.561395333366017879e-01
8.475294522354662741e-01
1.318250622561256023e+03
3.963041402801346749e+02
3.631782972288902783e+03
4.596290858164700239e+02
1.388314486018236948e+03
0.000000000000000000e+00
1.168058666292641647e+03
8.372229040181694018e+02
1.107056586716691982e+03
1.503687535476651874e+03
1.880970046894565940e+03
8.502092853818834328e+02
4.320360758878105116e+03
0.000000000000000000e+00
1.020857153015266135e+03
2.018419054705611416e+03
7.927192208347563565e+02
3.701730705882701386e+03
7.929133993715583983e+02
1.616214214709074213e+03
2.594109686739860535e+03
7.929612784128684098e+02
2.775586267537284584e+03
9.201849892037438622e+03
4.234995544664080236e-01
1.448831278089684020e+03
1.089617603545246129e+04
7.931300676627317898e+02
1.816296808737961328e+03
2.309660558641933221e+03
1.990089621511034693e+03
6.822758283625163131e+03
0.000000000000000000e+00
4.237406030376522637e-01
7.933065364351371045e+02
6.120709144725165970e+03
8.700669017134270007e+02
7.931102918412962026e+02
1.645852604373500006e-01
1.877921197058666621e+03
5.100217395193124048e+02
8.812111241363772933e+02
1.785788260705651282e+03
0.000000000000000000e+00
0.000000000000000000e+00
5.552459424267022996e+02
2.755978688372879787e+03
4.623686619341058872e+02
1.465059967134666522e+03
1.594399083662068339e-01
0.000000000000000000e+00
1.495500495153357406e+03
5.548895797208849672e+02
8.326729414089075362e+03
1.308900672237864455e+03
5.180070479587385535e+02
8.288508195580268421e+02
8.914738688267310636e+02
2.443721153202765436e+03
4.236647150862564715e-01
1.585402514211519701e+03
2.584054021180130803e+03
3.313237770426395400e+03
1.961162262503188322e+04
0.000000000000000000e+00
1.314123933351908590e+03
3.419825246760461179e-01
7.114318982761052439e+02
0.000000000000000000e+00
0.000000000000000000e+00
2.171710529603194573e+03
2.775990913006737628e+03
0.000000000000000000e+00
0.000000000000000000e+00
8.475294522354662741e-01
8.325399623872734765e+02
2.111839815026362885e+03
0.000000000000000000e+00
0.000000000000000000e+00
0.000000000000000000e+00
1.036285077155926729e+03
1.348180841639676601e+03
0.000000000000000000e+00
7.505723473621496851e+02
6.401161113579513540e+02
8.761029407425081672e+02
1.531699895331782727e+03
0.000000000000000000e+00
0.000000000000000000e+00
0.000000000000000000e+00
1.632908783807665021e-01
6.045980193243436815e+02
9.255176555327592496e+02
4.234650106677069203e-01
0.000000000000000000e+00
3.469843697619171508e+02
1.191072462309584580e+03
7.482888660998081605e+02
1.107056586716691982e+03
1.176596993020433274e+03
0.000000000000000000e+00
1.541758750295636901e+03
3.772986220869593126e+03
1.954790133570899343e+04
1.690509673472104513e-01
1.387527338809498360e+03
3.562731302096965464e+03
1.510280396117533655e+03
0.000000000000000000e+00
0.000000000000000000e+00
4.387197550249582491e+03
0.000000000000000000e+00
1.568137911380003516e+03
4.237016939262859272e-01
0.000000000000000000e+00
2.390580657453870572e+03
5.474922491472059392e+02
3.440318935175821935e+03
1.530957395486717360e+03
3.249031664123229348e+03
2.588022622611533279e+03
6.939110726435767447e+02
0.000000000000000000e+00
1.640575772296602175e-01
1.236775729988634794e+03
8.699300896802340048e+02
8.235109275711603727e-02
1.387860324896880456e+03
1.387544557492404238e+03
1.773825058225990460e+03
1.330793946613304115e+03
1.599281760119119489e-01
0.000000000000000000e+00
1.174338177254885977e+03
1.584575214825606759e-01
0.000000000000000000e+00
0.000000000000000000e+00
7.471346563626399075e+03
7.698542000513148196e+02
4.236002202524301041e-01
8.278752505446723697e-02
6.941310842752276358e+02
8.324731715301591066e+02
1.079217268170842772e+03
1.528576685489264719e+03
1.169526993234612746e+03
1.388578208099410176e+03
1.754589397537541572e+03
0.000000000000000000e+00
1.575915702229669091e-01
4.237573013891842155e-01
0.000000000000000000e+00
0.000000000000000000e+00
1.168648471862787346e+03
1.482046868024563537e+03
7.120070477963511166e+02
1.213402557756452097e+03
0.000000000000000000e+00
1.457687897673225962e+03
0.000000000000000000e+00
0.000000000000000000e+00
8.586986807863811464e+02
4.236002202524301041e-01
8.270052192148559522e-02
0.000000000000000000e+00
1.587653523480179185e-01
0.000000000000000000e+00
8.750545754614674934e+02
2.446255563513199377e+03
1.568337256109087093e+03
2.710421119085663122e+03
1.386754870995220926e+03
7.465477542477738098e+02
1.387256927026289077e+03
4.233461081956429450e-01
1.174216659034101895e+03
8.278776699544935127e+02
5.488483385794345850e+03
6.380287109313300789e+03
0.000000000000000000e+00
1.036173938850636432e+03
7.931019625736147418e+02
1.098922360101933918e+03
2.135592200247208439e+03
2.207135854101430596e+03
1.026302574949491600e+03
4.710110220049787131e+03
0.000000000000000000e+00
0.000000000000000000e+00
7.418807559144353945e+03
1.981034237995688500e+03
0.000000000000000000e+00
4.234197602159531781e-01
0.000000000000000000e+00
5.551193901433873634e+02
1.387962118480169238e+03
1.387186904695057819e+03
1.661220389728733608e+03
5.617556070302165608e+03
0.000000000000000000e+00
4.624753106241461751e+02
4.237406030376522637e-01
1.129253254587742958e+03
1.475219024944861303e+03
0.000000000000000000e+00
4.235891948579928457e-01
1.570317551897721098e-01
7.323009992892932587e+02
0.000000000000000000e+00
4.623035837973709477e+02
4.237276245147418852e-01
7.471346563626399075e+03
1.438146105021173071e+03
2.774663783084758506e+03
0.000000000000000000e+00
3.965794655093422989e+02
4.625392215720135027e+02
4.084350166862580409e+03
1.623400160034344508e-01
1.387085202659599190e+03
1.772751721737406797e+03
1.386833596093833194e+03
7.928932694436956581e+02
2.111274827234930399e+03
5.546447133041036750e+02
3.661550421834340341e+03
0.000000000000000000e+00
0.000000000000000000e+00
4.233282576404983621e-01
0.000000000000000000e+00
4.251857232808114304e+02
0.000000000000000000e+00
3.632581179316327962e+03
8.475443066859381647e-01
3.824376321501192706e+03
0.000000000000000000e+00
