1.694542532322204124e+03
1.304104934953645397e+03
2.363444686510519205e+03
7.631363049789557635e+02
1.577201900949197352e+03
1.993699353790674195e+03
5.809272302187141577e+03
6.088998701209777664e+02
6.113954282487989985e+03
2.093888954142356397e+03
3.055722131222000371e+03
2.818156385471333465e+02
5.151875711787492037e+03
4.626905494449199068e+03
1.057872510911054178e+03
2.569894457345989849e+03
2.530567017703513102e+03
8.477148037069135171e+03
1.090184815950989105e+03
1.096269446607991313e+03
7.987866020208879263e+02
1.792903203639038338e+03
1.348414316215847293e+03
2.988978433923517969e+03
8.008841574293231815e+02
2.908685301391152734e+03
1.193784409889483413e+03
1.404713764285114394e+03
2.280402220031801619e+02
5.808497856261179777e+02
1.916280145014317668e+03
1.284224808152531068e+03
2.882359396459864456e+03
8.866283049312193043e+02
3.710299753513278574e+03
7.630453704655402589e+02
8.440320319976426617e+03
2.655434255534988097e+03
3.301474787455100795e+03
1.024874956609855190e+03
7.552382416894909056e+02
6.755510572866683106e+02
2.957638101938404361e+03
9.647349953187107531e+03
1.467389862560347183e+03
4.231610794730117050e+03
3.017767257865900774e+03
2.969943457539727206e+03
1.536907155192550135e+03
5.455214087694341288e+03
3.279092447484509648e+03
7.302154611815394674e+03
3.584338881976645553e+03
5.361807100272111711e+03
1.122152837784980875e+03
1.337880739273545487e+03
6.594681168872147055e+02
3.463221345801222469e+03
6.623343045351885849e+03
1.091617746873538408e+03
2.251502558677910656e+03
1.411918155986551255e+03
2.429580849607185428e+03
1.618158796140906134e+03
9.791552279772148495e+02
3.125271416502522243e+03
2.672949442782436108e+03
3.655111209152742958e+03
3.567891354235480321e+02
2.930970250725328015e+02
5.504012987824572519e+03
4.787299509180980976e+02
6.230068225093134060e+03
1.856542736101955825e+03
1.396418115953668894e+04
1.018465052961699939e+03
1.314610205821289128e+03
1.141919124365980451e+03
2.224009315688294919e+03
1.129649627578305399e+03
1.317814029861467816e+03
4.067264356972677319e+02
3.283834093326800485e+03
3.464444383658012157e+03
1.837032239355128240e+03
2.972263326793803117e+03
9.192792874330233417e+02
3.235530333877612520e+03
2.247902367583968498e+03
9.276687558088997321e+02
2.685003811731989572e+03
2.207647682062420699e+03
1.385261281864547755e+03
5.581210484763349996e+03
3.817687380983041749e+03
5.338199151246733436e+02
2.339958153796589158e+03
8.869877612525048107e+02
2.992106645681974896e+03
1.892492972582634366e+03
