5.185740800000000000e+07
6.748979200000000000e+07
3.591065600000000000e+07
nan
2.242150400000000000e+07
2.131353600000000000e+07
6.361088000000000000e+07
1.472512000000000000e+07
6.627942400000000000e+07
nan
3.536281600000000000e+07
7.882752000000000000e+07
2.986188800000000000e+07
nan
2.931097600000000000e+07
3.755171840000000000e+08
4.467916800000000000e+07
4.408115200000000000e+07
7.316684800000000000e+07
nan
4.451225600000000000e+07
4.477440000000000000e+07
5.792153600000000000e+07
3.625984000000000000e+07
nan
5.078630400000000000e+07
5.965824000000000000e+07
4.443033600000000000e+07
nan
nan
1.313218560000000000e+08
2.930688000000000000e+07
nan
4.268032000000000000e+07
nan
1.228800000000000000e+04
4.347494400000000000e+07
1.215201280000000000e+08
5.948723200000000000e+07
nan
2.874777600000000000e+07
7.115161600000000000e+07
4.293017600000000000e+07
nan
6.381158400000000000e+07
5.160448000000000000e+07
3.624960000000000000e+07
4.472115200000000000e+07
2.869964800000000000e+07
5.098496000000000000e+07
4.453785600000000000e+07
6.423040000000000000e+07
2.498560000000000000e+05
4.366540800000000000e+07
3.616153600000000000e+07
3.709542400000000000e+07
3.651993600000000000e+07
4.448460800000000000e+07
5.013401600000000000e+07
3.592806400000000000e+07
3.636531200000000000e+07
nan
nan
7.204454400000000000e+07
6.475161600000000000e+07
3.696332800000000000e+07
2.224025600000000000e+07
nan
2.950348800000000000e+07
3.661824000000000000e+07
2.988851200000000000e+07
1.024000000000000000e+04
nan
4.408524800000000000e+07
5.964595200000000000e+07
5.849292800000000000e+07
2.179993600000000000e+07
5.749248000000000000e+07
4.357222400000000000e+07
nan
nan
2.829414400000000000e+07
5.076582400000000000e+07
3.696025600000000000e+07
4.956569600000000000e+07
nan
4.357120000000000000e+07
4.302028800000000000e+07
1.413120000000000000e+07
2.134630400000000000e+07
4.381491200000000000e+07
3.725516800000000000e+07
4.965785600000000000e+07
3.647590400000000000e+07
4.272947200000000000e+07
2.874982400000000000e+07
2.893312000000000000e+07
5.107097600000000000e+07
4.349952000000000000e+07
4.440166400000000000e+07
