8.008841574293231815e+02
2.908685301391152734e+03
1.193784409889483413e+03
1.404713764285114394e+03
2.280402220031801619e+02
5.808497856261179777e+02
1.916280145014317668e+03
1.284224808152531068e+03
2.882359396459864456e+03
8.866283049312193043e+02
3.710299753513278574e+03
7.630453704655402589e+02
8.440320319976426617e+03
2.655434255534988097e+03
3.301474787455100795e+03
1.024874956609855190e+03
7.552382416894909056e+02
6.755510572866683106e+02
2.957638101938404361e+03
9.647349953187107531e+03
1.467389862560347183e+03
4.231610794730117050e+03
3.017767257865900774e+03
2.969943457539727206e+03
1.536907155192550135e+03
5.455214087694341288e+03
3.279092447484509648e+03
7.302154611815394674e+03
3.584338881976645553e+03
5.361807100272111711e+03
1.122152837784980875e+03
1.337880739273545487e+03
6.594681168872147055e+02
3.463221345801222469e+03
6.623343045351885849e+03
1.091617746873538408e+03
2.251502558677910656e+03
1.411918155986551255e+03
2.429580849607185428e+03
1.618158796140906134e+03
9.791552279772148495e+02
3.125271416502522243e+03
2.672949442782436108e+03
3.655111209152742958e+03
3.567891354235480321e+02
2.930970250725328015e+02
5.504012987824572519e+03
4.787299509180980976e+02
6.230068225093134060e+03
1.856542736101955825e+03
1.396418115953668894e+04
1.018465052961699939e+03
1.314610205821289128e+03
1.141919124365980451e+03
2.224009315688294919e+03
1.129649627578305399e+03
1.317814029861467816e+03
4.067264356972677319e+02
3.283834093326800485e+03
3.464444383658012157e+03
1.837032239355128240e+03
2.972263326793803117e+03
9.192792874330233417e+02
3.235530333877612520e+03
2.247902367583968498e+03
9.276687558088997321e+02
2.685003811731989572e+03
2.207647682062420699e+03
1.385261281864547755e+03
5.581210484763349996e+03
3.817687380983041749e+03
5.338199151246733436e+02
2.339958153796589158e+03
8.869877612525048107e+02
2.992106645681974896e+03
1.892492972582634366e+03
7.926801513301116984e+02
2.266673443034368574e+03
1.130958895209349521e+03
1.232516288056218855e+03
1.522125679113350543e+03
9.953503864965820185e+02
1.118089585689367141e+03
1.815754352705259180e+03
1.251125522438091338e+02
6.978434557597494177e+02
2.237111244441449799e+03
8.236121337237949774e+03
1.182751354948438120e+03
7.406383861086052320e+02
1.561434098921407440e+03
4.893835048386654876e+02
3.023046405365800183e+03
1.635426328281448605e+03
4.425662080905143739e+03
2.898337145824110848e+03
1.899373130158820231e+03
9.396934215517053417e+02
1.847518292690475164e+03
5.406268828384803783e+03
1.538310148746919822e+03
5.700272096197747942e+02
3.430989897073886368e+03
1.895533557317970008e+03
3.964250141834579154e+03
2.750297701366704132e+03
5.313439780170555423e+03
3.711762420871591530e+03
2.500713776394421529e+03
3.030030007758286501e+03
1.076047118796295990e+03
2.037878778720524451e+03
1.428501686636275963e+03
5.934324106750676719e+02
9.550499463027532329e+03
7.688464134138373538e+02
4.606472379948280832e+03
3.246113071112698094e+02
1.584834806309861415e+04
2.441859411305609683e+03
7.554134650319759885e+02
2.917429392653485593e+03
3.712280318139959491e+03
4.319015877732122135e+03
2.522312032963300226e+03
1.011427635093689332e+03
1.868469756934480074e+03
1.856102706191894413e+03
2.685911986951864492e+03
1.371370600135099266e+03
5.215063642660733194e+02
3.059181340034471759e+03
1.167715036070194856e+03
1.081737352381981964e+03
1.254602572413331927e+03
3.649102252663706622e+03
3.385609612508042574e+03
6.832007462135347851e+03
1.397588004313195597e+03
1.754266772470353544e+03
2.115698897805172237e+03
1.320436065464033391e+03
7.696847154884842894e+03
7.173562973764991284e+02
7.594553809185161981e+02
2.866244773220590560e+03
2.549689882005603067e+03
3.390156517233605427e+03
2.542365828745224917e+03
7.903215654637390344e+02
4.542482794344409740e+02
2.094024128281729645e+03
1.738080058700648578e+03
7.836708459314515949e+02
2.183855673898266105e+03
1.587222144655708917e+03
4.822921807088139758e+03
4.413761581232522076e+03
1.068754714925412145e+03
2.493632515722980770e+03
2.291028361732306621e+03
3.529483212607935911e+03
3.751817852007595320e+03
3.372864025628941818e+03
2.085806745138037513e+03
1.377492422406466176e+03
2.437651975467871125e+03
1.158874611597072317e+03
6.100277120187539595e+02
1.452536386539118439e+03
3.725578768538234272e+03
3.637497221104003984e+03
4.442498626967807468e+03
1.126426864620876131e+03
1.528464727635784811e+03
6.594197034988429550e+03
3.616637504337665632e+03
2.015139432679630545e+03
1.687731098952117691e+03
2.324629778483342307e+03
9.175318481878634884e+02
7.837415965573178482e+02
2.195316538991189645e+03
4.334530299694205269e+02
6.129195016782323364e+02
3.303199982586409078e+03
1.005982577948347512e+03
1.157752064957381890e+03
3.751718446408252703e+02
2.733346606004573914e+03
1.779028871657478703e+03
5.228205148073968303e+03
2.054520614057405510e+03
1.099821330132697312e+03
1.302469807378892256e+03
5.379021868542837410e+02
1.605945042634743004e+03
4.171840813578130110e+03
2.500458131301051708e+03
3.062325323148153075e+03
2.378260588049972284e+03
1.008918385282763847e+04
1.425049202896035467e+03
2.256502684860720365e+03
1.272244852489001005e+03
6.948967073114155028e+03
4.956665059712314360e+03
4.131868716034273348e+03
2.181366434205447604e+03
5.018241357994456848e+02
1.987337496384459428e+03
2.024783843043831439e+03
5.577904218059026789e+03
1.461741127942119419e+03
9.938648642199864298e+02
1.011897008600117624e+04
9.144544318859954728e+03
8.672727165768119448e+02
4.604943746635811294e+03
2.123462747527371903e+03
2.972687910378336255e+03
6.289113620582650583e+03
6.085224205647999042e+03
1.351947657121005932e+03
5.957146397930951025e+03
2.283158338339244892e+03
1.664079800356405030e+03
1.014800950269790633e+03
1.914400760079305837e+04
1.909641254303853657e+03
3.717503776138943067e+03
3.977871528809359006e+03
1.028876449237609222e+03
8.213280675646971076e+02
5.528463712437904178e+03
5.803124841675019525e+03
1.840924813348414091e+03
8.729357330655222995e+02
2.274730713454715442e+03
2.007553606774110904e+03
2.089049617599472185e+03
2.615871609136152529e+03
4.700564746164796816e+03
2.378741831664631263e+03
7.684481674307809271e+02
2.203933464182088755e+03
1.080816490642191866e+03
8.676428847756153118e+03
1.837811990805605546e+03
4.451652559292467231e+03
2.134903967921537969e+03
5.705118999524099308e+03
1.719648894069862536e+03
1.502616167561188604e+03
2.489747370758228044e+03
1.007831466646723470e+03
1.036946199959515752e+03
3.563425679098565524e+03
2.471939036486479836e+03
2.103395777492095021e+03
9.229405588165360541e+02
2.986769649707690860e+03
8.639065355138998711e+03
2.649068376727583654e+03
4.976802408699626540e+03
5.434240574345541972e+03
7.798831820499011883e+03
2.189166143871891563e+03
1.334050270206949108e+03
1.675397677344910790e+03
2.784429482718924191e+03
4.374703118852992702e+03
1.000909808064515005e+03
1.815629393435586962e+03
2.929486598208034593e+03
1.915002254503006498e+03
1.019233037925706867e+03
4.248824448016289352e+03
1.521626252572733620e+03
4.795514665333100311e+03
2.841166945945356929e+03
5.932834381048608520e+03
1.472937184141084572e+03
3.436119791874584189e+04
5.308687721386568228e+03
2.775345772963384206e+03
2.177856399241816689e+03
3.412050461974281916e+03
4.055191026346461058e+03
4.397816342459695989e+03
3.717184140173795640e+03
1.453566265526556208e+03
5.091557084336425874e+02
2.526462837461684558e+03
1.839307917515759073e+03
5.132230279110298170e+02
1.326460036013954550e+03
4.073395481706461396e+03
9.702207221238477359e+03
1.032347131226859119e+03
1.010737148717624586e+04
2.914790919533059878e+03
1.462923388902446959e+03
4.805606838721470922e+03
6.869055071503118597e+03
3.085020821473404794e+03
3.122127171304759031e+03
2.269904494838291157e+03
1.293022687816765938e+03
3.451607753586562467e+03
1.540867163626362299e+03
1.603482504232758401e+03
1.140224960603164391e+03
1.185481207563213729e+03
1.097578092796998362e+03
2.292349630762327251e+03
5.978454671791303554e+03
8.435708924193842222e+02
2.511435576833941013e+03
8.177691005313553205e+02
3.552064451704497060e+03
6.029156625537357286e+03
2.635959526404367352e+03
2.753843008101181567e+03
3.505756804932855630e+03
5.916190704988286598e+03
9.441231762982342843e+03
7.936476826281193553e+02
8.962281525274031537e+02
5.550582706543887980e+03
2.938217562010155689e+03
3.923166774861283102e+03
6.730555416162553684e+02
7.052730975073380250e+03
3.143588904577404264e+03
2.122268045876328415e+03
4.558868482649782891e+03
1.712182162259256984e+03
3.694068110549105768e+03
4.383853938777840995e+03
3.880563024820226019e+03
5.661998419272159481e+03
6.859568245563321398e+03
3.033102289694034880e+03
4.032040228897122233e+03
1.572325252868674170e+03
1.323330085454575237e+04
4.216559810402755488e+02
1.698165568155054643e+03
3.668439656489677873e+03
2.300713029351597470e+03
8.046757674518803469e+02
3.115925405342024533e+03
1.016333390373044267e+03
1.081278018999771348e+03
7.550765434258454434e+02
1.304930575508096126e+03
8.619082671462956569e+03
4.058463197799655063e+03
2.150040960186878237e+03
2.296617129561518595e+03
1.399382056307203129e+03
1.834860642110578738e+03
1.388164093646643323e+03
1.668368237082516089e+03
8.004728173085023855e+02
1.792250879814513837e+03
1.841096580358715983e+03
3.759285494693341661e+03
1.625887392517165836e+03
1.077316224240220436e+04
5.711435967381503360e+03
2.871545319636097702e+03
1.243311302010697545e+03
2.314090253929917253e+03
2.431399858232114184e+03
1.638091844710052555e+03
3.249739021195427085e+03
8.457954962338034193e+02
1.806365316796269781e+03
2.563633435905142505e+03
2.572762642005485759e+03
4.001428195781968952e+03
9.899225757342818497e+02
1.427638020959347614e+03
1.310774119300127495e+03
2.895518133811091843e+02
2.160581682137978987e+03
3.394019270493701697e+03
1.250214832702072272e+03
3.179107616463721797e+02
1.024079589393087872e+03
1.410591060029529217e+03
7.950338840092300416e+03
1.543849427110969373e+03
8.490227508447518630e+03
3.699529469878793407e+03
3.763376699237939533e+02
2.832536260097691411e+03
3.717864094256127601e+02
1.083530076063640990e+03
1.113153168583837896e+03
3.214124223795349735e+03
1.618072059774228592e+03
1.068229641844334219e+04
1.310018109055911737e+03
1.923846696487072222e+03
6.695135621350137853e+02
1.340444377575982344e+03
1.370799960073763214e+04
6.222974043766010254e+03
2.977818231801893944e+03
1.656882243730207847e+03
2.028171219414483630e+03
6.417770676585903402e+02
3.517269375884753117e+03
6.046873965577032095e+02
5.418902854287414812e+03
4.679713271374484407e+02
2.226158811924814927e+03
1.091844304663393814e+03
9.353701699065027242e+02
1.326738019568971140e+03
2.950531653747510063e+03
7.883820311217446033e+02
9.055023463150557745e+02
5.132230279110298170e+02
2.114828007557242017e+03
2.331816084685816350e+03
9.362004071538488006e+02
3.430989897073886368e+03
6.269845030350509205e+02
4.146107394378437675e+03
1.462920048762945271e+03
1.410343876929188809e+03
2.312346838040680723e+03
3.595764596153385355e+03
1.078376010283980804e+03
1.552971479278047354e+03
2.078198053229621109e+03
1.460804082300650862e+03
1.813978541720640351e+03
2.681885323239308491e+03
1.777393673508401207e+03
1.124531964665141459e+03
3.239501035032997606e+03
9.644711145198122040e+02
1.029650811810619189e+03
3.690675632987286463e+03
3.991579495653550566e+03
9.368338682419985162e+02
6.880746132499332816e+03
1.808328682053543844e+03
2.136650271538813740e+03
1.960908628433077411e+03
1.544413698605832678e+03
1.896634889745261489e+03
1.396418115953668894e+04
1.383921741820591706e+03
8.899294595067722184e+03
3.437772887246189384e+03
5.569572933693295454e+03
3.304614761346315845e+03
4.044121186101367584e+03
1.148119364183030484e+03
1.302259703072116281e+03
1.663343467874726912e+03
1.669953709581900057e+03
7.031781094077780836e+03
3.459374327076229747e+03
1.368555451431379424e+03
1.992336992502013118e+03
1.646862127728394398e+03
2.326155974800612967e+03
6.982515685727722712e+02
4.921895425579392395e+03
1.449942814499920132e+03
5.204721395919353881e+02
1.493302238109017026e+03
6.626773735038679661e+03
1.095334241850976241e+03
1.695440166113407258e+03
6.339899863140944944e+03
6.214210809125097512e+02
1.354060467401036249e+03
2.004439092309899934e+03
1.839105030883870768e+03
7.556141105951493955e+03
5.388994871285476620e+02
1.357713133011667423e+03
5.550591906826722152e+03
1.279886454753903854e+04
1.915742359218398406e+03
1.222311926676583880e+03
9.344726451578825390e+02
2.225985432811685769e+03
7.653256430134005313e+03
1.218741689164291529e+03
1.942887868005640257e+03
4.064317224305266791e+03
3.475833968479657869e+03
1.382193748625327999e+03
2.238581059464600003e+03
3.728566010797535000e+03
2.376673912435890998e+03
3.422494207202750658e+03
1.283390881299087368e+03
2.019956777721514982e+03
4.324676739787700171e+03
2.040224716789965669e+03
1.059808349799719736e+03
3.474331008522722186e+03
1.770110542445091824e+03
1.093865944170412877e+04
4.555125756675422963e+03
2.405035913989767323e+03
6.579243198476842736e+02
7.646165278481332280e+03
5.533680056933831111e+02
2.969247257710942449e+03
5.656869985454936796e+03
3.972390444826674866e+03
6.727453799849911775e+03
3.206648833705277866e+03
1.236918753675079870e+03
3.419107948111008227e+03
3.912031675709019055e+03
1.912907913866570198e+03
4.589275344818580379e+03
1.040912461076695536e+03
7.792196064588054014e+02
1.332360127289940920e+03
8.978053022018120828e+02
4.231415997850856002e+03
1.913413121857792703e+03
1.135559835266979917e+03
2.023756234717765210e+03
2.848687989225269575e+03
7.920370382425599018e+03
2.365892685606466785e+03
2.396827732387159358e+03
2.303535884185263058e+03
2.538073129372177391e+03
4.944881665676756711e+03
1.177478708432309531e+03
1.551249869904873322e+03
1.658977517723273877e+03
1.389926674970427712e+03
5.193494329513409866e+03
1.638044173804464435e+03
1.958043731165616919e+03
1.026586112730380592e+03
4.355540731116317943e+02
8.491688461262308465e+02
2.775786204469954441e+02
1.896567092425706733e+03
2.410795642971213510e+03
1.451958700376425440e+03
2.139021839797950179e+03
1.377815315065557115e+03
5.296098468416388641e+03
1.443681324282429614e+03
5.090529924005306384e+03
2.904908038568031543e+02
1.045784349023798086e+03
8.738004916095634371e+02
1.119060450923465851e+03
3.087290061930451429e+03
2.854864206266676320e+03
3.418496909312165826e+03
1.104853173500337834e+04
1.873322225937280336e+03
4.908699456675761212e+03
1.045718937131961638e+03
5.879634720726322485e+03
2.897979682180098280e+03
3.176972419180845463e+03
1.453988568409046820e+03
1.037418747781855018e+03
3.798441940186301963e+03
1.427223937803148601e+03
3.164419403083502857e+03
9.735927375555802428e+03
1.017864362989591768e+03
5.914850856421080607e+03
1.877794964475764800e+03
3.187193687888724526e+03
5.478698164125702533e+03
4.478175481942024817e+03
1.342860495200443665e+03
7.003185173902804308e+03
1.473479294150657324e+03
2.053247567751935549e+03
2.708091270467988579e+03
2.829688710625717249e+03
1.308082374701793924e+03
2.660845131926860631e+03
2.340607560885185649e+03
4.758090843884229798e+03
1.704164450927839425e+03
1.895698027635485232e+03
3.292465084109646796e+03
6.651715499916491581e+02
3.234355961177499012e+03
2.996890380994879251e+03
6.600556998878452760e+03
1.765070830727097928e+03
3.341068135012320909e+03
2.257784410365677104e+04
5.771168189185134906e+03
7.423477844387289224e+03
1.102070882740359593e+03
1.015974689405243112e+03
3.112976612043652131e+04
7.402482516091021125e+02
3.107010500221312668e+03
4.171840813578130110e+03
4.874111810792736833e+03
2.433742662866293813e+03
2.599979863561895854e+03
2.958251028765438605e+03
4.304574025922991495e+03
8.649478151338996668e+02
5.128952837487460783e+03
4.786557567381924855e+03
2.870613305471749300e+03
2.521217396669658683e+03
1.247199074396822425e+03
1.209412524837189267e+03
1.708939721128808742e+03
3.208630022367559832e+03
1.505177470475058044e+03
5.589991797843481436e+03
2.239810454668806415e+03
8.600730887181895241e+02
8.228614648041248074e+03
3.616424344169584401e+03
1.524179769907155105e+03
7.228654978739822354e+02
5.505260079007805871e+03
5.660038821838234981e+03
1.479925730243572389e+03
9.074619220572420090e+03
3.807109488172988222e+03
4.575987029492540614e+02
3.941738052683430851e+03
3.792664733882103974e+03
2.359619134050099547e+03
4.098972996279974723e+03
3.687108244674307116e+03
7.797148647297707384e+02
1.144340967153719475e+03
5.586943136897349177e+03
7.179899075460306449e+03
6.864883973072279332e+03
3.442509180200686387e+03
2.566145093481331969e+03
1.245247308126469761e+03
5.124510191661152021e+03
5.788194246984146957e+03
1.725550444634008045e+03
8.362851967927083763e+01
1.527474651098036702e+03
8.377895476989262534e+03
1.758644592981184542e+04
2.559387024920663407e+03
8.238248403226867822e+02
3.160472871588520320e+03
3.917866061565538075e+03
4.594443485961342958e+03
1.774542550568449542e+03
1.117813031496064468e+03
3.607223332945078710e+03
6.186187864382729913e+02
2.245073692824975296e+03
2.002922394924351920e+03
5.521614079821718406e+03
1.902681813566070559e+03
1.018022042611275083e+03
1.085679896206311059e+04
6.066048931624859506e+03
5.126805935505368325e+03
5.725172438025914516e+02
1.353385763582468599e+03
9.215925042595996501e+02
1.534409397668675410e+03
1.283610607456735124e+03
1.414935109868000382e+03
1.685411746281194610e+03
1.746737665637639793e+03
6.106376102695269765e+03
1.563767684567791775e+03
3.768071574114152554e+03
1.754359553992023621e+03
7.571603009315434065e+03
2.700715972370955114e+03
1.071496228674699751e+03
1.523517593064410676e+03
1.998574399526937896e+03
6.197142167020609804e+02
2.130401457291663519e+03
4.382106316901586069e+03
2.002076386404412688e+03
7.767386563811111273e+02
1.277538432833587876e+03
6.549101276861808856e+02
2.405623072621455321e+03
1.371566985853063670e+03
1.360359270187469747e+03
8.891909714581234994e+02
1.494044959977135477e+03
1.647090058907627963e+03
7.415083865886859712e+03
3.250555099095411606e+03
1.807112577938869208e+03
2.183659851418956805e+03
6.910026854395360942e+02
1.917988733569856549e+03
4.821899336472825780e+03
1.723734449720482871e+03
1.574709333930351704e+03
1.900875165461515280e+03
4.862703973074481496e+02
9.657078583065349449e+02
3.913163685889622229e+03
1.141417343176290387e+03
4.518345253208650320e+03
2.281154910066753928e+03
2.108941649846457494e+03
3.206648833705277866e+03
4.552836024240399638e+03
5.468688982715635575e+03
1.827894705055252643e+03
1.198205342150916749e+03
2.256582224281160052e+03
1.059878401178489639e+03
9.528657336729523877e+02
6.911038833782711663e+03
1.188704202302831618e+03
4.851011341443663127e+02
7.437989946252981781e+02
1.224829941205226305e+03
1.724471251346817780e+03
2.514739989046634491e+03
3.830530507240649058e+03
1.933411480363261035e+03
5.985333192122590845e+03
1.118653900883412689e+03
1.142453308958298976e+03
2.069161695782262541e+03
4.741372187847713576e+03
1.769130387789640054e+03
2.384259831556771587e+03
1.039946738540211982e+03
8.751373753201434056e+02
1.529666177115599339e+03
9.359417056936894141e+02
8.204413760766379710e+03
9.960607548429985627e+02
1.148309477695764599e+03
4.400665070655397358e+03
2.996265569344093819e+03
5.198750616051647739e+03
3.241111657628916873e+03
1.080081577075223777e+03
2.958173263266655340e+03
2.897513967584149668e+03
1.250053226134582246e+03
4.204515574368016132e+03
3.007732113261281484e+03
1.949848504701810725e+03
1.430013540294303084e+03
1.673575142783437968e+03
3.296460105403844409e+03
5.015882863704338206e+02
9.199467262400676191e+02
2.564086403765423256e+03
2.773658332380930005e+03
8.264467746682006691e+03
1.491804050553865181e+03
3.675816349855656881e+03
1.769648421820247449e+03
2.210251995959180931e+03
1.517159104770019258e+04
4.205135547522330853e+03
1.711952158201389011e+03
1.325451985973899355e+04
3.695493431317106115e+03
1.123103675982840514e+03
1.433610391200455342e+04
2.946758274979777070e+03
5.157603582781926889e+03
2.574445912469068958e+02
1.594157843606619508e+03
5.940902480238624776e+03
3.406933730273272431e+03
6.452394783869439379e+03
2.247948232048896443e+03
2.014318756829733729e+03
3.503389250681804697e+03
1.397211471608826514e+03
3.047323510735155651e+03
3.527269850540214520e+03
1.201132417108003665e+03
9.328946320000513879e+02
1.081552210351670055e+03
4.043047589081719707e+03
1.206068209444156537e+03
1.069667766678112230e+03
1.483270923031296206e+03
4.629808127396468080e+03
3.641167895772989141e+03
1.673381717234439293e+03
3.113345136682002703e+03
8.558879805311565860e+02
4.224161019468047925e+03
2.063669915098205820e+03
3.694656573740323893e+03
9.919589791813627016e+03
1.794225036892351909e+03
1.211993946408474358e+03
4.321808931901353503e+02
1.180290812530188532e+03
1.144142472294858635e+03
4.171083150330244280e+03
3.880009387996522491e+03
4.109778679767593530e+03
3.474555016728606915e+03
9.202151685610660934e+02
2.349131313990304079e+03
3.149942141027202979e+03
9.048703824475568354e+02
3.404433341008205389e+03
1.616440046614832909e+03
1.179868470044831383e+03
3.968176551442630171e+03
6.352568168072193657e+02
1.053222294302629507e+03
1.644460923840968462e+03
1.838166494460486319e+03
2.485680828727747667e+03
1.036946199959515752e+03
1.864280810182397545e+03
3.146714420631011308e+03
2.500558004140186767e+03
2.084453156137887163e+03
1.249355555373753305e+03
3.759779326505148219e+03
1.797289533951949352e+03
1.435971304741757649e+03
1.776170973758301216e+03
1.934076759200368997e+03
5.253412700389485508e+02
1.484171985823546720e+03
2.286647450717907304e+03
8.436618908385386021e+03
3.090246419898639488e+03
1.026586112730380592e+03
1.514227661084100191e+03
8.533562851792321453e+02
2.425852193209708730e+03
4.156115391082661517e+03
3.457019326768358496e+03
1.136307296925045875e+03
5.490717614216272295e+02
5.998020310036579758e+03
3.576515053200102557e+03
1.430483689310843874e+04
1.956379706333590093e+03
2.116065235807798672e+03
4.229727966297260537e+03
1.830859793490454422e+03
4.901285990849119116e+03
1.800484936444269579e+03
8.978548734636240624e+03
1.901099988471071811e+03
2.993261184799499006e+03
8.761557333554554134e+03
2.315918412603810793e+03
1.352612633800178173e+03
3.182894650750608889e+03
1.331073803587166003e+04
2.118360571976537358e+03
1.999219245908871244e+03
1.047326618856236109e+03
3.732900371182275649e+03
2.802888878553374070e+03
1.768359838651299242e+03
6.809220646744646501e+02
7.573656501763193774e+02
2.013244942862787184e+03
1.335677918169317536e+03
8.960273418771126671e+03
9.914237991775374894e+02
1.254326335827563298e+03
2.267665918871265603e+03
1.994480954675825387e+03
5.322228397343963024e+02
1.184580157534824366e+03
9.768867633545156650e+02
8.606619805555172888e+02
2.565294446107561726e+03
1.148045561484418158e+03
1.027053556322386612e+03
3.158436469425306768e+03
1.373435140984791815e+03
1.037418747781855018e+03
6.526364842905218211e+02
1.969172150455405244e+03
2.709860994274009045e+03
2.715684793733429615e+03
1.885758131261912240e+03
5.759088477069426517e+03
1.144487599863911782e+03
3.415505659777711571e+03
5.850940600584373897e+03
2.007099982540760720e+03
9.047852871253244302e+02
1.131215876071259345e+03
1.490720462522726621e+03
2.456837235165483435e+03
3.025415729247951731e+03
1.835689799489456618e+03
3.693825387823566416e+03
1.254906308179237158e+03
2.317769804457064140e+02
9.517526459317300578e+02
3.234733299880714640e+03
1.636179474678016732e+03
8.301808566811677110e+02
4.313784040588639982e+03
2.090532500780191185e+03
4.006583505305051403e+03
1.352264022768566065e+03
7.064526543332622168e+03
4.653566525145199648e+02
4.280238465675799489e+03
2.226591720829550923e+03
8.089813491543131931e+02
3.199943612614531048e+03
6.654273613037632913e+02
8.802644306982061607e+03
8.093457557148580236e+03
5.446335672115841589e+03
1.081607317472323530e+03
1.390074322642187099e+03
1.006382904111566631e+03
2.206478570172434047e+03
3.259684440302472922e+03
3.881861140987583894e+03
3.687108244674307116e+03
2.693166099769443917e+03
1.077300050010659334e+03
8.604910735908491915e+03
4.055459165687024324e+03
1.363621866791451112e+03
3.976081108458168274e+03
3.929477952044559061e+03
1.765603522660122508e+03
2.114366635717933605e+03
4.392590930590547032e+03
2.377817271089150381e+03
3.961407020792857566e+03
5.547792396499773531e+03
1.051133091694163795e+03
1.877661547435039438e+03
8.769668567500389145e+02
5.481974267178055698e+02
1.992009505471181228e+03
4.682594927451469630e+03
2.134293624812873531e+03
1.727399911659329064e+03
1.202215717976077030e+03
1.178574181780056506e+03
2.009158490521558861e+03
2.565294446107561726e+03
2.189986634987116304e+03
2.861125141935303873e+03
1.716721792723503768e+03
1.701394080036665173e+03
1.428923968313494879e+04
1.501260664567871345e+03
5.865082538056218254e+03
2.105450165685991124e+03
4.856751298617396969e+03
2.962347908106682553e+03
2.152011749168173083e+03
1.293312716937053665e+03
4.724570836748961483e+03
2.285313052355697437e+03
2.766242181932540461e+03
1.042691064119551129e+03
1.429043426805085574e+03
3.759014675693588288e+02
1.812101335444168171e+03
4.448363077752303070e+03
3.981573457108875573e+03
2.509242070033340497e+03
2.871427907896330112e+02
7.842038002024196430e+02
