3.591641128921318054e+07
3.132062929958915710e+07
5.405544740407943726e+07
4.331358210219442844e+07
9.420839570735931396e+06
3.369248911628401279e+07
6.522375308244323730e+07
3.467088800232219696e+07
3.836083493116950989e+07
4.353139374654388428e+07
3.997255608808040619e+07
3.916247698025631905e+07
5.918280604389953613e+07
4.038287652497482300e+08
3.045567288025951385e+07
3.557697976608276367e+07
3.483208876463127136e+07
5.598518310932159424e+07
8.987520623434448242e+07
4.294685404238796234e+07
8.780066352295684814e+07
5.130840286397838593e+07
4.418624216305541992e+07
3.543886139169120789e+07
3.284508636379051208e+07
5.731920554797744751e+07
4.396058442412090302e+07
7.596327825708770752e+07
3.089129992622375488e+07
3.717785043431091309e+07
3.797482479135704041e+07
4.675487019520187378e+07
3.485838332134056091e+07
4.507321988102340698e+07
4.557832107423400879e+07
3.613057613322460651e+07
3.750653271627712250e+07
2.967765887407207489e+07
5.490026449411761761e+07
4.237340747195434570e+07
4.542948379719877243e+07
4.609457137471723557e+07
6.927181426986694336e+07
4.959138392563390732e+07
3.450838591677856445e+07
4.177147040213775635e+07
3.845598354853820801e+07
2.570448712430763245e+07
7.226369733581113815e+07
4.174922211927318573e+07
4.881872364060974121e+07
4.596168109725952148e+07
3.811746245478057861e+07
4.957941845018863678e+07
3.961103286528778076e+07
4.072397704447364807e+07
3.763926457553672791e+07
3.973162158303451538e+07
4.959502617412757874e+07
3.653964022644042969e+07
4.623751224492990971e+07
5.698354836141395569e+07
4.766270966897058487e+07
4.335837926334381104e+07
2.880556285649108887e+07
3.365399130177879333e+07
3.925749193136978149e+07
3.914008420513343811e+07
3.979518517043590546e+07
3.233376165390181541e+07
3.942407748085403442e+07
5.414917962551879883e+07
3.993030829602909088e+07
4.569101037174224854e+07
4.835062130103945732e+07
4.378179228682112694e+07
4.607780114973258972e+07
4.499930167665767670e+07
3.332436534946250916e+07
3.822517649747085571e+07
3.921117322811508179e+07
4.214983291333770752e+07
3.995884837459945679e+07
3.493728973918342590e+07
3.093158643476104736e+07
3.381285617435646057e+07
3.739316719742012024e+07
4.328928685572052002e+07
3.757557416568374634e+07
2.122073212192153931e+07
5.019901413527011871e+07
5.540127574413299561e+07
4.553548416728258133e+07
4.529836629130172729e+07
4.708170150572395325e+07
3.323279458624267578e+07
4.558675071930503845e+07
2.928087709267234802e+07
5.383742450593852997e+07
4.755267988931655884e+07
9.565243047292327881e+07
3.826593474417495728e+07
3.170878074371910095e+07
3.997757443282985687e+07
3.823747821998977661e+07
4.750740903088378906e+07
4.147987808464908600e+07
4.768388146691083908e+07
3.966701770531845093e+07
3.324344292862033844e+07
3.657160502525138855e+07
3.605874141526412964e+07
4.973113423807907104e+07
9.441174748166084290e+06
3.406615702965545654e+07
3.988185893943786621e+07
6.054959706889629364e+07
3.427391149175834656e+07
6.438629961578750610e+07
3.989528481542491913e+07
3.492492308205890656e+07
5.317513190507507324e+07
3.524941730892181396e+07
3.774703357348442078e+07
4.643221663853454590e+07
3.286865038154983521e+07
5.154670047314453125e+07
4.040284521568202972e+07
4.403500598265266418e+07
5.632834205001449585e+07
4.058716811444902420e+07
4.145247058843231201e+07
3.780512130293846130e+07
3.403577330018663406e+07
3.300105803467369080e+07
2.678660158425903320e+07
3.934420137580204010e+07
7.884652090153503418e+07
5.217687640408706665e+07
5.313383311211776733e+07
4.430020867482757568e+07
4.181847732035350800e+07
4.155917413879013062e+07
4.083201185895276070e+07
3.311544718112468719e+07
3.922335620820236206e+07
6.889227665033721924e+07
4.368818770623397827e+07
4.726594210473918915e+07
4.180471516810798645e+07
3.228456208042144775e+07
3.336255206670761108e+07
4.053198380469512939e+07
2.151176242726039886e+07
2.906547873983001709e+07
3.680716479051589966e+07
3.346028682301731110e+08
4.056614397341537476e+07
3.952258056756687164e+07
3.773902454414176941e+07
3.490160155720806122e+07
6.960500463326644897e+07
4.703462892171859741e+07
3.527275614206790924e+07
4.209065083504295349e+07
4.222157914910507202e+07
3.362807996019744873e+07
4.249795679731369019e+07
3.258237661371040344e+07
4.119980279973602295e+07
3.802547741528940201e+07
3.885040059374618530e+07
6.576517899978637695e+07
4.667132631679916382e+07
2.775224997834014893e+07
3.737036429886054993e+07
3.804132313214635849e+07
4.281694598587417603e+07
3.877966596141433716e+07
5.246173529585087299e+07
3.361718025261974335e+07
3.736908238198089600e+07
4.283660287878799438e+07
3.345646759496688843e+07
3.487779028757667542e+07
2.985493788251113892e+07
4.857265698516464233e+07
4.730975035582733154e+07
5.002995993325614929e+07
3.365290938651084900e+07
3.423734142081856728e+07
8.987566379100799561e+07
2.892550065347290039e+07
9.037499177321624756e+07
3.901651460588169098e+07
2.856043614995956421e+07
4.446857396538877487e+07
5.732314547634124756e+07
4.168998101523017883e+07
4.966172528954887390e+07
3.653883954957580566e+07
3.906102669512832165e+07
3.029833709632110596e+07
3.914734875407791138e+07
5.078851961885738373e+07
1.193379470858497620e+08
8.343457477626800537e+07
1.892022808551025391e+07
4.229172211732196808e+07
1.426481611646270752e+07
4.470693197369003296e+07
4.272911410389900208e+07
5.168823633929252625e+07
2.912793049073791504e+07
3.505716607779693604e+07
6.470158738609313965e+07
5.926184888811588287e+07
3.899769813067626953e+07
2.827449437592315674e+07
3.984011036501502991e+07
3.936059720997476578e+07
3.915603969892501831e+07
1.284409505869784355e+08
3.515331447945308685e+07
3.619556702457046509e+07
3.996577679419326782e+07
7.807580943192291260e+07
3.817845330671024323e+07
1.259177131038177490e+09
4.921980888455295563e+07
3.888529198083591461e+07
4.674014056806373596e+07
4.218848395123100281e+07
3.401655292670440674e+07
4.398247291113758087e+07
6.958438455070400238e+07
4.493819487201213837e+07
4.675749034860992432e+07
5.172223823768615723e+07
3.689400922746849060e+07
4.198906475226593018e+07
5.101074152072906494e+07
3.847261563421344757e+07
4.203141296884918213e+07
5.987290713252973557e+07
4.105365091369152069e+07
3.417846695721101761e+07
5.961800381786346436e+07
4.253484664518928528e+07
4.008749528815841675e+07
5.114030966500854492e+07
3.974442546596813202e+07
3.335529604600334167e+07
4.491588801376914978e+07
8.015312041975021362e+07
3.709926244937515259e+07
3.743939174954223633e+07
4.102322064301681519e+07
4.937538573045730591e+07
4.181817308157348633e+07
3.655578157105255127e+07
4.766920986061048508e+07
3.590668839161872864e+07
5.503705807155227661e+07
3.252076358940887451e+07
3.973982529187107086e+07
3.896710949834680557e+07
3.592196914840412140e+07
4.883764825489425659e+07
3.391215862686538696e+07
4.124192196015167236e+07
4.055470375247573853e+07
3.833911042007827759e+07
4.305215122816848755e+07
4.619918752750110626e+07
3.911615859272304177e+07
7.651154251685714722e+07
2.827637755982589722e+07
8.724766434324026108e+07
3.719537251460838318e+07
3.470201245023727417e+07
3.495297805177164078e+07
4.146095320034599304e+07
5.344830678221260071e+09
1.045187584573822021e+08
5.456824661949157715e+07
7.002744281055450439e+07
3.301752789567041397e+07
6.210202832257843018e+07
5.019709085191345215e+07
4.033788945783424377e+07
3.089727756814575195e+07
4.154479824381065369e+07
5.894082115573501587e+07
4.229793389759063721e+07
3.154711385754776001e+07
5.532784345862340927e+07
4.327895344595527649e+07
1.332573649886074066e+08
4.456702068243694305e+07
4.390962900928878784e+07
7.699276280311584473e+07
3.347344580462694168e+07
3.877658259036636353e+07
3.351275918291950226e+07
3.688068104417145252e+07
3.522235151109504700e+07
6.287659385301589966e+07
3.750703198414266109e+07
4.098147434177303314e+07
4.201931171777343750e+07
4.141392282487869263e+07
4.223314503760957718e+07
4.026012260701179504e+07
2.770442715721130371e+07
3.803400378415489197e+07
5.587668772161293030e+07
3.500457983775329590e+07
4.006740209053087234e+07
3.322853497703027725e+07
7.260783337015342712e+07
4.930372228723335266e+07
4.366105736546421051e+07
5.654223932521820068e+07
4.541801172618865967e+07
3.239575881069946289e+07
9.403417859877777100e+07
3.822105177710342407e+07
5.748312710910034180e+07
4.267153507383251190e+07
3.662810781565761566e+07
4.421361857643985748e+07
3.674107964622497559e+07
4.740006907917022705e+07
3.697254786430859566e+07
4.345846979422760010e+07
2.529979309419059753e+07
4.372200143035316467e+07
3.957988888626384735e+07
3.917405524840068817e+07
4.586038691200017929e+07
3.379231818311691284e+07
6.820526787326431274e+07
3.844640269869804382e+07
6.069165139232635498e+07
4.148533371573066711e+07
4.777935423828125000e+07
3.848736524948120117e+07
3.622480786623764038e+07
6.687290041368865967e+07
4.066274949497699738e+07
4.420889391454696655e+07
4.898599349652290344e+07
3.532382198472404480e+07
2.542501812130212784e+07
3.265750227055454254e+07
3.804040651434230804e+07
5.659687112599611282e+07
5.082007801604270935e+07
4.154262997270393372e+07
3.361499523763275146e+07
5.432330830028915405e+07
4.240821587958526611e+07
4.739090059646034241e+07
3.917423538955640793e+07
3.937471395851135254e+07
4.662944665210914612e+07
3.681369541464138031e+07
5.798493743730545044e+07
3.735451593740081787e+07
1.395090847643722534e+09
5.323360453565025330e+07
4.852326718465662003e+07
5.468664235450363159e+07
4.952894672560119629e+07
4.285852813825607300e+07
3.746263780212992430e+07
3.967307706611871719e+07
3.809956250189018250e+07
4.152170777435684204e+07
8.290798051438903809e+07
3.667594632136917114e+07
2.565384168881320953e+07
4.401788031288719177e+07
3.196234067220115662e+07
3.415216438941192627e+07
3.760952866608238220e+07
3.757679659999322891e+07
4.347632250833129883e+07
4.678330849898719788e+07
4.697700567038154602e+07
4.075215621233034134e+07
4.006314823873806000e+07
7.579711178825378418e+07
3.622607425867271423e+07
6.643586722485351562e+07
4.172753388904953003e+07
3.413637456493997574e+07
3.127686614946556091e+07
3.903333598507785797e+07
4.280172102816295624e+07
4.566361988052368164e+07
3.712252705848121643e+07
3.253793056058311462e+07
6.670957588332557678e+07
4.214990773044300079e+07
4.229646161081695557e+07
3.927512664895820618e+07
3.783101328550338745e+07
6.459523421482467651e+07
5.763608524490380287e+07
4.579478594003677368e+07
3.452906877962112427e+07
4.494837696613693237e+07
3.739196940799713135e+07
4.280688133974897861e+07
3.862545198476028442e+07
3.267893670497894287e+07
4.417695598009872437e+07
3.956950275210094452e+07
4.089395993693447113e+07
4.258735315895485878e+07
3.749412352713871002e+07
3.738255007374191284e+07
4.245604498393011093e+07
3.520462014735412598e+07
3.154711385754776001e+07
4.589561207808876038e+07
5.228259509685516357e+07
4.087824737347269058e+07
3.170878074371910095e+07
3.474174023364257812e+07
4.060339862766456604e+07
3.818525271482276917e+07
3.785099783378601074e+07
4.378118207319688797e+07
3.868329895915675163e+07
4.252997685751342773e+07
5.447117609587097168e+07
4.854383019251251221e+07
3.468532868995571136e+07
3.157091920069503784e+07
4.283168504556274414e+07
3.454717440480232239e+07
4.264603201146316528e+07
3.561478079044914246e+07
3.995715034009170532e+07
2.937774395915603638e+07
3.431572791619491577e+07
5.780999570229578018e+07
3.245402350140762329e+07
4.589170112131834030e+07
2.697901038657093048e+07
3.946627842016124725e+07
4.750607666082763672e+07
4.055973077104949951e+07
3.523199937075042725e+07
4.881872364060974121e+07
4.369811816013455391e+07
6.465941105853843689e+07
2.567197834580230713e+08
7.172698058206176758e+07
4.369667936971282959e+07
3.942360346143341064e+07
4.090206109373283386e+07
4.840029916454029083e+07
4.499109449946975708e+07
6.399193199087524414e+07
8.065260899942779541e+07
3.719661363351440430e+07
4.125261936529541016e+07
3.432452500947570801e+07
5.367035016236114502e+07
4.245969460850787163e+07
1.080447641577568054e+08
5.765044646779632568e+07
3.943403112567996979e+07
4.418893598336029053e+07
2.870065732022094727e+07
5.082668627154541016e+07
3.143345568697738647e+07
3.747650903986358643e+07
3.401628294704627991e+07
4.816233093765068054e+07
3.150269543526458740e+07
3.957714360344219208e+07
3.862561615984535217e+07
3.891486974109935760e+07
3.561993962615585327e+07
4.344765273637533188e+07
3.944989262183952332e+07
1.210222728758087158e+08
3.951420537274074554e+07
3.917325799071455002e+07
2.842526306859970093e+07
3.782327068920135498e+07
3.911124132925224304e+07
3.981944687255477905e+07
3.887968242271041870e+07
8.633286501076126099e+07
3.674322169087219238e+07
3.940544327956581116e+07
4.399205869678306580e+07
4.216542185703480244e+07
3.511097722330665588e+07
5.015150686659789085e+07
2.866575369095611572e+07
4.634932715207326412e+07
6.228184443884277344e+07
3.993930891989624500e+07
6.156613667620849609e+07
3.706431986681365967e+07
6.722676065814971924e+07
1.407212744398994446e+08
4.898774166371726990e+07
3.928941541360855103e+07
6.370711301198101044e+07
4.524409098525810242e+07
2.738109386824035645e+07
4.038251987149047852e+07
4.316301842610168457e+07
3.674367571538960934e+07
5.339120104644393921e+07
4.031945695688247681e+07
3.136409109383749962e+07
3.114995086677551270e+07
3.774750602011275291e+07
4.271508755982017517e+07
3.848538279530286789e+07
3.558775435917472839e+07
3.982519264761543274e+07
4.319933869042968750e+07
3.761051347626590729e+07
5.408280984396743774e+07
4.148987641074371338e+07
4.046846773189353943e+07
4.227730202316284180e+07
1.089131906025695801e+08
2.232287921435546875e+07
3.877735913020095825e+08
3.648189689944458008e+07
3.656194348926544189e+07
4.899313371744346619e+07
1.420421773808288574e+07
3.993800057856750488e+07
5.656161137704133987e+07
3.636437838563728333e+07
4.255027280998229980e+07
5.990712931742095947e+07
3.082814757603454590e+07
3.863056335237121582e+07
4.625397928367614746e+07
2.947849586247444153e+07
4.815125723637390137e+07
3.656459501174163818e+07
4.326109877917030454e+07
3.628776002927780151e+07
3.853678033106040955e+07
4.109898027236557007e+07
4.938879359375953674e+07
3.323709958982658386e+07
3.560225951257514954e+07
2.533893207910156250e+07
4.823867638812828064e+07
3.186776976714992523e+07
3.832114730672836304e+07
3.565403175884647667e+07
4.274878129650306702e+07
4.023365871689224243e+07
4.430719322136402130e+07
4.695311052647399902e+07
3.848438907642745972e+07
3.706647928993082047e+07
4.767727725217318535e+07
3.691310230480957031e+07
4.732472249295806885e+07
5.067331683427429199e+07
3.165954455663490295e+07
4.159878570408520103e+07
3.910805329125976562e+07
3.848049949967479706e+07
5.537070390275573730e+07
4.618781984700345993e+07
3.048351506326103210e+07
4.070619441453742981e+07
3.643559065399074554e+07
3.850329618219184875e+07
4.223830149431991577e+07
4.666874381638622284e+07
1.578282462034606934e+07
3.697008465984630585e+07
3.175271184225845337e+07
3.823588121873474121e+07
4.318069371780776978e+07
3.595171789405822754e+07
5.130650946087646484e+07
4.506615281340026855e+07
3.638151409630298615e+07
3.855495667686271667e+07
4.041645940309143066e+07
4.158670931119918823e+07
4.382747542530059814e+07
3.966961635412597656e+07
5.202071504922866821e+07
4.097697912440109253e+07
4.402179854997253418e+07
4.596959031148695946e+07
3.737312718986511230e+07
1.736791125160217285e+08
5.103512202256011963e+07
5.399357165140533447e+07
3.712053955836009979e+07
4.995195953375434875e+07
1.546102135584411621e+08
3.878968611666107178e+07
3.900945851638793945e+07
5.732314547634124756e+07
4.662553246975708008e+07
3.816573753066635132e+07
3.933011685772943497e+07
5.164113926119422913e+07
3.700107830219650269e+07
4.264783437533569336e+07
4.275664799047660828e+07
9.943096951816558838e+07
3.476389839219951630e+07
3.687648125316715240e+07
4.184221926333236694e+07
3.848233185488605499e+07
4.422889010247802734e+07
3.780350230970001221e+07
3.967132141562843323e+07
4.383037540927124023e+07
4.170971481821441650e+07
3.171475661225891113e+07
8.839010861753273010e+07
3.219231053100967407e+07
4.672073258444213867e+07
3.466099587403464317e+07
6.489065939661407471e+07
3.484945015684819221e+07
3.959557313471221924e+07
8.501391500283813477e+07
4.287432928198432922e+07
4.339322638220596313e+07
3.874628919578742981e+07
5.433480152513504028e+07
4.210071896390056610e+07
3.619359771463251114e+07
5.213782243397445679e+08
3.997879003005981445e+07
4.833939424481201172e+07
5.931346275249361992e+07
3.711201761138916016e+07
5.788172655264616013e+07
3.094791785989190638e+07
2.964715920842742920e+07
4.199277442348670959e+07
4.081290537327575684e+07
3.900288614090347290e+07
5.976669360029220581e+07
1.221414989231300354e+07
3.641066587365722656e+07
1.790441093451385498e+08
1.900339416145782471e+08
4.384398213591384888e+07
4.000503224386882782e+07
4.298692872752380371e+07
5.087257027608919144e+07
4.517431103739738464e+07
2.427571404572367668e+07
3.846509913771438599e+07
4.347097794854164124e+07
3.955943602682435513e+07
2.814020058216094971e+07
2.496692694350433350e+07
4.255739305736351013e+07
3.682393530188083649e+07
3.439102895891857147e+07
4.890911251773929596e+07
3.153535718879604340e+07
3.349271539525747299e+07
1.140614192786979675e+07
3.455091462515878677e+07
3.666092084082317352e+07
4.158846172665214539e+07
4.416976938662910461e+07
4.702103183364391327e+07
3.513813237927627563e+07
4.351466562199592590e+07
4.605925949843597412e+07
4.763349302328491211e+07
4.147182185953235626e+07
4.214672736259365082e+07
2.610859680037689209e+07
5.705671418132781982e+07
3.474121638796043396e+07
4.360946408511066437e+07
4.523717078874206543e+07
3.495128175933933258e+07
4.204658193636322021e+07
3.744367293597030640e+07
3.757353462762516737e+07
5.255447126061439514e+07
6.372115083182525635e+07
3.026900284017944336e+07
3.922334435086441040e+07
3.240567560358810425e+07
5.186878253770828247e+07
3.646414454448890686e+07
4.126653182343292236e+07
3.425197869344520569e+07
4.326029637564468384e+07
3.338509384334564209e+07
4.064435187993812561e+07
4.029938418155860901e+07
3.469419716954040527e+07
5.539086901882600784e+07
3.722202028259801865e+07
4.615159560800170898e+07
3.713681565640258789e+07
4.122461364955806732e+07
3.334410099425125122e+07
3.895384237304878235e+07
5.841129781415748596e+07
3.817492083012390137e+07
4.316679159230613708e+07
3.917607351122570038e+07
3.671121634265899658e+07
4.031945695688247681e+07
4.060462808269309998e+07
3.671046278013420105e+07
3.961480830335998535e+07
3.525794299195861816e+07
4.235775996203708649e+07
4.156147253001022339e+07
3.877081206361389160e+07
3.638683988415145874e+07
3.822471817118835449e+07
4.429417875553750992e+07
4.845093295332622528e+07
4.143162010010623932e+07
4.532616576763534546e+07
4.137096286460494995e+07
2.297138328734588623e+07
3.371316361176681519e+07
3.633177212631034851e+07
6.283734343657684326e+07
3.730726407130765915e+07
4.924862753980255127e+07
9.309742966321945190e+07
5.744438584164357185e+07
5.929340524656295776e+07
3.632991664519214630e+07
3.439834020717239380e+07
4.452375495311355591e+07
3.758473828463363647e+07
4.809468697423386574e+07
4.037595064562225342e+07
3.829044992780303955e+07
2.753735268857574463e+07
4.239445908364629745e+07
3.745637276929664612e+07
3.517001285205078125e+07
2.778123547313308716e+07
4.199868069620132446e+07
3.086456557028198242e+07
4.685987224951171875e+07
1.006003818509826660e+08
3.998693019124221802e+07
4.078891247099304199e+07
4.426962430130004883e+07
2.293830039747238159e+07
3.812836516859436035e+07
3.373345213519084454e+07
3.661054631808352470e+07
2.378799555580215454e+08
3.613943783611679077e+07
6.588026887238407135e+07
3.194692919514179230e+07
4.047632005204200745e+07
3.486276789472341537e+07
3.476577783958816528e+07
6.450829856099166870e+08
4.137461183412408829e+07
3.822509202780151367e+07
5.965960718868684769e+07
4.683479361624145508e+07
4.300367939627933502e+07
6.024455123742675781e+07
9.634783324642944336e+07
3.469448405040359497e+07
3.162022563865184784e+07
5.134038736648654938e+07
3.006979420511913300e+07
3.352227231376647949e+07
4.028255248981094360e+07
5.296629654577636719e+07
4.460642354597282410e+07
7.748127458213353157e+07
6.464395294828796387e+07
3.859738295138835907e+07
4.317442587375926971e+07
4.233613003960418701e+07
6.310399676765441895e+07
4.129768015364265442e+07
3.195296861197280884e+07
3.941482262979125977e+07
3.701974660775470734e+07
4.205396625975799561e+07
5.178459703081703186e+07
3.227175734664916992e+07
4.025805812616348267e+07
3.738709766465950012e+07
3.917886253922271729e+07
4.502590584977245331e+07
3.866428643766403198e+07
1.070002410889816284e+08
4.657653659214544296e+07
4.607494285086917877e+07
3.901804624877262115e+07
4.319342719355201721e+07
3.059516698093986511e+07
4.780421802003860474e+07
5.683003999864959717e+07
4.378113338669967651e+07
2.655600482148742676e+08
1.102856514622879028e+08
3.779654948982238770e+07
3.534784036272335052e+07
4.720621409070491791e+07
4.602542030907726288e+07
1.331972953218972683e+07
4.231373206517028809e+07
3.549756913682174683e+07
8.222393942837238312e+07
4.020052299817228317e+07
3.508818541585803032e+07
4.730777239621734619e+07
4.424380658028030396e+07
3.868591815087890625e+07
3.743939174954223633e+07
4.424572572411346436e+07
5.492284265402984619e+07
4.773152540364456177e+07
4.771119547614669800e+07
3.920187155638885498e+07
4.034040338403415680e+07
4.515922548456192017e+07
2.765658336977005005e+07
3.625385273134613037e+07
3.721538207315397263e+07
4.109411563097572327e+07
4.664409903155517578e+07
3.384153805541229248e+07
3.356974995803070068e+07
3.992485408190441132e+07
4.625397928367614746e+07
2.995521321654510498e+07
3.902909877619171143e+07
5.206891239809417725e+07
4.851653431920814514e+07
3.246881027971076965e+07
3.521692521705436707e+07
3.513163979169130325e+07
4.658869640717315674e+07
5.416218978649747372e+07
1.652524015064544678e+08
3.944855216064643860e+07
3.794275287294006348e+07
3.008149898727631569e+07
4.072477315595245361e+07
4.385839867717170715e+07
4.086198010825729370e+07
4.155454499659633636e+07
4.166169237526702881e+07
4.917753965808868408e+07
4.566323240860557556e+07
3.829059788008499146e+07
3.360222180725669861e+07
5.407113782428097725e+07
6.350048341190862656e+07
3.760384992285156250e+07
3.463793331942677498e+07
2.684039247290802002e+07
4.787653782785081863e+07
4.253936754226636887e+07
3.872704435145950317e+07
4.100669026817226410e+07
3.333489144049644470e+07
5.132977681847381592e+07
4.278318853852462769e+07
3.712843930931150168e+07
2.821993254054641724e+07
5.479523059884452820e+07
3.981612430018234253e+07
3.678106147296619415e+07
3.848048300477981567e+07
4.089617222929763794e+07
4.179299220130157471e+07
2.815012231458091736e+07
3.227626789334106445e+07
4.430790050786972046e+07
3.482503275215339661e+07
3.839872604914855957e+07
4.237741531896400452e+07
4.159878570408520103e+07
3.596317575400161743e+07
3.989763805924987793e+07
4.599342903483963013e+07
3.699223882643127441e+07
5.547393982532978058e+07
2.687153712032318115e+07
4.393193016296029091e+07
4.133032167258167267e+07
4.323489036414527893e+07
3.682182312883377075e+07
3.674901975636100769e+07
4.711691257539749146e+07
3.882924532786178589e+07
3.598234113571548462e+07
4.282467141389465332e+07
5.872552557892179489e+07
4.292133751219940186e+07
4.020011011904788017e+07
4.094220301741504669e+07
3.603553791147899628e+07
4.474928867355346680e+07
3.906989341466951370e+07
3.606730373375320435e+07
4.362034690473937988e+07
3.436568125087916851e+07
3.526587996398162842e+07
2.961561610912322998e+07
7.586552857280731201e+07
7.336209498767852783e+07
4.430762820004415512e+07
2.777339246174621582e+07
3.461976224445819855e+07
5.093512660848617554e+07
3.841788221046829224e+07
9.962965009040069580e+07
5.126145621580886841e+07
5.815507404522705078e+07
3.675720242555522919e+07
2.942160555825805664e+07
4.506592608851623535e+07
3.950665835248184204e+07
4.114899972149658203e+07
6.042665794347381592e+07
5.213782243397445679e+08
3.998807961969375610e+07
2.948493488807705045e+07
6.096991927584838867e+07
4.812914201402664185e+07
3.930792780926132202e+07
3.724726632660675049e+07
4.143175881747055054e+07
2.968636404533386230e+07
4.717468911840915680e+07
3.623420975316762924e+07
4.478981791397476196e+07
9.271447907884216309e+07
4.252200631960868835e+07
3.287196315506362915e+07
3.365454838620185852e+07
4.407920115471172333e+07
4.598319578041648865e+07
3.337752922478103638e+07
4.743008320039367676e+07
4.283579351318931580e+07
4.362712066964912415e+07
3.662521231863021851e+07
2.933629212269139290e+07
4.360770575671529770e+07
3.227626789334106445e+07
3.892612676566696167e+07
4.534090965744221210e+07
3.981086941200828552e+07
4.051906470396673679e+07
1.278860278035926819e+08
1.045360775724029541e+08
3.479486829063034058e+07
3.103416644041252136e+07
2.887361848740386963e+07
3.481365218944549561e+07
3.580181483189010620e+07
3.312262609135437012e+07
3.512767215978240967e+07
6.021481308718395233e+07
3.891151665653896332e+07
4.046304017081069946e+07
3.877582012570190430e+07
3.661348184696960449e+07
5.330776829699707031e+07
4.456064351464080811e+07
4.294904896456146240e+07
3.876178534103393555e+07
3.258092814023971558e+07
3.553158618451309204e+07
