3.230023528209584583e+03
6.911661498353588286e+03
5.819792991137687750e+03
3.742783316186060802e+03
5.577988256670820192e+03
3.917293789227744128e+03
3.866440947565870010e+04
9.635932402763372011e+03
7.022313508032811114e+03
3.920362722807694354e+03
6.184256061760761440e+03
1.347369292345895155e+04
1.053081097802478507e+04
4.950405154567077261e+03
3.943358232228507404e+03
1.781880081831554344e+04
4.285095558052249544e+03
8.774568025995449716e+03
5.816269067921862188e+03
4.350856265740883828e+03
5.774439852983952733e+03
3.457285544533006941e+03
3.588735514988267823e+03
3.501128854825416056e+03
5.839763379441855250e+03
3.616895581839716215e+03
3.796851956388275084e+03
3.524708953869229845e+03
7.340755930950377660e+03
3.540065817249615066e+03
8.441640669358102969e+03
4.191444921237971357e+03
4.020209751776426856e+03
4.134435368270778781e+03
6.468621937096375405e+03
6.421014119706783276e+03
1.128917823274208604e+04
4.228396575498043967e+04
9.462927110034368525e+03
3.720345774815905315e+03
6.091412807449312822e+03
3.571907325349039638e+03
1.547136133643479661e+04
4.468658245948067815e+03
1.151364863859675643e+04
4.302734509903933940e+03
8.609427752342558961e+03
3.760453641693169175e+03
3.606850743791471814e+03
7.204788445900277111e+03
3.930355742752034985e+03
1.122632594392641658e+04
5.895210090061990741e+03
9.270373202425020281e+03
4.711861284492678351e+03
3.421287878926866142e+03
5.976154433715128107e+03
3.957814290297238131e+03
1.025675742468056706e+04
4.026616943554959562e+03
5.513439157733962020e+03
4.290693070397343035e+03
3.849908010511052908e+03
8.954811838024837925e+03
4.035569991623642181e+03
4.810809678900026483e+03
1.104681275159620054e+04
5.519361479976172632e+03
4.672894865679857503e+03
6.230366472462565071e+03
9.211924097345028713e+03
5.181391410947834629e+03
9.164239726726018489e+03
3.850878947635944314e+03
1.168026787723735833e+04
3.058534751024952129e+03
3.786254603471118571e+03
3.076295692077145759e+03
3.309758936516715949e+03
4.901569019906301037e+03
6.231656312706992139e+03
7.410898515060266618e+03
3.670107595462665358e+03
4.176733888107734856e+03
4.589793299986445163e+03
6.281830133220815696e+03
4.001400670202560377e+03
7.908597254515016175e+03
8.370561743740388920e+03
6.849874080687400237e+03
4.766898414643857905e+03
5.845426412222080216e+03
3.882476735828708115e+03
4.473616581051669527e+03
5.604843310573402050e+03
8.507910636682432596e+03
4.063830466717654872e+03
5.591670304224710890e+03
3.908438540076385834e+03
3.450119164314686259e+03
5.151426575906978542e+03
5.134824182598378684e+03
4.009717075123766790e+03
3.418802052464907320e+03
3.729223174163761087e+03
3.989675415316279214e+03
3.153898347675518835e+03
7.220361568460682065e+03
1.126373036991618392e+04
3.654743302245617087e+03
4.178590049029430702e+03
6.638314534911847659e+03
4.410971700685543510e+03
3.331609264732598604e+03
3.439977726312720733e+03
8.253239950832679824e+03
5.601594238145435156e+03
4.222832301203210591e+03
5.430809705128647693e+03
3.407408293826490535e+03
4.837445175584585741e+03
4.177651737823124677e+03
3.670779693039765334e+03
5.739323435954353045e+03
7.885926319257154319e+03
4.582857981395391107e+03
4.466509608263007976e+03
4.388690387814515816e+03
5.523906498207579716e+03
5.086105172930301705e+03
5.829121056092805702e+03
3.538093741792587480e+03
5.731581278391818159e+03
3.297382632003124399e+03
4.715153232901046977e+03
3.897469594859952394e+03
3.351732907070530928e+03
3.737266148326549228e+03
1.854543535782102845e+04
4.963027340830165485e+03
1.192803170659050375e+04
5.479317352177175962e+03
1.628267293145587064e+04
3.785777839203795338e+03
6.731543983932188894e+03
1.179676782476121662e+04
4.192746754847160446e+03
5.797144189060224562e+03
1.171473785220647915e+04
7.503460819892100517e+03
3.813300034038966714e+03
4.587600043571134847e+03
3.707939829196614482e+03
3.277327057841481292e+03
4.303163575553896408e+03
4.902126897019815260e+03
4.165301561165142630e+03
4.918804080332572084e+03
5.487698677292799402e+03
6.063406488291300775e+03
6.559360391147035443e+03
1.072934907641579412e+04
3.386664842851445428e+03
9.140911668492331955e+03
5.544959468989703964e+03
5.106504126501940846e+03
6.981671081853779469e+03
6.049585337112412162e+03
5.155873155961429802e+03
7.272676331913247850e+03
1.240999821074935244e+04
3.934085104393248002e+03
3.432374692630311529e+03
4.532863371900600214e+03
3.754247421543619566e+03
3.097848580816912545e+03
3.407754541968655303e+03
4.583453325776360543e+03
6.224862416591494366e+03
4.456443588590673244e+03
1.644745108056473691e+04
6.485416642857840998e+03
5.686896164310275708e+03
3.679795404578682792e+03
5.400913030886057641e+03
6.416397753366327379e+03
4.048758180092457678e+03
8.215066330691752228e+03
5.092673822444248799e+03
3.929937355871170894e+03
5.173788819985903501e+03
3.484748581753147391e+03
4.300834897670953069e+03
9.061725838495676726e+03
4.649268173159772232e+03
4.480232685570808826e+03
7.525811398700904647e+03
3.951002398728608114e+03
3.940189188457442015e+03
8.829657132697271663e+03
3.783033385654706763e+03
3.260346305905509325e+03
9.115648727293342745e+03
4.155964702737759580e+03
3.873563044724895008e+03
4.170612863258308607e+03
7.578518609428301716e+03
4.589290574924301836e+03
4.606690427186282250e+03
7.436880633729701003e+03
5.982604595940902982e+03
4.252827787987859665e+03
3.201955426425710357e+03
5.947523746893762109e+03
3.427385600446022636e+03
9.305599269458743947e+03
8.507632715646148426e+03
8.470880934087070273e+03
4.444223447376577496e+03
3.372037579120275041e+03
3.090724429443098870e+03
7.451337787363759162e+03
4.013688704311221045e+03
3.727580438122592113e+03
5.123197994152529645e+03
6.135389561218076778e+03
3.879988854814072056e+03
3.235513582755853804e+03
3.822363715945818058e+03
1.308409040466571605e+04
1.185943626152851357e+04
7.890410585874170465e+03
4.847168689299724974e+03
5.572594310821093131e+03
1.055630078008836972e+04
3.970375878227463545e+03
9.843088736065135890e+03
5.886563810915231443e+03
6.390094716335953308e+03
1.287619758877778077e+04
9.330120342753119985e+03
2.847411687176440410e+03
6.752895240576332071e+03
3.750849968844309387e+03
3.885757231311474698e+03
5.972386037027800739e+03
1.444740868310200676e+04
3.576782847971580395e+03
5.456770599115811820e+03
3.470628410278902720e+03
1.722813240828294511e+04
5.123348217568594919e+03
3.655025794552633306e+04
3.500663064043826125e+03
1.088080181633220491e+04
9.168803434007390024e+03
3.443272358208168043e+03
7.365877488725267540e+03
9.515074187450651152e+03
9.183481772226139583e+03
3.374258177637827885e+03
5.682245228431568648e+03
3.790314698039434916e+03
3.759979329057628547e+03
3.376116616367505685e+03
5.109642105159534367e+03
6.134860436085350557e+03
2.980634906166776545e+03
3.818772064207099902e+03
4.922375348877321812e+03
3.288247490796363309e+03
7.978432776332738285e+03
3.443221566991587224e+03
6.377781480546565945e+03
6.903642742656132214e+03
6.587004145164282818e+03
5.429528348269321214e+03
4.391381706769820994e+03
1.228426351299507405e+04
3.614920891919714450e+03
4.018620759215669295e+03
5.883644744781267946e+03
3.573461485652791453e+03
3.217370379910612883e+03
3.699065065993991539e+03
9.053855488576768039e+03
6.514339688731811293e+03
4.325211994247894836e+03
7.543320110169063810e+03
5.240822074765353136e+03
7.770963254027310541e+03
3.982810620614192430e+03
3.906053294804591133e+03
5.249793949920272098e+03
7.312627521317043829e+03
6.300129142491560742e+03
5.386948037718437263e+03
7.846642870012003186e+03
4.692651030148696918e+03
4.025558105395194616e+03
4.598828127857411346e+03
3.859453138703083823e+03
1.055717644517247936e+04
4.171336604277915285e+03
3.778007907677289495e+03
6.550245449234038460e+03
5.176507086665102179e+03
6.623712825797384721e+04
1.325622163664197069e+04
3.482924162544372393e+03
1.187768059520635688e+04
5.763488799624412422e+03
6.008243711001995507e+03
8.737122034440499192e+03
3.638324481656867647e+03
5.984477290922893189e+03
5.428382346656399022e+03
1.102319029961688648e+04
4.010715653341120287e+03
7.023665089643631291e+03
1.276492767388845095e+04
5.678771921985222434e+03
1.266704363965977973e+04
3.123413129188838411e+03
6.058445254492612548e+03
1.121466515066975808e+04
4.582223817448064437e+03
6.854739944607249527e+03
9.652899701475962502e+03
8.435810392224384486e+03
7.656729664914882051e+03
1.092397216055241188e+04
6.915042529081445537e+03
6.342431221449051009e+03
7.325875116602416711e+03
2.963199899708500197e+03
5.121744670006317392e+03
4.616793423436126432e+03
6.422401938405467263e+03
3.896593805276404055e+03
7.717352190260795396e+03
4.310617453202710749e+03
4.808574175397688123e+03
8.317693017636131117e+03
6.969306602720906994e+03
7.217122261286635876e+03
3.479139489539286842e+03
7.232642985664899243e+03
5.845917954571029441e+03
8.172751793124200958e+03
1.253209765761502422e+04
3.309712869547228365e+03
7.083351794021407841e+03
5.765938757590669411e+03
5.403742430983169470e+03
5.253553053156820170e+03
4.351868412512566465e+03
9.712625468654696306e+03
7.154466703433033217e+03
4.774935266057947956e+03
1.411397872829467815e+04
3.461429630848252145e+03
4.682095109603082165e+03
4.183389104624460742e+03
6.503786247252338399e+03
5.594277253511774688e+03
9.302352861349849263e+03
1.365428469241738821e+04
6.042292487742379308e+03
4.972840002494277542e+03
9.916723556718883628e+03
4.040488144186622321e+03
3.086610632709279344e+03
1.068070122845733022e+04
3.713764615724079704e+03
4.706199161828063552e+03
8.919853927840213146e+03
3.993790074911416468e+03
4.060955277634112463e+03
4.047431356850014708e+03
3.990649452915776237e+03
9.069933571456071149e+03
4.576674230209330744e+03
3.600657868625226001e+03
7.278919358922253195e+03
3.854539499850071479e+03
3.190605570563013316e+03
6.274227239041059875e+03
3.360273350429758466e+03
4.548544838803511993e+03
3.658825026628987416e+03
4.879638514464672880e+03
8.286953105644543029e+03
3.784017328120419734e+03
3.956078275214564201e+04
8.055138961498721073e+03
4.722652377580654502e+03
3.110475166327751140e+03
4.386291745043567971e+03
4.042772656298344373e+03
4.879549644782271571e+03
6.190709783165287263e+03
5.410811340318077782e+03
3.626897486555991691e+03
1.494172576181737531e+04
5.749125404988713854e+03
7.157070187294620155e+03
4.697231577687349272e+03
4.326711870161356273e+03
4.434580418782976267e+03
4.122076336047332916e+03
7.194090541028090229e+03
4.435741569659122433e+03
4.269907730529357650e+03
5.438579659994768917e+03
5.265777519036651938e+03
3.214522522902887886e+03
1.156498605526229585e+04
5.016586998537492036e+03
1.574370385118907143e+04
8.521215574199892217e+03
6.254290325748076611e+03
2.954539582709309798e+03
4.866134103000174946e+03
4.853308328233356406e+03
4.442078296727865563e+03
4.495074874895266476e+03
4.388479665638813458e+03
1.130419463285462371e+04
5.067322397393560095e+03
5.238848906817850548e+03
4.081422118886795488e+03
4.231144016237716642e+03
9.456832680821367831e+03
8.118571517421786666e+03
4.901375907138276489e+03
4.132493831970738938e+03
3.179168640623065585e+03
5.006200917417193523e+03
5.164767717943153002e+03
5.603870608077777433e+03
7.209540468503241755e+03
5.550391775408752437e+03
3.321598610582921083e+03
3.568429243495081209e+03
3.868942286943439285e+03
5.007355447387531058e+03
8.014425513246047558e+03
4.218350229245659648e+03
4.718620350058379699e+03
7.023665089643631291e+03
3.459133631754359612e+03
3.840735428045053595e+03
4.876924663891191813e+03
4.466509608263007976e+03
6.512001584918946719e+03
4.736178590926007928e+03
4.031107924116790855e+03
3.599477220149721688e+03
4.827207067819718759e+03
4.074373228221494628e+03
9.951255917455540839e+03
1.650401204359609983e+04
1.097855547370966269e+04
5.734821177930583872e+03
6.584696465754457677e+03
6.558674543223564797e+03
5.416420900431967311e+03
3.819924567993830806e+03
3.302515370196371805e+03
3.407160324516436049e+03
5.684107151904659986e+03
4.305186594353260261e+03
1.132748407262068213e+04
3.999933325610721113e+03
7.613378518492640978e+03
5.158444750370334077e+03
3.699902289583402307e+03
5.539568393185792957e+03
5.862809904283335527e+03
4.606350754162153862e+03
1.168026787723735833e+04
3.497629170542813426e+03
1.084904252045177418e+04
1.975857439122692813e+04
6.674658641225621977e+03
6.935592520724517271e+03
9.728830543658717943e+03
3.358294840434228718e+03
5.484666529850171173e+03
5.588953567038552137e+03
8.716525706353309943e+03
1.057928172221630302e+04
5.716911037704728187e+03
3.724792766237540491e+03
4.306618409041853738e+03
4.228777254125143372e+03
3.433227048791049583e+03
1.262776669042574395e+04
8.446697387109330521e+03
6.798612494644071376e+03
5.153212465784014057e+03
3.704394451206488611e+03
1.421897041742937290e+04
4.302353882724741197e+03
3.131599110018380088e+03
4.045359152123607146e+03
3.884291060247487621e+03
6.526957504631422125e+03
5.582881786666679545e+03
4.271717385094351812e+03
1.525861391650262340e+04
5.879774458852860334e+03
3.473753268157895491e+03
4.999127734044233875e+03
1.873691344789538198e+04
5.919959551046469642e+03
3.603035457424918150e+03
4.464420103451713658e+03
3.400505329301387064e+03
6.228798152495383874e+03
3.155240553172133787e+03
4.732409931281295940e+03
1.193285291197947481e+04
8.212305786382154110e+03
3.538461596672155792e+03
3.557022656332578663e+03
8.730627625842635098e+03
4.059002670170595138e+03
6.726644594430684265e+03
5.277164583530498021e+03
3.251483864240996809e+03
6.207718776183013688e+03
3.269779755364367702e+03
6.405955971620685887e+03
8.074350533949135752e+03
1.145882308374038257e+04
1.257925104841257416e+04
7.915113242776887091e+03
3.341375972932739842e+03
5.634574638995983150e+03
9.859104884296493765e+03
3.565402255307118139e+03
3.290569215153737787e+03
6.043498888431687192e+03
6.955336093439084834e+03
1.151171723161687078e+04
8.435175747494860843e+03
8.569278687577512756e+03
1.157485548701732841e+04
1.080314360486729311e+04
4.307310507066788887e+03
5.330044873770031700e+03
5.058095587627109126e+03
3.683256344224154418e+03
9.045963534415979666e+03
4.439665098925141137e+03
1.169592626455916616e+04
3.280042916298402361e+03
4.298512994965171856e+03
5.268623972422585211e+03
1.414581584653234859e+04
1.350573398589220051e+04
1.768246905820733082e+04
5.384851008910051860e+03
4.447174091742269411e+03
4.855917163203765995e+03
2.021365151287514527e+04
4.163735971585808329e+03
1.074155536662755731e+04
3.206338394360676375e+03
4.456431136643169339e+03
8.371366458761118338e+03
7.559805047095046575e+03
6.058461647780615749e+03
3.756142601952645691e+03
3.547893558457133167e+03
4.364689610852708029e+03
5.186512933522794810e+03
3.394444088935554646e+03
3.600454112174988495e+03
3.451357330219991582e+03
3.555651302472551379e+03
3.736885705749596582e+03
8.409822438071701981e+03
5.833868076341188498e+03
2.213350459883411531e+04
4.021138058758021543e+03
3.940275241210665172e+03
5.964048598340819808e+03
5.793274097081001855e+03
6.323020784381359590e+03
4.571190966959152320e+03
6.415745596498525629e+03
1.398816416936030510e+04
3.308387999149882489e+03
4.655963862776370661e+03
4.423946182694264280e+03
8.384258704463005415e+03
5.467136538338891114e+03
7.521310188168057721e+03
5.130243142757232818e+03
4.919327611466595044e+03
8.269059166368249862e+03
4.261178472274678825e+03
6.845354526779905427e+03
5.370783441751085775e+03
3.469520008902418795e+03
5.670666791248926529e+03
4.464056407941561702e+03
4.245923971749707562e+03
5.371803168135098531e+03
7.017022023313666978e+03
4.128876909419796903e+03
7.578532200845659645e+03
4.174735196124436698e+03
4.256200555830715530e+03
5.016101443210757679e+03
4.706227486833535295e+03
7.022422882324643069e+03
5.992189178646103755e+03
7.318618068221611793e+03
5.464791493730590446e+03
3.395509326521721050e+03
3.517876098456120872e+03
5.845331411822277914e+03
5.634726253068840379e+03
6.072759337482983028e+03
3.346702700605660084e+03
9.396896486133160579e+03
3.886794110985130374e+03
7.247708538642579697e+03
3.379780348677807342e+04
7.573386853924329444e+03
9.255165402197497315e+03
4.393756571559856638e+03
5.482005720961266888e+03
3.364711015935571777e+04
3.718836946428068586e+03
5.161274865621883691e+03
7.451337787363759162e+03
6.166436442843240911e+03
8.890866393321148280e+03
1.126841831643720434e+04
4.175322290887852432e+03
5.693751240054650225e+03
4.765752850461426533e+03
3.974120115758042175e+03
1.313800269285482500e+04
3.014561695974683516e+03
4.826505361986742173e+03
3.862528876494125598e+03
3.484830359886279439e+03
5.116628928482913580e+03
5.936025744217839019e+03
7.703146117897272234e+03
5.347723980210939771e+03
5.967594478833207177e+03
6.094664397281119818e+03
1.095889537502577878e+04
8.382212032981095035e+03
3.842417628764045276e+03
5.193282233633808573e+03
1.188646111064832985e+04
7.550416463453489087e+03
4.290281538661113700e+03
1.661117776791867072e+04
5.461152623245891846e+03
4.020957419599042623e+03
4.162082497711905489e+03
7.079696369297542333e+03
4.618873417204707039e+03
5.584008344044550540e+03
1.214518309499665884e+04
4.338043057272616352e+03
3.253074188796676935e+03
8.411314071446995513e+03
1.329173944519035103e+04
9.994744847719593963e+03
6.080318497526700412e+03
9.038997239101994637e+03
3.458659788586711784e+03
8.115778706831505588e+03
6.665278503718794127e+03
5.231017455928543313e+03
3.699089219701059392e+03
7.619963913471763590e+03
1.724622273620796113e+04
2.121909911449410356e+04
3.152081713413435864e+03
4.626234131227178295e+03
4.236383710380874618e+03
5.640188345295537147e+03
5.429902972435264928e+03
6.502110930038231345e+03
4.748730129754439076e+03
3.761840420535489557e+03
3.807925458572109619e+03
5.547243304413459555e+03
5.412221506978086836e+03
4.616072866678582614e+03
8.368882837833214580e+03
3.890576388654376842e+03
1.770870501741092085e+04
4.665965979324305408e+03
7.336564075619379764e+03
3.130417238826068569e+03
7.259438532449159538e+03
4.081411623230274017e+03
3.405621453109348749e+03
3.535416042742093850e+03
3.661124161638277656e+03
5.925621604336659402e+03
4.059621057323745390e+03
1.409181205392481388e+04
4.615001372835658913e+03
4.166881177734881931e+03
4.242112797062365644e+03
1.286365181630241932e+04
9.254053524641394688e+03
3.799933845956437835e+03
4.123910391445013374e+03
3.848252027358480518e+03
4.059714646057589562e+03
3.443388764537822226e+03
6.272340697297026963e+03
3.107615122048242938e+03
4.076138133643571564e+03
8.779912233099017612e+03
5.158415661988226930e+03
3.324058119235732192e+03
5.118309482445227331e+03
2.977638354341562263e+03
4.542290902053558057e+03
3.283844697093263676e+03
4.433600649715985128e+03
3.706338575391064751e+03
5.534214587538381238e+03
7.082987547269717652e+03
4.138615899003466438e+03
3.932122787934391454e+03
4.391228843108128785e+03
4.488042093977842342e+03
4.914303892335294222e+03
4.626469362200894466e+03
3.597321785565939081e+03
5.342836753320063508e+03
4.648668490733324688e+03
1.166110109169624047e+04
5.839365128423978604e+03
3.502974158681239260e+03
3.686332954381542095e+03
3.956134828309702243e+03
8.435175747494860843e+03
6.142781752684756611e+03
5.627538712429063708e+03
7.669654083478829307e+03
3.857373063287849618e+03
3.782358808057942952e+03
5.844324553774465130e+03
8.835062417024962997e+03
4.941818396784518882e+03
7.063387735350962430e+03
4.737038933113897656e+03
3.522027273700034129e+03
4.307480796318218381e+03
3.915793829696954617e+03
3.156645312292146627e+03
7.982215140094564958e+03
4.160580126187443057e+03
5.835011269261042798e+03
6.039285145408128301e+03
5.082351211106340088e+03
5.726620240737813219e+03
1.580958461385349256e+04
3.662292260108129085e+03
4.880205916013786009e+03
5.818214483059029590e+03
3.343164089263843834e+03
3.128560432965612563e+03
6.259439755491242977e+03
7.681021731244154580e+03
3.690910626017231607e+03
5.065289894315438687e+03
3.008860079131896782e+03
4.790787663630739189e+03
5.353827538782660667e+03
5.194334494856329911e+03
6.262909234281722092e+03
5.765958752126615764e+03
8.752359746665528291e+03
3.209493063618047017e+03
1.116480320105615465e+04
3.221700522327287672e+03
4.988867915124606043e+03
6.020404277478125550e+03
3.545385432334694087e+03
8.079136346907235747e+03
7.253030273511483756e+03
4.650898346951646090e+03
1.598586950211422845e+04
5.375111584670324191e+03
7.353159278561168321e+03
5.336712466140510514e+03
4.749489245481482612e+03
9.076112146099785605e+03
5.118702723675762172e+03
4.338849387370084150e+04
4.954533429594031986e+03
3.646078880434597068e+03
1.383333500552626356e+04
1.803883312540897532e+04
5.340371423490562847e+03
1.230203954762817921e+04
1.274063284747854595e+04
7.290097313942817891e+03
4.044193915839908641e+03
5.552018045554426863e+03
5.526816632359389587e+03
1.249201703463335252e+04
1.049728221071954977e+04
3.436349318898871843e+03
3.442300684350761458e+03
9.083758147751919751e+03
4.689307834646771880e+03
3.837958944005570629e+03
6.212166973810762101e+03
5.361605449009626682e+03
3.391836002579258547e+03
3.075149204922267018e+03
6.127622470261800117e+03
3.266362588119433894e+03
4.384619115688252350e+03
7.828325477412658984e+03
9.048619995712806485e+03
4.581059567925418378e+03
3.987499482548007563e+03
4.652049135638749249e+03
3.909770428751163763e+03
6.068758873666040927e+03
5.000579082870476668e+03
1.720726769883312227e+04
1.318218765718727627e+04
4.042207400012322069e+03
5.366867451765703663e+03
3.336928729889725219e+03
5.624811249725951711e+03
3.022926470238448019e+03
7.498893784624885484e+03
8.878231917928158509e+03
1.511944358360890692e+04
2.099309428017600658e+04
6.258146021994112743e+03
4.290665468081605468e+03
1.177239099952149991e+04
3.506645035667198044e+03
3.549194092593980258e+03
4.233251460814208258e+03
6.480154355436840888e+03
1.277501040967998961e+04
5.530990966861734705e+03
5.743258357965023606e+03
3.785996661334042983e+03
4.704769168828951479e+03
6.544684568506609139e+03
4.018620759215669295e+03
4.591316285153028730e+03
1.287767492721067356e+04
5.631931324580593355e+03
5.357713845949192546e+03
4.235356513760892994e+03
5.772996352146439676e+03
4.086858891572343964e+03
5.978523533330248029e+03
4.273815566364525694e+03
3.638060513115288813e+03
4.921491779457601297e+03
3.654828073207192119e+03
4.357378073442972891e+03
1.205684907310786184e+04
3.793558184125400658e+03
3.756142601952645691e+03
6.947093230879285329e+03
3.558135974207439176e+03
6.611719536585334936e+03
9.671154174203638831e+03
3.821449057953102965e+03
4.389388917539939030e+03
4.033838871866730642e+03
7.015230794437277837e+03
7.253461890411272179e+03
1.776508194278681913e+04
3.727886706191262874e+03
4.524891007550425456e+03
6.543698242838566330e+03
5.087568484360011098e+03
3.818098173002199928e+03
3.409192296275050921e+03
8.804425958550849828e+03
3.685145494348243119e+03
8.997127035272607827e+03
6.934422336439208266e+03
4.028185286552544312e+03
5.354517195363343490e+03
4.600734844191249977e+03
1.434002686625326533e+04
4.664363878547023887e+03
4.938767923891884493e+03
6.610860362650920251e+03
4.949548576695565316e+03
3.612119008874722113e+03
3.415445108385259118e+03
5.435175111574307266e+03
3.974734557186662187e+03
4.424510672443068870e+03
4.235723641953863080e+03
7.363964190288340433e+03
4.225806214108486529e+03
3.468817761773070742e+03
4.424858777452872346e+03
4.432454284549654403e+03
5.661522893986420058e+03
3.601789569319383190e+03
5.536964490848113201e+03
3.502193186203279765e+03
1.331133560425677933e+04
3.401937852845449470e+03
5.050492267507374891e+03
5.268732865874569143e+03
3.110374219094249383e+03
4.919327611466595044e+03
3.825031503696257460e+03
9.809669165444842292e+03
3.950377692021667372e+03
6.766783116633400823e+03
4.718799001139514075e+03
1.295063824192675747e+04
4.182407899649478168e+03
7.263467610617166429e+03
6.306336414634984067e+03
6.223239655251539261e+03
5.298354820568264586e+03
6.068044739564708834e+03
4.737635297367996827e+03
3.373068120780011213e+03
6.662635124723203262e+03
9.129667762635945110e+03
5.256920110136013136e+03
8.091149677740724655e+03
6.118445661073631527e+03
4.745323891374176128e+03
5.160812527470743589e+03
5.708869269437216644e+03
5.249117652310116682e+03
7.822989539420057554e+03
4.707691081049221793e+03
1.033823457259225142e+04
7.688754510474983363e+03
1.403474884882062179e+04
3.944755078721130758e+03
4.878010958896119519e+03
5.167329323415800900e+03
7.790530597298326029e+03
5.046888710123383134e+03
5.348456208236106249e+03
1.790240891887228281e+04
8.771443050000178118e+03
1.377711100734879983e+04
6.524654664498862985e+03
7.548182670363954458e+03
3.696667276397006390e+03
5.703161277831623920e+03
6.686216197495373308e+03
1.211148775451066649e+04
1.214518309499665884e+04
3.307037737700607977e+03
7.047434841821351256e+03
1.764704492633102200e+04
3.964428460122452179e+03
4.489771861073664695e+03
6.041126028410671097e+03
4.434138572140808719e+03
1.263358890815589075e+04
4.183688352309527545e+03
8.492935877239046022e+03
4.142409820833368030e+03
1.040813707964235437e+04
3.449098018971603324e+03
3.609674175992275195e+03
3.234213510704080363e+03
3.233871349824294157e+03
5.045424731353982679e+03
4.098200849980376915e+03
5.102540610257661683e+03
5.382212668679648232e+03
3.776908119874893600e+03
5.056025809050855059e+03
4.563445259975423141e+03
3.520665387810116044e+03
1.331133560425677933e+04
