nan
5.078630400000000000e+07
5.965824000000000000e+07
4.443033600000000000e+07
nan
nan
1.313218560000000000e+08
2.930688000000000000e+07
nan
4.268032000000000000e+07
nan
1.228800000000000000e+04
4.347494400000000000e+07
1.215201280000000000e+08
5.948723200000000000e+07
nan
2.874777600000000000e+07
7.115161600000000000e+07
4.293017600000000000e+07
nan
6.381158400000000000e+07
5.160448000000000000e+07
3.624960000000000000e+07
4.472115200000000000e+07
2.869964800000000000e+07
5.098496000000000000e+07
4.453785600000000000e+07
6.423040000000000000e+07
2.498560000000000000e+05
4.366540800000000000e+07
3.616153600000000000e+07
3.709542400000000000e+07
3.651993600000000000e+07
4.448460800000000000e+07
5.013401600000000000e+07
3.592806400000000000e+07
3.636531200000000000e+07
nan
nan
7.204454400000000000e+07
6.475161600000000000e+07
3.696332800000000000e+07
2.224025600000000000e+07
nan
2.950348800000000000e+07
3.661824000000000000e+07
2.988851200000000000e+07
1.024000000000000000e+04
nan
4.408524800000000000e+07
5.964595200000000000e+07
5.849292800000000000e+07
2.179993600000000000e+07
5.749248000000000000e+07
4.357222400000000000e+07
nan
nan
2.829414400000000000e+07
5.076582400000000000e+07
3.696025600000000000e+07
4.956569600000000000e+07
nan
4.357120000000000000e+07
4.302028800000000000e+07
1.413120000000000000e+07
2.134630400000000000e+07
4.381491200000000000e+07
3.725516800000000000e+07
4.965785600000000000e+07
3.647590400000000000e+07
4.272947200000000000e+07
2.874982400000000000e+07
2.893312000000000000e+07
5.107097600000000000e+07
4.349952000000000000e+07
4.440166400000000000e+07
nan
4.953907200000000000e+07
nan
4.242432000000000000e+07
4.251340800000000000e+07
4.466073600000000000e+07
4.456755200000000000e+07
4.710400000000000000e+04
2.048000000000000000e+04
nan
2.928742400000000000e+07
5.721497600000000000e+07
4.306124800000000000e+07
1.413427200000000000e+07
6.499225600000000000e+07
2.856960000000000000e+07
4.386611200000000000e+07
4.406169600000000000e+07
4.357427200000000000e+07
3.691929600000000000e+07
nan
nan
6.486937600000000000e+07
5.744844800000000000e+07
1.014988800000000000e+08
3.700531200000000000e+07
4.328243200000000000e+07
4.247552000000000000e+07
5.017395200000000000e+07
4.368793600000000000e+07
4.349747200000000000e+07
5.081292800000000000e+07
nan
4.421939200000000000e+07
nan
2.970931200000000000e+07
6.365798400000000000e+07
nan
3.634380800000000000e+07
5.134745600000000000e+07
7.122124800000000000e+07
5.112012800000000000e+07
2.193817600000000000e+07
4.337664000000000000e+07
2.232115200000000000e+07
2.189721600000000000e+07
3.719987200000000000e+07
3.721830400000000000e+07
1.433804800000000000e+07
nan
5.064192000000000000e+07
nan
3.684864000000000000e+07
7.281561600000000000e+07
3.720601600000000000e+07
4.412416000000000000e+07
nan
2.236313600000000000e+07
nan
1.468416000000000000e+07
3.725107200000000000e+07
5.643878400000000000e+07
5.925888000000000000e+07
9.372057600000000000e+07
4.311347200000000000e+07
nan
3.567206400000000000e+07
nan
nan
nan
1.128448000000000000e+08
4.435353600000000000e+07
4.971929600000000000e+07
2.882764800000000000e+07
nan
4.339302400000000000e+07
4.413337600000000000e+07
nan
1.457971200000000000e+07
4.442931200000000000e+07
4.255969280000000000e+08
3.555020800000000000e+07
nan
nan
3.698073600000000000e+07
4.287180800000000000e+07
6.615654400000000000e+07
2.173337600000000000e+07
nan
4.425932800000000000e+07
2.964684800000000000e+07
4.470169600000000000e+07
nan
nan
4.415795200000000000e+07
4.417331200000000000e+07
3.609190400000000000e+07
5.817753600000000000e+07
1.462579200000000000e+07
4.346060800000000000e+07
4.409446400000000000e+07
5.150720000000000000e+07
3.660595200000000000e+07
3.662540800000000000e+07
3.726643200000000000e+07
nan
2.829312000000000000e+07
2.950553600000000000e+07
nan
4.096000000000000000e+03
5.126963200000000000e+07
3.652096000000000000e+07
6.494412800000000000e+07
nan
3.671449600000000000e+07
6.470758400000000000e+07
2.885632000000000000e+07
7.903232000000000000e+07
2.917478400000000000e+07
2.826240000000000000e+07
5.800140800000000000e+07
4.472832000000000000e+07
4.390195200000000000e+07
5.833216000000000000e+07
nan
nan
2.933350400000000000e+07
4.414464000000000000e+07
5.827584000000000000e+07
1.641963520000000000e+08
2.941337600000000000e+07
3.581952000000000000e+07
4.369408000000000000e+07
1.228800000000000000e+04
2.148249600000000000e+07
3.637350400000000000e+07
3.531571200000000000e+07
3.617587200000000000e+07
5.107916800000000000e+07
8.397619200000000000e+07
5.724262400000000000e+07
5.769420800000000000e+07
2.186854400000000000e+07
2.905190400000000000e+07
4.257075200000000000e+07
5.091737600000000000e+07
6.446080000000000000e+07
4.247347200000000000e+07
3.568435200000000000e+07
4.348211200000000000e+07
3.572531200000000000e+07
nan
3.248783360000000000e+08
6.561689600000000000e+07
2.243379200000000000e+07
3.600793600000000000e+07
4.453376000000000000e+07
2.235596800000000000e+07
3.581235200000000000e+07
4.998656000000000000e+07
4.406579200000000000e+07
5.855846400000000000e+07
4.964454400000000000e+07
3.678208000000000000e+07
4.423372800000000000e+07
6.713958400000000000e+07
nan
5.068595200000000000e+07
7.783219200000000000e+07
nan
4.381798400000000000e+07
5.720883200000000000e+07
3.539046400000000000e+07
4.981964800000000000e+07
4.422246400000000000e+07
nan
nan
2.825318400000000000e+07
nan
2.936012800000000000e+07
4.267520000000000000e+07
nan
4.433305600000000000e+07
5.078220800000000000e+07
nan
nan
2.843545600000000000e+07
5.785804800000000000e+07
4.266291200000000000e+07
4.402585600000000000e+07
5.088563200000000000e+07
4.344934400000000000e+07
4.431667200000000000e+07
nan
nan
4.267622400000000000e+07
2.961408000000000000e+07
4.435558400000000000e+07
4.296089600000000000e+07
4.466790400000000000e+07
9.490636800000000000e+07
1.465958400000000000e+07
8.843878400000000000e+07
2.196377600000000000e+07
3.676774400000000000e+07
4.409856000000000000e+07
2.197811200000000000e+07
3.838443520000000000e+08
1.551237120000000000e+08
6.490316800000000000e+07
2.831257600000000000e+07
nan
3.715584000000000000e+07
6.602035200000000000e+07
5.847859200000000000e+07
3.561472000000000000e+07
nan
2.842419200000000000e+07
5.041971200000000000e+07
2.230476800000000000e+07
nan
5.085798400000000000e+07
nan
6.471065600000000000e+07
nan
nan
nan
4.358758400000000000e+07
3.675750400000000000e+07
2.127974400000000000e+07
nan
2.862284800000000000e+07
nan
4.385792000000000000e+07
4.383744000000000000e+07
5.181132800000000000e+07
2.239283200000000000e+07
4.316979200000000000e+07
0.000000000000000000e+00
nan
4.445798400000000000e+07
nan
4.975411200000000000e+07
2.239078400000000000e+07
4.297728000000000000e+07
nan
4.968755200000000000e+07
4.351180800000000000e+07
5.728256000000000000e+07
3.661414400000000000e+07
3.592396800000000000e+07
4.244684800000000000e+07
2.229452800000000000e+07
nan
2.167808000000000000e+07
nan
nan
8.585216000000000000e+07
5.137203200000000000e+07
4.404428800000000000e+07
1.433600000000000000e+07
4.425728000000000000e+07
4.339200000000000000e+07
4.425523200000000000e+07
3.686809600000000000e+07
nan
7.186022400000000000e+07
2.187980800000000000e+07
4.368384000000000000e+07
nan
4.288102400000000000e+07
nan
4.457984000000000000e+07
3.708518400000000000e+07
3.708108800000000000e+07
2.884710400000000000e+07
nan
4.369612800000000000e+07
1.486336000000000000e+07
2.191155200000000000e+07
nan
nan
4.422656000000000000e+07
4.473036800000000000e+07
1.436979200000000000e+07
7.275520000000000000e+07
5.172019200000000000e+07
nan
4.473139200000000000e+07
4.397465600000000000e+07
4.272537600000000000e+07
nan
3.559424000000000000e+07
4.312576000000000000e+07
1.096884224000000000e+09
4.967936000000000000e+07
4.368076800000000000e+07
5.765529600000000000e+07
4.307968000000000000e+07
4.423475200000000000e+07
nan
nan
nan
4.406988800000000000e+07
6.402867200000000000e+07
2.848256000000000000e+07
3.565772800000000000e+07
4.475289600000000000e+07
2.828492800000000000e+07
2.214297600000000000e+07
2.204774400000000000e+07
3.632947200000000000e+07
3.656089600000000000e+07
nan
6.484992000000000000e+07
nan
4.477337600000000000e+07
8.620441600000000000e+07
nan
1.433395200000000000e+07
2.956288000000000000e+07
2.231910400000000000e+07
4.423270400000000000e+07
nan
2.976972800000000000e+07
4.317081600000000000e+07
4.287488000000000000e+07
2.976358400000000000e+07
2.144051200000000000e+07
nan
5.661491200000000000e+07
2.934784000000000000e+07
nan
5.006540800000000000e+07
nan
4.303667200000000000e+07
4.352819200000000000e+07
5.780889600000000000e+07
3.563110400000000000e+07
4.355584000000000000e+07
nan
4.327014400000000000e+07
nan
4.449075200000000000e+07
5.826764800000000000e+07
4.382208000000000000e+07
nan
7.168000000000000000e+03
4.387840000000000000e+07
2.981888000000000000e+07
2.230476800000000000e+07
6.468608000000000000e+07
4.964044800000000000e+07
nan
4.328243200000000000e+07
3.582771200000000000e+07
4.431564800000000000e+07
4.315648000000000000e+07
3.657728000000000000e+07
4.367769600000000000e+07
4.419891200000000000e+07
nan
3.509043200000000000e+07
5.089894400000000000e+07
nan
9.216000000000000000e+03
nan
nan
2.937241600000000000e+07
4.425523200000000000e+07
4.448153600000000000e+07
2.888908800000000000e+07
3.563520000000000000e+07
nan
2.944204800000000000e+07
nan
1.412915200000000000e+07
4.447232000000000000e+07
2.913996800000000000e+07
3.698278400000000000e+07
2.983628800000000000e+07
5.964595200000000000e+07
3.717427200000000000e+07
7.920025600000000000e+07
2.306211840000000000e+08
3.688448000000000000e+07
4.393779200000000000e+07
nan
4.335411200000000000e+07
nan
nan
2.228633600000000000e+07
5.092556800000000000e+07
4.452352000000000000e+07
4.423475200000000000e+07
4.389273600000000000e+07
7.108300800000000000e+07
4.461260800000000000e+07
5.892812800000000000e+07
2.855526400000000000e+07
4.245094400000000000e+07
5.041766400000000000e+07
3.665408000000000000e+07
3.618611200000000000e+07
nan
5.146521600000000000e+07
2.929049600000000000e+07
5.722521600000000000e+07
5.046476800000000000e+07
nan
4.424704000000000000e+07
3.588096000000000000e+07
nan
6.469222400000000000e+07
4.281958400000000000e+07
1.727733760000000000e+08
nan
4.446617600000000000e+07
nan
4.411289600000000000e+07
1.142743040000000000e+08
4.408217600000000000e+07
nan
2.867609600000000000e+07
nan
2.968371200000000000e+07
4.416716800000000000e+07
nan
nan
4.269875200000000000e+07
1.489920000000000000e+07
5.969100800000000000e+07
3.709337600000000000e+07
5.968281600000000000e+07
5.705728000000000000e+07
2.936320000000000000e+07
5.735219200000000000e+07
9.266892800000000000e+07
2.851635200000000000e+07
4.414156800000000000e+07
nan
3.598745600000000000e+07
1.475891200000000000e+07
4.443648000000000000e+07
5.058150400000000000e+07
4.297011200000000000e+07
4.251648000000000000e+07
3.709747200000000000e+07
nan
2.185625600000000000e+07
nan
4.442112000000000000e+07
nan
nan
nan
3.276800000000000000e+04
4.427776000000000000e+07
2.876620800000000000e+07
4.462182400000000000e+07
nan
4.296089600000000000e+07
1.230540800000000000e+08
1.428480000000000000e+07
7.779328000000000000e+07
3.641548800000000000e+07
3.731353600000000000e+07
7.187968000000000000e+07
2.887680000000000000e+07
3.718758400000000000e+07
2.925977600000000000e+07
4.422144000000000000e+07
5.089894400000000000e+07
2.875904000000000000e+07
1.489715200000000000e+07
2.973696000000000000e+07
4.330188800000000000e+07
nan
5.915648000000000000e+07
2.940108800000000000e+07
4.424294400000000000e+07
4.414771200000000000e+07
4.427059200000000000e+07
5.104025600000000000e+07
5.198028800000000000e+07
4.402380800000000000e+07
2.164633600000000000e+07
2.157363200000000000e+07
nan
nan
nan
nan
3.596697600000000000e+07
4.347084800000000000e+07
4.464230400000000000e+07
nan
4.419379200000000000e+07
5.161984000000000000e+07
5.769625600000000000e+07
8.192000000000000000e+03
5.055078400000000000e+07
6.661734400000000000e+07
3.594854400000000000e+07
2.977280000000000000e+07
1.187840000000000000e+05
2.161459200000000000e+07
3.651788800000000000e+07
nan
1.472307200000000000e+07
4.999577600000000000e+07
nan
3.702579200000000000e+07
5.130649600000000000e+07
2.949734400000000000e+07
2.048000000000000000e+03
3.552870400000000000e+07
2.976358400000000000e+07
4.245913600000000000e+07
2.954854400000000000e+07
3.701145600000000000e+07
6.593331200000000000e+07
4.394188800000000000e+07
2.913894400000000000e+07
4.268032000000000000e+07
4.413644800000000000e+07
4.409446400000000000e+07
4.381696000000000000e+07
4.374220800000000000e+07
6.583296000000000000e+07
4.349849600000000000e+07
7.925964800000000000e+07
4.373913600000000000e+07
4.341964800000000000e+07
2.431877120000000000e+08
3.688243200000000000e+07
7.142195200000000000e+07
2.198528000000000000e+07
3.657830400000000000e+07
1.168424960000000000e+08
4.403712000000000000e+07
2.960998400000000000e+07
4.472832000000000000e+07
4.355686400000000000e+07
2.217369600000000000e+07
nan
nan
nan
4.425830400000000000e+07
4.278681600000000000e+07
1.006346240000000000e+08
4.463616000000000000e+07
nan
4.291072000000000000e+07
4.451328000000000000e+07
2.901196800000000000e+07
4.251852800000000000e+07
nan
nan
6.467788800000000000e+07
nan
1.070018560000000000e+08
2.933760000000000000e+07
4.239360000000000000e+07
2.151321600000000000e+07
8.670822400000000000e+07
2.946048000000000000e+07
4.445798400000000000e+07
6.440243200000000000e+07
4.285132800000000000e+07
4.375244800000000000e+07
4.391936000000000000e+07
7.819366400000000000e+07
2.925568000000000000e+07
nan
4.867440640000000000e+08
nan
5.936128000000000000e+07
nan
5.725286400000000000e+07
nan
nan
4.096000000000000000e+03
4.382515200000000000e+07
1.228800000000000000e+04
4.476518400000000000e+07
nan
nan
nan
7.112704000000000000e+07
8.633958400000000000e+07
5.172224000000000000e+07
4.369817600000000000e+07
4.351385600000000000e+07
4.309196800000000000e+07
nan
nan
4.316057600000000000e+07
4.353024000000000000e+07
3.654348800000000000e+07
1.473740800000000000e+07
1.457766400000000000e+07
2.856755200000000000e+07
6.144000000000000000e+03
2.911846400000000000e+07
5.022822400000000000e+07
4.268134400000000000e+07
3.676774400000000000e+07
nan
nan
2.922496000000000000e+07
4.355788800000000000e+07
4.354355200000000000e+07
5.053644800000000000e+07
3.644518400000000000e+07
4.313907200000000000e+07
1.331200000000000000e+04
6.395084800000000000e+07
4.451020800000000000e+07
4.342988800000000000e+07
1.413222400000000000e+07
2.897100800000000000e+07
2.983116800000000000e+07
nan
4.261580800000000000e+07
2.120704000000000000e+07
4.414259200000000000e+07
5.014323200000000000e+07
4.337356800000000000e+07
4.979302400000000000e+07
6.781337600000000000e+07
4.475699200000000000e+07
4.449894400000000000e+07
4.472832000000000000e+07
5.767372800000000000e+07
nan
4.259225600000000000e+07
4.328652800000000000e+07
4.982681600000000000e+07
2.196582400000000000e+07
5.123072000000000000e+07
3.728588800000000000e+07
3.695206400000000000e+07
3.604275200000000000e+07
4.426547200000000000e+07
5.172838400000000000e+07
2.238156800000000000e+07
5.186764800000000000e+07
5.200691200000000000e+07
nan
nan
2.890752000000000000e+07
4.279091200000000000e+07
4.426854400000000000e+07
4.336435200000000000e+07
3.709747200000000000e+07
2.977382400000000000e+07
3.713843200000000000e+07
3.680665600000000000e+07
nan
4.426547200000000000e+07
nan
0.000000000000000000e+00
4.280524800000000000e+07
2.220646400000000000e+07
nan
4.319129600000000000e+07
2.885632000000000000e+07
4.432793600000000000e+07
5.783142400000000000e+07
nan
3.719577600000000000e+07
nan
8.513536000000000000e+07
nan
4.334694400000000000e+07
3.557580800000000000e+07
4.984217600000000000e+07
9.479372800000000000e+07
nan
3.607654400000000000e+07
5.908275200000000000e+07
nan
nan
4.370432000000000000e+07
2.237235200000000000e+07
4.358144000000000000e+07
nan
4.398387200000000000e+07
4.331520000000000000e+07
1.490329600000000000e+07
5.060608000000000000e+07
4.384768000000000000e+07
6.384947200000000000e+07
6.311936000000000000e+07
4.442931200000000000e+07
2.961510400000000000e+07
4.290969600000000000e+07
1.432064000000000000e+07
3.642982400000000000e+07
2.231500800000000000e+07
2.153984000000000000e+07
2.201927680000000000e+08
nan
1.647431680000000000e+08
2.970419200000000000e+07
4.354560000000000000e+07
2.188492800000000000e+07
4.331724800000000000e+07
7.623802880000000000e+08
4.264243200000000000e+07
4.245504000000000000e+07
nan
8.806400000000000000e+04
nan
3.658137600000000000e+07
5.653094400000000000e+07
3.546931200000000000e+07
2.236108800000000000e+07
3.606835200000000000e+07
2.911129600000000000e+07
1.413120000000000000e+07
nan
5.679718400000000000e+07
4.335923200000000000e+07
5.750476800000000000e+07
7.084032000000000000e+07
4.258406400000000000e+07
nan
2.147430400000000000e+07
8.047411200000000000e+07
5.055590400000000000e+07
5.747712000000000000e+07
4.412108800000000000e+07
nan
3.689267200000000000e+07
2.945228800000000000e+07
3.649433600000000000e+07
2.918092800000000000e+07
4.303769600000000000e+07
4.370432000000000000e+07
5.037670400000000000e+07
2.224947200000000000e+07
nan
6.532300800000000000e+07
5.039923200000000000e+07
2.120396800000000000e+07
5.103820800000000000e+07
2.167705600000000000e+07
5.897830400000000000e+07
4.998348800000000000e+07
7.782400000000000000e+04
2.316328960000000000e+08
3.538124800000000000e+07
nan
3.699302400000000000e+07
nan
5.028966400000000000e+07
nan
4.458803200000000000e+07
nan
nan
nan
nan
4.430233600000000000e+07
2.938470400000000000e+07
5.094195200000000000e+07
4.267520000000000000e+07
4.347494400000000000e+07
3.276800000000000000e+04
2.927001600000000000e+07
3.635097600000000000e+07
nan
5.006131200000000000e+07
6.486220800000000000e+07
2.885427200000000000e+07
3.685171200000000000e+07
4.244377600000000000e+07
nan
4.419174400000000000e+07
4.383129600000000000e+07
6.349619200000000000e+07
4.453376000000000000e+07
4.330188800000000000e+07
nan
5.132697600000000000e+07
3.705651200000000000e+07
5.013913600000000000e+07
1.481318400000000000e+07
3.602329600000000000e+07
4.453683200000000000e+07
6.517350400000000000e+07
3.687014400000000000e+07
8.843468800000000000e+07
4.446822400000000000e+07
nan
2.979430400000000000e+07
2.939289600000000000e+07
4.278784000000000000e+07
4.241920000000000000e+07
5.760204800000000000e+07
4.405964800000000000e+07
2.862694400000000000e+07
4.358656000000000000e+07
4.477542400000000000e+07
2.126131200000000000e+07
5.086617600000000000e+07
2.147942400000000000e+07
2.982707200000000000e+07
2.192384000000000000e+07
1.024000000000000000e+04
5.810790400000000000e+07
4.453478400000000000e+07
4.245504000000000000e+07
4.268032000000000000e+07
2.210918400000000000e+07
4.467609600000000000e+07
nan
nan
1.489715200000000000e+07
6.365798400000000000e+07
4.311244800000000000e+07
nan
2.936012800000000000e+07
4.253593600000000000e+07
nan
2.886451200000000000e+07
2.985574400000000000e+07
6.384025600000000000e+07
8.192000000000000000e+03
4.464640000000000000e+07
5.965824000000000000e+07
2.977280000000000000e+07
4.999577600000000000e+07
4.368793600000000000e+07
5.143756800000000000e+07
nan
4.424499200000000000e+07
4.300800000000000000e+04
nan
nan
4.426547200000000000e+07
nan
3.715276800000000000e+07
4.362444800000000000e+07
4.945920000000000000e+07
4.331724800000000000e+07
nan
7.116595200000000000e+07
4.359577600000000000e+07
2.457600000000000000e+04
3.671040000000000000e+07
nan
4.464640000000000000e+07
nan
4.505600000000000000e+04
4.453990400000000000e+07
2.199859200000000000e+07
2.242150400000000000e+07
2.967961600000000000e+07
7.777894400000000000e+07
7.089356800000000000e+07
5.170790400000000000e+07
nan
4.096000000000000000e+03
4.987494400000000000e+07
2.125209600000000000e+07
2.954035200000000000e+07
3.665100800000000000e+07
8.626176000000000000e+07
2.137702400000000000e+07
3.698688000000000000e+07
5.800652800000000000e+07
nan
2.925363200000000000e+07
2.215628800000000000e+07
4.867440640000000000e+08
4.454707200000000000e+07
nan
2.148761600000000000e+07
7.344640000000000000e+07
nan
4.405964800000000000e+07
4.412211200000000000e+07
2.207744000000000000e+07
nan
nan
6.403276800000000000e+07
1.271398400000000000e+08
4.276224000000000000e+07
3.626598400000000000e+07
4.412006400000000000e+07
5.056512000000000000e+07
5.043404800000000000e+07
4.336128000000000000e+07
5.902540800000000000e+07
nan
3.543449600000000000e+07
nan
3.642777600000000000e+07
5.896396800000000000e+07
2.985574400000000000e+07
4.397875200000000000e+07
nan
5.883289600000000000e+07
5.681766400000000000e+07
4.422041600000000000e+07
5.328076800000000000e+07
4.280729600000000000e+07
nan
1.465958400000000000e+07
nan
4.334387200000000000e+07
nan
2.182758400000000000e+07
6.613811200000000000e+07
nan
nan
nan
4.345446400000000000e+07
8.128716800000000000e+07
4.354355200000000000e+07
5.853593600000000000e+07
4.444569600000000000e+07
2.229248000000000000e+07
nan
