2.485555200000000000e+07
5.219046400000000000e+07
nan
nan
3.630080000000000000e+07
nan
5.910323200000000000e+07
4.060774400000000000e+07
3.112396800000000000e+07
nan
2.168819200000000000e+07
6.582067200000000000e+07
4.108800000000000000e+07
2.406195200000000000e+07
4.200038400000000000e+07
nan
nan
3.415852800000000000e+07
1.131827200000000000e+07
nan
3.919360000000000000e+05
nan
nan
1.401856000000000000e+07
nan
3.914956800000000000e+07
2.142771200000000000e+07
5.972224000000000000e+06
1.023846400000000000e+07
nan
nan
nan
3.693875200000000000e+07
1.728102400000000000e+07
nan
1.104179200000000000e+07
3.395174400000000000e+07
2.569984000000000000e+07
nan
nan
2.556723200000000000e+07
2.542796800000000000e+07
nan
nan
nan
nan
nan
1.344512000000000000e+07
4.290457600000000000e+07
2.426470400000000000e+07
nan
1.465241600000000000e+07
6.766182400000000000e+07
3.240345600000000000e+07
5.333324800000000000e+07
8.441856000000000000e+06
2.092262400000000000e+07
nan
1.105433600000000000e+07
nan
nan
4.459801600000000000e+07
nan
nan
nan
7.712768000000000000e+06
7.919206400000000000e+07
nan
2.547302400000000000e+07
nan
2.295372800000000000e+07
nan
2.916352000000000000e+06
3.580825600000000000e+07
3.128448000000000000e+07
nan
1.350246400000000000e+07
nan
nan
nan
3.279667200000000000e+07
2.052249600000000000e+07
3.183667200000000000e+07
2.972979200000000000e+07
1.079603200000000000e+07
5.124300800000000000e+07
nan
nan
nan
nan
nan
nan
1.316249600000000000e+07
nan
nan
2.911520000000000000e+07
6.590464000000000000e+06
nan
nan
1.503232000000000000e+07
4.160512000000000000e+07
3.745280000000000000e+06
nan
3.495936000000000000e+06
nan
1.376409600000000000e+07
nan
nan
2.002124800000000000e+07
nan
8.601600000000000000e+05
nan
1.178624000000000000e+06
1.786265600000000000e+07
nan
2.099814400000000000e+07
nan
3.113779200000000000e+07
4.358144000000000000e+07
4.404889600000000000e+07
nan
5.503641600000000000e+07
nan
3.152025600000000000e+07
nan
nan
nan
nan
nan
nan
nan
1.074995200000000000e+07
nan
6.511820800000000000e+07
3.978649600000000000e+07
nan
nan
3.138355200000000000e+07
nan
2.443366400000000000e+07
2.206617600000000000e+07
4.324966400000000000e+07
1.485363200000000000e+07
9.023488000000000000e+06
7.269376000000000000e+06
nan
nan
9.178112000000000000e+06
nan
4.114841600000000000e+07
nan
nan
nan
7.170304000000000000e+06
1.598566400000000000e+07
2.652672000000000000e+07
nan
2.555212800000000000e+07
2.852438400000000000e+07
nan
3.915161600000000000e+07
nan
nan
nan
nan
nan
nan
nan
1.956864000000000000e+06
1.482700800000000000e+07
nan
nan
nan
nan
2.670592000000000000e+07
nan
nan
nan
4.617216000000000000e+07
2.383564800000000000e+07
1.665484800000000000e+07
nan
nan
nan
nan
nan
nan
nan
nan
nan
nan
nan
3.253836800000000000e+07
nan
nan
1.892377600000000000e+07
3.583795200000000000e+07
nan
4.545843200000000000e+07
nan
nan
nan
6.084064000000000000e+06
nan
2.734592000000000000e+07
nan
1.304780800000000000e+07
3.683283200000000000e+07
nan
nan
nan
5.996544000000000000e+06
nan
2.299084800000000000e+07
nan
nan
nan
1.985024000000000000e+07
2.709504000000000000e+06
1.605401600000000000e+07
2.797465600000000000e+07
nan
3.272908800000000000e+07
1.985228800000000000e+07
1.765785600000000000e+07
nan
4.467968000000000000e+07
nan
8.080793600000000000e+07
nan
nan
nan
1.929011200000000000e+07
nan
8.974336000000000000e+06
3.241420800000000000e+07
nan
nan
nan
2.498611200000000000e+07
nan
nan
2.464358400000000000e+07
1.712640000000000000e+05
nan
nan
9.480192000000000000e+06
2.371852800000000000e+07
nan
1.844121600000000000e+07
2.498611200000000000e+07
2.760806400000000000e+07
nan
4.531814400000000000e+07
nan
3.321856000000000000e+07
3.153715200000000000e+07
2.914608000000000000e+07
nan
1.463091200000000000e+07
nan
5.776588800000000000e+07
1.476352000000000000e+07
2.688000000000000000e+06
nan
2.928128000000000000e+07
2.691174400000000000e+07
nan
1.491251200000000000e+07
nan
9.355008000000000000e+06
nan
nan
1.399654400000000000e+07
nan
nan
3.155200000000000000e+06
nan
nan
nan
2.196070400000000000e+07
nan
nan
3.243596800000000000e+07
9.998848000000000000e+06
4.741529600000000000e+07
1.626342400000000000e+07
nan
nan
3.058176000000000000e+06
4.692377600000000000e+07
nan
nan
nan
2.211840000000000000e+05
nan
nan
nan
2.955673600000000000e+07
4.215603200000000000e+07
nan
nan
nan
1.761177600000000000e+07
4.787507200000000000e+07
nan
1.676288000000000000e+06
1.032314880000000000e+08
4.154982400000000000e+07
3.300352000000000000e+07
1.275993600000000000e+07
nan
nan
3.381657600000000000e+07
2.841292800000000000e+07
nan
5.973196800000000000e+07
2.174003200000000000e+07
3.243568000000000000e+06
3.846144000000000000e+07
1.178675200000000000e+07
1.926784000000000000e+06
nan
nan
6.118400000000000000e+07
3.201036800000000000e+07
nan
4.326400000000000000e+07
nan
nan
nan
nan
2.696089600000000000e+07
3.647488000000000000e+07
1.297843200000000000e+07
nan
nan
5.338931200000000000e+07
1.479782400000000000e+07
nan
nan
nan
6.165299200000000000e+07
nan
2.168346000000000000e+07
7.024640000000000000e+06
3.875584000000000000e+06
nan
nan
nan
2.311014400000000000e+07
1.272068800000000000e+07
nan
7.711744000000000000e+07
1.244160000000000000e+07
nan
1.778688000000000000e+06
2.256384000000000000e+07
nan
nan
4.768768000000000000e+06
nan
9.030400000000000000e+05
nan
2.937305600000000000e+07
4.542873600000000000e+07
nan
4.699136000000000000e+07
1.421619200000000000e+07
2.897152000000000000e+07
nan
nan
7.243520000000000000e+06
1.617152000000000000e+07
2.492006400000000000e+07
nan
nan
nan
3.962470400000000000e+07
nan
2.269286400000000000e+07
nan
nan
5.024768000000000000e+06
nan
nan
3.336192000000000000e+07
nan
6.906880000000000000e+06
nan
nan
nan
2.647526400000000000e+07
nan
3.628236800000000000e+07
1.986457600000000000e+07
nan
nan
3.365478400000000000e+07
nan
3.228569600000000000e+07
1.225113600000000000e+07
8.601600000000000000e+05
5.734963200000000000e+07
2.400870400000000000e+07
4.319129600000000000e+07
1.102182400000000000e+07
nan
nan
7.396352000000000000e+06
2.902016000000000000e+07
3.516092800000000000e+07
nan
2.622566400000000000e+07
2.528665600000000000e+07
2.095513600000000000e+07
1.705728000000000000e+07
nan
nan
1.579110400000000000e+07
1.536204800000000000e+07
nan
4.950464000000000000e+07
nan
3.175628800000000000e+07
nan
nan
nan
nan
1.682022400000000000e+07
4.935680000000000000e+07
nan
1.972070400000000000e+07
1.285038080000000000e+08
1.986406400000000000e+07
4.943564800000000000e+07
nan
nan
7.015628800000000000e+07
3.429068800000000000e+07
2.555289600000000000e+07
nan
nan
2.596505600000000000e+07
nan
1.650483200000000000e+07
nan
1.742592000000000000e+06
1.406771200000000000e+07
1.167206400000000000e+07
3.898291200000000000e+07
5.140684800000000000e+07
nan
nan
2.908160000000000000e+06
nan
nan
2.875801600000000000e+07
1.719705600000000000e+07
4.674764800000000000e+07
nan
nan
nan
4.526080000000000000e+06
2.501888000000000000e+07
nan
nan
4.177510400000000000e+07
1.631948800000000000e+07
nan
2.437836800000000000e+07
nan
nan
3.024998400000000000e+07
2.724249600000000000e+07
2.066022400000000000e+07
2.808012800000000000e+07
nan
1.946009600000000000e+07
4.909158400000000000e+07
nan
nan
nan
2.578636800000000000e+07
2.231910400000000000e+07
nan
nan
nan
nan
2.693222400000000000e+07
nan
7.623168000000000000e+07
nan
4.109107200000000000e+07
nan
1.028300800000000000e+07
2.630144000000000000e+07
6.308864000000000000e+07
2.786304000000000000e+07
nan
nan
2.932326400000000000e+07
1.382809600000000000e+07
2.151680000000000000e+06
nan
nan
nan
nan
4.288409600000000000e+07
2.252492800000000000e+07
nan
nan
nan
nan
nan
1.424204800000000000e+07
2.136064000000000000e+06
nan
nan
nan
nan
3.371008000000000000e+06
3.943680000000000000e+07
nan
2.230272000000000000e+06
4.961484800000000000e+07
nan
1.478451200000000000e+07
nan
nan
nan
1.697484800000000000e+07
nan
nan
8.434944000000000000e+06
nan
1.466112000000000000e+07
1.229670400000000000e+07
1.127680000000000000e+06
nan
1.518592000000000000e+07
nan
2.197913600000000000e+07
1.224729600000000000e+07
1.910988800000000000e+07
nan
1.787264000000000000e+07
2.088153600000000000e+07
3.013734400000000000e+07
2.843852800000000000e+07
nan
nan
3.228569600000000000e+07
nan
nan
1.825177600000000000e+07
nan
nan
nan
1.676288000000000000e+06
1.687193600000000000e+07
2.774630400000000000e+07
6.307840000000000000e+06
nan
nan
nan
8.214528000000000000e+06
nan
nan
nan
nan
nan
5.413683200000000000e+07
nan
1.571712000000000000e+06
3.783680000000000000e+07
nan
2.601395200000000000e+07
1.943347200000000000e+07
nan
nan
2.070528000000000000e+06
3.383091200000000000e+07
2.612249600000000000e+07
2.962841600000000000e+07
nan
3.520102400000000000e+07
nan
nan
nan
nan
nan
6.590464000000000000e+06
nan
2.269283200000000000e+07
nan
nan
nan
2.332467200000000000e+07
2.805145600000000000e+07
1.382092800000000000e+07
nan
nan
1.662976000000000000e+07
nan
8.377036800000000000e+07
1.157721600000000000e+07
nan
nan
nan
nan
nan
1.754624000000000000e+07
nan
nan
nan
1.560576000000000000e+06
nan
nan
4.314880000000000000e+07
3.344409600000000000e+07
nan
8.869683200000000000e+07
7.965184000000000000e+06
nan
nan
nan
4.762009600000000000e+07
nan
nan
nan
2.076569600000000000e+07
3.358617600000000000e+07
nan
nan
3.648512000000000000e+06
3.095808000000000000e+07
5.367193600000000000e+07
1.125376000000000000e+06
nan
nan
1.426380800000000000e+07
1.897062400000000000e+07
1.163648000000000000e+07
2.198988800000000000e+07
2.545024000000000000e+07
2.518912000000000000e+07
1.085952000000000000e+07
1.721395200000000000e+07
1.262899200000000000e+07
nan
nan
nan
nan
2.265958400000000000e+07
nan
nan
2.934579200000000000e+07
7.695360000000000000e+05
nan
6.532915200000000000e+07
2.379008000000000000e+07
nan
2.634854400000000000e+07
nan
4.122419200000000000e+07
2.052249600000000000e+07
nan
nan
nan
5.108121600000000000e+07
nan
nan
nan
nan
nan
nan
nan
2.865971200000000000e+07
3.005849600000000000e+07
1.914572800000000000e+07
nan
4.289740800000000000e+07
8.222720000000000000e+05
2.495692800000000000e+07
8.394035200000000000e+07
nan
nan
nan
nan
3.358720000000000000e+07
1.502822400000000000e+07
2.398156800000000000e+07
nan
nan
2.670592000000000000e+07
2.192384000000000000e+07
nan
2.830950400000000000e+07
nan
3.491532800000000000e+07
2.032742400000000000e+07
1.179289600000000000e+07
6.261555200000000000e+07
3.196211200000000000e+07
5.023129600000000000e+07
4.104396800000000000e+07
nan
1.122406400000000000e+07
4.125440000000000000e+07
nan
nan
nan
2.877849600000000000e+07
nan
nan
8.019968000000000000e+06
nan
2.114918400000000000e+07
nan
nan
nan
1.176780800000000000e+07
nan
3.138764800000000000e+07
1.393203200000000000e+07
nan
nan
nan
8.034406400000000000e+07
nan
1.928384000000000000e+07
1.065779200000000000e+07
2.970163200000000000e+07
nan
nan
nan
nan
1.110425600000000000e+07
2.368793600000000000e+07
nan
2.821151200000000000e+07
1.671987200000000000e+07
nan
2.255052800000000000e+07
2.712371200000000000e+07
7.121920000000000000e+06
nan
nan
5.073203200000000000e+07
nan
nan
1.938227200000000000e+07
nan
nan
2.623795200000000000e+07
2.308403200000000000e+07
4.684800000000000000e+06
nan
nan
nan
1.444761600000000000e+07
nan
nan
nan
nan
nan
nan
nan
nan
nan
9.019392000000000000e+06
nan
nan
nan
nan
2.288128000000000000e+06
3.680665600000000000e+07
9.994752000000000000e+06
nan
1.260748800000000000e+07
nan
9.597440000000000000e+06
nan
3.196492800000000000e+07
7.001088000000000000e+06
nan
nan
nan
5.767065600000000000e+07
nan
6.064128000000000000e+06
2.129510400000000000e+07
1.735936000000000000e+07
3.623526400000000000e+07
2.492339200000000000e+07
nan
4.581376000000000000e+07
4.136473600000000000e+07
nan
nan
4.964352000000000000e+07
1.096704000000000000e+07
nan
2.945843200000000000e+07
nan
nan
6.629376000000000000e+06
2.722406400000000000e+07
nan
nan
7.936000000000000000e+06
4.923596800000000000e+07
nan
nan
1.929216000000000000e+07
nan
2.703769600000000000e+07
nan
nan
nan
nan
6.711705600000000000e+07
7.236710400000000000e+07
1.096243200000000000e+07
nan
nan
2.690252800000000000e+07
2.630476800000000000e+07
nan
4.859187200000000000e+07
1.348710400000000000e+07
3.624040000000000000e+07
2.402560000000000000e+07
1.479065600000000000e+07
nan
1.250713600000000000e+07
4.516249600000000000e+07
1.689702400000000000e+07
nan
4.558438400000000000e+07
nan
3.527526400000000000e+07
nan
nan
2.323456000000000000e+07
nan
1.862860800000000000e+07
nan
nan
nan
nan
1.796966400000000000e+07
2.229862400000000000e+07
nan
nan
nan
2.637414400000000000e+07
nan
nan
nan
nan
1.488742400000000000e+07
4.940595200000000000e+07
4.513177600000000000e+07
nan
nan
3.027353600000000000e+07
nan
2.477260800000000000e+07
nan
nan
nan
nan
4.318592000000000000e+06
nan
nan
nan
4.196352000000000000e+07
2.164787200000000000e+07
3.297971200000000000e+07
nan
4.626841600000000000e+07
3.395788800000000000e+07
2.195699200000000000e+07
1.585356800000000000e+07
2.211788800000000000e+07
nan
7.687168000000000000e+06
8.427520000000000000e+06
nan
nan
3.232755200000000000e+07
1.693670400000000000e+07
1.420377600000000000e+07
2.627072000000000000e+07
nan
1.390566400000000000e+07
nan
nan
3.402547200000000000e+07
2.503782400000000000e+07
5.360435200000000000e+07
1.785651200000000000e+07
nan
1.559756800000000000e+07
nan
2.571264000000000000e+07
9.674752000000000000e+06
5.015718400000000000e+07
4.970291200000000000e+07
2.247168000000000000e+07
1.918976000000000000e+06
nan
3.004006400000000000e+07
nan
2.414873600000000000e+07
nan
nan
6.348800000000000000e+07
1.056934400000000000e+08
nan
2.941132800000000000e+07
4.625920000000000000e+07
nan
nan
nan
nan
nan
nan
nan
2.046566400000000000e+07
2.208921600000000000e+07
2.540748800000000000e+07
2.510438400000000000e+07
nan
nan
3.158246400000000000e+07
nan
3.534028800000000000e+07
nan
nan
2.625331200000000000e+07
nan
2.613859200000000000e+07
nan
nan
nan
1.671910400000000000e+07
nan
nan
nan
2.554265600000000000e+07
2.454732800000000000e+07
1.843840000000000000e+06
nan
2.632499200000000000e+07
2.582732800000000000e+07
nan
nan
nan
3.232563200000000000e+07
nan
nan
nan
nan
nan
2.636185600000000000e+07
2.682278400000000000e+07
nan
nan
nan
nan
2.412403200000000000e+07
nan
2.224947200000000000e+07
2.498611200000000000e+07
2.757529600000000000e+07
5.609164800000000000e+07
nan
nan
3.409100800000000000e+07
nan
nan
1.479168000000000000e+07
3.219148800000000000e+07
1.479065600000000000e+07
3.210150400000000000e+07
1.454796800000000000e+07
2.589286400000000000e+07
nan
3.128934400000000000e+07
6.454886400000000000e+07
1.615104000000000000e+07
nan
nan
1.930905600000000000e+07
nan
1.537484800000000000e+07
6.099763200000000000e+07
