1.059722980963766759e+03
2.733627000096244956e+03
1.312206188705521299e+03
6.059291820153154731e+03
1.606535389985060874e+03
3.200720237465052378e+03
9.241832000418598909e+03
7.107026921154927095e+02
2.692819274747908821e+03
3.905827878789933948e+03
5.788081244846455775e+03
3.821485864536735448e+02
4.226773095636724065e+03
5.782028212999588504e+03
2.627254332262259595e+02
6.157083050878517497e+03
3.055412288827878001e+03
1.839445035238118408e+03
6.229881944811821768e+02
3.011316512544560169e+02
2.789942992597165357e+03
2.058387496471270424e+03
1.600582577838997713e+04
1.011425153515327111e+03
7.014079858673436263e+01
2.673109516794621413e+03
2.258640503979877849e+03
1.107097514138673887e+03
1.945673157101918605e+03
8.871084771769031931e+02
7.062512152247846871e+02
4.840591770924974298e+03
1.421143877593272919e+03
2.200395329246825895e+03
4.080537458509237240e+03
4.214992228082162910e+03
4.243686251829635694e+03
3.500678956611986450e+03
1.813043335513373677e+03
2.607410291618561587e+03
2.064598614141189046e+03
6.066548840093903891e+03
2.683438514687660700e+03
6.538855374363383817e+03
4.255825978195518474e+03
2.866577784574779344e+03
7.421671367808204195e+03
2.168216779872067946e+03
2.052139603459643695e+03
7.176843305708938715e+03
2.307786812791971897e+03
1.100923990533093047e+03
3.089852966032996392e+03
2.489185070927802826e+03
1.936720094290150200e+03
1.480020298704753714e+03
9.605308942440204873e+02
3.554557085690530130e+03
9.315044247292134969e+02
6.411262566959635478e+03
3.889896439530114094e+03
5.011329701529270096e+03
1.368548053644712809e+03
6.932178200062577389e+02
3.575666583555284888e+03
4.603933092782892345e+03
2.319180958609629670e+03
3.575645003281135814e+03
1.920143286108324901e+03
1.758103152911426150e+02
3.856062649292269271e+03
2.652062015472201892e+03
1.349227944922834649e+04
4.729889634302232480e+03
1.412762186717949771e+04
8.530781806233123916e+02
8.412364108117946671e+03
3.587629491322567787e+02
3.839345148106192028e+03
2.464199671573594969e+03
3.153084533942919734e+02
3.044902060288457619e+02
3.165268721524619832e+04
4.688837913805937205e+03
6.817527369303626074e+03
1.940287079222912553e+03
2.064279524739853059e+03
1.913991485031365073e+03
2.517722863350905754e+03
1.233804866054501417e+03
7.923256801081375670e+03
1.372127157629282692e+03
1.154715511066351155e+03
2.400956109926483805e+03
1.054440678610982832e+04
4.440548521818097470e+03
1.382120807731395644e+03
1.477254797805571116e+03
2.358336995867251062e+03
4.225194446877468181e+03
2.967919473224177636e+03
1.232354946660785345e+03
4.118734767258334614e+03
1.490304714649660309e+04
7.898207182822918639e+02
4.772821627820811955e+03
8.618787459766277834e+02
1.246294351135038141e+03
6.385920808254365966e+02
2.417405019147623534e+03
8.347962199884494112e+03
1.092944342680985073e+03
2.131853705878189885e+03
2.177584425495761479e+03
1.241969538074372394e+04
1.158961427719249969e+03
8.251307590170263211e+03
1.400269722821412643e+03
6.459465054874662201e+03
5.505979996862379267e+03
2.596307524078978531e+03
1.564050575684626165e+04
1.278437046173270801e+03
4.107002269040765896e+03
3.087064169922936799e+03
1.458798441780917756e+03
4.215903902295771672e+02
3.538839613594118418e+03
5.235339844241112587e+03
7.086677850619276796e+03
4.131527028922977820e+02
8.505328501656875233e+03
7.060424438439498545e+02
1.277935485309336173e+03
1.847075443319066380e+03
4.083189200022259683e+03
1.645488519898038248e+03
2.843226303696602031e+02
1.245587523943120686e+03
1.369370262613112118e+03
1.924989611534371988e+03
2.576573235232805473e+03
1.262614471035166162e+03
3.744842650691457948e+03
9.820970880239678991e+02
7.490594651918620173e+01
9.614621007438233846e+02
1.785709930817665281e+03
5.509984708321595463e+03
3.531300581422309278e+03
1.612648567733274149e+03
3.572303361182895515e+03
1.110850459444806438e+04
7.337488487692759236e+02
9.584258880219741741e+02
2.685041383551786112e+03
1.795831159670213992e+03
4.030721934502849308e+03
1.316855384104577388e+04
1.748093951076398525e+03
1.748725689432585568e+03
nan
6.611294861366040095e+03
8.943443119263472909e+03
6.677475916372001848e+03
5.885926739500158874e+03
6.238296080534110843e+03
3.176321317684172300e+03
6.902548030486951575e+03
1.269470384998699728e+03
5.481911843379195943e+02
1.044857224881406864e+03
2.743770476385227084e+03
3.070189944362356982e+03
1.231871131213609942e+03
1.920494831480981247e+03
1.391693702743296126e+04
9.867500313906629117e+02
8.480739844615114862e+02
1.528169158694325688e+03
3.252462866944481902e+03
3.558009561389578266e+03
1.294058931863551379e+03
1.334524063698473128e+03
5.681736635066504277e+03
1.242490431446522280e+03
3.000553721543035408e+03
3.186358719581610785e+03
2.730987119848389739e+03
3.757513991417565649e+03
4.276314766875051419e+02
1.303550563554632936e+04
4.103351068748802390e+03
3.782939375753297554e+03
4.015807540841050013e+03
4.636497604496129497e+03
2.656968826564984283e+03
2.500472190319866513e+03
2.842753237067875602e+02
3.573065185288277007e+03
6.841832391348438250e+03
3.529109589365370994e+03
9.044521727187819124e+03
2.865889470099694336e+03
2.898043708069980767e+03
9.291879869772715210e+02
6.411594351741056016e+03
1.371936937836210927e+04
1.593135299757266694e+03
8.247279604873765493e+03
4.633884260314798667e+03
6.785726614155893230e+02
1.357045384104225377e+03
7.184712375368458197e+03
2.439170729097949788e+03
3.139237261190302434e+03
4.506885251654040985e+03
9.315402126423756499e+02
1.280878979809065186e+03
2.497065690959738276e+03
2.460197541047271898e+03
1.131850017519789617e+03
6.447626857710070908e+03
1.910563554598616975e+03
8.410112097780983049e+02
1.181410448080280275e+02
2.957353637750030884e+03
1.013152070131261098e+04
4.496306039720984700e+03
6.199554716823312447e+03
2.509485133226038670e+03
1.642301559648074772e+03
7.803466615688917045e+02
2.249357460902106595e+03
3.203191458506583331e+03
6.547233916943101576e+03
4.036931444571158863e+03
1.262614471035166162e+03
3.259454720684907443e+03
1.030793825636259044e+03
1.450776980077783037e+03
1.947471771482344593e+03
1.637728852985116191e+03
6.135797586997102371e+03
7.109746240490118907e+03
6.601607315878037298e+03
4.665758057784289576e+02
1.125188313077771909e+03
2.097045915500671981e+03
1.825674012107388080e+03
8.516784793922242898e+02
1.180824867827432172e+03
1.016091795140439785e+03
9.077348650761281533e+03
7.507898186107569927e+03
2.620524942393315541e+03
1.312359831020616184e+03
1.259424673797848527e+03
5.482851633380467860e+01
1.425348822905745692e+03
2.398721515513050235e+03
1.603725985458582045e+03
1.386483920761028912e+03
9.313049727529785741e+03
5.944119497030584171e+03
4.170973424087921558e+03
3.277444590277560201e+04
3.891501071355573458e+03
4.839790876208357076e+03
2.603604242625799088e+03
2.198872393548820128e+03
4.687140191277298982e+03
8.314098793067919360e+02
1.165183989220797230e+03
1.038068108675253643e+04
3.647671317280362018e+03
7.141541757933820008e+03
1.179301507243717879e+03
2.565470860773654294e+03
3.317286512397986826e+03
6.346039514540837445e+03
1.011108479819890704e+03
3.918144007125321423e+03
5.049847415977554192e+03
1.203859240178612254e+03
6.199024948908132728e+02
8.025607922322152262e+03
5.069825289596667972e+03
1.031233234772669675e+04
1.859392876140928820e+03
1.981190549584442579e+03
7.037891564465747251e+03
6.664449148938844701e+03
1.232093915482826333e+03
1.273277268317958715e+03
1.504242446426408378e+03
2.423310808071609699e+03
4.229667807898915271e+03
8.936883223011585869e+03
4.665280141828531669e+03
4.132924625446229584e+03
6.637215563323637980e+03
6.515321615300988924e+03
2.514310927658425499e+03
5.104860663485765144e+03
8.560730043265373752e+03
4.766208613104719007e+03
1.298396515821529192e+03
1.282442309057939383e+03
2.872697819313402306e+03
1.528469465921401707e+03
5.607776421130934978e+03
2.181654331942115732e+03
2.745155511365763346e+02
1.604481476981399055e+03
9.696866258403412075e+02
2.424314687446427342e+03
8.713283680119524206e+02
1.652456163515145136e+03
9.059376148964435060e+02
1.451608486832967628e+03
4.236834500990526067e+03
2.647821884978673097e+03
2.569753322219921301e+03
1.051869460211347814e+03
8.585812023138262248e+02
4.363761849589540361e+03
2.227350390894164320e+03
4.311645277468638596e+03
1.864421184024595277e+03
2.922737980226774653e+03
7.269139788712785730e+02
7.921864614805739620e+03
2.636890266902460667e+02
1.016091795140439785e+03
5.206619671160201079e+01
3.662323306615468937e+03
2.682977527069511780e+03
4.247159358303030785e+03
5.169332593259977330e+03
2.203219739712730188e+03
2.444124109364742253e+03
1.840136858324461400e+03
9.599860184697612567e+03
1.311210299020261573e+03
4.025090482914146833e+03
1.855367181021084434e+03
2.078410637133912587e+03
1.754666786295493239e+03
3.322748935832993538e+03
1.363517922844839859e+03
1.162167947588139896e+03
3.313433485943858614e+03
3.206265524232334883e+03
2.326826971604459686e+03
1.382815620121117718e+03
1.486838563797341749e+03
1.407186700867573336e+03
3.093333923661467452e+03
1.938464173089047563e+03
1.943540933669343985e+03
1.093675795638630689e+03
3.385557459936398573e+03
4.948178567045389173e+03
4.238852481212691714e+02
4.668877240077383249e+03
4.923520780220833331e+03
2.988267962461751267e+03
4.749725134258797880e+03
3.746525181196868743e+03
2.184874886824174155e+03
8.032952440254975954e+02
5.742756289839814599e+03
4.131527028922977820e+02
6.399702264566602935e+03
9.798188708304094234e+02
2.913383557611319702e+03
4.166598221244597880e+03
1.000621978280662461e+03
7.293110706952088549e+02
2.175099089870526223e+04
5.533269532653937858e+03
9.237190946720621696e+02
1.791864089752559266e+03
4.614959803225975520e+03
3.038890078389396422e+03
2.330927517121763231e+03
7.189621596270299960e+03
7.791851871818115569e+02
3.674391128592396399e+03
1.864287188632757534e+03
1.731661415066587097e+03
2.317139049445261207e+03
1.471582975223899211e+03
9.615266106716655486e+03
1.327131266052654837e+03
1.511356453240602377e+03
4.566487477926052634e+03
2.295767304890007381e+03
1.065764610954486443e+03
5.603230443392361849e+03
1.190124522409494602e+03
1.990567839686470734e+03
1.126034534037290359e+04
6.467172482272417255e+03
1.251537811158920931e+03
7.713921641824529615e+03
4.378477158715318183e+03
1.164530021598012127e+03
4.462698427678621442e+02
9.758147381070351685e+02
2.204896535086355925e+03
2.778329901548398539e+03
4.717183167489369225e+03
4.634338982654007850e+03
5.161960273092917305e+03
5.579246235634158211e+02
1.827306774993775434e+03
7.540313625790906372e+03
1.720606833470341599e+03
3.158888069248893316e+03
2.132773223523723573e+03
2.093281040288633903e+03
2.308926886567278871e+03
4.223393615635528477e+03
6.028590894660052982e+03
3.971234993882530489e+03
8.649733351284194214e+02
1.696006689848211408e+03
1.748926272124251773e+04
3.178935791978977250e+03
2.801873660527528500e+03
1.424334639645223433e+04
1.181411623961775064e+02
1.782200351564785524e+04
8.170492760723773245e+03
1.731875248442625207e+03
3.620780341050937295e+03
6.182153622146593989e+03
9.664086737381720013e+03
1.715228820901129438e+03
2.212944383537026170e+03
3.804533394691107333e+03
9.185166671148970636e+03
7.210788587318092141e+03
2.638060049283975331e+03
4.030783775437900204e+03
1.124995146958954820e+03
2.222368169748508990e+03
5.330479548847440128e+03
1.895300297517222361e+03
1.197160947126838892e+03
4.975897050999471503e+03
2.434891725838302136e+03
3.365762514037802703e+03
6.902267007039364444e+02
1.910376481513654880e+03
8.875003459309428990e+02
4.199264419163267121e+03
1.160586284849450522e+03
5.514329951004441682e+03
2.275792619184469004e+03
1.665614054617787588e+03
2.254618181583820387e+03
2.373173095750068569e+03
1.822156947132923051e+03
1.910212923297303178e+03
1.586715066759830961e+03
3.393159249155590715e+03
3.320000308974857489e+03
4.081975972040322631e+03
4.814918939521778157e+03
9.779859878763421648e+02
2.379611468918404626e+03
7.778784009763047834e+03
8.887364515397315472e+02
9.505658468716038669e+02
3.213420860682922012e+03
4.390121746671482470e+03
8.940339261126588326e+02
3.075709579796704929e+03
1.507475598840955854e+03
2.401857584002095336e+03
2.828060310845923141e+03
4.011419945175997782e+03
9.187829675845898691e+02
8.243431571918381451e+03
3.090793235092497980e+03
3.612087913508766633e+03
9.777925980526630156e+03
2.696443343193051078e+03
6.599719021367881396e+03
1.747970107594469937e+03
3.847135159734818899e+03
7.943320885939381242e+02
3.455625782315934885e+03
1.620100080938309702e+03
1.202963044595414203e+03
3.589965805407244261e+03
6.789348309146420206e+02
3.183160333626380088e+04
2.590793826179083680e+03
2.971568324160653447e+03
6.385920808254365966e+02
1.162167947588139896e+03
4.599989785002006215e+02
1.589508178932870123e+03
2.649735582248023093e+03
2.627254332262259595e+02
4.873461987841405971e+03
4.495283752895127691e+03
3.322114321260588440e+03
1.405242954067238543e+03
1.295707832475377700e+03
5.618461690192643800e+03
4.806534412841539051e+03
5.002100216767167694e+03
nan
1.496025491328741737e+03
2.341607017075233216e+03
2.747583749432284549e+03
1.088930417383674921e+03
1.313434539722883073e+03
1.447177673383486535e+03
3.197602652719036087e+03
1.619615674118914058e+03
1.437215069552036312e+03
6.243138749731068856e+03
2.559508643883930745e+03
3.299146246299434097e+03
2.238924877610214025e+03
1.543578207544602947e+03
1.613126992563543899e+04
1.624457462042839325e+03
1.192935507170235951e+03
1.179355162888585255e+03
2.487490302900109327e+03
3.111004810866621938e+03
6.987350280135497087e+03
1.536917606941955228e+03
1.850337819089028699e+03
5.117729217546197106e+03
2.426386280578531569e+03
1.450583018006163911e+03
1.844219620780223522e+03
6.195975062744398201e+03
6.325144822342697807e+03
1.562981731592314645e+03
1.411608769571862013e+03
9.370062635399415285e+02
6.727536898578962791e+03
1.357626159972784535e+03
6.154667227432524669e+03
1.190124522409494602e+03
4.819328218330822438e+02
3.086381970531321258e+03
2.954705459495481819e+02
1.784796391915963977e+04
8.943443119263472909e+03
2.961031593099594829e+03
1.974866019736924045e+03
1.592571016423177525e+03
5.021348134202651750e+02
8.577670392513184197e+03
3.749585786080041999e+03
7.411411300019542978e+03
6.970374774003946641e+02
4.237361054175838945e+03
1.529096471927388166e+03
1.615642300179263884e+03
1.788284166622922612e+03
1.249710986014947821e+03
3.522819036233367456e+02
1.180958271362489313e+03
1.250606839190846586e+04
3.405862618967765684e+03
5.537830164224032160e+03
2.078198323191088548e+03
1.838300849964071631e+03
2.615913478190064325e+03
2.324431890938729794e+03
3.021325448191634223e+03
2.752811321202470481e+03
4.602602414966446304e+03
1.294058931863551379e+03
2.565887383053778194e+03
3.055524598720488484e+03
1.121388610661805160e+03
7.731397197652803470e+02
9.377042784411467437e+03
1.080853445873003511e+04
1.046112822646922723e+03
1.468353435359713785e+03
1.477254797805571116e+03
7.620815471421284428e+02
6.385920808254365966e+02
6.131609843395735879e+02
4.603441136394315436e+03
5.829563307820722002e+02
5.199364874034457898e+03
2.599583031819214739e+03
7.944789930066146553e+03
1.476641850042467695e+03
4.411248553510501552e+03
4.888452286144971367e+03
1.784235155623753599e+03
2.035087198066348492e+03
3.899712365177289939e+03
2.097841249842904290e+03
4.968515791615142916e+03
1.146765649203234534e+04
1.343144126300318931e+03
1.018915267434150906e+03
8.020936679266178544e+03
2.985516236866109921e+03
4.984827117392559558e+03
3.794817773023846712e+03
7.152791645611677041e+02
2.919902161189694567e+01
1.394495700353380244e+03
7.471621477902283004e+03
2.349827972254485758e+03
4.590996493689681301e+03
2.143797796165294130e+03
2.398736289941033192e+03
1.124995146958954820e+03
2.642848264576405199e+02
1.458317711476814566e+03
2.228431714537745393e+03
1.666015641018576389e+03
3.301004322509385247e+02
1.948804029152370049e+03
8.739649692842824152e+03
3.315546303799553698e+03
1.684959735126020632e+03
1.061870569522761252e+04
1.333816564465588954e+03
2.879993710801115412e+03
4.692584946540339843e+03
6.385920808254365966e+02
9.506309804598719211e+02
1.723004549264964226e+03
2.827372802050398604e+03
1.171463767468918149e+03
8.178485952122066010e+03
nan
3.240276697911207975e+03
6.331971166365152385e+03
3.146918740898623582e+03
2.370248960559546504e+03
2.225975854156492460e+03
7.206559990626149556e+03
2.387060336873148572e+03
9.645288827530119988e+02
6.399836865712971303e+03
2.791507489914160033e+03
1.723874992807267745e+03
7.428325827551965631e+03
3.044902060288457619e+02
3.085574207876184573e+03
3.768098033295180358e+03
8.092501841487453476e+02
9.291847840030015959e+02
1.547659492597095095e+03
2.389444621206511329e+03
8.819021864150372494e+03
2.511174366636025752e+03
8.336262240496631648e+02
1.666660099173229810e+03
2.169732488607276082e+03
1.148043307982455644e+03
5.413646255925901642e+03
5.833907901165050134e+03
1.766690055579077352e+03
9.755064197004481912e+02
9.975307692539784057e+02
3.311309277302434111e+03
2.462438439085489790e+03
1.265712700037881859e+03
3.459166086818200711e+03
2.202404349877067580e+04
3.375109875875722537e+03
1.475067880027247384e+03
1.662261143718121502e+03
8.825533079273142221e+02
3.595292390215000978e+03
4.545291256122623963e+03
1.450911361764199000e+03
3.311201625230583431e+03
9.600160286139876007e+02
1.982310427645270465e+03
3.298586897576388765e+03
5.769069179442953100e+03
2.383068789508873579e+03
1.230034363702970040e+03
3.305934769482147203e+03
3.016688650455288553e+03
5.426303357195043645e+03
3.596609112593181635e+03
3.192746733803275220e+03
1.011225401318422519e+04
1.688292301282027665e+03
2.904459233252695412e+03
1.267560556346008525e+03
1.823498411038225981e+02
3.998450157552828841e+03
3.025976790779212934e+03
7.493808775936553502e+03
7.898207182822918639e+02
2.601190029822834049e+02
7.048913580903831644e+03
4.292225860379155051e+02
1.467408547935977822e+03
2.878235239986800661e+04
1.338684689851786516e+03
3.857379771492104283e+03
1.737019264618483248e+03
1.477701452759488802e+03
5.443821848148109893e+03
7.906562952226440757e+03
7.913160780671195425e+03
2.316333666383574382e+03
3.995539477865736444e+03
2.235502901025238316e+03
2.335579067455763379e+03
1.421796563297452167e+03
3.353105042316383788e+03
1.097107364130168207e+04
2.142713196411654735e+03
1.697571008366485785e+03
5.522791141694141515e+03
2.752768196052275925e+03
3.619125980846195034e+03
1.207576292516588182e+03
3.936296477939084980e+03
3.546657533076608161e+03
5.863440782371633304e+02
4.975897050999471503e+03
1.785314850125493194e+03
1.610924181648797003e+03
3.662515585756391829e+03
1.181634490420111615e+04
1.181410448080280275e+02
2.368761735610285996e+03
2.346171675813791808e+03
8.627493152073241163e+02
1.062167960278462260e+03
7.378908952618503463e+03
4.279932035061676288e+03
4.258232620341362235e+03
4.943151854411918976e+03
1.107889728756309523e+04
2.683352630792959644e+03
2.209298426436213958e+03
3.802835694692406832e+03
2.048701000040401595e+03
4.275015520689899859e+03
2.392856553913919470e+03
4.007644809868498669e+03
1.045516937794010482e+04
1.261161684995159476e+03
4.582122166757982086e+03
3.910035508078065050e+03
6.410013468951938194e+03
1.819250174381306715e+04
9.453704807337882812e+03
4.437771938212408713e+03
5.247419152715043310e+03
5.168820687388120859e+03
2.766313123010141680e+03
3.236005493602337992e+03
2.046562374049117807e+03
5.917362107461779487e+03
5.467975089463211589e+03
1.445281280277384894e+03
3.366061806785126009e+03
5.235709925688468502e+03
3.027986191160783710e+04
4.083420325665202654e+03
2.082206994232427405e+03
1.092956735149387214e+03
3.228063955778048694e+03
4.154375642775672532e+03
4.420165814349643369e+03
1.742406780377357336e+03
4.527272932048897928e+03
1.556718656921162165e+03
2.565470860773654294e+03
1.009648186370365329e+04
8.504863347361309934e+03
1.439555724966664457e+03
3.873434207181061083e+03
3.624960349221463275e+03
9.458823819206950247e+02
2.606843819815840106e+02
4.016466077702088569e+03
3.720733245338084089e+03
1.583551271160506815e+02
1.156349710155060166e+03
5.040584564158233661e+03
7.515817098818964951e+03
4.535121673269606617e+03
2.343033147449300031e+03
4.666421669727924382e+03
1.294058931863551379e+03
1.072391044722290098e+04
6.129009617844699278e+03
3.400890903738426005e+03
1.679196247513662911e+03
3.356930494040806479e+03
3.172853743179102366e+03
3.053466722749481050e+03
1.012670532069462183e+03
3.399816211570636824e+03
9.722357832823809076e+03
9.363360444113498033e+02
1.811747704826135987e+03
3.575075214641649836e+03
2.525404902066608884e+03
5.000353587868675277e+03
7.539169188281156494e+03
4.370100688165657630e+03
4.964515453206752682e+03
9.438607413866094475e+02
8.492744186134931397e+02
1.452115815965735010e+03
8.074773802655108739e+03
1.329940522053030691e+03
1.229868977585198991e+04
4.583277576964075024e+02
4.311814899964229880e+03
3.458503181453724210e+03
1.649314564813422521e+03
8.557744945572496817e+02
1.887042245545888363e+03
3.772730320417704661e+03
4.224776817298682545e+03
1.339364055416486735e+03
1.827945705597520600e+03
1.497634719070459141e+03
9.349624096313025348e+02
2.308539797983538392e+03
1.917685910369651992e+03
1.990085448053067466e+03
1.895595088875603096e+03
1.334395667844320997e+04
3.716863129644890705e+03
3.595110101624698473e+03
1.810850549641552425e+04
1.368917515463904692e+03
1.621093717510831084e+03
3.369932415425813360e+03
9.980507806408451870e+03
1.430704040393248306e+03
3.390736446953535051e+03
5.019386026469240278e+03
3.343374742829372735e+03
4.085055909414082180e+03
5.842682196407089577e+03
5.916944500699681839e+02
3.409791025873622857e+03
2.500213071156271326e+03
1.647247436543927051e+03
2.324649565092355772e+02
1.543656967494285936e+03
9.403180947266748717e+02
1.899362085781649057e+03
2.565562400256588262e+03
1.080062271441862322e+04
2.400113121739892904e+03
5.021348134202651750e+02
1.270120800674130578e+03
1.302324420338855361e+03
2.966028247655011910e+03
1.638742042096053865e+03
1.555245310143997358e+03
2.724759169158455734e+03
1.001901101739374440e+03
6.875683714430542750e+02
1.163379281883347858e+03
3.885104104154728702e+03
4.193154550862197539e+03
3.447960152057547930e+03
2.053441204026118612e+03
1.595844369020112708e+03
1.310266008774502325e+03
1.139784508786824063e+03
2.032286557630100788e+03
1.113556377230372163e+03
1.789549657396261409e+03
1.048452409174853301e+03
2.670240624809684505e+03
1.086894675351230399e+04
1.134827227930659092e+03
1.394675815361014429e+03
2.449027410339436756e+04
4.519931847444488994e+03
1.871381369314439098e+03
4.069333506557298733e+03
1.703023084840531510e+03
7.032520575311940775e+03
3.336285390254295635e+04
1.722452057368061560e+03
8.735375241314781306e+03
7.505097265547864481e+03
8.446998959627631848e+03
5.290269145755039062e+03
1.720631481258526264e+03
1.597705875817883680e+03
3.820870612777637689e+03
2.310935368262442353e+03
8.382544737963549778e+03
2.348197940171653215e+02
2.182468993590437094e+03
1.839479104780732996e+03
2.759580441465362128e+03
2.062349268355320874e+03
2.090454276039145952e+03
8.002486634929434331e+03
2.611139355489549416e+03
1.675698442409787049e+03
9.747453051066055195e+03
3.657750397709130539e+03
3.487488070605214489e+03
9.179377299165989825e+03
8.837638547885809430e+02
1.753470523070815830e+02
3.311309277302434111e+03
2.554762659017527767e+03
1.959777115025251533e+03
9.374566379841753587e+03
1.906548327175253235e+03
1.024863699990851728e+03
2.921393827963591775e+03
1.818979626337622221e+03
1.171951395300166496e+03
5.900389809138984674e+03
6.787332570483423297e+03
2.088608281195767631e+03
2.371010029210490757e+03
2.639524733503566040e+03
4.135672830254932705e+03
5.997250384401251722e+03
7.458467055990116023e+03
4.291003766230358451e+03
2.694218111243974363e+03
1.412568605217929689e+04
5.400818463846583199e+02
5.850374966925120134e+03
3.445974472483359477e+03
2.205871524834839875e+03
3.294010246397613628e+03
3.809248973699011913e+03
2.399734790551438891e+03
3.574525646431196947e+03
4.743901248820613546e+03
2.518523485123726914e+03
1.042202931108917255e+04
1.922906743272483936e+03
1.234455462373030605e+04
1.562482127312029661e+03
3.742806396058422706e+03
1.038780011107219798e+04
1.958076753973764653e+03
1.931613765808054040e+03
1.731822462257240659e+03
9.725101426344488573e+03
4.183304408784449151e+03
3.024184563610391706e+03
1.489086364537881309e+04
2.956442044397003883e+03
1.705243974582332612e+03
1.957340108992230853e+03
1.843953246425232692e+03
2.978849751807350003e+03
2.930051445782390147e+03
4.038052306162705918e+03
1.422394967213595237e+03
1.052308296739709476e+03
2.200097164433202124e+03
1.758371770839584997e+03
3.987294337794241528e+03
4.221509745752849085e+03
1.647952202010227438e+03
3.039111446428197723e+03
6.670480413643975226e+03
2.223849677161334057e+03
3.719567230200815175e+03
2.481549437138708527e+03
2.485619692597113954e+03
2.307738488077479815e+03
3.522453995061835940e+03
1.240176769774193417e+04
8.578875237278120039e+03
1.164013798000712814e+04
5.016253925012333070e+02
7.771446632531962678e+03
1.460334021276973317e+03
7.517369513333965187e+03
2.487091793350516127e+03
