1.062818823460823523e+03
1.326126718526734066e+03
2.489208753688810248e+03
1.300347998683365404e+03
3.217143858983658447e+03
7.250368161502102566e+02
2.647825226718368867e+03
4.470807341892765180e+03
8.026328849671427861e+02
3.021398170198120852e+02
1.213042340239693203e+03
1.308229829663039027e+03
3.792147779114353398e+03
1.549028195863204928e+03
2.697911497271814824e+03
1.540666734932941154e+03
5.916476365022701884e+02
1.116583561106378966e+03
1.987863512763684867e+03
8.146488277149169335e+02
2.066360883746896775e+02
1.335318408124636107e+03
3.568951032056566874e+03
7.399749980135899250e+02
1.777799469597878669e+03
3.805904921015062996e+02
5.300588058962347304e+02
8.159776188361857976e+02
1.835618583397753810e+03
1.279316169240308454e+03
2.210471557141092489e+03
8.168403235525848913e+02
1.421143877593272919e+03
8.238772257438411089e+02
1.396578087788195035e+03
9.609999402024255915e+02
2.009453799310620525e+03
3.500678956611986450e+03
4.541686156852381373e+02
1.229095652541677737e+03
2.849489586013697590e+03
2.084244562210659296e+03
1.351748572177547885e+03
1.695267987901482456e+03
1.573557670462368833e+03
2.866577784574779344e+03
2.255157463113199810e+03
1.841262969414456393e+03
2.052384053297044375e+03
4.272258946511198701e+03
1.100553571355188296e+03
1.485352752758285988e+03
1.070926288169489681e+03
1.371042960725527109e+03
4.838025070555497678e+02
1.269674515570634867e+03
7.506007043186765486e+02
3.038140212680185073e+02
9.315044247292134969e+02
7.547654105320929148e+02
8.129515437587903079e+02
3.210851099150548180e+03
1.260623497599915481e+03
8.314557957101443435e+02
2.417411565893807619e+03
3.444829911477274891e+03
4.379422893118767206e+03
3.154897343781598465e+03
1.920137733097902355e+03
1.014044531021478178e+03
6.014490618776252262e+01
2.652062015472201892e+03
1.429723615311985213e+03
2.936470981802769074e+03
3.552050285675880787e+03
8.525028481592314620e+02
9.608223814667786428e+03
1.122098161845259483e+03
4.395005507407116056e+03
2.164060156583242588e+03
3.153084533942919734e+02
1.972625702689910213e+03
7.158740819236700190e+03
1.434634656645778023e+03
1.631167662967260640e+03
1.694671388749621428e+03
2.871814614961398092e+03
1.172456145201761956e+03
6.941377768180390149e+02
3.636654170279809364e+02
2.202546900465135309e+02
2.709360626571314697e+03
2.711137851418411174e+03
1.053783970823072423e+03
6.231431602914453833e+02
1.430137416546082704e+03
1.382120807731395644e+03
1.378560182944414464e+03
1.255493335718328126e+03
6.092382834002046366e+02
2.364280604132073904e+02
8.058033598803699533e+02
1.783348197162932593e+03
2.772355860062494685e+03
8.500538131542990641e+02
1.263936646194175637e+03
1.077516994032956518e+03
1.246294351135038141e+03
7.841682419338779937e+02
2.016506123034862185e+03
8.347962199884494112e+03
1.092944342680985073e+03
4.993022272174210229e+03
2.058092978506314921e+03
1.850074255233308349e+03
2.482146463638712248e+03
2.359121734441980607e+03
1.016292514972824051e+03
3.164499069257508950e+02
2.492606765863936744e+03
1.810909444763028660e+02
8.204091922419995626e+02
9.450676788693756407e+02
4.107002269040765896e+03
1.385173014702404998e+03
1.458798441780917756e+03
7.102912638510126726e+02
1.500594147207490550e+03
1.661100392919868909e+03
1.261047209269535642e+03
4.131527028922977820e+02
3.802020596655066811e+02
2.481892418270159851e+03
1.277935485309336173e+03
7.287611050024897850e+02
1.284960555665268430e+03
4.326512199557447502e+02
2.843226303696602031e+02
1.783936867959989286e+03
1.369370262613112118e+03
1.400396389307471964e+03
3.017570869703767130e+03
9.396136192089336419e+02
3.968642138555402198e+03
2.097233689751208203e+03
7.490594651918620173e+01
1.874659738413769219e+02
2.540115702037396204e+03
3.470691432117092063e+03
9.035813240920497265e+02
1.831182286127128236e+03
3.572758849316559917e+03
2.343285480655632000e+03
7.341208258595731877e+02
9.584258880219741741e+02
9.328887509351239942e+02
1.647464880253932733e+03
2.930481536477042255e+02
1.346439893075243390e+03
2.229958675060439418e+03
2.641631109442634511e+02
nan
5.890930273962352658e+03
2.506620354946136615e+02
7.846613512480629424e+02
2.014281640695829310e+03
2.747147436895723786e+03
6.868935163089158777e+02
1.969680105755303885e+03
1.269470384998699728e+03
2.473349297795220991e+02
8.835560930310546155e+02
3.466423538793168063e+03
1.460592038376121764e+03
1.581500530330952643e+03
3.109634082724046948e+03
3.059206131129705682e+03
2.733326745627747414e+02
8.480739844615114862e+02
1.528169158694325688e+03
3.252462866944481902e+03
1.267570721874736364e+03
3.693085308963734406e+02
1.640025612094256076e+03
1.190606916228197178e+03
2.685215899392859455e+02
2.647256112514578490e+03
1.452243967947516467e+03
1.237437522168864461e+03
1.388553272090792234e+03
2.393515426389459208e+03
7.496941363199790430e+03
9.411294887960724509e+02
1.777895095681261409e+03
8.421546507332099281e+03
1.904854998545505168e+03
3.758371481380666410e+03
2.500472190319866513e+03
2.240140580730945032e+02
4.319670610967803441e+03
5.638267245578494112e+03
3.529109589365370994e+03
3.167250775912676545e+03
1.213481017178161494e+02
1.377690606432187451e+03
5.795801277185519211e+02
5.330595181766773749e+03
6.316605773503551063e+03
1.368540796033259085e+03
1.744721003580465322e+03
5.436550699325944151e+02
6.785726614155893230e+02
8.894275487207325568e+03
3.020044596197232750e+03
2.755895215807800923e+03
2.300506608481457988e+03
6.666970665772450957e+02
9.315029995192525121e+02
1.402673773711456079e+03
2.497065690959738276e+03
7.257835845916380322e+02
3.155026325024547987e+03
1.568145134724084073e+03
2.269874897238563335e+03
1.097497119552186405e+03
1.181410448080280275e+02
8.854111795929592290e+02
6.895901150180171499e+03
6.054960047941668563e+03
1.073564970459278584e+03
2.065445167016667710e+03
1.642301559648074772e+03
1.107720980038683592e+03
2.249357460902106595e+03
1.605027382421680386e+03
6.103141820249204102e+03
5.743522105401867748e+02
1.178156325784989349e+03
2.923979099683198910e+03
9.310008751333440387e+02
1.780216491180433195e+03
1.172545414008190619e+03
1.637728852985116191e+03
4.173219356669076205e+02
1.813662430224810350e+03
2.434178358730640412e+03
2.355729970096321267e+03
5.745301999841826728e+02
2.422505077436045212e+03
1.881663665604257858e+03
4.073543597407462471e+02
5.775168306404715395e+02
5.365482964539162367e+02
6.390559389196417214e+03
2.644921434013475391e+03
2.620524942393315541e+03
2.188143117115704172e+03
1.691429343413516335e+03
2.514730989469844360e+02
1.052250898625030686e+03
2.168718236105861706e+03
5.054669076769719709e+02
2.737059129654393473e+03
2.699840321672751998e+03
2.803751417604071321e+02
1.757995831092757498e+03
5.407007838690303288e+03
1.389618406812067633e+03
1.000687690793654838e+04
1.207460432527088415e+03
2.349836074734391332e+03
3.729872951014929640e+03
7.183992925831909133e+02
1.165183989220797230e+03
3.312057440065958872e+03
2.456511375949163721e+03
4.357142482584845311e+02
2.436457972026944390e+03
1.758274949742431318e+03
1.152844376261804200e+03
1.536671955112791011e+03
2.743295551492699815e+03
7.441481681689796233e+02
4.224782398436191215e+03
1.152494994774041288e+03
6.199024948908132728e+02
9.757570820608802023e+03
2.009138014729887345e+03
1.183757119319741605e+03
3.278145458507735384e+03
2.380112173988842187e+03
2.089872933364499204e+03
2.044264905526879602e+03
1.282365311538279002e+03
1.738211343229708064e+03
1.445254382854175674e+03
2.205382045116774407e+03
7.671339270809811524e+02
8.875458595790569234e+02
2.841769629053266726e+03
6.821749823953015266e+02
2.083232197490040562e+03
1.919689914432204205e+03
1.858202570458064997e+02
7.336327723334218717e+03
1.932783863606143314e+03
4.400755835182206283e+03
1.853423903593816249e+03
1.282442309057939383e+03
3.110633301199311518e+03
9.775633221649400184e+02
5.162509560126532904e+01
2.619961183058414008e+03
1.636147448027505106e+03
2.995515567184858810e+03
3.457766731748612074e+03
2.578861565964700731e+03
9.166951773312828209e+02
2.988387104651656500e+03
3.776270519682483950e+02
1.237415654244021198e+03
2.266399755692867529e+03
1.926144163564110841e+03
2.454410362143360999e+03
1.051869460211347814e+03
3.966899322992452653e+03
4.675402725840476705e+03
8.649576395155197588e+02
1.934126684629973170e+03
4.648975236360838608e+02
5.824142127553147930e+02
2.917373802198921112e+03
2.456344932326106573e+03
2.636891310748549131e+02
1.850363494615613490e+03
5.206619671160201079e+01
1.037870753421169866e+03
6.984163895412305010e+02
5.603704315026631093e+02
6.104576976744644526e+03
2.059559503311483240e+03
1.474281882174688462e+03
1.831797769085206255e+03
1.002890165675410231e+03
7.272072884775596322e+03
9.595099299952563570e+02
1.246590179334668619e+03
2.078410637133912587e+03
1.754666786295493239e+03
5.450312594089001550e+02
1.335328802854098512e+03
1.889417763747125719e+03
1.618297645856978306e+03
5.317009829638818701e+02
2.326734429725849168e+03
1.382815620121117718e+03
1.791445351363259078e+03
1.140389869523809921e+03
3.093333923661467452e+03
2.701805814650466800e+03
1.333441032172416499e+03
1.272870359665055730e+03
7.505961002481727746e+02
1.509172891254520664e+03
4.238852481212691714e+02
5.253665698298724465e+02
4.923520780220833331e+03
2.932789381143109495e+03
1.525046296581918796e+03
2.069867674784314659e+03
6.885951331258906976e+02
8.032952440254975954e+02
1.433157914021765919e+03
4.131527028922977820e+02
1.447783633896743595e+03
9.798188708304094234e+02
4.674033722580902577e+02
3.320753515053875617e+03
1.000621978280662461e+03
3.398167743260326915e+03
5.511718101848358629e+02
5.710634154937823723e+02
7.509040986088825775e+02
1.791864089752559266e+03
9.938917505100604330e+02
1.261546432802482059e+03
9.216666700148552991e+03
1.180159670738594514e+03
7.791842783161001762e+02
2.504294618525533224e+03
6.116704817465565611e+02
3.305357847992146617e+03
2.081619074013622139e+03
1.471582975223899211e+03
8.398911893996396429e+02
1.327131266052654837e+03
1.511233536703509344e+03
2.183618835251150358e+03
1.124066330632518202e+03
2.308942406151031264e+03
9.810808862005420679e+02
1.195599235107180903e+03
1.260577829058556290e+03
1.358036782023843216e+03
6.467172482272417255e+03
1.251537811158920931e+03
5.694457893005293272e+02
1.781075954786491593e+03
1.008855957308121219e+03
4.462698427678621442e+02
1.076763026168524220e+03
3.237476783760846502e+03
1.769371064030134903e+03
5.010207948663853017e+02
1.601213735511342975e+03
4.832180744047308508e+03
1.779442897235893497e+03
2.133601753701548660e+03
3.511148921377226770e+02
1.014787881286833112e+03
3.158888069248893316e+03
2.132935048638640183e+03
2.092347898651531068e+03
8.986296840887468989e+02
1.761010223455456526e+03
1.523091717772151924e+03
3.202636989555840955e+03
9.294226125700639614e+02
7.775955733633738873e+02
3.623760800260049564e+03
1.789597070601410223e+03
1.042245360870695549e+03
3.722177189818008173e+03
9.756155622472083451e+02
1.043638589840971690e+04
1.041466509737395199e+03
8.153232025522556796e+02
2.268858535974551160e+03
1.242811023372750014e+03
4.775881248697186493e+03
2.539357245380688255e+03
1.633847738545995981e+03
1.405282329965404415e+03
1.917770807845156014e+03
4.302787042903053589e+03
2.092566227539191914e+03
8.452967458540310872e+02
1.053292394491117420e+03
5.644660483388482817e+02
1.292967209783282897e+03
8.990740113385348877e+02
1.197160947126838892e+03
1.759895427658406788e+03
3.519154350987696944e+03
1.154804348536572888e+03
5.549413430068276284e+03
3.808639560487596327e+02
9.974144660207748530e+02
1.084062508775612969e+03
8.198407534440983000e+03
5.979068090626342382e+02
2.778076762973392761e+03
1.665614054617787588e+03
2.210285896447192499e+03
2.161123577621473032e+03
1.822156947132923051e+03
6.089261720963306288e+03
6.808980033001707852e+03
8.125201324185603653e+02
1.644352776429429014e+03
4.588453986476765749e+02
4.814918939521778157e+03
1.411266426703227353e+03
6.612857887603942686e+01
5.674407166143699897e+02
1.088522085700392381e+03
9.505658468716038669e+02
1.422847284727160968e+03
3.665219915505075278e+03
3.713785006522417461e+03
2.457731870501258982e+03
8.560236919000687976e+02
8.491761445144832976e+01
2.066073169418360067e+03
1.426129827051112215e+03
7.487901518415944793e+02
9.083948454394050032e+02
1.180745373474569988e+03
6.604503276397967966e+02
2.087467592491620053e+03
7.359307153798287118e+02
6.599719021367881396e+03
1.748389928249323930e+03
2.510386775815570672e+02
1.888592187242247292e+03
2.879110053159536164e+03
2.202304513524706636e+03
1.338159521575135386e+03
6.627212791242358207e+02
4.820207588769918630e+02
2.783524810413078376e+04
2.590793826179083680e+03
3.244798286839529737e+03
6.385920808254365966e+02
1.889417763747125719e+03
3.318502425622486953e+02
1.220379694625092043e+03
7.026431120526996210e+02
2.697911497271814824e+03
1.492327771087110932e+03
7.820076895062595668e+02
3.322114321260588440e+03
1.650016303921324834e+03
4.332634342468026261e+03
3.421791528248677878e+03
2.664416742280040125e+03
2.235488118751224647e+03
nan
1.496025491328741737e+03
8.690910877912299384e+02
6.932481065212209614e+02
1.262224905190952995e+03
1.258787568746271972e+03
1.611762536065198901e+03
2.357738468895273854e+03
2.424323176052490908e+03
1.437215069552036312e+03
4.312400546608630975e+03
2.775204097051444933e+03
4.089704186507123268e+03
2.759965477480751815e+03
1.543578207544602947e+03
2.181718447307639053e+03
1.580998832558143704e+03
7.603266357853467525e+02
1.179776480470672823e+03
2.496027303568369007e+03
2.011611919254905388e+03
7.700413505654558321e+03
2.495631698301887354e+03
1.850337819089028699e+03
1.049518867451758160e+04
3.753353504287802934e+03
1.089366583993743689e+03
1.844219620780223522e+03
1.232695420551626512e+03
3.125815175903174350e+03
1.517722865694893471e+03
1.452933035777982695e+03
6.506168396103410032e+02
7.283199275469878557e+02
9.668052821808591943e+02
6.062520540946885603e+02
1.195599235107180903e+03
4.819328218330822438e+02
7.791394535115707640e+02
2.954705459495481819e+02
3.557853565685422836e+03
2.506620354946136615e+02
2.621216218403245648e+02
2.285466433809603586e+03
1.902884493252429650e+02
1.586407162131276436e+03
1.186782590626476576e+03
3.749585786080041999e+03
1.883728535514335363e+03
2.374209557599820982e+03
1.491313705913734111e+03
1.084006786148077936e+03
1.882408635660147638e+03
1.764761288835819869e+03
1.233824286657766606e+03
3.522819036233367456e+02
5.500064677848118890e+02
7.729158603081432375e+03
2.274354274515780617e+03
5.537830164224032160e+03
5.236853735006407987e+03
1.838300849964071631e+03
1.293900243695415838e+03
2.769059666790672054e+03
6.735918336036526171e+02
1.633523138816581650e+03
8.039884953490908401e+02
1.679443645311298496e+02
1.732594332221741752e+03
1.293453943112192746e+03
3.759051626721050070e+03
7.731397197652803470e+02
2.171123534799167828e+03
7.407554189233271700e+02
2.466533239602232698e+03
1.607723806068040631e+03
1.378560182944414464e+03
7.620815471421284428e+02
6.385920808254365966e+02
6.131609843395735879e+02
4.603441136394315436e+03
4.773929844074066295e+02
2.694554126600053223e+02
2.273054833349664477e+03
9.937690341032966899e+02
1.476641850042467695e+03
3.001420180505511325e+03
3.070800646152941226e+03
1.782087262956006953e+03
2.213645906526803174e+03
3.899712365177289939e+03
1.691829068632363715e+03
5.014020607750334193e+02
1.453471566240560151e+03
2.082330322618417085e+03
3.403712767617852933e+03
1.049271197258173743e+03
5.077660444353365961e+02
4.986708389904446449e+03
1.468910044944566607e+03
1.148438351341284260e+03
2.859382261596852459e+03
1.188629100260452105e+03
3.222006091278220538e+03
2.349409611224378750e+03
2.902726821149705756e+03
2.729033599786568629e+03
8.805752895480052757e+03
1.158243569733696404e+03
2.642848264576405199e+02
1.317690543524847953e+03
2.041857045961377707e+03
1.251109931955926697e+02
2.116286707243582441e+03
1.940332796917253063e+03
2.800639889326320372e+03
8.467725489507165193e+00
1.291098825008938775e+03
2.478548653175189429e+03
1.626590589287495504e+03
1.962420569240166515e+03
2.427233205699197242e+03
7.841682419338779937e+02
1.698317942091867280e+03
1.349796847840666032e+03
5.448100642769935575e+02
3.300399453707331304e+03
3.152217959751143553e+03
nan
6.441631858224295684e+02
1.405455999889722307e+03
3.273322930668816184e+02
2.030078160877628989e+03
2.225975854156492460e+03
1.189407643613040136e+03
2.387029870485845095e+03
9.645288827530119988e+02
6.231570208352597547e+03
2.791507489914160033e+03
2.523653342784487904e+03
2.260872014897106226e+02
1.668130257784662945e+03
3.615809084926999617e+02
8.617561487588103773e+03
1.643242593900225529e+03
2.838318928218682231e+03
2.285570570109414348e+03
1.317154237223516702e+03
4.201980778526715312e+02
1.979630033151892803e+03
8.336262240496631648e+02
1.666660099173229810e+03
1.583230718272003742e+03
1.019231336365328843e+03
4.429171412445227816e+02
3.097755520763417735e+03
1.766690055579077352e+03
9.842270168107411337e+02
9.975307692539784057e+02
9.569969082011358807e+01
2.229857858486256646e+03
1.062711935992284452e+03
1.216474787432998482e+03
9.509593270258863413e+03
3.040413617397643975e+03
8.008854879228599657e+02
1.662261143718121502e+03
1.507943763155938086e+03
3.595292390215000978e+03
3.379656476326866596e+03
1.546380401860615848e+03
1.442498579240350182e+03
9.600160286139876007e+02
3.303216248625757089e+03
2.020614206653980546e+03
2.757014502061764688e+03
2.328701557408863664e+03
9.844554496699365700e+02
1.476267472950466072e+03
9.234758281685366228e+02
1.055540435360741640e+03
9.290113238576424237e+02
3.909319668376807385e+03
9.386727523717630902e+03
2.738518268574059221e+03
2.904459233252695412e+03
3.003829488153207876e+03
1.823498411038225981e+02
1.357589139437619906e+03
7.292512315459794081e+02
2.262102811488983207e+03
7.898207182822918639e+02
6.895023748538276323e+02
6.895674097017731583e+02
2.279715976964639594e+03
1.467408547935977822e+03
3.509268537422496138e+03
1.338682079367898041e+03
2.929089712532342219e+03
1.740793724960481768e+03
1.406340107703422291e+03
1.163122658089402194e+03
1.631897595645844603e+03
2.843970059021219640e+03
2.317071388961255707e+03
1.334587978393870799e+03
1.111003769457660610e+03
1.017751536647873536e+03
1.421796563297452167e+03
1.809612044929668627e+03
6.673571339164375331e+02
5.930846287500271501e+02
8.460719990429606696e+02
1.636320248934518304e+03
1.929299846451943040e+03
3.064155078923261499e+03
1.207576292516588182e+03
2.317520690337353244e+03
3.180388656268948580e+03
8.876493820469603406e+02
1.448654886005733943e+03
1.959897068568737041e+03
1.955910203175294782e+03
2.015511815780863571e+03
6.816116628277148266e+03
2.509760798374847582e+03
1.006503335608949556e+03
2.571308319560790551e+03
1.880631828087568692e+03
2.307285122446603964e+03
1.197317610772729950e+03
1.348040318447526033e+03
1.080339839150446551e+03
1.270411405226207613e+01
1.103448779931346053e+03
1.045235412071798237e+03
3.352542040381908919e+03
1.233007353953433721e+03
2.821451565578041482e+03
1.828054621919506417e+03
2.408887915094612254e+03
4.007644809868498669e+03
1.745234942904782883e+03
3.282764907296319166e+02
1.395516413868427435e+03
3.365534226300719183e+03
2.780721231502108367e+03
5.327018184311876212e+03
1.957306003723469757e+03
7.306728005320604780e+02
3.765563328751985637e+02
7.587307779643520007e+02
2.766313123010141680e+03
4.058222536177211168e+02
1.769056727106209792e+03
1.046119517477573709e+03
1.246946804177513513e+03
1.725138950479027471e+03
3.345901546578019861e+03
2.689622530440374703e+03
5.023880049547145063e+03
1.135553867988834099e+03
8.555910539098323397e+02
2.490939853951450459e+03
3.228063955778048694e+03
1.156959367667415563e+03
1.408141241460719357e+03
1.868526134780457141e+03
1.140188320082932705e+03
1.617499140504237403e+03
1.758274949742431318e+03
2.229074565241379332e+03
1.847480958213727263e+03
1.555435275955205157e+02
2.359845870489594745e+03
7.275369945060538157e+02
9.458823819206950247e+02
9.372716893420766837e+02
1.466898159628215808e+03
3.958986791333077690e+03
5.787511462794391264e+02
2.377632926201370992e+03
7.666549587487829740e+02
1.705726831570298998e+02
1.674031282542041026e+03
3.370194311131457994e+02
5.359235812722915853e+02
1.294058931863551379e+03
3.276226548173080118e+03
2.859264362997063927e+03
1.254273659146887667e+03
1.393834647688922587e+03
1.003454647577748460e+03
5.326633632735024548e+02
1.660015128241725279e+03
2.955539399783299359e+03
1.703027906332082239e+03
2.382058109183790009e+02
1.100555763756748320e+03
2.781487750554823833e+03
3.575075214641649836e+03
1.620164777441247907e+03
1.384617811425978971e+03
1.606627732995022825e+03
2.250741253360009068e+03
1.437815161127597321e+03
5.378854974625049181e+03
1.335964127831804035e+03
6.149743420869372130e+03
1.572076816311448511e+03
1.329940522053030691e+03
3.706886070852425746e+03
4.583277576964075024e+02
4.306782183001818339e+03
1.068348046603357488e+03
5.823848542622091600e+02
8.557744945572496817e+02
6.734592780991625887e+02
5.092182982271235687e+02
4.052151631586068106e+03
1.339364055416486735e+03
2.421937196774439371e+02
2.049644482852052079e+03
9.349624096313025348e+02
2.634104527508081901e+03
6.759617551624971838e+02
1.639417473017031625e+03
2.581015291348861865e+03
3.616882809929681571e+03
1.939798754854095705e+03
2.040805471494397580e+03
1.810850549641552425e+04
1.368917515463904692e+03
5.217133140265244720e+02
2.102296627372769308e+03
9.142006692054103041e+03
1.418626507663324446e+03
3.428958941009582304e+03
2.535716111612514851e+03
5.721838209712219623e+02
1.354721101979229161e+03
3.521254662186397127e+03
5.916944500699681839e+02
1.534983519074312881e+03
2.489632216697268063e+02
1.379737681618366878e+03
6.279076709694900273e+02
1.918603588505726066e+03
8.289654556691655671e+03
2.218047479523218499e+03
2.437440853371454523e+03
2.378726840759248262e+03
2.103022890103405189e+03
3.256028992709166232e+03
1.270428360815749784e+03
1.877222329678079632e+03
1.017309113595348094e+03
3.274151078333783516e+03
9.645930345873717897e+02
6.272932573321624659e+03
1.120374938849239925e+03
2.341956425124783891e+03
6.251498106604994973e+02
1.600288888879890237e+03
1.326766604508037744e+03
2.040138673744647122e+03
2.265748011074232181e+03
1.155144740536761219e+03
1.738117639911709148e+03
1.480722606843749872e+03
1.933652579226835087e+03
1.113556377230372163e+03
1.737092467897384722e+03
2.094673507397485537e+03
1.808739299693326757e+03
5.277364506558652693e+02
2.096882447024158409e+03
1.067678490749519824e+03
1.085944753627909813e+04
1.032088527973243799e+03
2.712662587411615277e+03
2.803373761417778496e+03
2.534947391548800169e+03
1.489861955974791272e+03
6.340389684475898093e+02
1.522027146232457426e+03
1.428057539302938949e+03
1.687450415116275508e+03
1.381677397196282072e+03
1.353528870256589698e+03
4.965523988650642764e+02
3.984976143771135867e+03
1.002240596112755156e+03
2.310935368262442353e+03
2.421274332101150776e+03
5.344474771280198411e+02
2.182468993590437094e+03
1.839479104780732996e+03
6.789687384809933235e+01
7.292025349079536682e+03
2.814854641691576035e+03
7.087081031125328536e+02
1.995789185397017036e+03
1.852869431657583846e+03
3.557850940775727395e+03
2.203485471285568565e+03
1.668054156373522801e+03
2.887340362622294379e+03
8.837638547885809430e+02
1.753470523070815830e+02
9.569969082011358807e+01
2.554762659017527767e+03
1.230696485907277292e+03
1.002325359557469710e+04
1.906548327175253235e+03
5.898533495063824148e+02
2.280149779419482002e+03
1.876003954713650728e+03
1.896134138758695826e+03
5.023779092081563817e+02
1.121803978347097882e+03
2.109433641172744501e+03
2.467190114445861582e+03
1.107952483442931225e+03
3.471170261280948353e+02
1.425715409192954667e+03
1.264053529363674215e+03
3.397122945826487239e+02
1.646161624826354682e+03
8.179731765099359109e+02
2.090911904833369022e+02
5.835222816989971761e+03
2.312742538787069861e+03
2.205871524834839875e+03
3.198413229655788655e+03
1.617910278143047435e+03
2.252880552393667131e+03
3.574525646431196947e+03
1.129013314207903704e+03
2.763033502271770885e+03
4.928222242255205856e+03
1.802695657186608969e+03
2.576053385825502573e+03
1.562482127312029661e+03
8.324781377309411710e+02
2.855121574696285734e+03
1.949582295007397306e+03
3.320753310002351100e+03
8.114344085586205892e+02
9.243574345170869719e+02
2.192234884032880018e+03
1.745153383141765744e+03
2.105458285883591088e+03
1.238321980284390975e+03
2.412823395325924139e+03
2.919804266875113171e+03
1.120138516067998353e+03
3.161563233005323582e+03
2.930308722395611312e+03
1.601781415125542480e+03
1.721161081171948126e+03
1.052308296739709476e+03
3.166580782400986664e+03
1.752575671968164443e+03
1.712094861755443162e+03
5.018510610762861688e+03
2.389135833418606126e+03
8.488417081652937668e+02
5.205118224522364017e+02
2.323407405133538305e+03
2.039775984568940430e+02
7.875740313519592064e+02
2.986435128730895940e+03
1.541714992591968439e+03
2.507917340400025239e+02
5.264439452963310941e+03
3.641729207554500135e+03
8.641002467167858413e+03
5.016253925012333070e+02
3.660694585462089208e+02
9.074845590297460376e+02
7.517369513333965187e+03
2.241983040656810317e+03
