3.928986856394195557e+07
9.290808898139190674e+07
nan
nan
5.584706360485458374e+07
nan
5.500014520801544189e+07
4.882063463081741333e+07
5.233381976771640778e+07
nan
5.177876954044079781e+07
6.923004870699691772e+07
4.762220882083511353e+07
4.528391091864013672e+07
6.185259595220184326e+07
nan
nan
6.176208113971757889e+07
4.894216146167325974e+07
nan
3.377667165355300903e+07
2.722056718986749649e+07
4.688923732690048218e+07
4.318586503686714172e+07
nan
4.524830923872375488e+07
4.650496835586547852e+07
3.244119088240861893e+07
4.356800293083000183e+07
nan
nan
nan
5.286014989372730255e+07
4.586775318045425415e+07
nan
2.928681047830772400e+07
4.395417459267044067e+07
4.352609858063323051e+07
nan
nan
3.691547192323303223e+07
3.736187646954345703e+07
nan
nan
nan
nan
nan
4.666727728151702881e+07
4.705455411008930206e+07
3.490842065677928925e+07
nan
3.431226918108558655e+07
7.882941850071620941e+07
5.112021053259944916e+07
4.959447377619171143e+07
5.132786054917526245e+07
4.029332646970558167e+07
nan
3.533829201610755920e+07
nan
nan
5.006235556173276901e+07
nan
nan
nan
3.835974912255859375e+07
8.067585544580459595e+07
nan
4.547768035553359985e+07
nan
3.694885088608551025e+07
nan
1.856999047409820557e+07
4.545806607770156860e+07
4.058011891838645935e+07
nan
4.483799752271270752e+07
nan
nan
nan
4.386115428125572205e+07
4.504448244129562378e+07
5.712654685689544678e+07
3.687846152852630615e+07
4.902189755637359619e+07
4.544068258649826050e+07
nan
nan
nan
nan
nan
nan
4.567038805899810791e+07
nan
nan
3.807936666384410858e+07
6.197095075564575195e+07
nan
3.736716349753761292e+07
5.147879193202209473e+07
1.999345292364501953e+07
nan
3.733702627183532715e+07
nan
3.516977133616209030e+07
nan
nan
3.576893963452529907e+07
nan
4.780995985333776474e+07
nan
3.584750300558471680e+07
4.029984599176025391e+07
nan
3.880356046711158752e+07
nan
7.135628407906723022e+07
5.031973134001541138e+07
5.669167066356086731e+07
nan
8.502937450875091553e+07
nan
4.974236304940938950e+07
nan
nan
nan
nan
nan
nan
nan
4.291115818300819397e+07
1.382150543238639832e+07
5.310579544012832642e+07
4.952018287092590332e+07
nan
nan
6.691535979833221436e+07
nan
4.292708278369975090e+07
3.851649160088920593e+07
3.791553023722076416e+07
3.974991195064544678e+07
4.212363725937271118e+07
3.181063548366641998e+07
nan
nan
3.932781544963836670e+07
nan
5.560267110846519470e+07
nan
nan
nan
3.281319814541125298e+07
4.699693122986507416e+07
3.140521886457633972e+07
nan
4.841597783809089661e+07
5.518822203233146667e+07
nan
4.882531464040136337e+07
nan
nan
nan
nan
nan
nan
nan
3.591232354986572266e+07
3.977230813283538818e+07
nan
nan
nan
nan
5.388030140637969971e+07
nan
nan
nan
4.927038158810806274e+07
5.375406561980056763e+07
3.815856591655158997e+07
nan
nan
nan
nan
8.219941206810951233e+06
nan
nan
nan
1.390137078570747375e+07
nan
nan
6.317735560048866272e+07
nan
nan
4.027266577851486206e+07
5.683842683283615112e+07
nan
4.357802476956939697e+07
nan
nan
nan
3.571565812264728546e+07
nan
3.586118868310356140e+07
nan
5.784480228665542603e+07
4.270185878504943848e+07
nan
nan
nan
3.610096994020605087e+07
nan
3.430241492719650269e+07
nan
nan
nan
4.939750346966552734e+07
4.303166100227355957e+07
4.736410581669807434e+07
3.486475199278259277e+07
nan
5.642133276292610168e+07
4.078672716023254395e+07
4.725296227485275269e+07
nan
5.827104097766113281e+07
nan
6.840940495921611786e+07
nan
nan
nan
3.413213960793685913e+07
nan
5.466936538657760620e+07
5.427505840167570114e+07
nan
nan
nan
5.827201575541925430e+07
nan
nan
4.747678080755233765e+07
2.587788947418594360e+07
nan
nan
5.081300260368347168e+07
5.497292171597290039e+07
nan
5.035217063657951355e+07
5.827201575541925430e+07
4.859993176219463348e+07
nan
3.573741397328186035e+07
nan
4.568342725930389762e+07
4.593754446806335449e+07
5.571051606549835205e+07
nan
4.319138992733764648e+07
5.789934947093963623e+07
3.579929939548540115e+07
2.929792222660827637e+07
nan
3.856282127883625031e+07
3.547271068350338936e+07
nan
4.210601486075210571e+07
nan
4.024347751969051361e+07
nan
nan
3.208201506947135925e+07
nan
nan
3.229440496792888641e+07
nan
4.597671140756893158e+07
nan
4.680243762194061279e+07
nan
nan
5.593196953743076324e+07
5.169232213264083862e+07
4.269732439371490479e+07
3.233161866525959969e+07
nan
nan
3.581276398984909058e+07
3.707917802048492432e+07
nan
nan
nan
6.481339852325439453e+06
nan
nan
nan
5.404125339710998535e+07
5.087615970139884949e+07
nan
3.590395904698324203e+07
nan
3.375835343243789673e+07
4.387102379998207092e+07
3.445596597012710571e+07
3.700616630537414551e+07
1.297006275884838104e+08
3.702940865002441406e+07
4.756200437920570374e+07
5.737145598612546921e+07
nan
nan
5.862759387401771545e+07
3.671274328108978271e+07
1.832669392266845703e+07
6.635043463613510132e+07
3.853195735181331635e+07
5.195909856330585480e+07
5.622742761603927612e+07
5.149395119301605225e+07
3.271347712950134277e+07
nan
nan
5.713392436953830719e+07
5.208654882367897034e+07
nan
7.104972623837566376e+07
nan
nan
nan
nan
4.756605553319168091e+07
3.859862812709045410e+07
1.552454439155793190e+07
nan
nan
4.239401318013763428e+07
3.568207821497344971e+07
nan
nan
nan
4.752759366397666931e+07
nan
4.732682629167556763e+07
4.519082994091248512e+07
3.173269184353566170e+07
nan
nan
nan
5.445595592268562317e+07
3.758951496389007568e+07
nan
7.148195559583663940e+07
4.920843961219787598e+07
nan
2.757453454950141907e+07
5.622938513272285461e+07
3.173116958742141724e+07
nan
3.841544429902076721e+07
nan
3.544101588478279114e+07
nan
3.006513269781684875e+07
4.378800437731933594e+07
nan
5.298942375185880065e+07
3.141452889601802826e+07
4.013044897054672241e+07
nan
nan
2.739296632514190674e+07
3.612747263462448120e+07
4.726592451786804199e+07
nan
3.798892275704622269e+07
nan
5.188810729271316528e+07
nan
2.955925445052719116e+07
nan
nan
3.190503182280731201e+07
nan
nan
3.972340393676662445e+07
nan
3.547528600314712524e+07
nan
nan
nan
4.206700012874174118e+07
nan
4.428857749176788330e+07
4.384915436123275757e+07
nan
nan
4.500429050423431396e+07
nan
4.951600089632987976e+07
3.695376859909534454e+07
4.951834478167247772e+07
7.150346787243652344e+07
3.968506953099822998e+07
5.550432937288284302e+07
3.504714287639236450e+07
6.538745608321142197e+07
nan
4.353314653280353546e+07
3.575045406942152977e+07
5.487308909458971024e+07
nan
5.613797777734947205e+07
4.924530141512298584e+07
3.645620359804677963e+07
4.612766746693801880e+07
nan
nan
4.937308382524490356e+07
4.651589613212966919e+07
nan
6.183950081276845932e+07
nan
5.227509930740928650e+07
nan
nan
nan
nan
4.527636843046188354e+07
5.936468369476127625e+07
nan
4.173458476482200623e+07
2.192895308799743652e+08
4.447020359093475342e+07
4.805906298451614380e+07
nan
nan
6.015875635727691650e+07
3.490047298399925232e+07
3.887960988302040100e+07
nan
nan
5.394039316856575012e+07
nan
4.844383439611816406e+07
nan
2.555536796935081482e+07
6.229445517188644409e+07
5.268128316576194763e+07
4.971670203969001770e+07
5.336808124464416504e+07
nan
3.193844341183090210e+07
4.242030099949264526e+07
nan
nan
4.317732757310962677e+07
3.449433857698154449e+07
5.596888568404483795e+07
nan
nan
nan
1.067099217998886108e+07
5.243147331515169144e+07
nan
nan
5.404667482282733917e+07
3.198990654946899414e+07
nan
2.513390022260856628e+07
nan
nan
4.735082541712379456e+07
4.071444502754211426e+07
2.870819028001530468e+07
3.893863594105529785e+07
2.803117577431869507e+07
4.371875944979095459e+07
5.597134362318611145e+07
nan
nan
nan
2.558180667709255219e+07
5.039855401744842529e+07
nan
nan
nan
nan
3.613909748980522156e+07
nan
1.201673571909885406e+08
nan
5.420015291745758057e+07
nan
4.661954318325042725e+07
5.208461097196578979e+07
6.644876713652801514e+07
3.499777546425628662e+07
nan
nan
4.067480267242431641e+07
3.882883065428543091e+07
5.047514666255569458e+07
nan
nan
nan
nan
6.526928246454238892e+07
3.354786856622388959e+07
nan
nan
nan
nan
nan
4.948642174185276031e+07
5.780218238463973999e+07
nan
nan
nan
1.334442939290618896e+07
4.801258818565940857e+07
5.883992116645431519e+07
3.671781561167716980e+07
3.993364793629288673e+07
6.762692770811462402e+07
nan
3.003692244374084473e+07
nan
nan
nan
4.531232489929318428e+07
4.308314474822330475e+07
nan
3.379074793179512024e+07
nan
4.807814093762040138e+07
4.183349401781082153e+07
3.295776993707847595e+07
4.852905195797920227e+07
3.465686469904708862e+07
nan
4.591224773476648331e+07
5.069487966063499451e+07
3.831978088182735443e+07
nan
5.142127972238636017e+07
4.017631658049774170e+07
4.272818740758895874e+07
6.231901061828994751e+07
4.463723964858341217e+07
nan
4.951600089632987976e+07
nan
nan
5.181388066427612305e+07
nan
nan
nan
2.684853930270385742e+07
4.395668610689830780e+07
5.655939832263183594e+07
3.690482222339820862e+07
nan
nan
nan
5.617640420664405823e+07
nan
nan
nan
nan
nan
8.198369793173217773e+07
nan
2.966371830244541168e+07
4.314098754572296143e+07
nan
3.879117912218666077e+07
5.187203460033130646e+07
nan
nan
3.634985379598236084e+07
4.891252686671829224e+07
3.873910353719663620e+07
7.518280827388000488e+07
nan
5.553391319039058685e+07
nan
nan
nan
nan
6.197095075564575195e+07
nan
4.033101495581960678e+07
nan
nan
nan
3.723746747308349609e+07
4.356832632179069519e+07
6.423841270449256897e+07
nan
nan
2.704743676746463776e+07
nan
8.586151647590637207e+07
3.826568436866497993e+07
nan
nan
nan
nan
nan
5.879301103996658325e+07
nan
nan
nan
8.124599673313140869e+06
4.326777653776168823e+07
2.920425566892051697e+07
4.230652190244579315e+07
5.093537428535896540e+07
nan
1.164197993973846436e+08
3.470139959112930298e+07
nan
nan
1.315733840266990662e+07
3.972292538653564453e+07
nan
nan
nan
4.504245570748615265e+07
1.288533496386871338e+08
nan
nan
4.304675691857147217e+07
4.103933306256008148e+07
7.460818115590667725e+08
5.860391395468139648e+07
nan
nan
5.745119956244230270e+07
4.780184083408355713e+07
1.814811853053379059e+07
4.722884352909469604e+07
5.236620142975044250e+07
5.053058245557546616e+07
4.839954677967071533e+07
4.949964215667343140e+07
4.088995953738784790e+07
nan
nan
nan
nan
3.692066877355384827e+07
nan
nan
5.385037081205272675e+07
2.610614213453292847e+07
nan
6.500297400701141357e+07
5.553254719481277466e+07
nan
3.878365156444168091e+07
nan
6.358673863657855988e+07
4.504448244129562378e+07
nan
3.087237345408821106e+07
nan
6.303053298702239990e+07
nan
nan
nan
nan
nan
nan
3.968643255844116211e+07
7.209607387224197388e+07
3.948160115779304504e+07
4.730947000333642960e+07
nan
6.426813408536338806e+07
3.284652360551452637e+07
4.706959225856018066e+07
1.013682011264877319e+08
3.115424240974235535e+07
nan
nan
nan
6.420677062984657288e+07
4.259065107391357422e+07
5.030014707891654968e+07
nan
nan
5.369839569638824463e+07
4.040836867714691162e+07
nan
4.951282154675865173e+07
nan
4.799054156083297729e+07
4.548817473880004883e+07
4.149906457763290405e+07
9.088282318791198730e+07
4.865235352666473389e+07
4.424133789865875244e+07
5.067926697393798828e+07
nan
4.007656351206779480e+07
4.702828269815826416e+07
nan
nan
nan
3.902571523860931396e+07
nan
nan
2.629800462678527832e+07
nan
4.357323051959991455e+07
nan
nan
2.703343554826283455e+07
3.547359068469619751e+07
nan
4.612716060716247559e+07
3.576770594814300537e+07
nan
nan
nan
1.143503115644340515e+08
nan
4.824130640582466125e+07
6.461363519408321381e+07
4.796862659378337860e+07
nan
nan
nan
nan
4.293952076047134399e+07
5.502614511800575256e+07
nan
5.772782959314346313e+07
3.891203717210388184e+07
nan
5.046453576297760010e+07
5.545716076482105255e+07
2.359827306198883057e+07
nan
nan
4.533745140748596191e+07
nan
3.500525315958118439e+07
5.359851185659027100e+07
nan
nan
6.150257503430175781e+07
4.535398352035903931e+07
2.994465655846977234e+07
nan
nan
nan
6.429925175345802307e+07
nan
nan
nan
3.526443893667507172e+07
nan
nan
nan
1.455034278800392151e+07
nan
3.864044754217910767e+07
nan
nan
nan
nan
4.413787453360080719e+07
6.628772290479946136e+07
2.977559741955375671e+07
nan
4.815196336337089539e+07
nan
4.367507658085250854e+07
nan
5.051281050895977020e+07
1.131535929132843018e+07
nan
nan
nan
4.664408320561218262e+07
nan
3.389739318535232544e+07
3.637138274061203003e+07
4.973246914173603058e+07
4.308296423809432983e+07
5.025072944579696655e+07
nan
4.828002009552764893e+07
3.780854528019142151e+07
nan
nan
4.729040221638107300e+07
4.657129353365135193e+07
nan
3.368738938831329346e+07
nan
nan
3.784641472128677368e+07
4.909883928783416748e+07
nan
nan
4.787594324036026001e+07
6.890796290917587280e+07
nan
2.505992496564102173e+07
2.770641374787902832e+07
nan
5.203579179088592529e+07
nan
nan
nan
nan
8.872939321031188965e+07
7.051489319943332672e+07
3.914285402933311462e+07
nan
nan
3.124505715445709229e+07
5.164531688192081451e+07
nan
5.415364750131511688e+07
5.657772686480903625e+07
5.202676477120590210e+07
4.846627677382469177e+07
4.072972138969802856e+07
nan
5.331341834991455078e+07
5.177202322138595581e+07
4.540893601631546021e+07
nan
6.421041297805786133e+07
nan
5.662869787522506714e+07
nan
nan
4.165247801907539368e+07
nan
3.417560415200996399e+07
nan
nan
nan
nan
5.354047023724174500e+07
4.783813685093307495e+07
nan
nan
nan
5.356938072729492188e+07
3.788460711147785187e+07
nan
nan
nan
3.687373107430267334e+07
4.019839008067798615e+07
4.839354034477996826e+07
nan
2.579987782107400894e+07
4.978485961167526245e+07
nan
4.591081751316070557e+07
nan
nan
1.300666846421623230e+07
nan
3.488646752694797516e+07
nan
nan
nan
4.291898252910804749e+07
4.785881886895942688e+07
4.730508214299249649e+07
nan
6.020173034168815613e+07
5.111719521638488770e+07
5.365796339086675644e+07
4.478758028380584717e+07
4.018050650952339172e+07
nan
2.776180009747886658e+07
2.961230553944778442e+07
nan
nan
5.120481402770423889e+07
5.824997456622600555e+07
3.605792422933864594e+07
5.863757226100540161e+07
nan
4.494917836932373047e+07
nan
nan
7.154798612406921387e+07
3.372154826393127441e+07
4.697843027129459381e+07
3.914549548260402679e+07
3.242940469975662231e+07
4.925258919440460205e+07
nan
4.261979592789077759e+07
3.998033567026901245e+07
5.369097580841684341e+07
4.423140520341300964e+07
5.065092988300132751e+07
1.213627080142021179e+07
3.346548526825809479e+07
4.990831748714065552e+07
nan
4.281294352000808716e+07
nan
nan
8.094056818893814087e+07
1.146960962872829437e+08
nan
5.785293456138992310e+07
4.382455883570098877e+07
nan
3.539422150518798828e+07
nan
nan
nan
2.418084230885016918e+07
nan
4.138004819810748100e+07
6.370271731933975220e+07
5.034048533039093018e+07
4.062534177474975586e+07
nan
nan
5.294460199647808075e+07
nan
6.055474549551391602e+07
nan
nan
3.550901100539112091e+07
nan
4.477235469022750854e+07
3.043299722583723068e+07
nan
nan
3.656093420014929771e+07
nan
nan
nan
4.975307635701751709e+07
4.434324839223861694e+07
3.211918969677734375e+07
nan
5.788986741229057312e+07
4.402978703347969055e+07
nan
nan
nan
8.699604682687377930e+07
nan
nan
nan
3.676371430434226990e+07
nan
4.013870346017074585e+07
6.100949654310226440e+07
nan
nan
nan
3.004671500569725037e+07
4.561305948217582703e+07
nan
5.260434492080545425e+07
5.827201575541925430e+07
4.453530434496879578e+07
5.735710372808361053e+07
nan
nan
4.984898304649353027e+07
3.898863742835807800e+07
nan
3.159288757160568237e+07
4.280130585560607910e+07
2.875653391095542908e+07
5.599654296535587311e+07
3.251578698140335083e+07
3.524859500798606873e+07
nan
5.116981033484268188e+07
4.909050945187568665e+07
4.370768677573776245e+07
nan
nan
3.979558348238945007e+07
nan
5.966197159902048111e+07
5.583574118656158447e+07
