2.034176000000000000e+07
2.474060800000000000e+07
2.279270400000000000e+07
nan
2.388992000000000000e+06
4.688128000000000000e+07
1.376665600000000000e+07
1.947161600000000000e+07
1.621606400000000000e+07
4.747110400000000000e+07
3.637440000000000000e+07
2.223206400000000000e+07
8.269824000000000000e+06
3.755564800000000000e+07
nan
9.653760000000000000e+06
1.493913600000000000e+07
2.005760000000000000e+07
nan
7.532800000000000000e+06
4.870758400000000000e+07
2.536550400000000000e+07
4.768460800000000000e+07
3.406745600000000000e+07
nan
4.909056000000000000e+07
4.435840000000000000e+06
1.120076800000000000e+07
1.699072000000000000e+07
4.495872000000000000e+07
2.143334400000000000e+07
4.362803200000000000e+07
nan
2.366054400000000000e+07
2.044876800000000000e+07
9.805440000000000000e+06
2.456780800000000000e+07
1.836946800000000000e+07
3.166668800000000000e+07
1.941811200000000000e+07
2.126233600000000000e+07
3.833241600000000000e+07
1.936384000000000000e+07
1.331404800000000000e+07
nan
2.699980800000000000e+07
1.810662400000000000e+07
1.123481600000000000e+07
8.079872000000000000e+06
1.533235200000000000e+07
7.393920000000000000e+05
7.754752000000000000e+06
2.622464000000000000e+07
1.328128000000000000e+07
2.269491200000000000e+07
nan
5.645516800000000000e+07
2.386329600000000000e+07
2.996480000000000000e+06
2.827161600000000000e+07
2.677350400000000000e+07
2.013184000000000000e+07
1.472460800000000000e+07
nan
1.856665600000000000e+07
1.972428800000000000e+07
2.236032000000000000e+07
nan
1.046400000000000000e+05
1.099280000000000000e+05
nan
4.934656000000000000e+06
4.662425600000000000e+07
1.942937600000000000e+07
8.101888000000000000e+07
1.347968000000000000e+06
3.418368000000000000e+07
3.288268800000000000e+07
2.351001600000000000e+07
8.388608000000000000e+06
3.800064000000000000e+06
nan
1.016954880000000000e+08
1.580646400000000000e+07
1.923584000000000000e+07
2.700697600000000000e+07
1.469900800000000000e+07
nan
4.200857600000000000e+07
3.475148800000000000e+07
nan
2.038169600000000000e+07
3.960832000000000000e+06
8.876544000000000000e+06
nan
1.613824000000000000e+07
1.750528000000000000e+07
1.126195200000000000e+07
1.502246400000000000e+07
1.716224000000000000e+07
nan
5.533952000000000000e+06
1.813094400000000000e+07
2.486886400000000000e+07
9.638400000000000000e+05
3.197798400000000000e+07
5.717504000000000000e+06
nan
nan
3.789824000000000000e+07
6.372278400000000000e+07
2.557696000000000000e+06
1.978060800000000000e+07
2.113843200000000000e+07
1.653824000000000000e+07
1.798912000000000000e+07
3.769753600000000000e+07
9.372160000000000000e+06
3.382067200000000000e+07
3.048038400000000000e+07
1.781056000000000000e+06
1.467366400000000000e+07
5.614592000000000000e+06
2.600755200000000000e+07
2.523750400000000000e+07
nan
1.342668800000000000e+07
4.459865600000000000e+07
9.830400000000000000e+06
1.793305600000000000e+07
nan
1.780838400000000000e+07
6.923264000000000000e+06
3.005184000000000000e+06
4.507443200000000000e+07
2.152755200000000000e+07
1.151334400000000000e+07
nan
8.641024000000000000e+06
nan
2.241280000000000000e+07
2.654156800000000000e+07
1.814988800000000000e+07
1.023897600000000000e+07
2.367385600000000000e+07
nan
3.161702400000000000e+07
3.320832000000000000e+06
4.863385600000000000e+07
9.507840000000000000e+06
7.693312000000000000e+06
nan
4.279859200000000000e+07
6.214656000000000000e+06
nan
8.015616000000000000e+06
6.551552000000000000e+06
2.820864000000000000e+07
6.574080000000000000e+07
4.212633600000000000e+07
3.021260800000000000e+07
nan
2.387968000000000000e+06
4.173414400000000000e+07
2.520166400000000000e+07
5.575168000000000000e+07
2.216960000000000000e+07
2.739916800000000000e+07
3.648665600000000000e+07
2.413056000000000000e+07
1.247232000000000000e+06
1.893478400000000000e+07
2.021580800000000000e+07
1.037030400000000000e+07
3.643904000000000000e+06
1.658470400000000000e+07
3.786342400000000000e+07
1.233408000000000000e+06
1.496985600000000000e+07
nan
1.102387200000000000e+07
7.565312000000000000e+06
nan
1.024204800000000000e+07
1.368678400000000000e+07
3.932160000000000000e+06
2.066739200000000000e+07
1.670451200000000000e+07
1.297152000000000000e+07
2.905907200000000000e+07
nan
2.164121600000000000e+07
3.175424000000000000e+07
8.524928000000000000e+06
1.374208000000000000e+07
1.644544000000000000e+07
7.790592000000000000e+06
3.322880000000000000e+07
3.741081600000000000e+07
2.245632000000000000e+06
3.703961600000000000e+07
2.047737600000000000e+07
1.504665600000000000e+07
3.272499200000000000e+07
2.805260800000000000e+07
2.774630400000000000e+07
2.014003200000000000e+07
3.845734400000000000e+07
8.535552000000000000e+06
3.615488000000000000e+07
2.836377600000000000e+07
2.183168000000000000e+06
6.394880000000000000e+06
4.738969600000000000e+07
9.422336000000000000e+06
1.263155200000000000e+07
nan
1.888256000000000000e+06
3.272166400000000000e+07
7.833600000000000000e+06
5.488486400000000000e+07
1.990886400000000000e+07
1.797747200000000000e+07
2.399641600000000000e+07
1.247936000000000000e+06
nan
6.207232000000000000e+07
nan
1.782784000000000000e+07
8.116608000000000000e+06
2.163916800000000000e+07
nan
2.387814400000000000e+07
1.574912000000000000e+06
2.034022400000000000e+07
1.504665600000000000e+07
2.864640000000000000e+07
1.814988800000000000e+07
3.036979200000000000e+07
2.165248000000000000e+06
5.292032000000000000e+06
nan
nan
2.311449600000000000e+07
2.353971200000000000e+07
3.257651200000000000e+07
2.003558400000000000e+07
4.164608000000000000e+07
1.008640000000000000e+06
4.897792000000000000e+06
2.540928000000000000e+06
2.654668800000000000e+07
4.269056000000000000e+06
2.118860800000000000e+07
3.281612800000000000e+07
8.230400000000000000e+06
1.084416000000000000e+07
1.777356800000000000e+07
nan
1.980352000000000000e+07
1.808793600000000000e+07
3.920281600000000000e+07
2.974873600000000000e+07
2.723635200000000000e+07
5.680025600000000000e+07
2.035404800000000000e+07
4.579635200000000000e+07
1.408716800000000000e+07
3.168256000000000000e+07
4.552499200000000000e+07
2.265702400000000000e+07
4.415180800000000000e+07
nan
nan
1.234944000000000000e+07
1.892044800000000000e+07
1.333657600000000000e+07
2.160025600000000000e+07
1.313075200000000000e+07
1.325478400000000000e+07
8.963584000000000000e+06
1.024160000000000000e+05
4.434073600000000000e+07
9.690504000000000000e+06
2.319488000000000000e+07
nan
1.587814400000000000e+07
1.926553600000000000e+07
nan
9.434112000000000000e+06
2.125158400000000000e+07
9.272320000000000000e+06
3.957555200000000000e+07
3.897958400000000000e+07
2.661376000000000000e+07
2.696576000000000000e+06
2.411622400000000000e+07
3.500083200000000000e+07
2.590361600000000000e+07
2.332364800000000000e+07
3.206246400000000000e+07
9.399040000000000000e+06
2.453657600000000000e+07
2.647244800000000000e+07
1.247436800000000000e+07
2.925926400000000000e+07
5.138432000000000000e+07
7.401984000000000000e+06
nan
2.165273600000000000e+07
4.520448000000000000e+06
nan
2.241331200000000000e+07
1.036352000000000000e+06
3.771596800000000000e+07
2.282854400000000000e+07
1.646848000000000000e+07
4.172544000000000000e+07
1.180364800000000000e+07
1.924710400000000000e+07
1.666150400000000000e+07
6.220441600000000000e+07
1.223168000000000000e+07
2.063820800000000000e+07
5.994086400000000000e+07
1.760409600000000000e+07
3.013939200000000000e+07
6.074368000000000000e+06
2.645401600000000000e+07
2.931609600000000000e+07
nan
1.347571200000000000e+07
3.206502400000000000e+07
nan
4.269056000000000000e+06
nan
3.726131200000000000e+07
1.121484800000000000e+07
4.074905600000000000e+07
2.919424000000000000e+07
2.324889600000000000e+07
4.809113600000000000e+07
1.739366400000000000e+07
2.234163200000000000e+07
1.599488000000000000e+07
1.926144000000000000e+07
3.404288000000000000e+06
8.147968000000000000e+06
3.467264000000000000e+06
3.348838400000000000e+07
2.147328000000000000e+07
nan
3.196057600000000000e+07
2.345676800000000000e+07
nan
3.705600000000000000e+06
1.549107200000000000e+07
2.055680000000000000e+06
1.914880000000000000e+07
4.439193600000000000e+07
3.615641600000000000e+07
9.871360000000000000e+06
6.536320000000000000e+06
2.381619200000000000e+07
nan
4.083404800000000000e+07
1.795174400000000000e+08
1.970176000000000000e+07
3.769446400000000000e+07
2.090342400000000000e+07
4.934656000000000000e+06
1.654272000000000000e+06
nan
nan
1.510732800000000000e+07
1.267609600000000000e+07
1.881088000000000000e+06
1.845606400000000000e+07
1.244160000000000000e+06
2.717120000000000000e+06
3.124838400000000000e+07
1.567155200000000000e+07
nan
8.219904000000000000e+06
4.959744000000000000e+07
1.316300800000000000e+07
3.057664000000000000e+06
2.601958400000000000e+07
nan
2.934988800000000000e+07
2.323865600000000000e+07
5.938176000000000000e+06
6.837760000000000000e+06
4.106752000000000000e+06
4.681932800000000000e+07
nan
2.886656000000000000e+06
1.734912000000000000e+07
2.372096000000000000e+07
1.736396800000000000e+07
2.782822400000000000e+07
5.513728000000000000e+06
8.677376000000000000e+06
5.308416000000000000e+06
1.722572800000000000e+07
6.075136000000000000e+06
4.604211200000000000e+07
1.331916800000000000e+07
5.264384000000000000e+07
2.408140800000000000e+07
2.053632000000000000e+06
1.608870400000000000e+07
1.754777600000000000e+07
2.411980800000000000e+07
2.021068800000000000e+07
2.978457600000000000e+07
1.048473600000000000e+07
1.148928000000000000e+06
4.939980800000000000e+07
6.644736000000000000e+06
2.025267200000000000e+07
5.184512000000000000e+06
4.405964800000000000e+07
2.180224000000000000e+07
4.889907200000000000e+07
2.372403200000000000e+07
1.089971200000000000e+07
1.599897600000000000e+07
3.375769600000000000e+07
5.026380800000000000e+07
2.483865600000000000e+07
2.744627200000000000e+07
8.306688000000000000e+06
nan
6.804684800000000000e+07
8.321024000000000000e+06
2.007961600000000000e+07
3.049728000000000000e+07
2.351206400000000000e+07
2.394112000000000000e+07
1.031577600000000000e+07
1.742336000000000000e+07
2.775142400000000000e+07
2.806630400000000000e+07
2.983756800000000000e+07
1.494374400000000000e+07
3.070054400000000000e+07
1.961600000000000000e+06
3.683123200000000000e+07
1.502208000000000000e+07
2.409062400000000000e+07
nan
4.642150400000000000e+07
1.238732800000000000e+07
3.215334400000000000e+07
1.252966400000000000e+07
2.679603200000000000e+07
1.144320000000000000e+07
2.331801600000000000e+07
9.494528000000000000e+06
4.086374400000000000e+07
2.404249600000000000e+07
5.796864000000000000e+06
6.414336000000000000e+06
nan
1.519513600000000000e+07
1.430540800000000000e+07
1.643212800000000000e+07
nan
7.035008000000000000e+06
2.351424000000000000e+06
8.026112000000000000e+06
nan
nan
6.422336000000000000e+06
1.197696000000000000e+07
2.882828800000000000e+07
5.740928000000000000e+06
4.551168000000000000e+06
nan
2.354176000000000000e+07
8.396288000000000000e+06
3.779276800000000000e+07
1.452441600000000000e+07
1.474777600000000000e+07
9.432064000000000000e+06
6.634291200000000000e+07
2.025523200000000000e+07
3.350630400000000000e+07
2.548326400000000000e+07
8.345088000000000000e+06
1.784336000000000000e+06
1.140096000000000000e+06
3.421286400000000000e+07
1.054796800000000000e+07
nan
1.943654400000000000e+07
2.752512000000000000e+06
3.411968000000000000e+07
1.521254400000000000e+07
1.464156160000000000e+08
nan
1.931622400000000000e+07
nan
nan
4.662374400000000000e+07
1.860300800000000000e+07
1.470771200000000000e+07
nan
1.853440000000000000e+07
6.588416000000000000e+06
1.101721600000000000e+07
1.023539200000000000e+07
2.072217600000000000e+07
2.310758400000000000e+07
1.206092800000000000e+07
8.747392000000000000e+06
nan
1.862707200000000000e+07
4.959334400000000000e+07
7.420416000000000000e+06
3.417600000000000000e+06
3.394560000000000000e+06
9.173760000000000000e+06
2.043494400000000000e+07
1.070643200000000000e+07
4.244992000000000000e+06
2.380864000000000000e+06
2.105702400000000000e+07
4.226969600000000000e+07
1.373440000000000000e+07
nan
6.027929600000000000e+07
1.366835200000000000e+07
3.765248000000000000e+06
nan
1.326438400000000000e+07
2.542796800000000000e+07
4.086579200000000000e+07
nan
3.405363200000000000e+07
1.516953600000000000e+07
1.525555200000000000e+07
7.392000000000000000e+06
1.275524800000000000e+07
4.647936000000000000e+07
2.355097600000000000e+07
4.106752000000000000e+06
2.882867200000000000e+07
2.008268800000000000e+07
5.128704000000000000e+07
nan
3.764832000000000000e+07
5.513728000000000000e+06
1.513984000000000000e+07
1.698508800000000000e+07
4.009024000000000000e+07
3.662233600000000000e+07
4.173414400000000000e+07
4.071577600000000000e+07
2.756300800000000000e+07
2.269593600000000000e+07
2.700864000000000000e+06
3.540915200000000000e+07
8.057856000000000000e+06
7.982080000000000000e+06
nan
nan
4.409139200000000000e+07
9.676800000000000000e+06
2.128204800000000000e+07
1.276006400000000000e+07
5.926400000000000000e+06
4.073164800000000000e+07
3.081804800000000000e+07
1.334732800000000000e+07
nan
2.308044800000000000e+07
3.028992000000000000e+06
8.499712000000000000e+06
2.264780800000000000e+07
4.394803200000000000e+07
1.550284800000000000e+07
4.149248000000000000e+07
nan
7.348864000000000000e+06
1.200793600000000000e+07
3.062220800000000000e+07
1.430732800000000000e+07
2.489548800000000000e+07
3.202662400000000000e+07
8.721408000000000000e+06
2.339840000000000000e+07
1.126195200000000000e+07
1.382400000000000000e+06
nan
6.478336000000000000e+06
3.298480000000000000e+05
5.469440000000000000e+05
2.415001600000000000e+07
1.845248000000000000e+07
3.239577600000000000e+07
2.366592000000000000e+06
3.497784000000000000e+06
1.606400000000000000e+07
1.997875200000000000e+07
1.510297600000000000e+07
nan
1.418496000000000000e+07
1.624627200000000000e+07
3.256320000000000000e+07
1.966233600000000000e+07
2.827660800000000000e+07
8.904704000000000000e+06
4.032460800000000000e+07
1.071923200000000000e+07
2.803814400000000000e+07
4.476928000000000000e+06
nan
4.918272000000000000e+06
4.163712000000000000e+07
8.882176000000000000e+06
2.126643200000000000e+07
1.780992000000000000e+06
2.596092800000000000e+07
1.961600000000000000e+06
nan
1.738496000000000000e+07
1.064294400000000000e+07
1.567129600000000000e+07
5.434624000000000000e+06
nan
3.294617600000000000e+07
4.495513600000000000e+07
1.351475200000000000e+07
3.124019200000000000e+07
8.687104000000000000e+06
1.001164800000000000e+07
2.975641600000000000e+07
nan
2.007552000000000000e+07
9.588224000000000000e+06
4.630732800000000000e+07
7.033856000000000000e+06
2.094899200000000000e+07
nan
8.299776000000000000e+06
2.448384000000000000e+07
3.612876800000000000e+07
2.226355200000000000e+07
3.288064000000000000e+06
5.623603200000000000e+07
7.634432000000000000e+06
1.255577600000000000e+07
2.399059200000000000e+07
4.197888000000000000e+06
1.465548800000000000e+07
5.106636800000000000e+07
nan
2.647187200000000000e+07
1.686732800000000000e+07
2.301747200000000000e+07
1.234278400000000000e+07
1.138329600000000000e+07
1.505356800000000000e+07
nan
6.759424000000000000e+06
1.194112000000000000e+06
2.899558400000000000e+07
1.143193600000000000e+07
4.294041600000000000e+07
nan
nan
4.663500800000000000e+07
1.004620800000000000e+07
nan
2.217779200000000000e+07
3.209216000000000000e+07
2.618880000000000000e+06
1.627750400000000000e+07
6.860062720000000000e+08
2.190131200000000000e+07
3.310284800000000000e+07
4.766720000000000000e+06
2.994278400000000000e+07
2.866790400000000000e+07
1.526912000000000000e+07
2.137088000000000000e+06
3.758796800000000000e+07
8.508928000000000000e+06
6.418432000000000000e+06
2.469478400000000000e+07
3.726028800000000000e+07
2.327347200000000000e+07
4.162304000000000000e+06
2.698905600000000000e+07
2.285721600000000000e+07
2.005708800000000000e+07
1.172889600000000000e+07
1.645184000000000000e+07
3.559936000000000000e+07
1.089126400000000000e+07
1.379840000000000000e+07
1.674163200000000000e+07
nan
2.497024000000000000e+07
1.138432000000000000e+07
9.395840000000000000e+06
9.638400000000000000e+05
3.087616000000000000e+06
2.643558400000000000e+07
2.043699200000000000e+07
1.096089600000000000e+07
2.143969280000000000e+08
nan
1.524428800000000000e+07
2.519731200000000000e+07
1.201356800000000000e+07
6.227968000000000000e+07
5.496384000000000000e+06
1.322137600000000000e+07
6.274816000000000000e+06
1.804083200000000000e+07
3.271014400000000000e+07
2.060492800000000000e+07
1.720883200000000000e+07
7.957504000000000000e+06
2.468352000000000000e+07
3.321753600000000000e+07
4.704256000000000000e+06
4.455424000000000000e+07
3.176550400000000000e+07
nan
2.502860800000000000e+07
nan
9.924608000000000000e+06
8.762880000000000000e+05
4.642150400000000000e+07
1.089024000000000000e+07
2.900838400000000000e+07
2.014208000000000000e+07
4.482252800000000000e+07
nan
2.836224000000000000e+06
1.162240000000000000e+07
3.996672000000000000e+06
5.281280000000000000e+06
3.185100800000000000e+07
4.319155200000000000e+07
1.683251200000000000e+07
nan
2.046771200000000000e+07
2.411417600000000000e+07
1.710771200000000000e+07
1.291366400000000000e+07
3.504537600000000000e+07
2.724608000000000000e+07
9.779200000000000000e+06
1.848934400000000000e+07
2.334617600000000000e+07
3.797145600000000000e+07
3.187251200000000000e+07
3.689779200000000000e+07
1.167974400000000000e+07
3.036006400000000000e+07
2.273075200000000000e+07
2.785177600000000000e+07
5.994496000000000000e+07
1.024409600000000000e+07
8.589184000000000000e+06
nan
1.613312000000000000e+07
4.748902400000000000e+07
3.356262400000000000e+07
4.708864000000000000e+06
1.443404800000000000e+07
6.293529600000000000e+07
1.310082880000000000e+08
1.785651200000000000e+07
1.481414400000000000e+07
1.272832000000000000e+06
1.073049600000000000e+07
2.031488000000000000e+07
2.687462400000000000e+07
1.940889600000000000e+07
nan
4.835328000000000000e+06
1.313075200000000000e+07
1.459712000000000000e+07
3.318988800000000000e+07
7.435008000000000000e+06
2.578841600000000000e+07
2.700902400000000000e+07
5.732352000000000000e+06
2.602240000000000000e+05
3.266611200000000000e+07
2.179948800000000000e+07
1.410867200000000000e+07
1.736089600000000000e+07
2.622873600000000000e+07
nan
1.814118400000000000e+07
1.993318400000000000e+07
3.414400000000000000e+06
nan
1.909555200000000000e+07
nan
4.326860800000000000e+07
7.161600000000000000e+06
5.134540800000000000e+07
2.028032000000000000e+07
2.086502400000000000e+07
9.960448000000000000e+06
1.334092800000000000e+07
nan
1.410969600000000000e+07
8.957184000000000000e+06
7.514880000000000000e+06
1.813606400000000000e+07
2.858086400000000000e+07
8.134656000000000000e+06
9.505792000000000000e+06
9.477120000000000000e+06
2.606976000000000000e+07
1.065088000000000000e+07
2.366630400000000000e+07
1.601715200000000000e+07
5.637120000000000000e+05
3.057561600000000000e+07
5.048729600000000000e+07
2.881740800000000000e+07
3.509094400000000000e+07
1.620377600000000000e+07
3.440844800000000000e+07
nan
3.759411200000000000e+07
1.432780800000000000e+07
3.624140800000000000e+07
4.065382400000000000e+07
1.393356800000000000e+07
3.553280000000000000e+06
2.289510400000000000e+07
9.227571200000000000e+07
6.473728000000000000e+06
4.243456000000000000e+07
1.325875200000000000e+07
1.820364800000000000e+07
1.696153600000000000e+07
5.361254400000000000e+08
9.185280000000000000e+06
2.109849600000000000e+07
1.355468800000000000e+07
1.574215680000000000e+08
8.583680000000000000e+06
6.637056000000000000e+06
2.088140800000000000e+07
nan
4.303155200000000000e+07
2.154496000000000000e+07
2.225715200000000000e+07
2.283315200000000000e+07
nan
7.897088000000000000e+06
1.781760000000000000e+07
6.404608000000000000e+06
2.087116800000000000e+07
9.236992000000000000e+06
9.309184000000000000e+06
5.040038400000000000e+07
1.863808000000000000e+07
2.700864000000000000e+06
1.405337600000000000e+07
1.320448000000000000e+07
2.082201600000000000e+07
2.744729600000000000e+07
2.497280000000000000e+07
4.504166400000000000e+07
3.338342400000000000e+07
nan
3.454976000000000000e+07
1.937408000000000000e+07
3.068160000000000000e+07
1.650150400000000000e+07
8.583680000000000000e+06
4.342528000000000000e+06
1.114163200000000000e+07
8.047616000000000000e+06
7.075584000000000000e+06
1.418240000000000000e+07
8.211968000000000000e+06
7.049216000000000000e+06
2.933657600000000000e+07
4.587110400000000000e+07
4.939264000000000000e+06
2.214144000000000000e+07
5.414912000000000000e+07
1.662105600000000000e+07
1.701068800000000000e+07
6.016000000000000000e+06
2.760089600000000000e+07
3.329433600000000000e+07
4.869324800000000000e+07
3.795763200000000000e+07
1.523982800000000000e+07
2.751716400000000000e+07
2.885683200000000000e+07
1.906688000000000000e+07
3.491020800000000000e+07
3.712320000000000000e+06
1.698406400000000000e+07
2.365132800000000000e+07
3.780403200000000000e+07
1.032755200000000000e+07
2.769408000000000000e+07
6.095872000000000000e+06
3.760230400000000000e+07
2.415974400000000000e+07
5.378048000000000000e+06
5.315072000000000000e+06
2.307379200000000000e+07
2.104524800000000000e+07
3.584000000000000000e+07
5.913190400000000000e+07
1.055744000000000000e+07
6.326579200000000000e+07
1.302912000000000000e+06
nan
2.217779200000000000e+07
1.154969600000000000e+07
1.461248000000000000e+07
2.051809280000000000e+08
nan
2.377216000000000000e+07
3.360972800000000000e+07
3.585024000000000000e+06
5.042688000000000000e+06
2.973081600000000000e+07
1.178032400000000000e+07
1.342054400000000000e+07
3.491225600000000000e+07
9.826304000000000000e+06
2.497459200000000000e+07
1.590374400000000000e+07
2.536691200000000000e+07
2.101913600000000000e+07
2.515763200000000000e+07
3.428556800000000000e+07
nan
1.025436800000000000e+07
2.791731200000000000e+07
1.236787200000000000e+07
nan
2.003276800000000000e+07
nan
nan
3.205836800000000000e+07
1.052979200000000000e+07
2.392883200000000000e+07
2.244377600000000000e+07
2.741248000000000000e+07
5.423296000000000000e+06
4.524032000000000000e+06
7.239680000000000000e+06
2.138688000000000000e+06
nan
4.434534400000000000e+07
1.479065600000000000e+07
2.402105600000000000e+07
3.815628800000000000e+07
3.286630400000000000e+07
2.358579200000000000e+07
9.074688000000000000e+06
1.557094400000000000e+07
5.806848000000000000e+06
2.774937600000000000e+07
3.119104000000000000e+06
2.415104000000000000e+07
1.232332800000000000e+07
1.054208000000000000e+07
1.765888000000000000e+07
2.076057600000000000e+07
3.847193600000000000e+07
1.998848000000000000e+07
9.776128000000000000e+06
3.185049600000000000e+07
nan
8.361216000000000000e+06
1.193945600000000000e+07
4.569702400000000000e+07
2.009600000000000000e+07
5.285120000000000000e+06
1.236454400000000000e+07
2.381260800000000000e+07
nan
4.089036800000000000e+07
2.542272000000000000e+06
3.544883200000000000e+07
2.214195200000000000e+07
7.015424000000000000e+06
1.956147200000000000e+07
