9.689637990340672332e+03
1.102024915006151423e+04
nan
nan
1.098863793442726819e+04
nan
8.497523208349537526e+03
9.652900761698681890e+03
4.285314219785722344e+03
nan
6.430248011405392390e+03
8.089142043469141754e+03
5.045705227979951815e+03
6.274054458347373838e+03
1.263514261623656239e+04
nan
nan
3.975271524237547055e+03
3.246831489197460542e+03
nan
9.815470377213843676e+03
3.866927586911577691e+03
7.647134457284516429e+03
4.829962362252969797e+03
nan
3.232640115535084533e+03
4.311385191643064900e+03
4.088552428517486533e+03
4.640526420532040902e+03
nan
nan
nan
3.273963738502488923e+03
1.317146041941156727e+04
nan
3.520161928530205842e+03
6.819779243893953208e+03
8.853592293741474350e+03
nan
nan
1.278195376827378095e+04
6.766591941878326907e+03
nan
nan
nan
nan
nan
5.275376771408563400e+03
4.745470091271920865e+03
3.400603100213012567e+03
nan
3.139025698195471250e+03
3.725785945551919667e+03
7.817508190676856429e+03
4.528198542671500036e+03
3.547601269054539443e+03
5.175784472310192541e+03
nan
5.697898754814123095e+03
nan
nan
7.021294114529075159e+03
nan
nan
nan
1.917726876460961284e+04
8.772592866542034244e+03
nan
4.782023148287782533e+03
nan
5.455500273192954410e+03
nan
1.058511416685377299e+04
9.207464703822848605e+03
9.617434416616471935e+03
nan
9.200302235789231418e+03
nan
nan
nan
3.075785206912255944e+03
nan
6.368795852944429498e+03
5.145665813703628373e+03
nan
4.699433492590856986e+03
nan
nan
nan
nan
nan
nan
5.497638890834992708e+03
nan
nan
1.073806440858246970e+04
8.629439827754247744e+03
6.341672410116802894e+03
nan
6.663037171953760662e+03
8.828260985880329827e+03
nan
nan
9.656469488708013159e+03
nan
5.114516716984549021e+03
nan
nan
5.980008581829008108e+03
nan
5.215356047754393330e+03
nan
1.711345093517826535e+04
1.291819265030561110e+04
nan
3.385266598352172423e+03
nan
4.459496109086174329e+03
6.767657613893028611e+03
7.093734890417134011e+03
nan
4.705081495576739144e+03
nan
6.417088154687117822e+03
nan
nan
nan
nan
nan
nan
nan
1.312316592454433885e+04
9.097371228543146572e+03
4.200550025626872412e+03
1.038572694907905134e+04
nan
nan
9.769728124813138493e+03
nan
5.684712684450841152e+03
8.261917088092184713e+03
7.779423096621510922e+03
8.635440623334823613e+03
2.767827842109377343e+03
9.472709419413462456e+03
nan
nan
7.644319393305976519e+03
nan
5.024904450584672304e+03
nan
nan
nan
8.364297723251982461e+03
7.256263711582220822e+03
6.684266121338509038e+03
nan
3.430689462146631286e+03
8.967654142459676223e+03
nan
7.608843772372223611e+03
nan
nan
nan
nan
nan
nan
nan
6.700861702920675270e+03
1.009634387459555001e+04
nan
nan
nan
nan
1.074035160577015813e+04
nan
nan
nan
7.385499611596705108e+03
4.095113043734617804e+03
3.690803342567589880e+03
nan
nan
nan
nan
4.427787395395732347e+03
nan
nan
nan
6.837278108735267779e+03
nan
nan
9.984107418593614057e+03
nan
nan
4.009612782949113807e+03
3.846220363049016669e+03
nan
7.943562244852850199e+03
nan
nan
nan
8.319556163015375205e+03
nan
3.488912588269595744e+03
nan
3.602987474582237610e+03
6.840317186534532084e+03
nan
nan
nan
2.819385821681598372e+03
nan
5.220385062984804790e+03
nan
nan
nan
4.925657858978291188e+03
3.258103051775266067e+03
7.008090777284805881e+03
1.650415510742110564e+04
nan
3.516619180032566874e+03
3.592011102290440704e+03
4.752081297483634444e+03
nan
1.174533232632237559e+04
nan
4.726313287433466030e+03
nan
nan
nan
3.048885020188214185e+03
nan
3.884285660161481701e+03
7.453830389717601065e+03
nan
nan
nan
nan
nan
nan
3.464851228732280561e+03
5.500825113768351912e+03
nan
nan
8.700165487757731171e+03
4.616362602546570088e+03
nan
3.439685563249091956e+03
nan
4.443833405123952616e+03
nan
3.816080844117389461e+03
nan
1.107157193196610751e+04
9.861301644293638674e+03
1.128679587410311251e+04
nan
9.507919935209420146e+03
2.262294177016363392e+03
4.636379260122527739e+03
3.929940746696340739e+03
5.863780728292604181e+03
nan
6.272006153985839774e+03
4.559054187173614082e+03
nan
3.334385878904528454e+03
nan
3.345598401488547097e+03
nan
nan
6.161673236881023513e+03
nan
nan
1.296120650622921312e+04
nan
5.614213138984987381e+03
nan
1.054741517847444811e+04
nan
nan
5.216506169735244839e+03
5.785531371664873404e+03
9.227332246932888665e+03
5.605480241357533487e+03
nan
nan
9.193458460768664736e+03
9.638402220202053286e+03
nan
nan
nan
1.589305111705827767e+04
nan
nan
nan
7.839593226994464203e+03
3.665349024854192521e+03
nan
5.924373928091727066e+03
nan
3.009137782312158379e+03
8.094389295616423624e+03
3.167077143929397153e+03
4.540069728542826851e+03
nan
1.378717524767078612e+04
7.515935270051372754e+03
1.064495478814380112e+04
nan
nan
1.174808068406938582e+04
1.146521501034249013e+04
4.376410738045388825e+03
4.294588735597836603e+03
3.503037498819584926e+03
5.537449941290084098e+03
3.480097744952989160e+03
4.120961633180420904e+03
5.508104922862956300e+03
nan
nan
7.835506665070921372e+03
3.035845858716067596e+03
nan
3.315767139947529813e+03
nan
nan
nan
nan
3.720568734388360099e+03
1.128311350092232169e+04
nan
nan
nan
6.336548436809430314e+03
8.231023608082930878e+03
nan
nan
nan
4.129350761438624431e+03
nan
7.370930899097184920e+03
7.401609378162304893e+03
4.581306504606338422e+03
nan
nan
nan
6.049346320923646999e+03
9.628912801152504471e+03
nan
4.928596910650319842e+03
1.180806408771877614e+04
nan
6.236793961478533674e+03
4.338138380427322772e+03
1.171247678544126757e+04
nan
3.309540141660203062e+03
nan
3.846182831356643419e+03
nan
5.967827157611058283e+03
8.082323794672541226e+03
nan
4.643240465087359553e+03
5.459531470159348828e+03
4.960820974181972815e+03
nan
nan
6.980721172182040391e+03
3.203465961897361922e+03
1.483935319885960780e+04
nan
3.190243926335120250e+03
nan
6.261291311328138363e+03
nan
5.052111016143516281e+03
nan
nan
7.077715505360254610e+03
nan
nan
8.132612039926321813e+03
nan
5.564130845696466167e+03
nan
nan
nan
4.339106934407009248e+03
nan
1.133207029289107049e+04
3.637918677933184881e+03
nan
nan
7.223391684040392647e+03
nan
7.622367727032378752e+03
4.087533241119421291e+03
5.172606346443670191e+03
1.479828963714071870e+04
7.571706573337656664e+03
1.050304266433504381e+04
7.516631655937816504e+03
7.584462604097692747e+03
nan
3.308943150641358898e+03
7.760429579004509833e+03
5.159096532363620099e+03
nan
3.836681097320762092e+03
1.189066382004574371e+04
4.888442944197849101e+03
3.346550424531809313e+03
nan
nan
3.715472407196802578e+03
3.439688089891256823e+03
nan
7.470129338770919276e+03
nan
3.767095418553401032e+03
nan
nan
nan
nan
5.851686385664288537e+03
6.684450282858418177e+03
nan
8.878943321609507620e+03
2.487281412544537670e+04
8.587411240073904992e+03
3.966361678179229784e+03
nan
nan
1.103853786554453654e+04
2.972849265871532225e+03
4.806337204209164156e+03
nan
nan
5.648378242294262236e+03
nan
6.212027767347631197e+03
nan
1.001847809756065726e+04
4.163299380759601263e+03
4.842477356729402345e+03
9.008105077578478813e+03
7.909126768713065758e+03
nan
4.171431471229582712e+03
4.770030531705385329e+03
nan
nan
3.868774093535649172e+03
6.998040931097897555e+03
3.467664873892816104e+03
nan
nan
nan
1.010343752240100548e+04
7.432998948739393200e+03
nan
nan
3.570855151964671677e+03
8.685555900828610902e+03
nan
4.877804008472099667e+03
nan
nan
3.882476201370392118e+03
1.233762038551670412e+04
4.107532786935006698e+03
4.948110861834584284e+03
4.531065834840951538e+03
3.181797522305303573e+03
4.008307494716699239e+03
nan
nan
nan
4.356201535103375136e+03
1.199832947065251210e+04
nan
nan
nan
nan
2.860702211848977640e+03
nan
4.255572899718576082e+03
nan
7.043140759486873321e+03
nan
6.822527846424368363e+03
3.678744467976174747e+03
5.100531257061062206e+03
8.999278295785703449e+03
nan
nan
8.917480854226838346e+03
3.365003142282450881e+03
3.378669100910334691e+03
nan
nan
nan
nan
8.741812625892080177e+03
9.137791806463807006e+03
nan
nan
nan
nan
nan
4.904163675027663885e+03
nan
nan
nan
nan
3.594120294696346264e+03
3.553578028864194039e+03
7.062869309517310285e+03
5.825383442676381492e+03
7.018681499414106838e+03
5.248365749509414854e+03
nan
9.568684985537949615e+03
nan
nan
nan
3.873405238375414683e+03
3.550736630031114601e+03
nan
8.225481023349670068e+03
nan
7.268406484458036175e+03
4.396373278138409660e+03
7.248788376811891794e+03
8.396884772154451639e+03
5.995904404618629997e+03
nan
5.405550260159467143e+03
1.132667840450449512e+04
3.128648953320799592e+03
nan
6.615070060389374703e+03
3.036234180610720614e+03
6.616689055735480906e+03
6.809906103831262044e+03
7.115467659290622578e+03
nan
7.622367727032378752e+03
nan
nan
3.926911367157838868e+03
nan
nan
nan
9.362438746168083526e+03
9.000774031625478528e+03
4.909806122338196474e+03
9.779083319004152145e+03
nan
nan
nan
3.955509370397514886e+03
nan
nan
nan
nan
nan
1.940135923326111879e+04
nan
5.220933487850527854e+03
7.707578123837492058e+03
nan
5.300841847681936997e+03
8.794028805089350499e+03
nan
nan
5.073040620161003062e+03
4.506784165603986366e+03
3.441661002733047553e+03
1.161240218730995730e+04
nan
3.639281316601199705e+03
nan
nan
5.341101365282816914e+03
nan
nan
8.629439827754247744e+03
nan
7.427137535488106550e+03
nan
nan
nan
3.895740408684579961e+03
4.129326779007405094e+03
4.023494926123306868e+03
nan
nan
5.876064923845452540e+03
nan
1.244614291015226445e+04
6.871753385207824977e+03
nan
nan
nan
nan
nan
4.403043703298986657e+03
nan
nan
nan
1.119474163095739459e+04
3.976709828485977596e+03
3.247357508794551450e+03
3.589043855117300154e+03
3.833295564569441467e+03
nan
1.094593076702904546e+04
8.895041500907647787e+03
nan
nan
4.488431638198423570e+03
7.094887214762152325e+03
nan
nan
nan
6.600636042814267057e+03
nan
nan
nan
3.106964512991296488e+03
9.049365787375856598e+03
3.199818721187751726e+04
nan
nan
nan
6.915882030253540506e+03
7.762654099663540364e+03
nan
4.699023942272513523e+03
5.863266602110216809e+03
3.962181294618014363e+03
3.679236288786043588e+03
6.214569123072335060e+03
4.282167283326164579e+03
nan
nan
nan
nan
4.291408444231203248e+03
nan
nan
5.634432131514309731e+03
3.947143471427229542e+03
nan
9.264725319777011464e+03
3.614545332409589264e+03
nan
9.767542847007278397e+03
nan
8.252214360652133109e+03
nan
nan
6.889623500672404589e+03
nan
1.121558377282053698e+04
nan
nan
nan
nan
nan
nan
6.548998441807353629e+03
1.017303102958977979e+04
3.212350640034315802e+03
3.858603011932259506e+03
nan
1.266757282990278327e+04
2.932994210883178312e+03
5.847192128270698049e+03
3.803957815139654485e+03
4.288157722383412874e+03
nan
nan
nan
3.614843227123789802e+03
1.064512759561178245e+04
4.436790935846360298e+03
nan
nan
1.073240558202215470e+04
5.996731681273935465e+03
nan
6.716062568360998739e+03
nan
6.542253990230912677e+03
7.644470281360123408e+03
5.679712141746479574e+03
1.897255435188651609e+04
9.017344714288490650e+03
6.467463040664177242e+03
6.115817589107904496e+03
nan
3.201639948995606119e+03
7.855253252942768995e+03
nan
nan
nan
7.274373514827476356e+03
nan
nan
2.584074835971418361e+04
nan
8.993306818676641342e+03
nan
nan
5.802750032231362638e+03
6.814796070193357082e+03
nan
7.654140840316226786e+03
4.464803906667333649e+03
nan
nan
nan
4.198814443223608578e+03
nan
7.456706841812910170e+03
1.229792941554218305e+04
5.864892142993027846e+03
nan
nan
nan
nan
5.146013361727702431e+03
3.648004136503668178e+03
nan
8.552894983292746474e+03
5.531488585206233438e+03
nan
1.113499254381615538e+04
3.985473661396005355e+03
9.026173803905610839e+03
nan
nan
7.972819831612074267e+03
nan
3.575760668529763279e+03
3.151162519829138546e+03
nan
nan
9.940342494967764651e+03
3.370988418012021157e+03
8.615340730316780537e+03
nan
nan
nan
4.119915930585038041e+03
nan
nan
nan
4.985685972656844569e+03
nan
nan
nan
7.390773884428253950e+03
nan
2.898345724691090254e+03
nan
nan
nan
nan
1.290945768861276156e+04
3.752883043803418786e+03
5.029878964174732573e+03
nan
4.418960952521736544e+03
nan
3.239090877800909766e+03
nan
6.972477868576624132e+03
9.470503707585727170e+03
nan
nan
nan
5.931560177091532751e+03
nan
5.942236853366062860e+03
5.748472697982102545e+03
3.853648712262612662e+03
7.719592074636975667e+03
6.649969439459347996e+03
nan
4.400385195178670074e+03
3.035615789868992579e+03
nan
nan
1.079080143126429539e+04
9.518449464739869654e+03
nan
5.464022782278958402e+03
nan
nan
1.377065892925698972e+04
1.101013716778357957e+04
nan
nan
5.725216153764153205e+03
1.053266710242370027e+04
nan
7.045388795703686810e+03
1.576429935232484240e+04
nan
9.416249283064569681e+03
nan
nan
nan
nan
8.747586152220330405e+03
8.530626145279051343e+03
4.795736154578628884e+03
nan
nan
1.279857703979483267e+04
3.774745627508691996e+03
nan
5.033746973485214767e+03
4.167439265586353940e+03
4.198449524037709125e+03
5.710371441517142557e+03
4.679889292932934040e+03
nan
1.491956471094694098e+04
1.492785149811520569e+04
5.284041247517073316e+03
nan
1.204492328031344368e+04
nan
4.390961123853572644e+03
nan
nan
4.298633473125331875e+03
nan
4.979107405219457178e+03
nan
nan
nan
nan
6.082383479426322083e+03
4.739850282125836202e+03
nan
nan
nan
4.723172093035157559e+03
3.786168075864214188e+03
nan
nan
nan
7.309225652945345246e+03
7.663351752570097233e+03
7.264431957135401717e+03
nan
3.591095564637390453e+03
3.904680030608744346e+03
nan
8.251725945941165264e+03
nan
nan
6.931083885756944255e+03
nan
3.167592273029329135e+03
nan
nan
nan
1.038156083843348279e+04
3.226358683121960894e+03
5.247987529055652885e+03
nan
5.551917106637997676e+03
3.742933670474866631e+03
9.271171324483340868e+03
3.927698012448291593e+03
4.773421026028553570e+03
nan
6.917916698633778651e+03
4.063957066630011013e+03
nan
nan
3.283957571979876320e+03
6.518649014255383918e+03
6.333468333581819934e+03
5.962972733553040598e+03
nan
3.916011405587736135e+03
nan
nan
nan
5.063798551085066720e+03
3.792490559521150317e+03
6.819633692173411873e+03
3.562434839700106750e+03
3.435841791362548520e+03
nan
4.036071332953608817e+03
1.060575710077831536e+04
3.828809875663161165e+03
9.045453607040662973e+03
3.958073409208221619e+03
8.440295253204994879e+03
6.045684365799801526e+03
5.225429018554867980e+03
nan
6.184945329126810975e+03
nan
nan
9.138443327354658322e+03
4.249394638670984023e+03
nan
5.914901630014222064e+03
7.845129741964724417e+03
nan
9.215155649096759589e+03
nan
nan
nan
4.310778307546494943e+03
nan
4.145901026234199890e+03
7.158329234646114855e+03
1.148053084542487886e+04
3.841982734291708312e+03
nan
nan
3.987961882618645632e+03
nan
9.906612202865961081e+03
nan
nan
3.749389788651484650e+03
nan
8.205326336596461260e+03
4.154411871553714263e+03
nan
nan
5.228396762319146546e+03
nan
nan
nan
7.251422271920988351e+03
4.858305056037992472e+03
4.564515824054007680e+03
nan
3.859700475351849491e+03
4.214054396677219302e+03
nan
nan
nan
1.847355056259683624e+04
nan
nan
nan
4.583851588756576348e+03
nan
1.007126078663389308e+04
9.088633785776288278e+03
nan
nan
nan
5.516866650975424818e+03
6.875466650368060982e+03
nan
4.172290208099157098e+03
nan
3.390464582544200312e+03
5.326383106168766972e+03
nan
nan
1.221411528693122818e+04
3.382294021787269685e+03
nan
7.469722864792857763e+03
6.369069137955031692e+03
1.235620937011141541e+04
5.908233276840147482e+03
9.273496278491487828e+03
5.305115498232343271e+03
nan
3.889215502535391806e+03
7.345866677560919015e+03
7.811412142018496525e+03
nan
nan
3.281478285255325318e+03
nan
2.950235558035069062e+03
7.242838205641676723e+03
