1.847962142272567689e+03
4.332256642907218520e+03
nan
nan
2.818373924839006122e+03
nan
4.377637518796345830e+03
2.046736518644999933e+03
1.096238622720441526e+03
nan
8.856159616684464027e+02
1.805812794013886105e+03
1.461530213833856124e+03
6.617999190995929894e+03
2.146797258425009659e+03
nan
nan
7.051231905202075723e+02
9.096927864580401319e+02
nan
1.460283305969665264e+02
1.574639083834965732e+03
2.208048250668237415e+03
1.420420152821093552e+03
nan
6.745863700239544869e+02
3.234439955708708567e+03
8.827719479133609184e+02
1.142784429748297043e+03
nan
nan
nan
1.190008932385386970e+03
3.338393317390124594e+03
nan
2.153106841546026317e+03
5.709632066089078762e+03
4.864047899174481245e+03
nan
nan
2.408273320372016769e+03
3.870255422331896625e+03
nan
nan
nan
nan
nan
4.889444418701455106e+03
2.849455295258913452e+02
1.386515867291222548e+03
nan
2.168051361374622957e+03
1.327918113632398672e+03
2.396535277029545796e+03
5.376375077868444805e+02
8.876795281148233698e+02
3.984110162554989074e+02
nan
8.524271888852786105e+02
nan
nan
3.143334147610503351e+02
nan
nan
nan
5.107433467384425967e+03
3.600797765290053121e+03
nan
2.570375231854655340e+03
nan
1.093052376131278834e+03
nan
4.919769531902079507e+03
3.517397547421197146e+02
1.853018568902038623e+03
nan
3.605626964689927718e+03
nan
nan
nan
1.692968273218431932e+03
3.795955901567511432e+02
3.065202606462032691e+03
9.985363492252738524e+02
2.547479014197053857e+03
5.320103183747910407e+02
nan
nan
nan
nan
nan
nan
5.558201174902542334e+03
nan
nan
1.954855145582022033e+03
1.916153640828888911e+03
4.261141493379148415e+03
nan
8.212475529774228562e+03
1.976859611784541585e+03
2.269254450200853626e+03
nan
1.199748365413768397e+03
nan
4.744681140012167816e+03
nan
nan
5.928691092089899030e+03
nan
1.401822080605818655e+03
nan
7.083491373614532449e+02
6.143393867211984798e+03
nan
2.148816323824033134e+03
nan
1.892988558491653521e+03
5.751243555352313706e+03
1.272578249206702822e+03
nan
1.874419895303673911e+03
nan
2.555403806132460431e+03
nan
nan
nan
nan
nan
nan
nan
6.615461546532353168e+03
6.463131720147406440e+02
5.688687829869643338e+02
2.572644438532668119e+03
nan
nan
9.896333967738844876e+03
nan
5.206032811595291605e+02
2.869693696273045134e+03
3.041161800331024097e+03
5.560603190986203117e+02
1.745283140288412369e+03
5.854384423339977729e+03
nan
nan
3.381792812750847588e+03
nan
3.218494278831229849e+02
nan
nan
nan
6.443232715265280603e+02
2.561040137007381873e+03
2.062199913011531294e+02
nan
2.746951881925462658e+03
7.536208661884844332e+03
nan
4.125502534039600505e+03
nan
nan
nan
nan
nan
nan
nan
3.277356385534873880e+03
3.258454829109763068e+03
nan
nan
nan
nan
3.082699500246879779e+03
nan
nan
nan
4.620952293339126300e+03
2.463564278473363629e+03
3.458694533403878268e+03
nan
nan
nan
nan
7.411760438940594895e+02
nan
nan
nan
8.190020252586109564e+02
nan
nan
3.671104439964276025e+03
nan
nan
3.387896519194530811e+03
1.440413509332700414e+03
nan
1.733703564241132426e+03
nan
nan
nan
1.496232526548012174e+03
nan
1.271401853989569162e+02
nan
1.474529566515308716e+03
2.426869069288230548e+03
nan
nan
nan
2.286235011556836980e+03
nan
2.956941126512470419e+03
nan
nan
nan
3.439083119960863769e+03
1.099865258416907409e+03
3.319794930231176750e+03
9.104668026356819610e+03
nan
1.336922588404863973e+03
1.893174026034793542e+03
5.698053391896418134e+02
nan
2.768306983723314261e+02
nan
3.042800512192442966e+03
nan
nan
nan
1.491263087005993384e+03
nan
1.249907508510518255e+03
8.625561203754308508e+02
nan
nan
nan
3.266664050799348615e+02
nan
nan
1.565922638998571529e+03
3.852469691589440117e+02
nan
nan
3.658572524572929979e+03
3.100562722251434479e+03
nan
1.186511878550029678e+03
3.266664050799348615e+02
2.558962164802761890e+03
nan
1.504364499664005507e+03
nan
4.429326231899472987e+03
4.745879056965572090e+03
2.321868354797123629e+03
nan
6.803162268358665642e+03
9.265736801455693694e+02
1.852374948605344571e+03
1.739637589730195486e+03
1.109039653608508615e+03
nan
3.167611376785444463e+03
1.171042809490378204e+03
nan
4.911200246467820989e+02
nan
9.385863527724196729e+02
nan
nan
3.315534942810938901e+03
nan
nan
6.891908426006707487e+02
nan
2.584303445807063781e+03
nan
7.065854273350740868e+02
nan
nan
3.442919269161634929e+03
1.959629075199171893e+03
3.378799602470653099e+03
1.938967114846538379e+03
nan
nan
6.754803357741367336e+02
5.038467086897633180e+02
nan
nan
nan
1.687589760370148042e+03
nan
nan
nan
5.914310981128568301e+02
3.691330419847581084e+02
nan
4.155098988713711151e+03
nan
2.865751231309357991e+03
2.431410509589932644e+03
1.307765472465619268e+03
1.790670036632047015e+02
2.258093134348608601e+03
3.065580730098415188e+03
2.952869841827457549e+03
1.095071800037492721e+03
nan
nan
2.589055381526894962e+03
9.639033100111889780e+02
3.825466076316669159e+02
4.576542270283972016e+02
1.160767269218562888e+03
2.286398453660883661e+03
9.394370964209397243e+02
1.097068388469351248e+03
5.561869848379552650e+02
nan
nan
2.534935486412533010e+03
1.377931532586027970e+03
nan
1.036775689183195709e+03
nan
nan
nan
nan
7.238838989371203070e+02
1.913383427603702330e+03
2.590509539069169477e+03
nan
nan
1.327820886322022488e+03
4.690972469833232026e+03
nan
nan
nan
8.352733128741308519e+02
nan
4.324314631241529241e+03
1.481799979446065208e+03
6.344571732588831310e+02
nan
nan
nan
2.415935086781172231e+03
1.006418167457260461e+04
nan
2.288043285528467550e+03
6.368116935846461274e+03
nan
1.516881464918329129e+03
1.564306165580406741e+03
5.812650068003823662e+02
nan
1.675110629319022109e+03
nan
7.753795293830845594e+02
nan
1.364801123447672353e+03
1.839483199161602670e+03
nan
5.412998205934874250e+02
2.348394035455789890e+03
2.105972742160886355e+03
nan
nan
3.948726028368610628e+02
8.534960620852402826e+02
7.370250297627160307e+02
nan
5.683191145748791087e+02
nan
2.343348733288467429e+03
nan
1.743192484786285377e+03
nan
nan
1.998818447884983243e+03
nan
nan
6.631752283787038323e+03
nan
1.737868362549179437e+03
nan
nan
nan
4.172417966733645699e+03
nan
1.084509542848515594e+03
1.254523096177823163e+03
nan
nan
4.906834759142116127e+03
nan
6.544919681919834147e+03
1.871798675335570351e+03
1.664579083782321334e+02
3.055577996581137995e+03
1.310503855332100102e+03
9.599045357552462292e+02
3.995754077626310391e+03
1.527450571888284003e+03
nan
2.522799681225173572e+03
2.572038515598280355e+03
2.081185223851402952e+03
nan
1.181729571721476987e+03
5.446793084815075417e+03
6.529919599629472486e+02
3.183844111510537005e+03
nan
nan
2.660452305846005402e+03
1.164203421051920941e+03
nan
4.111814265609765243e+03
nan
3.925471379507306438e+02
nan
nan
nan
nan
8.740706078137159238e+02
6.297819546011411148e+03
nan
1.331589580715894954e+03
2.248855921034280982e+03
3.155274797511025554e+03
1.660450606867668739e+03
nan
nan
9.399497567002797496e+02
3.496379997578129064e+02
1.345891168977065036e+03
nan
nan
2.479766693710474556e+03
nan
2.281631694364920804e+03
nan
1.209547149296550288e+03
1.406974970355553523e+03
1.298084582965907430e+03
8.349275052287654034e+03
1.249501531863299306e+03
nan
1.979502687200116213e+02
4.858313425314045162e+02
nan
nan
8.881385998392373722e+02
6.644372086254205897e+03
8.477678862364446104e+02
nan
nan
nan
2.657295582250848838e+03
1.315011517418710127e+03
nan
nan
1.174536923698657120e+03
7.034100046565578850e+03
nan
6.117130689916458550e+02
nan
nan
1.814742594212335007e+03
6.962132491289152313e+03
1.621756350633984596e+02
2.654614860814024723e+03
8.426062438646015380e+02
1.431846762263666278e+03
1.115706493079342636e+03
nan
nan
nan
3.876598925956605854e+03
1.860168435168070209e+04
nan
nan
nan
nan
2.772333168242735610e+03
nan
2.116908110625273366e+03
nan
1.337007684435820352e+02
nan
5.944895526481035631e+03
1.132085111900523998e+03
1.932432920947019284e+03
3.903836616135231452e+03
nan
nan
1.550203579646522030e+03
6.699823014094996552e+02
4.274358329747705625e+02
nan
nan
nan
nan
4.153550993821960219e+03
1.203301591286536677e+03
nan
nan
nan
nan
nan
2.364404649448838427e+03
2.509342306674991505e+03
nan
nan
nan
1.448961808028012001e+03
9.847178011562107258e+02
4.828523978271494343e+03
6.336321518822599046e+02
7.446902283394997539e+02
4.348417598453166647e+03
nan
2.703215332964856771e+03
nan
nan
nan
1.841439389294589546e+03
1.074881741905678467e+02
nan
1.301232361907828590e+03
nan
5.588926919106293099e+03
2.367735991574491891e+03
6.576445765736002613e+02
4.389577015326215587e+03
4.480359503093439344e+03
nan
1.455317610989424111e+03
3.036234560741651421e+03
2.877453370816454481e+03
nan
3.442629025978304981e+03
1.829216834912344893e+03
3.175393826415681360e+03
1.073364125780875611e+03
1.582679082021567467e+02
nan
6.544919681919834147e+03
nan
nan
4.625435291969373793e+03
nan
nan
nan
2.848247164900186363e+03
3.346283485014375856e+03
1.268341318048486301e+03
5.829115136513378275e+02
nan
nan
nan
2.148410186160296234e+03
nan
nan
nan
nan
nan
1.989103587396486091e+03
nan
6.915327142037814383e+02
1.213976889820808310e+03
nan
1.126474776231096939e+03
4.332453726352446211e+02
nan
nan
3.727160155223230049e+03
1.144766674577226468e+03
1.071404946007162835e+03
1.908826724302444745e+03
nan
4.457184877820322413e+02
nan
nan
1.063794003139666700e+02
nan
nan
1.916153640828888911e+03
nan
2.134080752609772844e+03
nan
nan
nan
2.963297286620007526e+03
1.695005097476552692e+03
1.409422528649855394e+03
nan
nan
1.286624807256891017e+03
nan
1.607558712181622695e+03
2.593494028185597926e+03
nan
nan
nan
nan
nan
1.008053985712737017e+03
nan
nan
nan
9.004914229343570696e+03
1.994053638014974922e+03
2.093564598198665408e+03
8.186110281609695676e+02
1.021586025104226906e+03
nan
4.332537918599468867e+03
2.262452329473385362e+03
nan
nan
2.048912893319671639e+03
1.928406027246788199e+03
nan
nan
nan
3.150712173186709606e+03
1.778729894102686728e+02
nan
nan
6.154790368507651692e+02
1.628708171509126487e+03
4.283064858588025345e+03
3.775210491602661023e+03
nan
nan
2.712994133691827869e+02
3.729434803110749726e+03
1.410853601141676336e+03
6.091282275509817055e+02
6.622170329764415328e+03
2.080620915276326286e+03
1.634784720177410691e+03
3.024153228154236785e+03
3.392904717485002948e+03
nan
nan
nan
nan
4.068467605124417787e+03
nan
nan
6.332626126627348640e+03
1.640294784424176441e+03
nan
3.330923807067179496e+03
1.337224566146953748e+03
nan
5.731461425941204652e+03
nan
1.065390229184325335e+03
3.795955901567511432e+02
nan
4.220276067979319123e+03
nan
4.481654612762888974e+03
nan
nan
nan
nan
nan
nan
2.820441616955472000e+03
4.312996893796806035e+03
7.389071318223277558e+02
2.134590169669873376e+03
nan
1.150531135130091570e+04
6.560783298078727057e+02
3.719808522647392692e+03
1.861734733691493830e+03
5.850092550073082975e+01
nan
nan
nan
2.814673736579181423e+03
6.761073365568578993e+03
1.833110609123109498e+03
nan
nan
2.960625096462321835e+03
8.789838266946260774e+03
nan
6.009901812935498128e+03
nan
7.516996092757775614e+02
6.617316658168192589e+03
6.321163570413298203e+02
1.585467560830553566e+03
7.450253074385798755e+03
2.513410828714710533e+03
1.284619180150330521e+03
nan
3.207355613379946590e+03
9.126590672756439744e+03
nan
nan
nan
5.949105270128980010e+03
nan
nan
7.664201424644271356e+03
nan
1.006528162867415813e+04
nan
nan
5.203024400616303069e+01
6.260878755287280001e+03
nan
5.823625254277097838e+02
1.295605348752707641e+03
nan
nan
nan
1.761372649289300227e+02
nan
5.257344771335970108e+03
6.106275805970020883e+03
5.628630470762478581e+03
nan
nan
nan
nan
2.587981376281963549e+03
7.867006579944772966e+02
nan
5.707306071463362969e+02
3.272211088339176513e+03
nan
1.828660299672856809e+03
2.000376177888991606e+03
5.192884108414397815e+03
nan
nan
1.030364693099979831e+03
nan
2.125995542927163115e+03
8.022147200882707239e+02
nan
nan
6.382818050853076784e+03
2.290977650288326458e+03
3.536450317654101582e+03
nan
nan
nan
7.422751044009771704e+02
nan
nan
nan
1.080353592397657167e+03
nan
nan
nan
8.556021362517035413e+02
nan
1.639198757468245731e+03
nan
nan
nan
nan
7.495100166554453835e+02
8.205816296948082709e+02
1.382526703525195671e+03
nan
1.874438132344085943e+03
nan
1.261216389728271452e+03
nan
6.509778204929333697e+03
4.078940170102742741e+03
nan
nan
nan
3.721839955259932253e+02
nan
3.415608973297798457e+03
2.953894859484180415e+03
2.583280367052697329e+03
5.246988295016196389e+03
1.701648695242649865e+03
nan
7.120507582898663941e+02
3.837366396577084515e+02
nan
nan
3.321675206384071316e+03
4.398142038847362528e+03
nan
2.721877416042460140e+02
nan
nan
3.617570757005166797e+03
3.277851069839028241e+03
nan
nan
7.212250464385356281e+02
3.125509702720623409e+03
nan
1.367814754849777046e+03
1.801832617713131413e+03
nan
3.884854894479139148e+03
nan
nan
nan
nan
3.664954411550895657e+03
3.607062955594227788e+03
6.534341009821808939e+02
nan
nan
1.031438692528467982e+04
3.529897043682675530e+02
nan
3.748293800867400023e+03
1.288374720290225014e+03
7.257913006928982895e+02
2.605430389842531440e+03
3.448035010497003896e+03
nan
1.583911248900083592e+04
4.901740379026269693e+03
2.572734194337379904e+03
nan
4.504061187018694000e+03
nan
1.002163828479117115e+03
nan
nan
4.119039506563678515e+03
nan
1.152317761937698833e+03
nan
nan
nan
nan
1.410844151566107030e+03
1.112749412957862660e+03
nan
nan
nan
2.689779885727618876e+03
1.824731755383802010e+03
nan
nan
nan
2.674417100878379188e+03
2.856473951934815886e+03
4.800064438681544743e+03
nan
2.180799133165248236e+02
2.528604184760010867e+03
nan
4.923471756226464095e+03
nan
nan
1.770145261471853075e+02
nan
5.065119159595826659e+02
nan
nan
nan
1.850229135711010258e+03
2.760107970980077425e+03
5.646741502013253466e+02
nan
1.185167188110121288e+03
1.575791339312735317e+02
2.019293142304348976e+03
2.829647531507172971e+03
1.993795953252986919e+03
nan
1.777654392520110605e+03
1.050042588042568013e+03
nan
nan
1.658637404105049200e+03
1.618435801790532423e+03
4.098277937273435896e+02
1.831171591904640763e+03
nan
7.721548524889325336e+02
nan
nan
5.770788317424096022e+03
2.415086628652431500e+03
1.344116310739952041e+03
1.474891469375889301e+03
1.007860986141537524e+03
8.806968578608622238e+02
nan
3.265611066248874522e+03
4.502277325617811584e+03
7.736058168805132027e+02
3.350447330065932874e+03
4.009310284583064004e+03
5.064629645733727557e+03
2.150701858481055751e+03
2.198172769006172985e+03
nan
5.632841585687081079e+02
nan
nan
2.601709640149317693e+03
7.157126986621485685e+02
nan
1.247733214168140876e+03
7.659485173698316203e+02
nan
2.630861167430410660e+03
nan
nan
nan
9.941218822300796774e+02
nan
7.429123612593241432e+02
3.114623575272154540e+03
8.135458640516515516e+03
1.052775830579026660e+03
nan
nan
8.380694001161324422e+02
nan
3.872274542546929752e+03
nan
nan
1.484644350788588099e+03
nan
4.466549029726536901e+03
8.384208288579055761e+02
nan
nan
9.551036155690986561e+03
nan
nan
nan
2.739285278250047668e+03
2.234239514543923633e+03
1.338021106817348937e+03
nan
2.452614278894059680e+03
5.385401646435460862e+03
nan
nan
nan
7.491514888970416450e+02
nan
nan
nan
2.909209197687521737e+03
nan
3.508876667641286076e+03
8.642005882332428882e+03
nan
nan
nan
1.988030294557736681e+02
3.473272236274330567e+02
nan
5.130270731730578291e+02
3.266664050799348615e+02
4.676340357273323889e+02
1.732585195159305613e+03
nan
nan
1.560160596488220790e+03
8.077321467984780838e+02
nan
1.035487394095466243e+03
9.714551058099157217e+02
6.677288662199407554e+03
3.268752601295598765e+02
5.876994381582005644e+02
3.040244889083372527e+03
nan
1.216918445360876149e+03
2.668109961962809848e+03
3.015746003892983481e+03
nan
nan
7.972007321411159637e+02
nan
7.135880966908603114e+02
8.195212708481681148e+02
