3.451179715648567253e+03
6.858982017132065266e+03
nan
nan
1.437272285382383780e+04
nan
8.176064064797927131e+03
7.846903163827309072e+03
4.766660042659050305e+03
nan
1.380372589071087714e+04
4.203361794344215923e+03
2.340006534786868542e+03
4.095087774000471200e+03
1.840361705769921173e+04
nan
nan
7.687889951337855564e+03
2.063491556994378698e+03
nan
8.009936919716761849e+02
6.176646102012664414e+03
1.178421432726487001e+04
3.578936806534250536e+03
nan
6.555856802329627726e+02
3.121131791414275995e+03
5.843651636614636118e+03
3.472202975621465612e+03
nan
nan
nan
4.750870184485184836e+03
7.693499281814568349e+03
nan
2.153106841546026317e+03
7.071443973735567852e+03
4.834316266548190470e+03
nan
nan
1.856809433460254695e+03
6.667790929238098215e+03
nan
nan
nan
nan
nan
4.410956022771858443e+03
1.119925737456126171e+03
3.874753263363116275e+03
nan
2.871596604899580143e+03
5.868879217417316795e+03
1.681024830688065549e+03
4.588186338623989286e+03
2.181291401258719816e+03
3.266060261482541591e+03
nan
5.686847624873609675e+03
nan
nan
8.113840737483561497e+03
nan
nan
nan
5.083141872465666324e+02
2.719309632508789036e+03
nan
3.574876805547819458e+03
nan
1.093052376131278834e+03
nan
4.919769531902079507e+03
8.818357392006224472e+03
1.108633934822359515e+04
nan
3.746023372870731237e+03
nan
nan
nan
2.694172433927689781e+03
3.795955901567511432e+02
6.560952760329851117e+03
3.956749521059240124e+03
3.700672558176306666e+02
9.566412031806017694e+03
nan
nan
nan
nan
nan
nan
5.787840412263918552e+03
nan
nan
1.954855145582022033e+03
2.218302129945360832e+02
4.261141493379148415e+03
nan
8.212475529774228562e+03
7.677725335894554519e+03
2.269254450200853626e+03
nan
1.139160037174975059e+03
nan
5.781488936616842693e+02
nan
nan
1.165746716914264289e+04
nan
2.901048404076208044e+03
nan
9.468279027025498635e+02
6.143393867211984798e+03
nan
2.236862851819601019e+03
nan
3.675371307744551359e+03
4.483166400381442145e+03
1.006084698026265141e+04
nan
6.419076738868678149e+03
nan
4.994859946016113099e+03
nan
nan
nan
nan
nan
nan
nan
1.940437328938636938e+03
1.195700994007373083e+03
5.065149975387151244e+03
3.436802946526164760e+03
nan
nan
8.633128378131495992e+03
nan
3.517489611837403345e+02
9.621015753871106426e+03
3.041161800331024097e+03
1.142458899258542942e+03
1.615551666010157078e+03
5.416880775982104979e+02
nan
nan
5.542402474096264996e+03
nan
1.001714637417334598e+04
nan
nan
nan
2.681873929632726231e+03
3.467625414356694364e+03
5.912563014254171321e+03
nan
4.566612387369052158e+03
1.387778524958717981e+03
nan
5.598320728431393036e+03
nan
nan
nan
nan
nan
nan
nan
3.277356385534873880e+03
1.520644976465917580e+03
nan
nan
nan
nan
2.960625096462321835e+03
nan
nan
nan
3.315322034627704397e+03
1.439751405215487466e+03
2.210415853323467218e+03
nan
nan
nan
nan
2.655194034997454310e+03
nan
nan
nan
1.840635849021196691e+03
nan
nan
8.847159631592316146e+03
nan
nan
3.387896519194530811e+03
4.505189211643391900e+03
nan
5.432866626409660967e+03
nan
nan
nan
1.496232526548012174e+03
nan
3.324927299031022358e+03
nan
3.374777713585113361e+03
1.550474131706176877e+03
nan
nan
nan
3.806800182949643386e+03
nan
1.500713123789427300e+03
nan
nan
nan
1.204818483812938894e+03
2.303693961911777023e+03
2.881437645397834899e+02
2.175294879293182385e+04
nan
3.282347592681368042e+03
2.520015511632883317e+03
5.698053391896418134e+02
nan
2.133156415752542671e+04
nan
8.156530465958596324e+03
nan
nan
nan
3.613882769339722927e+03
nan
2.260713728325849843e+03
8.569118939078356561e+03
nan
nan
nan
3.266664050799348615e+02
nan
nan
2.252207873318882321e+03
3.854174853877499913e+02
nan
nan
3.658738316180750189e+03
3.236486129190687279e+03
nan
4.668706105324333294e+03
3.266664050799348615e+02
7.369075234952249048e+03
nan
7.356451524072775101e+03
nan
1.827183177263623293e+04
1.209313519832266502e+04
6.697302864441033307e+03
nan
4.325202355487675050e+03
9.265736801455693694e+02
7.453609616333896156e+03
1.674410581060472396e+03
1.242151990999569762e+03
nan
3.281141784989471489e+03
8.079221891842239529e+03
nan
6.004139613815392295e+03
nan
2.469393196224608346e+03
nan
nan
9.046447087436676156e+03
nan
nan
2.240242971082236181e+03
nan
7.282786302267620613e+02
nan
6.959580288382457184e+03
nan
nan
3.919899410669672761e+03
3.287169623155230965e+03
1.190314584886136436e+04
9.046764526462391586e+03
nan
nan
2.655820048663876150e+03
4.525087290544485768e+03
nan
nan
nan
3.145507453754488779e+03
nan
nan
nan
2.184593509200432436e+03
4.597804902359452171e+03
nan
2.232228417360953699e+03
nan
3.198864506494851867e+03
3.437208855886648507e+03
4.908509515096897303e+03
1.928114369035986329e+03
6.590946120840418189e+03
3.125882939850455659e+04
5.568075728736527708e+03
1.133722688401309279e+04
nan
nan
9.647167525025875875e+03
1.111882372622482762e+03
1.679144241237323740e+03
4.192323138936325449e+03
8.959933672703391494e+02
4.762627746095786279e+03
3.082035468098460115e+03
2.248695715044408189e+03
1.306799325687807141e+03
nan
nan
1.166009835103137630e+04
3.550758637337554319e+03
nan
2.584178855056278735e+03
nan
nan
nan
nan
4.250108752189090410e+03
1.913383427603702330e+03
4.635308985629152630e+03
nan
nan
1.911812889563534327e+03
4.312353493720603183e+03
nan
nan
nan
5.997891729754344851e+03
nan
4.522474131376246987e+03
3.535619413211309165e+03
1.280949454072586832e+03
nan
nan
nan
5.240374541389565820e+03
4.714947304600399548e+03
nan
2.065922559533550157e+03
6.368116935846461274e+03
nan
2.703029741858932766e+02
5.745799985670157184e+03
2.009345777337917298e+03
nan
1.549673284920259675e+03
nan
6.124791170296613245e+02
nan
8.560665031733858996e+03
5.083995248716780225e+03
nan
2.593405348692348070e+03
4.355113420296086588e+03
6.103028329162134469e+03
nan
nan
6.318722321865483309e+02
2.917082727442050782e+03
1.750072705717937197e+03
nan
7.282785670665986117e+02
nan
1.046472049142608921e+04
nan
1.869927326985143281e+03
nan
nan
1.375653167112541041e+03
nan
nan
9.907110681080461291e+03
nan
3.911935737867007447e+03
nan
nan
nan
4.396638164322931516e+03
nan
3.792820960232729703e+03
5.424011778028269646e+02
nan
nan
5.046065259415038781e+03
nan
1.435013396112640112e+04
1.656450158310593679e+03
2.901048404076208044e+03
3.055577996581137995e+03
1.310503855332100102e+03
5.801418809881963170e+03
3.995754077626310391e+03
1.527450571888284003e+03
nan
7.351701929432337010e+02
4.735745327992030980e+03
1.058383179530805137e+04
nan
3.269832638376059549e+03
5.860402919174774070e+03
6.186958593900102642e+03
2.068192838844904600e+03
nan
nan
1.713366794821649819e+03
1.164203421051920941e+03
nan
4.832122171953684301e+03
nan
2.487360893486799796e+03
nan
nan
nan
nan
1.108174065384999494e+03
4.614369207651961005e+03
nan
5.744950673608857869e+03
2.526754124889573359e+04
3.219232856074834672e+03
2.971736568523714141e+03
nan
nan
2.129474880565083731e+04
4.147738198367072982e+03
1.262494271867917632e+03
nan
nan
8.891908941645280720e+03
nan
4.321578045681319963e+03
nan
1.539013113181816152e+03
3.956363469406972854e+03
2.535557365404358734e+03
3.079168758250008977e+03
2.620534758860847433e+03
nan
4.611087247661816946e+03
3.875323544035479699e+02
nan
nan
1.879161209661545854e+03
3.282716905395333924e+03
4.985024293379256960e+03
nan
nan
nan
6.147826239201317549e+03
1.315011517418710127e+03
nan
nan
3.841493678030779847e+03
7.414332801715781898e+03
nan
8.356807246653459515e+03
nan
nan
2.988892084249087929e+03
1.135678356321426145e+04
5.905866332312880331e+02
7.184058028800946886e+03
7.298260992960777003e+02
2.834785454853258670e+03
5.370869569666276220e+03
nan
nan
nan
2.476084319401647917e+03
5.452111600743469353e+03
nan
nan
nan
nan
2.583324505567093638e+03
nan
2.874518481872212305e+03
nan
2.407866326856578326e+03
nan
1.314952381941669273e+03
4.272650373963916536e+03
7.860691084872167266e+03
1.383702344779498708e+04
nan
nan
8.989243774303045939e+03
1.208465724647793422e+03
1.033552804409271857e+03
nan
nan
nan
nan
2.817933922654900016e+03
1.679929619637655560e+04
nan
nan
nan
nan
nan
1.096080609688101276e+03
4.014018067483881396e+02
nan
nan
nan
7.678427820629322014e+02
3.502036290253449351e+03
9.727913028373510542e+02
2.721606184368530648e+03
7.442473877433847520e+03
7.648010481159951723e+02
nan
4.820817247675331600e+03
nan
nan
nan
1.864239964780006858e+03
7.346888712745583689e+03
nan
3.947494800537517222e+03
nan
8.566268151168964096e+02
4.430398464654739655e+03
7.732934113354108376e+02
4.389577015326215587e+03
3.108914264854478006e+03
nan
4.327605542908332609e+03
6.451072928414878334e+03
3.017273509883353654e+03
nan
3.805646141201623777e+03
1.734910320094556027e+03
7.868098070404264490e+02
1.169041470801652849e+03
5.086122894175909096e+03
nan
1.435013396112640112e+04
nan
nan
1.182942027306285809e+03
nan
nan
nan
2.450963082878208297e+03
1.789972896318027551e+03
6.835028901219839099e+03
1.141289164440452168e+03
nan
nan
nan
2.008254124427694933e+03
nan
nan
nan
nan
nan
1.373809681555592988e+03
nan
1.577968478279283772e+03
1.213976889820808310e+03
nan
1.051269318310306971e+03
1.170175805194076929e+04
nan
nan
3.455739379856540381e+03
6.062986779636745268e+03
2.749599363433827875e+03
1.887087096477510840e+03
nan
2.574398869254088822e+03
nan
nan
1.063793842903518083e+02
nan
nan
2.218302129945360832e+02
nan
4.537791053116658986e+03
nan
nan
nan
5.117137724479953249e+03
5.737163571712644625e+03
2.921863568279797164e+03
nan
nan
4.707369079984097880e+03
nan
1.650659953523816876e+04
2.596009325386369255e+03
nan
nan
nan
nan
nan
1.692261291975048607e+03
nan
nan
nan
4.324412717719503235e+03
8.776244355271233871e+03
8.197497116993830787e+03
1.868657303897340171e+03
2.221806282527796157e+03
nan
4.683580515127328908e+03
7.565881079972692532e+03
nan
nan
7.086168009518668214e+02
1.036636299494515242e+03
nan
nan
nan
7.850124427535910399e+03
1.778729894102686728e+02
nan
nan
8.262948551613625341e+02
9.250991833209849574e+03
1.187388713653679042e+04
5.908646063498617877e+02
nan
nan
1.229328754581748035e+04
9.237046946854065936e+02
4.108196090063011070e+03
1.213409428607707923e+03
3.642450545928047632e+03
1.054802475472628657e+03
1.401344117715435232e+03
1.209771855549960856e+04
9.221569963095917046e+02
nan
nan
nan
nan
1.480657013760851896e+03
nan
nan
1.797363510717940244e+03
1.640491219208892971e+03
nan
6.396400306217568868e+03
6.029715638372774265e+03
nan
6.036341542947263406e+03
nan
2.271137174499132925e+03
3.795955901567511432e+02
nan
2.232406145662578638e+03
nan
8.949405654898331704e+03
nan
nan
nan
nan
nan
nan
1.523844024963254014e+03
4.400271393319197159e+03
1.190672544053021511e+03
1.846974786290217935e+03
nan
2.971258910589312563e+03
4.385731697376510851e+02
1.104292826304113260e+04
6.364446173215776071e+03
5.850092550073082975e+01
nan
nan
nan
3.353338558238704536e+03
6.724241129812795407e+03
2.467403409695021764e+03
nan
nan
2.960625096462321835e+03
8.388290830601983544e+03
nan
8.317223413795478336e+03
nan
3.314132114222651126e+03
6.617316658168192589e+03
2.718758511456298493e+03
1.594123581655871476e+03
2.200464481023763710e+03
1.079993818494500738e+04
4.691811681434029424e+02
nan
1.063227269244594254e+03
3.596674791843837738e+03
nan
nan
nan
7.046484398756766495e+03
nan
nan
6.416170818587464055e+03
nan
2.502055046740310445e+03
nan
nan
1.660739613420711976e+03
5.037704674876344143e+03
nan
6.038773330495652772e+03
2.730681940335722174e+03
nan
nan
nan
4.718121419106450958e+03
nan
2.723102333909886056e+03
6.106275805970020883e+03
6.018387429023907316e+03
nan
nan
nan
nan
2.587981376281963549e+03
2.759981302226294702e+03
nan
5.707306071463362969e+02
9.252981112577474050e+03
nan
6.307025018792940500e+03
1.901765403595592943e+03
5.192884108414397815e+03
nan
nan
9.854305463901995608e+03
nan
5.421234220322031433e+03
1.811707637681295409e+03
nan
nan
3.780588464271594148e+03
1.722972934330288581e+03
3.536450317654101582e+03
nan
nan
nan
2.722328931066483165e+03
nan
nan
nan
2.232228396752317167e+03
nan
nan
nan
7.656202506774417316e+02
nan
1.902037878879323216e+03
nan
nan
nan
nan
2.345543001103663300e+03
5.537850416175491773e+03
3.738907029873557804e+03
nan
1.874438132344085943e+03
nan
1.262014344384248943e+03
nan
1.162747955058421212e+04
7.631857642725577534e+03
nan
nan
nan
9.985444860469344803e+02
nan
3.041328321972738195e+03
2.953894859484180415e+03
4.408391550119826206e+03
4.595234880432895807e+03
3.201446197899111212e+03
nan
6.563059880111119355e+02
2.339621199221834559e+03
nan
nan
4.714307596662561991e+03
4.398142038847362528e+03
nan
6.873874192711781689e+03
nan
nan
3.482839094467335599e+03
3.167151006360910742e+03
nan
nan
2.136803878429858742e+03
8.376877862838318833e+03
nan
9.807158362297028361e+03
2.022879907674240712e+03
nan
2.072998849891627106e+04
nan
nan
nan
nan
1.448218459178604235e+03
1.269954769277284140e+04
2.116219196203450338e+03
nan
nan
1.258971008458204778e+04
6.861952381148483255e+03
nan
4.831816899907507832e+03
1.590747783216910875e+03
2.078071576272859602e+03
4.942182015774445972e+03
2.425225274191472181e+03
nan
2.092243559060925691e+04
3.229922339341586394e+03
1.892500758546842007e+03
nan
7.299035047081942139e+03
nan
6.125894618469541456e+03
nan
nan
5.819554596878818302e+03
nan
1.152317761937698833e+03
nan
nan
nan
nan
5.012806596051106681e+03
7.731372629001391488e+02
nan
nan
nan
5.528762087465501281e+03
1.824731755383802010e+03
nan
nan
nan
1.186360933516880323e+03
1.646161037494552147e+03
1.131066106665920051e+04
nan
3.530944267968766781e+03
7.027266888147939426e+03
nan
8.825445422797320134e+03
nan
nan
6.250825453620284406e+02
nan
2.923755480815989813e+03
nan
nan
nan
1.776413422486354420e+03
6.185108875899882150e+03
4.426737640614653060e+02
nan
4.107373580937047336e+03
1.685341743175884631e+03
2.039221194875451147e+03
9.356337679277232837e+02
4.838448289198808197e+03
nan
8.018580965796565579e+03
4.430662170748925746e+03
nan
nan
3.384995416772444969e+03
8.436533634381639786e+03
7.810274991861115268e+03
3.428636899538480520e+03
nan
7.351453306160826742e+02
nan
nan
8.395336398817449663e+03
4.514624660446665985e+03
5.862150924706113983e+03
9.608219446668510500e+03
5.087525268199311540e+03
1.114431585469737684e+03
nan
3.265611066248874522e+03
2.729654950691040540e+03
5.441023590691278287e+02
6.518268312751028134e+03
1.477897824618121376e+03
5.064629645733727557e+03
2.150701858481055751e+03
2.198172769006172985e+03
nan
5.600569781104773938e+03
nan
nan
5.838312447160976262e+03
7.351089284891491843e+03
nan
8.756466048180771395e+03
6.203208319518671487e+03
nan
3.548599366103493594e+03
nan
nan
nan
2.097013736252118179e+03
nan
1.126079504951032959e+03
2.485123076745682283e+03
1.330673677790266765e+03
6.848392100850445786e+03
nan
nan
8.618998608843498005e+03
nan
4.079508975371032648e+03
nan
nan
8.713044080341091103e+03
nan
4.446819615600008547e+03
5.394098415405690503e+03
nan
nan
3.834636112282272279e+03
nan
nan
nan
1.328816499476330819e+03
5.439288825502845611e+03
1.338067499375245688e+03
nan
2.987004067493952334e+03
5.705316353799073113e+03
nan
nan
nan
8.214449916929095707e+03
nan
nan
nan
4.198451579558384765e+03
nan
9.282812610380651677e+03
5.532990249242641767e+03
nan
nan
nan
2.030113853240930894e+03
1.478873892689929335e+03
nan
1.257000640895586002e+03
3.266664050799348615e+02
5.440772693977694416e+02
7.168565503544160492e+03
nan
nan
9.859178894317386948e+03
4.272273726878272100e+03
nan
5.277689426249773533e+03
2.694912765739406495e+03
6.331558246131950909e+03
3.268752601295598765e+02
9.053244688308090190e+03
4.996996422519551743e+03
nan
3.231376177760483188e+03
1.078747126795729491e+04
4.763586520049274441e+03
nan
nan
1.783275335985208812e+03
nan
4.337220417132301009e+03
1.034776512841680960e+04
