2.835108775850434085e+03
2.732733906897472025e+03
nan
nan
3.179447200158604119e+03
nan
7.119416728328551471e+02
2.353760560674119915e+03
7.733583639652136981e+02
nan
3.887529156646114188e+03
3.251897950968623832e+02
9.917807903872924271e+02
3.361267567809056800e+02
4.053597154049305573e+03
nan
nan
7.301467811171800122e+02
1.558024815353597603e+01
nan
4.141500282690597487e+03
2.377688908651974543e+03
3.312196095255189903e+03
1.910832036508352076e+03
nan
3.297893088920099558e+02
1.164028199963011957e+03
2.164864384226547372e+03
5.114491708709635418e+02
nan
nan
nan
1.980998225349806887e+02
2.890603924269022173e+03
nan
1.558002155066941896e+03
1.326126967153849591e+03
2.190823406390533364e+03
nan
nan
1.545937819722771110e+03
1.862628362689691585e+03
nan
nan
nan
nan
nan
1.753241890727075997e+03
7.496421352872177977e+02
2.687552706137362293e+03
nan
6.780745395842283187e+02
4.314066674140927944e+02
1.217365044939011796e+03
1.659274454129702008e+02
5.223672813872580036e+02
1.439504924716826736e+03
nan
2.683124936200782940e+03
nan
nan
2.498590446081251230e+03
nan
nan
nan
7.085762047806215378e+03
9.221780232134876769e+02
nan
1.719827366893627641e+03
nan
1.598583083046012916e+03
nan
9.387437444554156230e+01
8.049186072919958406e+02
1.827084155473091869e+03
nan
2.291380957549295545e+03
nan
nan
nan
4.556359209768307892e+02
nan
3.014974625208728412e+03
2.730131965210013732e+03
nan
7.085105502750860751e+02
nan
nan
nan
nan
nan
nan
4.593960159252646008e+03
nan
nan
2.004385942187697765e+03
4.334638307653821698e+02
1.396436947805383397e+03
nan
5.191989303637891680e+03
1.394482150571746388e+03
nan
nan
2.852063090693864069e+03
nan
2.495356156396853748e+03
nan
nan
1.391032627456119826e+03
nan
3.329508760002550844e+03
nan
2.095011171050398389e+03
8.884313942693774152e+03
nan
9.354527044572811292e+02
nan
1.135825183135160614e+03
3.239382319555439835e+02
8.707935956410879044e+02
nan
6.491034891600554602e+02
nan
7.558947633480770492e+02
nan
nan
nan
nan
nan
nan
nan
8.459317603059360408e+03
2.133281105112572220e+02
2.951556858459736077e+02
3.563107517635452496e+03
nan
nan
2.282102300620965707e+03
nan
6.954458874670962132e+02
1.115054160986933766e+03
1.169445614804984189e+03
1.480749140509550898e+03
1.468340250859311709e+03
2.894626051874771747e+03
nan
nan
3.344747133640633365e+03
nan
1.282412841436245571e+03
nan
nan
nan
5.112323678468823118e+02
1.380160929816602902e+03
3.602730703335657836e+03
nan
3.810448581144323157e+02
1.706342832769070128e+03
nan
1.399761081460517289e+02
nan
nan
nan
nan
nan
nan
nan
4.351973878648427672e+02
2.586808991923535359e+03
nan
nan
nan
nan
3.027528914743453242e+03
nan
nan
nan
5.367044136107309669e+02
3.347653110776813605e+02
1.878877725436128912e+03
nan
nan
nan
nan
1.896054512201118769e+03
nan
nan
nan
4.159654222097148022e+02
nan
nan
1.300265051479773547e+03
nan
nan
1.761445111996272317e+02
8.093971133725289064e+02
nan
1.648886443450181105e+03
nan
nan
nan
1.221256263843400802e+03
nan
2.557061900240893465e+03
nan
5.644147393211535473e+02
7.857876054697298969e+02
nan
nan
nan
2.758391364416446777e+03
nan
3.319136759465258820e+03
nan
nan
nan
1.983183899619747990e+03
7.396872050786926138e+02
5.783333496876142590e+02
6.138112448653604588e+03
nan
3.154831917325872723e+02
1.255552904553597045e+03
4.484409513557524178e+02
nan
5.305693599244385950e+03
nan
1.299430339026906722e+03
nan
nan
nan
1.049111597760218274e+03
nan
6.132991685068899415e+02
8.064581443206586755e+02
nan
nan
nan
nan
nan
nan
5.883133206219299609e+02
9.434635468412628825e+02
nan
nan
4.757734268097104177e+03
2.322782910480989358e+03
nan
2.244721291682133142e+03
nan
5.693150898646465521e+02
nan
1.484745889365822904e+03
nan
3.586981770366510318e+03
3.798525597885221032e+03
1.087894034440893165e+03
nan
7.822282968302683912e+03
3.895936343609973392e+03
3.511428132823984015e+03
2.454471651883448430e+03
2.091594153021103011e+03
nan
1.095912377582533509e+03
7.703040851107725757e+02
nan
6.850851340084068397e+01
nan
9.391092612722536614e+02
nan
nan
2.609533084890236751e+03
nan
nan
3.108153313426200384e+03
nan
1.204643945260659848e+03
nan
2.367914737824333315e+03
nan
nan
2.200093525387147565e+03
3.780393833770984884e+02
4.543346272089214040e+02
1.000218999664088074e+03
nan
nan
4.525102371625716842e+03
1.101410971981895727e+03
nan
nan
nan
3.734640323755812460e+03
nan
nan
nan
1.198338487320266040e+03
9.693918533333888945e+02
nan
2.268900099699763814e+03
nan
1.099472737427960283e+03
5.576106176481407601e+02
8.342053691710686962e+02
5.915314257357115366e+02
nan
1.375013619777012309e+03
1.009657454755870731e+03
3.025413109267088203e+03
nan
nan
1.103853771809786167e+03
9.836517971306275285e+03
8.742758684263322948e+02
7.800491825739426304e+02
2.965957735159787489e+02
3.614140080722975199e+02
6.180748167256250554e+02
7.461291930178251732e+02
3.092187478832424858e+03
nan
nan
6.414926615325997545e+02
2.653341265732521492e+02
nan
6.561930242912404765e+02
nan
nan
nan
nan
3.916527650903748849e+02
3.494040344736381485e+03
nan
nan
nan
1.647727791276454354e+03
9.004781126734361578e+02
nan
nan
nan
1.559543978385216576e+02
nan
1.455510926976560313e+03
2.472232225062572525e+03
2.299867673714076773e+03
nan
nan
nan
2.747777138912485384e+02
3.745854140121237378e+03
nan
3.684129324632047542e+02
7.231577791565155167e+03
nan
9.191490832993617914e+02
1.559152538714878347e+02
4.703368272703100956e+03
nan
6.449680013365863260e+02
nan
1.673067450541449944e+03
nan
3.829856543615113424e+03
2.517836765931604532e+03
nan
5.194134797738186080e+02
4.222666073105198848e+03
2.014007596754473070e+03
nan
nan
3.798410175158243874e+03
4.081848477561460982e+02
7.697043046550722465e+03
nan
1.932628624542573107e+03
nan
7.791001911316210453e+02
nan
4.995358850606937267e+03
nan
nan
2.334273645062634841e+03
nan
nan
1.352824905955911163e+03
nan
4.344780907976208368e+02
nan
nan
nan
2.726221012771869709e+02
nan
3.736202844457663105e+03
2.804701436083088879e+02
nan
nan
2.465231890671420842e+03
nan
8.968279549808386264e+02
6.375236855697585270e+02
3.280206167276114684e+03
1.549008171696066938e+03
1.945179111258523562e+03
4.629340166649611774e+02
3.594395276723402276e+03
9.830205378013614563e+02
nan
3.083682290321223149e+02
1.533600766192015726e+03
1.720863971662868153e+03
nan
8.039827821521054148e+02
2.715188825332688793e+03
2.713782745092005371e+03
7.719508697279286480e+02
nan
nan
1.319596553058593372e+03
3.888623738154850003e+02
nan
4.885521721273976823e+02
nan
7.577262312805357851e+02
nan
nan
nan
nan
2.697899092423340335e+03
8.843046051928225779e+02
nan
1.321050441518535536e+03
6.205321938274985769e+03
1.253493668310444264e+03
9.114145780883673069e+02
nan
nan
2.504825223529940956e+02
1.693932369978478789e+02
2.046880238201102884e+02
nan
nan
1.427995410123315651e+03
nan
2.076156041414829360e+03
nan
1.953131550944136961e+03
3.572675813002303471e+02
6.235601180256176121e+02
7.550425512882646899e+02
1.312848864997530200e+03
nan
1.184701799562620181e+03
1.037612821273088912e+03
nan
nan
4.322657370207184613e+02
4.064938095229155351e+03
4.212824764837259863e+02
nan
nan
nan
7.781924181807663672e+02
2.149024321432659690e+03
nan
nan
3.913047904230040217e+02
3.430560916252325114e+03
nan
1.408698467260579946e+03
nan
nan
1.211308126757524406e+03
5.148614920223581066e+03
2.803832932831302060e+03
3.484088427370912086e+03
1.294175393012292716e+03
4.944915428074895090e+02
1.815034072831707590e+03
nan
nan
nan
1.238273772996635898e+03
1.103812270168910072e+04
nan
nan
nan
nan
8.175245646594900109e+02
nan
9.002583478054336297e+01
nan
1.454408613209189753e+03
nan
3.493485970763067598e+03
1.201028114671341200e+03
3.000763926392675785e+03
7.122815437839585684e+03
nan
nan
7.256128286664092229e+03
6.361281896168708272e+02
6.011298000853270196e+02
nan
nan
nan
nan
1.301879641741435989e+03
3.395960133782102275e+03
nan
nan
nan
nan
nan
9.957009349939107778e+02
nan
nan
nan
nan
4.652884569255879796e+02
3.188053107543940428e+02
2.386885060417218938e+02
3.612176344694241834e+02
6.141928441477966771e+02
2.843724512666177020e+02
nan
1.946906293945519337e+03
nan
nan
nan
6.675464367694231669e+02
1.424814582324120011e+03
nan
4.503195699636986319e+03
nan
7.031486798928277722e+02
3.742596391652027137e+02
2.496051718915580750e+03
1.722374383322096037e+03
3.616732556399188070e+03
nan
1.911770812721035099e+03
1.598007031485383322e+02
1.216080581725839920e+03
nan
6.872083399554172729e+02
4.766722134889135418e+02
3.572454286944528121e+03
1.894426788025534051e+03
5.446264535866971528e+02
nan
8.968279549808386264e+02
nan
nan
5.589337605300914902e+02
nan
nan
nan
3.707114709685683010e+03
3.267008270875161088e+03
4.618239727639228818e+02
5.307441280303768508e+03
nan
nan
nan
4.783706239735238910e+02
nan
nan
nan
nan
nan
8.714446529858181748e+03
nan
2.687081288729844346e+03
2.462861621474255571e+03
nan
1.005335929658352711e+03
1.648841108485958785e+03
nan
nan
1.071217014659377355e+03
7.955571865374955678e+02
9.388220702594633167e+02
4.351956468513962136e+03
nan
1.448555400591352793e+02
nan
nan
1.298865310983761901e+03
nan
nan
4.334638307653821698e+02
nan
1.005116043476177651e+03
nan
nan
nan
9.580786627698247457e+02
6.394987609549164063e+02
7.764708533847021954e+02
nan
nan
1.407910877677701365e+03
nan
1.286861008709579437e+04
2.557959906369873806e+03
nan
nan
nan
nan
nan
7.683012643841814224e+02
nan
nan
nan
6.328677390500777165e+02
7.231487803518157307e+02
7.921158911936563527e+02
5.495476744755011396e+02
4.603870170862720670e+02
nan
1.987784183542833489e+03
1.921099491681243535e+03
nan
nan
4.522470481869586933e+02
7.144298354575768144e+02
nan
nan
nan
1.825009600580403003e+03
nan
nan
nan
4.439816021455992541e+02
1.386384777884908317e+03
2.238452854963487334e+04
nan
nan
nan
1.206524659110458515e+03
1.187649557130032690e+03
nan
1.116375380545199960e+03
4.048485278721461214e+02
1.748644423568018283e+03
8.476293611268440600e+02
1.677513533805902853e+03
1.597501414605824721e+03
nan
nan
nan
nan
2.858326680154903897e+03
nan
nan
1.628346445884441891e+03
5.496726185504641080e+02
nan
1.415584862299261431e+03
4.597902811579557465e+02
nan
2.936531105942911381e+03
nan
1.483991396202810165e+03
nan
nan
8.982170996589578635e+02
nan
3.136851393152427590e+03
nan
nan
nan
nan
nan
nan
2.565004806783474123e+03
1.355847020871712175e+03
3.531073904201069240e+02
8.008268782402783472e+02
nan
1.253901427870721363e+03
1.600083714735661260e+03
7.712213274303750268e+02
6.892406732579358959e+02
1.048830667714516949e+03
nan
nan
nan
5.314125200960286293e+02
2.201084507516667600e+03
3.144210677044344720e+03
nan
nan
3.022580637297076919e+03
5.177152780738343608e+03
nan
2.440303256523697542e+02
nan
2.901263747007963048e+02
6.604736953123266176e+03
3.291299909856767499e+03
6.824177595414658754e+03
4.681492043868765336e+02
1.983753844894885788e+03
5.062365151693488770e+02
nan
1.042758579620058299e+03
8.391682676641199805e+02
nan
nan
nan
3.479862098107581460e+03
nan
nan
5.127590164143342008e+03
nan
2.322600812297676839e+03
nan
nan
9.682811853264122419e+02
2.391561677504922500e+03
nan
3.275984823605571819e+03
2.013786798040961003e+03
nan
nan
nan
5.037538255138917407e+02
nan
1.372280927251308867e+03
5.969919653592059149e+03
7.787646264760739996e+02
nan
nan
nan
nan
5.595613903788027983e+02
1.544767853578298855e+03
nan
8.439603874972353879e+02
3.040995533706768128e+03
nan
3.979220882151062142e+03
5.283266215429689510e+02
2.412930699784151784e+03
nan
nan
1.385593113394511875e+03
nan
2.348731366232814707e+03
7.173962634959796105e+02
nan
nan
4.701543043575241427e+03
3.027923214681059108e+02
1.159704091863555504e+03
nan
nan
nan
7.674951898381857518e+02
nan
nan
nan
2.390084923396654631e+03
nan
nan
nan
2.301619921303346928e+03
nan
2.765979287207884454e+02
nan
nan
nan
nan
2.540557317436340782e+03
4.129150891042655189e+02
1.020447987372636589e+03
nan
1.414339982974799113e+03
nan
9.570320101886247244e+01
nan
2.611159738238288810e+03
4.549184834238052986e+02
nan
nan
nan
3.161426085143428395e+02
nan
8.312025181851021216e+02
2.557071900978663962e+03
2.467344745824757126e+02
3.531829982568397099e+02
1.405169464851834391e+03
nan
8.806516991244312749e+02
5.192178643298364022e+02
nan
nan
2.245789560554109357e+03
6.020114735396768083e+03
nan
5.073253876019757627e+03
nan
nan
1.152426414178839195e+03
1.435337343141755809e+03
nan
nan
2.236745760270241590e+03
3.098105669497259441e+03
nan
1.501581237695797654e+03
1.076300985621635664e+04
nan
7.618908617121326188e+02
nan
nan
nan
nan
5.020759531525832244e+02
1.146587889859594270e+03
9.403851688896528458e+02
nan
nan
9.767759138938481556e+03
7.892896130975438496e+01
nan
3.537620338251730345e+02
9.503224060066539778e+02
2.707946465870129487e+02
6.376041608117218402e+02
9.849021316465596101e+02
nan
6.939922230268070962e+02
7.034352363085865363e+03
1.109161625293106908e+03
nan
2.812748537616141675e+03
nan
7.111045203651424345e+02
nan
nan
7.347065846920580725e+02
nan
2.454349705837054444e+03
nan
nan
nan
nan
1.870079326439941042e+03
2.721604766617595033e+02
nan
nan
nan
1.713361986349308609e+03
1.612646715303603742e+03
nan
nan
nan
5.267384348096252324e+03
9.866594275637331748e+02
2.134298715720105974e+03
nan
7.061750876328701452e+02
3.440514948877250845e+02
nan
3.158998466043508415e+03
nan
nan
6.211385818020563647e+02
nan
2.649246857578419622e+03
nan
nan
nan
5.002145906663761252e+02
5.191182564339804912e+02
5.697608050783013596e+02
nan
1.335476897741657922e+03
6.077512682264962223e+02
2.412503739172451333e+03
6.423060546840217739e+02
7.940551885007115516e+02
nan
1.270975909688309912e+03
1.012089462369071157e+03
nan
nan
4.323685854899546257e+02
4.271471871766406139e+02
1.123742624557809677e+03
2.929229959975145903e+02
nan
6.253346397068189617e+02
nan
nan
nan
3.013805453174046306e+03
7.342784369932816162e+02
9.703502596562842655e+02
1.847697948369278947e+03
3.322067307498936088e+02
nan
1.512751285098406470e+03
1.790578435392351594e+03
1.183201650259579992e+03
1.353510115228713630e+03
6.929148551710354695e+02
7.825537413155553850e+02
4.662916329561264774e+02
6.618279606071951093e+02
nan
7.251209438692727645e+02
nan
nan
8.433881863974904718e+02
4.242925906053554854e+02
nan
2.250169904280113769e+03
1.306271206673303368e+03
nan
6.074224711271542219e+03
nan
nan
nan
9.973872843593123889e+02
nan
4.019668622264229612e+02
2.159402318847308379e+03
4.648005625791480270e+03
1.759254657200324800e+03
nan
nan
1.007506817715265925e+03
nan
4.800454093582849964e+03
nan
nan
2.557621957815249516e+03
nan
1.496739201666833424e+03
1.932802753191306692e+03
nan
nan
8.238422379858571958e+02
nan
nan
nan
2.544903914142881149e+03
8.905528653402694772e+02
2.795151410139299969e+03
nan
3.146682578335797871e+02
1.588382863804771432e+03
nan
nan
nan
3.653840666451999368e+03
nan
nan
nan
1.279296507824318951e+03
nan
1.927768732162874585e+03
1.527786445403324478e+03
nan
nan
nan
3.566193595409983118e+03
2.490530644436184048e+03
nan
4.566001521282629483e+02
nan
2.473857091595033353e+02
1.083432108163622388e+03
nan
nan
2.356090090829457495e+03
1.343936199524511494e+03
nan
7.535066333882207800e+03
3.844209696709425771e+03
4.963986721599319935e+03
1.844613989458818196e+03
6.085543588881459073e+03
1.729031260272708550e+03
nan
6.218977865738982018e+02
3.625252709123973887e+02
1.466087341448989037e+03
nan
nan
4.608808581145572134e+02
nan
5.869004495633308807e+02
1.936106459290205521e+03
