3.266145087642476028e+03
1.980953303279667352e+03
1.652708844894359117e+03
4.874337060511164736e+02
8.119557385600116959e+02
1.099078064256552807e+02
5.092852979260307620e+03
2.313676744083842550e+03
1.109546532962340052e+03
3.751615759260636423e+03
3.514504045061566558e+03
1.721112733359695540e+03
1.640344796725188871e+03
2.882012895412192393e+03
7.369212227706251724e+03
4.232557431187953625e+03
1.480371279621129588e+03
2.839263716984949497e+03
1.926707225730105506e+02
1.115460403830036967e+03
1.120574820245474029e+03
4.603833410960358378e+03
1.855833651376801299e+03
2.345651655370532751e+02
3.356693801908913429e+03
4.820500122877197100e+02
7.084069847345304879e+03
1.017628565263840073e+03
5.503315655176970722e+02
4.662183055630492163e+03
2.010408100839074223e+03
1.229700617412551537e+03
4.996795182726037638e+03
1.644823076671371382e+03
7.355841127857387619e+03
1.307028789084335403e+04
7.568497455129841001e+03
1.894762447329904944e+03
1.349232420381671318e+03
1.502672425948194586e+03
2.700850650466531533e+03
8.059569809092157584e+02
9.082200121167456928e+02
8.548074439305846681e+02
9.346063194895784818e+02
1.143358758886875194e+03
3.232543515142323031e+03
5.028643412517491925e+03
1.988846584573300788e+03
1.412968194236320642e+03
1.255954714735705011e+03
1.365241421273377455e+03
1.859488711731109333e+03
1.435396597670069696e+03
2.387426071462449272e+03
1.105376321299067968e+03
1.511908572027521359e+03
2.743826084971193723e+03
2.110793804376164076e+02
1.462139861534990587e+03
2.637885239304623610e+03
3.121798093140197125e+03
3.325128739160984992e+02
3.124496218827966914e+03
6.312893478872780406e+02
7.503452380229650771e+03
1.478141477423716424e+03
2.550092085686733299e+03
5.012780117176425847e+03
3.211076600994280852e+03
8.933851729060470461e+02
2.345016870288659447e+03
1.573651551103041811e+03
3.839418431716739633e+03
1.338839984240980357e+03
1.254971893845232216e+03
2.008026298020030936e+03
9.909497646368123469e+02
1.796113881010729983e+03
6.603491455074740770e+02
6.674015205248341772e+03
1.407300430523332352e+03
1.071144821787048386e+03
5.595453273294343717e+02
2.110955934287682339e+03
6.387823181967353321e+02
1.972447627887021326e+03
1.727802062157917590e+03
1.795724577730369447e+03
2.025709929065343658e+03
1.050598695288021190e+03
7.250350261881156939e+02
6.190215622372200414e+03
1.062653300038411317e+03
2.078046341203809789e+03
2.827943186561854873e+03
1.741721399523508808e+03
5.131298111123675881e+03
1.055420357324487668e+03
1.433326036797689540e+03
7.393891939634718256e+03
6.256841291932117883e+02
4.317700884395893013e+02
4.335611888254251767e+02
3.072646238705407995e+03
1.567105918384062761e+03
2.109127026108429163e+03
9.707796701264400099e+02
4.053332258134312269e+03
7.420916349036444899e+02
1.220234449964010309e+03
4.553129113185257779e+02
7.753138155609121895e+03
5.579420173951848483e+03
7.877119811511339549e+02
1.289156619382013787e+03
1.742051162606874186e+03
4.201660105814423332e+03
9.385754235066661977e+02
1.629130400553300206e+03
1.146851939642753678e+03
1.692018888082535113e+03
5.764437513537535551e+02
6.637292999743311839e+02
5.622106744086387380e+02
1.778982868157995654e+03
1.057755149550261194e+03
3.960901245293999295e+02
4.693586595046211187e+03
3.202611327730130142e+03
1.339392940961629847e+03
9.027985591273927923e+01
4.589345658914219825e+02
3.248320753711462885e+02
1.008523518690985838e+03
2.137916117650067918e+03
4.499156847233239205e+03
3.110435211076140263e+02
7.287983247909165812e+02
3.722287498613129628e+02
4.693059594329715196e+02
5.947364202246596506e+03
2.805106807038940133e+03
2.145937560271681832e+03
1.438243325479285659e+03
1.095973136544939734e+03
8.167081905403099881e+03
2.261855849119658899e+02
2.770638973362468732e+03
3.432234356768331622e+02
8.142658689151785438e+02
1.451117121594716536e+03
1.835345343449664597e+03
2.669800437429018530e+03
1.219366156935238223e+03
8.234708240568575093e+02
5.687815463316355817e+03
3.221953466922625466e+02
1.453259572364342148e+03
3.130546841424975355e+03
8.730478105863132896e+02
4.727800107356917465e+02
1.222541179454963867e+03
6.221061546667182483e+03
2.033686278095068701e+03
1.647070042514670149e+03
2.762290058447108549e+03
2.067823452480625292e+03
3.718766425053949206e+03
9.847213377647575498e+02
3.960036986349095969e+02
2.555717994584832411e+02
2.890825532653514074e+03
1.173034175198821004e+03
1.408093694209139812e+03
8.036046986218411803e+02
1.127818756251811692e+03
5.163252144073394447e+03
1.670906441831102939e+03
1.076080013496874699e+03
9.446192141476327606e+02
2.831925895191599921e+03
2.392159759499104723e+02
1.225089489964276481e+03
9.522344327856588961e+02
2.156882053996461309e+03
1.050436588365062562e+03
7.306959239992475887e+03
2.233559344085303564e+03
7.429571818618382167e+03
2.207999759256404104e+03
3.699934808289046487e+03
1.547937603238610109e+03
1.036452964289860347e+03
5.445269293347974781e+03
1.431353467335210098e+03
1.204770221450998861e+03
1.204752060207664954e+03
3.523781629708143441e+02
8.240709824156386958e+02
3.390882938989745071e+03
7.587933964428079889e+02
3.032177776005026317e+03
5.909607384947114497e+02
3.365042331166015401e+02
3.177754973805689133e+03
5.497215474512653373e+02
3.201202930330931395e+03
5.773623771701310261e+02
4.519761831938265459e+03
1.769545008036781837e+03
3.516361527447329991e+03
1.937692778436142817e+03
1.687294384849069502e+03
4.825300629000593290e+03
1.408086660352603076e+03
3.930750425890927090e+03
7.597350517570511101e+02
1.061365513537111838e+03
1.719134654235342168e+03
8.296169713444071476e+02
2.670205175817539384e+03
1.790616694877582177e+03
2.522917080180814992e+03
6.725361912633599104e+02
4.772039352970147775e+03
nan
4.311650146210726575e+02
4.590040391230437308e+03
2.858111351813677629e+03
7.853509491981844803e+02
2.008975667349896412e+03
1.383569513183247409e+03
1.380277405792057380e+03
2.174487618363633374e+03
1.528898931976229733e+03
5.113491360536382331e+02
9.939714577022913318e+02
2.424227633241965123e+03
1.368741761221299384e+03
3.178195337194354124e+03
1.225425682096566788e+03
1.198449947400601013e+04
1.122309877215215693e+03
4.413283859216570590e+02
6.636405928752316186e+02
1.696258733747749375e+03
6.055472976349619785e+02
1.874659165307948797e+03
2.171836453597553373e+03
1.857936736627611936e+03
3.184575840973441700e+03
1.991211366244814599e+03
1.533575905697759708e+03
3.879294328440901154e+02
4.724119133844514181e+03
1.140221465226630471e+03
1.343510206207849478e+03
5.507754812216713617e+03
4.016515720159532975e+03
1.150128044980099958e+03
1.264781947327417129e+03
1.905129973282611445e+03
5.855999452312149742e+02
2.250151502089601763e+03
3.068202837465181346e+03
3.547056225210313301e+02
1.096471613176267510e+03
1.959116761672219127e+03
3.844839655555937043e+03
1.039473639521595715e+03
1.279661689094437179e+03
6.140789976988192393e+03
2.870354242741168946e+03
1.188332197678390912e+03
1.391754939687140904e+03
5.025246645178714289e+02
1.602366353964157724e+03
3.846129474070898141e+03
4.153047938286653334e+03
1.989531034247696653e+03
3.086664536772164524e+02
3.516803732166046075e+02
1.146945083658334852e+03
2.533580049446160501e+03
8.207128977608859714e+03
3.896458069373136368e+02
6.763449201706838721e+03
5.425185391634647658e+02
3.760653367117621201e+03
1.561600211402903142e+03
2.387895981126985987e+02
2.512383378105874726e+03
1.754565005941492473e+02
3.905462764575864185e+03
1.191270681421231529e+03
3.041114963667187112e+03
1.864411573012382178e+03
1.872206758988899537e+03
7.777568807429372100e+03
1.182646132419773949e+03
8.979532662770815250e+02
1.333557716566379440e+03
1.374612933038391247e+03
5.340666419782696721e+03
1.752885536059056676e+03
3.189147236082924337e+03
3.953002698954298012e+03
5.001139471637780844e+03
3.283728344213997389e+03
6.972217995052935748e+02
3.849938546908755598e+03
3.096620405413196750e+03
8.741902543025811610e+03
1.985431775164513738e+03
4.337665823214973670e+02
3.182718745037121153e+03
2.523546624229764177e+02
6.426948420568345455e+02
9.664705160112068825e+02
9.485779935653359644e+03
1.587563419558854548e+03
3.417769454916468931e+03
2.836136389265663638e+03
9.146243056634116328e+02
1.368419468489134033e+03
1.745229426228205966e+03
1.325507262613340117e+03
1.333240722070397396e+03
1.063267849693800963e+04
1.221665491175960142e+03
2.643436237221603733e+03
2.703980511815190766e+03
4.101681791454780068e+03
8.240709824156386958e+02
1.807882104269244110e+03
2.059374291538567377e+03
1.429725877010401518e+03
1.103826994725504392e+03
2.807383573661363698e+02
4.861654603173423794e+01
5.993746981757093408e+02
1.177300501504320664e+03
2.354122885092278466e+03
2.239751660394013015e+03
4.984175677532211921e+03
2.060077186170996811e+03
2.501178090308156698e+03
1.737271003959386235e+03
3.421113018817524335e+03
6.331395521852101638e+02
2.168219621446844940e+03
1.061079708765658324e+03
1.984699009954498479e+03
1.543357929004998596e+03
1.064133014179645443e+03
9.232211107230724565e+02
4.262654686718607081e+03
1.486082133520715843e+03
2.140930293271754181e+03
7.071936146567693413e+02
1.348800027857592340e+03
4.361913411710723267e+03
3.410212999906562345e+03
6.407860367113879647e+02
6.219322412738741832e+02
1.711164645454396805e+03
1.827605389381017176e+03
3.148224400597011027e+03
9.845002094218541515e+02
7.899990690386530332e+02
4.519154918809540504e+02
1.849867324590621593e+03
5.132946080399785842e+02
1.444687082489221211e+03
4.909898085569342584e+03
1.248080076545216070e+04
2.091923096447854277e+03
2.129799591064197102e+03
5.833739971196844181e+02
5.117856733303609872e+03
1.909408409741935429e+03
3.132944879135231076e+03
2.160590324310820051e+03
2.606642133253380507e+03
6.295237695467015016e+01
2.080427447135150487e+03
2.378454881464516575e+02
1.033586806293187465e+03
7.179122261436079498e+03
1.372110929532908131e+03
8.699931650507314771e+02
1.119001072513168765e+03
1.715823499870771002e+03
6.464207731965899484e+01
1.473052729965110302e+03
4.076606278405006378e+03
1.735503921995111568e+03
2.958572064475732532e+03
1.535545900107875241e+03
3.800255937996028024e+02
2.458145540353716569e+03
6.980330838127456445e+03
1.231478485576426010e+03
2.009996054474684342e+03
3.136480161438662890e+03
1.040389725690675732e+03
1.152784196769146774e+03
1.400347572969569910e+03
4.312194249147966616e+02
2.463710653414271746e+03
8.737535247225081321e+02
3.958525018390853489e+01
5.170095115972396343e+03
2.060960167596049359e+03
6.015967399264214919e+02
9.595375130604467131e+02
4.305728654996308251e+03
1.786085840003794090e+01
1.892860275750416804e+03
2.949400493851354099e+01
2.060673896841262376e+03
4.991648241700322615e+03
5.444961184363108259e+03
3.621432111044014619e+03
1.932302521391876326e+03
1.112988962439176930e+03
1.265506584469829249e+03
1.976775218171789277e+02
1.495617202538948277e+03
1.206590830438236026e+03
6.102157278940583637e+03
1.159998031733503376e+04
2.368674960919176556e+03
1.197180841508881713e+03
3.668768177887398451e+03
1.457201561589057746e+03
2.795732450319718737e+03
1.734655291535673314e+03
1.613203178231528000e+03
8.389562602167380874e+02
2.295240304942565672e+03
1.557794551663104357e+03
1.085408985441354616e+03
1.783130024812852525e+02
1.592161001611951633e+03
2.053934055816194359e+03
6.629971402093001416e+03
1.677714065531379902e+03
2.145203719684869156e+03
6.534504435655396719e+02
2.193353412565536019e+03
3.817210636945288115e+03
2.814320498006085018e+03
7.328963007617165204e+03
2.007158062588894836e+03
2.242024344592307727e+02
1.512534512756817094e+03
8.024789536516319686e+02
1.521912112810253348e+03
6.385036885072321638e+03
1.003249927663954168e+03
6.972217995052935748e+02
2.748812724907991651e+03
4.998655400331087549e+03
8.703689166681873530e+02
1.691399103379801772e+03
1.573651551103041811e+03
1.678168271030469214e+03
3.609528447992555357e+03
2.644432085277605438e+03
1.429510046923888694e+03
2.111461475829545634e+03
2.677194893697771022e+03
6.354503981731131717e+02
3.237872010116224146e+02
2.933412865645162583e+03
1.542096181082682961e+03
1.977263000793488573e+03
8.141693998360759679e+02
3.063874575108089175e+03
3.982980265467936078e+03
2.478341170599894213e+03
1.245903337082954977e+03
9.735447947890826981e+03
2.821495270878848260e+03
1.310106945211289485e+03
6.386381523575253141e+02
2.058433153151799615e+03
3.701963406507264153e+03
1.283590545887202325e+03
1.350170964308452540e+03
5.141165799571988373e+02
9.445147649597747659e+02
6.584482938467649547e+03
6.906879978180937769e+02
6.551767524856522869e+03
2.594953626743431414e+02
1.691533613049192127e+03
4.640464177841514356e+03
4.732678912605538244e+03
2.123347963787531171e+03
5.092852979260307620e+03
1.343196768534291550e+03
1.914913740223297509e+03
2.784393709748087986e+03
9.223615913154352484e+02
3.739208854514288305e+02
7.775114701250302005e+02
4.913772420549885851e+02
5.222812253648054138e+03
2.049374657126442344e+03
9.125309359412231061e+03
6.561323287822646080e+02
2.421018251875716487e+02
4.314014093333417804e+03
7.099708123268605959e+03
8.609473383460153855e+03
1.128097220495068768e+03
1.223588268921208328e+04
6.440645080096732045e+02
5.764542896747666418e+03
8.518750671155852615e+03
3.074782607565429316e+03
1.979818041724353634e+03
3.704418029852605741e+03
6.507565395574050626e+02
3.656485808618178453e+03
2.242135221494258531e+03
1.294179084115210799e+03
5.846573113365885774e+02
1.250348107399218179e+03
2.493406182313271074e+03
3.155429415455942035e+03
7.863898288834745927e+02
6.910794576148651913e+02
1.879812648064570794e+03
8.900512991735071182e+02
8.406506793213427954e+03
3.290707784134849589e+03
3.943685119690911506e+03
1.454174678057015171e+03
2.158967861920487849e+03
1.331127168028068809e+03
2.939116215064717380e+03
1.451569211897277455e+03
1.825658250270488679e+03
1.443828915018805901e+03
1.117984266705943082e+04
6.567640059817806559e+02
8.379750729035002905e+02
2.819759661373404015e+03
9.273277179169023157e+02
5.057819280763743336e+03
1.492692638826918028e+03
1.132665869549525632e+04
1.038195808130944215e+03
9.367581338964038196e+02
5.434951743213855480e+02
3.125855082101618336e+02
1.154806120414147699e+03
1.656799197578096027e+03
5.152004563443526877e+02
3.606747653303541028e+03
9.566493520640884753e+02
2.546380223533123512e+02
4.599304516721437608e+02
2.164948016226589687e+02
1.762608023877290634e+03
2.434165922824066911e+03
1.169397880012517135e+03
4.360979775610284378e+03
1.867881219376303648e+02
3.487152718326008653e+03
7.518400038188926374e+03
1.536689747180683753e+03
4.629829627052829892e+03
1.832977875090544785e+03
2.448618241685195244e+03
9.390412047793080319e+02
1.080306527199927814e+03
1.463130227874264847e+03
3.214355055467561897e+02
1.341091945062243440e+03
3.142205581509678723e+03
1.677343587697890371e+03
2.611895349845473447e+03
3.685565342729438271e+03
7.059740831669636236e+02
1.551903545537360287e+03
2.027808238050895170e+03
7.646001297967004575e+02
7.420814293421929051e+02
1.325543188731466898e+03
3.128173625805833581e+03
8.483729568339172147e+02
6.385436440722526186e+02
7.757238202488963452e+02
1.731476709322744682e+03
1.258678260576647517e+03
2.503322996067144231e+03
2.959634410441521140e+03
1.490791255445248680e+03
1.876586091628556005e+03
1.659289427749121160e+03
6.462073282707699491e+02
1.358014059498062522e+02
2.466346288487277889e+03
8.070057078404719277e+02
7.801058783484336345e+01
1.115113478256735107e+03
3.120933166250625277e+02
3.922335573912383097e+03
2.317324756981707651e+03
2.253339109619083501e+03
2.270623196059663769e+03
3.774434701599996970e+03
4.527877966560630739e+03
3.220784353706375782e+02
1.202582025352335904e+03
1.038693006421679002e+03
3.890077127382429808e+03
1.325585376230121938e+03
1.536610919340770579e+03
4.493380489804188073e+03
4.491085603725198894e+02
7.566754144410029994e+02
5.520836862544970245e+03
1.257122746870001265e+03
2.831430253211015952e+03
2.800886469092975858e+03
2.237542438917695108e+03
3.393487310273670118e+03
1.218627804855292197e+03
1.568400324837363996e+03
3.107314948202058531e+03
7.226317993851507708e+02
2.946598957336478179e+03
8.993613766440555537e+02
1.634293528710003613e+02
2.266354776108773876e+03
1.605409745355676705e+03
1.938522413379830027e+02
1.258823986277644281e+03
1.420951582189832379e+03
6.040400692177793189e+02
4.647778874844562779e+03
3.042152421693311680e+03
1.248374121445447827e+03
5.669871122935198400e+03
8.376381324915253117e+02
7.863096151915249266e+02
4.769132865870534260e+03
1.794880868442464816e+03
1.184832308564974255e+03
2.998062734926466419e+03
2.497784969626615748e+03
1.924856029127180136e+03
5.595048049228115588e+02
7.694903487461143641e+02
3.388520848746889897e+03
3.055967490888774591e+02
4.040046215892976988e+02
5.746269005526047522e+02
3.623594554324116643e+02
3.244824322502166183e+02
1.864478274495991172e+03
1.255880785807398979e+03
1.739993245004726759e+03
1.305271328075418387e+04
3.691972183739802404e+03
1.113384022937960481e+03
4.187353920641448894e+03
1.994742249488509287e+03
5.864991213696815066e+03
1.660515921981059591e+03
8.760955858171223554e+02
5.894939606344188178e+03
5.020902463812675478e+02
1.454297995796207215e+04
1.058321557881754779e+04
2.397022039491170290e+03
2.952070899664242461e+03
1.900068428515818368e+03
6.449944661938720856e+02
4.808128628064072473e+03
3.254382172116751462e+03
2.517325970023039645e+03
1.821157142662537751e+02
2.649811898217751150e+03
7.341150438226266033e+02
1.672998718187243412e+03
4.572987594457735554e+02
2.537836665037435068e+03
4.301598110705599538e+03
1.444611428795059737e+03
7.306959239992475887e+03
1.693576448007442195e+03
6.535574030547219081e+03
1.348675459650318089e+03
1.306355050001315021e+03
2.165830133876264881e+03
3.879349875879632691e+03
4.973505334005056284e+03
2.129035495072418769e+02
5.621003208371454321e+02
1.902168561984545931e+03
6.138871403728748191e+03
3.836431212911368675e+03
1.369455233911699224e+03
3.699017110448708223e+01
1.293615886748884805e+03
2.447556705691213210e+03
1.203812046183538087e+03
2.208316972860843180e+03
9.436468642074613626e+02
1.411476496175523607e+03
3.613179904375060687e+02
3.512184598967547117e+03
3.737872277009946174e+03
4.668188886959573210e+03
2.422281848897438522e+03
1.186358958686436154e+03
4.264714310410693088e+02
1.243619618483782233e+03
1.714038030165818554e+03
2.752307642894012133e+03
1.627962070588258939e+03
9.037662685318571221e+02
3.920437398617665167e+03
6.970751354579664394e+02
8.417050279908251014e+02
2.524488092824812156e+03
7.414929251609410699e+01
5.399497536474270419e+03
1.584706175177020441e+03
2.927162553827071406e+03
5.763010746310964350e+03
1.573485322833223108e+03
3.128984056815711483e+02
1.301286393905288605e+03
5.435001713608352475e+03
7.542026531838367873e+02
1.815334501244579542e+03
2.099052305999336568e+03
1.263709827331719862e+04
5.651600492552798642e+03
4.392927639871989413e+03
1.970853844756746867e+03
6.952070150003544768e+03
5.593940777606594565e+02
7.205533206977576128e+02
4.709751490223120527e+02
2.764419317534747461e+04
1.741347463205364647e+03
1.066742336389156117e+04
4.519786270940284680e+02
3.294858462968989897e+03
1.086558943225436451e+03
4.091207887457533161e+03
6.133631056033433197e+03
2.287875921752769500e+03
9.383510760203367909e+02
9.795370722005458219e+02
2.180329569603365599e+03
6.898250125761260279e+02
3.750917053644585849e+03
2.102096034238383709e+03
2.627846160172843611e+03
2.531093393501059836e+03
1.822299153966175481e+03
2.363898836858862524e+03
1.225550010253655046e+03
3.971636573338749258e+03
2.424222978738418533e+03
4.716287784349885897e+02
4.443995317182679173e+03
1.964176660242877688e+03
2.398171071208987087e+03
7.351832829910954388e+02
1.468978287426908992e+03
1.821060417837500609e+03
2.821027787089755066e+02
2.261400435801107051e+03
8.378172248835024902e+02
1.340112859544597086e+03
2.941675784367484084e+03
2.775280218183285797e+03
1.830744503995885680e+03
3.202963871347729764e+03
2.109579527829962899e+03
3.129998199957711336e+02
2.884391704828223737e+03
9.239742770638175671e+02
1.958432701638336539e+03
1.660111651621635019e+03
1.950031215619723071e+03
3.924650288540019574e+02
2.004262152838034353e+03
5.816885253359919261e+03
1.346429546729106733e+04
2.004984411177255652e+03
1.220033994868348145e+03
2.333174252342665113e+03
5.043951966124644059e+03
1.101739789210264462e+03
5.299649489499096262e+02
3.285287821818551492e+03
4.668482255277273907e+03
2.481286106421661373e+02
2.302300553727284750e+03
2.163822767576997194e+03
8.938583821861680008e+02
2.314069112333493649e+03
2.830400269195082274e+03
2.998177206608350389e+03
6.502189227736488647e+03
2.833788404370706758e+03
5.720386953408190038e+02
1.440306091632564858e+03
3.227325941644505178e+02
3.336289783835933576e+03
1.130616433908646513e+03
2.943612542805280555e+03
1.971823964694032611e+03
1.446912394547986878e+03
1.005037288589611876e+03
2.004448009524932559e+03
1.698489945714938131e+03
2.751609707349813334e+02
8.001522472716021639e+02
1.055153470838620933e+03
1.164531255079087714e+03
3.450260201084984146e+03
3.667699633627447383e+03
7.534781306531648397e+02
1.677343587697890371e+03
4.980364904974219940e+02
5.467294602205846786e+03
2.919788328256392560e+03
1.992019681823079736e+03
1.651122291609217882e+03
2.161971255003270926e+03
1.321450265201424372e+03
6.023799285291459000e+02
3.623792565247067614e+03
1.254346061675981446e+03
2.671746736643000077e+03
2.305396197208310241e+03
3.601562241593114777e+02
2.170124184505876201e+03
4.540280346237575941e+03
2.091707677692049856e+03
3.333286742418898939e+03
1.180738917888008700e+03
2.196196370238409145e+03
1.070657148676893939e+03
1.105691352530988979e+03
1.608221992742173825e+03
6.528741353898699344e+02
2.210028644958614223e+03
1.681789950580780214e+03
3.614180576118862064e+03
9.006664092437575846e+02
1.753838262931704548e+03
2.013261541297642907e+03
1.623335431124845854e+03
8.490180232027622651e+02
5.161494241963948753e+02
2.890857125638098296e+03
1.715176291491912025e+03
2.521847061408365789e+03
1.414477181001715735e+03
2.818607032252111367e+03
1.803307617254107981e+03
4.940710015326511098e+02
2.106135581241879663e+03
1.534142171575633483e+03
2.626519156358614509e+03
4.426876359368436169e+03
5.697124665544563868e+03
4.607608946751592157e+03
2.916439598668361668e+03
8.917034963359457151e+02
1.773350426900671209e+03
7.243925484480201931e+02
2.570274270172617435e+03
3.761909933634940444e+03
4.483364518814739768e+02
1.821710875184840916e+03
4.230508770185472713e+03
3.064924084126893831e+03
2.290877457473285176e+03
1.050576331568866863e+03
8.713291037850791554e+02
2.195769563371080039e+03
8.616386303643880638e+02
1.135477916802606387e+03
1.139006979706318134e+03
1.321344960027847947e+03
1.648991061117855224e+03
1.457221209331880800e+03
2.017499289435847459e+03
7.906965004216632224e+03
1.837606937989311291e+03
1.128522488501430189e+03
4.439392376040506861e+03
1.281499422020206566e+03
2.251051910455257712e+03
7.320779441899622725e+03
5.142579206950956177e+03
1.130798047168638550e+04
4.420856271664142696e+03
3.240140784157943017e+03
8.810450379652274933e+03
3.063189206714900592e+03
1.668244425285440457e+03
1.471949465560307317e+03
1.371563331470971434e+03
7.283806410260470329e+03
3.476874244818870011e+03
1.318845123405938466e+03
1.118367165597279154e+03
1.915161430179923627e+03
2.272507012407927050e+03
3.863698981173330139e+03
1.034025126029391504e+04
2.450175767016187365e+02
2.118778184388065711e+03
2.436117274573487975e+03
4.715261591956299299e+02
4.326401281115673555e+03
4.718177801833428020e+03
3.377241753573886172e+02
5.278708651776768193e+02
1.968999651579719057e+03
2.143476684795686197e+03
2.327110793346766513e+03
1.672308400341111337e+03
1.943319245681969278e+03
1.753328472443484998e+03
7.473456603049706246e+03
1.272372536960062462e+03
1.565789862733969812e+03
2.742292406052357819e+03
4.297183834315773652e+02
6.134093581582312254e+03
1.409450336655586398e+03
1.951516478451346302e+03
1.291891904067499809e+03
1.297153834856961339e+03
4.299412796229743208e+02
2.072817083613256273e+03
1.578575830528245376e+02
3.446986431719739130e+02
4.930152805294027530e+03
1.882259483477017056e+03
1.043715771839006948e+03
1.749201415027063376e+03
2.369545778303159750e+03
4.164468305873030545e+02
8.202853749553314628e+02
5.544022034686601046e+02
4.851054801482613357e+02
8.971821907495146888e+02
2.478610569015451802e+03
5.478055303415728758e+02
1.364568480851337881e+03
1.541260733378029727e+03
1.585464927710630718e+03
1.553273414079154236e+03
5.507754812216713617e+03
2.117601746024476597e+03
7.792371912543279905e+03
8.192714623916002665e+02
5.192152017189533808e+02
1.418321717809204529e+03
6.342876251980040252e+03
6.640143699579523684e+01
7.124329174019446782e+02
6.748257795614175620e+02
4.865354057289761158e+01
6.762564397259418911e+03
7.848117250442669501e+03
9.747932694385386299e+01
5.041795247067656760e+02
6.872985404835020745e+03
1.901612865650887443e+03
9.262321766020618270e+02
3.774434701599996970e+03
2.102923770556682030e+03
7.669692630572884582e+02
3.203131083230628519e+03
3.194615305662375249e+03
4.008178943606426856e+03
5.532723141932893668e+03
2.239678498760186358e+03
3.656581290278971665e+03
6.976286751103317556e+02
5.668799970311579273e+02
