3.149749460803555507e+02
1.428434472559145206e+03
2.394737095230347222e+03
1.332739102518210757e+03
5.976043041046215194e+02
1.175469698759469338e+03
4.386861800292546832e+03
1.324101777614741695e+04
2.122192532784550622e+03
5.458261484041313452e+03
4.989060788126475359e+02
5.160567843443290258e+03
1.946308867797906714e+02
1.593698288333819619e+03
3.092395070605608453e+03
2.045712930381800788e+03
3.005045802342235220e+03
5.517933578093557117e+02
2.800327000995371691e+03
1.461236560055805739e+03
8.599870416914119460e+02
1.433798357289617115e+03
1.922553590527838242e+04
3.407365162865135062e+02
1.579532577821914629e+03
1.030153377068271084e+03
7.933866762751355282e+02
4.403942554698980530e+03
6.905744440257465158e+02
1.759577620312454201e+03
2.856142594295906747e+02
8.403535436293163912e+02
1.153613373632999128e+03
8.643043668767195413e+02
1.163074323707958683e+03
1.201483632251764220e+03
2.013020956710433893e+03
3.520508385617419663e+03
7.466302363581680765e+02
3.684205253896162731e+02
2.283354242407170659e+03
2.248517949505307570e+03
1.206727193893618505e+03
7.257011993671167147e+02
1.168546449409358729e+03
3.514308226736639426e+03
1.551769158174026188e+03
1.969310664770498306e+03
1.677125702953767586e+03
3.100887218802830375e+03
3.961902345358445245e+02
1.058446061938389448e+03
2.206708840482876894e+03
3.067272157356484513e+03
1.431752503085471290e+03
4.849176330083914763e+02
4.188941696309912913e+03
3.638608348407827634e+03
1.699862736277694239e+03
5.394873429758878046e+03
1.500082673883929374e+03
1.780325586935793581e+03
2.607355740647191396e+03
2.417214326750456053e+02
1.162554406446371786e+03
3.763568995508868284e+03
3.329261400529599086e+02
9.395261001034310766e+02
1.342509227366414507e+03
5.442014819319047092e+03
1.396994244089594076e+03
1.815916985018168361e+03
1.501295005397369096e+03
9.267279532481028355e+02
1.121399642054291007e+03
3.876666855864488298e+03
1.310777315125436326e+04
4.214272548069291133e+02
5.178253894847115362e+02
5.040337515220869136e+03
8.632076589534336790e+02
9.008144129088988166e+02
2.368577994435842982e+02
2.243311619939204604e+02
1.512470966341484655e+03
3.457502427197792940e+02
1.128089285739462639e+03
8.414750573804161604e+02
8.043250840108178181e+02
1.145416517395825394e+03
4.780723978804341527e+02
5.045111628280156992e+02
7.017824219515129016e+02
2.241099320808133143e+03
4.554475766887662758e+03
1.557836522536588063e+03
4.741045024345455204e+03
3.016477042969306240e+03
4.986968432410282730e+03
5.292607380526777661e+02
2.262935887460494087e+03
1.593576813626366175e+03
1.790667165824646645e+03
1.650624061292605347e+03
4.288976898212457627e+02
8.339795191998546215e+02
8.907949528995756054e+02
1.971957396085532082e+03
2.392464598625995222e+03
1.406830219924985386e+03
8.138292611160499064e+02
1.521258459188260758e+03
1.338753582997793501e+03
3.423522139103770769e+03
1.091192425081930537e+02
1.875082595096205523e+03
1.557387568332030469e+03
2.489973816755089501e+03
1.295171164351275365e+03
2.306516654876363361e+02
2.023036602926305250e+03
1.034712905564127595e+03
1.097498507624216290e+04
6.965519288878309681e+02
1.019699363199476920e+03
nan
9.513112170350030965e+02
5.017721707048005442e+02
2.772642447341578645e+03
1.669567142499659440e+03
1.399350590553522807e+03
7.114180161014842270e+02
1.511346674648068529e+02
6.339456667834579093e+02
4.848557052747187299e+02
1.247311374654407246e+03
1.630769872304191722e+03
2.919999827760157586e+03
4.772929172025902176e+02
7.915114959916792259e+02
2.928764870369059736e+03
2.515012019654880532e+03
2.407083011779484423e+03
2.649218848942521163e+03
1.735558360311894603e+03
1.392700689890887588e+03
1.513131698539594254e+03
2.009363677266156401e+03
5.141349348005728643e+02
4.554290667221271747e+02
1.776475876172213930e+03
3.088322282869805804e+03
6.388605868606000513e+03
1.737966191653567421e+03
1.225694664423407630e+03
8.006977833612969562e+02
2.171630936302920418e+03
1.036174274559530886e+03
1.627599425700099346e+03
2.335157559242164098e+03
1.556473875191833713e+03
1.701569178979632170e+03
3.687254230169961602e+02
8.532506298442218394e+03
9.250876751430037075e+02
8.535706496813520516e+02
2.076746379374396838e+03
4.982310965278458070e+02
1.102927897310269600e+03
8.419747853320338038e+01
3.621896005929941111e+03
2.439279718415448599e+02
3.870443197358646330e+02
5.379812229940755515e+02
1.982852617358951875e+03
5.470394143296986158e+02
5.344438706507214647e+02
2.260498270072033392e+03
1.946935266039028193e+03
2.626271189253127432e+03
4.754247688138020749e+02
1.499872791388719406e+03
2.330009534267039726e+03
3.008061160905982888e+03
2.642026337670973589e+03
4.779734366923269135e+02
3.580919798711289786e+03
4.275612545524188022e+02
4.349154161089932131e+03
3.624504127919063876e+02
7.066401125317952392e+02
9.265568535838440312e+02
8.690870384135989752e+02
2.642789539088456422e+03
1.359367712768819047e+03
1.286112247544862612e+03
2.916398470678923786e+03
5.391743617766541320e+03
3.974208342307558155e+02
2.241336857996207982e+03
9.446031932715581547e+01
1.890302354635541860e+03
1.840602692159561116e+02
7.894427975555070589e+03
1.259618236961368893e+03
2.840678676772728522e+03
7.071485435069088453e+03
2.815621917874176688e+03
8.062493019134973338e+02
2.187950367851617557e+03
3.563355575609511561e+03
3.069952333612290204e+03
1.418481764413140354e+03
3.977905263016646586e+03
5.122470694998578438e+02
2.391946496770202884e+03
3.924024916310423123e+03
5.985581401521217231e+02
3.364591859524043116e+02
1.027061197847740459e+03
1.354965371268689069e+03
8.612900642346271525e+02
1.151682754700166925e+03
3.180599446245891500e+02
6.011996868834501583e+03
5.473598991515545094e+03
9.306973120558902792e+02
5.448442405998104732e+03
4.425019453121482002e+03
3.045965660919421225e+02
nan
2.152525035180875875e+03
1.933290347459728082e+03
8.708707045502632127e+02
1.897618001533832967e+03
2.857695637356407019e+02
1.058962903913122318e+03
6.453396966105909769e+02
1.579206518759261826e+02
1.829315493985240209e+03
1.864810171132851110e+03
4.547539805055810120e+02
9.294780292212822133e+02
4.272413228949507698e+02
2.876758463789482221e+02
6.453666953607377081e+02
2.837571024744379429e+03
8.259000456101510963e+02
2.856636883878013123e+03
5.422549358088127747e+02
1.460272980628497862e+03
3.569190236073773576e+03
9.401702144448025820e+02
1.089094909280853017e+03
5.003562365862082402e+02
6.165021542122543678e+02
7.212029771984340414e+02
3.641399761770291548e+02
1.141188582798613425e+03
1.121834746766533272e+03
1.969437074848082602e+03
2.428408931997363425e+02
8.408695414502051335e+02
1.146779086405055750e+03
1.712591693008427683e+03
2.846211308400862436e+03
1.536217699389338577e+03
3.971018754043161607e+02
1.332186229315394257e+03
1.121326142746391270e+04
1.358751677253467733e+03
1.263804758639096235e+03
8.861390516841152021e+02
3.034851411814664175e+02
2.905060226750514403e+02
6.392795752267937814e+02
7.853032636713232932e+02
2.788968953481704375e+03
6.208444049268552590e+03
5.057756431586316467e+03
1.868937622390209071e+03
2.530906410349429279e+03
1.451611692627402363e+03
2.573998364590939332e+02
1.808134057068329412e+03
4.241990152147334356e+02
2.956476270822132847e+03
4.595188945235607207e+03
5.516748527579314214e+03
2.352614969277820819e+03
1.182680333532092618e+03
2.317891595885399056e+03
1.308934516387614394e+03
2.856636883878013123e+03
2.309422024882744040e+02
4.080081700043439469e+03
1.209497482993087942e+03
1.840811413557375317e+03
1.655924459038870054e+03
3.956168638107850256e+03
1.977788624967386113e+02
2.329767749654707586e+03
8.230644088452236247e+03
2.457795189144815140e+03
3.557157439088269939e+02
3.013794459625235049e+02
1.489029819389097895e+02
8.225384993366607887e+03
7.235406090968361241e+03
5.517018450258186704e+02
1.554728524657352182e+03
2.430489429654167907e+03
1.356377810887851638e+03
1.383821879455995031e+03
1.174187031656134423e+03
1.399448792009785393e+03
1.311177069510785316e+02
5.684511621791870311e+03
7.504561325092711854e+01
1.396673954102722973e+03
3.401247881236863577e+02
1.089960076660247978e+03
2.009585093955916591e+03
1.410812071015955780e+03
1.088872540970107138e+03
1.505872031063396207e+03
7.886414411959051449e+02
8.909742000995379385e+02
2.471924407246509418e+03
5.635479774282309336e+03
8.630815189003767500e+02
4.745950694576818591e+02
1.958461941398118597e+03
1.883587147564800489e+03
1.463873924884133430e+03
1.068225031946911940e+03
1.652127638289342258e+03
6.329638898074754252e+03
5.610626402904770202e+02
1.263022695990823223e+02
6.011996868834501583e+03
1.163683753458254387e+03
8.186109536855311717e+02
2.631421341503815256e+03
9.011189623200152710e+02
9.889259282099100119e+02
2.560702326418571602e+02
3.793466887323480478e+03
1.508161875158196153e+03
1.770658445799524088e+03
3.810093703650667862e+02
1.922710548524603837e+03
1.211253604524089951e+03
3.735637500250359153e+02
3.555799219250895476e+03
1.692367390305872277e+03
6.421722350953386922e+02
6.678891370979970361e+02
1.708317436215102362e+03
6.952987255250550334e+02
2.236505357171759442e+03
9.845226627221188664e+02
1.464275809776884444e+03
2.398078783198655401e+03
7.964821736094376092e+02
4.147570218942288989e+02
1.572351665026754119e+02
2.719733861637007976e+03
3.407365162865135062e+02
1.729743895799974098e+03
1.089488437207209699e+03
8.021677389918003200e+02
1.378837012482558748e+03
2.631051068675430997e+03
1.694874259755490812e+03
4.565544098853583819e+02
5.105633497666797666e+03
1.351502254231995266e+03
1.595734801519592793e+03
1.842276224132511925e+04
1.702772366952748598e+03
3.182626883606683805e+03
3.053002869037495202e+03
1.088506222478013797e+03
5.712938551210454534e+02
1.828216577005460749e+03
1.223221693307818214e+03
8.475437738372559124e+02
1.340165523816768882e+03
2.002536130297042064e+03
4.446513351374824765e+02
8.260574830163719525e+03
9.613923082125089650e+02
2.572470137898306803e+03
7.054790324964817501e+02
2.020082334285035131e+03
2.915019863952805963e+02
2.615411678863331872e+03
7.172087966400332562e+02
3.504067786853072448e+02
9.621618708836616634e+02
1.838303472505034506e+03
1.418008063938110809e+03
4.759101225015870682e+02
9.925377831002353560e+03
1.416570568963646565e+03
2.545644203951957536e+02
1.320860067344881372e+03
2.630332617250704971e+03
1.265322757562973266e+03
7.201303806871206916e+02
4.415185881347001668e+03
6.920501297931112958e+02
1.407709175908944189e+03
9.771768098746199485e+02
1.808226332754301211e+03
1.099745053478887485e+03
2.208211524137214383e+03
1.098716882723686012e+03
3.532813156042307128e+02
7.428908594636933458e+02
1.948269766356156879e+03
4.564129261927098923e+03
2.010632859693661430e+03
8.604658367724363416e+03
1.160542177392848771e+03
1.371075628042125572e+03
6.102295708378077279e+02
3.866474414191206961e+03
5.687839305261752543e+02
1.539725418045316701e+03
1.615300962053089825e+04
3.926623790796757021e+02
3.716700887991428772e+03
9.965659360073681228e+02
1.426674066962546249e+03
2.185864416605825227e+03
1.025060740000614942e+03
1.211720819114466110e+02
9.350498649093065069e+02
3.206946197028765255e+03
1.035508655563877028e+03
2.179745713948299090e+04
8.535291741877761069e+02
1.424643653380944670e+02
4.408445568597884630e+03
3.907007894331812281e+02
7.313717154649523309e+02
8.738209080597014236e+02
1.649628162769058235e+03
5.778865239234839919e+02
1.080704706320217610e+03
3.548306915000235222e+03
3.047036807082066389e+03
1.427649886577284633e+03
nan
7.650470760994473949e+02
2.821914184201415537e+03
2.103411306433138179e+03
1.649014195551739476e+03
1.228054290606420864e+03
1.685245584606786451e+03
1.205659142783640391e+03
8.217053055247312159e+02
1.632276774174379625e+03
3.193010866916802570e+03
4.559859793759340391e+03
9.638065301556647455e+02
1.955617047551074620e+03
2.856501635241935219e+03
2.234293123891563937e+03
4.319476513265711333e+02
1.090559063619808057e+03
1.751986674386315826e+03
5.145030276175032213e+02
1.552587554011318161e+03
1.219069488598649968e+03
1.314843148880734816e+03
1.787760126082988108e+03
1.492465248853387948e+03
2.397621294778831270e+03
3.854981493853022130e+02
2.371228026172806949e+03
1.868093077735033376e+03
5.737551508885492240e+02
3.373745556593331003e+03
2.069319459856786125e+03
2.100965769255182749e+03
1.009273260426384468e+03
1.490598892693305686e+02
7.730694568374808568e+02
5.388131575990789770e+02
2.325967281792067354e+02
1.010994727049607832e+03
1.711723391410164595e+03
1.266414258976916926e+03
1.613146956025339250e+03
2.353680681848363747e+03
1.681938810600388024e+03
4.297175667098064764e+02
nan
6.491372853700728456e+02
8.254027176182623862e+02
3.011541456893369741e+03
4.220569437958992239e+03
1.588945236018624428e+03
1.968611630274688878e+03
2.801478698404028364e+03
1.951579169611536827e+03
8.009653149521484465e+02
1.420048532610348047e+03
5.204531238713020684e+03
1.578698273295443187e+03
1.503697061828585220e+03
3.191641617142894120e+03
3.088513397662350599e+03
7.415102515524054070e+02
3.313264688367180952e+03
2.529659671921189329e+03
6.106377196715626269e+03
6.480573344738421611e+02
2.851525502615231289e+03
1.189896335551915172e+03
1.167143380882239398e+03
5.624053287845707018e+03
7.574371236001261423e+02
5.772992111418322565e+03
2.275829312305385884e+03
3.543947416152107053e+03
9.708331796576713941e+02
2.466283571623684111e+03
1.888250009955874020e+03
1.092141396199704332e+03
2.074220311322208545e+03
3.060601178137927945e+03
1.406619723049887625e+03
1.648533728398668472e+03
6.815283729305427187e+03
1.381207186799631756e+02
1.901557112687444487e+03
1.231857994668863057e+03
7.642156518230564188e+02
8.842612671495278391e+02
1.319462776483636844e+03
2.673939553128393527e+02
1.133410791656259562e+02
3.087888862784904632e+03
1.396530728557125485e+03
1.551936170295858233e+02
2.423658541674464686e+03
4.366549958262048676e+03
3.560679640988569645e+03
2.204939194984385267e+03
2.411439585540337248e+03
3.210123430486919460e+03
2.533999082740006997e+03
1.946904126014132999e+03
1.301569646529104148e+03
4.753652240008227068e+02
5.109596929436543746e+02
7.994392475017554034e+02
1.571063582606907175e+03
1.015727436921928984e+03
8.727261961039614107e+03
2.306299930267180571e+03
3.034943773483923451e+03
3.826931754535097298e+03
4.052654158950140300e+02
8.293307120782675383e+02
1.728700835334262365e+03
1.086069622390830091e+03
3.288987100794428898e+03
1.033145871617280818e+03
3.853613956985597270e+03
4.117315773002029346e+03
3.752862888733449722e+02
1.361203161356420196e+03
1.446782868455077278e+02
1.074756033667490556e+03
1.847639157516299747e+03
1.152835431418420512e+03
1.599037605163112403e+03
1.489730637540273847e+03
4.924767660354211216e+02
1.319886717577855052e+03
1.266992477482009463e+03
1.511275208415976294e+02
5.162720459280213618e+03
1.465470841377111356e+03
7.615829232236798134e+02
3.435117284231246231e+03
1.166337220053994315e+03
4.400932310815559276e+02
6.345156463917496694e+03
8.580271349273766646e+02
3.285782377973512666e+03
1.035647946416740069e+03
1.314071774686572553e+03
5.589457069026448153e+02
1.027062638635503617e+03
2.005999666699192176e+03
3.560571565305522199e+03
6.321766077159759152e+04
1.603442610372912213e+03
3.847246640508746623e+03
8.103424317890813882e+02
1.941694776595402573e+03
2.364819676456233083e+03
2.430940206847546506e+03
1.546778770059118870e+04
1.930319899268404015e+03
4.105638709319539885e+03
6.386564143379046072e+02
1.189384004449184886e+03
7.321321841158453481e+02
5.570685351069031412e+02
3.550020222123216058e+02
3.735102522650789069e+03
1.662773098381901946e+03
9.708778547244026413e+03
9.379053865326991399e+02
1.530717394931177523e+03
1.875374428511163615e+03
9.982559244016798630e+02
1.299360534004809097e+03
1.833238864534849199e+03
1.992235899688578684e+03
1.472323317411072367e+03
9.296577591421161060e+02
1.422837096001428790e+03
2.596425794554646131e+02
3.016977076730977956e+02
1.360191800088663058e+03
4.711251524012467598e+03
3.150292408321132825e+03
1.540062215706667303e+03
9.824550824483317228e+02
5.786542111433217315e+02
1.817468202127477070e+03
2.548838111487870719e+03
1.518551413425797818e+03
1.046546508964250279e+03
6.294054098140875340e+02
8.380820576842519358e+02
4.484469444288698696e+02
8.444450174337902126e+02
1.510248748418924606e+03
8.715197696568552601e+02
3.965483704113444674e+03
1.660602042459021277e+02
2.560311906994982110e+03
5.907669570399660870e+02
1.023377142605205677e+03
1.902848113233548929e+03
4.897041562429078112e+03
1.293597959528298588e+03
1.443574176448482149e+03
2.830463483981102399e+03
5.287676756581332711e+02
7.911907313754361439e+02
1.467531213754675719e+03
2.490038902885356038e+03
2.087660755653248088e+03
2.024970153970037927e+03
1.156188061179470651e+03
7.796428163463226610e+02
3.292379712422544799e+03
3.164383030320731450e+03
7.180056388830569176e+02
1.286936495058141361e+02
2.509877356320761805e+02
1.386093116155943562e+03
3.817205758531528772e+03
3.353602118103423436e+03
1.349031904162735600e+03
1.456896564822951632e+03
7.577477602636356551e+02
1.832518216435900626e+02
4.692601264993850236e+03
5.018406792433477676e+03
6.993476047795886643e+02
6.042458701791151725e+02
1.247660821006453034e+03
2.291658856706112147e+03
5.772451303217294480e+02
1.420126993394562760e+03
5.980344687561455430e+02
2.696023450074595075e+03
1.447237991875639182e+03
1.744532839941234670e+03
2.381805494649418051e+03
1.777757883261450331e+02
7.462924292142919285e+02
7.477798471226698894e+03
7.046847464120074847e+02
3.695321108624331373e+03
1.322139077320515071e+03
5.929169166899177981e+02
9.835228122448588692e+03
1.268015285197439425e+03
3.980686390120484702e+03
1.516810380939923562e+03
1.018202712588433883e+03
2.114215985788487160e+03
2.219142457708958318e+03
3.288805490229990937e+03
1.144554024124605121e+03
1.536393732050568815e+03
8.474427620996116275e+02
2.813633246167554262e+03
2.270029026577031345e+03
9.068895786112711903e+02
1.634660473158258810e+03
1.333925042492377770e+03
1.835500572305469632e+03
1.211789882315706990e+02
1.040642743532006079e+03
1.077058618778733262e+03
4.839220234531141500e+02
2.124035981003856705e+03
5.576716913862119327e+02
7.067916545824010655e+02
4.897041562429078112e+03
3.466226635924919037e+02
1.338763753994488070e+03
4.674566148948511000e+02
3.697514850422933250e+02
3.601266884638999727e+03
5.796537982255880706e+03
1.520272324452150087e+03
1.434731266760006292e+03
2.045020447132962772e+03
8.948628523322656747e+02
9.690647315808687381e+02
4.317622434761423392e+03
3.501796684369918694e+03
6.827446194084099034e+02
6.240866925643712193e+02
3.359115499635767605e+02
1.737716866621772397e+03
3.675165965300864173e+02
2.780294303367546036e+03
1.461675490274399408e+03
8.639105049640415928e+02
1.608385613464450671e+03
8.554175575373777747e+02
4.082658462253801190e+03
6.696894627698684417e+02
1.456222314621366968e+04
2.222729095181995945e+03
4.046395562051893648e+02
2.881743572194705393e+03
7.248737709887495839e+03
2.716093725385122525e+03
1.474551206033246444e+03
1.400177378697001359e+03
2.304618135168046138e+03
2.907532929156363934e+03
1.699710694764062055e+03
1.205686560583272467e+03
1.656404953157137470e+03
4.384558777603285193e+02
4.757183486668090154e+03
5.302272933941670772e+02
7.068682454972358755e+02
3.568692847949698717e+03
3.514710682225681921e+02
1.386161179425097316e+03
6.349614843100286635e+03
7.322703204137446846e+02
8.022512597574543634e+02
8.644018581737610702e+02
3.101369234570663593e+03
6.992560537431751300e+02
9.808361588557797006e+01
2.209555876494464144e+02
1.045551318147264510e+03
1.721014500768137395e+03
3.708115474470983827e+03
1.680138694488431838e+03
5.027467029194378370e+02
4.181800133073786128e+03
1.578997538920891657e+03
5.298906279427211530e+02
1.014186265598860587e+03
2.325910933714439579e+03
3.753334798563037680e+02
2.082513638124175486e+03
2.181334140136445058e+03
2.993228806364109005e+03
5.392911684984052272e+02
2.635805925158232981e+02
3.567552469698814548e+03
1.564950365539911445e+03
1.365540699508603211e+03
5.191052006405819839e+02
1.630208662681932083e+03
1.447765592036247426e+03
3.794341885773411605e+02
1.007659742665677641e+03
1.231612127467952632e+03
4.063653662664132753e+03
5.621726707693217577e+03
3.137330096335578673e+03
3.217232114660827847e+03
2.788924328224420151e+03
4.943098550159808156e+02
7.949300725948834270e+02
1.817448227543145777e+03
2.342730724289059708e+03
1.672376630657970509e+03
7.195575738817127558e+02
6.236896342656866636e+02
1.434695931070332335e+03
1.481761615647217695e+03
1.392836366398473729e+03
1.301517852333691962e+03
2.525629553735315085e+02
1.885345688384639516e+03
1.181479676540512173e+03
2.224751246176700079e+03
3.794623746608128386e+03
1.602534981260161203e+03
1.653155314604326520e+02
1.028979973680143758e+03
2.303148709390145541e+03
5.192115620495665098e+02
2.373283328047526084e+03
1.282759855443927108e+03
4.667311101747746761e+03
5.636673074323083711e+03
5.660798064245916976e+03
2.545696876824170886e+03
3.514308226736639426e+03
3.650834989373632197e+03
2.484844831216040347e+03
1.586365715381346263e+03
5.980344687561455430e+02
4.526272981558427091e+03
8.533394252758606626e+02
3.238084953752588717e+03
6.797315072460689407e+03
5.815099070119265434e+02
9.552452215625384270e+03
2.982934254187560782e+03
5.877601998685893250e+02
1.748895995527788045e+03
6.236204026952132153e+02
5.352924817640052424e+03
2.076570520404815852e+03
3.737087451825012977e+03
3.232890397283319999e+03
1.065608277303402792e+04
1.331507005448753716e+03
4.382975736936456883e+02
3.457603560311062756e+04
2.053115115146040353e+03
2.294467589797692654e+03
1.320371604281761620e+03
1.938904301734110959e+03
1.588185369513565547e+03
1.727768501113477669e+03
2.415820688986480036e+03
5.830498668036522758e+03
3.373004300116701415e+03
2.416885012931800702e+03
9.259904455412268362e+03
2.182861942297037331e+03
3.142424286621578631e+03
3.270693350530350017e+03
2.863156394160192121e+03
2.005639286619428958e+03
2.850054698211931282e+03
1.729120344217970796e+03
1.093738408234121152e+03
6.442936208780503193e+02
7.913682220985845106e+02
8.694233707284904540e+02
8.936514629186234515e+01
3.704036944080335161e+03
1.679159085307539044e+03
8.143927861180131913e+02
6.429083314960553253e+01
1.347129819892865953e+03
8.684872924282768736e+02
1.633124006264240279e+03
4.120039449392071219e+03
1.276350049800093757e+03
2.250949600808006608e+02
3.069680459325924744e+02
6.432827480052495730e+02
3.897263989513609772e+02
1.318556186589767094e+03
3.067529742683227141e+03
1.907366280427495440e+03
1.258692964892495496e+02
5.571609437567137320e+03
9.420270707978187374e+02
2.784858481141915490e+03
1.666027061954851661e+03
9.031252560665617466e+02
2.582619643338262563e+02
7.183017911055979994e+02
2.551380798942544425e+04
2.295540494685908470e+03
2.010781193047321949e+03
7.854239701844265937e+02
4.227017318286279988e+02
1.891581326472167348e+03
4.654195876341026633e+03
4.751164398301740221e+03
1.126422979445450255e+04
3.380537970232682710e+03
2.150738500328544433e+03
2.777710924927192764e+02
1.142139208694261470e+03
6.915863070960531331e+02
9.710525274198733996e+02
3.584040092463177643e+03
2.240051781685448987e+03
2.972944949628162021e+02
1.572210100117729553e+03
1.691561503101450626e+03
3.032600718232832605e+03
4.487962843300951135e+03
1.001412535530458285e+03
6.713210587635525144e+02
1.414662304261563804e+03
3.257146871547517094e+03
2.067774340227447283e+03
1.174058725889320840e+03
7.144903379395817637e+02
1.357839057672399804e+03
1.358521277990670114e+03
1.009586192130805102e+03
7.886471493822498360e+02
3.363535053784417528e+02
1.613941163613493927e+03
2.666412639520388439e+03
3.380466446285199254e+03
6.792276932107797620e+02
2.756481228886568147e+02
3.527062127499890266e+03
1.272614352070825362e+03
4.192964899479378801e+03
1.798358692431840609e+03
1.450213090012627845e+03
1.127375509839188680e+03
1.100146938225816712e+03
3.125053041016436055e+03
8.384177985558263799e+02
1.478164495030091302e+03
2.327379051912696468e+03
9.703644719826738765e+02
3.011314353034996202e+03
3.243583014289988569e+03
1.751339740726000855e+03
3.144381820215337939e+03
5.182617254194391535e+03
1.274177012411197666e+03
6.028928969555734056e+02
2.354638679965819676e+02
6.208444049268552590e+03
8.631203760404783907e+02
1.310952658667928972e+03
7.296974553378589690e+02
1.129357367102333683e+03
2.515664547332673010e+03
5.026940767803189374e+02
2.696951721986620214e+03
2.132347299165476670e+03
1.704045837538279102e+03
7.754628942458341498e+02
1.661729582823847977e+03
9.976629806453628362e+02
1.093754911159808944e+04
3.603152097370002593e+03
3.470565358474911136e+03
1.938443019775299945e+03
1.361970706096610911e+03
5.999532349056471503e+02
1.286476218662819747e+03
9.504558971823125830e+02
4.089136885563603755e+03
3.380842151648552772e+03
9.321806995411714070e+02
1.686174946093939525e+03
2.804685478035094093e+03
9.641857182727520694e+02
2.141985061228297127e+03
9.518501712033842068e+02
2.649218848942521163e+03
7.729145732167056622e+02
2.328359459361819063e+03
5.504365916911207933e+03
2.787442258815685818e+03
3.722559590360583002e+02
1.264431560513577097e+03
1.751883662647915571e+03
5.367876340517631206e+02
