1.980029517347380477e+02
1.115747554113959723e+03
2.481336327034546230e+03
4.349211111872391484e+02
4.947128137917267850e+03
5.238691533930154037e+03
1.311176833321379945e+03
4.146268971295829942e+03
2.896695772657022303e+02
7.192127979665285693e+02
8.685756297853725982e+02
2.845640627841165951e+03
1.858385807598729798e+03
2.928557462254136112e+02
7.617174128509752791e+02
1.147289400482664860e+03
1.199250928182604184e+03
3.702862443094244895e+02
1.405222560556428562e+03
2.020884203513887314e+03
1.606544603803188693e+03
1.484421349627253676e+03
9.559211511675761358e+03
7.393629993226337547e+02
5.318924983149925538e+03
4.910863327517200787e+02
2.206211648356745172e+03
2.819537056867792671e+03
2.378615670658109138e+03
1.560876480648898678e+03
9.003900245218247846e+02
1.771739985370623344e+03
1.289075447714699521e+03
9.105715499593698041e+02
2.165282427904913220e+03
1.780894695983085739e+03
3.200432829082967146e+03
7.669928909103407932e+03
1.727458036736340091e+03
2.137185135470271689e+03
8.286706995455691640e+02
2.404795427914823904e+03
1.046309705804700116e+03
1.023182417824850063e+03
9.119252362572481161e+02
2.495372202702925279e+03
3.475607254182754332e+03
1.667326528258888857e+03
4.469952636216731889e+02
2.243891071692325568e+03
1.136978486454877839e+03
2.885294456161754624e+03
8.253247935965824581e+03
2.318874002046264650e+03
1.657566627245080554e+03
7.549372293346716560e+02
6.145504228745835462e+02
4.642341105323735974e+03
6.209742780036482372e+02
1.928892945425262724e+03
6.994950577508284368e+02
6.938855135624696686e+02
2.676261156486986692e+03
1.044417558366362073e+03
4.471384526418179917e+02
2.132157896962301038e+03
4.168058721526992485e+03
1.454804268509541316e+03
1.032026604691261582e+03
5.480436731371979477e+03
1.772047052821032139e+03
1.151617523400129585e+03
3.626801017155002228e+03
3.880940402919344479e+02
3.608440767285703714e+02
3.516615869420068520e+03
1.087296933989013087e+04
1.530512649890241619e+03
1.363417342316325005e+02
7.331150157364483675e+03
2.756379651786063732e+03
1.521843796271485019e+02
8.516520124700763290e+02
4.954832299899810550e+02
3.873241553371804912e+03
1.023151148720859283e+03
4.766465335487300763e+03
3.611530688626588130e+02
8.110409205538247761e+02
2.818297366909016546e+02
5.672795293578732299e+02
2.243116097647844981e+03
6.257747645928721880e+01
1.704039106205958433e+03
2.003636769153848718e+03
2.700031838073419749e+03
1.824423935356232391e+02
2.877052885898519889e+03
2.098513038116124790e+03
2.248387920709809805e+03
4.651569512274181761e+02
6.637283472951322665e+02
2.878542774949974046e+03
4.197906933076079440e+03
4.614880644129295888e+02
1.469603542231463052e+03
2.009237902857801828e+03
1.925119603580324474e+04
1.357557915847924960e+03
6.696068435598110682e+02
2.156349029872754727e+03
1.292134588097665755e+03
1.700915729642279985e+03
5.298614331171261256e+03
1.484785798532255967e+03
1.128580717372151867e+03
2.037792064942432489e+03
1.150412340031294889e+03
1.030494958108284891e+03
1.174972679491887675e+03
9.834621522849714665e+02
2.918610822822105092e+03
2.659503555764431894e+03
1.551606073056093237e+03
2.845632581166846649e+03
nan
4.142413138339223337e+02
7.692446211875335393e+02
1.570005769490450120e+03
1.846549875722391789e+03
2.187882643418224689e+03
9.428983241003863895e+02
1.320986944919824964e+03
1.111886947426201232e+03
2.627671268615231384e+03
1.747089995810850041e+03
7.652006725209798788e+01
1.765799386624893668e+04
2.537027498728745286e+03
7.436646363895142713e+02
2.644625576225168061e+03
1.674738775743169299e+03
3.996022326075643832e+03
2.207899327142570655e+03
1.970016651209361271e+03
2.778735096916124803e+03
2.705577302462342686e+03
3.566189366037507625e+03
1.278326077267714027e+03
1.791485155676466547e+03
4.904433952485898772e+03
9.163984982825832049e+03
7.758904595383557535e+03
7.896159607368506386e+02
2.837760864597489217e+03
2.847982394915598547e+02
6.453652352097135463e+02
1.405131669485600696e+03
2.388426140837354978e+03
1.683853596875667108e+03
9.915047740899262863e+02
8.419897812074210606e+02
4.294497301795380736e+03
1.067605607385742132e+03
1.926614725875212798e+03
1.941382405728922322e+03
4.368451949537528094e+02
4.749044196803629347e+02
4.653976813786825346e+02
3.888414625913767964e+02
3.618968643470224379e+03
1.061627791760683294e+03
1.077660228048281169e+03
8.925872042810378844e+02
7.500028604486399672e+03
2.842209068593389475e+03
8.197175251262223128e+02
7.065716686646477456e+02
1.155373769878065104e+03
1.025589893309585023e+03
1.271055811265812736e+03
1.626877390794108180e+02
2.807510873064613577e+01
1.246923921511265917e+03
1.382491249272623008e+03
3.109950136619104342e+02
4.225100611111185572e+03
1.871107808743738360e+03
7.153824559664847129e+02
1.277305281781020312e+03
4.295883948029331805e+03
1.017750571218196001e+03
4.598668053592390947e+02
5.374922110637725154e+02
1.438729080211964856e+03
7.600451725504797196e+02
3.519459112145649215e+03
3.338135606763168653e+03
1.332316500848613487e+03
6.888584717056151021e+02
2.285856356365760860e+02
1.886048434284746463e+03
2.397459106350470847e+03
9.465647056318121031e+03
2.251119988898328756e+03
4.825836441407537677e+03
6.792445566197485277e+03
1.534127428038314520e+03
6.182050094945576348e+03
4.140901828082310203e+03
4.426581017401218787e+02
1.596232452962237176e+03
1.949229246861299103e+01
4.630233617163642634e+02
5.902344827795767742e+03
2.488472639693324254e+03
1.618599239750997413e+03
2.845941528441968330e+03
1.754573207600072010e+03
1.760181035399285292e+03
2.010914713919300084e+03
2.334673199878887772e+03
2.579567543304702212e+03
8.628264491231266220e+02
2.629641855823301739e+02
1.215041004809897277e+04
7.230548024213650251e+02
7.477321244089577704e+03
3.641902912968600049e+03
9.050908717014137892e+02
nan
3.697476271950636146e+03
4.251025260369222451e+03
1.211258614827888096e+03
1.937825679954575435e+03
7.349400228975648588e+02
1.100379974268409342e+03
1.494861679398352862e+03
1.593462956063620823e+03
2.928064489376705751e+03
1.221710079594692616e+03
4.238768079269156033e+02
1.371474864757124578e+03
1.224303689743237101e+03
2.170569087888524962e+02
5.330334183336057094e+02
6.599265209309764941e+02
1.140677645189095529e+03
6.508077536582670291e+03
1.057916081562162617e+04
4.572522063790140692e+02
1.411868991361894587e+03
2.185172735173329784e+03
2.646156143098057328e+03
7.342985119514453345e+02
4.360163208292774470e+02
1.083204545161160786e+04
3.060031650863655614e+03
9.906585776067133338e+03
1.589590614140199023e+03
6.568201791293718088e+02
8.936475944055550826e+02
2.690449757860172667e+03
5.672830834745445827e+02
2.027228810383868449e+03
4.338648523205479250e+03
2.044869136655388274e+03
2.627214519319380770e+02
2.106027060336064096e+03
1.538832710076607327e+04
2.704045143963729970e+03
3.728340227096360650e+03
3.906066403252538294e+03
9.514665793619163878e+02
1.168766977505154728e+03
4.725517934646809977e+02
1.988178417170138800e+03
8.812926983907694876e+02
1.953301678760121604e+03
2.953040818884788223e+03
2.896264133245767312e+02
2.606616532040915445e+03
8.891769059521674308e+02
4.255189464021102026e+02
1.161874186216259659e+03
1.060086429698416623e+03
1.186242609703428798e+03
1.171687313243052586e+03
1.298860333967189581e+04
2.879499979107455943e+02
3.285644321506536016e+03
1.599595552211456152e+03
2.567692003404566094e+03
6.508077536582670291e+03
1.385229408923916026e+03
1.410195899462469788e+04
3.430395638440795665e+03
1.796030122297598155e+03
2.954333856121445024e+03
1.330147199504274795e+03
2.003664553722972187e+03
2.575793153052983143e+03
2.832076074362844338e+03
1.404936913727331330e+03
3.395030004370428856e+02
8.228435189141982846e+02
3.617331756190670262e+02
2.694953447156817106e+02
1.570575924898798121e+03
5.428441783529427767e+02
2.893674267512007191e+03
7.096495400237968170e+03
1.543207314089399915e+03
3.727498907054300616e+03
1.290849789868280141e+03
1.611598447336898744e+03
2.744534576107598696e+02
1.534732218616420869e+04
7.016764363605969947e+02
1.156429222079144665e+03
3.628112982861502132e+03
7.291098314494240640e+02
5.219937918406783410e+02
3.981968868018028843e+03
1.530112414907350285e+03
3.225341167498769664e+03
1.924796738851787950e+03
2.294719456424546138e+02
7.953300995233358663e+03
2.625494153192421891e+03
1.493216612302760950e+03
5.939711419147378137e+02
1.738723796359406379e+03
1.500571555978025799e+03
3.894089966033008295e+03
7.881826842471940608e+02
8.668908412237427683e+02
1.505480342666450952e+03
2.555657213824208156e+03
1.618068060075854555e+04
2.629641855823301739e+02
8.483042720379123693e+02
1.340375320826974530e+03
1.935612506016962243e+03
1.410992901949618954e+03
5.335174545096277825e+02
1.038247533553592802e+03
3.769231721342600849e+03
7.629775057903644893e+02
3.547593421828446481e+03
2.900197956874662850e+03
5.513821218440518805e+02
8.419705487205968666e+02
2.679076920084523408e+03
4.723888936689900220e+03
1.692928987608439002e+03
2.278591407062555845e+03
3.204114718024731587e+02
7.424258654683903842e+02
2.531227416799255479e+03
5.246996093923195303e+02
1.395488628244546817e+03
1.271182423452923786e+03
1.868668216953185492e+03
1.462015078073129553e+04
1.555224785964952389e+03
1.037847322221202546e+02
1.205809043200975793e+03
7.393629993226337547e+02
3.723971999609382237e+03
2.487132994089759563e+02
5.703388874593662194e+02
1.104192396017986994e+03
3.012621687150691287e+03
1.857386134263878603e+03
3.118677886716833427e+02
2.761894627191521522e+03
2.048122283083413549e+03
4.393447850233223107e+03
1.686688879461038232e+04
2.084200554408736934e+03
5.654417324201680458e+03
3.357626307284121594e+03
1.322905493180490566e+03
9.767794919334648966e+02
5.483208557310101241e+03
2.132899496083643498e+03
1.252337988722571708e+03
5.685415744293544549e+02
3.336579193200063855e+03
2.693602777682612214e+03
7.367599825583990423e+03
1.643929462884035729e+03
1.145317186163703127e+03
7.051836513100980710e+02
1.540134776194333654e+03
8.992358900194986404e+01
7.529387599390614923e+03
3.390849293706355638e+03
9.654155404697505105e+01
1.572814497916818254e+03
1.122003526362620505e+03
6.646759268572179735e+02
5.680652382056254282e+03
3.407795506518263210e+03
1.898455589858551548e+03
1.502687806745406078e+03
1.802257642554886615e+03
3.219064279087997875e+03
4.210915781947606774e+03
1.898740745414201001e+03
2.044972043592582850e+03
2.463737846977411664e+03
4.466807669356361657e+03
5.464454697143717112e+02
1.631399063583502766e+03
1.509445749032059666e+03
2.780234838818925709e+03
1.509331329202821735e+03
2.094253719983195424e+03
2.165184530898128230e+02
1.387387256878686685e+03
2.001555181064763929e+03
1.124135522029340791e+03
3.253806006569850524e+03
1.558178836487460330e+03
1.711516275495089531e+03
3.326325430986563561e+02
2.164536748593897300e+03
5.954793343609240765e+03
2.483509506206909919e+03
6.861536148345287984e+03
6.460481014701424556e+02
2.464701746223667215e+03
9.881844496224600789e+02
2.343857489892949616e+03
8.603132916322159872e+03
1.453336119059823886e+03
2.937971428346293123e+02
1.573147286705289616e+03
3.522592162823129456e+03
1.146821160993097237e+03
9.131035826514460496e+03
1.979296482788525736e+03
1.803399286617652706e+03
1.217068820388966287e+03
1.857062502895691296e+03
1.378004031744519125e+03
2.954963131303825776e+03
2.307649400946306287e+03
1.245191602081731617e+03
9.820148769497039893e+02
1.126419432994412318e+03
2.918507925968890504e+03
4.605410033827457710e+02
nan
1.731498509805886215e+03
1.061230214396960764e+04
3.010295116500887161e+03
3.204834465349375705e+02
2.330933920343334194e+03
1.599513808515197297e+03
7.156436661879780559e+02
2.681846450639980503e+03
9.665886180853640042e+01
2.730316666129124883e+02
5.316201001449960131e+03
3.977830239636059559e+02
5.897263886409526094e+03
2.773845634261841496e+03
2.335472810366154874e+02
2.855523814453592877e+02
1.059697474159728472e+03
1.911203950622647881e+03
2.251835876778372040e+03
2.280646435625569666e+03
1.191267491543179176e+03
3.626169853462081960e+02
4.824342509540829838e+02
6.140133295490218188e+02
3.189574290397182267e+03
9.288293719406649416e+02
7.328949644826153644e+02
1.698198871895425555e+03
1.899526191606303655e+03
1.961034018305541167e+03
2.415725254744285394e+03
3.523612824710204222e+03
3.047408519376360800e+03
7.125125112399480258e+02
2.080019411912864598e+03
7.442997945844959986e+02
7.996461557216223355e+02
4.917491057084951535e+03
5.318794747815600203e+02
2.236932094906227576e+03
8.321295472739940351e+02
3.503594716154079833e+02
8.980274156570237665e+02
2.190154398770572243e+03
nan
2.305580670414573433e+03
9.027279181043060134e+02
1.966688107835439723e+03
3.014961575199064328e+02
2.391154945594856599e+03
2.292050933697815708e+03
3.789722380283357779e+03
2.023689710495293639e+03
2.326207918257287929e+03
2.776176788495941310e+03
5.799818845072936710e+03
1.415553411481641888e+03
2.052793205657111685e+03
9.572228499702976478e+03
1.184300599297866938e+03
2.662239396206132369e+03
2.375299667201869397e+03
6.082991792460957186e+02
5.110289288522139941e+03
1.835772038370224664e+03
1.040297302208408610e+02
4.516576564686984966e+03
6.474651027906577383e+02
3.894911022538772158e+03
1.707363689536487072e+02
1.993390932591400542e+03
2.183135024652445736e+03
1.769385916265208891e+02
1.532364208365283275e+03
1.366544696937842218e+03
2.702425883541192775e+02
1.658081248762470750e+03
2.667223699786875841e+03
1.418470269836445186e+04
3.836428756762200010e+02
1.129448663229731665e+03
3.936850036412361987e+03
5.199445332802060875e+02
2.611179370235269289e+03
1.167799166843449257e+03
6.780603047491950974e+02
3.239621904690669112e+02
3.758047365842220188e+03
3.957000504444748458e+03
1.617450080050879251e+03
2.692815043804632751e+03
2.205190001541430320e+03
4.104607141744634191e+02
1.410649143975185780e+03
2.334831562897352342e+03
4.878970428757541413e+03
1.746507423649843759e+03
6.646420494073311147e+01
6.651380659406491986e+02
1.798360448511059076e+03
4.176874400342669560e+02
1.421862001319677347e+03
2.884048211163341875e+03
1.577052098050824895e+02
6.640402398837986766e+02
1.113207419999539809e+02
1.214443200213948694e+04
4.676140737412360068e+03
5.264879251813020346e+03
2.047825776121269655e+03
9.802182759593591754e+02
8.724391291038783720e+02
7.269193392164410170e+02
6.140979702996279457e+02
2.253447665934710585e+03
3.638215340082925650e+03
7.793868377558657130e+02
1.763202452798094100e+03
6.812468500170541120e+03
1.454823480988834262e+03
4.712470715328980759e+02
1.529074566160103814e+03
1.834936762443085627e+03
5.359648843860918532e+03
4.538098841910898955e+03
3.546491901903114012e+03
3.635731874932638220e+03
4.970180293746947200e+02
1.486215526243187469e+03
1.087140775400376015e+03
5.042198463388078835e+02
3.364139482638020127e+03
7.104216306702752490e+02
1.630034264675042778e+03
1.908509251666989485e+03
9.414204668215550100e+02
2.894462460517417639e+03
8.384971374039912462e+02
2.313943128128348235e+03
1.769676314959672709e+03
1.814884910478439906e+03
2.929099943756204084e+03
2.557880606058285593e+03
1.990999929825542040e+03
2.963037714192979593e+02
1.240667216398193204e+03
2.317606290366758185e+04
6.112766615425538475e+03
5.967123397956948793e+03
1.591303983452669854e+03
9.367608325429469915e+03
2.280556138287476188e+03
2.609572127703696424e+03
1.258866492452612329e+04
5.096604494052548375e+02
2.858707109494987890e+03
9.799352426446839672e+02
1.796680660623327185e+03
9.845132042417412777e+02
3.751192404075179184e+03
2.068996164403540376e+02
2.623460167351457812e+02
3.567472787610386604e+03
1.087299808901873064e+02
2.107271998081059337e+03
1.529166816248678288e+03
2.990780020874912680e+03
3.429002267462516329e+02
1.029780514835892291e+03
3.881642431856034818e+02
3.594744248207118744e+03
3.700799694538448421e+03
3.524029934701156890e+03
8.451551147304887763e+02
6.620084798307692608e+02
1.373219058289999566e+03
1.845652032456165671e+03
4.279454312158596622e+03
2.485221410067629790e+02
2.534816251397481665e+03
8.750520371360872787e+02
1.544353470260007953e+03
1.544649680996678853e+03
9.248868208651372242e+02
1.163107937680903206e+03
1.377451290824661783e+03
1.597021258405281969e+03
1.367486700561159751e+03
1.717186203668602502e+03
8.301218864489462703e+02
1.482765859604330217e+03
1.873397961931971736e+02
2.086862472669191902e+03
2.383864431722309746e+03
1.471567059387054087e+03
2.477779964858240874e+03
2.523395609227697605e+03
1.657447518228141462e+03
1.521007777013436453e+03
1.223764686004052464e+03
3.584329918302471469e+03
1.001721184416618235e+04
3.002472277705852775e+03
2.514573236089603597e+03
2.566629762545788367e+02
6.500666909856324764e+02
1.294341093670615464e+03
4.946599301659678531e+03
1.487645181367120415e+02
1.842638434507954344e+03
1.190666336311385066e+03
5.769165020609223575e+03
2.912376949351085386e+03
1.618125160794427075e+03
1.481731022873721486e+03
1.009471265528387562e+03
1.815342408470314979e+02
3.701046009367826628e+03
1.647935713436294918e+03
1.839695799777890215e+03
1.317812785285114160e+03
1.791318761502854159e+03
8.256237423917113119e+03
1.572032099162290251e+04
1.364391186421826433e+03
2.647103241590023686e+02
1.077798634334349572e+03
1.224174172444551687e+03
1.477809935008032426e+03
3.380990719354881094e+03
1.995692284719864119e+03
1.167156703841534835e+02
2.265453897763318309e+03
9.839207394280024346e+02
7.381900403289336055e+02
5.316730917423436040e+03
2.965496882423528405e+03
5.157270773452873073e+03
1.100591804586511216e+03
1.048687352821937338e+03
1.451960605080809273e+03
1.780185813293066758e+03
3.384120076949269787e+03
1.756458221022267480e+03
1.318781956828062175e+04
1.284341743544985320e+03
5.950270315485171523e+03
2.424266154457257471e+03
1.512477763710285217e+03
2.563924378079388589e+03
7.099182763661100353e+02
2.137938350855095450e+03
1.188805656537701907e+03
2.249371169926691891e+03
2.091605574870804105e+02
1.029807979510941777e+03
2.515856189177616670e+03
1.738244487017037272e+03
3.105528635150059472e+03
2.046393358963066248e+03
7.421435883045127468e+01
9.697002132462736199e+02
1.437294638092737841e+03
1.182560907654873517e+03
7.127024172029724696e+02
1.840114889094897990e+03
1.521007777013436453e+03
2.923049231435065394e+03
4.005066725002989642e+03
1.670994996944899867e+03
5.079181762238678175e+02
6.070077549764230298e+02
1.055100909870412397e+04
1.161495996673477435e+02
9.770759700197261282e+02
1.146889462974401340e+03
1.321747085901975197e+03
2.069037905304570813e+03
1.888077408130083313e+03
2.341503112053488167e+03
1.089210105715263808e+03
1.263098872951352405e+03
1.438567201045933643e+03
9.094025932415192415e+01
1.257151820980951470e+03
1.439244447743162937e+03
3.291583502681308801e+03
1.983284980014961093e+03
2.996168335581451174e+03
1.366404011923766575e+03
1.837274106824433147e+03
1.655667581245329075e+03
4.421422758324415554e+02
1.798264004029470470e+03
2.567912253316066653e+03
3.277891089685306270e+03
3.369505792498706796e+03
2.286857342915910067e+03
1.675027801792550406e+02
2.059834072736399776e+03
4.302340259905568018e+03
7.711824984277479871e+02
1.880281723547873071e+03
1.413155210090246783e+03
1.550642300982639767e+02
1.656478741429267757e+03
1.292204904292336323e+03
1.476747048725756258e+03
8.715883333387158700e+02
2.199551484869707110e+03
3.681960537525516770e+02
2.023421618911053656e+03
8.450126538526465083e+03
7.785381564055620629e+02
1.564680817519991479e+03
7.767386593852472743e+02
1.636350074872193090e+03
2.204762454362840344e+03
1.962481842362324414e+03
2.431319168732872640e+03
1.393265620581778421e+03
3.046380198694194519e+02
7.318777517019689185e+03
6.072354886196776533e+02
1.125968940157375300e+03
1.958918654180254407e+03
1.719989653979262584e+03
3.468526818187294793e+03
1.082532098165881962e+03
2.107964733831380727e+03
3.721611168257402369e+03
1.549836040290709207e+03
8.994646403181235428e+02
3.926923928524534858e+03
1.471086872301659014e+03
1.998324145939069467e+02
1.194886788469445492e+03
4.790305569807921415e+02
4.063897346900786829e+02
2.884914696818439552e+03
2.354820146526813005e+03
1.255660575804371092e+03
2.170937930746803204e+02
2.841371483938628444e+03
2.335252871741667150e+03
5.365931413609548599e+02
1.594860642147713406e+03
5.394480320564532121e+03
1.190989035757268539e+03
2.547884799542946439e+03
1.718366067203265402e+03
3.586429679956660266e+02
3.722929991942296056e+03
3.160246648600694698e+03
2.587511019172580404e+02
2.303033237942879623e+03
2.448279265845146256e+03
4.499072943815379404e+03
7.069532644884719048e+03
1.219549453462003385e+03
2.720387636870995721e+03
4.290736717435809624e+03
1.164717773098355337e+03
1.815487648756921772e+03
1.073295500289285201e+03
9.324230529773180933e+02
7.470552976625152723e+02
1.599647415866509164e+03
1.334730140263003022e+03
8.204691905412435517e+03
3.087172744041781698e+03
2.625091117333063835e+02
1.632261210562378892e+03
3.157742525627364103e+03
2.785496555927723421e+03
1.282693975076541847e+03
2.112809529502138957e+03
2.495372202702925279e+03
1.345865739687646965e+03
6.964835584969566298e+03
1.259618537401051753e+03
1.995692284719864119e+03
8.822807432854634726e+02
1.193359818653412049e+03
2.329364220182022109e+03
3.404536818266684804e+03
6.528328646314463413e+02
2.819619670465461695e+03
2.453896444741134474e+03
6.162854737179653966e+03
1.396339135221647439e+03
1.631015611340477278e+02
3.389450671855557630e+03
2.347222941554123281e+03
1.516539108867189270e+03
1.895291684308550657e+03
1.053004529315817854e+04
1.934530929737411952e+03
2.511757129081735002e+03
6.771316226377724888e+03
9.728186951403924922e+02
4.562370001207050336e+02
5.012260089783102899e+02
1.860288414022546476e+03
3.189692466893097389e+03
6.633614023557929613e+03
4.127096813953136916e+03
5.650021886687959523e+02
4.148028434581116244e+02
1.125377985665440974e+04
1.053129145858841184e+03
9.023122848574594173e+02
3.385476227293102966e+03
3.024243866354873262e+03
4.103280278223571145e+02
1.158133385488445128e+03
6.557258272574649709e+02
1.361241396610680795e+03
7.160247290310924654e+03
5.138634728447756288e+02
1.183240306617014994e+03
9.476909672624061898e+01
1.054607261622199985e+03
1.842252368415594901e+03
3.526348471645898371e+03
2.605819770108046214e+03
3.568998936482928002e+03
4.080158169730193094e+03
3.420784709550530351e+03
1.720877300078658720e+02
2.547943317718308663e+03
2.505783108641068793e+03
1.532895864908538670e+03
1.200844377263728120e+03
7.741518467315420367e+02
1.159074962525791534e+03
5.684722684551178418e+02
3.687377870676499697e+03
1.126148780526986684e+03
2.103140315459293959e+02
2.109103577191831846e+03
6.987034502249691741e+02
5.815399515170311133e+03
4.186112123828509652e+02
1.462558006153051565e+03
1.461197535825977184e+03
3.472569551473907268e+02
2.047702558517497528e+04
3.355322975746402335e+03
1.987842917500099247e+03
9.303204925555716898e+01
3.246797303021935022e+03
1.874156924560635161e+03
6.069300334249576281e+02
2.909863593158603635e+03
1.121703023665706723e+03
1.114475023368363509e+03
5.093000616086862465e+03
9.968737678565348688e+02
4.339276517878417394e+02
2.078249512551007683e+03
1.902607591895558699e+03
1.291956552709224752e+03
6.516207179588898271e+02
8.667908440490284647e+02
1.807319637098483099e+03
8.530654044999415419e+03
1.561013906719731722e+03
5.382655274118367743e+03
4.328618157285464463e+02
1.396286601777107762e+03
1.791972429728244606e+03
1.229718101852849486e+03
5.909238201117880180e+02
5.173923556794184151e+03
3.276509377664463955e+03
1.004652948022841088e+03
1.561223496268804183e+03
1.604375108779943275e+03
2.482752080717754325e+03
1.467348281249793445e+03
1.641311813895473279e+03
1.843764150662479096e+03
1.427043292571104757e+03
5.509048307453030020e+02
2.233162992540236701e+03
5.429295626909414750e+03
1.150258522751581722e+03
1.752998816453179188e+03
1.954439229450851599e+03
7.187243297830352731e+02
8.804738022364173275e+02
2.930160768905214468e+02
1.168849888007912568e+03
1.992244271366561406e+03
2.976119213356213550e+03
2.177956316179929672e+03
1.818468411641830016e+03
9.207865693726084828e+02
7.176145271831612263e+03
1.033974545733431796e+03
2.092716504523579715e+03
1.268867214102731305e+04
8.137612855652380404e+02
3.278625553893518827e+03
7.956053694349263878e+02
1.953301678760121604e+03
1.875250869566116307e+03
3.294617456513811703e+03
6.509680091454159765e+02
1.273939155710205796e+03
1.994408257568794397e+03
7.506626208381151173e+02
1.071245974223108760e+03
1.451811788800639306e+03
2.150777469500139432e+03
4.019759998175371948e+03
1.547486149117114849e+02
8.032860652933418351e+02
2.394244738032851274e+03
2.517762945130408298e+03
3.009990287148966218e+03
1.510157797665647195e+03
4.510050743179249935e+02
2.352221071912680600e+03
7.055139458159477499e+02
1.071680831232121591e+03
3.163663613022801201e+03
9.487758713993951005e+02
3.849643254749327639e+02
1.524753120094590486e+03
7.583862828497286500e+03
1.120742758890765117e+03
2.087341267269091077e+03
5.438176076370355986e+03
2.207899327142570655e+03
1.605807457021608116e+03
2.589975409612921339e+03
3.806483853030109913e+03
1.203041624018129141e+03
9.681191072114729650e+02
1.838186175855824558e+03
1.701803512970259544e+04
1.521720195757774945e+03
