6.148322637306680008e+03
2.831554184795416404e+03
2.878452683868354143e+03
4.349211111872391484e+02
7.595445891557762479e+03
1.208139644794058404e+04
6.366862578038517313e+03
9.027283790640625739e+03
1.617064282534073982e+03
2.208857060152682152e+03
2.585953212350066678e+03
2.639125219684479089e+04
3.141606407671326451e+03
2.094894848943385114e+03
2.334973212823442282e+03
1.462535078187060890e+03
3.925790256666174628e+03
2.341046691010322320e+03
1.302030487693861869e+04
2.020901085942505006e+03
3.623909077909094322e+03
1.484421349627253676e+03
1.865857477712859691e+04
2.709306938639959753e+03
5.318924983149925538e+03
4.022599710192560906e+03
4.859800678638323916e+03
2.819537056867792671e+03
2.428586280592514413e+03
4.502581865236549675e+03
2.418624305575508515e+03
1.442875488959269933e+04
4.346285974984251880e+03
1.051612462678454449e+03
3.534901317868599563e+03
3.443663124782121940e+03
1.251584096697960558e+04
4.380311402798880408e+03
1.727458036736340091e+03
1.180647934297483289e+03
4.849086156119808948e+03
8.748661377772616106e+03
3.958158025055259259e+03
5.379962607836188909e+03
3.017044248439460262e+03
2.099291435574105435e+03
1.339179688942728535e+04
1.193097733584839489e+03
2.717462977485527517e+03
2.202654858884883652e+03
1.136996190088645562e+03
2.920125544952510154e+03
2.574486373929424371e+04
3.593671036863057816e+04
1.518316719995020549e+03
8.615369297701558025e+03
4.045662297625342489e+03
4.777528498161385869e+03
1.824604501437091676e+04
6.830800757721890477e+03
6.854871999429866264e+03
3.386013465692981754e+03
2.676261156486986692e+03
1.058893641767481677e+04
5.482605059110326692e+03
1.388259985751719341e+03
6.294827431133105165e+03
5.238804851873588632e+03
4.070960210175284374e+03
2.066784056181739743e+03
2.602222477392601377e+03
1.129691803508744670e+03
8.719082656202439466e+03
4.209336686654816731e+03
7.396873995275917650e+02
9.485312378662001720e+02
3.282726184653634391e+03
2.640340146939546685e+03
5.368659302166586713e+03
7.331150157364483675e+03
2.740485780032121056e+03
7.054318755674293243e+03
2.490229504816401459e+03
2.251645327396633547e+03
3.873241553371804912e+03
2.605212001597213202e+03
4.766465335487300763e+03
8.251739262492690614e+03
2.905965448044114964e+03
4.613022789583334315e+02
1.884295878885354114e+03
1.092394625854119113e+03
1.646387686425857282e+03
5.977727762517204610e+03
1.641758367192069727e+03
4.011971868204248040e+03
1.824423935356232391e+02
3.021079771312597586e+03
1.943466741742839076e+03
2.791236208043222632e+03
1.435717746813049871e+03
8.929153171740201287e+03
9.215689148599592500e+02
3.760513755337297880e+03
3.326968594257475161e+03
1.469603542231463052e+03
2.009237902857801828e+03
1.238559860548389588e+04
4.610098879705636136e+03
2.771673389185203632e+03
2.717508018844171147e+03
4.855075049442533782e+03
3.523172290403740590e+03
2.910080550143424261e+03
5.702642794345207221e+03
6.011384444217158489e+03
2.306655264876896126e+03
7.861009303786429882e+03
2.537957038490052582e+03
2.862060590944596697e+03
4.365056537735281381e+03
4.560122826199836709e+03
2.165027336709760493e+04
1.900207277028305498e+03
2.781268446118796419e+03
nan
7.949495064117105358e+03
2.055143387089271982e+03
1.229591378169042036e+04
7.913117560351054635e+03
4.864930039318541276e+03
5.320349920711782943e+02
8.468101578133409930e+02
1.111886947426201232e+03
1.810509786486189796e+02
2.187491616731814702e+03
7.556171922278192142e+03
2.173887973967800644e+04
1.950469969830457785e+03
4.188414021107778922e+02
5.875493027597110085e+03
4.128185257690877734e+03
6.042717913364911510e+03
4.485234610839089328e+03
2.833245059682230476e+03
3.379601227319333702e+03
1.345529890498901113e+04
2.821985806104727999e+03
5.813681354027879934e+03
1.777656349896343045e+03
7.872993408460919454e+03
3.073793500587189556e+03
2.098382730326212913e+04
5.000249716894151788e+03
2.056620766385087791e+03
6.425110973962956450e+03
5.921115780576275938e+03
6.423594751382677714e+03
3.190528983914221044e+03
2.436382879460280492e+03
9.915047740899262863e+02
7.557736653221485540e+03
1.426546228979977741e+03
2.780953904359052831e+04
1.923791641057355491e+03
2.835671794547109130e+03
3.325742252162042860e+03
6.869546707386557500e+03
5.998972608016655613e+03
1.963508739704152958e+03
4.169322059232780703e+03
1.575100631742539690e+03
1.626041179018472576e+03
4.704222137176713659e+03
1.221560585606031236e+04
3.337782170026886433e+03
3.965880964090431462e+03
7.065827018011159453e+02
3.221664476697502323e+03
1.027409299359963825e+03
1.271055811265812736e+03
2.395355641955763986e+03
3.949619546076472034e+03
6.660781748266396789e+03
2.954544523417774144e+03
3.269309709087242481e+03
1.128752090264136086e+03
6.347903536718530631e+03
1.342714552614483182e+03
1.276884401931312823e+03
4.295883948029331805e+03
1.051006416182109206e+03
3.226585724333032431e+03
7.180614751875315051e+03
1.438934765544105858e+03
6.676319801212147468e+03
2.553043926083399856e+04
3.338135606763168653e+03
6.779468524752354597e+02
5.305539170026218926e+03
5.014681061594918901e+03
2.606497850893736995e+03
4.318241861907688872e+03
9.704384751844931088e+03
2.506576149481367793e+03
2.108712975767808530e+04
9.956492829871085632e+03
4.618829728785227417e+03
3.169723630955430508e+03
4.558039378161115565e+03
1.158337955666491871e+04
5.811190769956482654e+03
1.949229186961573035e+01
5.533659024798585961e+03
5.902344827795767742e+03
2.878452683868354143e+03
6.931394571200052269e+03
2.680544615390706440e+03
2.083969004141049936e+03
1.326973069197274162e+04
4.914591879164635429e+03
2.135174642855820821e+03
2.691600695699519292e+03
5.052625980851811619e+03
1.216538640904966269e+04
2.351145593274485873e+04
1.529126697440531871e+03
6.515527038874908612e+03
4.326087288582414658e+03
9.519960922208078955e+02
nan
2.201153603764649597e+04
4.996409200898773634e+03
5.765011340544058839e+03
7.746783398272981685e+03
7.357621884707882600e+02
4.281881696583381199e+03
9.096041907173813570e+02
1.593462956063620823e+03
6.074862698760796775e+03
3.730670112293503735e+03
2.286264758106747195e+03
7.466574883953551762e+03
1.371254167506968315e+03
2.715928887458124791e+03
7.395194553817961605e+03
2.655565593400384387e+03
5.224097574310082564e+03
5.617640913855138024e+03
9.370373519189135550e+03
5.483218930931785508e+03
5.798357194792021801e+03
1.859596156750496448e+03
1.915116787613799488e+03
9.193177227437934107e+02
7.674689843998201468e+03
1.337489259974761626e+04
2.941802580142467832e+03
2.211365052277647294e+02
2.218448440829945866e+03
6.441356078601580521e+03
2.699629407158239246e+03
1.881528855856106475e+03
5.619771131316051651e+03
2.027228810383868449e+03
8.672224888540404208e+03
9.611090617835399826e+03
4.638102826101879145e+03
1.984807710538824495e+03
2.081671393430401440e+04
1.441845355863043096e+03
1.965906913815098733e+03
3.906066403252538294e+03
3.313329963707415573e+03
1.427580422338605104e+03
1.978512602318913559e+04
1.073402168705870508e+03
6.399581657562963528e+02
1.172099580198555486e+04
2.097353703983792366e+04
9.278220021505181876e+02
6.429253369625095047e+02
1.328607766861749724e+03
5.744121004589107542e+03
1.103962503518878066e+03
1.158757070504486819e+03
6.598294365449819452e+03
1.271166065873208709e+03
3.102738793287624503e+04
8.407858476922718182e+03
3.285731084175070919e+03
8.311165570181302655e+02
3.202092756907452895e+03
5.617640913855138024e+03
2.892607027237077546e+03
8.132973868522677549e+03
2.842712018079686004e+03
2.423585376179769810e+03
6.607530368379682841e+03
6.828200900269331760e+04
3.956393328892957925e+03
5.423524578754420872e+03
6.682548195659189332e+03
1.326503624254384249e+03
6.636444699857688647e+03
3.790526078047691044e+03
2.971737377868886142e+03
1.083177307629967345e+03
1.570575924898798121e+03
1.891383408568285859e+03
2.043988433948086367e+03
2.234440471226522277e+03
3.369995599807923099e+03
1.053184308750970740e+04
1.286247096946167176e+03
3.111906745354604027e+03
1.859038487511671747e+03
1.534732218616420869e+04
4.192112563472959664e+03
3.307121140720404128e+03
3.628112982861502132e+03
2.946533882394860484e+03
6.444385376780376646e+03
4.411118708601832623e+03
1.606933231003416495e+03
1.429383885453621588e+04
9.351259174485870972e+03
2.673227084170850503e+03
7.420153918759672706e+03
2.678084820739878978e+03
1.131299611500141054e+03
9.563335957864239845e+02
4.619954609911945226e+03
5.497491552979920925e+03
1.125456720372526070e+04
4.406086069149632749e+03
7.316646828816775269e+03
1.505480342666450952e+03
3.832210163907647711e+03
5.281209777571207269e+03
1.216538640904966269e+04
3.281469608323208377e+03
3.546667589048106947e+03
1.305572122603329626e+04
3.701982171793048565e+03
4.244074419400047191e+03
5.080414582095940204e+03
1.907764363804316190e+03
2.831873481385332525e+03
7.293150554219387232e+02
7.566025699420641104e+03
2.576474460571257168e+03
1.153276950623601124e+03
6.534184720782831391e+03
3.068758931099190704e+03
9.606279797254086589e+03
9.788371673284000281e+02
3.841386699789623435e+03
3.518531156413102963e+03
3.414950197053589363e+03
1.220441042890676181e+04
5.461345662098127832e+03
2.810253766362205170e+03
3.210994382860933001e+03
1.836949187829580842e+04
8.433147414947296056e+03
3.362011851224644033e+03
9.333514007399426191e+03
2.709306938639959753e+03
2.517431396703012069e+03
3.099659899903658697e+03
1.582299983774600832e+03
2.737783936579647161e+03
3.012621687150691287e+03
2.393667042697040415e+03
1.115908393139715554e+04
1.152558540540642980e+03
4.067692723215128353e+03
5.179547862109042399e+03
1.714346177570296641e+04
3.562391753661521761e+03
7.309771924118694187e+03
3.785543179450310618e+03
2.413978427617008947e+03
1.203944563212898402e+03
7.097669765578186343e+03
2.511794186502374032e+03
4.353677111598458396e+03
2.808816310748278511e+02
5.180679258525168734e+03
6.793061862762024248e+03
1.170018033217791890e+04
8.669512440884871012e+02
4.557156953723148035e+03
8.547904377538425251e+02
6.458003251389176512e+03
2.715928887458124791e+03
8.377251650354168305e+03
5.713161067804330742e+03
4.386544134967092759e+03
8.492561156127007052e+03
1.122003526362620505e+03
1.801274542619128624e+03
4.459460278688618018e+03
3.407795506518263210e+03
2.143275991028581302e+03
1.742042994746665272e+03
3.559912980411911576e+03
2.144072014025487533e+03
7.253979170211321616e+03
4.259950662634756554e+03
4.285797844087152953e+03
5.029156265366219486e+03
1.798732398562411390e+03
7.546932358270654731e+03
1.631399063583502766e+03
5.224749069876447720e+03
9.810434952011153655e+03
1.968891998653429982e+04
2.510613541198203166e+03
6.989543874301398318e+02
2.389209095902416266e+03
2.366967605952716440e+03
1.124135522029340791e+03
3.253806006569850524e+03
1.558178836487460330e+03
3.811412308236505851e+03
1.614274185298194425e+04
3.139817874041817504e+03
6.847757741146388071e+03
8.175610697862382949e+03
1.747797535652821898e+04
2.752701803079066394e+03
4.623588621410944143e+03
3.235704711137281265e+03
2.709111328585389401e+03
8.194491858012088414e+03
4.184572543928597952e+03
6.822355423371839152e+02
3.096390291685417651e+03
8.264983819805302119e+03
9.681935815462951723e+03
2.034662072260117202e+04
6.283113979102355188e+03
2.750481810769117146e+03
3.863429055390683516e+03
9.707807583513329519e+03
3.637217918914673191e+03
9.515068895066769983e+03
2.307649400946306287e+03
3.914669011144876094e+03
1.993655042180659393e+03
5.041135695105102059e+03
2.918507925968890504e+03
2.203791447041782249e+03
nan
1.682700825918943110e+03
1.665111988044683312e+04
4.567535712487967430e+03
6.009368951991513086e+02
2.525379174489328761e+03
2.175502833848282989e+03
1.716870116919785687e+03
2.490324838076154720e+03
7.556171922278192142e+03
2.730316666129124883e+02
1.733077679294875998e+04
7.344715611337637711e+03
2.762350861727847132e+03
4.801261117559749437e+03
5.507292132592691814e+03
4.419009166637172711e+03
4.572402342154448007e+01
3.068711438025371081e+03
2.740098934155651023e+03
2.541946614575401782e+03
8.980881134737130196e+03
5.667568982154881269e+03
3.019463562357470323e+02
6.140197342295681437e+02
3.189574290397182267e+03
5.839451169433499672e+03
2.956580511252867382e+03
3.386307937839806527e+03
1.899526191606303655e+03
2.415993457485194540e+03
2.896936217243412557e+03
2.248529658482001196e+03
1.427110573958846999e+03
6.591470969501759782e+02
2.148289059710455149e+03
1.641191242583308622e+03
1.303350171473685805e+03
3.879088577556560722e+03
7.682217175788892973e+02
1.260446131508600274e+03
1.540027225375585431e+03
6.275005326177750248e+03
9.443410106683340928e+02
3.490344279237912815e+03
nan
2.751630592495444489e+03
1.078991908511049814e+03
9.163435980792528426e+03
4.235242622929131358e+03
5.429718136217668416e+02
2.159903932114573308e+03
3.789722380283357779e+03
3.204613899885400770e+03
4.074457831254831035e+03
2.776176788495941310e+03
4.280870842024484773e+03
5.446645637981471737e+03
2.276040542434030158e+03
1.160296096500120439e+04
6.690308639272501750e+03
3.052860671019600431e+03
1.852083441995374187e+03
2.372045193397277671e+03
1.517944838116818119e+03
1.462386695895025696e+03
2.541024290497454786e+03
9.253706829907505380e+03
1.144143532171428433e+03
1.131462645655412052e+04
3.200649296415145727e+03
1.993390932591400542e+03
6.537135239507839287e+03
2.704840730408944637e+03
3.148153048916195985e+03
6.526922729376909729e+02
4.362104596860081983e+03
3.392493490505525642e+03
2.667223699786875841e+03
4.511553310048277126e+03
5.534166239941006097e+03
1.129448663229731665e+03
1.398105767610665225e+03
3.620214972120904804e+03
2.611179370235269289e+03
2.337929316500024015e+03
2.926207971162466492e+03
3.239621904690669112e+02
3.805719027716988876e+03
5.257023257063085111e+03
3.992160005444311082e+03
1.634237118293397771e+03
2.386213474525889524e+03
2.533393135085443646e+03
8.335871925374896819e+03
2.210396216232977622e+03
1.804356307781414216e+04
1.663966748484379650e+03
4.086079816427647529e+03
2.728960187008472076e+03
2.415708104037105386e+03
4.176871669527154154e+02
1.106102990832122487e+04
1.562149880163466605e+03
6.389614465980512250e+03
5.988537259113644723e+03
7.040546768469412200e+03
7.649518212249693534e+03
2.037151058200258149e+03
1.331679628040428543e+04
2.063070445068989557e+03
6.395809545524859459e+03
8.273651638510234989e+03
2.018357670449135867e+03
6.140197342295681437e+02
6.633922478107904681e+03
4.091994412782877134e+03
2.853933987647870254e+03
1.763202452798094100e+03
1.894132181411620195e+03
5.499979984070338105e+03
2.578951145019144860e+03
3.239109993713722361e+03
1.834936762443085627e+03
2.159212609070504641e+03
4.984093660227968030e+03
3.119996196094082734e+03
3.138747644260132802e+03
8.871788424015321652e+03
1.425412650580874015e+03
4.091564583804627091e+03
1.059418840132260357e+03
6.998394638871001916e+03
7.354733605260327067e+02
1.994531207568158607e+03
5.456787916605719147e+03
3.489087808706659871e+03
4.478609234678974644e+03
4.617465881017126776e+03
4.451346827922391640e+03
2.569699183472935147e+03
3.619035134235867190e+03
4.622251294610171499e+03
2.591693670330571422e+03
3.776562565338320383e+03
8.754998174542257630e+02
5.068089139194913514e+03
1.074647647567426793e+04
5.205700179994497375e+03
9.848205121994591536e+03
2.717508018844171147e+03
7.903822827420635804e+03
1.010955559955848116e+03
2.901896210699770108e+03
3.292665087614092045e+04
8.769616091794276144e+03
7.835170675783563638e+03
3.042736061878418695e+03
2.891947610148281910e+03
2.089872490947757797e+03
3.480868123127555918e+03
1.426715938309939247e+03
1.194639117928453516e+03
7.724558466892832257e+03
1.095054695125398894e+03
2.578951145019144860e+03
2.601764641023416061e+03
2.353547805779314785e+03
3.192594756959921142e+03
8.625070594674998574e+03
5.606709632088589387e+03
1.625809476389184783e+04
9.899012885518384792e+03
2.239419608428730044e+03
8.355050861794890807e+03
1.716083216881379030e+03
2.428234280047618540e+03
1.845652032456165671e+03
1.219423768272343841e+04
8.803395910490038659e+03
1.631055257331244866e+04
1.069245124543005431e+03
1.360174900232188065e+03
8.988766983179648378e+03
2.335833262015423770e+03
3.019800607087535809e+03
5.889945012506257626e+03
2.224221938124552253e+03
7.556336822247886630e+03
1.717186203668602502e+03
5.738016065583773525e+03
5.113947909870177682e+03
6.531226431119091103e+03
1.310073710631963650e+03
4.824810713170231793e+03
8.162679310018255592e+02
2.266669849621592675e+03
5.068627888869867093e+03
2.187553838920065118e+03
7.910144804062158528e+02
4.692681388540852822e+03
5.143288679473945194e+03
3.034535100494986182e+04
1.412859567243544461e+03
3.773003494420006064e+03
3.198735000028607374e+03
2.709381993485909788e+03
1.294341093670615464e+03
2.214377460992159831e+04
4.781670297490746634e+03
1.411431046647004678e+03
1.131556187386272723e+04
1.543695944133008425e+03
2.475293088446317597e+03
1.618125160794427075e+03
2.429693023902249934e+03
2.618672450655733883e+03
8.368614018470985684e+03
1.801265006290135352e+04
1.647935713436294918e+03
4.165766723991125218e+03
2.446706901589963309e+03
8.448016150830526385e+03
7.210460886677244162e+03
6.232856559632718927e+03
5.150807779455219134e+03
4.862752899499558225e+03
1.312581503639182756e+03
4.113753023744290658e+03
1.047732986689476456e+04
2.504026612181235123e+03
3.478868743149014790e+03
1.325568501799169553e+03
4.943878502413025672e+03
1.042569665591563898e+04
9.824619680836693078e+03
2.301902853184979176e+04
7.506417175024198514e+03
1.471693104514956985e+03
6.556182031223849663e+03
9.630501761079673088e+03
8.914775087330855285e+02
1.434108575837825447e+04
1.487139837207978599e+04
2.763133050269650994e+03
1.318781956828062175e+04
5.585041580663255445e+02
3.694108131428434717e+03
2.234146956315169973e+03
2.131802196180738520e+03
3.495385490991753159e+03
6.069735914508144560e+03
7.321250562251325391e+02
2.887891678652607425e+03
2.043895937216447010e+03
9.350531543952822631e+02
1.604193796958685425e+03
2.347036222821430783e+03
7.280444266129235984e+03
2.891548353056005453e+03
2.046393358963066248e+03
1.966600409284577040e+02
1.031358331151074162e+04
1.390919658575062385e+03
2.943497767207958532e+03
5.942550939011140144e+03
2.659616208538924639e+03
7.910144804062158528e+02
9.689548241495829643e+03
9.503077763304248947e+03
1.071116980973356704e+03
5.079181762238678175e+02
1.006379558710542733e+04
1.073184865879083736e+04
1.161495996673477435e+02
3.432300386192366659e+03
4.724940101227303444e+02
2.213358696665355183e+03
2.069037905304570813e+03
8.797229377006809955e+03
1.112732668097121177e+03
6.148839750597310740e+03
3.298914690812537174e+03
4.247168195957460739e+03
6.154306335332408707e+03
3.548785813170295569e+03
5.770150534276035614e+03
3.291583502681308801e+03
1.106834046309156975e+03
2.996168335581451174e+03
2.234147982524396411e+03
1.604631541117012057e+04
1.655667581245329075e+03
7.417357961997828170e+03
2.066131539834851083e+03
3.878470114182302495e+03
3.277891089685306270e+03
3.369505792498706796e+03
2.361459755288117321e+03
1.551190958788903345e+03
1.461734009100969843e+03
1.198584962363797240e+04
1.783400031425994257e+03
3.470918679958189841e+03
3.999806297998170521e+03
5.405064388852527372e+03
1.656478741429267757e+03
7.285012323022461942e+02
1.525462282386295328e+03
8.507067433287500080e+02
2.208857066751795628e+03
7.589650955387211980e+03
2.023421618911053656e+03
2.306472701082163894e+03
2.764655576175959141e+03
2.807741055365190277e+03
6.691423112471871718e+03
6.156700885906320764e+03
1.614846429433426920e+03
6.281713843553571678e+03
1.427018129718632918e+04
2.747681312313186936e+03
3.406995067987330913e+03
9.813101234260877391e+03
4.815911805338414524e+03
3.471054401052523644e+03
7.519463042694448632e+03
6.935352630974591648e+02
2.196551000709122945e+03
2.929414720489545743e+03
2.107964733831380727e+03
1.594910386946066865e+03
1.549836040290709207e+03
1.497806854652361153e+03
3.959288995102265744e+03
7.197393279517088558e+03
3.026080385615629211e+02
1.335658933923072073e+04
4.324984683420010697e+03
2.678193665927920392e+03
1.906922539805230372e+03
7.936184431330688085e+02
4.534306380554997304e+03
1.430603961976526534e+03
7.773765392761618386e+03
4.261039242736744200e+03
6.340470308081124131e+03
1.076228609791533017e+04
3.747660415621688117e+03
1.973745386235297337e+04
2.717629840708449592e+03
2.799641810105317290e+03
7.453469960605389133e+03
2.229224622915291093e+03
4.451128817215882009e+03
6.546982599399515493e+03
5.184966830144658161e+03
3.080350229820369805e+03
4.499072943815379404e+03
7.069532644884719048e+03
4.086883552715620226e+03
6.877935831769508695e+03
4.290736717435809624e+03
2.777756932384204447e+03
1.884622538625619882e+03
3.313483906533378558e+03
2.164742693392117872e+03
3.380126529355766706e+03
1.593462956063620823e+03
2.345647234948716232e+03
2.696292037413563958e+04
5.924489843565564115e+03
2.625091117333063835e+02
1.632261210562378892e+03
2.305508458338800210e+03
3.278014310822625703e+04
1.282610378747476489e+03
1.489630985568239566e+03
2.099291435574105435e+03
4.322746349001776252e+03
7.343684904901671189e+02
3.544576288095230211e+03
3.478868743149014790e+03
6.513756946165462068e+03
5.041167202347558174e+01
1.268473358224650838e+04
3.511293472278567151e+03
3.298976903182624028e+03
1.038989804040731178e+04
1.082775831712186846e+04
1.944425763960561017e+04
3.813320815030553604e+03
5.823589443717259201e+03
3.389450671855557630e+03
3.269156698010861874e+03
1.158337955666491871e+04
2.123131548636277785e+03
1.100258042674591343e+04
1.984807710538824495e+03
2.511757129081735002e+03
3.322155996214601328e+04
9.829853493249995154e+03
4.562370001207050336e+02
6.961307582318178902e+03
4.216242975433231550e+03
1.926688086555718201e+03
3.604322534296329195e+03
1.526035322250797981e+04
2.925363798798343851e+03
4.934000650480385957e+03
1.096714520502999221e+03
9.156217876492577489e+03
9.023122848574594173e+02
3.499493301185412747e+03
2.569699183472935147e+03
5.531283623491831349e+03
3.769606719844434338e+03
1.052512422936457597e+03
2.245610333785263265e+03
1.591172325750291748e+04
2.966265387254555208e+03
5.530952972245074307e+03
9.457966301077667595e+03
5.502423923832547189e+03
1.174141255446922514e+04
4.473392922899090081e+03
4.627479791793127333e+03
3.928211370005708432e+03
3.511235984501312487e+03
3.906066403252538294e+03
4.310185985800520939e+03
1.796899810876498123e+03
1.719678592781366206e+03
1.061961681091003265e+04
1.200844377263728120e+03
3.387225455503849844e+03
4.070569744532945606e+03
5.672300771196252754e+03
1.131832117684825107e+03
9.707872118633498758e+03
2.871252332679695428e+03
2.580447100957889688e+03
4.385050366759315693e+03
2.510402438255829838e+04
6.477807289151838631e+03
2.787627396830254838e+03
4.785217285368601551e+03
3.472569551473907268e+02
6.648864378483715882e+03
2.571434594054102490e+03
2.742972163342987642e+03
4.510976067308360143e+03
1.846621674629304152e+03
3.864823255410983620e+03
1.158822820954364488e+03
1.195891830046274117e+04
3.278291919108370166e+03
1.823638372534069276e+04
3.599272128872284611e+03
9.968737678565348688e+02
1.747025983706512307e+03
4.297073774230447270e+03
6.110692165112075600e+03
4.339961908453658907e+03
6.076260175122472901e+03
2.797857482956104377e+03
1.398162325200830992e+03
4.086856935901302222e+03
1.561013906719731722e+03
3.261340427812430789e+03
8.905363642388694643e+03
4.723361887630924684e+03
7.003774122454369717e+03
1.228959652729946583e+03
6.685026093671628587e+03
5.173923556794184151e+03
5.184966830144658161e+03
1.307017663390903181e+03
4.123973466394804746e+03
3.613857242705794874e+02
4.535919089116972827e+03
7.278872031688231800e+03
1.641279689424270828e+03
1.577230969732825361e+04
4.727330873476551460e+03
1.134862441887779369e+03
3.292333408759145186e+03
5.429295626909414750e+03
3.893438273339644411e+02
9.533080287534179661e+03
1.708752773619012942e+03
8.060827828022116819e+02
4.666800510840553216e+02
2.235150625109901284e+03
1.237473316465277640e+04
3.247840897553994637e+03
3.586397099036646068e+03
2.868990241337721272e+03
1.142972854828571144e+03
5.371642321949404504e+03
1.561013906719731722e+03
1.499535705654717049e+03
3.417086345427611832e+03
2.967646275927795068e+04
4.057620210550212960e+03
1.661277563436856099e+03
3.000599888246376850e+03
1.172099580198555486e+04
2.415811262117200840e+03
4.622942822135383722e+03
2.574446351345020958e+03
5.040285962379583907e+03
1.826066108388740031e+04
2.822997640302120885e+02
6.559197131964688197e+03
1.608640416658972072e+03
4.265382124361851311e+03
4.290816907675327457e+03
4.352994809696512675e+03
3.271858485188715804e+03
2.394244738032851274e+03
1.321349658291287778e+04
2.415630419773231552e+03
9.650799854460515235e+02
2.970443943778302128e+03
1.153637098863190295e+04
8.156513152032882317e+03
7.674602489351043459e+02
3.878791223059211461e+03
9.647719093774576322e+03
5.668377817553736122e+02
4.012060025699550806e+03
1.545794349772725764e+04
1.120742758890765117e+03
7.703713793692030777e+03
2.024623913845833385e+03
4.485234610839089328e+03
5.145426074252966828e+03
1.880888055478851129e+03
7.451493059495583111e+03
2.141697418328131334e+03
3.134333280834481229e+03
3.512856003999275345e+03
1.701803512970259544e+04
3.476797742359668518e+03
