5.140875430306633461e+03
3.148817375582640125e+03
7.811553020478409962e+03
5.649641574126617343e+03
8.489917594346547048e+03
3.793273002217963949e+03
1.183920501668668294e+04
6.416553957499169883e+03
8.205243512126096903e+03
4.804498268178722356e+03
4.009665067785933388e+03
4.963656394202371303e+03
7.910252501414714061e+03
6.425276938537635033e+03
1.250549808682358889e+04
9.764879126847039515e+03
6.760017364133344017e+03
3.188436120119865791e+03
6.272857183026916573e+03
7.285543697532025362e+03
3.020808544480901219e+03
9.415828934372748336e+03
4.759503499507272863e+03
1.273109696031997737e+04
4.975866380147158452e+03
4.993124693783101065e+03
8.201569679447668022e+03
5.294536652829890045e+03
1.029311715215142431e+04
1.031735808782608910e+04
1.530806055851194469e+04
5.068852495891372200e+03
1.919216894225234500e+04
3.238326941074769366e+03
1.176023854327591653e+04
1.666468541613065099e+04
1.004219803375551601e+04
3.734173361663862124e+03
5.912859142437943774e+03
4.210313293451672507e+03
1.572152813392022836e+04
7.088150802724499044e+03
5.784609460272876277e+03
4.895176288603717694e+03
3.311038727196541913e+03
3.435328545061545810e+03
3.582762079070742857e+03
5.732258546049962206e+03
4.266432062827346272e+03
3.402334000037496480e+03
4.720103526461854926e+03
8.637406730012198750e+03
4.417512994776397136e+03
3.506725035157335242e+03
3.463126347215018995e+03
5.882141500003220244e+03
3.469847444049146816e+03
5.794649915811799474e+03
4.022161173147425416e+03
4.864091147301051024e+03
4.916656981682725927e+03
4.182965385690930816e+03
3.440901348805736234e+03
7.042398467107098440e+03
5.303210649648362960e+03
3.077505544390437990e+03
5.436582487561553535e+03
3.975362434842087623e+03
6.233982777329420060e+03
8.653471089038193895e+03
4.767788949075969867e+03
5.031708537581841483e+03
3.467565184490574211e+03
4.295602688046480580e+03
3.935366966496467739e+03
3.262336380035476395e+03
6.806859631865550909e+03
6.887569913806994009e+03
4.575928125696085772e+03
3.031000257004675404e+03
6.776272324530211336e+03
1.540521602819221516e+04
3.234332898744140039e+03
5.595783921629260476e+03
8.526769777313635132e+03
1.814515085222168273e+04
7.702691645489612711e+03
3.380968563389250903e+03
3.841858413728553842e+03
1.042816317133573830e+04
4.325091071424068105e+03
5.422129954660321346e+03
7.869576429512690083e+03
3.084315125204717333e+03
4.603011383293212930e+03
4.884522792304470386e+03
6.150859455369220086e+03
1.308784776781998153e+04
9.797811189801062937e+03
4.122933744944023601e+03
8.349417297583411710e+03
3.721706648054143898e+03
6.301062328495426300e+03
1.041232592936903166e+04
9.728665793324511469e+03
6.538951647190985568e+03
7.564655371256835679e+03
3.122180732252699727e+03
6.965778822816266256e+03
6.434029085077480886e+03
7.017250593570167439e+03
6.244847680101877813e+03
7.580120234513841751e+03
6.776963940032906066e+03
7.741245938794209906e+03
3.359417689676668942e+03
3.420177810278930792e+03
6.207022331284387292e+03
4.255140928333546981e+03
3.680332868688252347e+03
4.928322299165880395e+03
2.673924604287207330e+03
8.447544615569959205e+03
6.482641451095624689e+03
2.875738962382195950e+03
3.230093058588885015e+03
3.198591433245647750e+03
9.200986217726067480e+03
1.078448879255665088e+04
4.742529521402649152e+03
3.186479687498242129e+03
6.533689572567199320e+03
3.551848538100639416e+03
4.003391837448089518e+03
3.404774196107120588e+03
4.771992935401841351e+03
1.077785622977746607e+04
3.728613939864009353e+03
3.369067760089015792e+03
4.892866352923625527e+03
3.557598695022587890e+03
6.890840031588086276e+03
5.574944848162168455e+03
7.140393054522620332e+03
3.029476883352212099e+03
6.785250892919174476e+03
8.023558713430652460e+03
7.895039610899149011e+03
3.754796275805866117e+03
6.565143928185590084e+03
3.304047989382458582e+03
3.153547424159394268e+03
1.656198914763491121e+04
1.475544407249265714e+04
5.271122961487943940e+03
5.259318296723730782e+03
1.127708075749502859e+04
8.504293335944727005e+03
3.489076899104129552e+03
1.181176675369141412e+04
5.712837015058089492e+03
6.339062756005470874e+03
3.065894433727047272e+03
6.477751721824085507e+03
4.379169366069104399e+03
7.443515134755215513e+03
7.270329810774262114e+03
7.272201025078965358e+03
4.374943993866044366e+03
1.163112249154709752e+04
1.311234535430015057e+04
9.824985777016872817e+03
7.015649352936065952e+03
9.372474210143293021e+03
6.318883073707163021e+03
3.333896636257567479e+03
3.608970621709182524e+03
8.664635632906449246e+03
5.131676317525942068e+03
3.464406376586360238e+03
6.583509469591037487e+03
4.340263797444452393e+03
4.983985175615506705e+03
3.567640254573464517e+03
3.382192220032813111e+03
1.491255605951709003e+04
1.075117390154638451e+04
8.968588957026009666e+03
4.085476613662082855e+03
8.573019234338311435e+03
3.072684861964626634e+03
9.917339729079920289e+03
3.595526739443561382e+03
1.531641308799828766e+04
8.504323409691280176e+03
4.504158561283541530e+03
9.104504011648621599e+03
7.208779823244031832e+03
5.421806302309638340e+03
4.137973340732439283e+03
5.590830738420345369e+03
4.477191520785937428e+03
4.016662843296141546e+03
4.948154816613517141e+03
8.675907456051478221e+03
5.108242456342957666e+03
3.309727478818306281e+03
5.871155758987409172e+03
3.493139946714527468e+03
4.362112254082229811e+03
4.235030021553171537e+03
6.698909410891357766e+03
1.379660185916933006e+04
4.715422687064573438e+03
6.425146147775993086e+03
8.002667503859420322e+03
7.412309118316877175e+03
6.931760717321992161e+03
3.551502698033813886e+03
3.838178062250955008e+03
3.207096210500822053e+03
2.903823699838285393e+03
1.246938857497274330e+04
1.283621222660465355e+04
3.520385032747409696e+03
4.154277694067246557e+03
nan
4.560846029669214658e+03
7.218775560877727003e+03
9.219879898296141619e+03
7.057509172770358418e+03
4.043807127247873723e+03
8.787815095965799628e+03
3.784255931772825534e+03
1.136041562113405416e+04
3.612474506080283390e+03
6.160354436628769690e+03
4.000947587984615438e+03
3.812726305598897397e+03
1.000126767656490847e+04
9.665851917559502908e+03
4.030112134978195627e+03
9.286055478009038779e+03
8.365479578554941327e+03
4.141767612406122680e+03
1.016686963957666012e+04
3.597015641476038581e+03
6.622495861635279653e+03
3.277042491895167132e+03
3.630468943050590951e+03
2.755130224284604083e+03
4.034310542787587565e+03
1.035302822596122678e+04
3.070471713533050661e+03
3.990306436890299210e+03
5.726731369759111658e+03
4.225640756135187985e+03
3.644380568185400080e+03
1.114412430327714355e+04
9.991734759232467695e+03
5.362825452989581208e+03
3.778257931424684557e+03
5.582165102076257426e+03
3.383703319555128928e+03
3.112257488341183489e+03
3.829655403377166749e+03
3.243004799343533250e+03
5.831551321406718671e+03
4.380039495343365161e+03
5.590924403172351049e+03
4.203053139063433264e+03
2.834826016509956389e+03
6.091459366393231903e+03
6.924003722828576429e+03
3.464091801539464996e+03
3.477825092213906373e+03
5.252775127962770966e+03
3.608200904055728188e+03
7.748507863494350204e+03
1.437027485396243901e+04
1.108279774914621885e+04
5.492305781239530006e+03
6.125783382509563125e+03
5.884077573740894877e+03
3.843783526374842950e+03
1.099626975334850977e+04
4.464812427854129055e+03
1.319547215071181563e+04
5.012105458140558767e+03
5.548632591599078296e+03
6.240190574587169067e+03
3.726980457456545082e+03
1.345320058117196277e+04
3.325947418732052938e+03
4.864204561273765648e+03
3.232007077771219883e+03
6.869290323312884539e+03
5.361356789056037087e+03
3.320617184653340701e+03
8.183099366607426418e+03
4.605901190612747087e+03
3.177756300000431565e+03
4.423562155029264432e+03
7.654729092722449423e+03
8.954395671727701483e+03
6.241022983333409684e+03
4.533461561226238700e+03
5.564324124889872110e+03
8.821782651231740601e+03
5.178073393051870880e+03
3.515591883437121851e+03
7.366100107601354466e+03
4.237415477396785718e+03
9.165749113788302566e+03
3.501843831811811469e+03
4.028779924802822279e+03
6.085031355664086732e+03
6.348412959806569233e+03
3.777314824959913949e+03
1.068231099299807647e+04
1.104244349949737989e+04
5.972504265297439815e+03
4.248858898382994994e+03
3.520508078848293280e+03
3.518182838405212806e+03
5.627020410323613760e+03
3.565693769401605095e+03
3.856575298626059976e+03
3.799002390119417669e+03
8.555126768715057551e+03
3.005302715542290116e+03
6.533072930210575578e+03
3.728907090752103159e+03
7.837604549805154420e+03
4.085042431788780505e+03
3.909002268645821005e+03
4.039281460084297123e+03
7.503668262344193863e+03
3.336118648844337713e+03
4.544326113923858429e+03
3.598622267530832687e+03
5.818510866537993934e+03
3.287358345867888147e+03
3.679728264831133856e+03
4.734834087467673271e+03
3.585332957255338442e+03
4.203177785220846999e+03
2.139179263270520460e+04
3.735315808254412786e+03
1.015578090486452857e+04
3.445980132038132069e+03
4.279863720355694568e+03
9.523588182674293421e+03
8.669042131541946219e+03
3.414169083451899496e+03
7.137930059343483663e+03
5.183139996326977780e+03
1.239042545184908704e+04
5.416803130314906412e+03
3.567245235986120861e+03
1.041647349909160948e+04
3.693767717473970606e+03
5.815817604648806991e+03
6.540922638285828725e+03
5.115781417521194271e+03
8.791259906205654261e+03
2.753364880521962914e+04
1.019282369358702636e+04
9.607341544133616480e+03
6.483962818475718450e+03
3.708611336120751730e+03
5.186994083142620184e+03
4.751937795121534691e+03
6.442660751787963818e+03
6.280753001732012308e+03
6.296517666895429102e+03
9.073104147891908724e+03
4.622454890477171830e+03
3.409572543413597032e+03
3.347827586790154328e+03
8.984248171425228065e+03
3.301081910491990129e+03
3.389430533501099944e+03
6.234125828575440210e+03
3.744603091078844955e+03
3.368878003025457019e+03
8.393023776065507263e+03
3.179378364059286014e+03
5.736144937978137932e+03
1.201378678878203755e+04
4.161603181353210857e+03
3.941352084711522821e+03
8.782269580860991482e+03
3.232989424737696027e+03
4.066397089061990300e+03
1.017341414242016435e+04
1.003926494702291893e+04
1.134978918076553600e+04
5.910369667759389813e+03
3.649157949178030776e+03
6.364841240171971549e+03
1.077169345037997118e+04
1.051402446453794073e+04
3.055448323005643033e+03
1.090546108315004676e+04
4.892139604161944590e+03
3.663173602695714635e+03
3.516706849295416760e+03
3.785809546368927386e+03
7.470512687576418102e+03
4.066769678933604155e+03
6.212150312088062492e+03
4.103086981754295266e+03
7.323456930504582488e+03
7.051573456270936731e+03
4.306635816194581821e+03
5.291058658220978941e+03
9.815823170603896870e+03
6.009910109838548124e+03
6.846775631962505031e+03
3.418744687172678823e+03
6.024568840810788970e+03
9.273727696024214310e+03
1.252736599675097750e+04
6.825745246191748265e+03
5.079924068190034632e+03
8.578092047111320426e+03
1.341662696733399935e+04
5.817001259880205907e+03
4.328026843900276617e+03
5.330594409101477140e+03
6.893549957486373387e+03
6.583451823734312711e+03
7.189066694843206278e+03
4.051118959969382104e+03
7.713957656428794508e+03
3.482541913831450984e+03
1.216993251384242467e+04
5.284601439234234022e+03
4.608791454036796495e+03
3.553549462781221791e+03
2.879148482233866162e+03
4.219306477023451407e+03
5.416014964444610996e+03
4.961594838916819754e+03
3.247579327587506214e+03
7.494060062124061915e+03
1.373504238774303667e+04
8.500539387753797200e+03
3.012523133641598633e+03
9.526324785853321373e+03
6.282205045305038766e+03
6.291708445024146386e+03
9.925499752714404167e+03
8.239413032069061956e+03
1.736148872957378626e+04
3.500545349616993008e+03
3.511195479189745129e+03
6.416730355515916017e+03
3.982413520500579580e+03
7.052074017545010975e+03
4.202978382557801524e+03
3.515591883437121851e+03
3.950489700764293048e+03
4.808689470740830984e+03
3.821452502240755621e+03
7.708626337755657005e+03
3.467565184490574211e+03
5.855362744377340277e+03
9.472016418155873907e+03
4.321539518935399428e+03
6.333004314166229051e+03
6.929379904407899630e+03
3.161212236631677570e+03
6.147722604295312522e+03
9.226847570082834864e+03
3.393013874629159545e+03
3.475101760832341824e+03
1.189700342695371364e+04
3.923862798715152167e+03
1.121135213739883511e+04
7.296013005795764002e+03
3.477223618674166573e+03
4.591132553389915302e+03
1.394693603999102197e+04
4.346713607557840078e+03
4.094604699004170925e+03
5.490061450370330022e+03
3.278504746778972276e+03
4.884623600944412829e+03
4.674971154623676739e+03
5.690305155145675599e+03
3.340831897955436034e+03
3.928929925087774336e+03
8.519313529983470289e+03
2.962896432961693790e+03
6.663593943547209165e+03
2.911245146360286071e+03
3.741253451155116636e+03
6.337886605060081820e+03
6.433379639951735044e+03
6.731892699431717119e+03
1.183920501668668294e+04
3.294102867065291775e+03
3.157405760275785724e+03
3.265958701159103839e+03
1.302179570434520065e+04
4.884765488489465497e+03
3.803690302812073696e+03
8.909132918912036985e+03
5.750423401570093120e+03
3.432337854524115301e+03
2.067119322185070632e+04
6.134561555510196740e+03
7.913402041473588724e+03
7.112166274186040937e+03
1.027763683104943084e+04
6.893771378060851021e+03
3.217277657972476845e+03
8.597938657191556558e+03
1.266948990856472301e+04
3.711000528686608959e+03
1.212400376211246476e+04
5.670712505570869325e+03
4.568520790375941942e+03
5.547354743921798217e+03
4.672339453180203236e+03
7.217652092035856185e+03
4.225351871508634758e+03
2.964883181483814951e+03
3.428221621644052902e+03
4.731431961933713865e+03
5.486126925674416270e+03
3.568597207131803771e+03
3.673342979150225801e+03
3.344127718219489452e+03
5.885432435532173258e+03
6.821525190844834469e+03
1.345274864401298146e+04
5.301984579168183700e+03
1.107694193978929979e+04
5.796450441497091560e+03
5.285324165668506794e+03
3.187538980731099400e+03
3.763550517656739885e+03
3.410792210783236897e+03
1.209492013631461850e+04
3.995334972386252957e+03
8.710853178153947738e+03
5.147477915500949166e+03
6.920027988846135486e+03
4.970097919298133093e+03
7.569245240628632018e+03
6.754416084584216151e+03
5.349760602447291603e+03
7.230810510360957778e+03
5.636785896879832762e+03
2.929792134142025134e+03
3.508841695096316016e+03
3.507708833935403618e+03
3.302582424041156628e+03
5.633006178309767165e+03
8.785917958413949236e+03
7.657587062448152210e+03
5.284992906007770216e+03
4.994609375109182110e+03
3.337240354082679460e+03
6.998678959135221703e+03
7.646602427314018314e+03
8.993760373833836638e+03
7.571249818330733433e+03
3.795301799490001486e+03
3.821492456811289230e+03
1.928341492213975653e+04
1.005180172858373771e+04
3.240768907669198143e+03
5.226301216045425463e+03
2.903424714507835233e+03
3.251030494187117256e+03
2.384435340482127231e+03
3.557548604300810439e+03
6.056962302765831737e+03
4.172987502105334897e+03
4.146239088101016023e+03
5.926494282345371175e+03
4.030136684928351769e+03
1.885307843458306888e+04
4.474378774781250286e+03
5.404741252467758386e+03
1.012105662049140119e+04
8.607720794435221251e+03
4.394370591769220482e+03
4.424549887572205080e+03
3.283120808435920935e+03
3.847292264269011412e+03
3.564256617118309350e+03
3.164650750132823759e+03
7.660583369996083093e+03
3.490126844238614012e+03
3.516066854212889211e+03
4.810078103959258442e+03
7.321615165313555735e+03
4.799383305979269608e+03
3.620886601731811425e+03
5.589246660549095395e+03
3.895887402279297930e+03
5.448570268619933813e+03
3.254648427282817465e+03
3.893671492601515638e+03
7.292864207000237911e+03
3.300299413991158872e+03
3.414341933139884532e+03
3.552853072244663963e+03
4.377433654642955844e+03
7.723765519648175541e+03
6.955485857816687712e+03
1.078257617732530707e+04
1.040475557554198895e+04
6.000062497245847226e+03
3.482655321450712563e+03
3.451990553941338476e+03
6.694302572818042790e+03
3.105679521269375527e+03
6.287079182336189660e+03
2.193746278418732254e+04
3.076411963912286865e+03
1.528888329835153672e+04
1.047009089220693750e+04
4.197464947720622149e+03
4.682231317721841151e+03
5.045525597891842153e+03
6.445386727289819646e+03
6.682694236591325534e+03
4.495315679352060215e+03
5.366933964202610696e+03
3.746127318721392840e+03
4.132331778091466731e+03
1.018430366226927799e+04
3.579192472267031462e+03
7.609826808271983282e+03
4.483934514114761441e+03
5.354170567945281618e+03
3.120211196571156961e+03
8.304088637480856050e+03
8.191225031159774517e+03
3.036682287093157356e+03
1.589429633698396538e+04
5.502992587910819566e+03
4.351779132605809536e+03
5.841924177049514583e+03
7.029157899885573897e+03
1.314952702915021291e+04
9.102686829370715714e+03
6.537327026081817166e+03
5.765788342585463397e+03
1.080849894491630039e+04
5.509788232351685110e+03
3.904841435389796061e+03
6.582973500121757752e+03
3.477338022185261707e+03
3.926263547746716995e+03
6.779731788361793406e+03
3.223426495360326044e+03
4.045567994072129295e+03
6.158593949894968318e+03
8.765684578538703136e+03
4.637716617337626303e+03
6.873884797619297387e+03
3.150880974778677682e+03
1.395608610443196631e+04
5.712727277834505912e+03
4.220629708850888164e+03
1.106329163076287659e+04
6.457097054869314888e+03
6.840865594102368959e+03
6.697589185428837482e+03
3.367668662569375101e+03
5.698011521335843099e+03
8.528378662666445962e+03
2.660863935533820404e+04
6.578543422148108220e+03
1.067351682817514302e+04
6.001760562303328697e+03
6.229049114923775960e+03
6.108797617511620956e+03
6.156686380344734971e+03
3.465056991798142008e+03
8.114609947135442781e+03
4.341224523273659543e+03
6.148619515287105969e+03
4.131983919817712376e+03
5.876946590912118154e+03
8.242425747569275700e+03
8.877075607854505506e+03
8.626513072917983664e+03
4.212180476365854702e+03
8.968588957026009666e+03
6.951097617767299198e+03
1.166610259874558324e+04
3.687913475355815990e+03
7.552676068972954454e+03
9.857615700256146738e+03
7.665936833787362957e+03
7.220655502000488923e+03
3.662115283769338475e+03
2.947338070241503829e+03
3.239379386638589949e+03
1.006083167332697303e+04
6.540243223872274939e+03
3.048549614766009199e+03
3.711846022927614740e+03
3.254584310766423187e+03
6.356432766557279137e+03
3.844342687350845608e+03
6.772820686422724975e+03
6.003200293455409337e+03
7.492951267953476417e+03
4.642604127115449046e+03
5.790838841325251451e+03
6.273638409158920695e+03
1.138972639099503976e+04
4.796145320174505287e+03
6.413320720427864217e+03
3.338762100872395422e+03
9.061126980759225262e+03
3.705633116317652821e+03
3.824760317134418074e+03
6.807913433507009358e+03
7.305049847904167109e+03
9.858289141321763964e+03
3.400488629922184373e+03
3.783855412158935451e+03
4.104644877300303961e+03
3.650896719722823036e+03
1.009804651228224793e+04
1.027870156501396923e+04
3.097550818616925881e+03
1.007438721727114171e+04
5.735468316044088169e+03
6.347163466640983643e+03
3.617611923298994952e+03
6.841510729974113019e+03
4.467418116607015691e+03
3.856263870976890757e+03
9.109575255179413944e+03
1.610946451029380114e+04
1.019780800723337416e+04
5.917145920148321238e+03
3.261315659137424518e+03
9.815658672752862913e+03
2.635980571002806755e+03
4.888859917779303032e+03
3.796712414979765981e+03
2.114369935223315770e+04
3.706860250540207744e+03
6.082031474414654440e+03
4.877904057181094686e+03
4.644456432527584184e+03
3.946119299276268976e+03
7.717857830157560784e+03
9.826773398857691063e+03
6.142711930752387161e+03
3.440724458830144613e+03
5.780210204829073518e+03
4.633923908752793977e+03
3.673076165861274148e+03
1.457050605420691318e+04
4.166900153174218758e+03
3.240650019426357176e+03
3.758521592290793706e+03
5.316020440937816602e+03
5.383366058120359412e+03
4.549004875659203208e+03
1.467619321622370626e+04
4.306043655327421220e+03
2.973157486602612153e+03
5.581103100944652397e+03
4.108418900779296564e+03
3.982435923426800400e+03
3.197481376961540263e+03
6.094015920054771414e+03
3.142006219869178494e+03
4.624823906177582103e+03
8.670868111050782318e+03
4.409922001750335767e+03
1.184485585018876191e+04
9.367168562348597334e+03
7.578183240778359504e+03
7.757663392012086661e+03
1.693294008688689064e+04
6.479584631077002086e+03
4.272851771248655496e+03
5.365770789501757463e+03
4.675966766599111907e+03
4.426833039133646707e+03
3.425936667855716678e+03
8.307096080379529667e+03
6.712591186533245491e+03
5.030825484752745979e+03
1.268098605449586285e+04
1.648962157737222151e+04
6.448121045440454509e+03
6.718052878496667290e+03
7.005812309751946486e+03
6.776741061472261208e+03
6.715332093398063080e+03
3.432791488176260827e+03
4.192535302474779201e+03
1.220230510405000314e+04
3.288947149955000441e+03
3.354371364650259693e+03
6.483026995007672667e+03
4.121564912661445305e+03
3.144861169465564672e+03
9.701320542172301430e+03
1.045929480921348659e+04
9.588167470510192288e+03
7.896463868651333541e+03
3.313852401794292746e+03
3.586289244092361514e+03
4.974920673445069042e+03
5.294071150047509946e+03
2.981522386292294414e+03
6.084895519661952676e+03
5.826014897647861289e+03
1.804470564622584789e+04
3.671829284676512088e+03
5.906672157495825559e+03
4.544136609224927270e+03
5.360394400109480557e+03
6.445356039182174754e+03
5.953004554489320981e+03
3.095493851862957854e+03
4.968178452149077202e+03
2.976528926052496900e+03
6.930886772729332733e+03
4.030136684928351769e+03
5.445057732275759008e+03
9.506806667676190045e+03
7.151744804377344735e+03
3.649632615644520683e+03
6.303802576892077923e+03
4.264290683435925530e+03
5.948715499356907458e+03
3.872580161100690020e+03
7.466522252426707382e+03
3.807639127823527815e+03
5.277130484306006110e+03
7.745561905484369163e+03
7.313948149700638169e+03
3.600825784959132761e+03
4.065310121933503069e+03
9.023378577004890758e+03
6.768810983326346104e+03
3.411376059274595264e+03
4.308462712810622179e+03
2.999400692142259231e+03
3.686133594724964496e+03
4.859171604238401414e+03
8.439909280794357983e+03
5.912315850099098498e+03
2.939771255202757402e+03
6.181777995165727589e+03
9.809172067115925529e+03
1.124702287971587975e+04
7.723481302659494759e+03
6.959124055095438052e+03
5.824904598290780996e+03
6.762732630584243452e+03
5.163199099610067606e+03
4.451098136816121951e+03
4.706162219196269689e+03
4.843444913715877192e+03
5.877168517108166270e+03
9.467534361415098829e+03
5.062797944670380275e+03
5.517671033408787480e+03
1.347186646120494333e+04
5.313969647497776350e+03
7.751591671198140830e+03
5.517262322718143878e+03
6.570625574752009925e+03
5.410327950138359483e+03
2.965574056388919871e+03
4.432993760754518917e+03
8.176284284098552234e+03
4.666565536111676920e+03
2.069297978328130193e+04
3.205915392187037924e+03
4.329252591974516690e+03
4.029404212353443654e+03
6.710175925575205838e+03
4.475920824159180484e+03
3.803320515191387585e+03
4.244978234491438343e+03
9.430472220949715847e+03
5.107528181032875182e+03
2.394921566024576350e+03
3.835003026411708561e+03
5.233078518165089008e+03
5.195479104072303926e+03
3.065703372337695782e+03
1.209920682886307441e+04
7.776455710532729427e+03
3.843395564065628150e+03
6.367543365701795665e+03
1.034832676299715786e+04
1.367757217011935973e+04
4.657391741084889873e+03
7.370619023205407757e+03
5.507805875820548863e+03
5.577927871505688017e+03
1.127838355554643204e+04
4.628414767645885149e+03
6.089500367340857338e+03
4.746423780149365484e+03
7.713444521882072877e+03
2.876933779255213722e+03
4.189695554099673245e+03
1.132573863784794048e+04
4.276640133713004616e+03
3.754398839951832542e+03
4.027262415181295182e+03
3.336314026591297988e+03
5.344399742834218159e+03
8.234436578402632222e+03
1.201244092524538428e+04
3.386205120381798679e+03
6.204350746419276220e+03
4.555267068830270546e+03
8.827292902318255074e+03
5.363363410166730318e+03
3.752524288027739203e+03
6.148687020099791880e+03
3.249280771810752867e+03
4.063570944396699815e+03
4.128474181225033135e+03
6.385472420241586406e+03
9.636878025774241905e+03
3.480069444137316623e+03
4.031783007189205364e+03
1.537128195910242903e+04
3.271222410204310108e+03
2.738636466257414213e+03
4.894426896372082410e+03
9.843855421613159706e+03
6.922114310026581734e+03
1.750188248240608664e+04
3.530364395771642194e+03
3.082226490935970560e+03
1.406015659497488377e+04
6.378512554274013382e+03
5.746506189163461386e+03
4.050406123714438309e+03
3.960917358782908650e+03
5.199608327751246179e+03
4.265750550746630324e+03
3.760732549111939534e+03
4.329293086563961879e+03
1.239811081736785673e+04
6.419891198758742576e+03
3.252881760582616607e+03
1.159467982895482783e+04
4.064666915465245893e+03
9.845661492875549811e+03
5.951635643944081494e+03
1.113491920009557543e+04
5.385365500135962975e+03
5.250422878838990982e+03
5.873359009263478583e+03
3.558393983254702562e+03
1.114412430327714355e+04
3.376317177944798459e+03
9.254832977717029280e+03
3.220590267298443450e+03
1.042639421022047463e+04
3.509152718416861262e+03
8.439940815254274639e+03
5.396378054509579670e+03
3.426117592300846809e+03
3.803394790753137841e+03
3.142670664589506487e+03
1.043743884026367778e+04
7.633421287179706269e+03
3.151739222467010677e+03
3.822086245847688588e+03
2.640287536693869333e+04
3.207010333360282402e+03
6.073799998143703306e+03
1.078257617732530707e+04
5.571132815382698936e+03
5.233022607570470427e+03
3.370142962867706956e+03
8.213094752049952149e+03
8.571144016860867850e+03
4.986501455242159864e+03
4.997476659071164249e+03
5.326666093985668340e+03
5.031007001043703895e+03
2.867852886628970282e+03
