6.940110788119197423e+03
2.194639036091071375e+03
1.021207989274076863e+04
4.062521657500028141e+03
3.319048872064140141e+03
2.110220957919609282e+04
3.461899787095212378e+04
2.081383050119948621e+03
8.636237425432826740e+02
3.185359705571942868e+03
1.367072870228432294e+03
5.972246279387811228e+03
7.348235688253663284e+03
6.248624477276975995e+03
1.181153125304574814e+03
1.913394970707810444e+03
7.411065017410781365e+03
7.923227899119315225e+03
2.570484468926499176e+03
8.327295296222717980e+01
1.623659937743657565e+03
2.717939737820183836e+03
1.089623534369289882e+04
8.137126323132875768e+03
1.244681146287193087e+03
5.430755030478413573e+03
1.481891314734043135e+03
8.775239478754376250e+03
5.856098904048234544e+03
3.085459364968971386e+03
3.853419942026475383e+03
1.486782755234500883e+03
1.361623534853814272e+04
9.726479332879896447e+02
7.505108748657732576e+03
6.493298325560445846e+03
1.728866607021475374e+03
5.484303417089220602e+03
2.299650555506499131e+03
2.021647457153350115e+04
1.232771276140808141e+03
1.100989526083148303e+04
4.071286226084078407e+03
1.072495842222722240e+04
4.035137674032848281e+03
4.454893672672958019e+03
6.445173660482739251e+03
9.936274301429994011e+03
1.085467383364490843e+03
3.317075987221469404e+02
8.002829468480087598e+03
1.902935564337392861e+03
4.702191744425501383e+03
7.439419820407005091e+02
1.049043434149589757e+03
2.836726627550728608e+03
1.571432841968508183e+04
7.581559620880642797e+03
3.774032077743789614e+03
6.246110948067947675e+02
2.978920097411340976e+03
3.248975611687857054e+03
3.886338514435583420e+03
1.475868493482968006e+03
5.748956388013216383e+03
1.099751959222787264e+04
2.585073823399315643e+03
1.630318831732120316e+03
1.359043490204085856e+03
2.005066291043780666e+03
4.763005418458586064e+03
7.261113157770895441e+02
3.802580201706563003e+03
1.016531866401909951e+03
4.029793313609371580e+03
1.021952718031125869e+03
3.597380150822489213e+03
3.450766613601419067e+03
4.746811094291223867e+02
3.366647778046550684e+03
9.710315790747952633e+03
4.890730995338289176e+03
8.356119230081299065e+02
7.382737411763088858e+03
1.420249990629966760e+03
4.419578352852390708e+02
2.418386022143902665e+03
1.359602964572140422e+02
6.701265189279756669e+03
2.569589105310711602e+03
2.489482107379683384e+03
1.789455445292336663e+04
1.044987104706831133e+03
4.026037760616501146e+03
2.320231336843687586e+03
3.577839117846314821e+03
8.827179334395534624e+02
1.718087679910800944e+04
3.113203005764942191e+03
3.613126918768427458e+03
1.357889019304150906e+03
1.975147909280694876e+04
4.316358943324096799e+03
2.877693044052458845e+03
1.728807158955652540e+03
4.414938942253869754e+03
1.477775473750917854e+03
4.806957944716268685e+03
9.886436558770084275e+02
7.339965200802521395e+02
8.132185441511813224e+03
3.840482473309212764e+03
5.880909896423991995e+03
4.002226258693665386e+03
1.587612161822180497e+03
4.116635174174548411e+03
6.770518903845169916e+03
3.475609752167586066e+03
6.685565918729591885e+02
4.558362956181216759e+03
2.648547080589487450e+03
2.197431224436764296e+03
1.474932358859077794e+03
1.734226631016557440e+04
3.851900319021513496e+03
1.993365215114540206e+03
4.056694155487993612e+03
2.606423769919384358e+04
1.735894459179313117e+03
4.763741604836674924e+03
1.018801457483573586e+03
9.960362046378522791e+02
3.343971562916272887e+03
9.534140033705319865e+02
1.136575794255867004e+04
3.065989305044146931e+03
2.707941485385536907e+03
4.259756544830323946e+03
1.796124281112856806e+03
2.865517239916611743e+03
1.382007396135252293e+03
1.382319096589808396e+03
6.371245179319273120e+03
2.399335579280822003e+03
9.726783707879680151e+03
4.798964051243811809e+03
1.664694474835590881e+04
1.371977039418072991e+03
7.930820547899855910e+02
3.288754373738471713e+03
1.158637518905554316e+03
1.285646445463310374e+04
3.123559008945572714e+03
5.270029485395162737e+03
2.389578168415855089e+03
1.908503820161704652e+03
2.598955128247678658e+03
2.252858692269472613e+03
5.439814348376209637e+03
1.431459782405792566e+03
3.584713447315060648e+02
5.039522462035033641e+03
4.718138133750293491e+03
2.097393281666712028e+03
6.701337730965763512e+03
4.782320531234898226e+03
3.798930229180894003e+03
4.327854009407174999e+03
7.010971625835086343e+02
9.213758399762893532e+03
1.989946498523898981e+03
4.281657422077006231e+03
1.169422176787920762e+04
3.571607325725824012e+03
1.781509258562603009e+03
4.212718314319166893e+03
4.637769269240531685e+03
1.957877874450194440e+03
2.505437446406033814e+03
4.064004374238950732e+03
3.871706595491631333e+02
8.626850702496163649e+03
4.304402771555125582e+03
2.678184342147524148e+03
3.149427593309590065e+03
9.766151554932155705e+03
2.637759090750067116e+03
1.954093553574548423e+03
2.307922060000597412e+03
1.505100825249065565e+03
2.976039151386761205e+03
1.402142248186002143e+04
1.633657316630037940e+03
3.687202814809802021e+03
1.015191024192328223e+04
6.066148556765100693e+03
4.200665688865273296e+03
8.098478876011004104e+03
1.011982502525876839e+03
1.664761728785726518e+03
4.985848503713175887e+03
5.727480861136020394e+03
6.176459268766905552e+03
2.500525858459000119e+03
4.311729203339393280e+03
1.698597194394731559e+03
2.477721619138716505e+03
2.419532980822392801e+03
9.030601038034968724e+02
2.887255165435873550e+03
1.002376615238329396e+04
2.889109982987250078e+03
9.743876086991951979e+02
1.035656659936263168e+04
1.331785643353514206e+04
1.073665138450640598e+03
1.789031776050836470e+03
2.947860167885383817e+03
1.495279069995367308e+03
1.103464369619992794e+03
2.601301559078374794e+03
3.620477370824654031e+02
4.060150641971316418e+03
1.080989757679470313e+04
1.767647920712979385e+03
7.550468093245618775e+02
1.204425244151320157e+03
4.926978415907445196e+03
8.135271911303625529e+02
2.792344533327636964e+04
9.773907830325877512e+03
4.164454298318856672e+03
1.634293528710003613e+02
3.457572987645317880e+03
6.498265102277579217e+02
2.440810507338552725e+03
1.071647102525111950e+04
2.214160857910155755e+03
1.572289468855526138e+03
5.587541393452881493e+03
7.474149154110416021e+03
2.270704273076833488e+03
1.792513712904927161e+04
6.354286532121866912e+03
1.096463352356780524e+04
2.855514508403174659e+03
9.926791193131653927e+03
2.597030379589985841e+03
9.781913782410649674e+02
1.049847493449267859e+04
3.640553291316224659e+03
3.658428921155778880e+03
6.525851305104636594e+03
6.276472894251068283e+03
4.837774516900252820e+03
5.881071493095947517e+03
3.566749744534531601e+03
1.504686077960821967e+04
3.422638685324943253e+03
8.958158695373899718e+02
1.192266930818841684e+04
4.608267633471062436e+04
5.803327699855250103e+03
1.035315425291839711e+04
4.370039593140221768e+03
1.262855420523109842e+03
2.855109526529345658e+03
3.000732993435465232e+02
5.833625957801618824e+02
5.983383824042485685e+03
4.660027672626417825e+02
1.808325985992946698e+03
3.315082622920249378e+03
5.060925208298152029e+03
2.277101394449146028e+03
2.330220441657715583e+03
5.888476252530237616e+03
6.206257255059383169e+03
1.815357094381087563e+03
1.627986254396855884e+03
8.295599182821248178e+03
1.792162739813434428e+03
1.745698166060402400e+03
2.482109913380249509e+03
4.828580512387107774e+03
2.201228606714852049e+03
1.710581427692184207e+03
2.718759991476765663e+03
8.816735880200658357e+03
2.174802075056309604e+03
4.074544476642901827e+03
4.042371913607547413e+03
1.931149150603118869e+03
3.446099832952735142e+03
5.484388688826687030e+03
2.088496060112473515e+03
1.293118672284635522e+03
1.283213452177853014e+03
8.174339046539390665e+02
8.463606730126515686e+03
5.970439190126311587e+03
4.514666782121765209e+03
1.662851388961426892e+03
2.585241486774058558e+03
8.014981900997189769e+03
1.847821486622645352e+03
3.411623634555534409e+03
2.896492089738765571e+03
7.425997472010723868e+03
1.244272064035606036e+03
9.437351908212876879e+03
6.929170538885013229e+03
6.460678752535953208e+03
2.456893248618866892e+03
3.381050309049607677e+03
2.505437446406033814e+03
6.351260297552724296e+03
2.258014846482967187e+03
1.226658546900519923e+03
2.464064316958865675e+03
1.950219540736838826e+04
1.863053272180342174e+04
6.722372019269633711e+03
3.001282614520155221e+03
5.947003494959286400e+03
2.023308862655332405e+03
3.215315262308383353e+03
4.424241473166372089e+03
3.066047481999315096e+03
1.074169872664776676e+03
4.305639672392105240e+03
3.770428960853069839e+03
2.304373810137475175e+03
3.376432981257565189e+03
3.304992253585392064e+03
3.403698484098240442e+03
3.764470518907251062e+03
1.296104120655520546e+03
1.603015777448856625e+03
1.929600205911936882e+03
4.981501351785864244e+03
7.649616766878994895e+03
1.621417273579070525e+03
6.917670985947989948e+02
2.689040527404440127e+03
2.671175804933014660e+03
6.977329861160543260e+03
5.633787733364136329e+03
8.593530915563933377e+02
1.870694485420302954e+04
3.012506978930732203e+03
5.394852838511662412e+03
3.106686811179118649e+03
6.171830676781115471e+03
1.011982502525876839e+03
2.152682230791764141e+03
3.423155509297742810e+03
3.444046482337771977e+03
4.531038605374455074e+03
2.280020314813371897e+03
2.177024776423913011e+02
1.166854746327661587e+03
6.483736786837057480e+02
3.063512996027843656e+03
1.355483792911750243e+03
5.395005759041063357e+03
8.226611435986720608e+03
1.225551354344206629e+04
1.884934104203828838e+03
4.430054363314535294e+03
1.688845960273411038e+03
3.484847545707077188e+03
6.875659436411264096e+02
2.657691601798113879e+03
1.382399417149391775e+04
4.495297973632414141e+02
1.731961462342913819e+03
1.029210296241168362e+04
7.518269293543289677e+02
8.682597593500931907e+02
2.035275673564445469e+03
2.162823591404285253e+04
3.590898555963182389e+03
5.001390872384245085e+03
2.890724040788905313e+03
2.191738346044863647e+03
2.320651352846135069e+03
3.045973614647320574e+03
3.128863034641183276e+03
9.405848088606227975e+03
3.796135277144168413e+03
9.150235807557859516e+03
1.317729617372773646e+03
3.196316770541354344e+03
3.678100513743957549e+02
4.637113785260396071e+03
4.702191744425501383e+03
4.999824654773612565e+03
8.254750622885196208e+03
5.371438503264625979e+03
2.944516708127830952e+03
5.557019108517384666e+03
5.674050386691466883e+03
1.305914922886164504e+03
1.727178614516194102e+03
3.778670842760835058e+03
2.785734694137046972e+03
5.277198102058290715e+03
1.665485607278586485e+03
2.331339485146452262e+03
2.547761295480857825e+03
2.606975697591163225e+03
1.021716918123872529e+04
1.053262665044060668e+04
1.950682818323762694e+04
2.876931577712649414e+03
3.158321312741098609e+03
3.444514897888792802e+03
4.938477259625410056e+02
3.141364456135559521e+03
1.361000206010527336e+03
1.167654654788532389e+04
9.809634938482082589e+02
2.614443408076865580e+03
1.865233822643657504e+03
5.147461145064846733e+02
3.805908405671521450e+03
3.972777002272789105e+03
1.518328651864679523e+04
1.359693041124492993e+04
2.004928795103708126e+03
1.063514686028995357e+03
5.859644668059097057e+03
7.254264861764172565e+02
4.033361590855383383e+03
5.096288982236178526e+02
9.396418279587553570e+02
1.483910970457202893e+04
1.682116980216060256e+03
1.332286094615727961e+03
1.434673643118474047e+03
2.456825572928470137e+03
4.203634522125968033e+03
2.012063352997334505e+03
2.416697058131094764e+03
3.591203914133171111e+03
3.925154799378911775e+03
5.388973036545857212e+03
8.111799732126065692e+02
1.590072594220004430e+04
4.839623475179531852e+03
5.040800860756040493e+03
8.576037289193060360e+02
4.575197545464644463e+03
1.105745310641184369e+04
3.349643469626770639e+03
7.562425162952595201e+03
8.462425072692375352e+02
2.342752083445069275e+03
3.766131773217280625e+03
9.667543346985873995e+02
1.107164479515421817e+03
nan
2.513828026090076037e+03
1.242918978811930174e+04
6.685534408216848306e+02
2.619494148612134268e+03
6.378680188026735323e+02
1.986183039412897415e+03
1.987487188999792579e+03
2.164744914382026309e+03
3.084000751441629291e+03
7.038657744694244684e+03
5.094489865056519193e+03
3.270951492305052852e+03
1.440305212392940803e+03
1.868447966190121633e+03
6.721674667808691993e+03
3.704813824881932760e+03
2.375274731616051668e+03
2.382023094383584976e+03
1.705612577614855809e+03
9.343468660464362983e+03
3.870478434828754416e+03
5.789913961597801517e+02
6.298462569513875678e+03
8.278211950637336258e+02
2.565783284733573964e+04
6.285000336572007654e+03
2.059988276409414084e+03
1.906718465818406230e+03
7.138285727903243242e+03
3.556747427567849172e+03
2.035275673564445469e+03
1.074659905543013110e+03
4.160159123168179576e+03
1.935454445193435458e+04
1.069159317574304623e+04
1.424486227180431342e+03
1.030075664427094671e+04
1.696033513481575255e+03
1.202873275588369097e+03
4.767682905204123017e+03
1.761038856988604493e+03
8.499462208155375265e+03
1.091075255356017124e+03
3.222396559286382399e+03
2.119365299125132424e+03
2.576471916700220390e+03
2.018189277582000159e+03
1.478247220633706092e+04
8.109184424259196021e+03
1.723311638771989919e+03
4.395939531563456512e+03
1.286395501522577979e+04
6.272707342135612407e+02
3.711818633307081654e+03
3.954526265078699907e+03
1.591709700335271236e+03
8.977617982916062829e+03
6.653075851488230910e+03
2.336133060490506978e+03
5.590735710344329163e+03
3.216733838655434738e+03
6.574845032854600504e+02
1.515659374074261223e+03
1.505760593135308909e+03
4.846030329242309563e+03
1.165320731026534486e+04
8.632774893691343095e+03
1.729046763601926432e+04
4.647035936685968409e+03
8.883860933162381116e+03
3.087376537623326840e+03
5.575202784382423488e+03
4.844453139349362573e+03
5.950614899130870981e+03
1.447452875345412394e+03
1.532869133689169303e+03
3.325839886501725573e+02
1.673075105841803861e+03
4.281162737493351415e+03
3.181720015514669740e+03
1.055484416318509466e+04
4.827777752442612837e+03
7.433771853629655197e+03
3.001299366811963409e+03
3.878708596885339830e+03
4.177276719796744146e+03
3.836398480000452764e+02
1.174735757022792768e+03
3.623339291568345288e+03
2.697737977802437854e+03
4.695073813420347506e+03
2.299650002459743519e+03
9.388296964414403192e+02
1.141214301731385603e+03
2.000284925604769342e+03
5.283558002174901048e+03
3.628377301256200553e+03
3.446381772300328066e+03
4.541980109066778368e+02
4.118225718870839046e+03
5.140395948855840288e+03
2.482032973350870634e+03
2.080540479648730980e+03
1.769993777017124103e+03
1.268397069842150268e+04
2.935669523684734031e+03
2.163159388055520594e+03
6.027985086344969204e+03
2.003891843608388172e+03
2.884926236548206816e+03
8.541180420658582079e+03
1.388330734744554093e+03
3.119565652417088586e+02
3.841723396724708437e+03
6.187634925349805599e+03
3.996847050721903088e+03
8.468479027849572958e+03
8.733457499550706416e+03
2.054904033316998721e+03
4.894614482988088275e+04
1.789455445292336663e+04
2.615392513030602004e+03
2.076610779989607636e+03
8.125194997828602936e+02
2.256358011529554005e+03
5.585880634139945869e+03
1.281782935102754209e+03
8.304071918847124834e+03
1.270440385689939376e+03
5.542028547850684390e+02
1.098018196453949349e+04
3.189511038242485938e+03
1.309406441483726212e+03
3.063307088131948149e+03
1.247765988010552792e+04
7.435867086148721683e+03
8.738028228681856717e+02
3.041727508531045260e+03
4.323060824779317045e+03
2.433617689833340137e+03
3.183807320554803937e+03
9.140109930269155711e+02
5.860965657900779661e+03
6.062677297124220786e+03
6.098946104561893833e+01
3.119885063116641959e+03
1.754697949147629572e+02
1.097508571868942454e+04
2.026920126370050639e+03
1.743014276177079580e+02
5.277198102058290715e+03
1.217385756732200662e+03
3.635416010070175162e+03
1.798524343407194101e+04
5.152004563443526877e+02
3.002886812649394415e+03
5.830947505929872932e+03
9.382800520611852335e+03
3.836029541998154400e+03
3.939088304913252159e+03
2.522348542041118890e+03
4.077060603993626955e+03
1.809712757244712293e+03
7.917707271877345192e+03
9.622621778209822878e+03
1.082391318159928051e+04
4.119710037890177773e+03
1.338832846310812556e+03
3.422727402521902604e+02
1.099173968005979532e+03
2.015281137557990860e+03
6.459650943433024622e+03
1.931449872678628935e+03
2.379482411366106135e+03
5.984084504583701346e+03
4.716768209055110674e+03
3.488028283801738780e+03
6.312913010671219126e+03
2.442637362939952254e+03
2.882063939051713533e+03
6.950060163436574840e+03
1.182158291933999135e+04
5.620480955825363708e+03
2.053833421320623984e+03
7.196168361450901102e+03
6.216889200225415152e+03
4.530688487269686448e+03
6.114686152730633694e+03
3.541421683444817518e+03
1.585482059198938032e+03
7.945633570539108405e+03
3.632489464982803838e+03
3.336768224008328161e+03
8.027372161682061233e+03
4.332045039103821182e+03
2.993896583242169527e+03
8.100695262910518977e+03
3.273394022421017326e+03
3.408515796799199506e+02
7.534903662817071563e+03
6.367222909157802633e+02
8.812738213319356646e+02
2.806157140692115718e+03
1.601912766105257788e+03
4.458924248269137024e+03
8.971561010269968392e+03
4.189480089278134983e+03
6.391600579355120317e+03
4.180540185357887822e+03
5.164871640186995592e+02
1.246354787278969707e+04
8.844560982591876382e+03
6.229508561287799466e+02
7.074551334847060389e+02
1.053993777464946834e+04
2.243275480661204710e+03
4.687612263812019933e+02
4.521036276916404404e+02
6.887984655597960227e+03
1.429993571502179111e+04
5.299870283782568549e+03
3.319336736534223292e+03
1.687254451496170077e+03
3.342402097909800432e+03
6.411828093408204950e+03
7.842881905999473020e+03
8.272039003279171084e+03
1.093248030668074898e+04
2.026393949140115365e+04
4.902025443506492593e+03
2.155272184091302279e+03
9.795799273738432476e+02
3.748080947867760528e+02
8.909809223023241429e+03
3.216733838655434738e+03
4.561855169428537010e+03
6.881288170234972313e+03
2.017420459971117452e+03
5.340666419782696721e+03
3.165889086260331533e+04
9.476501791452490579e+03
1.718394997486860575e+03
3.533888142040380444e+03
7.010940130210121424e+03
5.846671744007744564e+03
6.965998305645955043e+03
3.829293287447407693e+03
3.160207812673196258e+03
1.109026658748464342e+03
8.586398739320442246e+02
8.616580763063600898e+03
2.739024725205994400e+03
2.789652343621032742e+03
1.651280216463295119e+03
6.332944751073649059e+03
1.732467089323430628e+03
2.011569988510806797e+04
4.599208182789408283e+02
2.805732435557400095e+03
6.977329861160543260e+03
2.631065520530980393e+03
3.390986604213512237e+03
3.241075854528139189e+03
4.631759692729156086e+03
1.316643817642942395e+03
3.877503653734143427e+03
2.092459990097577702e+03
2.342377062569922600e+03
1.817653558795882418e+03
1.802054153910725063e+03
2.318737991491551384e+03
1.632356619242898887e+03
1.038751767411152287e+04
2.671746124830572626e+03
6.999757919433073766e+03
9.105841642856981707e+03
5.052816035781575010e+03
5.093513090428696160e+03
4.518244378753871388e+03
1.405865470535630629e+04
8.619525560282459992e+03
4.196493042947647155e+03
1.457222492752727885e+04
3.176438612801689942e+03
7.143890312079637624e+03
4.186874181519370950e+02
3.913738352512459187e+03
4.381101110403242274e+02
1.704439924594441891e+03
6.066077062915578608e+02
4.367987154444373118e+03
1.320481815358017911e+03
1.561595716145270490e+04
1.918168851296089269e+04
1.082249767609222317e+03
2.134379515663656275e+04
2.371271068298070531e+03
2.607021150694055541e+04
1.142878951258975758e+04
1.788577974094309866e+03
3.250259958002253370e+03
3.750156085392885416e+03
4.154074299737733963e+04
1.820881067593514672e+04
5.077297464246774325e+03
9.155282710962419515e+02
9.500084650573662657e+02
2.521322032006779409e+03
1.223530153895208485e+02
3.323938307390024420e+03
5.058513917480960117e+03
4.533821947596286009e+03
1.848485032664465052e+03
2.313036052084130006e+03
3.576012435753970294e+03
2.875510555682684299e+03
1.668855296826485983e+03
4.047054794792343728e+03
1.544379602228521981e+04
9.751889623014674271e+02
3.839563155943827951e+03
1.406006516691061006e+04
3.394332903008342328e+03
1.720584054425572276e+03
1.509085678854707567e+03
2.853628287381045084e+03
6.351188766995041078e+03
7.902932387962266148e+03
7.329103604822636044e+03
3.896910464604946355e+03
3.881834262650382243e+03
3.605375158237003234e+03
5.289491537114962512e+02
1.132480886209743039e+04
5.516207053141592041e+03
3.113203005764942191e+03
9.976359061779148760e+02
1.986927518870142421e+03
3.336249288080331098e+03
1.775555108039460947e+03
1.964928494325625024e+03
4.307668748106071689e+03
5.280731062141189796e+03
4.121364243816597991e+03
8.091815032660722864e+03
3.911033387508668056e+03
8.937502795291494522e+02
3.185498073376330922e+03
1.398893799580535779e+04
1.131848146852870559e+04
3.090655972253952314e+03
2.815787000895662459e+03
5.951883760997231548e+03
3.643114990574344120e+03
6.557944989938427170e+03
5.449311020105094940e+03
5.986825151741669288e+03
9.414401518060756644e+03
3.259437083494530725e+03
1.563889646022518900e+04
3.321612762362462490e+03
2.091671861832155628e+04
3.464927811762031979e+03
1.368491192836703021e+03
2.744146347871656417e+03
2.134422176925184249e+04
2.499675488638628849e+03
1.932495885885304233e+04
3.003915256682616018e+03
2.686164351431365503e+03
5.258175978555725123e+03
1.423259519482334099e+03
5.578831801266184812e+03
3.589899138734264397e+03
2.003908124313285271e+03
1.305756060770904014e+03
7.909373790874439010e+02
1.694059044216798611e+03
5.041795247067656760e+02
2.632365809973509840e+03
3.236286832105963185e+03
3.383850061970802471e+03
1.514268818097506255e+03
1.547403082359155997e+04
7.122803855555801420e+03
1.359602964572140422e+02
7.576115563506955368e+03
1.140101136084388600e+03
1.534243003645465478e+03
2.354216745841407828e+03
1.789796397452918882e+03
1.911566207667655817e+03
8.657434281315991029e+02
6.243881050112222511e+02
2.890340390111808574e+03
1.920834149149616678e+03
6.716970803291344964e+03
3.382898989317395717e+03
1.231854466923168957e+03
4.862317650355746082e+03
1.586766410679098726e+03
5.492978415667134868e+03
5.942681147788003955e+02
2.986679139624208347e+03
2.205355165010325800e+04
1.125180388248887721e+04
8.188631003933182001e+03
4.733915970965199449e+03
1.281499422020206566e+03
9.054308906666845360e+03
2.974613718069598235e+03
3.493368108561523400e+02
4.055250700093155956e+03
5.891068122692779525e+02
1.673706703746930998e+03
2.296946605499045745e+03
5.206355709095889324e+03
3.186676698376179047e+03
7.594084897017921776e+02
1.599344736782214386e+04
5.827765494513546400e+03
1.373266086610021830e+02
2.167958337252688943e+04
7.442700252008706229e+03
3.805664200848599421e+02
4.817816458073570175e+03
8.388329719051982465e+03
2.705748223485232757e+03
1.033627847786859638e+04
4.764488962080493366e+03
1.188779168531707728e+04
3.875085936180913905e+03
4.824766976692530079e+03
3.233433222234761615e+03
6.208125784064030995e+03
2.350252789448544775e+02
2.193148399035800651e+02
1.631070075088775866e+02
4.591230863954302549e+03
3.293930101507283325e+03
4.524999806754885867e+03
2.218867538122154201e+03
7.321517649590483416e+03
2.317015339672880600e+03
3.855440343553498792e+02
1.420829854074635932e+03
1.418112770036169059e+04
7.711457508869042613e+03
4.163600324545576768e+03
2.022914282730724835e+03
7.930961165052354772e+03
7.099219408746120280e+03
1.600251633952871998e+03
4.150146382919844655e+03
9.106103831488954938e+02
1.827542830720249867e+03
9.304086523265848882e+03
1.623777378212597114e+03
7.049334624285782411e+03
2.564203638360113473e+03
1.064227472099611987e+03
4.953110902015720967e+03
2.636232695973629689e+03
1.083772813697452875e+03
8.456331946767238605e+02
5.642831282723803270e+03
6.035483336628750294e+03
2.763016841091115111e+03
4.154428202734899060e+03
2.986658268709985805e+03
2.337516424159586222e+03
3.751818500939243677e+03
8.462785626013019282e+03
5.459518594946731355e+03
2.278077367906439576e+03
2.516858855260027212e+03
7.954963853186572123e+03
4.079613357851803244e+02
3.746206769701099688e+02
1.846841670180684741e+04
2.683164900747066440e+03
2.929673571170552350e+03
1.802441022308903712e+03
4.240214557197105933e+03
3.293688552882915701e+03
3.012336170379049236e+03
2.808498969499614759e+03
4.520943968683339335e+03
5.633424063418809965e+03
6.004073178431701308e+03
3.468369522072727250e+03
1.990646809660129520e+03
4.556425160279159741e+02
3.355222879197122893e+03
2.325545153736050906e+03
4.933643519577569350e+03
8.829523752011074976e+03
3.523755982582738397e+02
5.348342252370263850e+03
6.182303960290229952e+03
2.411145201807081776e+03
8.542759622030647733e+03
5.287194429674855201e+03
8.199038442011533334e+03
4.674509984100523070e+03
5.105935917525451259e+03
1.522126565781053614e+03
6.186459968018569270e+03
5.318510608019177198e+03
9.870940618447759334e+03
2.651051461899787682e+03
9.310232786392472917e+03
9.818868330491639426e+03
3.019181990856472567e+03
4.466868343492644271e+03
2.534892602843253826e+03
2.652879860673115218e+03
6.512559962764215925e+03
1.600251633952871998e+03
1.117516236555463547e+04
1.414633582807233552e+03
2.172643337694579259e+03
1.164717483453339128e+03
3.631301789087828183e+03
1.751540666850207344e+03
7.904366047323076600e+03
4.345994720075514124e+03
8.969839185312333939e+03
1.601372208390485412e+03
1.313775332814471085e+03
2.143176044126440502e+03
8.575542419201899975e+03
1.645716801290622971e+04
1.443671657885006198e+03
3.709397243621227517e+03
7.539345286224153142e+02
5.274238889299044786e+03
