4.325068800000000000e+07
3.834624000000000000e+07
7.264960000000000000e+06
3.204300800000000000e+07
9.601024000000000000e+06
8.764620800000000000e+07
4.028375040000000000e+08
1.456025600000000000e+07
nan
4.429926400000000000e+07
2.944256000000000000e+06
4.059084800000000000e+07
5.961932800000000000e+07
4.964761600000000000e+07
6.058803200000000000e+07
7.583078400000000000e+07
1.520563200000000000e+07
3.753574400000000000e+07
3.531980800000000000e+07
3.513664000000000000e+06
nan
nan
4.756684800000000000e+07
2.361446400000000000e+07
1.006899200000000000e+07
3.239833600000000000e+07
1.936896000000000000e+07
3.900825600000000000e+07
1.991424000000000000e+07
1.618739200000000000e+07
5.080064000000000000e+07
3.101491200000000000e+07
1.063239680000000000e+08
2.708908800000000000e+07
5.451673600000000000e+07
1.979392000000000000e+07
2.913382400000000000e+07
8.748000000000000000e+06
1.582592000000000000e+07
4.387840000000000000e+07
4.700160000000000000e+06
2.480486400000000000e+07
6.001254400000000000e+07
3.618099200000000000e+07
4.096768000000000000e+06
nan
1.699430400000000000e+07
3.957657600000000000e+07
2.747494400000000000e+07
3.404288000000000000e+07
2.740838400000000000e+07
2.695372800000000000e+07
nan
3.443200000000000000e+06
nan
5.711436800000000000e+07
5.166284800000000000e+07
nan
1.482035200000000000e+07
4.123648000000000000e+07
7.406592000000000000e+06
2.902528000000000000e+06
1.183667200000000000e+07
nan
6.260121600000000000e+07
3.416268800000000000e+07
1.344588800000000000e+07
2.006937600000000000e+07
5.160908800000000000e+07
2.859264000000000000e+07
5.513676800000000000e+07
1.597286400000000000e+07
8.521728000000000000e+06
3.812966400000000000e+07
3.036108800000000000e+07
6.534144000000000000e+06
3.154790400000000000e+07
4.288102400000000000e+07
1.930086400000000000e+07
2.082304000000000000e+07
7.228416000000000000e+07
2.256384000000000000e+07
1.682841600000000000e+07
2.203238400000000000e+07
3.309376000000000000e+06
5.746073600000000000e+07
2.855116800000000000e+07
nan
4.944332800000000000e+07
2.161817600000000000e+07
2.245632000000000000e+06
1.764761600000000000e+07
2.565222400000000000e+07
nan
8.534016000000000000e+06
5.320294400000000000e+07
1.041766400000000000e+07
3.837952000000000000e+07
1.220608000000000000e+06
1.139404800000000000e+07
4.099328000000000000e+06
4.619980800000000000e+07
2.183884800000000000e+07
4.349542400000000000e+07
9.189376000000000000e+06
2.648281600000000000e+07
1.086320640000000000e+08
1.663539200000000000e+07
6.380748800000000000e+07
1.602688000000000000e+07
2.504704000000000000e+07
2.253004800000000000e+07
4.219993600000000000e+07
1.500364800000000000e+07
2.279424000000000000e+07
5.292646400000000000e+07
nan
8.664576000000000000e+06
6.686617600000000000e+07
4.855808000000000000e+07
2.873216000000000000e+06
4.624179200000000000e+07
1.535795200000000000e+07
6.227558400000000000e+07
5.366272000000000000e+07
2.469273600000000000e+07
8.733696000000000000e+06
4.611584000000000000e+07
1.956044800000000000e+07
2.421952000000000000e+07
6.451200000000000000e+07
3.304038400000000000e+07
1.940377600000000000e+07
5.771571200000000000e+07
3.892019200000000000e+07
3.711692800000000000e+07
2.382028800000000000e+07
2.654003200000000000e+07
5.387878400000000000e+07
1.048473600000000000e+07
7.433625600000000000e+07
2.795827200000000000e+07
2.813081600000000000e+07
2.063360000000000000e+07
3.063398400000000000e+07
8.417280000000000000e+07
5.838643200000000000e+07
3.698073600000000000e+07
6.089932800000000000e+07
1.341606400000000000e+07
nan
nan
2.012774400000000000e+07
nan
1.065881600000000000e+07
1.385779200000000000e+07
nan
5.730304000000000000e+06
3.171174400000000000e+07
2.322278400000000000e+07
1.208217600000000000e+07
8.943360000000000000e+06
3.095449600000000000e+07
1.404416000000000000e+07
3.978240000000000000e+07
2.603622400000000000e+07
3.458150400000000000e+07
3.378790400000000000e+07
6.161616800000000000e+07
3.788697600000000000e+07
2.195712000000000000e+07
2.974412800000000000e+07
3.032064000000000000e+07
1.026764800000000000e+07
nan
1.158195200000000000e+07
4.570624000000000000e+07
2.311936000000000000e+07
1.062297600000000000e+07
nan
1.186816000000000000e+06
4.982374400000000000e+07
2.918400000000000000e+06
1.628160000000000000e+07
1.585254400000000000e+07
3.434086400000000000e+07
6.973337600000000000e+07
1.034803200000000000e+07
3.134054400000000000e+07
4.918067200000000000e+07
2.228019200000000000e+07
5.633638400000000000e+07
4.202291200000000000e+07
1.471897600000000000e+07
4.792115200000000000e+07
nan
4.610304000000000000e+07
1.676185600000000000e+07
4.364800000000000000e+06
2.757836800000000000e+07
2.198067200000000000e+07
6.743654400000000000e+07
4.595507200000000000e+07
1.316966400000000000e+07
2.127257600000000000e+07
5.634252800000000000e+07
2.027929600000000000e+07
2.578329600000000000e+07
4.238438400000000000e+07
6.551142400000000000e+07
2.075033600000000000e+07
1.719577600000000000e+07
2.464563200000000000e+07
2.867737600000000000e+07
5.913804800000000000e+07
3.410227200000000000e+07
9.361408000000000000e+06
3.199180800000000000e+07
1.741209600000000000e+07
2.880921600000000000e+07
9.535488000000000000e+06
1.073356800000000000e+07
9.418496000000000000e+06
5.309235200000000000e+07
5.079244800000000000e+07
2.111488000000000000e+07
4.199680000000000000e+07
2.531404800000000000e+07
7.744512000000000000e+06
2.917027840000000000e+08
5.636198400000000000e+07
8.114176000000000000e+06
nan
4.526080000000000000e+07
2.357862400000000000e+07
1.868185600000000000e+07
2.116454400000000000e+07
1.549568000000000000e+07
3.887616000000000000e+06
3.483033600000000000e+07
6.203980800000000000e+07
2.147942400000000000e+07
6.502195200000000000e+07
4.250009600000000000e+07
4.192665600000000000e+07
3.513241600000000000e+07
4.789043200000000000e+07
3.325235200000000000e+07
2.566246400000000000e+07
1.849753600000000000e+07
6.856499200000000000e+07
nan
3.375206400000000000e+07
7.976960000000000000e+06
4.452300800000000000e+07
2.368307200000000000e+07
3.246592000000000000e+06
2.536217600000000000e+07
2.430156800000000000e+07
2.620313600000000000e+07
2.686361600000000000e+07
3.967713280000000000e+08
4.819148800000000000e+07
2.760499200000000000e+07
5.605990400000000000e+07
5.379686400000000000e+07
1.459660800000000000e+07
2.596249600000000000e+07
3.562444800000000000e+07
2.658304000000000000e+07
8.171520000000000000e+05
3.141529600000000000e+07
nan
2.429952000000000000e+07
nan
1.238272000000000000e+07
2.957977600000000000e+07
2.535705600000000000e+07
1.915596800000000000e+07
2.466816000000000000e+07
3.227852800000000000e+07
2.432614400000000000e+07
3.760332800000000000e+07
7.790835200000000000e+07
5.368704000000000000e+07
1.867468800000000000e+07
1.056768000000000000e+07
4.734873600000000000e+07
1.742105600000000000e+07
6.234112000000000000e+07
5.958451200000000000e+07
3.964518400000000000e+07
9.670656000000000000e+06
2.245836800000000000e+07
nan
nan
7.017574400000000000e+07
5.444608000000000000e+06
2.055270400000000000e+07
2.093926400000000000e+07
4.179968000000000000e+06
1.077862400000000000e+07
7.572992000000000000e+06
3.237376000000000000e+07
1.543526400000000000e+07
4.423270400000000000e+07
2.611456000000000000e+07
2.456371200000000000e+07
nan
3.329024000000000000e+06
5.471436800000000000e+07
5.466931200000000000e+07
6.298419200000000000e+07
1.268480000000000000e+07
5.192192000000000000e+07
1.062297600000000000e+07
8.882176000000000000e+06
3.719833600000000000e+07
1.605222400000000000e+07
2.634854400000000000e+07
9.838182400000000000e+07
6.080921600000000000e+07
5.289164800000000000e+07
nan
3.104460800000000000e+07
4.444979200000000000e+07
2.836582400000000000e+07
2.236422400000000000e+07
3.791257600000000000e+07
1.811251200000000000e+07
9.620224000000000000e+06
2.344755200000000000e+07
1.939251200000000000e+07
2.748326400000000000e+07
7.805952000000000000e+06
3.481497600000000000e+07
nan
nan
1.332928000000000000e+06
2.767923200000000000e+07
4.081664000000000000e+07
3.822131200000000000e+07
3.070156800000000000e+07
4.684288000000000000e+07
1.151283200000000000e+07
nan
3.466240000000000000e+07
4.474163200000000000e+07
7.755776000000000000e+06
6.220288000000000000e+07
nan
5.771468800000000000e+07
4.894105600000000000e+07
7.226368000000000000e+06
4.364800000000000000e+06
2.671001600000000000e+07
2.860236800000000000e+07
6.755686400000000000e+07
1.274880000000000000e+07
8.695040000000000000e+06
nan
1.490739200000000000e+07
5.596672000000000000e+06
3.155251200000000000e+07
1.956352000000000000e+07
2.564505600000000000e+07
1.617305600000000000e+07
4.410841600000000000e+07
nan
2.526950400000000000e+07
1.370521600000000000e+07
3.564544000000000000e+07
8.332288000000000000e+06
3.019827200000000000e+07
6.580224000000000000e+07
1.370982400000000000e+07
5.350720000000000000e+07
3.901849600000000000e+07
1.380864000000000000e+07
2.444697600000000000e+07
1.131878400000000000e+07
3.595468800000000000e+07
2.628198400000000000e+07
1.555174400000000000e+07
4.827334400000000000e+07
1.597388800000000000e+07
2.309222400000000000e+07
6.246400000000000000e+07
4.356096000000000000e+07
5.140275200000000000e+07
2.981273600000000000e+07
3.360972800000000000e+07
2.960588800000000000e+07
5.127065600000000000e+07
nan
6.590464000000000000e+07
nan
6.475059200000000000e+07
1.961779200000000000e+07
2.445440000000000000e+07
2.341888000000000000e+07
4.044800000000000000e+07
2.544640000000000000e+07
1.888665600000000000e+07
2.249574400000000000e+07
3.308134400000000000e+07
2.112307200000000000e+07
2.167552000000000000e+07
nan
1.829273600000000000e+07
3.383091200000000000e+07
7.409152000000000000e+06
3.291392000000000000e+07
2.964889600000000000e+07
5.871206400000000000e+07
2.802380800000000000e+07
2.984448000000000000e+07
4.253696000000000000e+07
3.153920000000000000e+06
2.491110400000000000e+07
1.832192000000000000e+06
nan
2.969600000000000000e+07
5.376614400000000000e+07
3.559628800000000000e+07
1.034240000000000000e+07
1.948672000000000000e+07
nan
5.788262400000000000e+07
6.938624000000000000e+07
1.678233600000000000e+07
5.454438400000000000e+07
2.538700800000000000e+07
nan
3.412288000000000000e+06
1.206149120000000000e+08
3.894016000000000000e+07
3.660083200000000000e+07
nan
1.778892800000000000e+07
1.527705600000000000e+07
7.290880000000000000e+07
4.535193600000000000e+07
1.786688000000000000e+07
6.284288000000000000e+06
1.966720000000000000e+07
5.077299200000000000e+07
2.009600000000000000e+07
1.004748800000000000e+07
1.706803200000000000e+07
4.307251200000000000e+07
3.098419200000000000e+07
2.843328000000000000e+06
1.115545600000000000e+07
7.693721600000000000e+07
3.610521600000000000e+07
3.347353600000000000e+07
7.932416000000000000e+06
1.201510400000000000e+07
nan
nan
2.128384000000000000e+07
nan
2.534771200000000000e+07
2.314240000000000000e+07
4.377804800000000000e+07
1.005465600000000000e+07
3.226368000000000000e+07
6.775040000000000000e+06
3.026944000000000000e+07
4.929792000000000000e+06
2.190028800000000000e+07
3.330969600000000000e+07
nan
1.900748800000000000e+07
3.817830400000000000e+07
1.655910400000000000e+07
3.853619200000000000e+07
1.494195200000000000e+07
2.336358400000000000e+07
1.598515200000000000e+07
4.583833600000000000e+07
2.038886400000000000e+07
2.712883200000000000e+07
2.041548800000000000e+07
2.059980800000000000e+07
6.501427200000000000e+07
9.834086400000000000e+07
4.657152000000000000e+07
1.303859200000000000e+07
4.891443200000000000e+07
6.372966400000000000e+07
3.248332800000000000e+07
1.131878400000000000e+07
4.205568000000000000e+07
1.693875200000000000e+07
1.110364160000000000e+08
8.328985600000000000e+07
2.765824000000000000e+07
5.372416000000000000e+07
1.917952000000000000e+07
1.340006400000000000e+07
2.721126400000000000e+07
1.444556800000000000e+07
9.986048000000000000e+07
nan
1.075404800000000000e+07
2.280243200000000000e+07
2.272153600000000000e+07
1.786572800000000000e+07
3.108352000000000000e+07
3.339084800000000000e+07
1.639744000000000000e+06
3.336601600000000000e+07
5.524684800000000000e+07
nan
5.658009600000000000e+07
3.825561600000000000e+07
1.882009600000000000e+07
2.664960000000000000e+07
4.125158400000000000e+07
1.031577600000000000e+07
3.610624000000000000e+06
3.553484800000000000e+07
2.959257600000000000e+07
1.758784000000000000e+07
3.314688000000000000e+07
2.230272000000000000e+07
5.793382400000000000e+07
4.734464000000000000e+07
6.191129600000000000e+07
3.125401600000000000e+07
4.180377600000000000e+07
4.551987200000000000e+07
nan
nan
1.936384000000000000e+07
3.195187200000000000e+07
2.719232000000000000e+07
4.882841600000000000e+07
8.077312000000000000e+07
1.595392000000000000e+07
4.650393600000000000e+07
4.645273600000000000e+07
2.462617600000000000e+07
1.608089600000000000e+07
3.276800000000000000e+07
3.505049600000000000e+07
nan
nan
2.893004800000000000e+07
6.029107200000000000e+07
1.473843200000000000e+07
2.655232000000000000e+07
nan
6.946560000000000000e+06
2.604032000000000000e+07
2.153267200000000000e+07
2.925209600000000000e+07
1.301760000000000000e+07
2.355916800000000000e+07
2.486528000000000000e+07
nan
4.020480000000000000e+07
5.939814400000000000e+07
9.624576000000000000e+06
4.279270400000000000e+07
4.821811200000000000e+07
3.582566400000000000e+07
2.422272000000000000e+07
3.047014400000000000e+07
3.974553600000000000e+07
1.241011200000000000e+07
4.764979200000000000e+07
1.429913600000000000e+07
2.552012800000000000e+07
4.249395200000000000e+07
2.917478400000000000e+07
4.921958400000000000e+07
1.838284800000000000e+07
2.706688000000000000e+07
2.383257600000000000e+07
3.023022080000000000e+08
1.764761600000000000e+07
3.202252800000000000e+07
3.785523200000000000e+07
1.350656000000000000e+07
9.199104000000000000e+06
1.302732800000000000e+07
1.652121600000000000e+07
6.325862400000000000e+07
4.593152000000000000e+07
2.472960000000000000e+05
1.921740800000000000e+07
5.168742400000000000e+07
4.148940800000000000e+07
4.665011200000000000e+07
2.633113600000000000e+07
4.946688000000000000e+07
2.351308800000000000e+07
2.919116800000000000e+07
2.248294400000000000e+07
2.663782400000000000e+07
4.062208000000000000e+07
4.293427200000000000e+07
3.861504000000000000e+07
3.813171200000000000e+07
1.490508800000000000e+07
3.966310400000000000e+07
5.016166400000000000e+07
3.472179200000000000e+07
3.328512000000000000e+07
nan
2.167552000000000000e+07
1.684454400000000000e+07
3.459328000000000000e+07
1.453568000000000000e+07
3.405824000000000000e+07
nan
5.638963200000000000e+07
3.602841600000000000e+07
2.336563200000000000e+07
2.476134400000000000e+07
1.545984000000000000e+07
1.531545600000000000e+07
5.025689600000000000e+07
1.216512000000000000e+07
3.294617600000000000e+07
6.312755200000000000e+07
2.381107200000000000e+07
4.623360000000000000e+05
2.402304000000000000e+06
5.583104000000000000e+06
1.265625600000000000e+07
1.000243200000000000e+07
1.658880000000000000e+07
1.122585600000000000e+07
2.541465600000000000e+07
3.403571200000000000e+07
1.883033600000000000e+07
4.502220800000000000e+07
nan
2.804838400000000000e+07
4.668710400000000000e+07
4.948096000000000000e+07
5.893324800000000000e+07
2.490624000000000000e+07
4.509593600000000000e+07
3.558400000000000000e+07
2.791731200000000000e+07
4.860416000000000000e+07
4.645222400000000000e+07
8.396288000000000000e+06
7.316684800000000000e+07
nan
2.383820800000000000e+07
3.886080000000000000e+07
1.641011200000000000e+07
nan
4.067737600000000000e+07
1.770086400000000000e+07
5.702656000000000000e+06
2.519500800000000000e+07
nan
3.983872000000000000e+07
nan
4.246016000000000000e+06
5.115187200000000000e+07
3.834265600000000000e+07
1.731174400000000000e+07
4.147865600000000000e+07
1.614412800000000000e+07
3.298611200000000000e+07
5.081292800000000000e+07
4.753817600000000000e+07
4.892569600000000000e+07
3.802521600000000000e+07
5.113446400000000000e+07
2.203545600000000000e+07
2.645708800000000000e+07
6.104064000000000000e+06
5.917120000000000000e+06
4.823449600000000000e+07
3.899308800000000000e+07
nan
1.642393600000000000e+07
nan
6.265241600000000000e+07
2.223001600000000000e+07
4.393779200000000000e+07
7.384268800000000000e+07
6.038323200000000000e+07
3.017932800000000000e+07
1.825228800000000000e+07
2.326528000000000000e+07
5.817344000000000000e+06
4.290969600000000000e+07
3.553484800000000000e+07
1.909862400000000000e+07
nan
2.367795200000000000e+07
5.615616000000000000e+06
4.418641920000000000e+08
4.403507200000000000e+07
5.663078400000000000e+07
1.821926400000000000e+07
6.835200000000000000e+07
2.855526400000000000e+07
5.273497600000000000e+07
1.749913600000000000e+07
1.914265600000000000e+07
2.602598400000000000e+07
1.531904000000000000e+06
4.839424000000000000e+07
nan
1.104537600000000000e+07
1.230643200000000000e+07
2.059776000000000000e+07
2.028544000000000000e+07
6.176768000000000000e+07
3.374080000000000000e+05
2.960179200000000000e+07
3.466240000000000000e+07
3.704038400000000000e+07
3.791616000000000000e+06
4.614572800000000000e+07
4.709990400000000000e+07
nan
4.633292800000000000e+07
1.196359680000000000e+08
2.265676800000000000e+07
4.266675200000000000e+07
3.634560000000000000e+06
9.915904000000000000e+06
7.356416000000000000e+07
4.226252800000000000e+07
1.490432000000000000e+07
1.839308800000000000e+07
1.005568000000000000e+07
1.517574400000000000e+07
1.021542400000000000e+07
9.083264000000000000e+06
5.862604800000000000e+07
nan
9.424896000000000000e+06
4.499046400000000000e+07
2.785280000000000000e+07
1.765990400000000000e+07
4.835072000000000000e+06
4.217958400000000000e+07
3.077120000000000000e+05
nan
7.686604800000000000e+07
3.879628800000000000e+07
5.402624000000000000e+06
7.237836800000000000e+07
1.799168000000000000e+07
nan
4.651193600000000000e+07
1.608089600000000000e+07
5.060198400000000000e+07
2.052771840000000000e+08
2.306764800000000000e+07
1.765580800000000000e+07
6.460108800000000000e+07
7.820825600000000000e+08
4.638515200000000000e+07
1.268531200000000000e+07
nan
6.890240000000000000e+05
3.226931200000000000e+07
nan
4.481228800000000000e+07
2.077593600000000000e+07
2.768179200000000000e+07
3.828428800000000000e+07
9.632768000000000000e+06
3.995545600000000000e+07
1.002393600000000000e+07
2.658508800000000000e+07
nan
7.259136000000000000e+07
1.311436800000000000e+07
5.494886400000000000e+07
3.947724800000000000e+07
2.206208000000000000e+07
2.158796800000000000e+07
2.283136000000000000e+06
1.568972800000000000e+07
3.263795200000000000e+07
3.195289600000000000e+07
7.707136000000000000e+06
4.179558400000000000e+07
1.936947200000000000e+07
2.665267200000000000e+07
0.000000000000000000e+00
1.560166400000000000e+07
8.669952000000000000e+06
1.220608000000000000e+06
1.217331200000000000e+07
9.973760000000000000e+06
2.132787200000000000e+07
3.002368000000000000e+07
1.752780800000000000e+07
3.250176000000000000e+07
4.705484800000000000e+07
2.207436800000000000e+07
7.762329600000000000e+07
2.104448000000000000e+07
5.519462400000000000e+07
nan
2.644377600000000000e+07
3.099443200000000000e+07
4.603392000000000000e+07
2.815180800000000000e+07
2.624716800000000000e+07
6.873088000000000000e+06
2.785945600000000000e+07
1.791590400000000000e+07
2.225152000000000000e+07
4.114790400000000000e+07
2.315776000000000000e+06
3.751833600000000000e+07
2.714419200000000000e+07
9.314304000000000000e+07
5.550080000000000000e+07
2.266240000000000000e+06
3.260928000000000000e+07
7.664838400000000000e+07
4.255513600000000000e+07
2.752921600000000000e+07
nan
3.744358400000000000e+07
5.200691200000000000e+07
7.631872000000000000e+06
1.628595200000000000e+07
3.095756800000000000e+07
1.095065600000000000e+07
1.674496000000000000e+07
2.031923200000000000e+07
3.183206400000000000e+07
6.514176000000000000e+06
6.280192000000000000e+06
1.398169600000000000e+07
1.150976000000000000e+06
2.852044800000000000e+07
6.164070400000000000e+07
1.413529600000000000e+07
nan
2.178508800000000000e+07
2.368220800000000000e+07
nan
4.659200000000000000e+07
5.923942400000000000e+07
1.267916800000000000e+07
1.355776000000000000e+07
7.493632000000000000e+06
4.535104000000000000e+06
4.074188800000000000e+07
2.989568000000000000e+07
nan
2.280140800000000000e+07
2.299238400000000000e+07
9.857024000000000000e+06
2.071347200000000000e+07
4.151296000000000000e+06
3.450368000000000000e+07
5.850419200000000000e+07
2.242150400000000000e+07
4.259123200000000000e+07
2.170214400000000000e+07
6.018252800000000000e+07
4.879667200000000000e+07
nan
1.727052800000000000e+07
nan
4.072960000000000000e+05
8.752640000000000000e+06
1.294899200000000000e+07
5.722931200000000000e+07
4.777548800000000000e+07
2.036019200000000000e+07
3.257344000000000000e+07
2.671001600000000000e+07
nan
9.458483200000000000e+07
7.908147200000000000e+07
3.528192000000000000e+06
3.720473600000000000e+07
2.674892800000000000e+07
9.292800000000000000e+06
2.223206400000000000e+07
5.830041600000000000e+07
4.152832000000000000e+07
3.498841600000000000e+07
2.904993600000000000e+07
4.303667200000000000e+07
2.820505600000000000e+07
nan
nan
1.128121600000000000e+07
2.364083200000000000e+07
4.907827200000000000e+07
1.978368000000000000e+07
3.001753600000000000e+07
4.008960000000000000e+07
1.908121600000000000e+07
3.775616000000000000e+06
4.468531200000000000e+07
2.593628160000000000e+08
3.104051200000000000e+07
2.145177600000000000e+07
3.069747200000000000e+07
3.390259200000000000e+07
5.401548800000000000e+07
1.862860800000000000e+07
3.432550400000000000e+07
4.673536000000000000e+07
1.563750400000000000e+07
3.665305600000000000e+07
8.190464000000000000e+06
6.362521600000000000e+07
6.450752000000000000e+06
2.125721600000000000e+07
2.213888000000000000e+06
4.814464000000000000e+06
nan
6.827008000000000000e+06
1.452251200000000000e+07
nan
2.370252800000000000e+07
1.476544000000000000e+07
nan
nan
1.736678400000000000e+07
4.319232000000000000e+07
2.370764800000000000e+07
2.647552000000000000e+07
2.726502400000000000e+07
2.303795200000000000e+07
nan
1.104281600000000000e+07
4.816691200000000000e+07
1.378150400000000000e+07
1.491763200000000000e+07
nan
6.248448000000000000e+06
1.961676800000000000e+07
4.076748800000000000e+07
5.028966400000000000e+07
3.942195200000000000e+07
6.548608000000000000e+06
3.157504000000000000e+07
2.696806400000000000e+07
2.661248000000000000e+06
2.514841600000000000e+07
1.661440000000000000e+07
2.136934400000000000e+07
3.816140800000000000e+07
8.500838400000000000e+07
3.981926400000000000e+07
nan
4.057088000000000000e+07
1.811660800000000000e+07
4.421632000000000000e+07
7.540736000000000000e+07
1.991654400000000000e+07
1.051238400000000000e+07
3.154944000000000000e+06
1.556684800000000000e+07
4.106444800000000000e+07
3.944576000000000000e+06
2.993356800000000000e+07
3.142144000000000000e+07
2.614988800000000000e+07
3.330406400000000000e+07
9.389056000000000000e+06
2.695987200000000000e+07
1.574444800000000000e+07
4.036646400000000000e+07
3.958784000000000000e+07
1.862860800000000000e+07
1.748864000000000000e+07
3.688448000000000000e+07
4.481945600000000000e+07
7.426048000000000000e+06
6.174875200000000000e+07
2.370252800000000000e+07
3.237836800000000000e+07
1.744896000000000000e+07
3.746611200000000000e+07
nan
1.799987200000000000e+07
4.610764800000000000e+07
2.550169600000000000e+07
3.531776000000000000e+07
1.022976000000000000e+06
1.171609600000000000e+07
1.989017600000000000e+07
5.740544000000000000e+06
