7.048209958169174194e+07
5.107997287886047363e+07
5.863476437237167358e+07
4.735461719574356079e+07
5.748229845248442888e+07
6.749177762874031067e+07
4.979169294219207764e+07
9.957499898551940918e+07
4.550283849934387207e+07
4.368189215050792694e+07
5.626948331957435608e+07
2.899899926811523438e+08
5.710984298410415649e+07
3.879361091149139404e+07
5.398972165008163452e+07
5.696277703399467468e+07
3.943212845209884644e+07
6.283753696992111206e+07
4.618033963298034668e+07
3.881023995242691040e+07
7.566823413768196106e+07
3.238411152507781982e+07
9.073528202826118469e+07
4.583371021558380127e+07
8.944627337299346924e+07
4.690700610414218903e+07
5.661759786864852905e+07
3.935880287422943115e+07
4.132253887810516357e+07
6.997408078936672211e+07
7.559733765282821655e+07
8.738786401192474365e+07
3.715027104073047638e+07
3.436110809300994873e+07
5.426942328988361359e+07
6.260625316624832153e+07
1.521722451863555908e+08
4.330508885987281799e+07
3.049231639913749695e+07
5.573184655675125122e+07
4.312938696344953775e+07
3.614627144209671021e+07
5.174131015886306763e+07
8.365919166869354248e+07
4.610496526764333248e+07
3.957781306870794296e+07
1.116102911178817749e+08
5.592246500555539131e+07
4.331048544732093811e+07
5.502595516596984863e+07
7.054098661819839478e+07
3.965637662261009216e+07
8.169334889281463623e+07
4.390360707179260254e+07
6.160360852037429810e+07
6.446513179160118103e+07
4.555443280398359895e+07
5.641911353421401978e+07
4.610426673567199707e+07
3.840915018974113464e+07
6.043479359095764160e+07
6.144459872401046753e+07
1.679220811175880432e+08
6.543895755203628540e+07
5.820913165713882446e+07
4.140008156784057617e+07
5.425480083522796631e+07
6.645860913332557678e+07
4.614708262028312683e+07
3.975091473778533936e+07
3.518818826852607727e+07
4.288422600753307343e+07
4.176040295494842529e+07
4.381006264050674438e+07
5.703953994100952148e+07
5.039962692485809326e+07
7.044172936698150635e+07
6.724075294324874878e+07
4.773661737608432770e+07
4.346113014263916016e+07
5.760976129592704773e+07
6.408983236264419556e+07
5.614864206450653076e+07
6.685389675348091125e+07
5.689409235709571838e+07
6.120585757414245605e+07
1.743465318636703491e+07
5.656728512206268311e+07
7.046347943792200089e+07
5.742024750399017334e+07
3.205844647717285156e+07
3.513110267516326904e+07
2.691688718888932467e+07
4.323107386701965332e+07
3.501716645808410645e+07
5.055751296094799042e+07
4.445897684344482422e+07
6.288205587653350830e+07
4.942219954176330566e+07
5.292822315614700317e+07
3.897863421289229393e+07
6.156484137908554077e+07
4.066296738148689270e+07
9.239266811001205444e+07
5.324726483001995087e+07
6.418052838153457642e+07
5.377657773269653320e+07
2.948340101809158325e+08
3.200100130640029907e+07
1.330923030196647644e+08
5.415043929689788818e+07
5.341984565935218334e+07
5.265327624972343445e+07
8.342122620078516006e+07
4.987375475552749634e+07
4.123275020178413391e+07
5.187178136880874634e+07
5.204880569822311401e+07
4.320469235590934753e+07
6.714697402495861053e+07
4.277366465671491623e+07
4.189477673209190369e+07
1.913110264537963867e+08
4.318619170042419434e+07
8.910783303237915039e+07
nan
7.948872154598999023e+07
5.324021571121978760e+07
3.857923344613456726e+07
4.946640112017440796e+07
5.350728898568344116e+07
5.647660460732841492e+07
5.084445707034111023e+07
5.763587641355133057e+07
3.644304902643394470e+07
6.588349434050941467e+07
4.533994121051788330e+08
5.669807496794128418e+07
5.286885071499252319e+07
4.880003824037933350e+07
5.103414554247283936e+07
6.282236213578033447e+07
5.860738147151184082e+07
4.550088590399360657e+07
4.894642462307071686e+07
1.023419923034143448e+08
4.538048527333450317e+07
4.443188945224189758e+07
5.482094407085800171e+07
4.343503141623497009e+07
3.009487816354370117e+07
5.249245861818695068e+07
5.343723335582160950e+07
4.672337984457600117e+07
5.534819469032478333e+07
5.510366373675441742e+07
7.287406112213134766e+07
4.393200422261428833e+07
4.894330134426450729e+07
6.732531877414155006e+07
4.457499254477691650e+07
5.762485415871334076e+07
1.024857534018707275e+08
5.131904553567314148e+07
5.874020161948394775e+07
3.428398537599754333e+07
5.496379029616165161e+07
6.698371132925891876e+07
4.961182305670928955e+07
4.281649712637329102e+07
6.537566718929290771e+07
5.632507568365478516e+07
7.491904531177806854e+07
7.366523296049499512e+07
6.065847528943347931e+07
4.643032295160865784e+07
3.028100949753475189e+07
3.769126896184921265e+07
4.457881721727752686e+07
3.307044804572677612e+07
5.686206008765792847e+07
1.758457127862548828e+07
5.699897354496383667e+07
5.516359393795013428e+07
5.068365275329589844e+07
4.017904188702392578e+07
4.947159351670074463e+07
3.715993222883224487e+07
3.032859245499801636e+07
5.146819388613510132e+07
4.650546844497871399e+07
4.931292695278167725e+07
3.379619664307928085e+07
4.402192697154235840e+07
2.736787254661827087e+08
7.648987663000297546e+07
4.565574972264480591e+07
6.383127191148948669e+07
9.206895261779022217e+07
3.946676333315277100e+07
5.678896926728916168e+07
6.699538807720565796e+07
4.673882048768043518e+07
8.926821389511871338e+07
9.303272014673614502e+07
6.322686258783340454e+07
5.871841579427337646e+07
6.722573755132293701e+07
6.143130124779891968e+07
6.016465369740962982e+07
6.047001184942626953e+07
5.394293232325077057e+07
5.863353094970226288e+07
5.120532492068862915e+07
5.538317453173065186e+07
4.558385852973461151e+07
9.948673466104125977e+07
3.301218509961748123e+07
5.239319545363616943e+07
5.365852107134628296e+07
5.151464689603805542e+07
8.529054510107803345e+07
2.826514748076171875e+08
5.396587370367813110e+07
3.862131415809154510e+07
5.583167842700099945e+07
6.556934826718902588e+07
nan
2.756958390527343750e+08
4.061278653506469727e+07
5.319983478705215454e+07
7.846093671550750732e+07
8.211474104353332520e+07
5.706562277802658081e+07
5.034297423316383362e+07
5.120058928483963013e+07
5.316879547150611877e+07
5.006597122884225845e+07
5.726064596139335632e+07
6.249217522155570984e+07
1.364904048999214172e+07
4.585411070133972168e+07
5.346952890489578247e+07
4.070851287250232697e+07
6.723682816224384308e+07
3.816483258464431763e+07
5.418053186302185059e+07
5.285510242977809906e+07
4.332400674971580505e+07
3.750359354348373413e+07
5.120132702159500122e+07
5.408036133760833740e+07
5.950618789699554443e+07
7.463661292082214355e+07
4.494503816334486008e+07
4.270891655146026611e+07
3.979664794749069214e+07
4.124643536253547668e+07
5.762642516413593292e+07
5.321583852424526215e+07
5.099937809056472778e+07
5.093031914027595520e+07
5.653690452981567383e+07
6.093703104171657562e+07
4.304394546368408203e+07
5.300360056389999390e+07
1.835565019977626801e+08
4.534790911886978149e+07
4.577677390324020386e+07
5.247884764949035645e+07
4.574068581008434296e+07
5.535625932788151503e+07
8.071971087344360352e+07
3.929752440168952942e+07
3.705566325365579128e+07
7.616684616049551964e+07
1.645836565644187927e+08
8.310299261254882812e+07
4.231448626195907593e+07
3.851338954554653168e+07
3.747553066591835022e+07
5.944620712534618378e+07
4.015641106650924683e+07
4.255754000344371796e+07
6.533527549168777466e+07
3.381181245597076416e+08
5.937995141251373291e+07
4.584985310516834259e+07
1.839130810705337524e+08
5.654714253878021240e+07
3.816483258464431763e+07
5.175021649665832520e+07
4.770643174672374725e+08
3.887644665472793579e+07
4.100020799251556396e+07
7.352397354871845245e+07
1.068847660551910400e+08
4.677747039603424072e+07
4.644737818053436279e+07
5.440534616121721268e+07
2.571006667678165436e+07
5.880449277199554443e+07
6.025531101213455200e+07
1.943023692070293427e+07
3.938391606879425049e+07
1.012328455440721512e+08
4.823782054488754272e+07
4.468340955046844482e+07
4.932398656616210938e+07
3.911698326276779175e+07
1.144775462169723511e+08
3.656619278190159798e+07
5.644614932394409180e+07
5.458641156175804138e+07
8.559021404128398895e+08
6.321786283849334717e+07
4.193159048471117020e+07
7.887000963642120361e+07
3.093667049735260010e+07
5.499336009183120728e+07
5.689868978713607788e+07
5.472798028389739990e+07
7.124140359523773193e+07
6.181304385494995117e+07
3.484936884904861450e+07
1.633618201746852398e+08
5.329168992370605469e+07
5.071517425202274323e+07
6.081331628281497955e+07
5.350164627646064758e+07
7.556419115997815132e+07
8.564182545173215866e+07
3.295891857696628571e+07
5.319093990854454041e+07
3.648800435477066040e+07
5.951942214865493774e+07
1.895792569776153564e+07
8.529054510107803345e+07
3.928685558647251129e+07
3.739585565830612183e+07
8.632291743353271484e+07
7.144343166627645493e+07
5.805227974390983582e+07
7.545868045906829834e+07
5.277662281056976318e+07
6.474143838412570953e+07
1.024274547869415283e+08
5.838553530452728271e+07
5.242157981056928635e+07
4.818754290131759644e+07
5.425776593142318726e+07
4.478474435349154472e+07
3.956639928633022308e+07
5.259187109972453117e+07
4.301850645181274414e+07
5.312317129969406128e+07
4.764976308631896973e+07
5.806312700836944580e+07
5.301753418534088135e+07
5.220081921566677094e+07
3.827723543946838379e+07
1.787702966851730347e+08
6.544692121485424042e+07
4.980192271856689453e+07
4.605863369996643066e+07
4.583371021558380127e+07
4.850468594032287598e+07
3.530717384587478638e+07
2.902765516242408752e+07
3.519356490056419373e+07
3.964996898129463196e+07
4.837735690782928467e+07
6.043007534896087646e+07
5.945126174811893702e+07
7.629811450878906250e+07
4.365995185394334793e+07
1.441593854604408264e+09
4.224620810752105713e+07
3.661743103793716431e+07
3.084353360342407227e+07
6.918523345617961884e+07
6.517335601404380798e+07
5.260783546988296509e+07
6.464246569474792480e+07
3.824134696393585205e+07
3.288573495538663864e+07
4.176750664238739014e+07
5.563119491603469849e+07
6.094985313646411896e+07
4.790990506378555298e+07
5.763211159729385376e+07
4.938831205032730103e+07
3.022463973487091064e+07
4.622616634366226196e+07
8.321237974730682373e+07
4.460914995084381104e+07
7.008749159164619446e+07
4.497043523387145996e+07
4.654510517023086548e+07
4.625792133930969238e+07
1.157860447103085518e+08
5.436189190165162086e+07
6.888967181503295898e+07
4.822766730450725555e+07
5.292512795812225342e+07
8.577463473486328125e+07
4.707718899659729004e+07
5.423507696152591705e+07
5.993291936537933350e+07
5.569643040932846069e+07
5.286045680041885376e+07
5.152851024018096924e+07
4.134904223170661926e+07
7.291762252383422852e+07
5.299578763938903809e+07
3.970543026625251770e+07
3.783677696799850464e+07
1.112460081402206421e+07
8.242949464462062716e+07
2.798877730914878845e+07
4.419081366127777100e+07
5.377887898347473145e+07
4.316934322863388062e+07
1.122800114737129211e+07
5.154920230918502808e+07
1.033324253677795410e+09
6.921608429965400696e+07
4.923219873776245117e+07
5.101510553382682800e+07
5.156431518392562866e+07
5.442266757543182373e+07
1.626958322817301750e+07
4.940647108619308472e+07
5.748061259521865845e+07
4.115130091837215424e+07
4.615081807942199707e+07
2.705765908082046509e+08
3.232237254364013672e+07
5.837853102580070496e+07
8.182426359608840942e+07
4.418222439360809326e+07
5.028500107493972778e+07
7.648479342550277710e+07
5.242464776657867432e+07
4.495978859114074707e+07
3.502666319672775269e+07
4.436964746670913696e+07
4.903384877395391464e+07
4.763369706622695923e+07
nan
5.333755873110485077e+07
9.411180353544425964e+07
6.124674024568939209e+07
5.116456691601181030e+07
4.587046932961654663e+07
5.006902195082473755e+07
3.704268645767784119e+07
3.724308192470932007e+07
6.592800615807151794e+07
7.617346522189331055e+07
5.787368286675262451e+07
3.157479811926803589e+08
5.763539670691299438e+07
4.521194366915893555e+07
4.972411908000564575e+07
2.894346627153825760e+07
3.685488716823101044e+07
5.971734603070831299e+07
8.075607388166427612e+07
4.452416108685874939e+07
5.448186034800720215e+07
4.778053351648712158e+07
2.815800185963249207e+07
4.428291896130943298e+07
7.915245636925506592e+07
4.530560755374145508e+07
3.491545679526901245e+07
6.398867232445335388e+07
3.887889269476509094e+07
5.761625832511901855e+07
1.918269868672561646e+07
4.251260008406066895e+07
4.754959073264503479e+07
3.334904360261726379e+07
5.275930110951805115e+07
6.061593167740154266e+07
4.156882152416610718e+07
6.142432774719619751e+07
4.915037196035099030e+07
6.680804193545532227e+07
4.798293547831535339e+07
3.497240572202301025e+07
5.230547487279319763e+07
nan
6.129809939613533020e+07
4.254399631013488770e+07
4.174622673341369629e+07
1.283275015791301727e+08
7.579000142222595215e+07
4.771615902907562256e+07
3.683717797996139526e+07
4.268304967695999146e+07
5.178622884054374695e+07
2.900209962284469604e+07
5.398745052321624756e+07
4.430866145774841309e+07
6.113799618843078613e+07
4.670813849619293213e+07
8.563899098490142822e+07
6.708943548411560059e+07
5.161986425883674622e+07
5.838478380049514771e+07
5.347186561101722717e+07
4.384195976731109619e+07
3.958200941867637634e+07
7.436266260237503052e+07
4.526622059733200073e+07
5.798057290268802643e+07
4.202910652576065063e+07
1.047109343415489197e+08
3.447044287440681458e+07
6.046098800284385681e+07
8.637711501845550537e+07
4.629397785190708935e+07
7.278270255923843384e+07
6.275440136665916443e+07
4.843756401902389526e+07
4.694572043101501465e+07
5.294724910593414307e+07
3.616996614444589615e+07
5.341944514426422119e+07
5.828809912694549561e+07
4.810664923617601395e+07
5.603687520365524292e+07
7.296029866787528992e+07
5.132607364657592773e+07
4.927316925332069397e+07
4.888223045558929443e+07
5.875799459492111206e+07
3.656023371781158447e+07
5.931726369892787933e+07
5.555959562668991089e+07
1.047929569149703979e+08
5.989450040373992920e+07
4.426057294548034668e+07
3.610293395593547821e+07
3.620415219469165802e+07
7.727311272568130493e+07
4.136545065684509277e+07
5.310136641432905197e+07
4.399845587459945679e+07
5.193388106712341309e+07
4.764291524069595337e+07
5.041142906966400146e+07
6.495850710824584961e+07
5.080339970856094360e+07
1.010593192181549072e+08
4.968872516746997833e+07
1.144286633016815186e+08
5.312735013177108765e+07
4.626050796839523315e+07
2.859146055669784546e+07
7.277385349526977539e+07
4.444939422826766968e+07
2.630711629555559158e+07
3.320279302153539658e+07
3.958650034980773926e+07
6.658595869742870331e+07
1.447299746362304688e+07
6.184593580028533936e+07
1.505305104630088806e+07
1.025016509695596695e+08
5.682988552185058594e+07
4.344441888859939575e+07
4.057624478242969513e+07
6.540894873246860504e+07
4.521121158444213867e+07
5.604230906386566162e+07
7.563379042623519897e+07
4.450548762696146965e+07
4.991250662164211273e+07
5.266205786956596375e+07
4.403667384321975708e+07
4.967088682302093506e+07
5.333987204049873352e+07
5.365493396311783791e+07
2.934416851423072815e+07
4.607512165354156494e+07
5.287401174847793579e+07
5.552703783273696899e+07
4.589555494147682190e+07
3.966534271992111206e+07
4.634524228072357178e+07
3.455972677234268188e+07
5.314567631891357422e+09
4.629846544143104553e+07
4.010452400680160522e+07
5.390242180588150024e+07
2.596965100063476562e+08
5.158810993499687314e+07
3.306288375840759277e+07
4.195078869038391113e+07
8.267227492999267578e+07
6.891680528256607056e+07
6.641756936923408508e+07
5.353568535895156860e+07
3.981713957964694500e+07
4.710218748282241821e+07
5.367436051528930664e+07
8.946229302149391174e+07
5.514693307080650330e+07
5.676550507850646973e+07
1.508540988848918676e+07
2.692408593441390991e+07
5.096711916209411621e+07
5.442689488477325439e+07
5.502800587536239624e+07
5.160166190161323547e+07
8.568507075108261406e+07
1.580002933523035049e+07
4.082831622745656967e+07
6.364907167051410675e+07
4.445723368465995789e+07
5.349916530465698242e+07
4.703340952717590332e+07
3.917478344205188751e+07
4.078664657609128952e+07
1.223222288001670837e+08
3.267392876783227921e+07
3.207534096223172545e+07
2.851894586389923096e+07
4.904707994609260559e+07
4.418252573919296265e+07
3.901204356020355225e+07
6.978885402425765991e+07
5.868361755225944519e+07
2.035722347788238525e+07
5.565171772276306152e+07
4.343077218524169922e+07
6.617008735547447205e+07
7.553202894133758545e+07
3.594687283387565613e+07
3.331377002441406250e+07
4.954631525418090820e+07
3.441113131466770172e+07
5.823348774700689316e+07
3.627625676786422729e+07
5.796421929724431038e+07
5.212631471980285645e+07
9.363368263027572632e+07
6.811010288701820374e+07
4.414192049577522278e+07
3.437295223299789429e+07
5.644038432461929321e+07
1.348204836478157043e+08
5.386687866854858398e+07
7.016520675749015808e+07
7.728040158949279785e+07
4.505899254207992554e+07
1.910462725170135498e+07
6.241948129585647583e+07
7.716266756431770325e+07
5.033608765030193329e+07
5.402439696098136902e+07
5.663413238104629517e+07
4.499577344427871704e+07
4.085944970111083984e+07
5.084644102688217163e+07
6.256413263791656494e+07
4.369979121295166016e+07
7.596396826266777515e+07
5.104212077666568756e+07
3.578858208592033386e+07
3.494313255978584290e+07
6.519462378898954391e+07
7.589862955292892456e+07
6.035754728927612305e+07
4.906696413074111938e+07
3.137089898395156860e+07
2.641960937567901611e+07
5.960744011957359314e+07
3.704104088854026794e+07
6.048165008215332031e+07
5.752534685798454285e+07
5.038248769226455688e+07
4.405109249386930466e+07
6.222471410056114197e+07
3.682615900358581543e+07
5.522664771629512310e+07
4.672395945745086670e+07
5.823920510967922211e+07
3.380621128179636002e+08
5.060960723750543594e+07
7.427456872498750687e+07
5.122853509133148193e+07
4.447164553814601898e+07
4.296919873335075378e+07
4.494241396844863892e+07
1.185837438592433929e+07
5.240483312596511841e+07
3.744694820079016685e+07
5.212491561461353302e+07
5.899523197162628174e+07
4.686339181322479248e+07
6.277947689725494385e+07
3.881553921766281128e+07
3.662687608892726898e+07
4.368096802984809875e+07
4.809052571546876431e+07
4.826554491332054138e+07
4.811575959952163696e+07
4.698874486150932312e+07
5.156815040881729126e+07
3.627625676786422729e+07
4.949622959817504883e+07
1.590819898695220947e+08
6.248965922529220581e+07
4.087556277647495270e+07
6.219275065510559082e+07
9.091631173291015625e+07
6.856777434875488281e+07
4.516636465245580673e+07
5.988298361288642883e+07
3.332178446017408371e+07
5.732162108160972595e+07
4.181826613173103333e+07
3.400484152749919891e+07
5.571506741277694702e+07
6.468406119245147705e+07
6.048556652388763428e+07
3.895814153432404995e+07
5.068887961450195312e+07
4.283204268531227112e+07
6.506969640377998352e+07
5.775271868133920431e+07
2.142365707486228943e+08
6.113559570046997070e+07
6.642247299636840820e+07
4.061634144832420349e+07
4.994828247138023376e+07
4.066653913171386719e+07
5.478274331987380981e+07
5.298128713875198364e+07
4.348756966317594051e+07
4.542352805951642990e+07
5.310073516163444519e+07
5.894335970122718811e+07
4.067179864239692688e+07
3.091268421080398560e+07
4.786907885856783390e+07
4.839472510914993286e+07
4.252948152087402344e+07
3.971144446276283264e+07
5.012054245785903931e+07
6.073477352826690674e+07
4.635997270105934143e+07
3.954888422180938721e+07
4.814371737091827393e+07
3.136223431324958801e+07
7.388229793499812484e+07
5.807676317315816879e+07
4.283360845132635534e+07
6.616991859441375732e+07
5.235398681624984741e+07
5.853045652332115173e+07
5.030383916791915894e+07
5.366878629005432129e+07
6.001230883653259277e+07
4.095794853259086609e+07
4.069415465186882019e+07
3.402438759218597412e+07
5.774739208198547363e+07
6.418128894603347778e+07
8.217201280803680420e+07
5.823242843900108337e+07
5.315453180609893799e+07
6.058393030630397797e+07
3.328226597159957886e+07
3.366079335630226135e+07
6.208602232555961609e+07
6.778226518752670288e+07
4.856749520822143555e+07
4.337757283764529228e+07
3.455211007425594330e+07
3.562464169520950317e+07
5.360873589764308929e+07
3.695205117308807373e+07
4.960357544468021393e+07
6.860590027768898010e+07
5.510161263438510895e+07
6.556007800195026398e+07
6.120100570102882385e+07
4.163958597610473633e+07
4.866130826203918457e+07
1.219959989093551636e+08
3.714514669134521484e+07
6.047096556887626648e+07
4.842586193519544601e+07
5.911357876966428757e+07
5.668633708115863800e+07
2.781066843795299530e+07
5.598970015184402466e+07
7.023881064774608612e+07
4.215046542678070068e+07
3.762649149454116821e+07
4.788596780240249634e+07
4.335621087934970856e+07
4.949095624135589600e+07
3.722586494275665283e+07
4.563364882067966461e+07
3.757304444495677948e+07
6.379607766827392578e+07
6.061082828033828735e+07
5.116327491250038147e+07
5.896224952504730225e+07
8.141879615064239502e+07
8.246689128947448730e+07
4.882101562110614777e+07
4.421347505268096924e+07
3.245581286685562134e+07
1.435542151617660522e+08
3.356262282292747498e+07
4.512518939519119263e+07
3.957781306870794296e+07
4.771030918203926086e+07
4.641074804296875000e+07
4.744741819365310669e+07
4.906696413074111938e+07
4.152943125373649597e+07
3.863699237410926819e+07
5.260034929203033447e+07
3.384647880180880427e+07
4.453812491468811035e+07
4.666155775960665941e+07
6.180366117114257812e+07
1.092629989542846680e+08
5.446084411141204834e+07
5.810990720810508728e+07
4.555117531182670593e+07
4.538936428764533997e+07
5.858916408055114746e+07
4.138493952630805969e+07
4.273002547324180603e+07
5.301464621551132202e+07
1.584173400961649418e+07
1.580769011138381958e+09
5.735822033377456665e+07
2.832934053027153015e+07
6.029445960012817383e+07
4.146090768656539917e+07
5.437830567077827454e+07
3.610358690135765076e+07
4.663130819384384155e+07
5.780120622188568115e+07
6.295063060623168945e+07
2.466650645099544525e+07
8.163423939031982422e+07
3.315540355308246613e+07
2.394641419994163513e+08
4.592919146210098267e+07
6.260847618100738525e+07
4.212081880753231049e+07
5.659736283111572266e+07
4.238793985010981560e+07
6.745163620090484619e+07
6.503798991961479187e+07
5.497969484695816040e+07
5.319900838553619385e+07
5.717736648416709900e+07
8.642974627211761475e+07
4.571482250159835815e+07
5.018057944026374817e+07
6.099451005101871490e+07
4.623084580326080322e+07
5.266023067968750000e+07
5.347952856427574158e+07
3.100377962564468384e+07
4.836251595119547844e+07
5.177479817986297607e+07
3.543281549232292175e+07
6.062484599080193043e+07
6.450363943273162842e+07
5.802790764755249023e+07
4.709244032724380493e+07
7.053799176828002930e+07
5.535085907946491241e+07
3.081393212766361237e+07
6.968263478267288208e+07
5.268648349981689453e+07
6.686158223494178057e+07
5.137296222879028320e+07
5.809952622956848145e+07
3.112723896142387390e+07
1.413560464401344299e+09
4.609576545650482178e+07
4.012040517823672295e+07
5.281763410641098022e+07
4.100226387444496155e+07
3.393482333717966080e+07
3.820422333349609375e+07
6.088631091955184937e+07
9.557798952524185181e+07
6.571913994395542145e+07
5.238863561515045166e+07
5.923856278547668457e+07
3.530821615036010742e+07
3.787663654011404514e+07
7.665678687316513062e+07
6.713490350492286682e+07
5.171304939412498474e+07
5.530700750445556641e+07
5.104192728905296326e+07
1.475134446975708008e+07
1.496983269045114517e+07
5.242496045887565613e+07
5.052154066998195648e+07
3.750663700194549561e+07
5.856206437597656250e+07
5.949162193885636330e+07
6.456084435602951050e+07
5.650575569699859619e+07
5.485017801659011841e+07
5.471233026073837280e+07
3.689027314956855774e+07
4.796069833382034302e+07
4.621834711816024780e+07
3.918189336464881897e+07
6.881734541606903076e+07
9.376978784139633179e+06
1.671009911647796631e+07
5.825571830641746521e+07
3.803197483147001266e+07
5.555753201504898071e+07
5.697558974773538113e+07
3.072302619724273682e+07
4.440928326346206665e+07
5.290125988203907013e+07
5.418575011072731018e+07
1.495304303705329895e+08
6.534643770095038414e+07
4.017998713363838196e+07
4.473504787610626221e+07
7.116381184919166565e+07
6.287353984592390060e+07
1.370116759683465958e+07
7.443403422734713554e+07
4.517548339650726318e+07
5.455586852401733398e+07
3.804506713351821899e+07
6.019476339121818542e+07
4.687467254818725586e+07
7.616684616049551964e+07
5.428884105719089508e+07
4.897853812374496460e+07
5.247190933579368889e+07
5.645822701855087280e+07
6.070472822222900391e+07
5.051144330463504791e+07
4.360309417144012451e+07
5.369952339903068542e+07
4.235773403791427612e+07
5.748034849942970276e+07
7.928775223477244377e+07
4.694001297783279419e+07
5.780189488378219604e+08
6.062327042883110046e+07
4.492439358155441284e+07
6.413721466102409363e+07
6.230539168882751465e+07
4.426811549047851562e+07
5.476404375777435303e+07
4.794029910761260986e+07
1.761306017177352905e+08
7.459842899748992920e+07
6.078720154576301575e+07
7.316036501824951172e+07
1.130646038394699097e+08
3.004236025646972656e+07
5.780952271434402466e+07
5.273573721652221680e+07
5.860738147151184082e+07
3.904061527132987976e+07
4.988823469491195679e+07
4.093818005552864075e+07
4.593873183663177490e+07
5.525899655912780762e+07
3.664877803876495361e+07
3.424635042398071289e+07
5.570721611265563965e+07
