5.007815341410636902e+07
6.776466278932690620e+07
7.043933108607101440e+07
3.849988494540405273e+07
5.238218494319152832e+07
4.586812978196334839e+07
8.272314791594696045e+07
5.309132538572120667e+07
2.970477925086975098e+07
3.876121825107574463e+07
6.258825069320559502e+07
4.918718582151794434e+07
5.905473365686035156e+07
5.573791474948883057e+07
2.923821459300246835e+07
6.720627978897857666e+07
3.718903158981704712e+07
3.609337210797643661e+07
4.107198492915725708e+07
4.228231167510032654e+07
5.677019143214416504e+07
4.626013920317745209e+07
5.282554464437103271e+07
3.316355675650215149e+07
7.054682419293212891e+07
4.188067352195358276e+07
3.155924789569091797e+07
5.254378566357803345e+07
5.816545072756958008e+07
5.214765475100708008e+07
1.485803172186431885e+08
5.914527737511062622e+07
5.166495992799758911e+08
5.132506766404914856e+07
1.590217002240390778e+08
1.540569662835922241e+08
4.501414245455551147e+07
5.676884600910758972e+07
1.545678280905342102e+07
5.509291569716930389e+07
5.741188714526462555e+07
4.665790624292469025e+07
2.577691202316761017e+07
4.676851703869438171e+07
4.396032699771320820e+07
5.525331091983222961e+07
4.434006320555782318e+07
6.650283049105739594e+07
3.058028510670089722e+07
5.246634285658836365e+07
4.660459135280752182e+07
7.401157960063171387e+07
5.540174380751037598e+07
4.580694104347991943e+07
4.654710193746757507e+07
6.938189008558845520e+07
6.262201179724502563e+07
5.320099302655792236e+07
2.880783245753860474e+07
5.489918298065567017e+07
4.826253920025283098e+07
4.653693674450492859e+07
5.529741427820777893e+07
5.532011175585174561e+07
3.986394529743957520e+07
3.449197522996330261e+07
5.299990713063430786e+07
5.428417854139328003e+07
4.943566310949325562e+07
2.448157700473403931e+07
4.031080171691179276e+07
5.865819602618312836e+07
5.505164478086280823e+07
5.196232981683349609e+07
4.642611274114036560e+07
3.720796390894269943e+07
8.349399942658615112e+07
5.254438954013442993e+07
5.612791620488357544e+07
5.849446522365760803e+07
4.226998771912384033e+07
1.184583334173736572e+08
5.073023274941539764e+07
5.876149140184402466e+07
6.092655967975234985e+07
7.908674803501892090e+07
6.949255351572799683e+07
4.646013460034978390e+07
4.719433066177749634e+07
6.189968520097732544e+07
4.120597913317584991e+07
3.766927178002166748e+07
4.211943231376171112e+07
4.291799075243854523e+07
3.105617911636090279e+07
4.704114659501552582e+07
5.282703167757034302e+07
1.067511851331062317e+08
1.252667723359375000e+08
3.856060552882003784e+07
2.045890759624481201e+07
5.321114571334838867e+07
5.240747990150070190e+07
5.158797740659904480e+07
6.312493746191406250e+07
5.166060493593978882e+07
4.794560552928161621e+07
3.389517462988185883e+07
5.712895333542251587e+07
5.041324924316596985e+07
5.493479586626625061e+07
4.070007445947265625e+07
8.961424813299405575e+07
3.122902010709571838e+07
3.145559038916778564e+07
4.628779139147961140e+07
4.653491476783752441e+07
5.472894181318664551e+07
5.079182671303749084e+07
4.264889231125259399e+07
3.941314866005134583e+07
6.435518101981711388e+07
7.114742051424980164e+07
3.278272855411338806e+07
4.660842551488685608e+07
6.092503365342593193e+07
7.095614017906188965e+07
4.148492026883697510e+07
3.668992992343235016e+07
5.126786546509599686e+07
2.440210306080245972e+07
5.046345498873519897e+07
4.002563015232658386e+07
6.530454142490768433e+07
3.753007356136322021e+07
5.361254928193664551e+07
5.069795062828445435e+07
5.688742383413314819e+07
5.599895476281929016e+07
4.663812875303268433e+07
5.949281981387901306e+07
4.790236664722442627e+07
5.817379546550369263e+07
3.949081464178466797e+07
5.664874688169479370e+07
3.614463572689056396e+07
6.308844137881088257e+07
4.947915772228240967e+07
4.338778517543411255e+07
5.865246050978088379e+07
3.987677293890571594e+07
7.645671739012145996e+07
6.046063241985988617e+07
4.445601652843475342e+07
4.198110556989097595e+07
6.549838048249435425e+07
4.140754842852783203e+07
4.295458834170150757e+07
6.993630676698303223e+07
4.621052075522613525e+07
5.703722309164810181e+07
5.921031094404411316e+07
3.842432859120559692e+07
4.602286410780143738e+07
6.884086008315086365e+07
5.150081470409011841e+07
1.677760018203353882e+07
6.051510766664123535e+07
6.044088230602264404e+07
3.757214284712219238e+07
5.495166736756134033e+07
4.426066129762268066e+07
3.935226064553213120e+07
4.567171213551330566e+07
5.321124666995429993e+07
4.908021926481342316e+07
4.358620811806106567e+07
6.022778446306514740e+07
3.408130962252807617e+07
4.136941525283432007e+07
3.398643362613916397e+07
4.251393089831733704e+07
4.431102466293334961e+07
3.907148171071624756e+07
5.881337404629516602e+07
2.866354874884796143e+07
4.193764579993438721e+07
6.761505356697082520e+07
3.672971500196790695e+07
4.302823766598892212e+07
4.019273889670121670e+07
1.047507230554885864e+08
4.207489428408050537e+07
4.723944139904785156e+07
1.819633631686782837e+07
5.495079652442455292e+07
4.499133883001327515e+07
3.811718506190299988e+07
5.553136150957679749e+07
3.010557551553440094e+07
6.215110299071121216e+07
4.537322609244537354e+07
5.609897047040557861e+07
4.467548644293212891e+07
5.151403866874313354e+07
5.298947865802383423e+07
3.701255390626144409e+07
5.407016242825317383e+07
5.661651280089378357e+07
6.537704636456680298e+07
8.211190989627075195e+07
4.117564349246788025e+07
4.843259406436729431e+07
4.811092865803337097e+07
4.893578320152282715e+07
5.661940724716424942e+07
3.671346025876045227e+07
5.622274117663955688e+07
5.031815674453353882e+07
3.734956015473079681e+07
6.182902595046997070e+07
6.074187715373992920e+07
4.927049024637794495e+07
2.773206770549011230e+07
nan
7.273169805985450745e+07
5.964614713051223755e+07
1.051307354861335754e+08
4.802707208579254150e+07
4.058071954820060730e+07
4.078442669685769081e+07
4.105686033187484741e+07
4.710904248102188110e+07
6.882924122602653503e+07
4.817392877109527588e+07
4.566152372641754150e+07
4.605372873162078857e+07
7.078640936149597168e+07
6.310814921894836426e+07
4.595142398097610474e+07
7.872354005352783203e+07
5.368628759616661072e+07
6.492840100749158859e+07
6.670451006382751465e+07
2.229210650135850906e+07
5.587913627756595612e+07
5.311733922256851196e+07
4.904007535645103455e+07
3.245208158393847942e+07
3.226146735103014112e+07
5.281139939667510986e+07
5.217198662983322144e+07
5.396993785531997681e+07
4.258525839005661011e+07
5.735398787758731842e+07
4.028460514140701294e+07
5.315923923992156982e+07
3.667213389086031914e+07
4.681020342849540710e+07
3.435393471556520462e+07
3.397025486466217041e+07
4.989880746637344360e+07
5.693705567709922791e+07
4.616250249838829041e+07
5.233474809493446350e+07
5.033663434876823425e+07
3.525572514869689941e+07
6.613906100619220734e+07
6.023657934136962891e+07
3.526472815407943726e+07
3.850710830348968506e+07
5.387700028081512451e+07
3.715102741502761841e+07
5.540664297618603706e+07
4.789108064892196655e+07
5.168497805693054199e+07
1.225346076555004120e+08
5.734048457798767090e+07
4.736458558880996704e+07
5.609016318766784668e+07
4.822135297660064697e+07
4.763784562695312500e+07
5.671861538658118248e+07
9.275779336716079712e+07
2.973187917176437378e+07
1.337802763159496784e+08
5.163081308265304565e+07
4.452136839714670181e+07
4.389304777735710144e+07
4.107389265184593201e+07
1.194356292427291870e+08
3.662158044744682312e+07
3.766628194924163818e+07
4.409735489426279068e+07
4.881653751030731201e+07
3.585031196994400024e+07
4.957484535778808594e+07
5.719020768256568909e+07
4.944528566953277588e+07
5.857108232469749451e+07
3.830103738225078583e+07
3.975606884899139404e+07
3.272226136051177979e+07
4.236070874223899841e+07
4.193368559416103363e+07
5.462349141991105676e+07
3.620564808530426025e+07
2.187854091599416733e+07
3.933054664776802063e+07
4.685650145965194702e+07
4.196121364611244202e+07
6.865660548950195312e+07
5.717120779999351501e+07
4.842602599419593811e+07
5.843178238219070435e+07
3.936604096916151047e+07
4.331161424242019653e+07
5.464868257572937012e+07
2.355696622648620605e+07
4.518444350615692139e+07
4.647866782626438141e+07
4.937671833897686005e+07
3.102123159389257431e+07
3.826920959523773193e+07
2.701544364501190186e+07
5.249633034099102020e+07
5.009798450117301941e+07
6.269299313218259811e+07
6.514818519544601440e+07
4.062768965029811859e+07
5.293547023658752441e+07
4.815453617918777466e+07
3.519419784563827515e+07
6.135397801736450195e+07
4.286991929179000854e+07
6.962801084482574463e+07
4.806537764016532898e+07
3.189649291507148743e+07
4.705642666404342651e+07
5.798052971492385864e+07
4.941284392709398270e+07
5.042641484663200378e+07
6.122807224892807007e+07
5.888728919899749756e+07
4.178498274787521362e+07
6.667598565615234375e+08
4.554285592086410522e+07
1.021564213823127747e+08
4.168527341198921204e+07
3.732552376074790955e+07
3.063859637008380890e+07
8.202310652256011963e+07
5.347440359759330750e+07
4.621907142058563232e+07
5.391347859794616699e+07
3.191613527641487122e+07
5.877475630945110321e+07
7.508321213237762451e+07
5.446206811421203613e+07
5.094467472393512726e+07
3.199196479322052002e+07
4.798281855344009399e+07
5.996155110501670837e+07
2.511492983133087158e+08
4.967426037792205811e+07
6.355956738069152832e+07
5.186400468726348877e+07
3.671920811817932129e+07
5.496940471473312378e+07
3.729421322700214386e+07
5.730787221331787109e+07
3.999115817753601074e+07
3.337570484237670898e+07
4.704997377659606934e+07
4.759413639926147461e+07
4.655861548042869568e+07
4.998170987414360046e+07
5.331289180931091309e+07
6.537706840991115570e+07
4.378343261673164368e+07
5.641617690393829346e+07
3.208102855150794983e+07
6.186753317903900146e+07
5.304157263515853882e+07
5.092886883087539673e+07
5.375241529215240479e+07
5.153570271992301941e+07
3.541076962359046936e+07
4.623871406812000275e+07
5.532297586093711853e+07
5.414645656516075134e+07
5.963403206747817993e+07
4.382684787726593018e+07
4.055911506205749512e+07
3.135307048036575317e+07
6.454971919464111328e+07
3.252797125020360947e+07
4.961151561622953415e+07
7.724774492294311523e+07
5.447200548792183399e+07
6.943072690475463867e+07
4.267307674089908600e+07
4.737204907236480713e+07
6.448146320029449463e+07
4.128280163799095154e+07
5.511709554246711731e+07
5.301547545472717285e+07
3.287765115747070312e+07
6.499964262667465210e+07
3.723992065305328369e+07
6.045933764705085754e+07
3.112665584533691406e+07
5.304837592651426792e+07
4.680784054148101807e+07
4.529791696262931824e+07
6.222263841560673714e+07
6.008636727726078033e+07
4.743412917605364323e+07
4.142442086238861084e+07
7.212170765449523926e+07
3.778744754071807861e+07
5.083570535085296631e+07
4.886750379829120636e+07
5.171794590304565430e+07
8.323054042472839355e+07
5.080701753261756897e+07
4.488307028380393982e+07
4.570260075843048096e+07
5.572842298404312134e+07
4.956644949575805664e+07
1.925438412425613403e+07
6.912897427588653564e+07
3.688429908555603027e+07
4.743259307102870941e+07
4.346286620406150818e+07
5.146011868693351746e+07
5.736684279728126526e+07
5.720738297367477417e+07
4.401722728427124023e+07
5.626008896115303040e+07
5.233700954804134369e+07
6.395120078073191643e+07
4.696307340514278412e+07
5.252022713566589355e+07
4.879844835345077515e+07
5.700930580965805054e+07
4.407861151792144775e+07
6.437442663999557495e+07
7.101629584200477600e+07
1.433756985633659363e+07
5.214976156200981140e+07
5.449654900015258789e+07
9.714179810995483398e+07
2.858222489915466309e+07
4.597223246775627136e+07
4.724369542587661743e+07
3.134879340528392792e+07
4.562589766352844238e+07
6.025529492638778687e+07
3.933054664776802063e+07
4.925845574169731140e+07
4.915275229262542725e+07
5.783529178227615356e+07
4.513883126687622070e+07
5.505164478086280823e+07
6.365533477358078957e+07
5.692752086972427368e+07
5.450012445826053619e+07
3.447991882070922852e+07
4.629056555683135986e+07
4.866213152058982849e+07
5.222667023828506470e+07
6.640084025296783447e+07
4.897765881825542450e+07
4.075802979846000671e+07
1.161507829701385498e+08
3.917108664111900330e+07
4.106411726855468750e+07
4.570822689574432373e+07
3.582254158344435692e+07
3.665365400117874146e+07
3.991463903667640686e+07
4.453979917115783691e+07
7.133481683507728577e+07
4.727812122326278687e+07
4.958699154973411560e+07
5.429910194837951660e+07
5.421415184741592407e+07
4.236086628026580811e+07
4.584533260743522644e+07
5.788760210017967224e+07
6.940001860453796387e+07
3.858230397247695923e+07
4.048900588459777832e+07
4.632629160218214989e+07
4.588253456765556335e+07
5.252675514259386063e+07
5.974237600063145161e+07
3.019683873590660095e+07
8.272314791594696045e+07
5.079961208537960052e+07
4.248136665961647034e+07
3.986934638657808304e+07
8.582629171546173096e+07
5.687645495633125305e+07
3.943478425116634369e+07
4.079970595496797562e+07
3.666956168300628662e+07
5.502703990462493896e+07
2.081637197639312744e+08
4.137487094738006592e+07
4.456927433290481567e+07
4.035992337078094482e+07
6.072592431528091431e+07
3.895851894462585449e+07
4.264329679461669922e+07
4.690091622097587585e+07
5.815961236238098145e+07
6.573298638752555847e+07
8.015401439751815796e+07
6.084246776610183716e+07
7.781046311433792114e+07
5.861812312567138672e+07
4.720177133603537083e+07
4.299461836563873291e+07
4.819124354485893250e+07
4.118869640688514709e+07
5.330426694345760345e+07
4.038798440284800529e+07
4.965659475038123131e+07
5.304551250677108765e+07
6.354829362934494019e+07
4.131131376773071289e+07
3.053194568687057495e+07
1.126580369438133240e+08
7.455440587396943569e+07
3.818631941558837891e+07
4.012217438422012329e+07
6.953555104803657532e+07
5.059944503521919250e+07
5.556586568382263184e+07
3.958017131199836731e+07
5.516630238884735107e+07
6.457895860020446777e+07
5.030985361073303223e+07
7.753719003568625450e+07
1.027305205308666229e+08
6.050045838481521606e+07
4.372909953600692749e+07
4.658823390314865112e+07
8.219712599864196777e+07
3.678621475906753540e+07
4.453312584509611130e+07
4.159539836154556274e+07
3.565772861956000328e+07
4.685941315763664246e+07
5.992070458436965942e+07
4.105770863764667511e+07
3.173159423077583313e+07
6.125610293941020966e+07
7.622460374597930908e+07
4.648911087302017212e+07
3.864726536829376221e+07
1.388774008551502228e+07
5.513155247975158691e+07
8.344672203884887695e+07
6.375630728462982178e+07
5.652214065205764771e+07
4.703813002856063843e+07
2.809809760510826111e+07
7.069444077815628052e+07
4.771723043562316895e+07
3.946350662418937683e+07
3.777770258910751343e+07
3.599942036832809448e+07
5.306245553411769867e+07
4.234486942734909058e+07
5.606959713058280945e+07
3.843030795613050461e+07
3.801054157229232788e+07
4.600648557190704346e+07
3.127645059573554993e+07
9.485832086347961426e+07
1.312648592465972900e+07
4.688409631663131714e+07
3.006311695137023926e+07
4.285372735063552856e+07
2.851427499221611023e+07
3.687619589604544640e+07
3.480646395746803284e+07
6.376170803201675415e+07
4.554236209698486328e+07
5.138670770937919617e+07
4.688430678497314453e+07
4.007998311690521240e+07
2.717065472862339020e+07
3.675231965425443649e+07
6.282876748228645325e+07
3.229512268277359009e+07
4.080382503591728210e+07
4.588118117845726013e+07
3.605793921702289581e+07
5.796791878257751465e+07
4.193913205375480652e+07
3.906453652794456482e+07
5.261701225659561157e+07
5.491315988619232178e+07
5.775532582250308990e+07
4.919503051261329651e+07
5.227928028336000443e+07
7.299420279489135742e+07
5.685989136343765259e+07
5.975480350848770142e+07
5.446532913428115845e+07
5.902557601035308838e+07
5.194561839010047913e+07
4.099749156527328491e+07
4.859946087373924255e+07
4.651316196807289124e+07
5.951284905342102051e+07
6.197458296152343750e+08
5.623319516800117493e+07
5.830486495515060425e+07
5.069025658155822754e+07
4.941831594322299957e+07
5.174142772861576080e+07
7.170792601177966595e+07
5.706718011058425903e+07
6.362848311312580109e+07
4.357062868875503540e+07
6.854921754612159729e+07
2.832113069937896729e+07
4.808376251050090790e+07
7.745230845349121094e+07
4.532492068387985229e+07
4.778705471368408203e+07
4.649029673731422424e+07
3.906081534766435623e+07
5.137351611704826355e+07
6.824693877557373047e+07
5.950816968245887756e+07
5.884906168223953247e+07
4.627092547768020630e+07
4.825353650998687744e+07
4.461004957454013824e+07
5.147242065439033508e+07
3.824966837404632568e+07
6.430575855216217041e+07
5.223947715419721603e+07
3.459975053301239014e+07
3.061082427596282959e+07
5.388648649612426758e+07
5.229272456520843506e+07
5.767533654050445557e+07
3.678327009405517578e+07
5.500984351099205017e+07
3.067810169566345215e+07
5.877185519626998901e+07
3.333308247549057007e+07
4.654883631043052673e+07
4.500169065245819092e+07
6.091399174601042271e+07
5.956886077268505096e+07
6.027513193678283691e+07
3.319688040716457367e+07
6.206517096878814697e+07
5.301305491041564941e+07
6.971111651588499546e+07
6.654551773206663132e+07
5.245881086340713501e+07
4.212421688196563721e+07
4.193951497285270691e+07
5.390623011506462097e+07
5.882719973084640503e+07
6.480725843067455292e+07
3.881120972315311432e+08
4.495906985097694397e+07
9.477755835451507568e+07
6.373341423563385010e+07
7.253571021972656250e+07
3.727234901130771637e+07
4.946061091919898987e+07
5.566071043876409531e+07
8.098179172829437256e+07
1.451494251117324829e+07
5.484629398586273193e+07
6.452838506006240845e+07
8.878783790278911591e+06
5.426688257828044891e+07
1.169449711686172485e+08
3.830180846685791016e+07
5.395295930210113525e+07
2.866354874884796143e+07
4.139723743277123570e+07
3.885376159008789062e+07
4.621145312802505493e+07
5.580996411041069031e+07
3.259415997480773926e+07
5.064406014666938782e+07
5.346468588143539429e+07
6.469839209560775757e+07
5.316735060882949829e+07
5.096336103189277649e+07
4.180697384223985672e+07
6.711812691639804840e+07
4.191113636275291443e+07
1.689009090433216095e+07
3.952543055847406387e+07
6.091853702780246735e+07
3.479867044458198547e+07
4.748438037341308594e+07
5.161080215230560303e+07
4.776135228895759583e+07
4.926007076593780518e+07
5.253233407238197327e+07
5.631144301580429077e+07
8.319366991919708252e+07
4.956018907391184568e+07
3.753443749597167969e+07
4.776753244156265259e+07
5.396576186903190613e+07
4.189524097961425781e+07
5.916405328529739380e+07
5.541340338486099243e+07
4.546462362131690979e+07
8.105880515648269653e+07
6.460236843478202820e+07
4.739201518299770355e+07
4.142121486472702026e+07
5.203748557918548584e+07
6.341215529849672318e+07
4.564140536007499695e+07
5.979281030000877380e+07
4.973708090444755554e+07
7.363875609214401245e+07
2.612913283242034912e+07
1.062202329463653564e+08
6.288407630434322357e+07
3.056859735906696320e+07
1.086331659518432617e+08
5.778038110544586182e+07
6.111684836920547485e+07
5.288975621743011475e+07
5.263913108895111084e+07
2.803544604805374146e+07
3.723734545934009552e+07
4.396290659455490112e+07
5.295990386939239502e+07
1.224288514517192841e+08
6.966875658135604858e+07
5.130597153699684143e+07
3.373170456782150269e+07
3.492602078384780884e+07
5.409668425643539429e+07
4.484605758056640625e+06
3.541285845583724976e+07
4.832436755583953857e+07
5.497203211879634857e+07
5.066312454753446579e+07
5.159731171158981323e+07
5.019903802719688416e+07
8.125539176260375977e+07
4.451324218339347839e+07
4.773243306772232056e+07
3.175275403735733032e+07
4.047698053813838959e+07
5.094689942790222168e+07
4.072930333101177216e+07
2.768884536033077240e+08
6.944121392094421387e+07
5.030061432438468933e+07
5.183461089156723022e+07
5.526751551248168945e+07
3.197291315818119049e+07
4.994766022378158569e+07
5.645703092957687378e+07
5.014920347507858276e+07
4.752020922491836548e+07
4.453125548186492920e+07
5.606028386545562744e+07
1.142973952434005737e+08
2.620725176146697998e+07
3.723700046645927429e+07
4.829365113058853149e+07
5.734984650818061829e+07
3.332933440172052383e+07
3.060875096790313721e+07
6.597635464264297485e+07
6.253004638226175308e+07
4.449988216624832153e+07
4.966121252417087555e+07
1.023672031250228882e+08
5.529888402995300293e+07
6.214929982572269440e+07
6.715568847741699219e+07
1.001238743640823364e+08
4.629939463917922974e+07
6.904724618855381012e+07
4.491557227986907959e+07
4.635536921153640747e+07
4.589896507363891602e+07
5.608696875499534607e+07
3.536298673441886902e+07
6.327685398164367676e+07
3.816233393979263306e+07
5.447426861545181274e+07
3.830145497410583496e+07
4.541224404729080200e+07
5.152518742201924324e+07
4.169071225723266602e+07
7.920717871716308594e+07
7.039175985976409912e+07
4.882672014057159424e+07
3.900017829197692871e+07
4.397037850846672058e+07
3.375857584176158905e+07
4.032593279145860672e+07
4.336640449405479431e+07
4.191082222374725342e+07
5.649349512458038330e+07
1.995491686206264496e+08
5.224113813388395309e+07
4.214313154736161232e+07
6.332564112557411194e+07
2.774343379957962036e+07
3.957123170606613159e+07
6.171243710469055176e+07
5.647559297647285461e+07
4.614065448765945435e+07
4.497953924653053284e+07
5.662073926848983765e+07
3.127645059573554993e+07
5.025770692213487625e+07
4.614215336503553391e+07
3.424002001787567139e+07
5.464460452614593506e+07
8.559927028175735474e+07
5.003002720939731598e+07
4.079859109990429878e+07
3.872735662847518921e+07
5.263159435982996225e+07
4.335975543847560883e+07
5.006366375572967529e+07
5.831056116849327087e+07
4.111604039602470398e+07
4.281309017514991760e+07
3.839966062778854370e+07
7.961373906287384033e+07
5.020448879046821594e+07
5.470004446909523010e+07
5.956313673292541504e+07
5.394021212100410461e+07
4.637728154758977890e+07
9.332086659603309631e+07
7.387271987788391113e+07
4.792316647887420654e+07
4.966989871109962463e+07
6.372721771092224121e+07
3.515354510937500000e+07
6.081620078987884521e+07
4.653493516971015930e+07
4.641798781356668472e+07
5.041699830009078979e+07
6.499561686264038086e+07
5.120262846137428284e+07
5.667748123505783081e+07
5.557047608117294312e+07
4.554135545077133179e+07
5.659824253313827515e+07
2.013817157413101196e+07
3.515086589310646057e+07
4.810969735626983643e+07
1.407910662577939034e+08
2.138677356167411804e+07
6.401523386698913574e+07
5.496035811370277405e+07
5.881707006672096252e+07
3.745629748381996155e+07
5.765258477488040924e+07
6.519621453921985626e+07
5.039627415143585205e+07
5.619517854683303833e+07
7.098166088954734802e+07
5.161645411662864685e+07
3.101867243059253693e+07
5.159919707956123352e+07
4.202739989263534546e+07
4.568367584799957275e+07
5.361953017453193665e+07
4.447952175057411194e+07
1.158127768329067230e+08
5.775857982757377625e+07
3.225848374981307983e+07
4.183123820145893097e+07
4.227728666796112061e+07
7.407744810628890991e+07
4.250476775671195984e+07
7.286000539642524719e+07
3.840079749800491333e+07
5.791520463261222839e+07
6.122624758385467529e+07
7.216576055988597870e+07
5.154317984449005127e+07
5.126891923176956177e+07
4.116253009494781494e+07
4.659866997759485245e+07
4.811955626486015320e+07
3.941426858249092102e+07
4.709813280508542061e+07
4.335132077423858643e+07
4.653769203642463684e+07
4.200664347542572021e+07
4.267327902005910873e+07
4.324319176926040649e+07
4.793277035108757019e+07
4.587748283286833763e+07
4.697116367943191528e+07
3.210347532523345947e+07
5.351798597831916809e+07
5.721985001935005188e+07
3.843227190227508545e+07
1.224488463117980957e+08
4.592247207858657837e+07
3.934130906039428711e+07
4.367037140830612183e+07
3.830827182344532013e+07
5.188544996189498901e+07
3.744327570929336548e+07
5.110707132387161255e+07
6.703239383733463287e+07
3.621964162240982056e+07
5.759182493703460693e+07
7.061399104371261597e+07
5.956435786295604706e+07
5.141232344890022278e+07
3.274034327077674866e+07
1.729162751831436157e+08
3.563407358782386780e+07
3.397216305771636963e+07
5.102708933451366425e+07
6.993839902999687195e+07
5.003282311093711853e+07
2.928450570283737183e+08
4.922419895060729980e+07
4.578767239759254456e+07
3.675831331752777100e+07
3.369054486241507530e+07
1.483068952329063416e+07
5.192831525808715820e+07
3.515377628383946419e+07
4.476458401938629150e+07
2.429547226098060608e+07
5.079142404709434509e+07
6.186954550301170349e+07
1.430050646017684937e+08
6.427138300123500824e+07
4.169686306985282898e+07
4.303351815328693390e+07
3.209340584361648560e+07
6.825072875512695312e+07
4.110644997834300995e+07
6.765728128350448608e+07
5.011227910499000549e+07
5.797939115164184570e+07
5.872726999489402771e+07
3.344682268463897705e+07
5.315923923992156982e+07
5.919146026956939697e+07
3.747114000571441650e+07
4.866673159204578400e+07
6.152898868313598633e+07
6.332912490915155411e+07
5.473828098231458664e+07
6.022835889203834534e+07
6.541481231640815735e+07
5.280778378954696655e+07
4.441884703529009223e+07
6.505951915098571777e+07
5.036776653330993652e+07
4.394075855239105225e+07
7.111066953551101685e+07
2.302424878998489380e+08
3.271714016363334656e+07
5.185216926702690125e+07
5.975480350848770142e+07
5.030863847039508820e+07
3.166778147554016113e+07
3.752536164229249954e+07
2.615872424348640442e+07
6.484266299360275269e+07
3.490598412466430664e+07
6.667627275226211548e+07
4.115653567176055908e+07
5.461654607881546021e+07
4.840146221934890747e+07
