3.589187585280125859e+03
6.438339740729922596e+03
3.497187466567379033e+03
2.869269481413640278e+03
5.505998252572268939e+03
7.192647635374222773e+03
3.625681258194485054e+03
1.942490927976501916e+04
5.002371927058152323e+03
6.484759415353670192e+03
4.173785386467374337e+03
1.180505192481761515e+04
3.526757358768364156e+03
4.848760909158825598e+03
4.268311374100097055e+03
3.729602272284416358e+03
5.167462133621859721e+03
3.729609698667079101e+03
8.371010446712509292e+03
4.221733349768528569e+03
4.631890937817989652e+03
4.281490619680293094e+03
3.439139409064011852e+04
3.510306646795513188e+03
1.525943032325004970e+04
3.470320570436676007e+03
4.548272298764559309e+03
6.512991682689190384e+03
3.332922177792019284e+03
3.368774926342666731e+03
3.888465989106054622e+03
8.999449179609036946e+03
2.815531394276525589e+03
4.085710426530469249e+03
4.626979006144603773e+03
5.121184679990482437e+03
1.389185308203444765e+04
7.896104597840425413e+03
3.517128695445903759e+03
3.709088267790227746e+03
4.579445749503063780e+03
7.308365194624342621e+03
3.306484848325476378e+03
5.983594620469652000e+03
4.501643899877918557e+03
4.883304130404523676e+03
1.075181324005796705e+04
3.687903885959872696e+03
4.691996673146849389e+03
3.294423545531558375e+03
4.048093765602865460e+03
5.658881165611986944e+03
1.362234202508155431e+04
1.276950090037678456e+04
3.387299451940121344e+03
3.935748933146748186e+03
5.793230670604229999e+03
4.969108029688615716e+03
4.586913402147609304e+03
1.143383714538431559e+04
4.950184143676612621e+03
3.965919292752108504e+03
1.545633409610384115e+04
5.006797544548156111e+03
6.262853435149007055e+03
4.819189573508432659e+03
8.803892535405562739e+03
3.781601591905568057e+03
3.685692410317432405e+03
5.721780784322351792e+03
5.587060735953094991e+03
3.947600440231821267e+03
3.737639461704610767e+03
3.306777556528778405e+03
4.328583337104840211e+03
6.090092808088400488e+03
1.284779688274500586e+04
4.601096207970762407e+03
3.471290898283860770e+03
9.989372116093079967e+03
4.452157976670382595e+03
4.678625021179424039e+03
3.705709900496966384e+03
3.372565468759195483e+03
6.414341777258253387e+03
4.012567163989824621e+03
5.617820903448096942e+03
5.458802602465258133e+03
3.027423242925572140e+03
3.454244836599157225e+03
8.017301041027243627e+03
5.078541902987250978e+03
4.460567049689096166e+03
5.956865164371603896e+03
7.193312687093980458e+03
4.287191105894217799e+03
1.015181542649954645e+04
5.879637146038368883e+03
3.664761520342248787e+03
3.924557878095180058e+03
4.938498436860360925e+03
3.947653681630614301e+03
4.102360511034205956e+03
1.213594766811007867e+04
3.611207908392592344e+03
3.604059589094004423e+03
5.107497399704654526e+03
1.897337764884856369e+04
4.566237398794634828e+03
1.169103348859535254e+04
3.621456674042532541e+03
3.533332680636076475e+03
3.535032232269679298e+03
6.973346347116194011e+03
5.012624081779821609e+03
2.984455777092218796e+03
3.398022408670428376e+03
3.196839298514970324e+03
3.047881961238446820e+03
3.175461228990943710e+03
4.985265224952385324e+03
6.007390230682607580e+03
2.243008929328316663e+04
3.537141808844340176e+03
1.311087128182281231e+04
nan
9.677513641197681864e+03
3.753128320816287214e+03
9.282898729665919745e+03
3.661109460151010808e+03
4.483618234492097145e+03
3.233129535999343261e+03
2.775283742179233741e+03
5.529685736429695680e+03
8.126233269353795549e+03
3.550698597879603312e+03
3.886734100989977833e+03
1.960617056142259025e+04
5.545711247051234750e+03
4.992970862563938681e+03
4.722356437985215052e+03
5.295371276524341738e+03
7.736975871042031940e+03
3.711604579730128080e+03
3.706613615028823915e+03
4.032317203515699930e+03
1.041214469601097699e+04
4.679794837368187473e+03
5.526381622356931985e+03
5.033229526532360978e+03
3.897960086662221784e+03
1.337853035848218315e+04
1.405590189158856811e+04
3.294438975692969962e+03
4.391636041214424040e+03
3.787725567552582561e+03
3.225497082050518202e+03
8.717508542884121198e+03
3.692531959860598818e+03
3.164263071994751954e+03
8.265004709745209766e+03
3.943627748254137714e+03
4.913975065997814454e+03
1.076340463952416758e+04
3.545165125056171746e+03
3.460109892156715887e+03
4.741902886414204659e+03
6.554553383729446978e+03
7.673717224383277426e+03
4.596338788370939255e+03
5.275975999086135744e+03
3.894570775910344310e+03
5.143269700954228938e+03
5.791723296716455479e+03
8.398455093630087504e+03
5.304746542398697784e+03
3.275877645589554959e+03
3.908201654133145439e+03
3.351291803207929206e+03
3.237875531028256319e+03
4.209372346509310773e+03
4.109731725997257854e+03
7.076264060380800402e+03
7.704741602383692225e+03
5.029513445212690385e+03
3.476732649425066484e+03
5.265298606480619128e+03
3.862896576867597105e+03
2.815434475841098902e+03
4.972652879614337508e+03
5.522490700296336399e+03
3.706561353021983450e+03
3.750702947801936716e+03
5.158877760420379673e+03
4.135523355615039691e+03
5.338192110137549207e+03
1.064854640297115839e+04
1.062393409998441712e+04
3.132876144470330473e+03
4.903390909809218101e+03
9.639136490932802189e+03
3.229034436482039382e+03
3.188941791171009754e+03
8.340407749473928561e+03
2.725990794683317745e+03
1.513846800907797842e+04
1.288590094814922850e+04
4.096384599934320249e+03
7.686262688795449321e+03
2.354537547038212870e+04
7.049000691740511684e+03
6.440042579034943628e+03
4.321092446919160466e+03
6.034954986429760538e+03
5.635901626573859176e+03
3.502181403811579003e+03
7.129896629040540574e+03
3.687535873290674317e+03
4.467586174478537032e+03
8.374256129128292741e+03
4.754493842359935115e+03
3.814929946622764419e+03
3.881470771588451498e+03
4.211196817862562966e+03
1.516504973482153946e+04
2.112715420785291280e+04
4.885532250549468699e+03
7.055213386237207487e+03
7.135009010436771860e+03
4.345110687611662797e+03
nan
1.936034009868056819e+04
5.130458983137262294e+03
3.451859167949847233e+03
5.433730079471424688e+03
4.561713767137262948e+03
3.240500018856543647e+03
4.052717457397224734e+03
2.969862124807681994e+03
5.782718634516348175e+03
3.249194065390709511e+03
4.428318982360681730e+03
4.138716278084403712e+03
3.535692054089820886e+03
3.826625393011804135e+03
3.984312664767138813e+03
3.057471487209511906e+03
8.084700982908147125e+03
8.344025831331306108e+03
1.038602039700904788e+04
5.633115546110725518e+03
8.023571129617888801e+03
2.872850494568757767e+03
6.291104326077809674e+03
4.822888791776668768e+03
1.515637654873530846e+04
1.373555214708734820e+04
7.578651175167906331e+03
6.500456509137372450e+03
3.749185510409633480e+03
7.945627879656392906e+03
3.062062207569237671e+03
3.558549878190942763e+03
4.614313819893442997e+03
4.231937897413851715e+03
1.010954014580185503e+04
5.309953269295589052e+03
3.947905359431499619e+03
4.508597616574994390e+03
1.356358177645542128e+04
3.761196780511515499e+03
5.760626260283485863e+03
4.216638845708223926e+03
3.779506666946728274e+03
4.844584727351650145e+03
1.488210230769177360e+04
6.577609524869068082e+03
4.800984764206208638e+03
7.439110528853384494e+03
1.120581793427481352e+04
8.802127935711578175e+03
3.469940658985132359e+03
5.441750012446942492e+03
4.995908888830853357e+03
5.052170880870211477e+03
5.640761214140991797e+03
4.606424312788439238e+03
5.964180544976088640e+03
1.993439554923503965e+04
5.805502692264682992e+03
3.450402688022767506e+03
8.261679743756956668e+03
3.111156457802112982e+03
8.344025831331306108e+03
3.287089179263045025e+03
1.278086849177407748e+04
4.185613631265238837e+03
3.520487480113846232e+03
4.841075567673107798e+03
2.579231319740575054e+04
3.906711540079231781e+03
5.842627140732161024e+03
1.221696374869758074e+04
7.093061262258266652e+03
4.973893686926599003e+03
3.650170721306331416e+03
3.905281667281220052e+03
5.907481343339915838e+03
1.187573800204267536e+04
4.466903978473827920e+03
4.368162023880199740e+03
7.446236440122005661e+03
3.795279176143178120e+03
9.417452044406863934e+03
4.285346051064890162e+03
4.204947255275935277e+03
4.342181245242537443e+03
1.726380121350189074e+04
4.126721701828981168e+03
2.954650485248818313e+03
9.312394115234756100e+03
6.620943059380869272e+03
4.053973490034233237e+03
8.452093162539296827e+03
3.466157985403631301e+03
8.549255664506301400e+03
3.287392756236362402e+03
4.923252245481522550e+03
9.595882105931681508e+03
9.250021173561606702e+03
8.390235550911440441e+03
6.927005329582540071e+03
4.350658287118842964e+03
1.162829790677231358e+04
8.636344509012082199e+03
6.741615660730965828e+03
4.611689153379908021e+03
8.790471713905611978e+03
7.229727660091744838e+03
8.822409635518803043e+03
1.516504973482153946e+04
2.856113126217519948e+03
4.215660991925851704e+03
6.455167163096008153e+03
4.672706713044039134e+03
4.929814062165531141e+03
3.360502044019367986e+03
9.320241861348575185e+03
3.543780586554995807e+03
1.051534459687802155e+04
8.941943263724506323e+03
3.638945207751557064e+03
3.481517915888011430e+03
5.859953856025594177e+03
6.631583937062951918e+03
3.350104002669603688e+03
3.861409833550664644e+03
4.441328751334721346e+03
4.520757563923563794e+03
3.879315580559773025e+03
9.128342780442577350e+03
6.182485497728415794e+03
4.169567268841468831e+03
4.088012577724211496e+03
1.385562217291176421e+04
6.938954848945832055e+03
5.355723148273113111e+03
4.604924079136777436e+03
3.510306646795513188e+03
5.173951951167865445e+03
3.922929528687591755e+03
4.310185340078856825e+03
2.969111064842355518e+03
3.535475274087860726e+03
3.513033045547878373e+03
6.092137980700139451e+03
6.449561792075002813e+03
4.755544384724052179e+03
4.538134563326573698e+03
4.154380923500181962e+04
4.837323000799773581e+03
7.009930030630137480e+03
7.505220139843023389e+03
4.952034332273969085e+03
5.562696052591812077e+03
7.859666425465194152e+03
6.044059250106107356e+03
3.641462888007346464e+03
4.802696833465030068e+03
5.589441534507845063e+03
8.105523911160476928e+03
1.608760559221536096e+04
3.454854341480275252e+03
4.894547294537597736e+03
3.764854212890152212e+03
7.023032135993075826e+03
3.834702634073232730e+03
8.632582609909764869e+03
1.233892732828602857e+04
3.921082301521811587e+03
7.315093457598136411e+03
4.415826313769466651e+03
3.140438159682306377e+03
1.226598790738058051e+04
1.605253599132878298e+04
3.591322218177169361e+03
3.896417446126056802e+03
5.141363463979038897e+03
4.701211101344217241e+03
1.930362897303293721e+04
3.245651066339039062e+03
4.154788071314188528e+03
5.360151850123247641e+03
4.868396789575363982e+03
4.034681781068879900e+03
5.450839565939664681e+03
6.142425440425173292e+03
6.968048854319046768e+03
8.051564135286517740e+03
4.092521041489952495e+03
4.093888297895899996e+03
4.422697638144415578e+03
8.510955104233957172e+03
3.460675518408072548e+03
1.608084197832479913e+04
3.458448853007369053e+03
5.564135523985960390e+03
7.637251164555003925e+03
5.897799637542916571e+03
1.002152151741591842e+04
4.564803269829715646e+03
2.996367136891133850e+04
3.853302971999269630e+03
7.033405446020710770e+03
3.405522135462138522e+03
4.549447720332403151e+03
6.668579693665441482e+03
4.770439690949105170e+03
4.030934525508507249e+03
3.611716623080395038e+03
6.661149851391380253e+03
3.530150591018883915e+03
2.477131691491519450e+04
7.086030366458971912e+03
3.481195545335569477e+03
1.211748818316924917e+04
4.486345623902713669e+03
3.653298446270509430e+03
8.447549130815037643e+03
4.676875616515597358e+03
4.071291061621374865e+03
3.661340210649527762e+03
4.568837242978882387e+03
2.977831047251319887e+03
3.675080272398026409e+03
nan
5.213484102100359451e+03
9.980047145606402410e+03
4.513703701924227971e+03
4.758727354808607743e+03
3.139668337034644537e+03
6.310043378233196563e+03
3.892016101804917525e+03
3.755196753284592432e+03
3.878480258244936067e+03
1.930273127483271310e+03
9.215564180416356976e+03
3.515751858170798187e+03
1.313458962804139082e+04
7.641589565861755545e+03
8.918066227759860340e+03
3.580209705777404452e+03
3.875526534105292285e+03
3.151222177212971474e+03
4.876226788935924560e+03
4.502943376959028683e+03
4.764201435892406153e+03
4.028752305086129581e+03
4.267116807230492668e+03
3.474559690921881611e+03
3.679501453088988001e+03
3.821537731796594926e+03
6.945939680780638810e+03
9.057076985229610727e+03
4.656217265853181743e+03
6.460224042247592479e+03
4.647902083022101579e+03
4.928338561728075547e+03
4.218768739189858934e+03
3.506580653864014039e+03
4.168390585019562423e+03
3.246301573312858181e+03
3.445825302427934275e+03
6.127272779783958867e+03
3.973125224613630508e+03
3.679048276454896040e+03
4.644710011455450513e+03
7.262489838350500577e+03
6.385882414877791234e+03
3.150682476298488382e+03
nan
3.807907517862607165e+03
3.976661781157597034e+03
4.586239428849814431e+03
1.160722376137337596e+04
1.868526183790760479e+04
5.242827895470579278e+03
5.723310617826194175e+03
3.581627369062664911e+03
2.996818799475635842e+03
3.875247397051641201e+03
5.761618653217717110e+03
3.519152762172625899e+03
3.574503719619751791e+03
8.482359748900877094e+03
8.603430934037094630e+03
3.755324258884005303e+03
4.887472501468441806e+03
6.464644114171051115e+03
6.759064960745424287e+03
6.992685084468876994e+03
3.801361829265664710e+03
1.042664192834162714e+04
3.409624418923192934e+03
1.049986864700246224e+04
3.539509091656996134e+03
1.288805227782936345e+04
5.525670009746562755e+03
3.959520055705977938e+03
1.449165335141661853e+04
2.877363425645588450e+03
4.362454648112560790e+03
3.528908493394163997e+03
7.906542090662842384e+03
1.238156088005722449e+04
5.931782851520119038e+03
5.336902778568546637e+03
6.800170721432295068e+03
4.040477528193255239e+03
3.373472617813569741e+03
4.259536279040102272e+03
4.492266685063141267e+03
3.387001367880252019e+03
3.778481007253648386e+03
4.551895558684365824e+03
3.958782787151161756e+03
3.829055352808422867e+03
4.792064494283121348e+03
3.124172153268647435e+03
1.205656589039389837e+04
6.580289550263976707e+03
9.433188332614208775e+03
3.463611915090893945e+03
5.031526411636601551e+03
9.825425038962734106e+03
3.970300575682455019e+03
2.976897267931430633e+03
4.604963779496453753e+03
5.289000193443975149e+03
3.868076422842386364e+03
4.564649801180473332e+03
8.678011204534583158e+03
1.354633388477618246e+04
7.105660000905847482e+03
1.179796587864673893e+04
3.863459312012604641e+03
1.185257213729096111e+04
6.232008104847182949e+03
3.544117618307728208e+03
3.593981834191820781e+03
4.026334657170396440e+03
4.629908662223396277e+03
6.555747756694408963e+03
4.541146513124117519e+03
1.065046802821067286e+04
4.363119044471727648e+03
4.549037636652547917e+03
4.867306454138101799e+03
3.205765085791197180e+03
8.218755052658718341e+03
8.514672380359528688e+03
4.090769350312676579e+03
3.101345246559375937e+03
3.784028043406592587e+03
4.678248692312662570e+03
3.983760902901181908e+03
4.099938719362549818e+03
1.441186473560760533e+04
3.446052991424990068e+03
4.409386859853397254e+03
5.813133577483203226e+03
3.593605721187939253e+03
3.999656439529719137e+03
8.070171302746375659e+03
4.371407091179337840e+03
4.662818039208901610e+03
3.606657484362053310e+03
4.785493207334343424e+03
2.977724128216837926e+03
4.709000501350297782e+03
4.209337205460092264e+03
5.924676220747878688e+03
6.588535955173289403e+04
5.326027610010652097e+03
6.877251590894808942e+03
3.608521554967338943e+03
1.267637300115937069e+04
4.460080483416063544e+03
7.542542431479892912e+03
1.747730494019298203e+04
7.054465844448876851e+03
9.461289233215344211e+03
3.866689121867304493e+03
4.566396926388295469e+03
3.335904864259362512e+03
4.867572568685373881e+03
6.729947167548041762e+03
7.640409111047002625e+03
4.787032072141012577e+03
1.163675074904287249e+04
5.337552072099682846e+03
4.550126541407345940e+03
5.745763707330138459e+03
7.204178316273451856e+03
4.682889268352577346e+03
3.151010206725168700e+03
9.377030184183926394e+03
4.493726947785530683e+03
4.582572566031254610e+03
4.224456707342795198e+03
2.971690536501414499e+03
3.836825074554411003e+03
3.204001789340843061e+03
9.794989158963782756e+03
5.839099279353376005e+03
1.042863353865206591e+04
4.178715824223353593e+03
3.593709823250022055e+03
6.317026170951368840e+03
4.353956098236601065e+03
3.374328904227639214e+03
3.667625547147206362e+03
4.489996474982342079e+03
4.016908689044325001e+03
8.139054551729360355e+03
8.785259953834311091e+03
6.923615213823949489e+03
4.354279729947630585e+03
6.872150163587049065e+03
5.800067710591161813e+03
4.383159051472560350e+03
3.327053179265682502e+03
2.895109464942298928e+03
3.847560213655334792e+03
4.524416660392472295e+03
4.909272678024434754e+03
7.940305810984476921e+03
1.084183714681371566e+04
3.535650881565104555e+03
3.265243614903786693e+03
5.349698031198026001e+03
3.423626343091053059e+03
3.814983017154743720e+03
9.938598648496998067e+03
4.971861660769269292e+03
4.781166903870311216e+03
6.963241300328546458e+03
5.292611025926471484e+03
4.126368944739828294e+03
4.771092482048687998e+03
4.450487832633387370e+03
3.639333800224012066e+03
3.973441474384139383e+03
7.163175470514298468e+03
3.215631376968355198e+03
3.704821416237389258e+03
4.734271887708464419e+03
7.616736469787644637e+03
9.726381160900149553e+03
1.243301808886081744e+04
3.342450410698404994e+03
3.565943607559375778e+03
2.738369440677081911e+03
4.410501907413005938e+03
4.425003009267802554e+03
5.945286566456238688e+03
4.058978699127414984e+03
3.210153888128829294e+03
5.694474629620640371e+03
3.989498125400526988e+03
6.321549006955254299e+03
9.071216247699341693e+03
6.630871063028052049e+03
8.220433710701050586e+03
6.269312676931220267e+03
4.507618596659661307e+03
3.426630864465869763e+03
1.049028918498895109e+04
1.547133372339112975e+04
5.608735315397176237e+03
1.434406289210154682e+04
3.452865872816261799e+03
7.441456130820028193e+03
5.626422216959155776e+03
4.055612832421753865e+03
4.121426730508086621e+03
4.090147692082651702e+03
5.388754036871910102e+03
3.299015112175819468e+03
6.918064414276748721e+03
7.788507370900122623e+03
4.186814536296556980e+03
3.114900744923405455e+03
6.699157136263014763e+03
3.285177594234752632e+03
6.357935497645154101e+03
6.582955382069552797e+03
5.166994487784663761e+03
3.218196212067671240e+03
3.341341484090519316e+03
3.880230761486031497e+03
5.166063665664777545e+03
4.524416660392472295e+03
9.875530779409818933e+03
1.767710190268195583e+04
4.600946452959876297e+03
3.027736702906339815e+03
1.060295344693875268e+04
1.286067924812857200e+04
5.090488695486738834e+03
6.142348600130108025e+03
4.382961039509849797e+03
4.408102172269869698e+03
4.273585956608595552e+03
3.996178901700956885e+03
9.352264985729056207e+03
6.129371490720194743e+03
7.558746716121325335e+03
7.452704949981966820e+03
3.030521593969168407e+03
4.216135632808065566e+03
4.332712712741877112e+03
5.040993363268033136e+03
3.689712151490623000e+03
1.153116441126603422e+04
4.804369843536886037e+03
1.573470354059052261e+04
3.009622715368109766e+03
1.474812467955343345e+04
5.933586508680476982e+03
6.199274370163413550e+03
4.451659892789474725e+03
7.856926346006194763e+03
5.018226571726972907e+03
4.536112693050335110e+03
3.477702679188242200e+03
4.751395512675995633e+03
9.892251578441620950e+03
3.822106391155098663e+03
3.738569393582311477e+03
1.194725577443944894e+04
3.588329451471510311e+03
5.529838853662394285e+03
2.753375529842295236e+03
4.101820221717303866e+03
4.858132031256407572e+03
4.157057779124781518e+03
3.923811415831488375e+03
9.081143810012817994e+03
4.935790026390756793e+03
3.971868535297600829e+03
5.260294080096621656e+03
6.194071987840570728e+03
3.347663537349179023e+03
4.356787448150200362e+03
5.306743556461180560e+03
4.946147569189200112e+03
3.728349908864949157e+03
5.304494422409493382e+03
5.965290951882659101e+03
3.705657140672494734e+03
7.923878648858064480e+03
6.113821882374649249e+03
3.400747628200666895e+03
3.543155470532353320e+03
3.828545143297288632e+03
9.300780731426571947e+03
2.953325492355545066e+03
2.938758682359488830e+03
3.666251909877476464e+03
4.292630469686480865e+03
4.996987361425795825e+03
8.409630874387707081e+03
5.167563896169971486e+03
4.243890245305114149e+03
3.933354275109592891e+03
4.024461619119741499e+03
3.345515704949903920e+03
4.140136507666671605e+03
6.479232557667857691e+03
4.625872450620264317e+03
8.871918450107212266e+03
8.193739209943736569e+03
1.356088089007759845e+04
1.365289667895083403e+04
6.071002550280231844e+03
4.684486223288500696e+03
6.109661288070937189e+03
4.082507916953348285e+03
4.162800916466889248e+03
3.391238379845511190e+03
5.494767052635885193e+03
3.565302423469351652e+03
4.931968709415103149e+03
7.149687064779453976e+03
4.291952768830892637e+03
6.950981623221994596e+03
7.304430023486488608e+03
4.491004004152303423e+03
4.108928832520742617e+03
3.017977921260538096e+03
8.370755284926159220e+03
5.495596937189280652e+03
2.978694210016923989e+03
3.499045064622953305e+03
1.443958560651423795e+04
4.704381101981772190e+03
3.482656211113130212e+03
3.130788229896332268e+03
5.721327869994160210e+03
1.258908620283462005e+04
3.221724982067379642e+03
5.878784554119074528e+03
4.883304130404523676e+03
6.579045501319576033e+03
6.855037945645729451e+03
4.396220542277266759e+03
4.058978699127414984e+03
6.464503292051596873e+03
3.704248364794209920e+03
5.321810180975732692e+03
9.452250834570926600e+03
4.439048787775497658e+03
1.150697261617046752e+04
1.282852509964800083e+04
1.147461083622975093e+04
4.483675683151149315e+03
3.313560186646829152e+03
6.144888201466280407e+03
4.123717288039201776e+03
7.520165976869061524e+03
2.997465729635141543e+03
1.156811171376146194e+04
4.500425266340073904e+03
3.697076228141263073e+03
4.134583405309182126e+04
5.429282989499881296e+03
9.492160185709435609e+03
5.068401091343384905e+03
2.986021787824284274e+03
4.008699420627614018e+03
5.386180314471114798e+03
8.927495367321229423e+03
4.656844389305866571e+03
1.016893061618382853e+04
1.068609234383148396e+04
9.491651464367572771e+03
7.751452678241209469e+03
1.058544345505913770e+04
4.702806280401287040e+03
4.571607838802858168e+03
3.064036406917209206e+03
5.056063924958891221e+03
3.230801431606109873e+03
1.111383984591689114e+04
4.534551439812326862e+03
5.131628365432589817e+03
5.458550233790552738e+03
4.916823616031448182e+03
8.553898194281888209e+03
5.224575701504487370e+03
3.946748360627402235e+03
9.056762845399405705e+03
5.875143057360528474e+03
4.245522462196542619e+03
3.983171554382432987e+03
3.973588230379807101e+03
5.076286045506518349e+03
8.580429967620060779e+03
4.111573117520389133e+03
3.679729853176974757e+03
3.060247537965910851e+03
6.071091934210116051e+03
8.070535056598536357e+03
7.267400703332811645e+03
3.454168411044912773e+03
5.391491218751477390e+03
7.358389718785660989e+03
8.104178602583840075e+03
3.388082261734799431e+03
3.856047513540511773e+03
3.698200307727934614e+03
9.621516518020496733e+03
3.550070937495516409e+04
4.334623134311415924e+03
3.193970302700868160e+03
3.121298152989777918e+03
4.644405345300690897e+03
2.929339765381495454e+03
5.877233994419500050e+03
5.851038146463090015e+03
1.011737533515677205e+04
9.708332583844079636e+03
8.497300965383412404e+03
5.784645649738739849e+03
4.481078577936961665e+03
3.363161353467073695e+03
9.600287393693139165e+03
3.958064478514469556e+03
4.347499728250091721e+03
4.441753386524480447e+03
3.603117922893698051e+03
7.655816754247854988e+03
1.161898988156491941e+04
8.985241207879636931e+03
5.309066040029534634e+03
3.376522215846161998e+03
6.229639141160246254e+03
5.691253137896771477e+03
6.660950647076605492e+03
7.217967663662855557e+03
5.475617062904891100e+03
6.576996341396467869e+03
4.083058949231566203e+03
4.347800494699772571e+03
3.376937636397815822e+03
2.922960234146849871e+03
4.162856224610038225e+03
1.208953571274917886e+04
1.192249994939695716e+04
4.756313162353699227e+03
4.215917455027903088e+03
4.626597576782462966e+03
3.140873456084996178e+03
7.141530365760053428e+03
3.845899665390729751e+03
3.973611379412283441e+03
3.469788458899362922e+03
4.165485946692924699e+03
1.249082998170046631e+04
3.601711359783452735e+03
7.192008878655068656e+03
2.917689832984965506e+03
4.532687957815933260e+03
4.094404446676107909e+03
1.152477324936406512e+04
4.083705324374614065e+03
4.466343768982303118e+03
1.361670907516310763e+04
3.741291935711030874e+03
4.684793799847730043e+03
3.515798649969297458e+03
7.439110528853384494e+03
3.950202235238984485e+03
3.578738817025913249e+03
3.496310380592505680e+03
7.332037479793916646e+03
1.217138986598368319e+04
3.711487579355872640e+03
4.953217073999544482e+03
4.219174204266084416e+03
4.733248668975956207e+03
5.306068545431115126e+03
4.514655761545051064e+03
3.704001217589209773e+03
1.979973014478712867e+04
8.564101459587407589e+03
4.742945898223530094e+03
4.961359897908711901e+03
3.414739741541221520e+03
7.901958807514228283e+03
4.290715720782021890e+03
6.046778477672061854e+03
1.194923418819216567e+04
5.781497741117816986e+03
5.220166326248574478e+03
4.159406104976061215e+03
1.836453643004256810e+04
4.182154238400627946e+03
5.086910152939927684e+03
6.053647004329739502e+03
3.711604579730128080e+03
4.082463855797506767e+03
8.311558762249851497e+03
5.237641625774731438e+03
4.140554618556884634e+03
3.700008722070991098e+03
5.052709244014254182e+03
1.435203776934192501e+04
3.701900234185304726e+03
