4.750873600000000000e+07
4.667443200000000000e+07
2.940800000000000000e+07
6.538393600000000000e+07
3.340083200000000000e+07
5.302476800000000000e+07
3.600358400000000000e+07
2.181324800000000000e+07
2.266572800000000000e+07
nan
3.576268800000000000e+07
3.640279040000000000e+08
4.175872000000000000e+07
2.698035200000000000e+07
1.786675200000000000e+07
2.656064000000000000e+07
9.859072000000000000e+06
4.300595200000000000e+07
2.118041600000000000e+07
7.607808000000000000e+06
1.468979200000000000e+07
4.228096000000000000e+06
3.654041600000000000e+07
4.337049600000000000e+07
1.341696000000000000e+07
1.109068800000000000e+07
2.842112000000000000e+07
5.021696000000000000e+06
2.166579200000000000e+07
5.060710400000000000e+07
3.124326400000000000e+07
5.430067200000000000e+07
2.021785600000000000e+07
2.037964800000000000e+07
1.756006400000000000e+07
5.503180800000000000e+07
4.365107200000000000e+07
1.816281600000000000e+07
7.645184000000000000e+06
5.326028800000000000e+07
9.063424000000000000e+06
1.775769600000000000e+07
1.338240000000000000e+07
5.807923200000000000e+07
2.350182400000000000e+07
1.320345600000000000e+07
8.571289600000000000e+07
2.184960000000000000e+07
3.889817600000000000e+07
2.359603200000000000e+07
6.758400000000000000e+05
9.632768000000000000e+06
7.933747200000000000e+07
3.434905600000000000e+07
5.639372800000000000e+07
2.011776000000000000e+07
6.309248000000000000e+06
2.367488000000000000e+07
5.182617600000000000e+07
1.042022400000000000e+07
4.044390400000000000e+07
3.519692800000000000e+07
1.263104000000000000e+08
5.256601600000000000e+07
2.509926400000000000e+07
2.195251200000000000e+07
nan
3.342028800000000000e+07
5.361971200000000000e+07
2.179891200000000000e+07
1.947955200000000000e+07
2.574592000000000000e+06
2.367897600000000000e+07
3.032780800000000000e+07
5.021900800000000000e+07
1.829427200000000000e+07
1.910374400000000000e+07
6.192742400000000000e+07
2.894643200000000000e+07
3.203072000000000000e+07
1.631436800000000000e+07
5.176320000000000000e+07
4.476723200000000000e+07
4.135116800000000000e+07
4.142592000000000000e+07
1.798860800000000000e+07
nan
4.667059200000000000e+07
6.470451200000000000e+07
5.553254400000000000e+07
nan
6.942720000000000000e+06
nan
4.417331200000000000e+07
8.849408000000000000e+06
3.916953600000000000e+07
5.400576000000000000e+07
2.916556800000000000e+07
1.513011200000000000e+07
2.326118400000000000e+07
nan
5.648998400000000000e+07
1.222348800000000000e+07
1.307443200000000000e+07
4.243865600000000000e+07
2.147942400000000000e+07
2.436812800000000000e+07
3.234283520000000000e+08
1.103872000000000000e+07
1.756057600000000000e+07
1.438617600000000000e+07
3.593113600000000000e+07
1.386700800000000000e+07
2.677452800000000000e+07
3.117670400000000000e+07
2.106188800000000000e+07
1.040076800000000000e+07
5.836390400000000000e+07
1.626931200000000000e+07
7.502336000000000000e+07
1.848320000000000000e+07
3.808256000000000000e+06
8.562483200000000000e+07
2.793267200000000000e+07
1.572556800000000000e+07
nan
5.492940800000000000e+07
4.096000000000000000e+07
3.245465600000000000e+07
4.865740800000000000e+07
5.801984000000000000e+07
3.605657600000000000e+07
2.432409600000000000e+07
nan
2.177228800000000000e+07
1.425100800000000000e+07
5.681971200000000000e+07
1.573068800000000000e+07
4.636876800000000000e+07
5.240012800000000000e+07
2.868768000000000000e+07
5.096217600000000000e+07
3.360563200000000000e+07
5.317017600000000000e+07
2.801254400000000000e+07
2.283059200000000000e+07
4.116787200000000000e+07
1.707827200000000000e+07
3.466956800000000000e+07
3.741081600000000000e+07
1.987276800000000000e+07
9.635840000000000000e+06
5.293670400000000000e+07
5.234688000000000000e+07
1.980313600000000000e+07
3.933286400000000000e+07
4.325120000000000000e+07
4.038656000000000000e+06
2.738483200000000000e+07
1.720115200000000000e+07
5.703680000000000000e+07
2.271436800000000000e+07
2.396774400000000000e+07
8.493056000000000000e+07
2.295808000000000000e+07
3.314278400000000000e+07
1.057792000000000000e+07
3.502284800000000000e+07
2.264576000000000000e+07
5.374976000000000000e+07
1.449574400000000000e+07
5.704652800000000000e+07
2.166886400000000000e+07
6.911180800000000000e+07
6.470092800000000000e+07
4.184320000000000000e+07
2.807193600000000000e+07
9.976320000000000000e+05
1.753907200000000000e+07
4.073472000000000000e+06
nan
5.598822400000000000e+07
nan
2.724659200000000000e+07
5.490073600000000000e+07
4.840345600000000000e+07
4.247347200000000000e+07
3.602022400000000000e+07
9.912320000000000000e+06
nan
1.245286400000000000e+07
3.953152000000000000e+06
1.920819200000000000e+07
2.950553600000000000e+07
1.796096000000000000e+06
2.590412800000000000e+07
4.891443200000000000e+07
1.447824000000000000e+06
1.556172800000000000e+07
5.431296000000000000e+06
2.949120000000000000e+07
1.262233600000000000e+07
2.805248000000000000e+07
2.310348800000000000e+07
1.837977600000000000e+07
8.744960000000000000e+07
1.011507200000000000e+08
5.437235200000000000e+07
4.424499200000000000e+07
3.977216000000000000e+06
2.064793600000000000e+07
5.256806400000000000e+07
nan
2.901862400000000000e+07
2.132505600000000000e+07
2.940800000000000000e+07
2.750259200000000000e+07
1.428787200000000000e+07
1.674547200000000000e+07
2.473984000000000000e+07
nan
2.140160000000000000e+07
2.828288000000000000e+07
4.231987200000000000e+07
4.625510400000000000e+07
8.108646400000000000e+07
1.439948800000000000e+07
1.504435200000000000e+07
2.977382400000000000e+07
2.106572800000000000e+07
nan
1.455185920000000000e+08
1.896652800000000000e+07
5.702963200000000000e+07
9.102284800000000000e+07
5.095424000000000000e+07
5.135923200000000000e+07
6.758400000000000000e+06
2.214912000000000000e+07
3.718041600000000000e+07
3.927552000000000000e+07
2.789504000000000000e+07
5.842355200000000000e+07
nan
2.607206400000000000e+07
4.366438400000000000e+07
7.972864000000000000e+06
3.360563200000000000e+07
5.785497600000000000e+07
3.590118400000000000e+07
5.608243200000000000e+07
2.505062400000000000e+07
1.018214400000000000e+07
6.680576000000000000e+06
4.124467200000000000e+07
3.706675200000000000e+07
3.299840000000000000e+07
1.394483200000000000e+07
2.476441600000000000e+07
2.244300800000000000e+07
2.911846400000000000e+07
3.900825600000000000e+07
2.856294400000000000e+07
6.231244800000000000e+07
4.014899200000000000e+07
2.145280000000000000e+07
2.861184000000000000e+07
3.380838400000000000e+07
1.710284800000000000e+07
1.136762880000000000e+08
1.015398400000000000e+07
2.910720000000000000e+07
2.871347200000000000e+07
2.842368000000000000e+07
3.849216000000000000e+07
5.788876800000000000e+07
nan
2.073600000000000000e+07
5.041971200000000000e+07
2.288701440000000000e+08
3.719168000000000000e+06
3.588480000000000000e+06
4.127744000000000000e+06
2.080228000000000000e+07
2.801792000000000000e+07
1.666252800000000000e+07
3.953868800000000000e+07
3.265024000000000000e+06
1.086259200000000000e+08
3.645593600000000000e+07
1.933312000000000000e+06
5.257216000000000000e+06
4.492185600000000000e+07
5.785497600000000000e+07
2.304614400000000000e+07
1.450147840000000000e+08
4.114022400000000000e+07
3.061196800000000000e+07
3.530086400000000000e+07
2.255503360000000000e+08
6.812640000000000000e+05
1.894502400000000000e+07
nan
1.061273600000000000e+07
5.532057600000000000e+07
4.534374400000000000e+07
nan
2.829824000000000000e+06
8.992358400000000000e+07
2.697216000000000000e+07
1.478656000000000000e+07
3.229491200000000000e+07
2.123776000000000000e+07
8.042598400000000000e+07
1.031259200000000000e+07
4.616601600000000000e+07
5.750476800000000000e+07
1.534402560000000000e+08
1.367654400000000000e+07
2.534195200000000000e+07
5.906432000000000000e+07
7.395328000000000000e+06
3.880857600000000000e+07
4.902502400000000000e+07
3.407923200000000000e+07
3.409305600000000000e+07
4.988518400000000000e+07
nan
3.333836800000000000e+07
2.242969600000000000e+07
5.218713600000000000e+07
4.812928000000000000e+07
2.714624000000000000e+07
4.614144000000000000e+07
7.440179200000000000e+07
6.508032000000000000e+06
5.040256000000000000e+07
1.700761600000000000e+07
6.918963200000000000e+07
8.294400000000000000e+06
4.625510400000000000e+07
2.368716800000000000e+07
2.362931200000000000e+07
1.177067520000000000e+08
5.317760000000000000e+07
6.203699200000000000e+07
8.551987200000000000e+07
2.290688000000000000e+07
4.956672000000000000e+07
1.864089600000000000e+07
5.695897600000000000e+07
3.885465600000000000e+07
3.843072000000000000e+07
3.398451200000000000e+07
2.382643200000000000e+07
3.433472000000000000e+07
2.440806400000000000e+07
nan
4.515840000000000000e+07
2.060288000000000000e+07
5.410816000000000000e+07
1.748992000000000000e+07
4.127027200000000000e+07
1.775820800000000000e+07
5.718425600000000000e+07
2.509824000000000000e+07
4.231577600000000000e+07
2.019737600000000000e+07
4.337049600000000000e+07
2.502809600000000000e+07
nan
nan
8.849408000000000000e+06
1.487769600000000000e+07
1.286144000000000000e+07
5.476529600000000000e+07
nan
3.430400000000000000e+07
1.988403200000000000e+07
7.147520000000000000e+06
1.796710400000000000e+07
2.103398400000000000e+07
1.172070400000000000e+07
3.777792000000000000e+07
4.035404800000000000e+07
3.806592000000000000e+07
1.112320000000000000e+07
1.940275200000000000e+07
nan
2.979840000000000000e+07
4.216243200000000000e+07
4.916326400000000000e+07
2.719539200000000000e+07
3.891968000000000000e+07
3.180032000000000000e+07
2.988032000000000000e+06
2.607206400000000000e+07
8.063590400000000000e+07
7.268352000000000000e+06
4.365004800000000000e+07
5.199052800000000000e+07
nan
1.899059200000000000e+07
2.731622400000000000e+07
1.058693120000000000e+08
2.758656000000000000e+07
2.369638400000000000e+07
2.755558400000000000e+07
1.981542400000000000e+07
3.464089600000000000e+07
5.244723200000000000e+07
3.870310400000000000e+07
3.775897600000000000e+07
2.479820800000000000e+07
4.748185600000000000e+07
nan
3.733913600000000000e+07
3.775897600000000000e+07
7.366246400000000000e+07
2.897100800000000000e+07
nan
2.447667200000000000e+07
nan
nan
nan
nan
2.096742400000000000e+07
5.628313600000000000e+07
9.717760000000000000e+06
1.592934400000000000e+07
4.206182400000000000e+07
3.701432320000000000e+08
5.565644800000000000e+07
2.616524800000000000e+07
1.172531200000000000e+07
3.885875200000000000e+07
3.373587200000000000e+07
nan
2.473984000000000000e+06
2.501632000000000000e+07
4.342988800000000000e+07
4.287488000000000000e+07
2.536304640000000000e+08
2.524364800000000000e+07
1.930137600000000000e+07
3.423641600000000000e+07
4.478771200000000000e+07
4.347596800000000000e+07
6.033612800000000000e+07
4.818380800000000000e+07
8.005632000000000000e+06
nan
3.306905600000000000e+07
1.248358400000000000e+07
1.386752000000000000e+07
nan
2.151254400000000000e+07
1.841356800000000000e+08
4.233216000000000000e+07
1.109401600000000000e+07
1.746739200000000000e+07
2.677760000000000000e+07
nan
1.349836800000000000e+07
5.681971200000000000e+07
nan
6.360268800000000000e+07
4.882022400000000000e+07
2.048716800000000000e+08
5.178572800000000000e+07
3.735961600000000000e+07
4.044902400000000000e+07
nan
2.037760000000000000e+07
4.263321600000000000e+07
4.644249600000000000e+07
5.450956800000000000e+07
5.381427200000000000e+07
5.354700800000000000e+07
2.693120000000000000e+05
1.417216000000000000e+07
5.801779200000000000e+07
2.239795200000000000e+07
2.240000000000000000e+07
6.382899200000000000e+07
1.893888000000000000e+07
3.693158400000000000e+07
6.789120000000000000e+06
1.919283200000000000e+07
1.100390400000000000e+07
7.026688000000000000e+06
3.981926400000000000e+07
3.926118400000000000e+07
5.637120000000000000e+07
4.441548800000000000e+07
9.228288000000000000e+06
3.400908800000000000e+07
3.107481600000000000e+07
4.615168000000000000e+06
2.277990400000000000e+07
nan
3.914240000000000000e+07
4.435353600000000000e+07
1.975500800000000000e+07
1.030237440000000000e+08
4.908390400000000000e+07
2.453350400000000000e+07
8.759296000000000000e+06
2.872729600000000000e+07
3.557171200000000000e+07
7.248128000000000000e+06
4.675174400000000000e+07
7.127040000000000000e+05
2.545049600000000000e+07
1.847104000000000000e+07
2.766438400000000000e+07
2.131046400000000000e+07
4.388147200000000000e+07
1.306880000000000000e+07
2.619494400000000000e+07
4.997120000000000000e+06
2.520985600000000000e+07
2.581299200000000000e+07
1.093120000000000000e+07
nan
4.140544000000000000e+07
4.752179200000000000e+07
2.115788800000000000e+07
3.130368000000000000e+07
1.398906880000000000e+08
2.538291200000000000e+07
7.513088000000000000e+07
3.434393600000000000e+07
3.567398400000000000e+07
2.578022400000000000e+07
5.555609600000000000e+07
nan
2.617036800000000000e+07
3.948339200000000000e+07
1.217792000000000000e+07
1.221939200000000000e+07
2.980761600000000000e+07
4.123238400000000000e+07
1.239936000000000000e+07
3.182131200000000000e+07
3.703961600000000000e+07
1.821952000000000000e+07
4.070809600000000000e+07
2.889932800000000000e+07
6.083379200000000000e+07
1.948774400000000000e+07
1.252147200000000000e+07
4.913408000000000000e+06
nan
2.025062400000000000e+07
3.550003200000000000e+07
nan
4.862361600000000000e+07
3.299430400000000000e+07
2.930995200000000000e+07
2.184192000000000000e+07
1.168499200000000000e+07
3.078860800000000000e+07
1.840332800000000000e+07
4.512972800000000000e+07
4.653977600000000000e+07
4.282470400000000000e+07
3.129344000000000000e+06
4.112793600000000000e+07
2.693120000000000000e+05
3.617433600000000000e+07
5.070233600000000000e+07
4.017280000000000000e+05
nan
1.757593600000000000e+07
2.703155200000000000e+07
nan
2.128076800000000000e+07
nan
1.978777600000000000e+07
3.620454400000000000e+07
1.906278400000000000e+07
2.489548800000000000e+07
4.880640000000000000e+07
1.951897600000000000e+07
4.718284800000000000e+07
4.942438400000000000e+07
5.306880000000000000e+06
2.702438400000000000e+07
9.591808000000000000e+06
1.441484800000000000e+07
2.059264000000000000e+07
7.352217600000000000e+07
3.209420800000000000e+07
nan
2.150809600000000000e+07
2.062438400000000000e+07
3.544832000000000000e+07
4.571136000000000000e+06
nan
1.643110400000000000e+07
1.277465600000000000e+07
1.159757824000000000e+09
2.543513600000000000e+07
2.506342400000000000e+07
1.438617600000000000e+07
2.431713280000000000e+08
1.908684800000000000e+07
3.674112000000000000e+06
8.101888000000000000e+07
3.182080000000000000e+07
2.677350400000000000e+07
4.640153600000000000e+07
2.758656000000000000e+07
1.562316800000000000e+07
2.232678400000000000e+07
4.498624000000000000e+06
1.144934400000000000e+07
5.721190400000000000e+07
nan
nan
nan
2.765420800000000000e+07
5.617664000000000000e+07
6.275686400000000000e+07
3.537408000000000000e+07
7.066828800000000000e+07
1.329971200000000000e+07
2.383155200000000000e+07
5.589196800000000000e+07
1.149337600000000000e+07
2.814668800000000000e+07
2.153318400000000000e+07
1.359052800000000000e+07
2.326169600000000000e+07
7.004160000000000000e+07
nan
nan
nan
1.887641600000000000e+07
1.977497600000000000e+07
nan
3.701606400000000000e+07
3.570150400000000000e+07
nan
2.121804800000000000e+07
3.466649600000000000e+07
6.323302400000000000e+07
6.505062400000000000e+07
6.528000000000000000e+06
nan
5.189222400000000000e+07
1.512390400000000000e+07
2.880768000000000000e+07
1.501286400000000000e+07
4.526694400000000000e+07
5.720678400000000000e+07
5.866905600000000000e+07
3.035136000000000000e+07
2.195456000000000000e+06
nan
3.668896000000000000e+07
nan
9.378201600000000000e+07
1.781760000000000000e+06
2.576588800000000000e+07
6.204620800000000000e+07
2.416435200000000000e+07
1.136844800000000000e+07
2.862284800000000000e+07
7.055155200000000000e+07
1.619123200000000000e+07
4.997427200000000000e+07
6.304972800000000000e+07
2.430771200000000000e+07
2.165862400000000000e+07
2.123161600000000000e+07
2.943795200000000000e+07
2.112614400000000000e+07
1.420569600000000000e+07
5.158041600000000000e+07
2.956902400000000000e+07
7.553024000000000000e+06
4.760064000000000000e+07
3.507404800000000000e+07
6.159155200000000000e+07
1.933363200000000000e+07
nan
nan
4.920627200000000000e+07
1.862963200000000000e+07
6.291251200000000000e+07
6.323814400000000000e+07
2.336153600000000000e+07
2.434099200000000000e+07
3.908940800000000000e+07
5.217280000000000000e+06
6.273638400000000000e+07
5.400985600000000000e+07
6.492262400000000000e+07
3.419729920000000000e+08
2.341888000000000000e+07
3.896345600000000000e+07
2.313318400000000000e+07
1.421568000000000000e+07
2.427494400000000000e+07
3.227033600000000000e+07
nan
3.654963200000000000e+07
2.515353600000000000e+07
3.566745600000000000e+07
1.978726400000000000e+07
1.585868800000000000e+07
7.451033600000000000e+07
1.449779200000000000e+07
nan
3.571712000000000000e+07
4.345395200000000000e+07
8.144896000000000000e+06
2.054246400000000000e+07
4.630220800000000000e+07
3.840000000000000000e+07
1.501286400000000000e+07
2.560409600000000000e+07
2.796953600000000000e+07
1.632102400000000000e+07
1.432166400000000000e+07
3.560243200000000000e+07
1.641267200000000000e+07
1.910067200000000000e+07
2.515660800000000000e+07
2.340659200000000000e+07
nan
1.769676800000000000e+07
2.417254400000000000e+07
2.169651200000000000e+07
7.352524800000000000e+07
2.901811200000000000e+07
5.580800000000000000e+07
2.828902400000000000e+07
2.295091200000000000e+07
3.273113600000000000e+07
1.266483200000000000e+07
6.150144000000000000e+06
1.236787200000000000e+08
1.417728000000000000e+07
2.848768000000000000e+07
2.215936000000000000e+07
nan
4.860518400000000000e+07
5.714534400000000000e+07
4.568473600000000000e+07
1.639475200000000000e+07
2.685132800000000000e+07
2.914547200000000000e+07
6.883328000000000000e+06
2.548531200000000000e+07
1.425664000000000000e+06
1.480934400000000000e+07
2.170880000000000000e+07
8.276480000000000000e+06
2.132352000000000000e+07
2.766643200000000000e+07
3.578828800000000000e+07
4.417945600000000000e+07
nan
2.757734400000000000e+07
nan
1.157072000000000000e+06
4.348825600000000000e+07
2.238259200000000000e+07
6.803456000000000000e+07
2.197555200000000000e+07
2.685132800000000000e+07
3.496345600000000000e+07
5.888204800000000000e+07
7.873536000000000000e+06
2.673920000000000000e+07
8.641536000000000000e+06
6.267560000000000000e+06
3.426304000000000000e+07
4.391731200000000000e+07
1.463398400000000000e+07
2.840473600000000000e+07
5.678489600000000000e+07
nan
7.406617600000000000e+07
5.812224000000000000e+06
2.447564800000000000e+07
6.426134400000000000e+07
3.474304000000000000e+07
4.256563200000000000e+07
nan
2.091827200000000000e+07
nan
4.099993600000000000e+07
2.830592000000000000e+06
3.031347200000000000e+07
5.451328000000000000e+07
2.949798400000000000e+07
7.374080000000000000e+07
6.048972800000000000e+07
3.098828800000000000e+07
2.234368000000000000e+07
1.085849600000000000e+08
1.111244800000000000e+07
5.683200000000000000e+07
3.258419200000000000e+07
5.231872000000000000e+07
2.530739200000000000e+07
1.587712000000000000e+07
1.990656000000000000e+06
4.630016000000000000e+07
2.818560000000000000e+07
1.277337600000000000e+07
4.557414400000000000e+07
1.460684800000000000e+07
5.605785600000000000e+07
1.621196800000000000e+07
1.914265600000000000e+07
9.960960000000000000e+06
2.079539200000000000e+07
3.800038400000000000e+07
2.214912000000000000e+07
4.868403200000000000e+07
1.108295680000000000e+08
3.544678400000000000e+07
5.713920000000000000e+05
1.127680000000000000e+07
1.084979200000000000e+07
8.979660800000000000e+07
4.216832000000000000e+06
2.836736000000000000e+07
1.320345600000000000e+07
2.520908800000000000e+07
1.157529600000000000e+07
3.898355200000000000e+07
1.933363200000000000e+07
1.427097600000000000e+07
nan
4.769433600000000000e+07
nan
4.013670400000000000e+07
3.899187200000000000e+07
1.720729600000000000e+07
7.425612800000000000e+07
3.505152000000000000e+07
5.016985600000000000e+07
2.749388800000000000e+07
2.130329600000000000e+07
2.064793600000000000e+07
1.688166400000000000e+07
1.287884800000000000e+07
1.710284800000000000e+07
nan
5.742346240000000000e+08
nan
1.676902400000000000e+07
9.846016000000000000e+06
2.482790400000000000e+07
1.293030400000000000e+07
2.988236800000000000e+07
4.299980800000000000e+07
2.447052800000000000e+07
1.739808000000000000e+06
1.903820800000000000e+07
4.424806400000000000e+07
1.271603200000000000e+07
3.821772800000000000e+08
2.150809600000000000e+07
2.498560000000000000e+07
1.987584000000000000e+07
2.180691200000000000e+07
7.715840000000000000e+06
5.651660800000000000e+07
5.706342400000000000e+07
3.495731200000000000e+07
4.706508800000000000e+07
4.020940800000000000e+07
7.928268800000000000e+07
3.303014400000000000e+07
2.368563200000000000e+07
4.101529600000000000e+07
1.922457600000000000e+07
2.871347200000000000e+07
4.681932800000000000e+07
1.387827200000000000e+07
3.345715200000000000e+07
5.020467200000000000e+07
nan
1.136844800000000000e+07
4.024524800000000000e+07
2.323148800000000000e+07
3.687680000000000000e+07
5.520998400000000000e+07
5.441740800000000000e+07
9.811520000000000000e+05
5.390796800000000000e+07
5.652736000000000000e+07
7.495065600000000000e+07
2.754150400000000000e+07
4.559462400000000000e+07
5.571584000000000000e+06
9.895628800000000000e+08
1.328896000000000000e+07
1.747200000000000000e+07
2.417664000000000000e+07
1.810944000000000000e+07
2.511974400000000000e+07
2.904064000000000000e+06
8.224768000000000000e+06
nan
6.765516800000000000e+07
3.566387200000000000e+07
4.739686400000000000e+07
nan
2.664678400000000000e+07
2.849996800000000000e+07
2.706124800000000000e+07
5.527961600000000000e+07
1.350860800000000000e+07
2.028953600000000000e+07
1.560576000000000000e+06
4.803072000000000000e+06
2.310860800000000000e+07
6.112460800000000000e+07
4.519936000000000000e+07
7.241728000000000000e+06
1.035878400000000000e+08
2.150297600000000000e+07
nan
1.990656000000000000e+06
5.665792000000000000e+07
1.255833600000000000e+07
3.879219200000000000e+07
2.778368000000000000e+07
3.062681600000000000e+07
4.956160000000000000e+05
4.096000000000000000e+07
nan
nan
4.872704000000000000e+07
1.671987200000000000e+07
5.248000000000000000e+07
6.678323200000000000e+07
nan
7.400704000000000000e+06
4.288000000000000000e+07
6.032588800000000000e+07
1.057146880000000000e+08
2.558156800000000000e+07
3.382374400000000000e+07
1.835417600000000000e+07
3.191705600000000000e+07
7.118208000000000000e+06
4.803072000000000000e+06
2.661683200000000000e+07
3.229696000000000000e+07
5.402867200000000000e+07
1.748992000000000000e+07
3.959296000000000000e+07
2.011750400000000000e+07
5.041971200000000000e+07
1.344921600000000000e+07
1.050828800000000000e+07
2.552217600000000000e+07
3.123097600000000000e+07
7.086080000000000000e+07
4.661760000000000000e+06
4.245401600000000000e+07
3.207372800000000000e+07
2.476953600000000000e+07
4.651776000000000000e+07
5.705548800000000000e+07
2.153676800000000000e+07
6.824755200000000000e+07
5.244505600000000000e+07
3.219865600000000000e+07
2.803046400000000000e+07
3.254886400000000000e+07
4.218470400000000000e+07
8.012083200000000000e+07
2.868416000000000000e+06
5.233408000000000000e+06
5.753753600000000000e+07
4.357632000000000000e+07
2.392883200000000000e+07
5.925273600000000000e+07
nan
1.771617600000000000e+07
3.466240000000000000e+07
5.317017600000000000e+07
2.832998400000000000e+07
3.478118400000000000e+07
2.612838400000000000e+07
2.490368000000000000e+06
5.906636800000000000e+07
9.938944000000000000e+06
1.108582400000000000e+07
3.072000000000000000e+07
