5.510672079773630685e+02
9.941856924376127154e+02
4.137285568597728343e+03
1.299225483185790381e+03
1.768395483105943413e+03
3.251368916259814910e+02
1.407908970178327309e+03
1.818448309411695845e+03
2.128234997411228960e+03
1.807999762398137591e+03
1.569594028818297602e+03
2.261592112000442285e+03
1.331722351361959909e+03
6.094559497065255300e+02
5.112196427117431995e+03
3.270572147054762809e+03
7.568372326172288922e+03
1.709242539661390765e+03
7.736091580131798082e+02
2.419294941262639895e+03
1.054745068264204292e+03
2.416349427892199856e+03
7.080667731895924817e+02
5.186763836692298355e+03
5.311867146666312465e+02
4.539804257822150930e+02
5.285185708588266607e+03
8.188142355095059202e+02
3.735948792187595700e+03
1.034990643517492344e+03
2.071640339923180818e+03
2.329983812972777741e+03
4.109278827547677793e+03
6.837978084496799056e+02
2.012312932244361946e+03
5.371566989211087275e+03
3.504733364199873449e+03
2.623947648461014978e+03
1.066474923865049732e+03
4.336704033695540375e+02
1.022903579129215132e+03
6.670400156040738011e+02
2.024123934342492703e+03
2.120349670848928781e+03
9.770412041553586278e+02
2.330494333649386647e+02
3.012678859405445451e+02
6.378451323495658016e+02
1.368810191909362175e+03
2.004787024467774472e+03
3.918744198019343798e+02
3.675459474924591632e+03
1.943802127618656641e+02
1.548132077855033003e+03
7.525329135134198566e+01
4.489345697217076122e+03
2.175497574658604947e+02
1.551931168176470010e+03
3.630495323852258934e+03
1.260203249145595237e+03
4.161959126322183238e+02
4.192400446957164490e+02
1.955989198398131066e+02
3.430088166403972537e+03
2.976122001786046440e+03
2.786793906239136504e+03
8.010035488253736276e+02
9.335113519109859226e+01
1.063731723130313640e+03
9.272655123086352660e+02
2.194079739297525521e+03
1.977209409796703994e+03
6.237520851570228615e+02
2.280496772460713146e+03
2.834429201832122658e+02
3.534346089154143556e+03
6.808109310309750981e+02
7.607120885700542203e+02
2.192858484004034381e+03
3.310555154458481297e+02
1.101716505162802832e+03
2.718677962987559113e+03
4.843844337102801205e+02
9.249756260732826263e+01
1.636696370874935155e+03
4.038396367414850829e+03
3.716776064354597224e+02
3.417492488599542639e+02
2.293921952024351867e+03
2.237254886210248515e+03
3.184679942646508607e+03
3.533036363986509059e+03
7.331443340692673701e+03
1.008981345549203866e+03
2.856303683898913732e+03
2.620855521512600262e+03
7.992827807959739630e+02
2.925165217042887434e+03
2.589877300696474322e+03
2.072215581064114758e+03
2.339586429986995427e+03
1.246232135567767273e+03
3.217056770964433099e+02
2.138216998182315820e+03
6.475378413155647195e+02
8.167581532548401810e+02
1.597807539747237570e+03
1.308492059673194717e+03
1.807974198828990495e+02
1.177677350067676940e+02
9.369137505243347732e+02
1.363166238104961849e+03
1.870466425029335824e+03
1.218749594003234051e+03
1.173256097907982621e+03
3.965052658071879819e+02
4.049427430995212944e+02
1.051954706480891218e+03
1.547423233801533115e+03
1.330863755502218055e+03
1.238345246589478847e+03
1.871900283914054626e+03
2.344434561962169937e+03
1.467172523885325745e+03
1.680981555510074713e+03
4.531315604055570816e+02
6.618152082866012051e+02
2.666257237356189307e+03
8.396294792564477802e+02
2.964540785603230688e+02
2.852248533476503098e+02
4.177686296424235479e+03
6.724645141223156770e+02
1.675184691136462789e+03
5.155884333663525467e+02
1.590436914801013700e+03
4.119054576367681875e+03
4.930696795977418105e+02
5.999477039172865034e+02
9.208942466499433976e+02
1.562396900685122773e+03
3.627819147634431374e+03
8.906491042140791023e+02
1.991419973353524938e+03
1.546970001154087186e+03
1.786819230883413638e+03
5.109969153535101213e+03
3.116987735789184626e+03
2.012114120198021283e+03
4.047948606818799817e+02
1.905060597343314157e+03
1.684108111621683975e+03
6.859753338561431519e+02
9.313322560971213534e+03
4.234144423270593506e+03
2.740398152371285050e+03
2.427666244828569234e+03
2.582964674807511187e+02
2.285440096972612992e+03
6.377232832164246247e+03
4.365094641619427421e+03
7.991399722302170403e+02
2.583226071193096800e+02
2.043293191119872517e+03
6.970941880388638765e+02
9.705319117444620360e+02
3.197468678991191609e+03
1.450521118351271525e+03
1.748733174011998017e+03
2.508015527640420260e+03
1.956563735039457015e+02
1.812398260142813797e+03
3.321510074956275275e+03
4.222075376974310075e+02
1.188405998713375084e+03
8.291308705644649990e+02
1.491133419429526839e+03
8.204720068190329130e+02
7.314950940984022054e+02
5.405355786320876632e+02
4.322201661617093123e+03
1.438683793158371145e+03
3.278482827669704875e+03
8.433610979155899940e+02
1.824230423439865262e+03
1.292711652757448746e+03
8.146661744031162016e+02
2.557030807585922958e+03
5.008761281420208888e+02
8.728047344016164288e+02
1.605820341586059158e+03
1.140607167295238327e+02
1.923670235844446324e+03
6.265631330610436635e+03
1.808697603807457426e+03
2.725121827886948154e+02
9.931616745493759026e+02
1.062992502323606459e+03
6.551245112700621576e+02
1.319262319560707283e+03
1.833944259724285644e+02
8.880444411241142006e+02
6.879510346153565479e+02
1.518261190847835678e+03
2.930349649938297716e+03
2.022872289154574901e+02
5.252170034482415986e+02
1.411454699319452175e+03
1.176688550993502076e+03
1.250369762044864274e+03
1.403332772452489962e+03
5.056845628794280287e+02
1.064024922268788032e+04
7.709066397973800804e+02
1.661062964878040702e+03
5.113163271600784356e+03
1.178930744223473539e+03
1.221660480323426100e+03
1.497259918512651780e+02
7.044286232738583067e+02
1.135328563606447574e+02
9.077337115244765755e+02
1.567619836695965205e+03
1.910135354392338968e+03
1.321026402963955661e+03
3.317744038699603948e+02
nan
1.004701069992135217e+03
7.950741523483798119e+02
3.392700327465477585e+03
3.576356187838085589e+03
7.706411772051844764e+02
9.172879018691900228e+02
9.609197674078690170e+02
1.525582902423576570e+03
9.584274798521514640e+02
9.018659225958558636e+02
7.322515144127310123e+02
2.069076607603650700e+03
3.807879551673464448e+03
2.021679016488466459e+03
7.393810253907823835e+02
2.135207646382035364e+03
2.220731967181062373e+03
8.542561198906053050e+02
2.095804388821671182e+03
1.401555250450614494e+03
6.587490840010374313e+02
4.376418671015390487e+02
7.813933839930634804e+02
2.423374941125502119e+03
2.169174498106317515e+03
2.055673134443461095e+03
1.076699058666162728e+03
1.992840982109434265e+02
2.713809994731840561e+03
7.494402881480795031e+02
8.392651941819724470e+02
2.609480587922876566e+03
1.577953910828035760e+03
2.257836927694690985e+03
9.775878676361038515e+02
1.206472445769054048e+03
3.084002287336713835e+02
6.506067188074989645e+02
7.063648087204586545e+02
1.700163854596779856e+03
1.149702084473047989e+03
3.441468813009425958e+03
5.165041711240501172e+02
4.652606974430710807e+02
1.041226346302977248e+02
4.178440948127908086e+03
5.972387308490050373e+02
1.687576384050023989e+03
1.281162376202828000e+03
5.462417917168899066e+02
1.448847993954440653e+03
3.190183535163206670e+03
4.321632960073088725e+02
3.292623803605943067e+03
2.558946321088253171e+03
8.866490498902047648e+02
3.363519826301142075e+02
4.025035417362611838e+02
8.516214483302992448e+02
8.678665580486592717e+02
2.458493937274888594e+03
1.146106067500543531e+03
2.149978961997066108e+03
4.991964126372826286e+03
2.144763639254020291e+03
1.270019656699078723e+03
3.607233495883338605e+02
2.056647802278153904e+03
1.693786803757454663e+03
4.787059343699164629e+02
3.449876485182885062e+03
7.722487170703033144e+02
7.885026463855075463e+02
5.852131138160311821e+02
5.871475782237828298e+02
1.693627717640614947e+03
1.999241717368995751e+03
4.335722934144879218e+03
1.459440939734039148e+03
5.029588717326596452e+02
7.442677658975115946e+02
1.844087354124663989e+03
6.510682866946660852e+02
2.953857738961563427e+03
2.149929262245803727e+02
1.016388462614753166e+03
1.493002561408437032e+03
9.437158378977298980e+02
4.342547506546467275e+02
2.855129509222557317e+03
2.949251603413816156e+03
7.775497607671653668e+02
1.041670157639027593e+03
3.875068446463050350e+03
4.017416646468759041e+02
5.983652155143624896e+02
5.256671919046427774e+02
2.398365661297181759e+03
1.421975915958983705e+03
5.477709835623982144e+02
4.420367823804446061e+02
1.274432880426325738e+02
9.841088883059103409e+02
8.933194144145656992e+02
1.447487729333417292e+03
2.939987254637060801e+02
2.247662230542363886e+03
1.473551697420087294e+03
1.532945200152829329e+03
7.447660347398883687e+02
3.708099434180412572e+03
3.034470403184552652e+02
2.182142772200039417e+03
1.346674891209795078e+03
7.420919177524806400e+02
9.251714847239663868e+02
6.835028167637169645e+02
1.207515990519836123e+03
1.523177106007429529e+03
1.153226071376623395e+03
7.082125441944606791e+03
4.862129992835424446e+02
8.660515764139269095e+02
3.165744871758801764e+03
1.579211663878634226e+03
4.083476698044426030e+03
7.810607505257975163e+02
2.047699563289475009e+03
3.745056402798628596e+02
4.250827506583407853e+02
2.868331922004565968e+03
1.405449527059160800e+03
5.036019913097794074e+02
5.140721295720396483e+03
6.343721348454836289e+02
3.509686783292348537e+03
2.048656071365019216e+03
2.252814935420850588e+02
1.797336211982693840e+03
1.072885624027794802e+04
2.663803992074245457e+02
3.412226007125548222e+03
1.773305366165796158e+03
1.250312636779756758e+03
7.397194015828446254e+02
1.828580464426481512e+03
1.685411340374745350e+03
3.049135453911964305e+03
3.105950215360820494e+03
9.445282809780176194e+02
1.609857473767540796e+03
1.417576967703780326e+02
4.532034747016720075e+02
3.034059451334042478e+03
7.841374371333544104e+02
2.036708424232398556e+03
7.524318692199478846e+02
5.500365183857358033e+02
9.702351805340326791e+02
1.764141440492245238e+03
4.756991688312253359e+02
1.158968129748425326e+03
3.024368599920149336e+03
1.312524624790909684e+03
8.856207105918248317e+02
1.459597199054220710e+03
7.899938046847136093e+02
8.440105490509611172e+02
1.685677639306739138e+03
2.168177487506272882e+03
1.584225789964656542e+03
1.263312531183158853e+03
1.335631191205424557e+03
2.744669739405374912e+03
9.270652578262703400e+02
3.345940403809665440e+03
1.696356417437220898e+03
7.891765606711558121e+02
7.738156857868360703e+02
1.716292018488429221e+03
3.870723498879250997e+02
1.560808517351344790e+03
1.942490165941416535e+03
5.381709876609922958e+02
1.369527141643954337e+03
1.724005144983831087e+03
3.286532137257212980e+03
1.685434408304066892e+03
1.785769777235552738e+02
6.329706687252486290e+02
9.824877277367431816e+03
3.917861134229545428e+02
3.044004644442894005e+03
2.679733585745966593e+02
1.006407601867887479e+03
1.633594874970205183e+03
4.184274619929536129e+03
1.503344076823962041e+03
2.165566556236376528e+03
2.264829231197904846e+03
3.249149047169461483e+03
4.433271927586670813e+02
6.886543265137061098e+02
4.480161100369339238e+02
2.294272600767974836e+03
2.621458400645429265e+03
1.400428071217572551e+03
1.484539803461719430e+03
1.200136965289544150e+03
5.779734598725739261e+02
1.426732548923177774e+03
1.033903212480347520e+03
2.089264416391258976e+02
9.166831565283717964e+02
1.920744981864776491e+03
5.471939965715978360e+02
8.512861596272581437e+02
3.153749548518798065e+02
4.685874376024798948e+02
1.306933778851017451e+03
6.317855521890103319e+02
1.474376185363265904e+03
8.790550991336253901e+02
9.827165539983367353e+02
1.670353783893158095e+02
1.611344494791658008e+03
6.204306143200351471e+02
1.630301733195397446e+03
8.192626568645508087e+03
1.382160860490372443e+03
1.677544747253293963e+03
1.579115600772602420e+03
1.037937408183393245e+03
1.115829995378078138e+03
4.650007903847639454e+02
2.953857738961563427e+03
1.015194021315308532e+03
2.237276008449225628e+02
5.143754045036778280e+02
9.164053465924009743e+02
6.237520851570228615e+02
1.861860747395548970e+03
5.306742925192554594e+02
4.116561341733932267e+01
3.580461716009196152e+03
1.488408261665111695e+03
5.835227671435978891e+02
8.651194536819409677e+02
2.231265248392400053e+02
4.902803921184734008e+02
1.894265755889298816e+03
5.787927189996079505e+03
2.318253937098308143e+03
7.562033630905391874e+03
1.671699919628759289e+03
3.798218543029106513e+03
1.466918130015876841e+03
1.084333472011233607e+04
5.624857307578810861e+01
1.804750554321530444e+03
2.168455568103553105e+03
1.161791566852886262e+03
4.716970804616747159e+02
1.497335467367102183e+03
3.957312320728158284e+03
7.638009441011075751e+02
3.080890882901371128e+02
2.991705952383078056e+03
1.437814916479993599e+03
3.275607534196970846e+03
1.022775984461468170e+03
1.108028887459073758e+03
7.721484558487361483e+01
2.358832882946139762e+02
2.871949662863541107e+03
1.407908970178327309e+03
1.312016528777443909e+03
2.646502248467375580e+02
1.106811462338582032e+03
5.364250353721278771e+03
4.309198992199460463e+02
4.296391938682912723e+02
1.904756475494872348e+03
4.602763750163087934e+03
3.114467977753897685e+02
3.228207362278498749e+03
1.089192238375723946e+03
2.144947898692953004e+03
1.427923495234588927e+03
1.022253387938627156e+03
3.506802711796125550e+03
1.505628325743058440e+02
5.586452122670967583e+03
3.253607408430953569e+02
2.430836043097212382e+02
9.212310008002131099e+02
4.487748637854103322e+02
1.247826135170109865e+03
6.894658326845971033e+02
5.561932199042487355e+02
3.315670712753650150e+03
1.339676079927830870e+02
1.006419388220205406e+03
1.198566197680760155e+02
3.418181459781282683e+03
1.959630912966848655e+03
1.124234222933123874e+03
8.702367624267700421e+02
6.229256489814439419e+02
1.510662227519145063e+03
3.151990249067383047e+03
8.860607864619532847e+03
1.765543687135325854e+03
4.860407824287273797e+03
6.315749060936681190e+02
4.873860115342678796e+02
1.222398213484148528e+03
2.239655376099522982e+03
5.172329253698795810e+02
2.043607075368700407e+03
1.146635207261253527e+03
2.526343077714068954e+02
1.064793356259327311e+03
1.057548866590332409e+03
2.072418916577771142e+03
5.768892430920531069e+02
1.608061411542177893e+03
1.541391328278710944e+03
9.339534506914150143e+02
4.046768914224934974e+02
7.195512216541768566e+02
3.564598424124492340e+02
1.126214937799409341e+02
6.113699893984725122e+02
2.327546970295870324e+03
3.489465621368329266e+03
4.996127069518757935e+02
2.465227371662098903e+03
2.379501035803491050e+03
1.144647375335682455e+03
3.613267851961949191e+02
3.485416060764031045e+03
1.664080673299949012e+03
1.165111457627236632e+03
6.318827235917894996e+02
6.027983351006570274e+02
3.346664842502666943e+03
2.440200058717437514e+03
1.592023607181194222e+02
2.228016564569831189e+03
1.260800688459399908e+03
1.166201814587051786e+03
3.143721056755771770e+03
4.159570586328299555e+02
1.712015706695690369e+03
1.241362617064734195e+03
3.667995792675328175e+03
1.143248284919626030e+03
6.572998224839955128e+02
2.213687420732680494e+03
4.429129984796665553e+02
7.131512114097015456e+02
6.064918059846712595e+02
1.134329742839186565e+03
4.322669716226264995e+02
8.035188938813445247e+02
8.105285410955181078e+02
1.719892950656313360e+03
1.364641734473308588e+03
1.104637008761481411e+03
9.380237168075108229e+02
8.652893613640476360e+02
4.294573998070484322e+02
1.181652030847912101e+03
1.096873205716602342e+03
1.054048475755882691e+03
1.550058297347032521e+03
4.055507779103157304e+02
1.841835183695452315e+03
4.545272465892484774e+02
8.417209366747377999e+02
1.551950530446312314e+03
3.466470733748238899e+02
5.595274466093296724e+02
1.815156153245886230e+02
2.907108911697318945e+03
1.934702088315619619e+02
2.166762090822502159e+03
1.595800945321137306e+03
6.417367633186445346e+02
2.448039558443506849e+03
4.196420799558701447e+02
3.602025489401928553e+02
1.892022075847863107e+03
1.302882369900996309e+03
6.803046879994972187e+02
1.780506982764553413e+03
3.578016941868751928e+03
8.636184837761967401e+02
6.765544506033068046e+02
7.537103552905465449e+02
1.214972336697937862e+03
1.163700265692425091e+03
1.396701068608078003e+03
1.825255759694231983e+03
2.167288188262621134e+03
1.142031038728928706e+03
5.588073239462930815e+02
5.574492909108516159e+01
7.457197077550132462e+02
5.082363124736610189e+03
4.194608025763149612e+02
1.051556986947227870e+03
4.330134626467390262e+03
2.314392481571325106e+02
3.163288446368620725e+02
8.485752314103058325e+02
3.122371085684842001e+03
2.427326396944426108e+02
2.240161621514748276e+03
1.670060978414360989e+03
3.055596792731868391e+03
4.953031059560481708e+02
2.864283051467078167e+03
2.031192139719573561e+03
3.902502025559236699e+03
2.605022640189120921e+03
1.199049967206571409e+03
7.791577636532061888e+02
1.950956746980110665e+03
1.830759988707142440e+02
4.521433424718497918e+03
4.692917559907866689e+02
1.407458803445259036e+03
6.217774982399558894e+02
1.701602084807930623e+03
3.629974296373811171e+02
1.541428626967893933e+03
2.112163893716150142e+03
1.150923692436071633e+03
1.853929674560394687e+03
1.879360650150224046e+03
2.551907786207861136e+03
1.352601175876390016e+03
9.757798239315752653e+02
3.517243994130198644e+03
8.303295865294592204e+02
1.064684670094757621e+03
2.940600237353084481e+02
2.053320938883367489e+03
1.657302808539071748e+03
6.007656741996707979e+02
2.630966824749950320e+04
1.165664499597927033e+03
1.080815572522438060e+03
2.274012255619979896e+03
9.734345410720982272e+02
2.540133005057457922e+03
2.228605746581718449e+03
2.243153638906231208e+03
5.531646091939461257e+03
1.122513864443472812e+03
2.299165711300256021e+02
2.129583164487917202e+03
2.188244379122488226e+03
4.646497080431404356e+03
1.059060323326877551e+03
1.480436483697238373e+03
7.012943990585224583e+02
2.557030807585922958e+03
1.251585847067499117e+03
1.560794250738831124e+03
2.854523265726637646e+02
2.707310857912536903e+03
1.277579142504092033e+03
1.110981191253138149e+03
1.451452156222075246e+03
5.733004352904288226e+02
2.951149286807343586e+01
8.891504551399921183e+02
1.532605742739650168e+03
2.280169340825324525e+03
3.337066384421814860e+02
1.229066557756469138e+03
1.651986451736329116e+02
1.986488082253768425e+03
1.240941849897184511e+03
4.154803452821850442e+03
7.575537201088948223e+02
2.479052958735593165e+03
1.207654690170684489e+03
1.376436544840777287e+03
4.040609352819166702e+02
3.660059778403591736e+03
1.220382500504201289e+03
2.341315006203507437e+03
3.737795012751936383e+02
2.857663122407309402e+03
4.360817124603422599e+02
1.281870768621743764e+03
6.419881038424491635e+02
1.056533794425967244e+03
1.011647670167919159e+03
1.445901643031888000e+02
7.691511533892954731e+02
3.646236803049081914e+02
1.976116938001074459e+03
2.239584302391940582e+03
3.163365249749351733e+03
5.960767324848021644e+02
3.047137698813045290e+02
1.089135778411276760e+03
1.699643165179538471e+02
8.126214265055040187e+02
1.731731737005587092e+03
1.725222381804526890e+02
1.156859430554711480e+03
3.775494973319847759e+03
4.529073425743614280e+03
2.150616839993047051e+03
1.467579750311690304e+03
3.556140279491640399e+02
3.138617357931945662e+03
9.523290780728063964e+02
1.981441392896964260e+02
8.610089200446772111e+02
4.608385230253546069e+03
1.957717330020754162e+03
2.909260576113651496e+03
1.713211971621349448e+03
1.760852300476357414e+03
1.056612257544179784e+03
3.374052212757622328e+03
2.033852353860138692e+03
1.089496378077581767e+03
5.270138640031940440e+02
1.114667382780372918e+03
7.425891092414993864e+02
9.197474303966404250e+02
2.124588984280388559e+03
2.733754310658117447e+03
1.467217271510123737e+03
1.978232646060913794e+03
7.288664710310911232e+02
3.096110719076866189e+03
2.255225460953339280e+03
4.202218664395667474e+03
1.911777395468690884e+03
1.492892961576430025e+03
1.685271910434540587e+03
1.592482180000940616e+03
1.276315543179900033e+03
1.446728050864584702e+03
1.643781571633977592e+03
3.954511079018548685e+02
8.019193113975981078e+02
1.884768301374336033e+03
2.685492762517613755e+03
2.421274279978627874e+03
5.756781789322956683e+03
3.001595014681230168e+03
3.291099710891445739e+03
4.292467961368841316e+03
4.279182559326134651e+03
7.143113010112924712e+02
5.809018099116168514e+02
5.642564486914817934e+01
7.396285622691025310e+02
2.241536613167902033e+03
1.304164481964987999e+03
1.004582529328116721e+03
2.824925251193311055e+02
1.781530794538931104e+03
2.572555077074215205e+03
4.879095195313514637e+02
1.192800652396322675e+03
1.537647246777717100e+03
5.331379918238377513e+02
3.881415715304304285e+03
1.687918315323045817e+03
3.307716561949611673e+02
2.588013349464720704e+03
4.772942922245412660e+02
5.612363955344407032e+02
2.823733580750578312e+03
7.931948475449278249e+02
1.607071327204691215e+03
2.263484641731379725e+03
9.413918139669045786e+02
4.487369027753074988e+03
2.037272200136221272e+03
3.751256357953853353e+02
1.730132053343485723e+03
3.440328315629332792e+03
6.214259032676623065e+02
7.786279575386238321e+02
1.366971300101781253e+03
9.305380028103375025e+02
6.725820430599982274e+02
9.973686275773341094e+02
1.215895242749598992e+03
1.077100150177517889e+03
1.354855151389741195e+03
1.275801460528058897e+03
2.197107186790616652e+03
2.507306007400296721e+02
1.457716804748617278e+03
1.352636664283171967e+03
1.222500536013377769e+03
6.572998224839955128e+02
1.083068260793580748e+03
2.100094544222682487e+02
5.172168772077118319e+02
5.510925621548536810e+02
1.575261741551842647e+02
2.732551215923208474e+02
1.594835384196442874e+03
1.966432477616578353e+03
4.520968478871187472e+03
8.428504893992042071e+02
1.183713351994825189e+03
7.148237901044830096e+02
1.174722056121132027e+03
1.926966068157343216e+03
8.372171213252282769e+02
3.422217336523545782e+03
5.975456271613209083e+02
2.696841242091262529e+02
1.667516894374490732e+02
2.673526359350801158e+02
1.059115945799242127e+03
5.874830254263514462e+02
3.783982434907059655e+02
8.598761344137969900e+02
7.091406556725175960e+02
5.785972622285506617e+01
3.042613406021285755e+03
1.643432751236741979e+03
6.108086246297792968e+03
6.406682339165321537e+03
7.830562028238931589e+02
1.022374211256940953e+03
2.398637732798409161e+03
1.661814492775182316e+03
1.041238284652597486e+03
2.126122359732546101e+03
1.585718400996025366e+03
2.468747223001594193e+03
1.328173861168663962e+03
7.467956985632376927e+02
1.391831351584595268e+03
7.351186660095426078e+02
4.533937434655508127e+02
1.858313494765161295e+03
8.151457023556288277e+02
4.217277167563941020e+02
1.333029744520521490e+03
1.897880176331213306e+03
1.903730218660957405e+02
2.839089043403812411e+03
3.794089102344315506e+03
1.724496379783269049e+02
7.332355120123305596e+02
1.399526335350939689e+03
1.629624325941521192e+03
1.651293370458779748e+02
5.969352858660133734e+02
7.663061349080907121e+02
2.378439747827272583e+02
4.870696942262514284e+01
8.945048133635037857e+02
5.458437791684913236e+02
1.576105011143602496e+03
1.504685984820852354e+03
9.028599766945785632e+02
2.337267277482137615e+03
6.027669382026828316e+03
1.164486319908142150e+03
7.349129185846821883e+02
4.213269481191508135e+02
4.802138332936129927e+02
1.100312656949097118e+03
8.692779538883894475e+02
1.213623035648145105e+02
1.344069928808350369e+03
2.922201338637407389e+03
1.449687930380188618e+03
3.185031621331849692e+03
1.388144587036621260e+03
1.764537717428917631e+03
1.441283275176189136e+03
8.541982805690935265e+02
6.950532948665493223e+02
4.561223889611844129e+02
1.491337541517764862e+02
4.222743040038008075e+03
2.273422224669936895e+03
1.273137520632616770e+03
3.437449543516841914e+03
1.891839408191711755e+03
1.283328622237685067e+03
8.155063571849686923e+02
5.021314998586917682e+02
3.044636251264329530e+03
2.412528855956929874e+03
2.066077417729354693e+03
1.568354112722440505e+03
9.290289798818380405e+02
5.464670381367002392e+02
2.421229615228978673e+03
7.411571048035785907e+02
1.569915922083287796e+03
1.701377253410273624e+03
1.816672823423816681e+03
4.668115888459168673e+03
2.372664990039663735e+03
1.279316007804120318e+03
1.779674262711834672e+03
1.654883254558812723e+03
6.138976708432813894e+02
5.781904846594303308e+03
1.070137862413563653e+03
2.198035517852796374e+02
4.462918700441894543e+03
6.708456828431577378e+03
1.138188113929005567e+03
1.006745435217212048e+03
3.663730275205522048e+03
1.570567501193965199e+03
1.359699711336553491e+03
4.603506431470378857e+01
1.764819226006672807e+03
4.732418264493107017e+03
1.503899602502761752e+02
1.297337842356665760e+02
1.299539152432404762e+03
6.857011606574991447e+02
7.129456808866312940e+02
4.473225224509829786e+03
2.516855791595124174e+03
5.666345883148524081e+02
2.048331126495792887e+03
7.881751122327457324e+02
2.346623418892624159e+03
2.609480587922876566e+03
5.574261413118755399e+02
4.350393195322961219e+03
1.590593802248847169e+03
6.984261046816510543e+02
8.180184005101134517e+02
2.351732646814800773e+03
7.813110636469031078e+02
4.901821815865811800e+02
5.072140147893064750e+02
8.255414561550431074e+01
6.998232284620687551e+02
3.189957368023867275e+03
7.443196022404205223e+02
5.009422022591572272e+02
8.843839093622213113e+03
1.036233389620467960e+03
2.188542250676805907e+03
6.417367633186445346e+02
2.060428078742202615e+03
3.923475803012484448e+03
9.811055195908271571e+02
4.284027934316584833e+03
4.438500814742908005e+03
9.097966111594483891e+02
9.217298461536191780e+02
7.350399148450142093e+02
2.390208677132073092e+02
1.178059831871126335e+03
