1.400000000000000000e+01
5.000000000000000000e+00
nan
nan
8.000000000000000000e+00
7.000000000000000000e+00
1.300000000000000000e+01
nan
nan
nan
6.000000000000000000e+00
9.000000000000000000e+00
nan
nan
5.000000000000000000e+00
nan
nan
nan
nan
nan
nan
nan
1.000000000000000000e+01
7.000000000000000000e+00
nan
9.000000000000000000e+00
8.000000000000000000e+00
nan
nan
7.000000000000000000e+00
8.000000000000000000e+00
nan
nan
1.900000000000000000e+01
nan
nan
nan
9.000000000000000000e+00
nan
1.200000000000000000e+01
1.100000000000000000e+01
7.000000000000000000e+00
nan
1.000000000000000000e+01
nan
nan
nan
8.000000000000000000e+00
nan
6.000000000000000000e+00
nan
nan
nan
nan
nan
nan
1.400000000000000000e+01
1.600000000000000000e+01
nan
nan
7.000000000000000000e+00
1.400000000000000000e+01
nan
1.800000000000000000e+01
8.000000000000000000e+00
7.000000000000000000e+00
nan
nan
nan
1.400000000000000000e+01
8.000000000000000000e+00
1.300000000000000000e+01
nan
nan
8.000000000000000000e+00
nan
9.000000000000000000e+00
nan
nan
nan
nan
7.000000000000000000e+00
1.000000000000000000e+01
nan
nan
1.200000000000000000e+01
nan
1.000000000000000000e+01
5.000000000000000000e+00
8.000000000000000000e+00
9.000000000000000000e+00
nan
nan
nan
nan
8.000000000000000000e+00
nan
nan
3.000000000000000000e+00
1.500000000000000000e+01
8.000000000000000000e+00
nan
1.500000000000000000e+01
nan
nan
nan
nan
6.000000000000000000e+00
nan
7.000000000000000000e+00
nan
1.100000000000000000e+01
nan
7.000000000000000000e+00
5.000000000000000000e+00
9.000000000000000000e+00
1.100000000000000000e+01
1.100000000000000000e+01
nan
1.200000000000000000e+01
nan
1.200000000000000000e+01
nan
6.000000000000000000e+00
1.000000000000000000e+01
nan
nan
6.000000000000000000e+00
2.000000000000000000e+00
nan
nan
nan
nan
nan
nan
nan
nan
nan
8.000000000000000000e+00
nan
4.000000000000000000e+00
6.000000000000000000e+00
nan
nan
7.000000000000000000e+00
3.000000000000000000e+00
1.100000000000000000e+01
1.000000000000000000e+01
nan
nan
nan
1.000000000000000000e+01
1.300000000000000000e+01
1.100000000000000000e+01
nan
1.000000000000000000e+01
nan
nan
nan
nan
1.000000000000000000e+01
7.000000000000000000e+00
nan
nan
8.000000000000000000e+00
1.960000000000000000e+02
8.000000000000000000e+00
8.000000000000000000e+00
1.200000000000000000e+01
4.000000000000000000e+00
nan
nan
1.400000000000000000e+01
9.000000000000000000e+00
1.000000000000000000e+01
4.000000000000000000e+00
nan
1.000000000000000000e+01
9.000000000000000000e+00
nan
nan
nan
1.200000000000000000e+01
nan
6.000000000000000000e+00
1.100000000000000000e+01
8.000000000000000000e+00
nan
nan
7.000000000000000000e+00
6.000000000000000000e+00
9.000000000000000000e+00
9.000000000000000000e+00
nan
nan
1.500000000000000000e+01
1.000000000000000000e+01
nan
7.000000000000000000e+00
3.000000000000000000e+00
9.000000000000000000e+00
7.000000000000000000e+00
nan
1.100000000000000000e+01
nan
nan
nan
7.000000000000000000e+00
nan
nan
1.100000000000000000e+01
nan
9.000000000000000000e+00
1.700000000000000000e+01
1.200000000000000000e+01
9.000000000000000000e+00
nan
nan
1.200000000000000000e+01
4.000000000000000000e+00
7.000000000000000000e+00
7.000000000000000000e+00
nan
6.000000000000000000e+00
8.000000000000000000e+00
nan
nan
nan
nan
nan
nan
nan
nan
nan
nan
1.000000000000000000e+01
nan
5.000000000000000000e+00
nan
nan
9.000000000000000000e+00
1.300000000000000000e+01
nan
nan
nan
1.500000000000000000e+01
1.000000000000000000e+01
1.100000000000000000e+01
5.000000000000000000e+00
7.000000000000000000e+00
nan
7.000000000000000000e+00
1.200000000000000000e+01
nan
8.000000000000000000e+00
8.000000000000000000e+00
nan
nan
1.200000000000000000e+01
1.100000000000000000e+01
1.000000000000000000e+01
nan
nan
1.300000000000000000e+01
nan
7.000000000000000000e+00
7.000000000000000000e+00
5.000000000000000000e+00
1.400000000000000000e+01
1.200000000000000000e+01
nan
5.000000000000000000e+00
nan
1.300000000000000000e+01
1.000000000000000000e+01
nan
nan
nan
nan
1.300000000000000000e+01
nan
1.200000000000000000e+01
6.000000000000000000e+00
1.200000000000000000e+01
nan
nan
nan
1.950000000000000000e+02
nan
nan
nan
8.000000000000000000e+00
nan
3.000000000000000000e+00
nan
nan
nan
2.000000000000000000e+00
1.200000000000000000e+01
6.120000000000000000e+02
5.000000000000000000e+00
nan
nan
1.500000000000000000e+01
9.000000000000000000e+00
7.000000000000000000e+00
1.300000000000000000e+01
1.000000000000000000e+01
nan
nan
7.000000000000000000e+00
nan
1.100000000000000000e+01
6.000000000000000000e+00
8.000000000000000000e+00
nan
nan
nan
nan
nan
7.000000000000000000e+00
nan
nan
6.000000000000000000e+00
6.000000000000000000e+00
1.300000000000000000e+01
nan
5.000000000000000000e+00
1.000000000000000000e+01
nan
nan
7.000000000000000000e+00
nan
nan
6.120000000000000000e+02
1.500000000000000000e+01
nan
nan
nan
7.000000000000000000e+00
nan
7.000000000000000000e+00
1.200000000000000000e+01
nan
nan
nan
1.100000000000000000e+01
nan
nan
nan
7.000000000000000000e+00
nan
nan
1.100000000000000000e+01
nan
9.000000000000000000e+00
nan
8.000000000000000000e+00
nan
1.200000000000000000e+01
nan
6.000000000000000000e+00
nan
7.000000000000000000e+00
9.000000000000000000e+00
1.000000000000000000e+01
nan
9.000000000000000000e+00
1.000000000000000000e+01
nan
nan
1.000000000000000000e+01
4.000000000000000000e+00
nan
9.000000000000000000e+00
nan
nan
nan
1.950000000000000000e+02
1.200000000000000000e+01
nan
nan
5.000000000000000000e+00
1.200000000000000000e+01
nan
1.200000000000000000e+01
8.000000000000000000e+00
6.000000000000000000e+00
nan
8.000000000000000000e+00
1.100000000000000000e+01
3.000000000000000000e+00
nan
nan
5.000000000000000000e+00
nan
1.400000000000000000e+01
1.200000000000000000e+01
1.000000000000000000e+01
nan
nan
nan
nan
4.000000000000000000e+00
1.300000000000000000e+01
nan
nan
5.000000000000000000e+00
1.300000000000000000e+01
7.000000000000000000e+00
nan
9.000000000000000000e+00
1.600000000000000000e+01
1.100000000000000000e+01
1.500000000000000000e+01
nan
5.000000000000000000e+00
1.100000000000000000e+01
8.000000000000000000e+00
nan
nan
9.000000000000000000e+00
7.000000000000000000e+00
nan
9.000000000000000000e+00
nan
6.000000000000000000e+00
nan
1.100000000000000000e+01
1.000000000000000000e+01
nan
nan
6.000000000000000000e+00
nan
nan
nan
1.100000000000000000e+01
nan
nan
3.000000000000000000e+00
1.000000000000000000e+01
9.000000000000000000e+00
nan
nan
9.000000000000000000e+00
7.000000000000000000e+00
1.400000000000000000e+01
nan
1.400000000000000000e+01
nan
nan
nan
nan
6.000000000000000000e+00
nan
2.000000000000000000e+00
nan
nan
9.000000000000000000e+00
nan
1.100000000000000000e+01
1.200000000000000000e+01
nan
1.000000000000000000e+01
1.100000000000000000e+01
1.100000000000000000e+01
9.000000000000000000e+00
8.000000000000000000e+00
5.000000000000000000e+00
nan
nan
nan
1.400000000000000000e+01
nan
nan
1.000000000000000000e+01
nan
nan
8.000000000000000000e+00
1.200000000000000000e+01
6.000000000000000000e+00
1.500000000000000000e+01
8.000000000000000000e+00
7.000000000000000000e+00
1.100000000000000000e+01
nan
1.300000000000000000e+01
1.000000000000000000e+01
1.000000000000000000e+01
4.000000000000000000e+00
7.000000000000000000e+00
nan
7.000000000000000000e+00
nan
9.000000000000000000e+00
nan
nan
7.000000000000000000e+00
8.000000000000000000e+00
nan
8.000000000000000000e+00
nan
nan
nan
8.000000000000000000e+00
1.400000000000000000e+01
nan
nan
1.000000000000000000e+01
3.000000000000000000e+00
nan
nan
nan
nan
nan
nan
nan
nan
4.000000000000000000e+00
1.100000000000000000e+01
nan
nan
1.700000000000000000e+01
8.000000000000000000e+00
nan
4.000000000000000000e+00
1.100000000000000000e+01
6.000000000000000000e+00
9.000000000000000000e+00
9.000000000000000000e+00
nan
1.000000000000000000e+01
nan
1.400000000000000000e+01
7.000000000000000000e+00
8.000000000000000000e+00
nan
nan
nan
5.000000000000000000e+00
nan
1.200000000000000000e+01
nan
1.400000000000000000e+01
nan
nan
8.000000000000000000e+00
nan
nan
1.100000000000000000e+01
1.100000000000000000e+01
nan
nan
nan
1.300000000000000000e+01
nan
nan
nan
nan
1.300000000000000000e+01
nan
6.000000000000000000e+00
nan
1.000000000000000000e+01
nan
7.000000000000000000e+00
nan
9.000000000000000000e+00
1.000000000000000000e+01
nan
1.100000000000000000e+01
nan
6.000000000000000000e+00
nan
6.000000000000000000e+00
nan
nan
nan
nan
nan
9.000000000000000000e+00
6.120000000000000000e+02
nan
5.000000000000000000e+00
nan
1.100000000000000000e+01
1.400000000000000000e+01
nan
nan
nan
nan
nan
nan
nan
6.000000000000000000e+00
9.000000000000000000e+00
nan
1.100000000000000000e+01
1.100000000000000000e+01
nan
7.000000000000000000e+00
7.000000000000000000e+00
1.100000000000000000e+01
3.000000000000000000e+00
nan
1.200000000000000000e+01
1.000000000000000000e+01
nan
9.000000000000000000e+00
6.000000000000000000e+00
6.000000000000000000e+00
8.000000000000000000e+00
1.200000000000000000e+01
nan
nan
nan
nan
4.000000000000000000e+00
nan
nan
nan
nan
nan
1.300000000000000000e+01
nan
nan
nan
nan
1.100000000000000000e+01
5.000000000000000000e+00
5.000000000000000000e+00
nan
1.100000000000000000e+01
nan
9.000000000000000000e+00
nan
1.300000000000000000e+01
1.200000000000000000e+01
nan
nan
9.000000000000000000e+00
nan
6.120000000000000000e+02
nan
nan
1.000000000000000000e+01
6.000000000000000000e+00
nan
nan
7.000000000000000000e+00
nan
8.000000000000000000e+00
8.000000000000000000e+00
nan
5.000000000000000000e+00
9.000000000000000000e+00
5.000000000000000000e+00
1.300000000000000000e+01
nan
6.000000000000000000e+00
nan
9.000000000000000000e+00
nan
7.000000000000000000e+00
nan
nan
1.950000000000000000e+02
8.000000000000000000e+00
nan
6.000000000000000000e+00
1.000000000000000000e+01
9.000000000000000000e+00
1.100000000000000000e+01
nan
6.000000000000000000e+00
nan
nan
8.000000000000000000e+00
1.200000000000000000e+01
nan
4.000000000000000000e+00
6.000000000000000000e+00
1.000000000000000000e+01
7.000000000000000000e+00
nan
6.000000000000000000e+00
nan
1.100000000000000000e+01
nan
nan
1.200000000000000000e+01
6.000000000000000000e+00
5.000000000000000000e+00
nan
1.200000000000000000e+01
nan
nan
1.000000000000000000e+01
nan
5.000000000000000000e+00
5.000000000000000000e+00
nan
1.000000000000000000e+01
nan
1.000000000000000000e+01
nan
5.000000000000000000e+00
1.500000000000000000e+01
7.000000000000000000e+00
7.000000000000000000e+00
nan
1.100000000000000000e+01
nan
1.000000000000000000e+01
6.000000000000000000e+00
nan
nan
9.000000000000000000e+00
5.000000000000000000e+00
1.200000000000000000e+01
nan
9.000000000000000000e+00
nan
9.000000000000000000e+00
nan
1.000000000000000000e+01
nan
nan
nan
1.200000000000000000e+01
nan
nan
nan
1.400000000000000000e+01
9.000000000000000000e+00
nan
nan
nan
9.000000000000000000e+00
1.100000000000000000e+01
nan
nan
nan
7.000000000000000000e+00
1.100000000000000000e+01
nan
7.000000000000000000e+00
nan
nan
nan
4.000000000000000000e+00
1.100000000000000000e+01
5.000000000000000000e+00
1.000000000000000000e+01
nan
nan
nan
nan
6.120000000000000000e+02
1.100000000000000000e+01
nan
nan
nan
nan
6.000000000000000000e+00
nan
nan
5.000000000000000000e+00
nan
nan
nan
6.000000000000000000e+00
9.000000000000000000e+00
3.000000000000000000e+00
nan
8.000000000000000000e+00
9.000000000000000000e+00
1.500000000000000000e+01
nan
nan
1.100000000000000000e+01
nan
8.000000000000000000e+00
nan
nan
nan
nan
nan
1.100000000000000000e+01
nan
nan
4.000000000000000000e+00
6.000000000000000000e+00
nan
7.000000000000000000e+00
nan
8.000000000000000000e+00
8.000000000000000000e+00
nan
1.100000000000000000e+01
9.000000000000000000e+00
4.500000000000000000e+01
nan
nan
1.300000000000000000e+01
1.600000000000000000e+01
1.100000000000000000e+01
nan
9.000000000000000000e+00
nan
nan
6.000000000000000000e+00
nan
1.100000000000000000e+01
8.000000000000000000e+00
nan
9.000000000000000000e+00
1.000000000000000000e+01
nan
1.100000000000000000e+01
nan
1.100000000000000000e+01
nan
1.300000000000000000e+01
nan
1.000000000000000000e+01
1.500000000000000000e+01
nan
nan
nan
1.100000000000000000e+01
nan
1.200000000000000000e+01
nan
1.000000000000000000e+01
1.000000000000000000e+01
7.000000000000000000e+00
1.200000000000000000e+01
9.000000000000000000e+00
1.100000000000000000e+01
1.000000000000000000e+01
nan
nan
nan
8.000000000000000000e+00
9.000000000000000000e+00
nan
1.400000000000000000e+01
nan
8.000000000000000000e+00
9.000000000000000000e+00
5.000000000000000000e+00
7.000000000000000000e+00
nan
7.000000000000000000e+00
nan
3.000000000000000000e+00
1.300000000000000000e+01
nan
1.200000000000000000e+01
nan
nan
1.100000000000000000e+01
1.200000000000000000e+01
1.100000000000000000e+01
7.000000000000000000e+00
nan
6.120000000000000000e+02
nan
nan
nan
1.000000000000000000e+01
nan
nan
nan
nan
1.200000000000000000e+01
1.000000000000000000e+01
8.000000000000000000e+00
nan
nan
4.100000000000000000e+01
1.100000000000000000e+01
3.000000000000000000e+00
nan
1.000000000000000000e+01
nan
nan
nan
nan
9.000000000000000000e+00
nan
7.000000000000000000e+00
nan
nan
1.100000000000000000e+01
9.000000000000000000e+00
1.200000000000000000e+01
nan
4.000000000000000000e+00
nan
nan
nan
4.000000000000000000e+00
nan
nan
nan
nan
1.100000000000000000e+01
nan
nan
nan
nan
nan
1.000000000000000000e+01
6.120000000000000000e+02
nan
9.000000000000000000e+00
nan
nan
1.000000000000000000e+01
1.200000000000000000e+01
nan
nan
nan
1.100000000000000000e+01
1.300000000000000000e+01
nan
3.000000000000000000e+01
7.000000000000000000e+00
nan
nan
1.900000000000000000e+01
nan
nan
1.400000000000000000e+01
nan
1.100000000000000000e+01
nan
nan
nan
1.300000000000000000e+01
1.400000000000000000e+01
4.000000000000000000e+00
nan
5.000000000000000000e+00
8.000000000000000000e+00
nan
nan
nan
6.000000000000000000e+00
nan
nan
1.100000000000000000e+01
9.000000000000000000e+00
nan
nan
1.400000000000000000e+01
1.000000000000000000e+01
8.000000000000000000e+00
8.000000000000000000e+00
1.100000000000000000e+01
9.000000000000000000e+00
nan
1.100000000000000000e+01
nan
9.000000000000000000e+00
7.000000000000000000e+00
nan
9.000000000000000000e+00
9.000000000000000000e+00
nan
nan
8.000000000000000000e+00
6.000000000000000000e+00
nan
1.000000000000000000e+01
nan
1.400000000000000000e+01
6.000000000000000000e+00
7.000000000000000000e+00
nan
nan
1.500000000000000000e+01
1.100000000000000000e+01
9.000000000000000000e+00
9.000000000000000000e+00
nan
1.000000000000000000e+01
nan
nan
nan
8.000000000000000000e+00
nan
1.200000000000000000e+01
nan
nan
1.100000000000000000e+01
nan
5.000000000000000000e+00
