2.535363463630993920e+03
2.036573266343451223e+03
nan
nan
2.772079992605179996e+03
2.188058808446510739e+03
1.409339203902567306e+03
nan
nan
nan
1.032723658584510986e+03
4.755974917849079247e+03
nan
nan
1.977631499368353388e+03
nan
nan
nan
nan
nan
nan
nan
1.061450561472367554e+04
1.798606235486875903e+03
nan
2.331363766293629396e+03
2.170859357012741384e+03
nan
nan
2.648456655965324444e+03
2.926074454296276144e+03
nan
nan
2.490380648008472235e+03
nan
nan
nan
3.124428468522280127e+03
nan
4.039046549831463153e+02
6.239932501171963850e+03
1.236857290118004812e+03
nan
5.830669214297306553e+02
nan
nan
nan
1.059687566205528356e+03
nan
7.079886791588101005e+02
nan
nan
nan
nan
nan
nan
4.578016209181781051e+03
1.589198470036692925e+03
nan
nan
4.424202276992076804e+03
3.826673181351980020e+03
nan
1.096797343784982559e+03
4.289233801085049890e+03
4.022458473326794774e+03
nan
nan
nan
3.148776902751303169e+03
7.762814234053312248e+03
1.522935680422003770e+03
nan
nan
4.991312057644213382e+03
nan
2.631044147516066005e+03
nan
nan
nan
nan
5.585574783845828279e+03
4.231248439399363406e+02
nan
nan
2.136164879480315903e+03
nan
3.011486996190741365e+02
4.953788279181818325e+03
2.121792857498515787e+03
3.923983991207484905e+03
nan
nan
nan
nan
5.104610918941680211e+03
nan
nan
4.591518427998211109e+02
2.964745504887328934e+03
4.877649488523986292e+03
nan
1.422562464790447621e+03
nan
nan
nan
nan
4.362080708542760476e+03
nan
2.557033261860271978e+03
nan
1.753500064263372451e+03
nan
3.794167301152680011e+03
1.100389886996360246e+03
2.114389609843725793e+03
2.951142962184888802e+03
1.996500882984319333e+03
nan
2.586617670096392885e+03
nan
3.624021481465055331e+03
nan
8.267864161662417928e+02
1.392853211357553391e+03
nan
nan
1.368513531877274363e+04
6.090557181614003639e+02
nan
nan
nan
nan
nan
nan
nan
nan
nan
2.360729303828486081e+03
nan
1.297010673784974699e+02
3.515333192053527910e+03
nan
nan
2.421848010140082806e+03
5.402991659183107913e+02
1.179242984949636821e+03
4.303045133843950680e+03
nan
nan
nan
3.528768510898464683e+03
2.304399620558502647e+03
2.618780733140309167e+03
nan
8.664909723745955716e+02
nan
nan
nan
nan
6.050675151022356886e+02
2.844954480699402211e+03
nan
nan
3.848892883544112919e+03
nan
4.911439116427422960e+03
2.921849833733030664e+03
2.768857017487337089e+03
1.120887456551909509e+03
nan
nan
7.511482310173147425e+02
2.249925840225700085e+03
1.410641245764522637e+03
1.359446265778088673e+03
nan
1.152384128856486313e+03
1.022909462608256831e+03
nan
nan
nan
9.756963666984426027e+02
nan
4.501408994616038399e+03
9.206462566388174764e+02
3.347902438142909432e+03
nan
nan
4.508227799635061274e+03
9.958741875738633098e+03
4.008940334553714365e+03
1.574550386475624464e+03
nan
nan
1.672437171620882964e+03
1.763280481264381478e+03
nan
2.103685748058307126e+03
8.471456827947532702e+02
6.263505745712902353e+03
5.712586065723204229e+03
nan
4.754561513443199146e+03
nan
nan
nan
7.788755814441426992e+03
nan
nan
3.651279736435753421e+03
nan
7.589989351135937795e+03
8.000132497590096818e+02
1.552007682189710295e+03
6.017466603159159604e+02
nan
nan
5.683429044545032411e+02
1.372075157857399745e+03
1.169510251885412572e+03
4.316193500402668178e+03
nan
1.712270305416134534e+03
4.377158869583281557e+03
nan
nan
nan
nan
nan
nan
nan
nan
nan
nan
5.599123558760430797e+02
nan
6.221043354668855727e+02
nan
nan
8.032123309139811681e+03
7.125473936685149283e+02
nan
nan
nan
3.662679511967343842e+03
2.859326209087167172e+03
1.161769155642672558e+03
3.602403155727017293e+03
2.218779463444664998e+03
nan
5.894860900229438812e+03
2.034473135714390764e+03
nan
4.110787922679748590e+03
1.359689063901933878e+03
nan
nan
2.307504550841342734e+03
1.351979887823232957e+03
1.156250214854697106e+03
nan
nan
1.282078881848244691e+03
nan
6.251791965509520196e+03
1.523079859078916343e+03
6.045603891110926043e+02
2.409991566628671990e+03
1.255880888059728250e+03
nan
1.665235830261144883e+03
nan
1.386949749995592583e+03
1.409168594417562645e+03
nan
nan
nan
nan
2.319731064865348344e+03
nan
7.383135889803617147e+02
3.273661698909269035e+03
1.698431528550842131e+03
nan
nan
nan
nan
nan
nan
nan
1.911593191253536588e+03
nan
8.998554933409631076e+02
nan
nan
nan
2.343778062092942491e+03
2.281351738419768935e+03
nan
1.344926823388951107e+03
nan
nan
3.000528589369089332e+03
1.934007525161458034e+03
5.055852558210093775e+03
1.128969504100815357e+03
2.816802077524273500e+03
nan
nan
4.543534836519807868e+03
nan
3.759309004236732108e+03
4.038695290847315846e+03
3.233878790516847403e+03
nan
nan
nan
nan
nan
8.044890233732337492e+02
nan
nan
1.582671080085196991e+03
1.425905909606848809e+03
2.068709092640226572e+03
nan
1.310954131541187053e+03
4.443044655109360065e+03
nan
nan
9.186103084955615486e+03
nan
nan
nan
2.143865248124593563e+03
nan
nan
nan
3.377647396055449917e+03
nan
1.054357629378784623e+03
3.185722108572591878e+03
nan
nan
nan
2.068168913485437770e+03
nan
nan
nan
1.482605061502194758e+03
nan
nan
2.160315241772831541e+03
nan
2.296304866032178325e+03
nan
9.262563759020799807e+02
nan
9.219447978761195372e+02
nan
1.911671874413554406e+03
nan
8.500143554756914455e+02
1.388036679716739627e+03
5.475828813300979164e+03
nan
3.889439608448331455e+03
2.118272312658509691e+03
nan
nan
1.881141272370903152e+03
3.219848046217700357e+03
nan
3.072732178890452815e+03
nan
nan
nan
nan
1.079121119282882773e+03
nan
nan
1.824903459355476116e+03
1.877809228266159153e+03
nan
7.370082589888039593e+02
4.372876855407632320e+03
2.289161094115572723e+03
nan
1.974517587257050536e+03
1.769085431996011721e+03
2.961307962313926055e+03
nan
nan
1.909377248936817523e+03
nan
4.161726541937311595e+03
3.468759983422517053e+03
5.612977837495338918e+02
nan
nan
nan
nan
2.628356524698266185e+03
6.731268237627848976e+03
nan
nan
2.558562878802555588e+03
2.064238646127008451e+03
4.181256922113035216e+03
nan
3.199889368879944413e+03
2.024774599225803058e+03
5.779255731467134865e+03
1.358193557050271011e+03
nan
1.597319926020205457e+03
3.527996446355806711e+03
6.700113360689526417e+03
nan
nan
2.293749134184878130e+03
3.381951118396362745e+03
nan
2.272695486352151420e+03
nan
6.791497025817063331e+03
nan
1.032489233879236963e+03
6.945699604274169360e+03
nan
nan
6.498265323289367188e+03
nan
nan
nan
7.040235110451810669e+02
nan
nan
8.108029825644240418e+02
1.612381673815241811e+03
3.344669512939719880e+03
nan
nan
2.362780368041680049e+03
2.385740174780267353e+03
1.471743180149134787e+03
nan
7.226534508481831836e+02
nan
nan
nan
nan
1.228530412850222547e+03
nan
1.799898972892816801e+03
nan
nan
1.617095137049746882e+03
nan
5.018768028499757179e+02
nan
nan
1.110480014891816791e+04
2.125639712640564539e+03
7.221347998991157056e+02
8.892984507625528749e+02
2.204794129468549272e+03
8.355757222256150953e+02
nan
nan
nan
1.550324081829911620e+03
nan
nan
1.869253379017417274e+03
nan
nan
8.285645499194160948e+02
5.926646588673580709e+02
3.759643153319481826e+03
3.116026195256570190e+02
5.519455705833845059e+03
5.277555970162917220e+03
1.781937226058995748e+03
nan
1.213437803227464610e+04
2.657629490309341236e+03
2.838941006316078983e+03
1.186560767890698571e+02
2.755655717886649654e+03
nan
6.014553233586457281e+02
nan
1.883168303247902486e+03
nan
nan
5.580481712648978601e+02
4.815421427361310634e+03
nan
5.047663322551326019e+03
nan
nan
nan
1.537470236938030894e+03
3.729946737623776244e+03
nan
nan
7.701938345115285074e+02
4.826337446365876076e+02
nan
nan
nan
nan
nan
nan
nan
nan
2.902069767897007750e+03
2.825327119262731230e+03
nan
nan
5.271543327560656280e+02
2.853888864795098016e+03
nan
8.973385872030382870e+02
1.344162162662457831e+03
1.387236485007130341e+03
7.976258718662882075e+02
4.951418876760558305e+03
nan
3.291929243345128953e+02
nan
4.155138811579132607e+02
2.248389904353667134e+03
1.916063102535345251e+03
nan
nan
nan
3.343467585251537002e+03
nan
2.365149362108264995e+03
nan
3.486774875750931528e+02
nan
nan
2.111515034544008813e+03
nan
nan
4.731574724107099428e+03
7.409017405127237907e+03
nan
nan
nan
1.201494659854908377e+03
nan
nan
nan
nan
1.598753742317211390e+03
nan
1.719520499088870110e+03
nan
2.229059001677947435e+03
nan
1.468676304168154047e+03
nan
7.708182033925142605e+03
1.991100521392138944e+03
nan
1.339214974205578528e+03
nan
8.434138592324836736e+02
nan
1.497896892889056744e+03
nan
nan
nan
nan
nan
2.964560738736744042e+03
nan
nan
2.104016585605739238e+03
nan
1.332830385642935880e+03
2.102362623604072724e+03
nan
nan
nan
nan
nan
nan
nan
1.614897513003513041e+03
1.686158859350484136e+03
nan
1.473840901527477854e+03
2.201201010031894839e+03
nan
1.133841288871426514e+03
3.357475426777209577e+03
2.340666182479175859e+03
1.950684838457913656e+03
nan
6.112965038853382111e+02
1.395913896758516557e+03
nan
1.060361133060506745e+03
5.481356312346106279e+02
2.647496520910673098e+03
2.642910676133539710e+03
1.614866872948734226e+03
nan
nan
nan
nan
4.167802011107497719e+02
nan
nan
nan
nan
nan
1.651230226079679142e+03
nan
nan
nan
nan
1.263970841526816912e+03
4.694093588276126866e+03
2.498850927977717220e+03
nan
4.102478670998151529e+02
nan
1.156631977620296993e+03
nan
2.142999258963910961e+03
1.225337657855848875e+03
nan
nan
2.670163302330546230e+03
nan
nan
nan
nan
1.150084267983580503e+03
3.829691774427738437e+03
nan
nan
5.142082218383703548e+03
nan
2.905836020108997673e+03
1.194232530497626612e+03
nan
1.139067262620290876e+03
1.501075112947999969e+03
3.699535051722281423e+03
4.165465796026696808e+03
nan
5.848581278644290251e+03
nan
1.260279138310589587e+03
nan
9.825928552215806121e+03
nan
nan
nan
5.366371680257036132e+03
nan
1.813999817677987267e+03
9.111315984678232098e+02
5.359330604744211996e+03
7.895201242023297254e+02
nan
3.955447518539762314e+03
nan
nan
3.683031029094497626e+03
5.356002316075407634e+02
nan
1.786377334615622203e+03
1.251715621268683662e+03
6.742437579204581652e+02
2.888160463165240344e+03
nan
1.388500957604391488e+03
nan
2.623208595036482166e+03
nan
nan
3.358120375745428987e+02
1.425870729787646951e+03
6.408082543450109370e+03
nan
1.471068567454894492e+03
nan
nan
5.032903431781249310e+03
nan
1.839216264209003612e+03
3.619136199515392946e+03
nan
8.225891712477605324e+02
nan
1.311295984243291286e+03
nan
1.179907103626775779e+03
2.100031327505261288e+03
5.447305781601884519e+03
2.455148611125812749e+03
nan
9.756497080658527921e+03
nan
1.818763576633433104e+03
1.533735453418743646e+03
nan
nan
2.772931280232783138e+03
4.332103150337919942e+03
3.325930191731971490e+02
nan
2.552525694333533465e+03
nan
3.634884071737334580e+03
nan
2.798282710242853682e+03
nan
nan
nan
7.141044055801461354e+02
nan
nan
nan
1.944257080820623742e+03
5.139596002083520716e+02
nan
nan
nan
1.313496440187422877e+03
7.736602306356438021e+03
nan
nan
nan
1.622998131292306880e+03
7.983384328198538242e+03
nan
4.833062957073477264e+03
nan
nan
nan
6.352031644624935325e+02
1.805558365146700226e+03
1.699541297933062651e+03
2.050865547008964313e+03
nan
nan
nan
nan
nan
8.642288825216751320e+02
nan
nan
nan
nan
4.269133638159506518e+03
nan
nan
3.036872809824883007e+03
nan
nan
nan
3.636986516454912362e+03
4.071903344526060664e+03
3.262407912007645905e+02
nan
8.513977502104222594e+02
9.393333447417004436e+02
3.327753628762676726e+03
nan
nan
5.385388871739050956e+03
nan
5.035244854018006663e+03
nan
nan
nan
nan
nan
1.807364799241591527e+03
nan
nan
1.888318756408167701e+03
3.876409894840724519e+03
nan
1.758386520786479878e+03
nan
8.511556878421597503e+03
3.744371352718892012e+03
nan
7.191401248906618093e+03
4.573356774983048126e+03
nan
nan
nan
6.275730811012653021e+02
1.546818813364287450e+02
1.410177615700032675e+03
nan
4.457200532054318501e+03
nan
nan
1.999952986838332663e+03
nan
1.345621758122485971e+03
5.451662909432906417e+03
nan
1.734436807760060447e+03
1.521656388258503512e+03
nan
1.763953735812913692e+03
nan
3.199517997294903580e+03
nan
1.509612286876778853e+03
nan
2.031678162987676615e+03
1.510164820448242608e+03
nan
nan
nan
9.996303460332661643e+02
nan
1.149287176691866307e+03
nan
2.228878818680308996e+03
8.614927238917284740e+02
9.745051167536446428e+02
1.461101304213570074e+03
5.647009984950326725e+03
8.781506053936897160e+02
2.811317045519245767e+03
nan
nan
nan
4.161637206772544232e+03
2.208266002212309559e+03
nan
3.346038388795326682e+03
nan
1.038987750933007419e+03
4.450148115446999327e+03
1.840641013995056483e+03
4.705056550846958089e+03
nan
7.251452879874884275e+03
nan
1.165744710420142383e+03
1.054155066259688965e+03
nan
6.587383755342012819e+02
nan
nan
8.715544169709178277e+02
2.928482748328239268e+03
5.288088228430914342e+02
1.142741390631200829e+03
nan
nan
nan
nan
nan
2.409883892639118130e+02
nan
nan
nan
nan
2.496636776788687712e+03
1.595619114474271100e+03
9.538266538723581789e+02
nan
nan
nan
7.159588168576819953e+02
2.105966020899167233e+03
nan
1.189649715262515429e+03
nan
nan
nan
nan
7.306437574273358223e+03
nan
5.481801832718127116e+03
nan
nan
2.635615483635177497e+03
9.782200612615639557e+02
8.758905496593091584e+02
nan
1.585683873792933980e+02
nan
nan
nan
2.512049281486169718e+02
nan
nan
nan
nan
2.166379835607552195e+03
nan
nan
nan
nan
nan
7.840598545619817514e+02
nan
nan
2.485523904046979169e+03
nan
nan
2.393454049926338030e+03
4.439300099058269552e+03
nan
nan
nan
2.910996606743857683e+03
2.233154191498645105e+03
nan
1.039551151744598428e+03
1.632759701600921289e+03
nan
nan
1.257269850758209714e+03
nan
nan
1.370655232250801419e+03
nan
3.114887738752247060e+03
nan
nan
nan
3.052091633184151760e+03
4.853334261380613839e+02
1.456631798074511380e+03
nan
2.559804811031611280e+03
2.063104002099545596e+03
nan
nan
nan
1.053107062060301132e+03
nan
nan
1.633759011318954663e+03
2.856963103649970435e+03
nan
nan
2.396008366038352960e+03
4.889747941153665352e+02
5.445234564456514818e+03
9.662519111695044558e+03
5.752852152262496475e+02
1.971632350708558988e+03
nan
1.213308803727108170e+03
nan
6.770183601022077710e+03
2.255211207394740086e+03
nan
4.776960302764898188e+03
3.255907123380537087e+03
nan
nan
4.017770509110956027e+03
9.729729959461950784e+03
nan
1.427946001976131129e+03
nan
1.333155010427508387e+03
7.595577456033846602e+02
5.189600007797327635e+03
nan
nan
2.877789650459113091e+03
1.868281529233417132e+03
1.368944611987288226e+03
2.838206766174733730e+03
nan
1.625360752014479885e+03
nan
nan
nan
7.954681652230902728e+03
nan
6.905623931720951077e+03
nan
nan
3.072072652739013392e+03
nan
2.432300501069078109e+03
