5.336671950774042443e+02
7.641939661153725183e+02
nan
nan
7.894568145858643220e+02
1.549232437985311890e+03
2.657252894129128435e+03
nan
nan
nan
2.060900954708482914e+03
7.972782414247526503e+02
nan
nan
7.054030356341148718e+02
nan
nan
nan
nan
nan
nan
nan
6.566060383399967577e+03
1.505902415146364092e+03
nan
3.196570874892947813e+03
9.414780934402217554e+02
nan
nan
3.128082809396467837e+03
1.231846080977814609e+03
nan
nan
3.942077202906059938e+03
nan
nan
nan
8.640079988080486828e+02
nan
3.957193814828333984e+02
2.951606082922680798e+03
6.279011597944435152e+02
nan
3.330586344578933222e+03
nan
nan
nan
2.785150650938286958e+02
nan
6.858897740209596350e+02
nan
nan
nan
nan
nan
nan
2.632472682698896733e+03
2.535734361495587109e+03
nan
nan
2.066010341617011363e+03
2.139702867003044958e+03
nan
1.323839143969201814e+03
1.014124408472247069e+03
5.098375413775953348e+03
nan
nan
nan
4.311066048221943674e+03
1.434418047710205883e+03
3.360310884633072988e+02
nan
nan
2.849551790792451811e+03
nan
8.877057147481502852e+02
nan
nan
nan
nan
3.856096894352059735e+03
1.782986307562384582e+03
nan
nan
6.438810581403141668e+02
nan
1.055810051067163840e+03
5.022072496584092733e+03
2.563070585039619800e+03
1.840679184346707871e+03
nan
nan
nan
nan
2.837138497398215350e+03
nan
nan
2.153281850736686920e+03
6.107163091781250159e+02
4.862677029257630238e+03
nan
1.140399755270629925e+02
nan
nan
nan
nan
1.030789970765107910e+03
nan
6.736128807849176155e+03
nan
3.734151988007128011e+02
nan
8.896326995657549332e+02
1.460035023981158474e+03
1.232231421805546006e+03
1.768347527988358024e+03
4.423479321122308079e+02
nan
1.807541311000163660e+03
nan
2.975478011360516120e+03
nan
9.646354281511735280e+02
2.854596757815089632e+02
nan
nan
1.612832604748104677e+04
6.357102436744861734e+03
nan
nan
nan
nan
nan
nan
nan
nan
nan
5.196653429943343099e+02
nan
1.563205896928610855e+03
4.419662217560135105e+03
nan
nan
5.983612256454946419e+02
2.388278063421063507e+03
5.053987732335578471e+02
3.493278412259140168e+03
nan
nan
nan
3.584110454999386661e+02
8.512644380605723200e+03
7.664151866413469634e+02
nan
9.959674511272260133e+02
nan
nan
nan
nan
1.036748908742031063e+03
1.900253891568178460e+03
nan
nan
1.355785400088388087e+03
2.011258054568315629e+03
2.656746958467663262e+03
4.975896179014056884e+02
3.133081274977695557e+03
8.589734280705478113e+02
nan
nan
2.684418272178840198e+03
2.921945206370938195e+03
5.825343496892061921e+03
2.815332585769603156e+03
nan
2.518384954521669897e+03
1.460653746601870353e+03
nan
nan
nan
1.123732810740340113e+02
nan
6.262819888772067316e+03
1.035143893190106155e+03
1.977952073998134665e+03
nan
nan
2.738016815483666164e+02
2.007500176196316170e+04
5.560902176205504475e+03
2.124387095391019102e+03
nan
nan
8.947151053078275709e+02
1.251821372813092921e+03
nan
1.656775537252888171e+03
3.599561888489880403e+03
1.361317319965058005e+03
8.945349964105589606e+03
nan
4.496584840327742313e+03
nan
nan
nan
1.569475687876110214e+03
nan
nan
2.067805872012961117e+03
nan
5.743522252058919548e+03
1.086736317200540498e+03
1.208193697455227948e+03
9.362256811028140646e+02
nan
nan
8.053359838286662580e+02
3.486919881732040722e+03
1.776768480909132677e+03
1.287539040216259309e+03
nan
8.320008343119937990e+02
3.152744083257863167e+03
nan
nan
nan
nan
nan
nan
nan
nan
nan
nan
6.727794973829691116e+02
nan
5.907995317270623445e+02
nan
nan
7.365511798967539107e+03
1.690259149196364206e+03
nan
nan
nan
7.149391858911372992e+02
2.164940372025313536e+03
1.714988299365767034e+03
7.124689246739251757e+03
1.319623305613939010e+03
nan
3.814255748913226853e+03
2.073050240517803104e+03
nan
1.073356284719510541e+03
3.792560837992066354e+02
nan
nan
1.365600246945259414e+03
5.177089561250152201e+02
5.979394072758547054e+02
nan
nan
5.389113319273897105e+02
nan
2.565701690826745562e+03
3.445993624950942376e+03
7.552602262078170270e+02
3.026250580048814300e+03
2.670432498347299770e+03
nan
3.019963703248817183e+03
nan
1.902914365692107822e+03
2.685572941897230521e+03
nan
nan
nan
nan
9.648794706359846032e+02
nan
8.387329788656325036e+02
2.644619051828229658e+03
2.470090475728838101e+03
nan
nan
nan
1.753543997181151894e+02
nan
nan
nan
2.027619276781123290e+03
nan
1.358388804211773731e+03
nan
nan
nan
4.456834759149638785e+02
1.069424586238665370e+03
9.879142391925486208e+02
8.691059139742155821e+02
nan
nan
1.171114313210357523e+03
9.145941975989488810e+02
5.525430148269826532e+03
2.078159749391391870e+03
6.786235168910412540e+03
nan
nan
6.794437564427327061e+02
nan
3.757056812509397332e+03
9.304911767803201883e+02
2.710371529395262314e+03
nan
nan
nan
nan
nan
6.759165435622944642e+02
nan
nan
1.084342853116229435e+03
1.445909918739616387e+03
2.194205616836090485e+03
nan
1.469793182453907320e+03
1.952174953079344505e+03
nan
nan
1.079894721610590523e+03
nan
nan
9.879142391925486208e+02
2.313846245796786206e+03
nan
nan
nan
1.476840172208060721e+03
nan
2.375978221630383359e+03
3.741688009527398663e+03
nan
nan
nan
1.863017887031572627e+03
nan
nan
nan
4.693102685390163060e+02
nan
nan
1.169256665199948202e+03
nan
1.002250523537587583e+03
nan
6.339921596210272128e+02
nan
5.170504076044531985e+02
nan
1.191379045389694738e+03
nan
7.036150332758477361e+02
6.393649520341193693e+02
7.283056828408974980e+03
nan
2.405122592873649410e+03
2.940620855621991268e+03
nan
nan
1.987371729523613794e+03
6.492758195407499215e+02
nan
1.704627698057576481e+03
nan
nan
nan
1.753543997181151894e+02
2.066073113216017134e+02
nan
nan
4.611974169870715627e+02
1.568095203231123833e+03
nan
8.017953266088500186e+02
2.957556370948469521e+03
2.229340699581291119e+03
nan
3.964326420496042829e+02
2.116936696767657224e+02
1.225875322437168325e+04
nan
nan
4.265974782649657755e+03
nan
1.060306142664476738e+03
2.835293178732104934e+03
1.454168120859622832e+03
nan
nan
nan
nan
1.218699384519893840e+02
5.251369834899548550e+03
nan
nan
8.551908548638048160e+02
3.151395795731925773e+03
3.385548510093555251e+03
nan
1.885001049078943424e+03
6.599390606857512012e+02
9.234475194492513765e+03
5.354072898745731663e+02
nan
2.443819508651296928e+03
2.763346102474528379e+03
8.126471918520865984e+03
nan
nan
1.248172949072172742e+03
2.645555738475674843e+03
nan
1.117531383293969384e+03
nan
9.337522493672296378e+02
nan
1.068831079956102258e+03
3.128829857083184834e+03
nan
nan
4.131497930851869569e+03
nan
nan
nan
1.155407486191685621e+03
nan
nan
5.523249391126727460e+03
1.043118614166183306e+03
2.934417201137925986e+02
nan
nan
6.352503138049215750e+02
2.004713078626524066e+03
1.903426748957261680e+03
nan
3.507787028811436016e+02
nan
nan
nan
nan
1.700602188231867785e+03
nan
4.613063958903904677e+03
nan
nan
9.216434015556537815e+02
nan
5.938921565918211627e+02
3.276418303942625698e+03
nan
8.798660235912753706e+03
3.025604434753058172e+02
2.065292410539685193e+02
1.788994644681616592e+03
1.540686489349957810e+03
1.190442580768808966e+03
nan
nan
nan
2.383608450022898978e+03
nan
nan
1.261561365943949653e+02
nan
nan
1.015070441940198293e+03
2.389310814777747055e+03
2.082057747531167934e+03
5.994661346680966290e+02
7.652680610461624156e+02
1.275804712746166160e+03
9.376967042380209705e+02
nan
1.250516037866461193e+04
1.432266246307240408e+03
1.772591102233076299e+03
8.234488248281489859e+02
3.531268281935289451e+03
nan
1.486658488168118538e+03
nan
2.637381734614835750e+03
nan
nan
3.666601007514398589e+03
1.071850941757592636e+03
nan
1.796529672185282379e+03
nan
nan
nan
2.141874831291081136e+03
2.278100930979703207e+03
nan
nan
1.047282943032115099e+03
1.688279696588374236e+03
nan
nan
nan
nan
nan
nan
nan
nan
4.915370041005140592e+03
1.909219533547401625e+03
nan
nan
1.167428508673806959e+02
2.337196992063619803e+02
nan
2.100573055082926658e+03
1.197903766668864137e+03
9.342556247583916047e+02
1.548526491953645291e+03
4.856992806304312580e+03
nan
3.534711875951216825e+03
nan
9.365473569560749638e+02
6.763257729629322057e+02
6.211870314103628061e+02
nan
nan
nan
7.766309025632687735e+03
nan
1.368372578448016156e+03
nan
3.053862741393276337e+03
nan
nan
1.116296572357679906e+03
nan
nan
3.980498727497678374e+03
4.465616008899724534e+02
nan
nan
nan
2.142829984499336206e+03
nan
nan
nan
nan
3.622667105375412007e+02
nan
5.360190921018381687e+02
nan
8.581153279484368568e+02
nan
1.007724330924419291e+03
nan
8.366143887822139504e+02
2.240034486788424601e+03
nan
1.903652125483138434e+03
nan
1.122906518781823479e+03
nan
3.262298138370375909e+03
nan
nan
nan
nan
nan
1.282182065028030820e+03
9.879142391925486208e+02
nan
4.670419515948564140e+02
nan
9.927771293088243283e+02
4.216614871128712366e+03
nan
nan
nan
nan
nan
nan
nan
2.718500361268943379e+03
3.116154499623154607e+03
nan
1.506783551315783370e+03
1.450730427419855914e+03
nan
1.762876934760012546e+03
1.824849047294896536e+03
2.234901219349937946e+03
3.593795176598248418e+03
nan
1.686178227845116680e+03
7.615308619918653221e+02
nan
3.406313217908108982e+03
2.854692788947528243e+03
1.911930909023056302e+03
1.129892966047743357e+03
2.870895634263686134e+03
nan
nan
nan
nan
1.975246240703879948e+03
nan
nan
nan
nan
nan
1.244406560404019729e+03
nan
nan
nan
nan
2.158742001867839008e+03
3.675106722915671526e+03
3.044942910006135662e+03
nan
2.788821329449478526e+03
nan
1.337006205780784057e+03
nan
1.708811656731826588e+03
1.692630345723692699e+03
nan
nan
8.294149391385523131e+02
nan
9.879142391925486208e+02
nan
nan
1.281337946229344652e+03
3.039815482672383951e+02
nan
nan
6.030217936023203947e+03
nan
7.174867682949658274e+02
1.159794861591395602e+03
nan
3.938113664541828030e+02
1.387516736482620900e+03
4.885981743468712921e+03
1.803272856305474761e+03
nan
6.034307572280932618e+03
nan
1.132228606248489086e+03
nan
2.021020656800250663e+03
nan
nan
1.753543997181151894e+02
3.275618967346852969e+03
nan
4.187544594553269235e+02
2.296844479576969320e+02
9.468127513091171750e+02
1.162441596543064634e+03
nan
4.867505093243714214e+02
nan
nan
2.974784222068924919e+03
1.732791064654248657e+03
nan
2.091936718569770619e+03
8.964954344082996158e+02
7.882796835286671921e+02
1.965085979656724930e+03
nan
2.278632402264044231e+03
nan
9.406291884552434794e+02
nan
nan
2.576112305951344752e+03
2.655823569259413034e+03
1.080503691300514674e+03
nan
1.846043593178082801e+03
nan
nan
2.466447461531578028e+03
nan
6.191337944171323215e+03
2.323025814106787493e+03
nan
1.639782433671728768e+03
nan
3.539695288421574787e+03
nan
4.799483276179067616e+03
1.718283384325038696e+02
2.069006828837076228e+03
2.433767969695112697e+03
nan
2.169233872717581562e+03
nan
1.461327467343209491e+03
7.667930434341400314e+02
nan
nan
8.762064418959785144e+02
1.369539818172556352e+03
9.703940164287373591e+02
nan
5.577126346599557110e+02
nan
2.185819737138258006e+03
nan
4.822764780310765673e+03
nan
nan
nan
1.142058822322128663e+03
nan
nan
nan
3.560830175194566891e+02
3.818239030288158574e+03
nan
nan
nan
6.077236371456330062e+02
1.282822665556521997e+03
nan
nan
nan
8.186956481861049042e+02
1.269989171367388371e+04
nan
5.324076024621006127e+02
nan
nan
nan
4.867211988162300145e+02
1.232309006143729903e+03
2.642433634947074097e+03
2.732223096412616087e+03
nan
nan
nan
nan
9.879142391925486208e+02
1.335219697663236275e+03
nan
nan
nan
nan
2.498355833963694295e+03
nan
nan
7.098771221405304459e+03
nan
nan
nan
2.396122688294406089e+03
4.872905997847194158e+03
1.356288650580505873e+03
nan
2.137592107926258905e+03
2.330304999381914058e+03
1.112727592382158718e+03
nan
nan
2.111143115590473371e+03
nan
5.454681393350198960e+03
nan
nan
nan
nan
nan
7.228139738651329935e+02
nan
nan
3.029091579433335482e+03
4.252809319517798940e+03
nan
7.601895917743316886e+02
nan
5.722067584377318781e+03
1.235850523148839102e+03
nan
1.941596181052600286e+03
7.069692759295152428e+03
2.942763960601560029e+03
nan
nan
1.079771851667783494e+03
1.543710465438218762e+03
2.751654789627644277e+03
nan
1.016557483236217536e+03
nan
nan
7.525797821792187960e+02
nan
1.422227469861014697e+03
9.327799490260595121e+02
nan
2.052009404488746895e+03
4.187530846597936943e+03
nan
2.431173876996071613e+03
nan
1.784381797429203289e+03
nan
2.446056607638061450e+03
nan
2.296879508947824888e+03
5.699461022648611106e+02
nan
nan
nan
4.741570558803352355e+02
nan
1.370977618850150293e+03
nan
1.798364057646531819e+03
2.403236661471775733e+03
1.007999764223055763e+03
1.700876742274458366e+03
3.532896927643847903e+03
4.887724707306590517e+02
3.637276927800427075e+03
nan
nan
nan
4.532282305641397215e+02
2.865166204067815556e+02
nan
9.831749577165429628e+02
nan
1.258066955050414663e+03
1.993176604856308131e+03
1.828913341625475141e+03
3.392698239131664195e+03
nan
5.368170768008461891e+03
nan
8.264342545655606500e+02
4.882738465441806284e+02
nan
2.157793496153276919e+03
nan
nan
7.576883535387257780e+02
1.091759652934840005e+03
5.899535266514626528e+03
1.185711020703719669e+03
nan
9.879142391925486208e+02
nan
nan
nan
8.157187497313321956e+02
nan
nan
nan
nan
2.645790332650573191e+02
2.722650815987201440e+02
2.878819083089156834e+02
nan
nan
3.702426626146825129e+03
1.030318447244006620e+03
1.295953419421646322e+04
nan
8.755274527679333687e+02
nan
nan
nan
nan
1.184067304870779708e+03
nan
2.902903553078992445e+03
nan
nan
7.062350093513957745e+02
3.081462571409140764e+03
1.428398687221564614e+03
nan
8.696452442942867265e+02
nan
nan
nan
3.995359560544662145e+03
nan
nan
nan
nan
1.177346998801260497e+03
nan
nan
nan
nan
nan
5.925988772887702908e+03
9.879142391925486208e+02
nan
9.283903855164609240e+02
nan
nan
4.111225851632450485e+02
5.874603522930942745e+02
nan
nan
nan
1.063941856240730885e+03
6.550955637700101306e+02
nan
2.600985192356976086e+02
3.616170308182138911e+02
nan
nan
1.120520219019521846e+03
nan
nan
1.093811139571256490e+03
nan
2.107786953725230887e+03
nan
nan
nan
9.101651567207733251e+02
4.860107577388924938e+02
2.729776307854407605e+03
nan
3.854323772184380232e+03
1.049652709769795138e+03
nan
nan
nan
8.761489142919141386e+02
nan
nan
1.721124757343107206e+02
8.132089834240089203e+02
nan
nan
6.561732856185903984e+03
7.262354461893291955e+02
6.063326673024192814e+02
6.177993189273133794e+03
2.412285976770618163e+03
6.078818777229794250e+02
nan
2.221787459544324065e+03
nan
6.000050557645901790e+03
1.245172930916992073e+03
nan
1.735659321042405963e+03
5.503395907028817646e+02
nan
nan
1.323237047623105809e+03
5.852726238329611078e+03
nan
2.818916218916641810e+03
nan
1.505821874956832744e+03
8.337363040295103929e+02
3.703964687073708774e+03
nan
nan
6.736451469207444234e+02
1.296267879590584471e+03
9.052307655778348590e+02
1.145769768035417655e+03
nan
5.539763139605428250e+02
nan
nan
nan
1.124235188077561588e+03
nan
4.170897476729416667e+03
nan
nan
6.442374749095509287e+03
nan
1.178089848110036428e+03
