5.349250749439573288e+07
2.537513030805206299e+07
nan
nan
3.607921414345502853e+07
2.692638502869033813e+07
4.636141634483528137e+07
nan
nan
nan
3.471874007088661194e+07
3.220003102373611927e+07
nan
nan
2.713343068051099777e+07
nan
nan
nan
nan
nan
nan
nan
2.394202506967468262e+08
3.406145903132438660e+07
nan
3.599864146930706501e+07
4.247504366875457764e+07
nan
nan
3.988438974401855469e+07
4.730060538126373291e+07
nan
nan
5.681547300757789612e+07
nan
nan
nan
3.302559554308700562e+07
nan
4.286268778280925751e+07
4.164870467916870117e+07
3.158877986897659302e+07
nan
4.286033392827224731e+07
nan
nan
nan
2.852518660620689392e+07
nan
2.682025440295028687e+07
nan
nan
nan
nan
nan
nan
4.857573991072082520e+07
5.517445682820129395e+07
nan
nan
4.350165238779783249e+07
4.113258421274566650e+07
nan
7.399343073817443848e+07
4.228150906155014038e+07
3.331165306985473633e+07
nan
nan
nan
4.289798334227466583e+07
3.897191591321563721e+07
4.241829207002258301e+07
nan
nan
4.023004476438903809e+07
nan
6.168091452281570435e+07
nan
nan
nan
nan
3.278963188663101196e+07
4.544860145516777039e+07
nan
nan
3.752736386364746094e+07
nan
5.471656720162391663e+07
3.484113462159347534e+07
3.638027581086730957e+07
3.777308277349853516e+07
nan
nan
nan
nan
4.557869864374446869e+07
nan
nan
9.685019124383926392e+06
5.329789620390224457e+07
3.075530804742431641e+07
nan
4.404862504621076584e+07
nan
nan
nan
nan
3.387226735926568508e+07
nan
2.589729295669937134e+07
nan
3.732813021319580078e+07
nan
3.853748045151233673e+07
2.873830164532756805e+07
3.767364821080398560e+07
5.660983642996788025e+07
5.217808438874816895e+07
nan
4.861430400348663330e+07
nan
6.922564643947601318e+07
nan
3.719770511733818054e+07
4.947720060462188721e+07
nan
nan
2.985353448686065674e+08
nan
nan
nan
nan
nan
nan
nan
nan
nan
3.268797856818389893e+07
nan
2.554463177533459663e+07
2.859632015266036987e+07
nan
nan
3.378771373247218132e+07
1.095233527944940329e+07
4.671921484666347504e+07
4.025129532065582275e+07
nan
nan
nan
3.892675657777404785e+07
4.112596717622947693e+07
3.798507706545448303e+07
nan
4.275577076998043060e+07
nan
nan
nan
nan
3.922218488343667984e+07
3.897159487241816521e+07
nan
nan
3.112086757437133789e+07
5.726255807954597473e+07
3.150682254421091080e+07
3.715047617669391632e+07
5.080709589183044434e+07
2.775049853843116760e+07
nan
nan
7.323332907274627686e+07
3.605960296879959106e+07
5.745922344150161743e+07
2.592776485025024414e+07
nan
5.290815850964355469e+07
3.730031867717742920e+07
nan
nan
nan
4.023262972900056839e+07
nan
3.028149282475662231e+07
4.689641677524948120e+07
3.566217855331182480e+07
nan
nan
3.229692330592906475e+07
7.356456637764434814e+08
3.831924093673229218e+07
2.698187298261749744e+07
nan
nan
8.117351586935043335e+07
4.693748705191040039e+07
nan
3.651132495258748531e+07
1.507071355856704712e+07
2.545315756160163879e+07
3.919124665177536011e+07
nan
9.123639013874053955e+07
nan
nan
nan
4.027416792430877686e+07
nan
nan
4.345889800584411621e+07
nan
3.778689819662427902e+07
5.828419588245773315e+07
4.720694913214921951e+07
3.242838498014831543e+07
nan
nan
4.085671702936172485e+07
2.851989590521049500e+07
3.890025133168601990e+07
3.344655691258525848e+07
nan
3.243992769747543335e+07
4.341599537999725342e+07
nan
nan
nan
nan
nan
nan
nan
nan
nan
nan
5.040789295441436768e+07
nan
3.113244700502014160e+07
nan
nan
4.068692516806411743e+07
4.325640103332328796e+07
nan
nan
nan
7.595813780671691895e+07
3.588219712265586853e+07
4.051078021277809143e+07
5.764507044007301331e+07
2.652462600176078081e+07
nan
2.815418333487415314e+07
9.557848131705474854e+07
nan
3.820531934611129761e+07
3.307076868346405029e+07
nan
nan
6.740526673738861084e+07
3.926027951527404785e+07
3.922885046653556824e+07
nan
nan
4.012485881710052490e+07
nan
3.653918222406482697e+07
3.925749856506347656e+07
3.196825775540351868e+07
5.136504475190925598e+07
4.690770519925117493e+07
nan
3.200688634820461273e+07
nan
5.230791984221649170e+07
3.864903283359310031e+07
nan
nan
nan
nan
4.613169285907173157e+07
nan
3.780891017898368835e+07
3.604961364213180542e+07
4.306801126745605469e+07
nan
nan
nan
5.822303228121757507e+07
nan
nan
nan
3.516035660480833054e+07
nan
1.325184201977539062e+07
nan
nan
nan
5.386233280559539795e+07
nan
3.120958117597770691e+07
nan
nan
4.309782783876228333e+07
3.909045542524147034e+07
3.257264998529052734e+07
4.198489955108261108e+07
3.674531034452819824e+07
nan
nan
3.642621946757888794e+07
nan
4.205981078631591797e+07
3.404230681565159559e+07
4.440606415300282836e+07
nan
nan
nan
nan
nan
3.422453927711582184e+07
nan
nan
3.030581471014785767e+07
2.657769830216598511e+07
4.278806151029396057e+07
nan
2.728243684373664856e+07
6.794420864561462402e+07
nan
nan
4.754467000194931030e+07
nan
nan
nan
5.098006330626678467e+07
nan
nan
nan
4.952256433601665497e+07
nan
3.278283548167800903e+07
5.480398206561279297e+07
nan
nan
nan
4.989461482640457153e+07
nan
nan
nan
3.449107980578136444e+07
nan
nan
5.038748350157928467e+07
nan
3.880988354668188095e+07
nan
3.489419255154418945e+07
nan
4.226930652381134033e+07
nan
3.611933579569625854e+07
nan
4.454713528199768066e+07
3.092021972732734680e+07
4.992351118662071228e+07
nan
3.795253691680908203e+07
4.017520763380813599e+07
nan
nan
3.957428019223403931e+07
2.548606026205444336e+07
nan
4.164198554852294922e+07
nan
nan
nan
5.822303228121757507e+07
4.491685350782203674e+07
nan
nan
2.447286769635009766e+07
4.416596851951599121e+07
nan
4.868261143157482147e+07
3.011423510666751862e+07
3.258342298587989807e+07
nan
3.371248923866939545e+07
3.955634024234390259e+07
7.342736424980163574e+06
nan
nan
3.485076202924394608e+07
nan
4.896944522814178467e+07
5.510723052764129639e+07
4.119588278325843811e+07
nan
nan
nan
nan
1.885882103990936279e+07
4.291280882774353027e+07
nan
nan
3.016166787996673584e+07
4.151369904198074341e+07
3.124269279676818848e+07
nan
3.347249858037185669e+07
5.844947840679168701e+07
8.755971297699737549e+07
5.308072041477203369e+07
nan
2.863640242989110947e+07
3.976511301448059082e+07
4.171129821860504150e+07
nan
nan
3.588175037765169144e+07
2.806395984481525421e+07
nan
5.494634839147567749e+07
nan
6.625682018196105957e+07
nan
4.083401522885704041e+07
7.356750267273712158e+07
nan
nan
4.467289364285278320e+07
nan
nan
nan
4.151434224676370621e+07
nan
nan
1.369521105538177490e+07
4.459792435021734238e+07
3.840517631657123566e+07
nan
nan
3.931837038794708252e+07
4.236141673685455322e+07
4.915948027284288406e+07
nan
4.283383772236061096e+07
nan
nan
nan
nan
2.931939430800533295e+07
nan
nan
nan
3.111470010768508911e+07
nan
3.339831531663990021e+07
1.347275588783836365e+07
nan
1.202921784349441528e+08
4.339110634377861023e+07
3.895395404786205292e+07
5.554775092657661438e+07
4.056680937976074219e+07
3.141640206274604797e+07
nan
nan
nan
4.938077037160539627e+07
nan
nan
4.342368300097084045e+07
nan
nan
3.805356381827163696e+07
7.682277053602027893e+07
4.182953271812820435e+07
5.373479152960205078e+07
3.313160897351455688e+07
3.381715410789489746e+07
4.107188508879661560e+07
nan
1.552604793872619629e+09
3.553237530195617676e+07
3.768337024939727783e+07
2.744319101513230801e+07
3.471115220839786530e+07
nan
4.334607931862258911e+07
nan
3.213031243291950226e+07
nan
nan
4.062626774611282349e+07
3.290390771603941172e+07
nan
2.933382488084340096e+07
nan
nan
nan
3.316319763132858276e+07
8.916560946511077881e+07
nan
nan
4.214723923190307617e+07
9.217135720285177231e+06
nan
nan
nan
nan
nan
nan
nan
nan
2.508290427386474609e+07
6.154820802329635620e+07
nan
nan
4.948049043556976318e+07
5.758093864113616943e+07
nan
2.954938523737132549e+07
4.225667974983358383e+07
4.081265165042161942e+07
4.089454606034183502e+07
3.294575509118461609e+07
nan
4.875315004259586334e+07
nan
6.499002778382110596e+07
3.065686747719478607e+07
3.263879539618110657e+07
nan
nan
nan
4.182664764289093018e+07
nan
3.900506332552146912e+07
nan
5.967890422172927856e+07
nan
nan
4.692714814813995361e+07
nan
nan
1.160829536564254761e+08
2.875875478840637207e+07
nan
nan
nan
3.862840812100982666e+07
nan
nan
nan
nan
4.627404442288208008e+07
nan
3.141720427700042725e+07
nan
4.575667133612442017e+07
nan
2.973064308575344086e+07
nan
8.355767041407012939e+07
4.229294794834136963e+07
nan
3.849705442898178101e+07
nan
4.050066457148551941e+07
nan
3.723396302723503113e+07
nan
nan
nan
nan
nan
3.990023555930519104e+07
nan
nan
3.291370483273506165e+07
nan
4.182688855333137512e+07
4.769631881564712524e+07
nan
nan
nan
nan
nan
nan
nan
3.007487651718521118e+07
3.635489492738342285e+07
nan
3.812272723023223877e+07
3.805545743623256683e+07
nan
4.305954513672637939e+07
3.947787357522773743e+07
4.246571511159133911e+07
1.329172084005737305e+07
nan
5.076693567753791809e+07
4.311306490041828156e+07
nan
4.222778631726837158e+07
3.184826388860416412e+07
3.463875865782070160e+07
2.892785581839203835e+07
4.043829308174133301e+07
nan
nan
nan
nan
2.535277422547531128e+07
nan
nan
nan
nan
nan
5.107549808298683167e+07
nan
nan
nan
nan
4.360339503011465073e+07
4.212169075921630859e+07
2.730230721010971069e+07
nan
4.394365668977737427e+07
nan
3.451230266116142273e+07
nan
4.990539502707958221e+07
4.142316468817520142e+07
nan
nan
3.608020554110908508e+07
nan
nan
nan
nan
1.078263570309371948e+08
3.464246224005699158e+07
nan
nan
3.446311259046697617e+07
nan
3.398694504529571533e+07
2.895197885209512711e+07
nan
3.009789660506248474e+07
4.042635403738403320e+07
5.566056998185729980e+07
5.034791030668640137e+07
nan
4.532409714676666260e+07
nan
3.377976784551382065e+07
nan
7.220676833735275269e+07
nan
nan
5.822303228121757507e+07
3.292595708416986465e+07
nan
3.852352615959548950e+07
4.030158635844039917e+07
3.530392852118682861e+07
3.665419141272926331e+07
nan
4.101484997531127930e+07
nan
nan
3.743578093472194672e+07
4.502940308694648743e+07
nan
1.889831546335220337e+07
3.387660467214965820e+07
4.244980058494949341e+07
2.965987103350257874e+07
nan
2.890377069041061401e+07
nan
4.189947669269561768e+07
nan
nan
5.651255029959869385e+07
3.282139327307033539e+07
6.693669097030639648e+07
nan
4.166191945051765442e+07
nan
nan
5.886714759820556641e+07
nan
4.849353269749450684e+07
2.758923173034191132e+07
nan
4.598211319409275055e+07
nan
3.923331273284959793e+07
nan
2.964550321354484558e+07
4.371192004438781738e+07
3.386399613964748383e+07
3.960606515239334106e+07
nan
9.007429096821594238e+07
nan
4.245261204866409302e+07
3.068490844559764862e+07
nan
nan
3.962780708520889282e+07
2.962966910269737244e+07
4.268813750597763062e+07
nan
3.613029258959197998e+07
nan
3.553374649195098877e+07
nan
4.610949014649581909e+07
nan
nan
nan
5.747388104984283447e+07
nan
nan
nan
4.673417530891799927e+07
3.429622914883995056e+07
nan
nan
nan
3.862470662795639038e+07
6.680671707023620605e+07
nan
nan
nan
3.477750477047920227e+07
2.949637183917236328e+07
nan
3.236880840176296234e+07
nan
nan
nan
3.113473343696403503e+07
5.041737182685279846e+07
3.140322841731166840e+07
4.487510639570045471e+07
nan
nan
nan
nan
nan
3.544994495833873749e+07
nan
nan
nan
nan
2.769412929686641693e+07
nan
nan
5.155946583412063122e+07
nan
nan
nan
3.556820083454704285e+07
3.880520639324665070e+07
1.884897481220722198e+07
nan
2.943928964724731445e+07
3.697898833021163940e+07
6.877403830880737305e+07
nan
nan
4.764674483666992188e+07
nan
3.927563702945327759e+07
nan
nan
nan
nan
nan
4.812423320137596130e+07
nan
nan
2.784286912899589539e+07
3.580189046816635132e+07
nan
3.321521081913375854e+07
nan
2.550982276900100708e+07
3.895422547347950935e+07
nan
5.676458919949340820e+07
6.463106269666290283e+07
7.760964291021108627e+07
nan
nan
4.071422041584205627e+07
8.424171011341857910e+07
4.948358606184196472e+07
nan
3.283192500387573242e+07
nan
nan
3.269761102478408813e+07
nan
3.746325686752653122e+07
3.219927934441095591e+07
nan
3.886827527122306824e+07
4.660164994287490845e+07
nan
3.654598961935806274e+07
nan
4.520439227084350586e+07
nan
4.609154612834930420e+07
nan
3.876513146872329712e+07
7.884195685977172852e+07
nan
nan
nan
4.423451053954124451e+07
nan
9.100211570302581787e+07
nan
4.369602034047126770e+07
4.416114358988571167e+07
3.946235526145172119e+07
4.623132285705566406e+07
3.885336297812652588e+07
3.505145213818359375e+07
4.146969270373535156e+07
nan
nan
nan
2.714646523625755310e+07
3.989676056196928024e+07
nan
4.955135288009643555e+07
nan
3.000847064204740524e+07
3.194657922340393066e+07
3.029198400161695480e+07
3.269865431935071945e+07
nan
3.657111901084136963e+07
nan
7.435883733847618103e+06
4.470476945008087158e+07
nan
4.711206380738127232e+07
nan
nan
4.187995548305511475e+07
1.243170780472869873e+08
3.741242333219146729e+07
2.861846988257789612e+07
nan
nan
nan
nan
nan
4.710555859102630615e+07
nan
nan
nan
nan
4.428243420870971680e+07
5.309320401823425293e+07
3.246659049103546143e+07
nan
nan
8.814075705444335938e+07
3.952959382134056091e+07
1.881844242761993408e+07
nan
4.437520580194091797e+07
nan
nan
nan
nan
5.869041152156066895e+07
nan
2.908636221864891052e+07
nan
nan
3.124371940501785278e+07
5.308239966415023804e+07
5.555727101359367371e+07
nan
2.956985212028503418e+07
nan
nan
nan
2.771745375221031904e+07
nan
nan
nan
nan
3.988302401575469971e+07
nan
nan
nan
nan
nan
4.038984431127929688e+07
nan
nan
3.993857488780856133e+07
nan
nan
3.919084314577388763e+07
3.311139063520812988e+07
nan
nan
nan
6.909518208616256714e+07
4.079038111535453796e+07
nan
1.445010292664318085e+08
3.337177428683090210e+07
nan
nan
5.934846438417053223e+07
nan
nan
4.828930065014743805e+07
nan
3.999606503420257568e+07
nan
nan
nan
4.574419680343246460e+07
5.597186749278545380e+07
2.555073126853179932e+07
nan
3.164071623655509949e+07
3.327676646985054016e+07
nan
nan
nan
3.810618419377374649e+07
nan
nan
4.430261396617937088e+07
3.763592034056687355e+07
nan
nan
4.933738163950300217e+07
3.928332823330211639e+07
3.673977455836486816e+07
1.637239265928344727e+08
4.415434250271224976e+07
4.591037069260847569e+07
nan
5.332416030602836609e+07
nan
3.882493019457340240e+07
4.257678813481140137e+07
nan
4.508199214953613281e+07
3.220090836507987976e+07
nan
nan
3.572529266522216797e+07
6.178417677855300903e+07
nan
4.410853777574539185e+07
nan
5.038209340167045593e+07
2.813468540616607666e+07
4.501350897792434692e+07
nan
nan
5.868372493539047241e+07
4.022765342251586914e+07
3.597884190874958038e+07
5.078870103026676178e+07
nan
4.557092311611270905e+07
nan
nan
nan
3.506599002586936951e+07
nan
4.531430885365295410e+07
nan
nan
5.797868202819061279e+07
nan
2.855263654436576366e+07
