5.336671950774042443e+02
1.978240241905556104e+03
nan
nan
2.152575107458315870e+03
2.859237510299273708e+03
6.027281848830345552e+03
nan
nan
nan
3.665406396654386299e+03
7.338248831190957389e+03
nan
nan
2.003478130960903400e+03
nan
nan
nan
nan
nan
nan
nan
1.735697012467555760e+04
5.335195295287991939e+03
nan
6.498463463969209442e+03
4.847668253568206637e+03
nan
nan
2.234796910421906432e+03
2.131849955682308791e+04
nan
nan
5.393292964690674125e+03
nan
nan
nan
8.640079988080486828e+02
nan
3.957193814828333984e+02
1.994327861574123017e+04
2.800013332888092464e+03
nan
1.268038424719381737e+03
nan
nan
nan
2.176029398802990272e+03
nan
2.931502506348210318e+03
nan
nan
nan
nan
nan
nan
1.575169614279008056e+04
3.313033641725199686e+03
nan
nan
5.548276692355410887e+03
5.189854159878504106e+03
nan
7.980813011286465553e+03
2.021251740311729009e+03
6.308612097603524489e+03
nan
nan
nan
1.083364860899222185e+04
1.918786524244392785e+04
7.968855852617820346e+03
nan
nan
2.849551790792451811e+03
nan
9.856600652216189701e+03
nan
nan
nan
nan
1.442912527039158249e+03
3.950139733200326191e+03
nan
nan
2.681303598647799845e+03
nan
7.818830318048516347e+03
9.934296182398622477e+03
3.171360283460603114e+03
5.356459752968985413e+03
nan
nan
nan
nan
1.025968624683444250e+04
nan
nan
2.153281850736686920e+03
1.932601895234675112e+03
2.197317174497481119e+03
nan
2.358797129000548921e+03
nan
nan
nan
nan
1.856374092919541226e+03
nan
2.544124228943532216e+03
nan
3.653886708737567460e+03
nan
8.896326995657549332e+02
3.196505163459268715e+03
4.485448963795915006e+03
2.955727120610623842e+03
4.117490938915334482e+03
nan
1.372214832445087086e+04
nan
1.053835073213965006e+04
nan
9.646354281511735280e+02
9.047019623503671028e+03
nan
nan
3.398530530220132641e+04
6.357102436744861734e+03
nan
nan
nan
nan
nan
nan
nan
nan
nan
5.767984040083365471e+03
nan
1.563205896928610855e+03
9.583232289224817578e+03
nan
nan
5.983612256454946419e+02
7.826249010644768532e+03
1.600039179998245572e+03
3.493278412259140168e+03
nan
nan
nan
1.082012180496771543e+04
2.964131291056122791e+03
1.230041598384485724e+03
nan
6.613092587456716501e+03
nan
nan
nan
nan
3.329167257844484993e+03
3.247304140588725659e+03
nan
nan
1.183408313567896948e+04
2.316902698955354083e+02
5.790606093016274826e+03
9.894840236175370592e+03
1.478454671721206614e+04
8.589734280705478113e+02
nan
nan
2.729130413362351646e+03
5.803118679057182817e+03
3.244823819571556669e+03
7.303286388072358477e+02
nan
5.199073217383868723e+03
5.028845676371181980e+03
nan
nan
nan
4.981908791285718507e+03
nan
7.496431802244568644e+03
1.060175759360292614e+04
5.777581431486574729e+03
nan
nan
1.662990970147842290e+03
1.994315120266623489e+04
9.240371574671469716e+03
6.413074705994282340e+03
nan
nan
9.343827711096275380e+03
1.251821372813092921e+03
nan
2.419578282468653924e+03
1.829901207942426481e+03
3.878651826756030914e+03
8.945349964105589606e+03
nan
4.496584840327742313e+03
nan
nan
nan
3.364451653311323753e+04
nan
nan
3.028299100712220479e+03
nan
3.712304826223294640e+03
4.605256422450004720e+03
3.340703385144683580e+03
9.362256811028140646e+02
nan
nan
2.443836928464792891e+03
3.486919881732040722e+03
1.776768480909132677e+03
7.171840678877139908e+03
nan
5.534236830527290749e+02
7.201339147068291823e+03
nan
nan
nan
nan
nan
nan
nan
nan
nan
nan
4.355269244660881668e+03
nan
2.777559184820398968e+03
nan
nan
1.243513676712047709e+04
1.232285109474369392e+03
nan
nan
nan
1.230603035274415197e+04
4.143713232266130944e+03
1.326088442029376665e+03
6.962820288854319415e+02
8.397301145047027603e+03
nan
3.598518152772968278e+03
1.117624883304263903e+03
nan
5.339932217825562475e+03
4.372273166248302914e+03
nan
nan
7.615470183591873138e+03
1.354895239790083451e+03
2.050860560429274301e+03
nan
nan
5.940464567191675997e+03
nan
2.565701690826745562e+03
5.081741091948313624e+03
2.022276335358015785e+03
3.175462003754908437e+03
2.670432498347299770e+03
nan
4.260647686759449243e+03
nan
1.445804684789490420e+04
1.839690746580887890e+03
nan
nan
nan
nan
3.788136773831578466e+03
nan
1.825624709196385538e+03
1.646229349880230302e+03
1.358884769378750434e+03
nan
nan
nan
1.753543997181151894e+02
nan
nan
nan
2.027619276781123290e+03
nan
2.422874632230719726e+03
nan
nan
nan
4.456807541588096910e+02
2.208300270489215109e+03
9.879142391925486208e+02
1.549997596188416310e+03
nan
nan
1.098129088706634502e+04
6.241580780796562976e+03
5.525430148269826532e+03
1.014982514060565336e+04
4.715397823817521385e+03
nan
nan
4.295895645811110626e+03
nan
1.210573491543794989e+04
3.130915258491690565e+03
2.355100014440334235e+03
nan
nan
nan
nan
nan
6.759165435622944642e+02
nan
nan
3.278126678712304511e+03
1.013072029268501524e+03
4.305589721734675550e+03
nan
1.469793182453907320e+03
2.206868718254540363e+04
nan
nan
1.570374710935572330e+04
nan
nan
9.879142391925486208e+02
2.313846245796786206e+03
nan
nan
nan
1.087881480273499392e+03
nan
3.565085248500908165e+03
6.872287495592606319e+03
nan
nan
nan
1.863017887031572627e+03
nan
nan
nan
6.319455341765068624e+03
nan
nan
1.251717056419070559e+03
nan
2.399180214160930063e+03
nan
6.339921596210272128e+02
nan
3.692244132213491412e+03
nan
7.972574537187384522e+03
nan
6.650364476498682052e+03
2.275591776746959567e+03
1.384037265224459043e+04
nan
6.624919834018110123e+03
8.618776691901874074e+03
nan
nan
6.802201668007321132e+03
1.357057149172582740e+03
nan
2.736184033690590240e+03
nan
nan
nan
1.753543997181151894e+02
7.088301771151823232e+03
nan
nan
1.523325204112146366e+03
2.522658162804869789e+03
nan
2.293341933488049563e+03
1.570825967089047481e+03
5.272764306307926745e+03
nan
1.943793503818811814e+03
5.671041591731847120e+02
6.687611278477885207e+03
nan
nan
4.371799439249026364e+03
nan
1.367376772186822382e+04
3.974583576400629227e+03
3.479412381689173344e+03
nan
nan
nan
nan
1.186337956932431734e+04
5.251369834899548550e+03
nan
nan
1.471920988883494147e+03
6.537618100535762096e+03
9.720669799800207329e+03
nan
6.675624054421601613e+03
1.044358468277130669e+03
2.269706772557984732e+04
4.471401893521285274e+03
nan
8.429652475796610815e+03
1.233844315914466461e+04
1.258367890704449928e+04
nan
nan
8.745622465711524001e+02
2.078828353634764426e+03
nan
7.319190597941462329e+03
nan
2.490306565478496850e+04
nan
1.451704652306163553e+03
1.188872931569152388e+04
nan
nan
1.426912184450552013e+04
nan
nan
nan
7.522932869918117831e+03
nan
nan
4.321385290169193468e+03
2.897869254496985377e+03
1.256902305195456620e+03
nan
nan
1.100105888856572847e+03
2.917815063017492776e+03
2.751124883620890614e+03
nan
3.319778262444854590e+03
nan
nan
nan
nan
2.573554057335588823e+03
nan
4.614113067902942930e+03
nan
nan
2.481957664766833659e+03
nan
1.508880777649569836e+03
4.066829056571099954e+03
nan
4.825292993111167561e+03
8.322425757479761160e+03
6.055814326980070291e+03
2.681802435851305290e+03
2.434950631301128851e+03
1.190442580768808966e+03
nan
nan
nan
1.248924257632926128e+03
nan
nan
9.262856725714361801e+02
nan
nan
4.238773098854140699e+03
5.585226405760123271e+03
8.819728434828723039e+03
2.653324737818839822e+03
7.652680610461624156e+02
4.528944257613212358e+03
4.555767229128486179e+03
nan
4.174204797136309207e+04
9.251569827831530347e+03
6.493174096444109637e+03
4.375022432487736296e+03
2.412154121515823590e+03
nan
8.468539165275329651e+03
nan
9.142373819627623561e+02
nan
nan
3.666601007514398589e+03
1.481862206698519913e+03
nan
2.495532512790510282e+03
nan
nan
nan
1.508645373617036057e+03
2.473611413885614638e+03
nan
nan
1.047282943032115099e+03
2.756179677582084878e+03
nan
nan
nan
nan
nan
nan
nan
nan
4.032961457726675235e+03
6.253664759678121300e+03
nan
nan
2.062909682781091760e+03
1.405784449769932326e+04
nan
2.744099243097567069e+03
1.197903766668864137e+03
5.862754755473714795e+03
6.057619549476437896e+03
4.856992806304312580e+03
nan
3.458162000087320848e+03
nan
7.632186386092967950e+03
5.923374084329650032e+03
5.039560871727094309e+03
nan
nan
nan
3.743803894993051017e+03
nan
1.130521851321035138e+04
nan
6.809661066601892344e+03
nan
nan
6.444881351082000947e+03
nan
nan
3.980498727497678374e+03
3.050966031441241284e+03
nan
nan
nan
2.142829984499336206e+03
nan
nan
nan
nan
8.049505536099978599e+03
nan
7.884790734755850281e+03
nan
1.316032910037420879e+04
nan
1.253661337181916906e+03
nan
1.319437856836500760e+04
2.369396723729004407e+03
nan
3.373472288175979884e+03
nan
4.154715049920988349e+03
nan
6.329524191836732143e+02
nan
nan
nan
nan
nan
1.838513070050636316e+03
9.879142391925486208e+02
nan
4.141368057078301717e+03
nan
2.833816157502078568e+03
7.565666072777029285e+02
nan
nan
nan
nan
nan
nan
nan
2.718500361268943379e+03
4.587378269747218837e+03
nan
5.140978437262237094e+03
2.390171211290162773e+03
nan
2.928800883199409782e+03
1.824849047294896536e+03
6.112860298378986954e+03
5.862745003781292326e+03
nan
1.626663865280976779e+03
3.792899236883855792e+03
nan
6.115932086275331130e+03
3.764569990799088373e+03
6.044651556034174064e+03
1.129892966047743357e+03
4.783510536677732489e+03
nan
nan
nan
nan
1.313220621002168400e+03
nan
nan
nan
nan
nan
5.708449131503848548e+03
nan
nan
nan
nan
9.392246869722512201e+03
6.523765968094604432e+03
5.412260185157629166e+03
nan
5.218535217237300458e+03
nan
6.339995624540340941e+03
nan
2.755638663739942331e+03
2.620266908916479679e+03
nan
nan
8.294149391385523131e+02
nan
9.879142391925486208e+02
nan
nan
1.140330885415631747e+04
4.590847219348471299e+03
nan
nan
2.417705371444460525e+03
nan
2.879540499063573407e+03
3.550772325755743168e+03
nan
3.811045108370389244e+03
6.105116585354595600e+02
8.024623926159993061e+03
1.088099849188935514e+04
nan
1.508259677042142903e+04
nan
2.479004929604070185e+03
nan
2.574712335477008764e+03
nan
nan
1.753543997181151894e+02
3.275618967346852969e+03
nan
9.645919373476946930e+03
3.321048063752602957e+03
2.330645071033829481e+03
3.914753915260742815e+03
nan
1.132018201661060402e+03
nan
nan
2.974784222068924919e+03
3.547304711262946967e+03
nan
6.198310652309491161e+03
1.248453364791209879e+03
1.199073716237624649e+04
2.166711766898945370e+03
nan
2.278632402264044231e+03
nan
1.434284031493274142e+03
nan
nan
5.900426017106192376e+03
2.655823569259413034e+03
1.080503691300514674e+03
nan
2.430622052640779657e+03
nan
nan
3.112458929257226373e+03
nan
7.192280824483867946e+03
2.474782934811823907e+03
nan
1.639782433671728768e+03
nan
1.633704597633730600e+03
nan
5.304678179131016805e+03
8.510712961545026701e+03
6.581865488493096564e+03
1.484961105013946690e+04
nan
3.349200173994279612e+04
nan
8.636988297666794097e+02
1.306449505527093152e+03
nan
nan
8.762064418959785144e+02
1.087502179103996968e+04
2.330251561689322443e+03
nan
2.501733619744891257e+03
nan
1.129568385460441050e+03
nan
1.342932952016186209e+04
nan
nan
nan
6.574577463468823225e+03
nan
nan
nan
3.560830175194566891e+02
9.707387816363567254e+03
nan
nan
nan
6.058758424100745287e+03
4.496059956603612591e+03
nan
nan
nan
4.722150770449653464e+03
1.269989171367388371e+04
nan
6.652690504245621014e+03
nan
nan
nan
3.335655767445963647e+03
2.554057738132577015e+03
5.186384385636230036e+03
8.706491352246133829e+03
nan
nan
nan
nan
9.879142391925486208e+02
8.880530863024649079e+03
nan
nan
nan
nan
9.607703041071195912e+03
nan
nan
7.098771221405304459e+03
nan
nan
nan
3.249647668070717828e+03
7.701606933857232434e+03
1.356288650580505873e+03
nan
3.846037215257458229e+03
1.945861766814251041e+03
8.397842328906383045e+03
nan
nan
1.118508033935148524e+04
nan
3.853755786634987544e+03
nan
nan
nan
nan
nan
5.503307644774005894e+03
nan
nan
5.742318141702297680e+02
4.252809319517798940e+03
nan
2.504699121427184764e+03
nan
1.981148088932178325e+03
4.131119654231431923e+03
nan
2.870181980012659551e+04
1.557814796772659247e+04
1.294379336996028769e+03
nan
nan
5.454075640157044290e+03
3.565548244982569486e+03
4.542091251332423781e+03
nan
1.437897136485578358e+03
nan
nan
6.850101237856233638e+03
nan
6.556745486718706161e+03
7.554211383540090537e+03
nan
2.052009404488746895e+03
4.187530846597936943e+03
nan
1.981161885499276650e+03
nan
1.219924732354167281e+04
nan
5.152995856017477308e+03
nan
1.313490054150684500e+03
6.859950174434147812e+03
nan
nan
nan
3.696272286618548605e+03
nan
6.646202930801511684e+03
nan
1.850583876707392483e+04
2.403236661471775733e+03
1.132412444497349679e+04
6.116354800104923015e+03
3.532896927643847903e+03
1.005452296564842413e+03
3.637276927800427075e+03
nan
nan
nan
4.673196862527030135e+03
2.082379844057486935e+03
nan
1.077909922321706836e+04
nan
3.011539456117958707e+03
5.274026254827172124e+03
4.895028523418606710e+03
3.392698239131664195e+03
nan
5.368170768008461891e+03
nan
4.195960963593539418e+03
2.647437400286443335e+03
nan
7.552161891940753776e+03
nan
nan
6.368626829105573961e+02
7.705783929330059436e+03
7.463462322844981145e+02
1.715236302301231262e+03
nan
9.879142391925486208e+02
nan
nan
nan
5.455317296217483999e+03
nan
nan
nan
nan
6.483766486673570398e+03
3.271834667088945935e+03
2.300933876489074919e+03
nan
nan
3.702426626146825129e+03
2.925888950199902411e+03
8.143843536983541526e+03
nan
1.186685523723241658e+03
nan
nan
nan
nan
9.642977138050711801e+03
nan
6.376541910241728147e+03
nan
nan
7.285128051468632293e+03
1.276943299724905728e+03
6.907832464926059401e+03
nan
8.696452442942867265e+02
nan
nan
nan
8.093825090924541655e+03
nan
nan
nan
nan
1.177346998801260497e+03
nan
nan
nan
nan
nan
5.925988772887702908e+03
9.879142391925486208e+02
nan
2.259531601600285740e+03
nan
nan
9.252264423809057917e+03
2.783465497904570657e+04
nan
nan
nan
7.471922580778790689e+03
7.249835201052709635e+03
nan
4.793718301209674792e+03
1.149972076337650606e+03
nan
nan
1.567343031883752246e+03
nan
nan
3.573028990395391247e+03
nan
1.683358709513610165e+03
nan
nan
nan
7.808456260530581858e+03
2.565154101965109930e+03
5.594789090074208616e+03
nan
3.854323772184380232e+03
3.605938166466237362e+03
nan
nan
nan
2.037357381084733788e+03
nan
nan
4.088602379665506760e+03
8.132089834240089203e+02
nan
nan
5.187649813029371217e+03
2.041669826630199395e+03
7.353257069908737321e+03
1.119721086498403020e+04
1.163234502838508206e+03
9.488015067746535351e+03
nan
3.773213088170306492e+03
nan
1.572536350026425680e+04
2.078241620378046719e+03
nan
1.116672305635294833e+04
6.304202137801403296e+03
nan
nan
9.787333841803047108e+02
5.852726238329611078e+03
nan
6.370863494705748053e+03
nan
1.505821874956832744e+03
7.577352898520633971e+03
8.402082947768329177e+03
nan
nan
3.873793003115675674e+03
7.353650750780251656e+03
3.169925024589815166e+03
2.576823719979252928e+03
nan
2.383322920524203255e+03
nan
nan
nan
4.058852424602284827e+03
nan
3.371308680922673830e+03
nan
nan
6.339661219347518454e+03
nan
5.441151760762411868e+03
