6.913638855306419828e+03
6.893224090922817595e+03
nan
nan
4.303874279628164913e+03
3.294673330792956676e+03
4.716757542213117631e+03
nan
nan
nan
3.831959754525058543e+03
8.855373470289632678e+03
nan
nan
5.670036790559412111e+03
nan
nan
nan
nan
nan
nan
nan
2.565835356562655215e+04
4.342376386505187838e+03
nan
6.338964558475948252e+03
7.227097146402515136e+03
nan
nan
6.240537975136438035e+03
7.621003241499981414e+03
nan
nan
4.252946337890956784e+03
nan
nan
nan
5.757282826991307047e+03
nan
3.955620182443680733e+03
1.411638510865318858e+04
3.091716957721769631e+03
nan
4.579711746926849628e+03
nan
nan
nan
3.342681037618311166e+03
nan
3.538623828500811669e+03
nan
nan
nan
nan
nan
nan
1.109666248528476353e+04
6.210296928444124205e+03
nan
nan
6.572757082265451572e+03
7.230679319103604030e+03
nan
6.705956123837902851e+03
5.519077440726547138e+03
5.767416471280713267e+03
nan
nan
nan
7.178361549231834942e+03
9.117401203790022919e+03
4.738065058865970968e+03
nan
nan
5.813426718031165365e+03
nan
6.515874024284214101e+03
nan
nan
nan
nan
7.040394163623807799e+03
3.764140563170249607e+03
nan
nan
7.659591438185237166e+03
nan
4.207517407142960110e+03
1.553618880472611090e+04
4.819049404205436986e+03
4.977380388154950197e+03
nan
nan
nan
nan
6.412471917464845319e+03
nan
nan
2.833247019243575323e+03
7.265787560353523986e+03
6.727506625392696151e+03
nan
6.625824766356480723e+03
nan
nan
nan
nan
8.417944189975672998e+03
nan
6.359400353233744681e+03
nan
5.019956955724539512e+03
nan
4.491237486289562185e+03
4.068808834572767864e+03
5.155898748060817525e+03
5.886584898773608984e+03
3.534901127613779863e+03
nan
1.038323287902729498e+04
nan
1.370676521231985498e+04
nan
3.968899947548627551e+03
5.634991900568915298e+03
nan
nan
2.909567403451590144e+04
1.092870060141069189e+04
nan
nan
nan
nan
nan
nan
nan
nan
nan
3.064206959826088678e+03
nan
6.204890555955623313e+03
7.129061309839055866e+03
nan
nan
3.960645950189260475e+03
5.922889078358955885e+03
5.045174436111054092e+03
7.378845527150059752e+03
nan
nan
nan
9.906746947631432704e+03
1.132929916704839343e+04
5.315251565937863234e+03
nan
5.624368381275918182e+03
nan
nan
nan
nan
3.005296369795079499e+03
4.148310448343189819e+03
nan
nan
5.803141082692380223e+03
nan
6.457156961003136530e+03
5.170072421166426466e+03
1.089645231248386153e+04
4.720436106757004382e+03
nan
nan
9.830375156485479238e+03
5.894080553173626868e+03
5.732473060248355068e+03
1.281113546363267960e+04
nan
6.452670941664778184e+03
3.340086204331060799e+03
nan
nan
nan
5.586028823124349401e+03
nan
8.545924136252953758e+03
6.237069794614114471e+03
3.919483071275332350e+03
nan
nan
6.751283470141444923e+03
2.596300384853130163e+04
6.924248587672334907e+03
2.457618613655109584e+03
nan
nan
8.127130473155041727e+03
6.047107445340244340e+03
nan
4.031377761814884707e+03
3.762380137002080573e+03
7.429772498461642499e+03
7.679661874915545923e+03
nan
1.070043139891188002e+04
nan
nan
nan
1.623622517746110861e+04
nan
nan
1.087541650440965714e+04
nan
9.066927048656869374e+03
5.312894488294014081e+03
4.979641628971895443e+03
2.910555064728723664e+03
nan
nan
4.158690125654175972e+03
8.211108135048214535e+03
5.219341792856533175e+03
5.722523289544305044e+03
nan
3.758211556001846930e+03
6.015322092367248842e+03
nan
nan
nan
nan
nan
nan
nan
nan
nan
nan
3.875101630482321980e+03
nan
4.443903653039898018e+03
nan
nan
1.064586366951248056e+04
5.108591130728938879e+03
nan
nan
nan
1.175166083134737528e+04
9.637516569226663705e+03
3.629310574506716875e+03
1.228391297403957833e+04
4.328233408152618722e+03
nan
8.435980877853198763e+03
1.192671977183190575e+04
nan
6.058737377525778356e+03
5.440645242765856892e+03
nan
nan
6.858533260935565522e+03
3.200222076454147555e+03
4.952904899223920438e+03
nan
nan
5.346063272278762270e+03
nan
7.512045940669960146e+03
7.284409416141410475e+03
3.739969641761696948e+03
7.125368679693673585e+03
3.693763176842447592e+03
nan
5.316420250816971929e+03
nan
5.765986612900581349e+03
4.793969347071572884e+03
nan
nan
nan
nan
5.203708913931866846e+03
nan
3.332506885970903113e+03
6.414112242815633181e+03
4.139178615729344529e+03
nan
nan
nan
nan
nan
nan
nan
3.519866074104791096e+03
nan
3.661351901913923939e+03
nan
nan
nan
9.994329164657439833e+03
1.028656244713026354e+04
nan
4.977523677613806285e+03
nan
nan
8.317110910319044706e+03
3.405185775639685744e+03
6.905716273131610251e+03
4.787663112350887786e+03
8.497536526612808302e+03
nan
nan
6.744191849381762040e+03
nan
7.506906634876748285e+03
8.448767114763206337e+03
4.289458532986764112e+03
nan
nan
nan
nan
nan
5.687901968144942657e+03
nan
nan
3.414312005533329284e+03
5.875457126533573501e+03
5.411593371965729602e+03
nan
5.463386012381318324e+03
1.500843098916713279e+04
nan
nan
1.172626371413705419e+04
nan
nan
nan
9.372348063172783441e+03
nan
nan
nan
6.734590490347633022e+03
nan
5.629474512932431935e+03
1.407107182545467549e+04
nan
nan
nan
9.594952016180013743e+03
nan
nan
nan
4.248265670958023293e+03
nan
nan
4.569721168697917165e+03
nan
3.242705822852049550e+03
nan
3.778571573466227164e+03
nan
6.047166102135186520e+03
nan
6.795019948430929617e+03
nan
4.101163222217213843e+03
2.476647671545744743e+03
1.435256258812116539e+04
nan
6.237489216173898058e+03
7.181821996747499725e+03
nan
nan
7.385210053706176041e+03
7.788772862787560371e+03
nan
4.469187045085703176e+03
nan
nan
nan
nan
6.724953667589003999e+03
nan
nan
5.392940715608854589e+03
5.483581568482924013e+03
nan
4.875797832943212597e+03
5.679816807607427108e+03
5.009553307917817619e+03
nan
3.234078687501245440e+03
3.661606991370280866e+03
1.223512890595947101e+04
nan
nan
7.111554399975539127e+03
nan
9.912189327310787121e+03
1.065336655154050641e+04
3.691283577821131530e+03
nan
nan
nan
nan
1.050499278851197960e+04
1.209476240599974335e+04
nan
nan
5.525772986037574810e+03
7.241227808539902981e+03
6.317815713407190742e+03
nan
6.561511432869487180e+03
1.160444675376764644e+04
2.020229237748795276e+04
4.072653262289721624e+03
nan
6.469934747777662778e+03
8.070990120122870394e+03
9.210951031164679080e+03
nan
nan
4.184851385158170160e+03
4.583705128453673751e+03
nan
7.424655671378339321e+03
nan
2.046284264100848668e+04
nan
3.469661687166314096e+03
1.328083465761640036e+04
nan
nan
1.108126299593475960e+04
nan
nan
nan
3.699775286660064012e+03
nan
nan
1.037490078579445435e+04
3.851070304236464835e+03
4.551728752105747844e+03
nan
nan
8.173406274591708097e+03
6.292425743750587571e+03
7.562162099579624737e+03
nan
3.311218677240513898e+03
nan
nan
nan
nan
3.469510915828916040e+03
nan
6.719160408835479757e+03
nan
nan
4.218810116329646007e+03
nan
3.287715046909723242e+03
nan
nan
2.370739152620047025e+04
3.909838340260683253e+03
3.577899901791289267e+03
4.373566360964998239e+03
3.500377156960444609e+03
4.437329270193375123e+03
nan
nan
nan
7.889545106982815014e+03
nan
nan
7.861106568152029467e+03
nan
nan
5.093254315395397498e+03
1.315524428436877679e+04
6.215413662498362100e+03
3.499909395923958982e+03
6.467572361998936685e+03
8.053116974957452840e+03
3.456431928386799427e+03
nan
3.235909895326964761e+04
6.340554103096508697e+03
7.532062366648094212e+03
6.709616474524952537e+03
4.317220535604522411e+03
nan
4.890949430633094380e+03
nan
4.228453526236668949e+03
nan
nan
7.479907490223717105e+03
6.945471386739938680e+03
nan
6.774412861401191549e+03
nan
nan
nan
5.429342171745933229e+03
7.455408543459268003e+03
nan
nan
3.694735666521134590e+03
4.525230046288842459e+03
nan
nan
nan
nan
nan
nan
nan
nan
6.713027386230658522e+03
5.010944854903271334e+03
nan
nan
4.786909799173002284e+03
9.205932040392246563e+03
nan
6.588225426574987978e+03
3.638111871270265965e+03
4.821010149987657314e+03
2.763220880076470621e+03
7.122301482390020283e+03
nan
4.253607255564010302e+03
nan
6.369989974531205007e+03
3.672514686613693812e+03
2.870717291262842082e+03
nan
nan
nan
1.433915458980673611e+04
nan
9.959618567115989208e+03
nan
5.986913122712789118e+03
nan
nan
3.824762652807281484e+03
nan
nan
1.179248185123247094e+04
1.740272754667766276e+04
nan
nan
nan
5.207890365444563940e+03
nan
nan
nan
nan
4.963627792853011670e+03
nan
5.794275675197405690e+03
nan
9.343117582068580305e+03
nan
2.934581923940179422e+03
nan
1.317830372360245019e+04
4.819428045716374982e+03
nan
5.647407227512164354e+03
nan
4.237644772834070864e+03
nan
4.466964616463656057e+03
nan
nan
nan
nan
nan
3.786007964636646193e+03
nan
nan
6.244752315777388503e+03
nan
3.639574711750501592e+03
5.993147496112404042e+03
nan
nan
nan
nan
nan
nan
nan
6.501844168029208049e+03
6.636101464365982793e+03
nan
5.642687087277213323e+03
5.081967441738900561e+03
nan
5.209449041782484528e+03
5.861074471392173109e+03
4.482892527795225760e+03
1.208987437358335046e+04
nan
3.468258978681883036e+03
4.301701245310932791e+03
nan
3.001420651112542600e+03
5.860690941501864472e+03
4.387682875617164427e+03
4.238796440472807262e+03
8.446680058380481569e+03
nan
nan
nan
nan
3.601448846174902428e+03
nan
nan
nan
nan
nan
4.264587014899039787e+03
nan
nan
nan
nan
3.724187972733934657e+03
1.170371226614177976e+04
7.001438826154675553e+03
nan
6.006229451635264013e+03
nan
2.877446747106896510e+03
nan
5.540742700609939675e+03
5.426218276210965087e+03
nan
nan
3.947916529832199103e+03
nan
nan
nan
nan
1.348395748050873590e+04
7.830676969025931612e+03
nan
nan
7.256312768994606813e+03
nan
3.960817555894135694e+03
3.399728440566442259e+03
nan
4.478993674862075750e+03
3.608337731924010313e+03
1.106767354193253595e+04
1.004222353659167857e+04
nan
1.239599875193176013e+04
nan
2.714182076907438386e+03
nan
1.364834601425520304e+04
nan
nan
nan
6.987131336259115415e+03
nan
6.302675357346877718e+03
3.901012450162905679e+03
8.484647384278119716e+03
3.115857279361618566e+03
nan
1.177955770583477897e+04
nan
nan
4.386024560302517784e+03
5.755648466612911761e+03
nan
4.964450901769481789e+03
4.379742751172358112e+03
4.025586987378729191e+03
4.271035861952287632e+03
nan
4.574328434086995003e+03
nan
5.800923473576322976e+03
nan
nan
4.685975836467284353e+03
5.326296672320194375e+03
1.237390534951478367e+04
nan
5.817548060932139379e+03
nan
nan
9.082542564046441839e+03
nan
1.656048248700564727e+04
1.125194652625448180e+04
nan
4.278506259476434025e+03
nan
3.910101605817727432e+03
nan
6.872252390981598182e+03
8.362690425639048044e+03
5.942251156549725238e+03
7.708564047075650706e+03
nan
2.093983268101295107e+04
nan
8.260927815867045865e+03
3.462327218947644269e+03
nan
nan
4.173480176498050241e+03
1.472788849818021663e+04
4.893635184700628997e+03
nan
3.680198963178824670e+03
nan
8.618597398864354545e+03
nan
9.436262169883746537e+03
nan
nan
nan
6.024718380490799063e+03
nan
nan
nan
6.560111184818521906e+03
5.699839522279454286e+03
nan
nan
nan
3.356854887026391225e+03
1.633346053844364360e+04
nan
nan
nan
5.907810194031440005e+03
1.678139634916817522e+04
nan
7.223088198320016090e+03
nan
nan
nan
4.683109700038739902e+03
3.430408316323600502e+03
7.213119437377808026e+03
7.952108866567153200e+03
nan
nan
nan
nan
nan
3.240406673510974088e+03
nan
nan
nan
nan
8.013886591958031204e+03
nan
nan
9.558592821363934490e+03
nan
nan
nan
9.437097947676602416e+03
4.860201385079682950e+03
5.947923733740976786e+03
nan
3.255504344444680100e+03
3.598209797104014797e+03
7.840983424746763376e+03
nan
nan
1.049092216470420681e+04
nan
6.442361657762147843e+03
nan
nan
nan
nan
nan
3.461505918466370076e+03
nan
nan
1.298319023405429834e+04
7.816110190375482489e+03
nan
3.359920371978200819e+03
nan
9.973595444994964055e+03
4.626471834370962824e+03
nan
2.053444614950813775e+04
1.018582837304755230e+04
nan
nan
nan
3.238336568075114883e+03
5.829462755061878852e+03
4.912724762398716848e+03
nan
6.061331876049821403e+03
nan
nan
5.120429757980954491e+03
nan
5.565173223736244836e+03
7.804163944118019572e+03
nan
3.035884500836568350e+03
3.850465328008670440e+03
nan
6.104618844436146901e+03
nan
8.991505093185709484e+03
nan
5.654703125148231265e+03
nan
6.459150327572018796e+03
8.855075620266743499e+03
nan
nan
nan
3.836822879931987245e+03
nan
1.124458402535738969e+04
nan
7.497590308412300146e+03
4.714726296821790129e+03
4.911555525811422740e+03
7.718866500552697289e+03
8.000567874315314839e+03
3.879969871530750424e+03
8.156980057664048218e+03
nan
nan
nan
5.900440004828916244e+03
4.004170141320187213e+03
nan
9.690845602893774412e+03
nan
3.033679143628931797e+03
5.996249178699717959e+03
6.979214156674135666e+03
6.219668872829859538e+03
nan
8.807444412443286637e+03
nan
2.390671640288684557e+03
3.928275989608763666e+03
nan
6.395514815569414168e+03
nan
nan
5.524607617294414922e+03
1.349284822968237859e+04
1.077156691887228590e+04
3.268265527098542407e+03
nan
nan
nan
nan
nan
4.277055797522471039e+03
nan
nan
nan
nan
9.057309505503180844e+03
4.123629337153173765e+03
3.701732453995095057e+03
nan
nan
nan
3.496786643252082285e+03
1.383458492331513116e+04
nan
6.065943970410022303e+03
nan
nan
nan
nan
1.458425655997648937e+04
nan
7.769279984656001943e+03
nan
nan
6.857592219647040110e+03
5.924726443018795180e+03
3.684739232859825279e+03
nan
6.958767525619569824e+03
nan
nan
nan
6.929900893214634380e+03
nan
nan
nan
nan
6.638166678684710860e+03
nan
nan
nan
nan
nan
6.516312573371859798e+03
nan
nan
3.173856380974661988e+03
nan
nan
6.637536545469379234e+03
1.459735589585108391e+04
nan
nan
nan
6.210637742932327455e+03
7.531359619583289714e+03
nan
6.590115212524109666e+03
3.697591450236721812e+03
nan
nan
5.844188208058755663e+03
nan
nan
4.019891180987154257e+03
nan
6.788261574329931136e+03
nan
nan
nan
9.885211329864683648e+03
3.535866969238792535e+03
7.376615349787105515e+03
nan
1.077306237605767637e+04
2.956387983662385068e+03
nan
nan
nan
7.382591308258179197e+03
nan
nan
4.244707568285437446e+03
3.677639662772115571e+03
nan
nan
1.252123621596039266e+04
3.308857544129486541e+03
7.319738471655409739e+03
1.617448582475493640e+04
4.007628978763618306e+03
3.594147391580578187e+03
nan
4.363606133720940306e+03
nan
8.156221098600634832e+03
3.599013492540911102e+03
nan
5.808816779452908122e+03
4.982252374646895078e+03
nan
nan
4.973822737859289191e+03
1.693905588910747610e+04
nan
5.102014524968802107e+03
nan
4.207716708431854386e+03
5.500493080322820788e+03
7.351322013606685687e+03
nan
nan
7.629281068607811903e+03
3.675321541387077104e+03
4.156449835635680756e+03
6.047738172809836215e+03
nan
3.973201193630978196e+03
nan
nan
nan
9.060988403764486065e+03
nan
1.852965244627699212e+04
nan
nan
9.647854902521912663e+03
nan
7.166487901145413161e+03
