3.225945600000000000e+07
7.365120000000000000e+06
nan
nan
1.510809600000000000e+07
2.014105600000000000e+07
3.862835200000000000e+07
nan
nan
nan
3.612825600000000000e+07
3.423846400000000000e+07
nan
nan
2.210201600000000000e+07
nan
nan
nan
nan
nan
nan
nan
1.372405760000000000e+08
3.992934400000000000e+07
nan
2.309836800000000000e+07
1.986560000000000000e+07
nan
nan
1.931571200000000000e+07
4.137164800000000000e+07
nan
nan
5.924249600000000000e+07
nan
nan
nan
2.296012800000000000e+07
nan
4.633856000000000000e+07
6.377062400000000000e+07
1.769484800000000000e+07
nan
2.906316800000000000e+07
nan
nan
nan
2.613248000000000000e+07
nan
1.433907200000000000e+07
nan
nan
nan
nan
nan
nan
4.827955200000000000e+07
5.199974400000000000e+07
nan
nan
3.084288000000000000e+07
5.016985600000000000e+07
nan
7.306035200000000000e+07
1.130137600000000000e+07
2.096371200000000000e+07
nan
nan
nan
3.222707200000000000e+07
5.103206400000000000e+07
4.508672000000000000e+07
nan
nan
3.081420800000000000e+07
nan
3.756032000000000000e+07
nan
nan
nan
nan
7.538176000000000000e+06
3.760179200000000000e+07
nan
nan
3.713356800000000000e+07
nan
2.650931200000000000e+07
7.938048000000000000e+06
2.132102400000000000e+07
3.173171200000000000e+07
nan
nan
nan
nan
6.212585600000000000e+07
nan
nan
6.707200000000000000e+04
6.907699200000000000e+07
2.009548800000000000e+07
nan
4.228505600000000000e+07
nan
nan
nan
nan
2.853939200000000000e+07
nan
2.308761600000000000e+07
nan
3.649792000000000000e+07
nan
1.127718400000000000e+07
9.085440000000000000e+06
4.462080000000000000e+07
4.334796800000000000e+07
4.883148800000000000e+07
nan
4.649369600000000000e+07
nan
8.331673600000000000e+07
nan
1.393817600000000000e+07
3.096473600000000000e+07
nan
nan
4.485283840000000000e+08
nan
nan
nan
nan
nan
nan
nan
nan
nan
nan
3.025664000000000000e+07
nan
7.982720000000000000e+06
1.561088000000000000e+07
nan
nan
2.247372800000000000e+07
4.269312000000000000e+06
3.224473600000000000e+07
2.608793600000000000e+07
nan
nan
nan
1.896857600000000000e+07
1.685094400000000000e+07
3.680563200000000000e+07
nan
2.657126400000000000e+07
nan
nan
nan
nan
2.848678400000000000e+07
2.075392000000000000e+07
nan
nan
3.128729600000000000e+07
2.605875200000000000e+07
1.581056000000000000e+07
3.430604800000000000e+07
4.228428800000000000e+07
1.022988800000000000e+07
nan
nan
6.321356800000000000e+07
2.162956800000000000e+07
3.479142400000000000e+07
3.851264000000000000e+06
nan
3.359436800000000000e+07
3.118028800000000000e+07
nan
nan
nan
6.328320000000000000e+07
nan
1.483417600000000000e+07
5.285478400000000000e+07
2.894028800000000000e+07
nan
nan
3.603174400000000000e+07
8.405647360000000000e+08
3.072025600000000000e+07
3.034009600000000000e+07
nan
nan
4.066713600000000000e+07
4.815692800000000000e+07
nan
7.521280000000000000e+06
1.066854400000000000e+07
3.711180800000000000e+07
2.521292800000000000e+07
nan
3.933184000000000000e+07
nan
nan
nan
1.054597120000000000e+08
nan
nan
2.854092800000000000e+07
nan
3.993395200000000000e+07
5.310720000000000000e+07
4.784128000000000000e+07
3.214118400000000000e+07
nan
nan
2.814566400000000000e+07
5.509120000000000000e+06
1.310208000000000000e+07
2.360985600000000000e+07
nan
1.064857600000000000e+07
3.804774400000000000e+07
nan
nan
nan
nan
nan
nan
nan
nan
nan
nan
4.079206400000000000e+07
nan
2.478848000000000000e+07
nan
nan
2.007040000000000000e+07
4.846899200000000000e+07
nan
nan
nan
5.731225600000000000e+07
3.199078400000000000e+07
2.917376000000000000e+07
6.304000000000000000e+06
2.800998400000000000e+07
nan
1.230028800000000000e+07
4.328243200000000000e+07
nan
2.161920000000000000e+07
2.706432000000000000e+07
nan
nan
3.239936000000000000e+07
2.960166400000000000e+07
2.863206400000000000e+07
nan
nan
3.665459200000000000e+07
nan
2.788352000000000000e+07
5.261312000000000000e+06
3.446272000000000000e+06
5.238784000000000000e+07
4.159078400000000000e+07
nan
1.164670400000000000e+07
nan
6.034432000000000000e+07
2.468915200000000000e+07
nan
nan
nan
nan
3.866624000000000000e+07
nan
3.091097600000000000e+07
1.655500800000000000e+07
3.165388800000000000e+07
nan
nan
nan
3.141785600000000000e+07
nan
nan
nan
1.813094400000000000e+07
nan
3.773568000000000000e+06
nan
nan
nan
nan
4.571187200000000000e+07
8.615936000000000000e+06
1.825561600000000000e+07
nan
nan
3.370188800000000000e+07
3.231539200000000000e+07
2.908825600000000000e+07
4.740403200000000000e+07
1.339520000000000000e+07
nan
nan
1.408409600000000000e+07
nan
2.961305600000000000e+07
1.673267200000000000e+07
1.723852800000000000e+07
nan
nan
nan
nan
nan
3.650867200000000000e+07
nan
nan
1.524838400000000000e+07
1.150054400000000000e+07
4.058931200000000000e+07
nan
7.366656000000000000e+06
2.372198400000000000e+07
nan
nan
3.657728000000000000e+07
nan
nan
8.615936000000000000e+06
5.574041600000000000e+07
nan
nan
nan
2.708684800000000000e+07
nan
1.418496000000000000e+07
3.898572800000000000e+07
nan
nan
nan
3.726745600000000000e+07
nan
nan
nan
3.377356800000000000e+07
nan
nan
7.098880000000000000e+07
nan
2.771558400000000000e+07
nan
3.542425600000000000e+07
nan
5.019238400000000000e+07
nan
2.819481600000000000e+07
nan
2.310041600000000000e+07
1.668684800000000000e+07
5.056921600000000000e+07
nan
1.495244800000000000e+07
3.256473600000000000e+07
nan
nan
3.177881600000000000e+07
4.688640000000000000e+06
nan
2.890342400000000000e+07
nan
nan
nan
3.141785600000000000e+07
4.501401600000000000e+07
nan
nan
3.026304000000000000e+06
4.354662400000000000e+07
nan
2.684313600000000000e+07
1.953843200000000000e+07
2.153779200000000000e+07
nan
1.599846400000000000e+07
3.984793600000000000e+07
6.049792000000000000e+06
nan
nan
1.650035200000000000e+07
nan
5.407539200000000000e+07
5.294080000000000000e+07
2.958323200000000000e+07
nan
nan
nan
nan
2.605260800000000000e+07
5.002444800000000000e+07
nan
nan
8.619008000000000000e+06
3.424403200000000000e+07
2.816716800000000000e+07
nan
5.053235200000000000e+07
7.068979200000000000e+07
7.745536000000000000e+07
6.378841600000000000e+07
nan
2.503782400000000000e+07
2.603110400000000000e+07
2.235596800000000000e+07
nan
nan
1.904115200000000000e+07
1.620889600000000000e+07
nan
3.832217600000000000e+07
nan
6.461849600000000000e+07
nan
3.854233600000000000e+07
5.578752000000000000e+07
nan
nan
3.157708800000000000e+07
nan
nan
nan
5.669363200000000000e+07
nan
nan
5.820480000000000000e+06
2.514611200000000000e+07
4.335001600000000000e+07
nan
nan
3.934208000000000000e+07
1.106547200000000000e+07
2.995520000000000000e+07
nan
3.598131200000000000e+07
nan
nan
nan
nan
1.194726400000000000e+07
nan
nan
nan
nan
2.457190400000000000e+07
nan
2.929612800000000000e+07
2.216345600000000000e+07
nan
1.466777600000000000e+08
2.994278400000000000e+07
2.647552000000000000e+07
5.948825600000000000e+07
3.812454400000000000e+07
1.101107200000000000e+07
nan
nan
nan
3.603046400000000000e+07
nan
nan
4.683059200000000000e+07
nan
nan
2.475008000000000000e+07
8.462336000000000000e+07
3.822592000000000000e+07
3.884492800000000000e+07
1.818035200000000000e+07
1.559961600000000000e+07
3.016755200000000000e+07
nan
1.616052224000000000e+09
4.237030400000000000e+07
1.906688000000000000e+07
9.234176000000000000e+06
2.404454400000000000e+07
nan
3.882803200000000000e+07
nan
2.801459200000000000e+07
nan
nan
2.296985600000000000e+07
2.580070400000000000e+07
nan
2.903040000000000000e+07
nan
nan
nan
1.475379200000000000e+07
7.481036800000000000e+07
nan
nan
2.131763200000000000e+07
4.303616000000000000e+06
nan
nan
nan
nan
nan
nan
nan
nan
7.797760000000000000e+06
2.729728000000000000e+07
nan
nan
6.006988800000000000e+07
3.048371200000000000e+07
nan
3.307008000000000000e+06
3.278336000000000000e+07
4.081574400000000000e+07
3.175936000000000000e+07
2.423244800000000000e+07
nan
1.733734400000000000e+07
nan
6.959308800000000000e+07
2.122552000000000000e+07
4.075110400000000000e+07
nan
nan
nan
1.698918400000000000e+07
nan
3.534489600000000000e+07
nan
5.122048000000000000e+07
nan
nan
4.435315200000000000e+07
nan
nan
4.762214400000000000e+07
2.350284800000000000e+07
nan
nan
nan
3.341004800000000000e+07
nan
nan
nan
nan
3.731558400000000000e+07
nan
6.913792000000000000e+06
nan
3.231232000000000000e+07
nan
3.378278400000000000e+07
nan
3.753779200000000000e+07
3.382476800000000000e+07
nan
3.210777600000000000e+07
nan
7.844864000000000000e+06
nan
1.695027200000000000e+07
nan
nan
nan
nan
nan
1.849548800000000000e+07
8.615936000000000000e+06
nan
2.081587200000000000e+07
nan
5.176729600000000000e+07
4.158105600000000000e+07
nan
nan
nan
nan
nan
nan
nan
1.799270400000000000e+07
4.426956800000000000e+07
nan
3.345612800000000000e+07
2.469401600000000000e+07
nan
2.098176000000000000e+07
2.520908800000000000e+07
2.311884800000000000e+07
8.422400000000000000e+05
nan
3.228262400000000000e+07
3.988172800000000000e+07
nan
2.482611200000000000e+07
1.549004800000000000e+07
3.586867200000000000e+07
2.977382400000000000e+07
2.748416000000000000e+07
nan
nan
nan
nan
2.801792000000000000e+06
nan
nan
nan
nan
nan
5.859481600000000000e+07
nan
nan
nan
nan
4.298521600000000000e+07
1.705779200000000000e+07
1.676748800000000000e+07
nan
4.274585600000000000e+07
nan
2.868492800000000000e+07
nan
3.278771200000000000e+07
3.347968000000000000e+07
nan
nan
1.615974400000000000e+07
nan
8.615936000000000000e+06
nan
nan
4.574822400000000000e+07
2.280243200000000000e+07
nan
nan
1.626419200000000000e+07
nan
2.541524800000000000e+07
1.872486400000000000e+07
nan
1.016320000000000000e+07
2.292531200000000000e+07
2.163916800000000000e+07
4.534681600000000000e+07
nan
1.135616000000000000e+07
nan
3.034982400000000000e+07
nan
6.926336000000000000e+06
nan
nan
3.141785600000000000e+07
2.754713600000000000e+07
nan
2.220236800000000000e+07
1.831321600000000000e+07
3.384012800000000000e+07
4.036505600000000000e+07
nan
1.983897600000000000e+07
nan
nan
2.577216000000000000e+07
2.964291200000000000e+07
nan
1.111040000000000000e+07
8.668672000000000000e+06
3.567308800000000000e+07
3.958617600000000000e+07
nan
1.034444800000000000e+07
nan
3.688755200000000000e+07
nan
nan
5.993420800000000000e+07
2.545612800000000000e+07
1.951334400000000000e+07
nan
3.191116800000000000e+07
nan
nan
5.932236800000000000e+07
nan
1.934950400000000000e+07
8.117248000000000000e+06
nan
5.375590400000000000e+07
nan
3.755622400000000000e+07
nan
2.016870400000000000e+07
4.229529600000000000e+07
2.635366400000000000e+07
3.152691200000000000e+07
nan
6.349209600000000000e+07
nan
2.684979200000000000e+07
2.106508800000000000e+07
nan
nan
2.530918400000000000e+07
3.550003200000000000e+07
4.263731200000000000e+07
nan
1.791491200000000000e+07
nan
2.967040000000000000e+07
nan
3.309900800000000000e+07
nan
nan
nan
4.001382400000000000e+07
nan
nan
nan
3.790643200000000000e+07
2.226585600000000000e+07
nan
nan
nan
4.427686400000000000e+07
5.143756800000000000e+07
nan
nan
nan
4.582835200000000000e+07
3.052544000000000000e+07
nan
1.959660800000000000e+07
nan
nan
nan
7.593472000000000000e+06
4.431993600000000000e+07
1.197107200000000000e+07
3.718144000000000000e+07
nan
nan
nan
nan
8.615936000000000000e+06
3.282739200000000000e+07
nan
nan
nan
nan
2.308710400000000000e+07
nan
nan
1.807795200000000000e+07
nan
nan
nan
1.175142400000000000e+07
3.889971200000000000e+07
2.450176000000000000e+06
nan
1.741952000000000000e+07
2.018611200000000000e+07
8.244019200000000000e+07
nan
nan
4.808294400000000000e+07
nan
2.539417600000000000e+07
nan
nan
nan
nan
nan
5.306265600000000000e+07
nan
nan
3.213568000000000000e+06
7.950208000000000000e+06
nan
1.054771200000000000e+07
nan
3.388211200000000000e+07
1.982873600000000000e+07
nan
5.846630400000000000e+07
9.655091200000000000e+07
5.832499200000000000e+07
nan
nan
4.913152000000000000e+07
7.898112000000000000e+07
2.791104000000000000e+07
nan
3.070771200000000000e+07
nan
nan
2.019737600000000000e+07
nan
3.492147200000000000e+07
3.086848000000000000e+07
nan
2.856652800000000000e+07
2.195148800000000000e+07
nan
3.101696000000000000e+07
nan
4.339097600000000000e+07
nan
3.012569600000000000e+07
nan
2.650163200000000000e+07
3.695206400000000000e+07
nan
nan
nan
4.692352000000000000e+07
nan
6.713139200000000000e+07
nan
4.093030400000000000e+07
3.305676800000000000e+07
3.113369600000000000e+07
3.213363200000000000e+07
3.102412800000000000e+07
2.806784000000000000e+07
3.231744000000000000e+07
nan
nan
nan
2.723840000000000000e+07
2.980454400000000000e+07
nan
4.324966400000000000e+07
nan
2.135923200000000000e+07
3.627417600000000000e+07
1.286118400000000000e+07
1.965056000000000000e+07
nan
2.200985600000000000e+07
nan
5.666816000000000000e+06
5.079552000000000000e+07
nan
2.797721600000000000e+07
nan
nan
4.269465600000000000e+07
6.654361600000000000e+07
5.786419200000000000e+07
1.531955200000000000e+07
nan
8.615936000000000000e+06
nan
nan
nan
4.955878400000000000e+07
nan
nan
nan
nan
3.477504000000000000e+07
4.052377600000000000e+07
2.727014400000000000e+07
nan
nan
1.166540800000000000e+08
2.315264000000000000e+07
5.019136000000000000e+06
nan
2.764697600000000000e+07
nan
nan
nan
nan
5.968691200000000000e+07
nan
1.439052800000000000e+07
nan
nan
3.050393600000000000e+07
4.513382400000000000e+07
4.739174400000000000e+07
nan
1.239859200000000000e+07
nan
nan
nan
5.191424000000000000e+06
nan
nan
nan
nan
2.999859200000000000e+07
nan
nan
nan
nan
nan
2.251571200000000000e+07
8.615936000000000000e+06
nan
1.904508000000000000e+07
nan
nan
2.549964800000000000e+07
4.309811200000000000e+07
nan
nan
nan
5.122662400000000000e+07
3.656416000000000000e+07
nan
1.654097920000000000e+08
2.182579200000000000e+07
nan
nan
6.338355200000000000e+07
nan
nan
4.445491200000000000e+07
nan
4.289536000000000000e+07
nan
nan
nan
5.066240000000000000e+07
5.651865600000000000e+07
4.399616000000000000e+06
nan
6.301696000000000000e+06
2.125209600000000000e+07
nan
nan
nan
1.379865600000000000e+07
nan
nan
3.523481600000000000e+07
4.102246400000000000e+07
nan
nan
6.762905600000000000e+07
3.828096000000000000e+07
3.823193600000000000e+07
1.907384320000000000e+08
3.734323200000000000e+07
4.142080000000000000e+07
nan
3.453440000000000000e+07
nan
1.975603200000000000e+07
1.923328000000000000e+07
nan
4.066508800000000000e+07
2.125094400000000000e+07
nan
nan
1.266534400000000000e+07
9.846784000000000000e+06
nan
2.956441600000000000e+07
nan
3.780812800000000000e+07
3.193420800000000000e+07
2.498355200000000000e+07
nan
nan
5.892352000000000000e+07
3.808819200000000000e+07
3.462220800000000000e+07
2.984140800000000000e+07
nan
3.226521600000000000e+07
nan
nan
nan
2.748211200000000000e+07
nan
3.154124800000000000e+07
nan
nan
2.530918400000000000e+07
nan
1.056358400000000000e+07
