3.980095063759386539e+07
4.341026252027893066e+07
3.094085791617202759e+07
4.183407465979957581e+07
3.361435965500831604e+07
nan
4.183246349147415161e+07
3.952881788207626343e+07
4.746567667957115173e+07
4.337575236112618446e+07
3.206167986756420135e+07
3.376597028635025024e+07
3.370035349380970001e+07
3.350157881362628937e+07
3.306280151135444641e+07
3.422453261222648621e+07
3.827611798559856415e+07
5.604938071747452021e+07
3.161688800027275085e+07
nan
4.124892289702606201e+07
5.690089425181388855e+07
1.367933344808292389e+07
3.279203115977478027e+07
2.606119734640884399e+07
3.478121788376283646e+07
3.539896220663833618e+07
4.631918156284523010e+07
4.535226134720230103e+07
4.386448569343352318e+07
3.972601481991195679e+07
4.872795411091423035e+07
5.672442708523178101e+07
4.039430631127548218e+07
5.144144323142200708e+07
4.948899689062881470e+07
1.393046886515331268e+07
3.518901508610153198e+07
4.894302643132591248e+07
nan
3.739224419682502747e+07
3.880106956591415405e+07
1.774559383520317078e+07
2.075181566115570068e+07
6.344523860301971436e+07
6.681930865306472778e+07
8.547714236062431335e+07
9.301513157139396667e+07
nan
5.492828550424575806e+07
5.519206466529273987e+07
nan
5.143799333072471619e+07
4.369149544105911255e+07
3.110600618537139893e+07
4.591165980920028687e+07
4.656323321014976501e+07
3.733250810640525818e+07
3.677344710371637344e+07
3.836054053438520432e+07
6.191022888394927979e+07
3.784199913022232056e+07
4.704353622344970703e+07
5.059089791596508026e+07
4.480751514168834686e+07
3.722423084195995331e+07
3.497236289128303528e+07
1.646076785639190674e+07
4.563123062427520752e+07
nan
4.527230388694190979e+07
3.511238204038357735e+07
3.678455610341930389e+07
3.749875081653213501e+07
3.763485171572613716e+07
3.061079101363778114e+07
4.102162602655601501e+07
4.538092955669784546e+07
4.923500813183164597e+07
4.714532901638031006e+07
4.220808957425689697e+07
4.340761486076736450e+07
3.813195334976673126e+07
4.609711008270263672e+07
nan
5.293467273330163956e+07
3.815077522313690186e+07
4.669411051192998886e+07
3.151465195784664154e+07
4.375486478360939026e+07
3.561105841486835480e+07
3.481135675543212891e+07
5.434810484093856812e+07
6.721362548251533508e+07
3.917798497056198120e+07
3.467710427884912491e+07
3.253597200492858887e+07
3.888917305485820770e+07
4.756828816417884827e+07
5.382332580405139923e+07
4.382033044466590881e+07
4.425431440305423737e+07
nan
4.217331395438241959e+07
6.075434374107074738e+07
3.363540899577355385e+07
4.480892479371643066e+07
3.248999365892672539e+07
2.580753185957717896e+07
4.182165498817825317e+07
5.366947331109809875e+07
3.291406257114481926e+07
4.036383985062408447e+07
3.406345626371192932e+07
4.621920358965957165e+07
3.405870515504097939e+07
1.316114940644454956e+07
nan
4.346671696223258972e+07
