nan
nan
nan
nan
nan
nan
nan
nan
nan
nan
5.147817573177337646e+07
nan
5.834127476005744934e+07
nan
4.645800255743408203e+07
6.106657234614539146e+07
nan
5.902189974340820312e+07
5.268801072436714172e+07
6.222606622104358673e+07
5.458530526251220703e+07
4.826140015000915527e+07
3.401411483024418354e+07
6.313070189994049072e+07
nan
nan
nan
nan
nan
1.452454433494400978e+07
4.467645399712753296e+07
4.961135459276771545e+07
nan
nan
nan
4.944551655541992188e+07
4.203011198736572266e+07
5.253719021860122681e+07
5.321460199129486084e+07
5.148025175872421265e+07
5.421025301711273193e+07
3.167432124068689346e+07
nan
nan
3.601731495068645477e+07
5.727935937158679962e+07
3.319318654560470581e+07
3.430296506906509399e+07
4.700916519662284851e+07
3.187105009975051880e+07
4.600405038324737549e+07
nan
4.219734975122070312e+07
4.082054106129455566e+07
4.972051343832778931e+07
3.155837477372741699e+07
nan
4.858589965155029297e+07
3.361998592100715637e+07
4.212222912085342407e+07
2.116516108358154297e+08
1.030003211889648438e+07
5.519863161313629150e+07
5.589843636596107483e+07
3.314998719805145264e+07
3.140918321382141113e+07
1.238144991415977478e+07
4.546440314410018921e+07
4.467625259948730469e+07
3.794549312646293640e+07
4.804188340427112579e+07
4.657054766586875916e+07
2.990145527547836304e+07
nan
3.576438685522079468e+07
2.925266234561920166e+07
1.163732525307655334e+07
nan
2.935411557389450073e+07
3.685235330576515198e+07
5.189396982980632782e+07
3.319993778773117065e+07
3.681412200697135925e+07
nan
nan
nan
2.505835603844928741e+07
3.596447576512145996e+07
4.619113434078216553e+07
nan
4.476623975947809219e+07
4.882805644541263580e+07
5.928316146193790436e+07
4.287828973810386658e+07
nan
3.406721855514144897e+07
3.193825883987426758e+07
3.760532592244338989e+07
4.821927431492424011e+07
4.006233661837196350e+07
5.519291869191551208e+07
nan
nan
nan
nan
