nan
nan
nan
nan
7.663811568026351929e+07
4.065741825677871704e+07
3.667226421607208252e+07
nan
nan
nan
nan
5.527235078445243835e+07
6.717934112425994873e+07
nan
5.787963248820877075e+07
nan
nan
4.285413179872512817e+07
6.159444688703346252e+07
2.940126431228065491e+07
nan
nan
nan
nan
nan
nan
nan
3.851828217969131470e+07
3.110043934848976135e+07
3.766173199636840820e+07
6.131989260601043701e+07
5.396462289006996155e+07
5.406286382781505585e+07
3.908410561321449280e+07
5.179737217159175873e+07
2.956681753907680511e+07
3.412321910298252106e+07
4.679835990949344635e+07
5.583367060885143280e+07
1.575167999607944489e+07
4.790429419809794426e+07
1.746477533041763306e+07
5.779028137564563751e+07
5.360524324318408966e+07
5.070328004295730591e+07
4.594914583250427246e+07
4.816761128397369385e+07
1.511785047023010254e+08
2.709044382529735565e+07
4.300332287424087524e+07
5.583516399906539917e+07
5.127918665966415405e+07
1.869283332142639160e+07
nan
5.456848444628524780e+07
nan
nan
4.406523506444740295e+07
2.767997203013896942e+07
4.825201764186096191e+07
nan
nan
3.191566711577606201e+07
8.137420137672424316e+07
5.481305722662353516e+07
4.441313185689163208e+07
2.715759906397628784e+07
1.445246763833808899e+07
4.524523697219467163e+07
5.418676467685317993e+07
6.011973201980018616e+07
5.185451320639324188e+07
nan
nan
6.116115436100769043e+07
4.079693513867950439e+07
4.593184700720977783e+07
6.436105930106353760e+07
3.417391723291015625e+07
3.907716640484619141e+07
4.067071369089508057e+07
3.797744220631408691e+07
3.117090300963211060e+07
2.959628664778232574e+07
3.779938835165357590e+07
4.642349280315017700e+07
3.914867017541241646e+07
4.370342064669799805e+07
1.448606802399682999e+07
4.306516260610198975e+07
3.997113016053199768e+07
nan
3.998361951522445679e+07
3.219124506523489952e+07
3.480410834914493561e+07
4.732011731554603577e+07
4.332228666321372986e+07
3.678860480620574951e+07
4.143745189563751221e+07
nan
5.274427144235229492e+07
3.377417179786300659e+07
4.348163271027660370e+07
3.744579743130493164e+07
4.543530956822586060e+07
4.648218807759571075e+07
4.900240990135383606e+07
nan
1.226131212695121765e+07
4.416625354286766052e+07
6.629624730643081665e+07
3.436882440746331215e+07
4.985835289355468750e+07
nan
nan
nan
nan
