2.775367573028945923e+07
3.743464661444473267e+07
1.476598195640563965e+07
3.487978321272277832e+07
3.037057312484741211e+07
nan
3.157006953517150879e+07
nan
2.466146490047836304e+07
3.314394894301795959e+07
3.232028601506042480e+07
nan
nan
nan
nan
nan
4.676549847421264648e+07
4.462797844155502319e+07
4.464193199571800232e+07
4.502925533264923096e+07
4.868373007367515564e+07
nan
6.316284380953407288e+07
6.751447925080299377e+07
5.059177454838943481e+07
2.895983744010543823e+07
2.904617280817222595e+07
4.091386120825958252e+07
1.278556929205513000e+07
1.335782301146507263e+07
nan
3.842805609914398193e+07
4.443953132473373413e+07
3.587074758249568939e+07
4.704349749378299713e+07
4.019255624179601669e+07
1.753036052637529373e+07
3.953503058680152893e+07
2.710795185268259048e+07
nan
3.301518759426212311e+07
4.274111952044868469e+07
4.929740474297142029e+07
2.895284061615180969e+07
3.596387721563839912e+07
3.972642330593299866e+07
2.873365937736320496e+07
3.326378442212677002e+07
3.301398943673706055e+07
nan
nan
5.182237521544456482e+07
nan
5.625870823205947876e+07
3.834055660151672363e+07
4.031770664361572266e+07
3.712994825289916992e+07
1.442647973489189148e+07
4.656614856292152405e+07
5.824182369022655487e+07
nan
4.214177307147216797e+07
5.267822398971462250e+07
4.363072577215385437e+07
3.769219404677343369e+07
3.691299646913814545e+07
5.160715171176338196e+07
3.574907086772990227e+07
nan
3.935160676440811157e+07
nan
3.624264884130096436e+07
3.735616137414216995e+07
4.031912730259704590e+07
4.423043426791954041e+07
3.715658410042524338e+07
4.883102234986901283e+07
4.343261403579711914e+07
6.960925750463008881e+07
4.880063674651145935e+07
1.034124250984745026e+08
4.615155545044708252e+07
7.086469152502059937e+07
4.548176773405122757e+07
3.983586581581878662e+07
3.780789897925567627e+07
5.497205431698608398e+07
6.403293444989013672e+07
4.278142908970260620e+07
5.886695796200942993e+07
5.104528656085968018e+07
6.477304417621040344e+07
5.453390123629760742e+07
4.662307652565121651e+07
3.254312721915626526e+07
4.432253038082504272e+07
4.622806622313117981e+07
nan
nan
3.042596453822708130e+07
3.829669875345611572e+07
3.948193930155563354e+07
3.383033641688346863e+07
4.413940279642868042e+07
3.948175879724884033e+07
4.847347809138870239e+07
4.283318902403259277e+07
3.415879533777999878e+07
3.763212717994689941e+07
3.231656347585105896e+07
5.709489223154449463e+07
4.478183371567916870e+07
3.455499641582489014e+07
3.982408540895843506e+07
4.689100514066696167e+07
nan
nan
nan
nan
