nan
nan
nan
nan
nan
nan
nan
nan
nan
nan
1.132414640824168921e+06
nan
6.943740127361011505e+07
nan
2.294743801545333862e+07
2.472786278321743011e+07
nan
2.321869905335235596e+07
6.899639112470674515e+07
4.631070477718067169e+07
6.089720091486549377e+07
2.472064005648231506e+07
1.267708182380676270e+07
6.916490202928161621e+07
nan
nan
nan
nan
nan
nan
4.020997108650970459e+07
4.689060624083518982e+07
nan
nan
nan
5.823516198638153076e+07
7.195029024295806885e+05
3.037939575124359131e+07
5.260331253212738037e+07
4.865729043930435181e+07
4.230875136209869385e+07
nan
nan
nan
nan
4.491570783081746101e+07
2.307920040218353271e+07
5.795930969202041626e+06
1.632430210293197632e+07
nan
4.722709587260770798e+07
nan
4.664987961753463745e+07
2.361103955979156494e+07
4.260477360285377502e+07
1.890730104669570923e+07
nan
1.950285460863494873e+07
4.926968050416946411e+06
3.818845336593627930e+07
4.018616084712982178e+07
nan
1.807905009815979004e+07
3.134568355097532272e+07
9.389685919821739197e+06
1.746536889390563965e+07
nan
3.143682297649383545e+07
6.550231953748703003e+06
4.028845287742233276e+07
5.080720342321252823e+07
5.895208003791809082e+06
nan
nan
4.367250629590988159e+06
1.566071200751304626e+06
1.378860588050842285e+06
nan
2.366037812465429306e+06
3.412433889125061035e+07
8.291139060894012451e+06
2.576619069850921631e+06
2.773093416004943848e+07
nan
nan
nan
nan
9.785527619525909424e+06
3.182878865172958374e+07
nan
2.467439544845581055e+07
8.927759475408077240e+06
3.220199899183464050e+07
2.474372707419490814e+07
nan
nan
nan
3.052718382513427734e+07
7.803611949655532837e+06
4.582039486299371719e+07
4.234710266935920715e+07
nan
nan
nan
nan
