nan
nan
nan
nan
7.661265487435340881e+06
2.545894124527740479e+07
1.563604456861782074e+07
nan
nan
nan
nan
4.827807058494567871e+07
5.138986137173652649e+07
nan
3.574093662640380859e+07
nan
nan
3.553371956304311752e+07
3.986311856111502647e+07
1.028958956689262390e+07
nan
nan
nan
nan
nan
nan
nan
1.042296724085712433e+07
4.676282355031967163e+06
3.550303635135841370e+07
1.774447879110813141e+07
2.543074443003797531e+07
2.312250953893613815e+07
nan
1.143791251508855820e+07
4.799233871165275574e+06
nan
nan
1.553284697535610199e+07
1.195601928074264526e+07
nan
1.123551349575233459e+07
9.487203017590522766e+06
5.833494679554104805e+07
6.915534115056753159e+06
1.822894617946052551e+07
1.345040448953628540e+07
5.328463308845233917e+07
3.541804992448806763e+06
1.053223156941890717e+07
4.271510386532592773e+07
3.672066498323440552e+07
nan
nan
3.918723399495983124e+07
nan
nan
1.909572006456375122e+07
nan
nan
nan
nan
7.827281367301940918e+04
8.304728336856842041e+06
6.718442934083557129e+07
3.007309682575988770e+07
2.055958113124465942e+07
3.383662848525047302e+06
4.700198171741104126e+07
1.983950700458145142e+07
4.365792534849548340e+07
5.548203264662551880e+07
nan
nan
1.971801336129760742e+07
2.024814408269500732e+07
1.978462042441177368e+07
5.667245309566688538e+07
1.389889831540679932e+07
2.823235507300150394e+07
1.264817212442588806e+07
3.488616242179870605e+06
nan
nan
2.728673208855819702e+07
4.150346741177940369e+07
1.138160436912059784e+07
4.443703749382305145e+07
nan
1.395476434847640991e+07
4.053309032483673096e+07
nan
3.478145609828567505e+07
4.076170390527534485e+07
4.324975508399963379e+06
1.645265534352493286e+07
1.600116877983856201e+07
4.607631199049949646e+06
3.212185007286834717e+07
nan
7.686175086063861847e+06
1.818219093634605408e+07
4.336412073041725159e+07
3.703993375754451752e+07
4.356316806852912903e+07
4.126789247471237183e+07
3.536767348552227020e+07
nan
nan
2.473286015935134888e+07
3.941144711562538147e+07
2.115948100273513794e+07
4.764082045477104187e+07
nan
nan
nan
nan
