nan
8.746285316650390625e+06
2.691505121257781982e+06
2.229440797933197021e+07
9.349964706195592880e+05
nan
nan
nan
8.807768235399246216e+06
1.129734084462356567e+07
1.141815144687652588e+07
nan
nan
nan
nan
nan
2.059341656203746796e+07
3.510600571516609192e+07
3.718275125562381744e+07
1.903888018302917480e+06
6.006321089340209961e+07
nan
1.283832405919361115e+07
5.456758172254753113e+07
3.027425856576538086e+07
6.300912697054862976e+06
2.248408488442993164e+07
2.509602665528488159e+07
3.280148907421588898e+06
1.853618144921779633e+06
nan
1.089968407742118835e+07
2.861953063520431519e+07
nan
4.009461355010318756e+07
2.497032229374313354e+07
nan
2.065245712856864929e+07
nan
nan
nan
2.755438897991943359e+07
4.949609261703920364e+07
nan
1.278906510910606384e+07
1.938269712924575806e+07
1.408876567677688599e+07
1.238317423844718933e+07
3.221729867978096008e+06
nan
nan
4.095934918028640747e+07
nan
4.049273368999481201e+07
2.672952956474685669e+07
9.331060380357265472e+06
1.326265584079742432e+07
nan
2.346477731270599365e+07
3.018391242893981934e+07
nan
1.692612335887908936e+07
5.191048903355598450e+07
1.961736812999534607e+07
2.379161307894897461e+07
3.732287133699035645e+07
4.546458279274368286e+07
nan
nan
2.560643039132690430e+07
nan
2.508918642987060547e+07
nan
1.414858976096630096e+07
4.287930945710468292e+07
2.465919009160232544e+07
1.330232025573015213e+07
2.080697930464744568e+06
6.624760918864440918e+07
5.098981084272575378e+07
7.807955178372573853e+07
6.567900850140953064e+07
3.168652138483810425e+07
5.489798385336875916e+07
2.834678529098081589e+07
2.531912397755527496e+07
5.966328279666137695e+07
4.756455847498321533e+07
4.692913069054412842e+07
nan
3.867201740896606445e+07
3.240844030440902710e+07
2.588760125854778290e+07
3.940984108355236053e+07
1.849629056432342529e+07
2.304339736012649536e+07
1.843368517502743006e+07
nan
nan
2.461934075359344482e+07
3.989419287710380554e+07
3.437807061454010010e+07
2.144231333605861664e+07
2.785234928240966797e+07
2.026323279404067993e+07
4.430691587676620483e+07
2.093053908067369461e+07
3.744047574406164885e+07
4.140035740110015869e+07
1.154243962757492065e+07
6.189087849519348145e+07
3.537865589431667328e+07
2.292425540721321106e+07
1.601932227433538437e+07
4.327529349251937866e+07
nan
nan
nan
nan
