3.432431806143236160e+07
4.216410969528198242e+07
3.069469008167743683e+06
5.559151549726486206e+06
nan
nan
4.807979438511466980e+07
1.889986079108905792e+07
4.520613226198577881e+07
3.210960568385696411e+07
1.045215642640638351e+07
1.662578462808990479e+07
1.609673124782276154e+07
nan
2.059924012686491013e+06
nan
2.500900096480941772e+07
4.283159612379264832e+07
5.373087445473670959e+05
nan
4.321841291537475586e+07
3.119610065134429932e+07
6.183039294022560120e+06
1.565645613134384155e+06
8.571912488050460815e+05
2.839544340616416931e+07
nan
2.349427034944152832e+07
5.159850823681449890e+07
2.255488831288528442e+07
1.763145918953657150e+07
1.268736855593132973e+07
3.658750183328819275e+07
2.049174077592849731e+07
5.114281302875518799e+06
3.276817508102798462e+07
5.643182414503097534e+06
4.104614759912490845e+06
2.066284305809020996e+07
nan
2.718409238760375977e+07
3.428212233261871338e+07
1.050313365945816040e+05
nan
1.801345408006858826e+07
1.578062187040710449e+07
1.964961565850830078e+07
5.262179820312309265e+07
nan
2.029196332255172729e+07
6.307726845782566071e+07
nan
1.467633932372713089e+07
2.592053501485824585e+07
2.018656154937744141e+06
4.079780929542255402e+07
2.258573164567184448e+07
1.631180143874359131e+07
2.751293762825775146e+07
1.466885010691452026e+07
4.522999457632255554e+07
2.167580243413543701e+07
2.748462123421764374e+07
3.354132170285987854e+07
1.771739232969093323e+07
3.784678460068321228e+07
1.615179777537727356e+07
nan
4.368098741921615601e+07
nan
3.952656569254684448e+07
3.231660284170055389e+07
3.633922790939140320e+07
2.144655832620429993e+07
3.888014163942718506e+07
nan
3.647793167901229858e+07
3.628526850321197510e+07
1.860845055465817451e+07
2.457994884159469604e+07
4.229118611273956299e+07
7.765198181498527527e+06
1.417045382401955128e+07
4.584175173929595947e+07
nan
5.491258665301513672e+07
3.664096025774717331e+07
2.796095875674867630e+07
7.591735592805862427e+06
3.183758785434341431e+07
2.878163062304592133e+07
2.468555537916564941e+07
2.614736157087934017e+07
6.199245299704170227e+07
7.978286334630012512e+06
1.273500051893234253e+07
1.277969708426284790e+07
1.325399200498580933e+06
3.691144931184196472e+07
4.188519244489097595e+07
nan
8.783134740802526474e+06
nan
nan
3.994624781481361389e+07
8.737093948920249939e+06
3.019489520595312119e+06
nan
1.131299337730407715e+07
4.348789426443481445e+07
5.440927599890327454e+07
7.003901695318222046e+06
2.710414758135032654e+07
3.731901626793384552e+06
2.644998276290035248e+07
1.124532819062232971e+06
nan
nan
9.494775010305404663e+06
