8.972338173330783844e+06
nan
nan
nan
nan
nan
2.543552216490173340e+08
nan
2.830680864059829712e+07
nan
1.352694282877063751e+07
nan
nan
nan
nan
nan
nan
nan
nan
nan
nan
1.988862019024848938e+06
5.199278414193344116e+07
nan
4.669220448630714417e+07
3.690706818664532900e+07
2.575483355771064758e+07
3.292518311328125000e+07
3.318239384687995911e+07
1.502411809625244141e+07
1.276895940794754028e+07
2.071605837092208862e+07
3.177536256393432617e+07
2.956998304638087749e+06
nan
4.554014511667633057e+07
nan
nan
nan
6.237909706100082397e+07
nan
nan
6.408146861717796326e+07
5.305802972219085693e+07
2.059527908824062347e+07
5.014742707839965820e+06
nan
nan
5.653538220564842224e+07
4.031339235782241821e+07
2.750407774219894409e+07
nan
nan
1.972656039864349365e+07
3.083543988139915466e+07
3.116183914893722534e+07
nan
nan
nan
nan
nan
nan
nan
2.284467300408287048e+08
6.374224801193332672e+07
9.882860501239776611e+06
nan
nan
nan
nan
8.067833302843475342e+07
2.199584311430740356e+07
2.866665585255050659e+07
8.199836939549446106e+06
4.201498574943065643e+06
nan
nan
nan
2.804725347614526749e+06
4.086862522162055969e+07
4.403136600929641724e+07
3.674737208205032349e+07
2.145124801122283936e+07
nan
5.301723669381332397e+07
1.860327885847091675e+07
4.061382105740642548e+07
3.766359608226013184e+07
1.901459365919113159e+06
2.150067700470924377e+06
4.997239778808593750e+07
4.530517251405334473e+07
1.894798664375305176e+06
4.171023538591384888e+07
1.041555321078300476e+05
nan
nan
7.653555271434783936e+07
3.811242830491638184e+07
1.093339451397562027e+07
nan
nan
nan
nan
nan
nan
nan
9.490116399170875549e+06
1.625451978230285645e+07
4.090170537456512451e+07
3.223199818439674377e+07
nan
4.132993597813224792e+07
6.499691569805526733e+07
nan
4.970538515044021606e+07
4.235453935511112213e+06
1.410100128304100037e+07
3.797409208013916016e+07
4.222866471150398254e+06
1.222592346398925781e+07
2.554525334456348419e+07
nan
nan
nan
nan
