4.339132733644938469e+07
nan
nan
nan
nan
nan
1.795357643951263428e+08
nan
2.210795617492580414e+07
nan
3.227188616037273407e+07
nan
nan
nan
nan
nan
nan
nan
nan
nan
nan
3.142850647519111633e+07
5.045322862305831909e+07
nan
4.816990213962936401e+07
5.347856632614707947e+07
4.546093989697456360e+07
2.981041551648044586e+07
3.460111000830078125e+07
3.698687751208877563e+07
7.543965302856445312e+07
9.366301697381210327e+07
7.652905776220321655e+07
6.662308135453033447e+07
nan
4.590944361159515381e+07
2.964961064604759216e+07
nan
nan
8.995424499811363220e+07
3.672681321213531494e+07
nan
5.197337508345413208e+07
8.338089038415527344e+07
6.345123434308624268e+07
6.400067778755712509e+07
nan
nan
7.345567966558647156e+07
5.094830888319206238e+07
4.402760021877288818e+07
nan
nan
5.012643611048126221e+07
3.932590144192028046e+07
4.488586481168746948e+07
nan
nan
nan
nan
nan
nan
nan
3.608835957196197510e+08
5.915879364659881592e+07
5.512198610060119629e+07
nan
nan
nan
nan
5.385402467319107056e+07
4.758457889462542534e+07
6.071834220049381256e+07
3.964711809790229797e+07
3.546948351598167419e+07
nan
nan
nan
2.928841703167104721e+07
5.247795638816308975e+07
5.536921412025260925e+07
4.726909465225028992e+07
4.075452324401473999e+07
nan
5.406581585481262207e+07
3.290904892902755737e+07
4.094564480398941040e+07
8.275176280607604980e+07
2.525592919636344910e+07
2.865094224659585953e+07
5.046740105839538574e+07
3.930522632114219666e+07
3.714306365816593170e+07
4.197473439350986481e+07
2.867458788446044922e+07
nan
nan
5.503582574060058594e+07
3.150757201152038574e+07
4.737549276709747314e+07
2.343829180016708374e+07
3.568219341109275818e+07
nan
nan
nan
nan
nan
3.032224105736923218e+07
3.539764765607833862e+07
3.981981566135978699e+07
3.538252209779357910e+07
4.185992020747756958e+07
4.334553691262340546e+07
5.566936552173137665e+07
nan
5.065453249510955811e+07
3.511277542029285431e+07
3.208193742671012878e+07
4.541796910023021698e+07
4.428134524889373779e+07
2.853145896324348450e+07
4.463955066217088699e+07
nan
nan
nan
nan
