8.973883204404354095e+06
nan
nan
nan
nan
nan
nan
nan
3.371282643339538574e+07
nan
1.352616578614139557e+07
nan
nan
nan
nan
nan
nan
nan
nan
nan
nan
5.204879071912765503e+05
5.261927000365066528e+07
nan
4.301565257108688354e+07
3.690897246065151691e+07
2.575645054061889648e+07
2.385494372993850708e+07
4.327061523967742920e+07
3.733171070008850098e+07
6.396181037746429443e+06
2.477551632571411133e+07
3.242816817256164551e+07
1.251452026866972446e+06
nan
2.480047598814582825e+07
1.965317594401741028e+07
nan
1.414069248104171753e+08
nan
nan
nan
2.167566769533157349e+07
1.011912253001403809e+07
6.056574015235900879e+07
nan
nan
nan
nan
3.220856574325811863e+07
5.246915523407936096e+07
5.058669093879508972e+07
2.075817933893585205e+07
5.521632384949111938e+07
3.585779266385498047e+08
1.359036467800064087e+08
6.531431603386497498e+07
2.155899091040420532e+07
3.683072621572113037e+07
3.961821403514862061e+07
3.610383079734039307e+07
nan
2.820936644250869751e+07
4.893467684161758423e+07
nan
4.713828335221195221e+07
nan
nan
3.305684374941635132e+07
3.869741391886901855e+07
2.791964182758331299e+07
nan
4.484614108000946045e+07
9.067032827868461609e+06
1.492476055699253082e+07
nan
nan
2.058809893773841858e+07
5.440240722494125366e+05
3.521544318465423584e+07
3.916570970741271973e+06
3.159300071613883972e+07
1.762373832309532166e+07
6.791159400245666504e+06
5.575263162802124023e+07
1.344574060110807419e+06
2.195629625712394714e+07
3.961209625766515732e+06
2.050894558812332153e+07
1.321224893160915375e+07
6.067475342697715759e+07
nan
nan
3.751905674251675606e+06
3.309401468043518066e+07
6.043882072829246521e+06
8.539692723123550415e+06
1.189305639004325867e+07
2.724123664313888550e+07
9.929092923145294189e+05
3.808577271323966980e+07
nan
nan
5.330526970764732361e+07
nan
3.320248892413139343e+07
nan
nan
nan
1.096807873478031158e+07
4.404292626763916016e+07
2.922181463310813904e+07
nan
2.219109651066970825e+07
1.475221318841743469e+07
1.310488553454130888e+06
nan
5.140140460446929932e+07
nan
4.950657284580755234e+07
7.684950137841820717e+06
nan
nan
nan
nan
