4.426524073483920097e+07
nan
nan
nan
nan
nan
nan
nan
2.196811213727855682e+07
nan
3.233489862370538712e+07
nan
nan
nan
nan
nan
nan
nan
nan
nan
nan
3.144885824511718750e+07
4.938671131928253174e+07
nan
4.855718178411102295e+07
5.240009226389694214e+07
4.431451390831565857e+07
3.078823839587783813e+07
3.522447392707061768e+07
4.597021410549163818e+07
6.328791004407119751e+07
9.080432750467300415e+07
5.396519696110534668e+07
6.024502900907897949e+07
nan
5.405019928240966797e+07
7.279733008023834229e+07
nan
1.509127253936576843e+08
nan
nan
nan
3.864764004462432861e+07
2.637417832729339600e+08
7.606475513239288330e+07
4.956430455755233765e+07
nan
nan
nan
5.389474738744306564e+07
6.346762240331268311e+07
5.279484647498321533e+07
3.765420192677688599e+07
7.773659948196411133e+07
2.249076392502899170e+08
1.021391623196868896e+08
8.695402900976943970e+07
5.628395234007644653e+07
5.407150165619659424e+07
5.853701998348236084e+07
6.186738377490234375e+07
3.887442308353424072e+07
4.887884592604827881e+07
4.992947697974395752e+07
1.764742608320140839e+07
6.657918560370254517e+07
nan
nan
4.445592481059646606e+07
4.897539071336221695e+07
6.732491554001235962e+07
3.644967184001350403e+07
5.560773620155715942e+07
3.209890814919376373e+07
4.569100396826171875e+07
nan
nan
4.196364854647970200e+07
3.677445377729415894e+07
4.917564737722992897e+07
3.700086571376228333e+07
4.328523960528373718e+07
3.440952504643964767e+07
2.902562233435630798e+07
5.043303980328369141e+07
3.890362663084602356e+07
4.457802638015174866e+07
4.983391681396484375e+07
3.809223180301120877e+07
3.445971848344135284e+07
6.255900531316184998e+07
3.239107249839186668e+07
nan
4.371733804431200027e+07
4.853480827233695984e+07
3.608022824205017090e+07
3.504693122613143921e+07
3.957922256242179871e+07
5.053990462025833130e+07
3.791329211796951294e+07
5.644997037928390503e+07
3.673070207391548157e+07
3.164845186772060394e+07
5.192943671994209290e+07
nan
4.448939728394031525e+07
4.289158158914566040e+07
1.828874578264141083e+07
4.180173774058723450e+07
3.903171909435272217e+07
5.487741218941593170e+07
4.758120125887107849e+07
nan
3.826747271300888062e+07
3.593033400163221359e+07
4.545116690987110138e+07
nan
5.944600062865543365e+07
nan
5.848690523765945435e+07
5.325531600628280640e+07
nan
nan
nan
nan
