8.102047679353372951e+04
2.919723996717936097e+04
6.884007087553382735e+04
2.079501989117867925e+04
7.010353708698647097e+04
nan
nan
nan
nan
nan
1.186779703222504759e+04
7.051937945095179020e+04
2.047645287153249592e+04
8.187223178643971914e+04
1.509349443048150715e+04
1.089727785062300063e+04
2.953170223116967827e+04
2.353981839659089383e+04
1.967762111319253745e+04
4.331230909232779959e+04
2.082819127773202854e+04
4.363057752088194684e+04
1.929723671575742264e+04
nan
6.328642886018677382e+04
6.635774457073278609e+04
6.679031386621620914e+04
6.303238530640178215e+04
7.309720268246166233e+04
6.831939264494206873e+04
nan
nan
nan
nan
6.718401905385061400e+04
nan
nan
nan
nan
nan
4.037739597017288906e+04
5.479473736871625442e+04
4.445120761367868545e+04
6.188072865171808371e+04
3.387029214431539003e+04
2.143958392060416008e+04
9.648363756780756376e+03
1.518647956568876543e+04
1.395928820386011830e+04
3.634143925952241989e+04
1.751219815605631811e+04
2.071218496169047648e+04
1.445148321573552676e+04
3.010662335728501785e+04
3.531771319759843027e+04
2.578312676203077353e+04
2.158474673183098275e+04
3.223787311213124121e+04
7.265429380393108659e+03
2.380319335310507813e+04
1.323858295079612617e+04
2.868557703198520903e+04
2.172214292892561571e+04
3.138987587877095575e+04
3.154554093347927483e+04
2.691520470540961105e+04
2.808410591626932364e+04
2.553958501447095841e+04
3.234942948386937860e+04
3.424950128597773437e+04
3.228097737333239274e+04
2.993495901849155052e+04
3.386727739128626126e+04
2.504700281522649675e+04
2.956734943730636587e+04
2.794378821926529054e+04
3.086440028881088074e+04
2.329434976189297231e+04
2.687979567306362878e+04
2.326208739453863745e+04
2.794388809165019484e+04
2.542119438763839207e+04
2.330289512802386525e+04
2.522418364823776210e+04
2.422841301102297439e+04
2.617684774356022535e+04
2.643110072936636789e+04
2.601364346442253009e+04
2.666335170971634216e+04
2.613798523672587544e+04
3.067063790304985741e+04
2.577688956551842784e+04
2.454361348296693541e+04
2.480965743723749256e+04
2.137103180190860439e+04
2.157417303398288641e+04
1.943551016090922712e+04
1.983939687458729531e+04
1.962055426176779292e+04
2.246196651883723462e+04
2.096235878476594371e+04
1.814306303931573711e+04
2.125159960833719379e+04
1.882568511605629828e+04
2.578307663264131043e+04
2.165448788493002212e+04
2.436109025752474190e+04
1.753450819243986552e+04
1.690500024601185578e+04
1.456885116087826464e+04
2.518222172346783191e+04
2.667350969149832235e+04
2.222112091351324125e+04
4.656526014430336363e+04
2.333916833913493610e+04
3.716756285316849971e+04
1.289409380956547466e+04
3.373855081744555355e+04
3.736854829927519313e+04
2.200115492301212726e+04
4.796078667412308278e+04
3.228451837720999902e+04
4.316417993471302179e+04
1.382263690149440299e+04
7.078797311269234342e+04
5.782648708713262749e+04
8.600025647588334687e+04
6.563805366021546070e+04
8.722574782418237010e+04
5.865314894182953867e+04
7.081860720262241375e+04
7.171546698172480683e+04
5.762423698438324209e+04
8.567617063493910246e+04
6.648957754628249677e+04
8.244446905420746771e+04
5.046676810213699355e+04
8.058499224167149805e+04
8.012900447723583784e+04
8.378409903569087328e+04
5.489032423713715252e+04
5.272960317068538279e+04
6.210968711309586797e+04
7.042407385658253042e+04
6.960182576391920156e+04
7.783470008007352590e+04
7.026093068608193425e+04
8.517151549172740488e+04
5.460630554309064610e+04
6.907297876878880197e+04
7.115394050517630239e+04
7.118462010523487697e+04
6.201302357000295160e+04
8.155874941560153093e+04
6.768450132711073093e+04
7.949381895936095680e+04
5.571907287412614096e+04
nan
7.346893171025301854e+04
7.529875925476675911e+04
7.731260993992123986e+04
7.782721681750960124e+04
7.030159216281455883e+04
7.322316458002636500e+04
7.944912372001774202e+04
7.575655916075827554e+04
7.798024751390825259e+04
7.264070902024954557e+04
7.885904454983878531e+04
7.963592418507061666e+04
7.917444403105769015e+04
7.566175624818705546e+04
7.129477153216987790e+04
7.661381785545287130e+04
7.586531180586585833e+04
8.036214086952344223e+04
6.980067845500007388e+04
7.309233626385802927e+04
7.070610454963160737e+04
7.310638119993118744e+04
7.085610769312505727e+04
7.963944210010106326e+04
7.089629947716808238e+04
8.026567694755236153e+04
6.987256431276194053e+04
7.814496146052682889e+04
9.407391061234186054e+04
7.200100635321348091e+04
6.043610708770727797e+04
nan
8.367984630120293878e+04
7.643006028021902603e+04
7.548582935226013069e+04
7.518859673586634744e+04
8.430938578713200695e+04
7.780473222195255221e+04
7.602773224445304368e+04
7.767530380905146012e+04
7.493700724529655417e+04
7.962983659763018659e+04
7.764408465276130300e+04
7.428518343541580543e+04
7.578284271155657189e+04
7.880437777068636206e+04
8.052992664206623158e+04
7.569232283590274164e+04
7.777415753953225794e+04
7.543697834899928421e+04
8.659548938570645987e+04
7.951764950554324605e+04
8.697388403243069479e+04
8.303195189942805155e+04
8.337816211834934074e+04
7.414577116028971795e+04
8.841920715181471314e+04
7.515659739121932944e+04
8.192835519501390809e+04
5.620657123244835384e+04
6.963528617852566822e+04
5.719073820671250724e+04
6.981475308112605126e+04
nan
2.136111312006775188e+04
1.408526193680106189e+04
1.837140010377530780e+04
1.838392821557329444e+04
2.044952989570859427e+04
1.446528355628311874e+04
1.426240549386457678e+04
1.523201387315020474e+04
1.731625017561601271e+04
1.431351078091347154e+04
2.371878544726726250e+04
1.624064315468516361e+04
1.774661427400583852e+04
1.465585746621088219e+04
3.250560811709655900e+04
3.314181165638023958e+04
1.974459710595272190e+04
2.227833695575195816e+04
3.061803002307469433e+04
2.503519945657216886e+04
3.141084655240335633e+04
2.669137274741633519e+04
2.507964435370218416e+04
3.198584057777438647e+04
2.804351448014530979e+04
2.141944746790397039e+04
2.021752593739244912e+04
2.027589846204692731e+04
2.461202131971969720e+04
1.908404229884360393e+04
3.201736176495574909e+04
2.150834636545931426e+04
3.005414982071659688e+04
1.887783276547937203e+04
3.384006884363120480e+04
4.217647562479398766e+04
3.422169198558863718e+04
4.228474224019121903e+04
3.999209945916335710e+04
4.402972207269277715e+04
4.534835917634546058e+04
3.983317199336104386e+04
3.958314697581640212e+04
4.101533573111890291e+04
3.393938558674732485e+04
3.746781999331625411e+04
2.845059163032942524e+04
2.796717675492696435e+04
2.826707982623502539e+04
3.126912272859383302e+04
2.794108909833355938e+04
3.095845732459971987e+04
3.004158768854303707e+04
2.923435798573554348e+04
2.731607680233435167e+04
2.838589310374956040e+04
3.148600744044946987e+04
3.018457071273391921e+04
2.838085412777103193e+04
2.808866012001054332e+04
2.941153136499414541e+04
2.873965354702721015e+04
3.239278981343889245e+04
2.707034252889600248e+04
2.831529739080602667e+04
3.176821207421374129e+04
2.879644093997659365e+04
2.975092603814192989e+04
2.891800408860341850e+04
3.183253202002777107e+04
3.019897191193281105e+04
2.949872756793966255e+04
3.108691541993997816e+04
3.145685791490713382e+04
2.892463826292943850e+04
2.652210162440070053e+04
nan
nan
6.552911337456098408e+04
6.160924313582159084e+04
7.643470172599088983e+04
6.615532017546700081e+04
7.115076589037453232e+04
5.045960240863879153e+04
6.543628481553659367e+04
7.435970787107531214e+04
5.224070534235279774e+04
7.224929913337904145e+04
6.026063368198705575e+04
5.656542754412580689e+04
5.119236250017635030e+04
4.655403526392501954e+04
5.714233452423905692e+04
5.968166123413996684e+04
4.959492028072115500e+04
7.390133180321029795e+04
6.287777196772093885e+04
4.191274851906259573e+04
3.354477178826740419e+04
3.140356661671519396e+04
3.651691321233993222e+04
3.746714014629667508e+04
3.517390503064151562e+04
4.612416104053406889e+04
3.706499577187145042e+04
4.101690554113494727e+04
2.905303725101561940e+04
5.517250623853849538e+04
5.720459989546461293e+04
6.279692202624581842e+04
5.363081780719686503e+04
6.578464582792148576e+04
5.972926328583469149e+04
5.886490610943524371e+04
4.798699102385118022e+04
nan
nan
3.789976526119127084e+04
3.467938497005461250e+04
3.489915832691692776e+04
4.198151082065475202e+04
3.582075255720678979e+04
4.050189655306921486e+04
3.199569026006211061e+04
3.045638517465522818e+04
3.452661697273374011e+04
3.231213811072146927e+04
3.500666804312509339e+04
3.775617131382397929e+04
3.251689423996099504e+04
4.148412362296132051e+04
3.318715548423127620e+04
5.872492870764955114e+03
1.339131448808995628e+04
1.416883777222363642e+04
4.754421865923019141e+03
5.021362512014484309e+03
6.304045977492391103e+03
3.518267482056653989e+03
9.462084265775423773e+03
4.367154966630655508e+03
1.198338369734872504e+04
4.034404543060823198e+04
4.610955716506254248e+04
3.899630682483594137e+04
5.889837212021360756e+04
5.885976729882120708e+04
5.616935995034466032e+04
5.285073703726660460e+04
4.976766534377189237e+04
4.563926581168694247e+04
5.023955381054548343e+04
3.809352882506108290e+04
5.563509897569753957e+04
nan
nan
nan
nan
nan
nan
4.268725251868595660e+04
5.267029093271895545e+04
2.151738461579044451e+04
2.412271385502078556e+04
2.110789368701628337e+04
3.710291723703683965e+04
3.498383680188432481e+04
3.674154853893492691e+04
3.621520317958105443e+04
2.132847783642932336e+04
1.538891411852954479e+04
2.525421486975970402e+04
2.344442636711777959e+04
2.666066876294607937e+04
5.667135759800862434e+04
5.526667032028417452e+04
3.947031012663040019e+04
5.499310017787302058e+04
5.942321263154022745e+04
5.115398115110719664e+04
6.113849104115613591e+04
4.708579904501268174e+04
6.307265083342232538e+04
5.896363472771250963e+04
6.076313114793129353e+04
5.013637699933596014e+04
5.053768993192610651e+04
6.401703691479515692e+04
4.803775731537156389e+04
5.641821397868361237e+04
3.682979857701726723e+04
4.363879070118251548e+04
4.195412253914999019e+04
3.830831804739274230e+04
3.515271697367658635e+04
5.532635742044790823e+04
3.749559878173805919e+04
6.287152379201709118e+04
5.225398626569732005e+04
5.054814739078079583e+04
4.782483114666539041e+04
6.162556642795872176e+04
4.662942222072536970e+04
7.429471689837571466e+04
5.375716868094418169e+04
nan
nan
nan
nan
5.145953252310021344e+04
4.274055067738365324e+04
4.842010706666436454e+04
4.970364070296371938e+04
4.591080368488826207e+04
4.222077049733105378e+04
4.297480274818900216e+04
4.929317471470441524e+04
4.796993421158870478e+04
4.416896865243680077e+04
3.990472648865947849e+04
4.884910674250107695e+04
4.325370909787492565e+04
5.151533264979307569e+04
4.405044462436384492e+04
4.389004736922545271e+04
4.997748626351897838e+04
4.513371495150465489e+04
4.689922410622102325e+04
4.473268673524196493e+04
4.801593331475336163e+04
4.944951919618302054e+04
4.564336588759642473e+04
5.449811405229535740e+04
4.952610155363526428e+04
4.574055952556185366e+04
4.501675982874722104e+04
1.306337336073573169e+04
3.002832648302991583e+04
3.148585103633988911e+04
2.174280842189573013e+04
2.180949280354859002e+04
2.341207380128755540e+04
1.459732252987099855e+04
2.562710776543911925e+04
1.447460043478598891e+04
3.059228972969605820e+04
3.242134768091751175e+04
3.025160926766792181e+04
3.389747057166067680e+04
4.314166899751697201e+04
1.654503926309951930e+04
3.837040192277389724e+04
1.773683700897062590e+04
4.721407423671770812e+04
5.715045101397591498e+04
6.079582912868563290e+04
6.917416346576770593e+04
3.678808026628939115e+04
6.510112797731655883e+04
3.815705603222663922e+04
7.191812588660066831e+04
3.359026583471483173e+04
2.497200457179196019e+04
5.320435240555219934e+04
5.328746621899348247e+04
4.952734035537119780e+04
4.446175243417888851e+04
4.049265412610676867e+04
3.367439966278555221e+04
4.095997434794010042e+04
2.361965579485097987e+04
4.956434090905062476e+04
nan
2.903759567304325537e+04
3.415379077961799339e+04
2.151759880302086458e+04
3.199021341229019163e+04
1.459086826769603431e+04
2.800208541963975586e+04
1.721810983413267604e+04
1.143758638870445066e+04
7.028829623734868619e+03
1.198116157619711339e+04
6.890891584533642344e+03
1.675953876897154259e+04
1.721532426924630636e+04
2.061325280550909883e+04
2.005850524616962139e+04
1.776125748566912443e+04
8.802806860748942199e+03
1.174999916868066248e+04
7.390132687103546232e+03
1.109331821677897824e+04
2.293171170159557005e+04
2.885820286085765110e+04
1.835253108190083003e+04
4.815284406283756107e+04
3.234064124818186247e+04
2.080828064284313587e+04
3.640072964307498478e+04
2.349767461888468461e+04
4.358502923430111696e+04
4.177288597796905378e+04
4.360000616395502584e+04
4.771498235407102766e+04
4.200378065167040768e+04
3.908548188341152854e+04
4.169675347713732481e+04
2.355361107429474578e+04
3.353433944924188836e+04
8.232530280719904113e+04
7.179549179570423439e+04
5.539827725609195477e+04
7.407239043146334006e+04
5.515709901103959419e+04
8.103435588559330790e+04
8.110550548255433387e+04
8.780985946541989688e+04
8.695607303473207867e+04
8.229393508280688548e+04
6.991437544401243213e+04
7.325910366079441155e+04
6.579780420979677001e+04
7.154621341079563717e+04
9.167416967960158945e+04
7.689127154191781301e+04
9.792437032471121347e+04
9.556442334232077701e+04
9.776948248744942248e+04
9.751798845542885829e+04
8.930019946922828967e+04
8.766813496187154669e+04
9.110951985231968865e+04
7.637933439216957777e+04
9.004827169646169932e+04
nan
7.444219485201608040e+04
7.789166490186180454e+04
8.316871737471001688e+04
8.032126604565852904e+04
7.075563745411553828e+04
8.135419961390642857e+04
7.361603298447241832e+04
8.514282135213621950e+04
8.548004898082492582e+04
8.264928701434700633e+04
8.630869325339801435e+04
8.164189312391281419e+04
7.790690684242153657e+04
8.554551791099863476e+04
7.164576101773780829e+04
8.095979477969839354e+04
6.283381246405926504e+04
6.393649380252186529e+04
7.266718643125268864e+04
6.705056493530453008e+04
6.163622159057226236e+04
7.178102166512442636e+04
5.445844089429123414e+04
6.143963592942778632e+04
3.460716645871623041e+04
2.515839693816662111e+04
3.778489207688574243e+04
2.551967963064484866e+04
4.258212403139737580e+04
4.222826730483559368e+04
4.862874744660279248e+04
4.825117482707193994e+04
4.340353630394612264e+04
3.586718970621409244e+04
3.655030875437811483e+04
3.120321143490433678e+04
3.463569236787909176e+04
2.075454791175940045e+04
3.796958156629637233e+04
1.978122416156455074e+04
2.302028647546722641e+04
1.904922073240863028e+04
1.855781172067315856e+04
2.772359548742715560e+04
2.744758065448376510e+04
2.484282903072072440e+04
3.800099200812289928e+04
3.058431653429343351e+04
2.030541461155513753e+04
1.475626596187578252e+04
3.416875124333146232e+04
2.761097229470260936e+04
5.942464323052157852e+03
1.191276475125200523e+04
1.375291477570308052e+04
3.610918753575893788e+03
1.326111529734437318e+04
1.355769633912757854e+04
1.311912078513502820e+04
1.995248997031884210e+04
1.672795045205930364e+04
1.991521252963781444e+04
1.991906997777580182e+04
1.088653119977272581e+04
1.067334672408528058e+04
1.230706875036253223e+04
1.357054546162794577e+04
1.074238027941054497e+04
1.220001663259280940e+04
1.253585564380514370e+04
1.597033335351820097e+04
1.262862424008335620e+04
1.472749480164493070e+04
1.536482817583610085e+04
1.710966497928978788e+04
1.071049195557162602e+04
1.122723114637051731e+04
1.064890847871893493e+04
1.452231904549628416e+04
1.459602895042454111e+04
7.777401358631982475e+03
4.266657505905688595e+04
2.734917516528192573e+04
2.894988002494502871e+04
3.338703695529422839e+04
3.205339014762721854e+04
3.283302222915172752e+04
3.491869286590051343e+04
2.738373332434058102e+04
4.062541826292259793e+04
3.293634215965762996e+04
4.969289658590787440e+04
4.411068196548773267e+04
5.698501199541434471e+04
4.989940932613569748e+04
nan
5.025753742561914987e+04
5.078819411147249048e+04
1.979298151314909410e+04
2.102535500655774013e+04
8.061701654936164232e+03
8.609000188597552551e+03
7.916093357643828313e+03
1.730658716300862943e+04
1.159086493622714443e+04
2.185971912298661846e+04
3.606194539565788546e+03
1.293324831105242083e+04
1.979296330574974490e+04
8.086162055488463011e+03
1.948299988569730340e+04
7.941536828203515142e+03
3.066477438235701356e+03
1.094571307239051021e+04
1.554563625046780362e+04
6.262365148431197667e+03
4.156736891100734283e+03
1.051050004655771045e+04
1.927979297199929715e+04
1.046767887073745078e+04
2.305617521597716041e+04
1.251174713633624924e+04
3.231286010935622471e+04
7.629494002320449908e+03
1.011500659370323228e+04
1.970658538434317597e+04
2.321275601048562385e+04
2.107675311208886706e+04
1.717010781110473545e+04
1.845469172805966082e+04
1.756362197052173724e+04
1.620999962738143586e+04
2.389248750826656033e+04
1.728139257959372117e+04
1.738400828963937238e+04
2.270199996468632162e+04
3.761033602672905545e+04
2.940840235728186235e+04
3.906300480696219165e+04
4.351848904469724948e+04
3.423653934240692615e+04
5.580987022413342493e+04
4.614285524184336828e+04
nan
nan
nan
nan
nan
4.343695280642217404e+04
4.139721520942694042e+04
4.188479056097313878e+04
4.489258311793199391e+04
4.564328859860468219e+04
4.547704246183359646e+04
4.812275685792219883e+04
4.641394270570372464e+04
4.447266712800187088e+04
4.772548792017344385e+04
4.326898246423299133e+04
4.559751004413179908e+04
4.646303796422486630e+04
4.436567354754100234e+04
4.666573719841198181e+04
4.405857755227696180e+04
4.799514916611333319e+04
4.801237233227936667e+04
4.963648355097356398e+04
4.968889442118470470e+04
4.823220964449443272e+04
4.587141317780624377e+04
4.653782112459043856e+04
4.538698242110103456e+04
4.636776104770148959e+04
5.402035752944473643e+04
5.404921014764697611e+04
5.590530269793929619e+04
5.520156596272001480e+04
5.264358689832644450e+04
5.585631426448957063e+04
5.173310056232585339e+04
5.474746562028787594e+04
4.580481293040784658e+04
4.210029196479578241e+04
4.509917143374981242e+04
4.020352769882121356e+04
4.511682488157429907e+04
4.215500570794910891e+04
4.227224098179197608e+04
3.955273672087809246e+04
3.976832642342335021e+04
4.006100712120953540e+04
3.681764632309273293e+04
4.126449304933701205e+04
3.637386457238860748e+04
4.160558120361037436e+04
2.241291170414940643e+04
2.047351822106335385e+04
2.402252155367570595e+04
2.221697728254131653e+04
2.095007407744270677e+04
2.180602838856013113e+04
2.297851100875468910e+04
2.653607277528417035e+04
2.167848331498297557e+04
2.246576359835105904e+04
2.116573527525718964e+04
2.359941684716549935e+04
2.620158510445111096e+04
2.552162224966533176e+04
2.539143773310099641e+04
2.516920428955279203e+04
2.125663379561450347e+04
2.543609478022486292e+04
2.073278202853889889e+04
2.443471500757059039e+04
2.120918198681346621e+04
2.729740128846902371e+04
1.016990314799162115e+04
1.475344920676053698e+04
1.159074142718944677e+04
1.142333127386444175e+04
1.064024417982008708e+04
1.589460936984729233e+04
1.755139827758549654e+04
1.639703542459102027e+04
1.395129003542559258e+04
1.731940184020803281e+04
7.985469754192729852e+03
1.294341003819961043e+04
1.156491382285926738e+04
1.414003687838969563e+04
1.523728757533374846e+04
1.882735508433521318e+04
1.073845040177586088e+04
1.714144521533282750e+04
1.042583268324456185e+04
1.786729610828591467e+04
1.205490362062028180e+04
1.512683772029284228e+04
5.953529433247458655e+03
1.452734153584262640e+04
2.449221753647259447e+03
1.278010728630456651e+04
2.108559909139942829e+04
1.466939844259355596e+04
2.021705564056022195e+04
1.396844029624550058e+04
2.409502084798888245e+04
2.483247459273948334e+04
2.643665885774977141e+04
2.517188581586753571e+04
2.507895952170063538e+04
1.734624710016963581e+04
2.065873028864419757e+04
1.787166289320199212e+04
2.073082770046110454e+04
2.856411700401970666e+04
4.020082372955280152e+04
3.973043437411301420e+04
3.559022999726797570e+04
3.627591372226360545e+04
3.627772349990293151e+04
3.215392054809580077e+04
3.938212033997831168e+04
2.994907697058159465e+04
3.760949866666604066e+04
3.581801737508505175e+04
4.231915129685948341e+04
3.325502688722501625e+04
3.989631791535347293e+04
3.024482605406776929e+04
3.458273777544260520e+04
2.977589352065041021e+04
3.960288423081476503e+04
3.893048986506299116e+04
3.902064811102869862e+04
3.818423236492538854e+04
3.524807696477700665e+04
3.367912499363742245e+04
3.578481074082715350e+04
2.930947787243854327e+04
3.692714305894159043e+04
nan
nan
nan
nan
