4.473911486850013171e+04
3.922224751636349538e+04
3.903923032418682851e+04
4.851557281751067057e+04
2.322418052786041881e+04
6.290938098610797169e+04
8.663033128525402572e+04
1.529171786724511549e+04
1.080888100057016709e+04
1.080385405684892612e+04
3.027016504676799741e+03
4.511181414036393835e+04
1.400291615366559563e+04
2.730708479968803294e+04
2.542813224514272588e+04
2.965966829260316445e+04
2.754486531578794893e+04
2.939624875328781491e+04
7.289096334140273393e+04
7.250876936865747848e+04
6.769688125590472191e+04
6.701681056602303579e+04
6.728497935484509799e+04
6.667036514751298819e+04
5.958584755593981390e+04
4.192564871091066016e+04
4.163876899397932721e+04
4.324228750083866180e+04
4.142056042433266703e+04
1.423971335967936830e+04
1.293693736836249082e+04
1.786089374101689464e+04
1.790908820449622726e+04
8.219945098701364259e+03
7.944507728201817372e+03
2.725062401023366328e+04
2.335259652117459700e+04
2.258731501301133176e+04
2.402954581852128467e+04
1.767956005284742423e+04
1.772824908851658256e+04
1.371045032315662866e+04
2.253859777630656390e+04
2.174458204980026858e+04
2.323936042497305243e+04
3.341017305902473890e+04
1.251348487492540698e+04
2.637181502294922757e+04
2.900253041229027076e+04
2.811407085565376838e+04
3.401252398505686870e+04
3.462131743561546318e+04
2.802111254494845343e+04
2.527771211566012062e+04
2.867394830775171067e+04
2.512694588718067462e+04
2.854088359490396761e+04
3.426239892737409536e+04
3.486662794541811309e+04
3.425171366048124037e+04
3.485613375548795011e+04
2.813022863821216379e+04
2.921333122586590616e+04
2.916455399646835212e+04
2.599902759758275715e+04
2.411816588412231431e+04
2.428536845665532019e+04
2.706682049863092107e+04
2.713427868231823231e+04
2.832159790890270233e+04
2.708177055114013638e+04
2.646861459678771280e+04
2.662111102584239416e+04
2.501145214612628115e+04
2.486117421397785438e+04
2.596725030557204445e+04
2.612266254189494430e+04
2.448037329945396414e+04
2.432682597672098200e+04
1.991482345661064392e+04
1.897759870689960371e+04
1.939998056785331573e+04
1.894590263344631239e+04
2.033940542707201530e+04
2.054737703804735065e+04
1.766898477057832133e+04
1.790790682447891595e+04
2.110031587775686057e+04
3.034630716490676059e+04
2.719317729577182399e+04
1.819873007149543264e+04
1.880433466481596042e+04
2.407093203744435232e+04
2.885244576306975432e+04
4.084641235285667062e+04
2.237113975759117238e+04
1.838073480709675641e+04
1.909979350907216212e+04
3.015768961469549686e+04
2.208920837050900445e+04
1.793639123053245567e+04
1.867253097089318908e+04
3.548023618762185652e+04
3.871594048868510436e+04
3.864941670003250329e+04
1.808949587818725558e+04
3.810304396788493614e+04
3.803545319888280937e+04
1.789139400915537408e+04
5.985140606127757928e+04
5.714025658254163864e+04
6.814680797403473116e+04
6.786575085684699297e+04
6.741377930879725318e+04
6.833951859736196639e+04
7.301166182858341199e+04
7.237520064499929140e+04
7.265259315338241868e+04
5.416325651987965830e+04
5.461930859376470471e+04
6.294357217882073019e+04
6.822667800564506615e+04
7.395816830447346729e+04
7.085021611979405861e+04
7.033980768207166693e+04
7.434681411368475528e+04
6.587203741561593779e+04
6.630803258548109443e+04
6.414508145330101979e+04
6.726510757692949846e+04
5.740853144003531634e+04
5.794218483709842258e+04
5.355570907844653266e+04
5.858066156786957436e+04
6.462295120590711304e+04
6.459668583830507123e+04
6.714291493320002337e+04
6.711762743169431633e+04
6.762073750306390866e+04
6.541351790170487220e+04
6.538756741605289426e+04
6.590377065839366696e+04
7.247591079219568928e+04
6.793906441887155233e+04
6.951153261635142553e+04
6.979562657080996723e+04
6.913691838208846457e+04
7.034888437667563267e+04
7.458015930442932586e+04
7.461389664105871634e+04
7.306415541432306054e+04
7.799679450039152289e+04
7.012440661612141412e+04
7.040605027146071370e+04
6.975305393784420448e+04
7.917627997294317174e+04
7.558000849690714676e+04
7.095459258438447432e+04
7.515210086253103509e+04
7.518558425543672638e+04
7.449729118812220986e+04
7.934179813248210121e+04
7.161582127821494942e+04
7.189167609466628346e+04
8.050180408681703557e+04
7.696678661095288408e+04
7.242907231078564655e+04
7.654654946934935288e+04
7.657942957248624589e+04
8.100125532238288724e+04
8.147000624114456878e+04
8.226612949652694806e+04
5.944035783425172121e+04
8.498681015627775923e+04
8.524553733203060983e+04
8.777242829485457332e+04
8.750540035859589989e+04
7.672200078450687579e+04
7.804181113935513713e+04
7.522764716142539692e+04
8.034765074199582159e+04
8.105477502063091379e+04
8.124567636172384664e+04
8.080769697045991779e+04
7.862234407540924440e+04
7.991047372138430364e+04
8.145142251265783852e+04
8.175917118190044130e+04
7.716514696606382495e+04
8.134914008451272093e+04
8.040095077399823640e+04
8.110760562417976325e+04
8.129838162664283300e+04
8.086069067002269730e+04
7.867682468113819777e+04
7.996406810650421539e+04
8.150399334621845628e+04
8.181154219239106169e+04
7.722066556425686576e+04
8.140177766335598426e+04
5.783289432965403830e+04
5.769167629403296451e+04
6.044236868452822819e+04
6.081660155845047120e+04
1.540151591564022965e+04
1.541921635957958824e+04
1.493208372485946347e+04
1.427321988201803288e+04
2.343830105932233710e+04
2.290609020081869312e+04
1.430359671630769662e+04
1.432265101658313506e+04
1.379694152385408415e+04
1.308114536214709005e+04
1.800137262554497283e+04
1.780402149182160792e+04
1.784565992217140229e+04
1.833083453562662180e+04
3.304924178789187863e+04
3.539448654673298006e+04
3.289952425633672101e+04
3.179872595262335744e+04
3.309576919762965554e+04
3.543795190392233053e+04
3.294626197966985637e+04
3.184707084469203255e+04
2.118875272280753416e+04
2.064740188289759681e+04
2.057563636794652848e+04
2.728110669450265050e+04
2.580963754608286399e+04
2.824816213677927226e+04
2.587434115184800976e+04
2.588772961769634276e+04
2.775883156969890842e+04
1.885073442699702719e+04
1.885048563374205696e+04
1.948810845159126256e+04
4.027152349946033064e+04
3.845536493576539215e+04
4.265998958671566652e+04
4.119081257589549932e+04
3.941647595803305012e+04
4.055919936679685634e+04
3.875633757441982743e+04
3.814895470524020493e+04
3.819681791753276048e+04
4.375984668582740414e+04
4.232837664062918338e+04
4.060319391215546784e+04
2.847704197317461512e+04
2.868437737018107146e+04
2.851962609143255759e+04
2.880712941931273235e+04
3.134790891197268866e+04
3.198774653160921662e+04
2.914557373651818489e+04
2.849690664114057654e+04
3.305015073706713156e+04
3.404438456072109693e+04
3.129671883582288501e+04
2.876412979052965238e+04
3.440594564142006129e+04
2.848274879116801822e+04
3.365680935197967483e+04
2.827969871422343567e+04
2.848847557040348693e+04
2.832258061536736204e+04
2.861207116730632697e+04
3.116881636524068381e+04
3.181227213904814198e+04
2.895280415400385027e+04
2.829970240385938087e+04
3.288037281362891372e+04
3.387961386057168420e+04
3.111733038710702385e+04
2.856877687281639010e+04
3.424292375864053611e+04
2.828544549106072736e+04
3.349012208096066752e+04
5.825160973340630881e+04
5.848747362822789728e+04
6.122120986939425347e+04
6.144558697390355519e+04
6.465792785758768878e+04
6.487032170622456033e+04
6.168732456584322063e+04
6.190999855224365456e+04
5.643071612605523842e+04
5.667421773849597957e+04
7.103009355138550745e+04
7.122332362579353503e+04
6.687890827992127743e+04
6.708420998008121387e+04
4.485131528665433143e+04
4.478652093326133763e+04
4.489241807470544882e+04
7.243458808502856118e+04
7.262404590368040954e+04
3.763800034796747786e+04
3.916543350229810312e+04
2.862815764021001814e+04
3.951835946753899043e+04
4.097533216282389185e+04
4.203532082998182159e+04
3.386509044299619563e+04
3.219119039302284000e+04
3.669613078981430590e+04
3.826141582148414454e+04
4.736902751283546968e+04
5.515223085796509986e+04
5.209911510122165055e+04
5.450803693378950993e+04
5.521621594829503010e+04
4.739902941765143623e+04
4.759187987666687695e+04
5.197054398476534698e+04
3.261713778236562575e+04
3.576513170200949389e+04
3.624047247758107551e+04
4.069822212182056683e+04
3.378177960903040366e+04
3.683143967094241088e+04
3.843559694053923158e+04
3.986841725283828418e+04
3.729336085579589417e+04
4.070353691515250102e+04
3.378816808547702385e+04
3.683730473926091508e+04
3.844122019993721187e+04
3.987384108157103765e+04
3.729915414922621130e+04
5.640393869484835704e+03
5.677456544332297199e+03
3.069164200161950703e+03
5.314648097458340089e+03
5.353955778385626218e+03
2.420160195557986754e+03
8.266384020573661928e+02
5.212158486567643195e+03
4.734073533111352845e+03
4.760966355432297860e+03
4.147736296145538654e+04
4.067726047697244212e+04
4.693241324160200747e+04
4.728652755384767079e+04
4.878209196110234188e+04
4.875700349531870597e+04
4.909785123147659760e+04
5.086272341985979438e+04
5.053938915803448617e+04
4.532209003700550238e+04
4.568879300664856419e+04
4.289939192144109256e+04
4.359159356969750661e+04
4.329148552016256872e+04
8.194701672187753502e+03
3.427493025796594156e+04
3.470485312010254711e+04
3.326446545750601217e+04
2.923753021470666499e+04
3.743677113718717010e+04
2.991935957019300258e+04
2.904391215723168716e+04
2.978308039910114530e+04
8.456984503246558234e+03
9.595949856181176074e+03
8.914923534162047872e+03
5.928244282834509067e+04
5.964793412293328583e+04
6.081926791409054567e+04
6.042162721189705917e+04
6.042283866956640122e+04
6.545753085357302189e+04
6.029934191903903411e+04
6.145813563731764589e+04
6.106469862782373093e+04
6.106589719619505195e+04
3.918878485947651643e+04
6.447020817765929678e+04
6.239901223334935639e+04
3.446164468241453869e+04
4.701980839839874534e+04
4.569474023205698904e+04
5.765472896751086228e+04
5.630376700298221840e+04
5.803057662887084734e+04
5.911797254601069289e+04
5.948448453079260798e+04
6.065900687015372387e+04
6.026029757547553163e+04
6.026151231006814487e+04
5.474491678460541152e+04
6.400210590016046626e+04
6.691192352970132197e+04
5.960949043573647941e+04
6.448786259201703797e+04
5.882154458446438366e+04
6.679485157572422759e+04
5.449952878839161713e+04
4.996620881690907845e+04
4.965388656601323601e+04
5.496078393774478172e+04
4.383038410478478181e+04
5.033253972534473723e+04
4.601300216015791375e+04
4.465854998880563653e+04
5.002244996112702211e+04
4.608819773445664759e+04
4.166212029740239814e+04
4.687708281077304855e+04
4.366856864345799841e+04
4.224138422537791485e+04
4.417761122163062828e+04
5.063600843154215545e+04
4.634416255927518796e+04
4.499949631111443887e+04
5.032774707241724536e+04
4.164874845541172544e+04
4.649144541624464910e+04
4.409366734805260785e+04
4.611994061795394373e+04
4.169718996826269722e+04
4.690829904076434468e+04
4.370204622298335016e+04
4.227597865714420914e+04
1.268022061766472689e+04
1.515671003143573762e+04
1.316603119467075885e+04
1.666548152006155578e+04
2.394277195331943221e+04
1.215772799710546133e+04
1.266351740337600313e+04
1.228101530488900789e+04
1.278194788429573964e+04
1.748886577632632543e+04
4.145724630223493295e+04
4.145975660591234919e+04
3.218957375321851941e+04
3.219280301115127440e+04
1.705057463947573706e+04
3.419211671267782367e+04
3.419515761968702282e+04
1.786374248060281025e+04
5.257114568556276208e+04
4.980206239740266028e+04
4.936638695293055207e+04
3.618547577351328800e+04
3.738777469437498803e+04
5.298717143950216996e+04
4.440825381852866121e+04
3.402399376849448163e+04
3.296423587100757140e+04
3.341449890320283885e+04
3.455706125213312771e+04
3.351405842849439796e+04
3.395707550728626666e+04
3.421096116560829978e+04
3.315714194018165290e+04
3.360483600942801422e+04
3.133302479128731648e+04
3.180624235185265934e+04
2.824886409771640319e+04
1.154152129700272417e+04
1.852574203814491193e+04
2.419241231253022488e+04
2.416349571571590786e+04
2.415997964356316879e+04
6.292549831620834084e+03
1.955300572931898569e+04
1.063686938146271677e+04
1.540289931424206225e+04
1.729107367743796931e+04
7.486046647901107463e+03
6.433249161742108299e+03
1.460902775827168625e+04
1.365110380631368753e+04
1.707322022398995250e+04
1.737445946788394576e+04
1.042653015699414027e+04
1.742432720660751511e+04
1.687133879922215419e+04
5.421969013171250845e+04
3.224136636542304404e+04
2.257217465729675314e+04
5.120136263350509398e+04
4.381043171330532641e+04
4.407221894840883760e+04
4.372117494458449801e+04
4.434033571807322733e+04
4.353936838125505892e+04
4.642798296278280759e+04
4.668264372229226865e+04
4.459497839202925388e+04
4.485221091646632703e+04
4.450728673424068256e+04
4.511571731339818507e+04
2.483806924354029616e+04
3.423931265871183859e+04
6.662684341273768223e+04
6.592299829491577111e+04
6.620857831740861002e+04
8.080996660531681846e+04
6.938958171155404125e+04
6.784554898685339140e+04
6.882502536634478020e+04
6.061750526159579022e+04
5.458754256603626709e+04
7.496044437663200370e+04
7.421385579260236409e+04
7.417348744490412355e+04
7.415375282708767918e+04
6.037084687015282543e+04
7.838245289488462731e+04
7.873497216432035202e+04
7.970281945433095098e+04
9.032814513467537472e+04
8.863711871902128041e+04
8.960049716353628901e+04
8.789567211118407431e+04
8.686081470947006892e+04
8.069422599095424812e+04
7.915327152356458828e+04
8.011612741288576217e+04
8.602106725394137902e+04
7.722017479945646483e+04
7.951985419119079597e+04
8.249438198622509663e+04
7.752547495444091328e+04
8.295779211178093101e+04
7.641416327788722992e+04
7.509877596524788532e+04
7.541256457008303551e+04
7.149304630154329061e+04
7.071710387428588001e+04
7.427001248863164801e+04
6.942744707673702214e+04
7.103071333265877911e+04
7.024971741373260738e+04
7.382488737801265961e+04
5.270667249652712053e+04
5.429367604838140687e+04
5.394045044265558681e+04
6.810584632088207582e+04
6.786607374567071383e+04
6.827575526347530831e+04
5.510104529944875685e+04
5.475299297734775610e+04
4.404731785589540232e+04
4.334016691921496385e+04
4.260246150013276201e+04
2.578780053905377281e+04
4.307435692096762068e+04
4.233204325256959419e+04
3.516456961373490049e+04
3.572308228295306617e+04
3.536945529269539838e+04
3.500913378747420938e+04
3.546676934082169464e+04
3.580162088816372125e+04
3.503382834263940458e+04
2.864055848149407029e+04
2.954107720752920068e+04
3.464732854512867925e+04
3.435024193807108531e+04
3.588211644792305742e+04
3.645785536603572837e+04
2.119190402534475288e+04
2.179013631690165130e+04
2.156727935625750615e+04
2.866254905398950723e+04
2.956237450527830515e+04
1.698508615723334879e+04
1.387936580355847764e+04
2.223216158702987741e+04
1.386745839930409966e+04
1.022587561595602710e+04
1.087083516774113923e+04
1.016709882362386634e+04
1.256342770236977412e+04
1.314823523396741439e+04
1.665469819852027649e+04
1.684177155409312400e+04
1.170469103246930717e+04
1.172986754316678162e+04
8.443941800386690375e+03
1.338168486047357874e+04
1.027797303878844104e+04
1.185277246475748871e+04
1.030664663505283170e+04
1.160952648684088672e+04
1.148394132847839683e+04
2.074113504647680384e+04
2.090656650505196740e+04
1.669236940705231609e+04
1.674762650610803394e+04
1.316796865154232182e+04
1.494291102793791106e+04
1.349865843991352813e+04
1.096952484449181975e+04
1.042761845249858197e+04
1.107129455148171110e+04
8.904987661536551968e+03
8.955659595363327753e+03
8.926918682285699106e+03
3.185828386604058687e+04
3.685199932690556307e+04
2.846770563146081986e+04
3.434564391173187323e+04
3.165171024815341298e+04
2.695847874040415991e+04
3.860494291655624693e+04
3.920945405695495720e+04
3.622107315238438605e+04
2.688233201173642374e+04
5.021077824809427693e+04
5.109280480207682558e+04
5.025929329923927435e+04
5.114047423851487110e+04
5.104476507300125377e+04
4.441022113784254907e+04
2.187896315504333324e+04
1.188329927593058346e+04
1.458964710335215750e+04
1.315995100965680831e+04
1.510012658957641361e+04
1.346991855362229217e+04
3.781797306428805769e+03
4.769464449327779221e+03
1.313575550664506954e+04
1.507901975450825557e+04
1.344627663419211240e+04
4.135784016710800643e+03
1.166493791206925562e+04
2.177855745151184601e+04
2.071538422576201265e+04
1.764608141174258344e+04
1.668058914355706293e+04
1.896320398000396744e+04
1.560188033843222729e+04
1.722687105520797559e+04
3.750600802338433823e+03
5.816262131815692555e+03
2.736174871933651229e+04
2.705636818673969537e+04
5.190693295625612336e+03
2.722411187774727659e+04
5.827787912607921498e+03
2.066527408739996463e+04
2.049537084374432743e+04
2.093653501236391094e+04
1.895285839507928904e+04
1.876749636426657889e+04
1.794977204078243085e+04
1.924820818945614519e+04
1.834881008477045179e+04
1.751158754030132332e+04
1.751679520798356316e+04
2.861955808817213256e+04
3.100946120179000718e+04
3.277288249127648305e+04
4.074930611092015897e+04
4.468084314597740740e+04
4.245111427422169800e+04
4.303983123626792803e+04
4.438129838688705786e+04
4.202885853458438942e+04
4.090346716663865664e+04
4.244071177260426339e+04
4.183325652907563926e+04
4.360895104331973562e+04
4.547989539953872008e+04
4.533722678050083050e+04
4.520040791966728284e+04
4.451290292266941105e+04
4.437356067623023409e+04
4.677665063053045014e+04
4.608097484353844629e+04
4.487661105978091655e+04
4.596413754948093265e+04
4.762701205868578108e+04
4.688007264124580979e+04
4.603313140205429227e+04
4.789305748704419966e+04
4.715030553231768135e+04
4.540888032414027111e+04
4.854184761373356741e+04
4.780911073666371522e+04
4.748980964659518213e+04
4.636961423261297023e+04
4.731347818671123969e+04
5.376851200938381953e+04
5.230122713589836349e+04
5.172918508658769861e+04
5.128153958690408035e+04
5.231975444056929700e+04
5.081110572046558082e+04
5.472451639604844240e+04
5.081229571995732113e+04
4.460852084038806788e+04
4.483404184937017271e+04
4.514395795427217672e+04
4.508759268326746678e+04
4.546234822188588441e+04
3.823486491759021737e+04
4.108130945483781397e+04
3.611567348419063637e+04
3.911379257043477264e+04
3.925783950594840280e+04
4.203589119651603687e+04
3.607848189914119575e+04
3.907936009243415901e+04
4.008519274433888495e+04
2.509677214995945178e+04
2.485090281194029012e+04
2.698877250757164438e+04
2.429691786393765506e+04
2.423967210687674742e+04
2.398513333121916003e+04
2.227803277245518984e+04
2.619280983203452706e+04
2.341093128841821817e+04
2.556051504048172865e+04
2.531910900045889139e+04
2.742083555739991789e+04
2.020196519113330942e+04
2.461970088266484527e+04
2.436939096940128002e+04
2.269300736821276951e+04
2.380504769098974793e+04
2.052849811130086164e+04
2.298388463523688552e+04
2.408236175960379114e+04
2.318533863496025151e+04
2.333766063020472575e+04
1.702206941892069881e+04
8.974885345444299674e+03
8.397873179203417749e+03
9.002729925626799741e+03
1.586470356132975394e+04
9.483738431046407641e+03
8.939807026992884857e+03
9.510084992991036415e+03
1.056346160635923843e+04
1.007811852118466049e+04
1.058711473441816270e+04
1.019855833489044744e+04
9.694921446714104604e+03
1.022305783271451219e+04
1.599830970197098759e+04
1.515703475189781784e+04
1.579377520464709050e+04
1.463589298555617461e+04
1.371173120481268234e+04
1.441214302933748695e+04
4.665590200974167601e+03
3.059468677902326363e+03
9.881306421742772727e+03
1.073132860760428048e+04
1.003730628565463667e+04
1.008613735459796953e+04
1.450363444438520492e+04
1.444093497438344275e+04
1.437797517298170715e+04
1.479613909634585616e+04
1.473468224272128646e+04
1.467298080639747786e+04
2.430492093786023906e+04
2.460508320292543794e+04
2.426751525860113543e+04
1.980133209974744022e+04
2.016844062591086549e+04
1.975542507919866330e+04
1.970942068480619855e+04
3.823557902093293524e+04
3.880354539154447411e+04
3.834650045678419701e+04
3.820278517808859033e+04
3.877122979581561231e+04
3.831380113074607652e+04
3.972598631332509831e+04
3.983277618953157798e+04
3.993126882153111364e+04
4.003751370075516752e+04
4.285349315035899781e+04
3.393653513663334161e+04
3.357692848959018011e+04
3.414244401083132834e+04
3.705105953877938009e+04
3.722152802025776327e+04
3.707536113355862472e+04
3.695032218714019837e+04
3.700518193498420442e+04
3.808149384244428802e+04
2.898650513029400463e+04
2.920385492020434322e+04
2.901752837598406768e+04
2.885776687458962624e+04
2.892790300142545311e+04
3.029115808998886132e+04
