nan
nan
nan
nan
nan
1.055457909364093794e+05
nan
nan
nan
nan
8.581488331605636631e+04
6.503964501103471412e+04
6.832070934056717670e+04
7.151501555788819678e+04
6.877074020786638721e+04
7.143355341964757827e+04
6.882656344132640515e+04
6.280729959001333918e+04
8.210899228690248856e+04
7.588221269234651118e+04
nan
3.694652402603709925e+04
2.177006694542129117e+04
3.208924586711317534e+04
3.449594503452115168e+04
3.175327067680855180e+04
2.689019864915841390e+04
1.643191673459645972e+04
3.399387022921012249e+04
2.806029860289909630e+04
3.591471042837642017e+04
2.303167096765018505e+04
1.784465269001869819e+04
1.992780983511255545e+04
2.168361308773912242e+04
1.948488326959179903e+04
3.182800037677076762e+04
2.051453969501669417e+04
3.967119289816399396e+04
2.064421838980902248e+04
nan
5.497043295655636030e+04
5.305745333967811166e+04
5.670265774592976231e+04
5.228012039671236562e+04
5.428428807560943824e+04
5.448083098125748802e+04
5.896049443774100655e+04
2.611947966459856252e+04
2.858162537743824578e+04
2.231949267559170767e+04
3.169690421328355660e+04
3.106603883366305308e+04
2.418227587342657716e+04
2.902914109691978956e+04
2.802742204776595099e+04
3.009995449093131174e+04
2.718432759552166317e+04
2.379918850088399267e+04
2.854883467400633162e+04
2.230121328722227190e+04
2.558691044224247889e+04
2.892352582385420828e+04
3.325418901575155178e+04
nan
2.817788555483982782e+04
2.657464422780093810e+04
3.395702877196617919e+04
3.451418149897216063e+04
3.201262085274347191e+04
5.026336320541178429e+04
3.190246717588834872e+04
4.488979446975827886e+04
2.560644024497152350e+04
2.832495682820457296e+04
3.009917691358570664e+04
3.210993385900248904e+04
2.908568807760969867e+04
3.165839361792684576e+04
3.083734001988383898e+04
3.066825666346996513e+04
2.859132071766859008e+04
2.947047450622097313e+04
3.205496443024202745e+04
3.114259764257990173e+04
2.987679739726781554e+04
2.919195527725949432e+04
3.035184835825792470e+04
2.968511733960894708e+04
3.289234571102468180e+04
2.898631545518729035e+04
2.940807918145676013e+04
3.229472360077382837e+04
2.985856843254082196e+04
3.119041655222920599e+04
3.122086314630939160e+04
3.367079951387799520e+04
3.115774907239247113e+04
3.181767888918959216e+04
3.167271812879900972e+04
3.270657980536302784e+04
3.011860041637915128e+04
2.875645738637843897e+04
2.980341544119934042e+04
3.502254603780557954e+04
3.187477928340052677e+04
3.771417580625495611e+04
3.495035693930338311e+04
3.611272647786863672e+04
2.916688306052199187e+04
3.167879901592854731e+04
3.738127074996412557e+04
2.986414132456683728e+04
3.700633789508164773e+04
3.170145128874717921e+04
2.964220534722884986e+04
2.854907623688391686e+04
2.734682457545075522e+04
3.020073686154463212e+04
3.264143905531513155e+04
2.815856034193332016e+04
3.800260573355858651e+04
3.202433038875849888e+04
2.914198100394945141e+04
4.281999743583316740e+04
1.893921317605672084e+04
1.932468525778763433e+04
2.066569164184934925e+04
2.285296323919381030e+04
2.746128554340506525e+04
3.123155186145798871e+04
2.640057557623400862e+04
4.387572564345794672e+04
2.304208422086565770e+04
2.421000634738620647e+04
3.202215531932825616e+04
2.655870055452219458e+04
3.030080301246382442e+04
2.271604280121814372e+04
2.849970498321317064e+04
3.304336947480293020e+04
3.269332591580273584e+04
2.557643912357071895e+04
1.986771493469659981e+04
3.098030952120929942e+04
2.649559032725788711e+04
3.330264231208964338e+04
1.834492918554295466e+04
1.921889485924927430e+04
2.049236271575896171e+04
2.246588333633939692e+04
2.429670490385029552e+04
3.022634185606085885e+04
2.167957323118388376e+04
3.397414005053199071e+04
2.194318521897325263e+04
3.397123489297639026e+03
2.166914606898063357e+04
6.885473721873778231e+03
2.916406410784588297e+04
6.182542049714235873e+03
2.495522534263027410e+04
2.994253236334261237e+04
3.858806541848551569e+04
3.663090753630110703e+04
3.025640127935474084e+04
2.472294854758614383e+04
3.369423089092502778e+04
2.765304308649523591e+04
3.547319731678394601e+04
2.581293448304223421e+04
2.599957732136058621e+04
2.602116058548204455e+04
2.700103331506537870e+04
2.570659108380297403e+04
3.915525551111617824e+04
2.625646417921020839e+04
3.658020964892503980e+04
2.497729952260456048e+04
nan
nan
nan
nan
nan
7.493356538129890396e+04
7.176475179830918205e+04
6.253924356036016979e+04
2.706145909054680669e+04
2.970003740985008335e+04
2.855080632668988255e+04
3.100612637181131140e+04
2.676957464844853530e+04
2.600957024651032407e+04
2.884961313089665418e+04
2.783558174420680734e+04
2.793893117876940596e+04
2.955492596943980607e+04
3.364785544960133120e+04
6.868207953830489714e+04
6.927081205855423468e+04
7.554810752177493123e+04
7.644543945268429525e+04
7.345073286393312446e+04
6.970425290742776997e+04
6.913027834740318940e+04
7.754690880280913552e+04
7.590759285339569033e+04
7.050920164508017479e+04
7.359887181271766894e+04
6.942191439077358518e+04
7.642657088343519717e+04
7.458787339259128203e+04
6.601775625376054086e+04
7.249921709739552171e+04
7.380865180090485956e+04
7.553590580646782473e+04
7.123576626023609424e+04
6.760785635551350424e+04
7.615183908092021011e+04
6.759531164727355645e+04
6.953909348001865146e+04
7.245179122493743489e+04
7.353786201586545212e+04
1.044543191158599948e+05
9.607566833732055966e+04
nan
nan
7.530862954132643063e+04
7.057785580030360143e+04
7.703777939309412614e+04
6.922443820365841384e+04
9.014843360314318852e+04
7.265421082606361597e+04
7.018382030462422699e+04
7.969848214175637986e+04
7.247719402280561917e+04
8.266015140673459973e+04
7.945181748009745206e+04
8.397914334111887729e+04
8.825472105876114802e+04
8.068532893950217112e+04
8.554764808393608837e+04
8.299671911939480924e+04
7.278055925063820905e+04
7.544919260136110825e+04
6.080268227707991173e+04
5.913066989238668612e+04
5.544977186736629665e+04
5.710404804776984383e+04
5.578953841135189577e+04
5.565212202578785218e+04
6.111831873889172857e+04
4.820632291480212007e+04
5.421880851246966631e+04
2.632294391989176074e+04
3.041783704517676961e+04
3.079472502696547235e+04
3.462754191746767901e+04
2.827216474691528492e+04
2.687409897335258211e+04
3.262922056864333717e+04
2.781938770842593294e+04
3.145426637698594641e+04
2.382018514859902643e+04
2.822519793919290169e+04
2.603153274804097236e+04
3.327808525388139969e+04
3.032056591032149299e+04
2.364344742506880357e+04
3.669902287413452723e+04
2.874769318203424336e+04
3.611927481510739017e+04
3.333858756873133098e+04
3.574529321208727197e+04
3.918108764807485568e+04
3.561807782947544183e+04
3.186135498562510111e+04
3.814992807270043704e+04
2.517442051927456123e+04
3.043818111715049235e+04
2.916042631796133355e+04
5.273836232318105613e+04
4.954653752504355361e+04
4.485652000123944163e+04
4.741442954116602778e+04
4.541550381281633599e+04
4.311842681763240398e+04
5.466839325751266006e+04
3.270816871256416198e+04
4.268122106777728186e+04
6.414844574108583765e+04
6.071370041532780306e+04
4.564085954028050037e+04
6.046321565571299288e+04
4.470826189378919662e+04
6.712188440520515724e+04
6.805161356010239979e+04
6.975973567737451231e+04
6.807509886453482613e+04
6.856076295422998373e+04
5.502587772750190197e+04
6.081388821418514999e+04
5.449073790200220537e+04
6.023942792378441663e+04
2.899257122292619533e+04
5.416475720518220623e+04
5.366058623598153645e+04
4.513029889868923055e+04
4.708151909978725598e+04
4.645149556023450714e+04
3.940622064283555665e+04
5.271355285802575236e+04
3.211706108908959504e+04
4.775662754970286187e+04
2.763785955226496662e+04
3.010550679810351357e+04
2.522440111424306815e+04
3.826421616449893190e+04
3.174021965419024855e+04
nan
nan
5.801880253627864295e+04
6.056230314653929963e+04
5.547688296277610789e+04
6.379913340590727603e+04
6.134254714247413358e+04
3.904672312003238039e+04
4.261046276539176324e+04
3.624349397508456605e+04
3.409076606133532187e+04
3.965239722909707780e+04
3.652227979171321203e+04
3.684568513051993796e+04
3.576242386998054280e+04
3.973649925676934072e+04
4.051890603659227781e+04
3.464750617488918942e+04
3.775745340713195037e+04
3.700221956905844127e+04
3.997610130109888996e+04
3.780696044553505635e+04
4.156781409773875930e+04
3.336339696061886934e+04
3.787625764721655287e+04
4.029854279306692479e+04
3.431591407708862243e+04
3.878676068022637628e+04
3.492552929574022710e+04
3.423430341020012565e+04
3.129509308305651211e+04
3.554188702540459781e+04
3.341470945595300873e+04
3.598346957143129112e+04
3.288566740741364629e+04
4.005329153123979631e+04
3.782068311346671544e+04
1.004248365661351818e+04
7.969683808430812860e+03
9.546635889871697145e+03
1.126799853755122422e+04
9.802121472167582397e+03
4.993968840923186690e+03
3.253186146168285177e+03
3.483152644566250274e+03
2.623676668032542239e+03
4.638948193189008634e+03
3.653063871523820126e+03
4.202275505575909847e+03
6.820931953375345074e+03
4.163122037807351262e+03
1.481817393890699350e+03
2.805621769759227391e+03
5.808756214174309207e+03
7.342282119044227329e+03
3.214224387655050123e+03
3.977715870490084853e+03
1.869152570478904636e+03
6.849845307221038638e+03
7.677644007837393474e+03
6.031340591081298044e+03
6.266348900321293513e+03
7.047589447440059303e+03
4.484016649511706419e+03
5.339856387338629247e+03
1.436134740070127464e+03
5.558231151748726006e+03
2.061783420537204074e+04
1.950134768803301631e+04
1.627750820281849883e+04
2.097031870251404689e+04
1.437877001702814050e+04
1.769473996718077979e+04
1.775958120275260080e+04
2.439378283616716362e+04
4.252752140674343536e+04
4.481414235057815677e+04
4.599824638724212855e+04
4.383112665002090216e+04
4.114049971269721573e+04
4.111914133714279160e+04
4.594834969958553847e+04
4.538872876023672143e+04
4.325956011486019270e+04
4.444755851927513140e+04
4.055572003964188480e+04
4.695061490774119738e+04
4.460455589722579316e+04
4.028202121113371686e+04
4.345591613763932401e+04
4.423011681709133700e+04
4.490646199320464075e+04
4.233896438320741436e+04
4.182237525974422897e+04
4.452955828956983169e+04
4.029571724590814119e+04
4.417192833960713324e+04
4.292234495866508951e+04
4.659565195279708860e+04
3.724196175814890012e+04
4.695417806723164540e+04
4.135727920923040801e+04
4.568158425519848242e+04
4.471763005696565961e+04
4.213919073112578917e+04
4.384714115179062355e+04
4.174359082321234018e+04
4.873251982003620651e+04
4.378578017296019971e+04
4.163569269588286261e+04
4.287031796343365568e+04
4.495855471956048132e+04
4.674923099901443493e+04
4.489040795677540154e+04
4.328018452521720610e+04
4.599479813851893414e+04
4.172825172790397482e+04
4.435109064325673535e+04
4.220683139059196401e+04
4.634463042394993681e+04
3.555478614780529460e+04
3.598372697189937753e+04
3.275003360653399068e+04
3.486754798406497139e+04
3.315510580963727261e+04
3.392942869431367581e+04
3.058876372358974913e+04
2.973468578413151408e+04
3.335502846962204057e+04
3.086931215103315481e+04
3.399003269680106314e+04
3.472003989885793271e+04
3.523848476890011807e+04
1.415406257259636004e+04
2.064477342706602576e+04
2.078632908431770556e+04
2.839376246067191096e+04
2.157824820737118353e+04
2.520517059220642841e+04
1.374064505028642452e+04
2.272592853042471688e+04
2.689216124770992246e+04
1.438466300531216984e+04
2.526670243779334851e+04
1.992400137569798972e+04
1.843976586537326511e+04
1.573882463489179827e+04
1.341569198172293545e+04
1.864346356534508595e+04
1.796205642820395587e+04
1.491681137071680314e+04
2.568195487106724249e+04
2.154070527891817983e+04
3.030473215470193827e+04
2.790323951686101645e+04
2.571589049049341702e+04
3.218675725143379168e+04
2.065113907441537958e+04
2.406467444318930939e+04
6.888226967053565022e+04
6.525728616624358983e+04
7.490830094109124911e+04
6.188965726441998413e+04
5.953154148612302379e+04
7.202094876432424644e+04
6.320768108499514346e+04
6.888563219822432438e+04
6.632410251624764351e+04
6.894402830503958103e+04
7.460327739460280281e+04
6.672652279567587539e+04
7.264077047003836196e+04
7.215372245700820349e+04
6.272506695274357480e+04
6.006075186147836939e+04
2.709971885262556680e+04
2.909761829165605013e+04
3.407400654790784756e+04
2.141659634872522292e+04
2.217541186868774821e+04
2.379828014540857475e+04
1.786079855835674607e+04
2.021973957030383099e+04
1.655388293332061585e+04
2.491829079702854142e+04
2.680489400221276446e+04
2.502773585195363921e+04
2.243675039094968452e+04
2.647354865050096851e+04
1.617358409945757012e+04
2.181839321339679009e+04
2.001080926671931593e+04
2.310605268745905050e+04
6.483938130915122747e+04
4.092997657356012496e+04
4.560878910658174573e+04
1.000997904035721876e+05
4.773265152047979063e+04
9.310215155364814564e+04
3.716138451761854958e+04
3.740598578288003046e+04
4.140398389743651933e+04
3.660083638052532478e+04
4.404535160573817120e+04
6.492620392354849173e+04
3.695489209047612530e+04
9.791649874110755627e+04
4.111449468728128704e+04
1.008184262611990125e+05
1.182170358369731839e+05
1.053674834069017816e+05
8.031515372339976602e+04
9.749594264843277051e+04
8.106639799229054188e+04
1.048508706940442644e+05
8.656707121121196542e+04
5.994624656152755051e+04
5.843045542865739117e+04
6.889304989403559011e+04
6.896205140304555243e+04
6.715028241744599654e+04
7.571199996633092815e+04
6.482865134846680303e+04
7.415521284224504780e+04
5.938535612230205152e+04
3.606417673511312023e+04
2.353214549440436167e+04
3.318440591182178468e+04
2.362076744585356573e+04
1.565152477477039974e+04
1.483265141663508984e+04
1.286893353390784978e+04
1.719160825525475229e+04
1.436360407245956230e+04
1.414527960615675875e+04
1.551527341423643338e+04
2.059047181661337527e+04
1.080673606245220617e+04
9.943273473875478885e+03
1.508053618616157473e+04
5.047467132108205988e+03
8.980397898661034560e+03
8.412839768282654404e+03
1.331459399666073296e+04
6.910423748025261375e+03
8.200810481422900921e+03
6.653933385206005369e+03
1.287657475714718748e+04
1.475045867131427985e+04
1.078401777643909554e+04
1.076683099239895091e+04
1.125292295377867049e+04
5.501798969434314131e+03
1.137079285077917666e+04
5.344372629909868920e+03
1.515457316777886444e+04
1.359059205256698078e+04
1.577952258353130128e+04
1.479718151218922139e+04
1.098953769273288708e+04
1.495278631593885075e+04
1.184927101389281052e+04
1.625029633848076628e+04
1.653511283935016036e+04
1.536950014018930779e+04
1.687930249988560900e+04
1.497792134575195087e+04
1.382726687918697098e+04
1.648142149473624886e+04
1.097639678199278387e+04
1.546952206075009781e+04
2.528802290271335005e+04
2.351393950321340162e+04
2.682694429098311593e+04
2.393108356226056276e+04
2.697085526744130038e+04
2.664005707683236324e+04
2.850017429493681993e+04
2.910318439338491589e+04
2.693367827218774255e+04
2.634604626750514944e+04
2.612441008796532697e+04
2.515232072123965190e+04
2.539652540273938212e+04
2.898681178278788502e+04
2.682259762287216290e+04
2.336339290611535762e+04
2.721856873502922826e+04
2.333654933551736758e+04
2.885991456357221614e+04
2.889406783254418406e+04
3.046854546973585093e+04
3.028697278783706861e+04
2.916443171446588167e+04
2.627372322900242580e+04
2.704506454477419175e+04
2.542483475360931334e+04
2.672926349805025166e+04
2.198126684268330428e+04
1.976380288632191514e+04
1.669318240070372849e+04
2.020569551856719409e+04
1.664423544093953387e+04
2.166694287113139944e+04
2.163239438914004131e+04
2.320557625364805426e+04
2.307068616055456732e+04
2.189362768480120212e+04
1.936734301034235614e+04
2.005530567981752756e+04
1.856826376523811996e+04
1.971374598565245833e+04
2.605594059908729469e+04
2.654962088083216440e+04
2.228547662830632180e+04
2.297677348477633859e+04
nan
2.122870694902232208e+04
2.140393434729801811e+04
2.347617798601842514e+04
2.241707040022975343e+04
1.973904325397907087e+04
2.345346348386395402e+04
1.861053336901675721e+04
2.202153072926054301e+04
1.340558863908098647e+04
1.611321997868504877e+04
1.079581721428797573e+04
1.597120594724115290e+04
2.216645488630545515e+04
2.713441849032482423e+04
1.769051619278706130e+04
nan
2.075366513603006752e+04
1.688990696620591916e+04
1.890857903743925999e+04
1.333648458852736985e+04
2.595992967997249798e+04
2.823983303938689642e+04
2.981527040283948008e+04
2.190912876833534756e+04
1.955851640210088590e+04
2.802272176725786267e+04
2.252592784928157198e+04
2.815161621876380741e+04
1.862042172164174190e+04
1.785926577812948381e+04
1.964855551971609020e+04
1.985389719034246809e+04
1.846671747263789439e+04
2.650399265249809832e+04
2.054604256414327392e+04
2.858389363240749663e+04
2.105862184732918104e+04
4.365056002462667675e+04
4.676802467575408082e+04
4.178513766665983712e+04
4.593958255627691688e+04
4.031570386104773206e+04
4.032202712512365542e+04
3.739990594804988359e+04
3.745497033234491391e+04
3.981377824667021923e+04
4.108330729144007637e+04
4.262736770707359392e+04
4.402945479758848523e+04
4.355494234750494070e+04
2.608448314475830557e+04
2.511710802423580753e+04
2.258398320042093837e+04
2.761246402346855393e+04
1.956248681701119858e+04
2.446846428195915723e+04
2.207051048764329244e+04
2.946833061759151678e+04
2.839986557839200032e+04
2.170129269339772145e+04
2.937597536948645939e+04
2.805568330722800965e+04
2.721162792186973093e+04
1.849356638584879693e+04
nan
nan
nan
6.534045280221302528e+04
6.115637465469888411e+04
6.746652459905688011e+04
6.216922989316190797e+04
4.287992736753269855e+04
4.616393964694573515e+04
4.010476985927475471e+04
4.065385909112593799e+04
4.048620696762933221e+04
4.095970303207582765e+04
4.302875872615318076e+04
4.373078958100963791e+04
4.259639614959309256e+04
4.629029264794105256e+04
4.226366443847508344e+04
3.502957996355672367e+04
2.788234277496603681e+04
2.844765434646428548e+04
3.347247368933029793e+04
3.012878172063268721e+04
3.563201244508053060e+04
2.303752652248773666e+04
2.992964049744455406e+04
3.573161192258172377e+04
3.158009515533085141e+04
2.905342374027461119e+04
2.579221923493462964e+04
2.904344751681960042e+04
3.230873134803756693e+04
2.728501406206716274e+04
3.487232621806579846e+04
3.008746459903727373e+04
3.254958452890345870e+04
2.683807684037873332e+04
nan
3.480645330943733279e+04
3.065419424983036151e+04
2.363100288309487223e+04
3.522118837220511341e+04
2.939175146101572318e+04
3.364210018755174679e+04
2.722058230837030715e+04
3.057170587366953987e+04
2.840341098917640556e+04
3.661943993041792419e+04
3.256042357614942011e+04
3.016570600561767060e+04
3.595925927543218859e+04
2.718029611265435960e+04
3.625799300035760098e+04
3.623171040786540107e+04
3.973110907247021532e+04
3.841321292484676087e+04
3.664101653397110204e+04
3.214248026505637245e+04
3.338280547438943177e+04
2.668411369580916289e+04
3.266683027467465581e+04
1.071294678860161002e+04
2.042688446811605172e+04
9.696570300164075888e+03
1.324208862431451416e+04
8.446720820574579193e+03
1.441174933775847785e+04
1.720790099214751535e+04
2.175632227455275279e+04
9.144441340546756692e+03
8.005023336323122749e+03
1.847750223050443674e+04
9.700008785937467110e+03
2.119973081972845102e+04
1.460762758842501171e+04
1.115336440296167348e+04
1.344338526788787931e+04
1.298758562338801676e+04
8.755467250347559457e+03
1.141298102084835045e+04
1.232289142328866001e+04
2.192723785537582080e+04
8.186773403897003845e+03
5.562502252296823281e+04
2.654320226850473409e+04
5.453862013270929310e+04
1.094883029367357085e+04
1.449374905677270363e+04
1.232615687517780680e+04
1.401316966012995545e+04
2.940392273610780467e+04
3.427855480538023403e+04
2.584220354860649604e+04
5.555021127198797330e+04
2.513332870782998725e+04
4.378958954753611033e+04
3.458789297999764676e+04
3.889008315470084199e+04
5.325326794580487331e+04
3.788845356261194684e+04
4.994253908005008270e+04
3.098386088594568355e+04
2.987547801285211608e+04
3.560970334722791449e+04
2.954875384121973912e+04
3.728387522541361250e+04
4.299238214382862498e+04
3.065567329995504406e+04
5.218980280885706452e+04
3.703877945033379365e+04
nan
2.707867485678401135e+04
2.416785957797657466e+04
3.017050674113223431e+04
2.049011578302688213e+04
2.643794096562857885e+04
2.465564181621396347e+04
3.326028845564890798e+04
1.431677940934984144e+04
1.316512776436353488e+04
3.327593107615721237e+03
6.819208952131843034e+03
1.637558322947989109e+04
5.516180665930141004e+03
5.907935180765686709e+03
5.668249981943615239e+03
6.098762747912144732e+03
3.418926036901641055e+03
6.119028252182753022e+03
2.782811282914146432e+03
7.341171939540879066e+03
5.032761664971822938e+03
1.157070495211501839e+04
3.895064145333464694e+03
4.764692032791201200e+03
4.810156787413053280e+03
2.957572536061857318e+04
3.105077933112623214e+04
2.342569833687217761e+04
3.545850821547285159e+04
3.077874644764680488e+04
3.435664906334757688e+04
2.364097014493755341e+04
2.129366998664877610e+04
2.647487283070119884e+04
2.722339807906685382e+04
2.583344903324899133e+04
3.615652260877246590e+04
2.592010602960586402e+04
3.716897368964656926e+04
2.121384660116831947e+04
4.823692464964415558e+04
4.897965325072166888e+04
5.387488049210560712e+04
4.963221462334517128e+04
5.702062797797160601e+04
4.657738866124096239e+04
4.959796007330797147e+04
5.272607958147256431e+04
5.126722892071453680e+04
5.156106900028885138e+04
4.931393705412268173e+04
5.297363803852017736e+04
5.524719773045593320e+04
5.044372073696230655e+04
5.685948870226886356e+04
5.311498082984126813e+04
5.165522796127054607e+04
4.949046330783734447e+04
8.249595555522294308e+04
8.643987957241912954e+04
8.232257681438488362e+04
8.724179208492561884e+04
7.986934404766542139e+04
7.703164983196128742e+04
8.074065945824678056e+04
8.586784111675636086e+04
8.015195934110994858e+04
8.550837731590717158e+04
8.443809224006395380e+04
8.115833756061806343e+04
7.940927327929739840e+04
8.020628599783527898e+04
8.363873782366188243e+04
8.289997409192787018e+04
7.990727335543345544e+04
7.929372557773925655e+04
8.288236101327631332e+04
8.030640321359859081e+04
8.400524365840894461e+04
7.959799003483260458e+04
8.100544940365871298e+04
8.727028447058697930e+04
8.139273690358710883e+04
8.172637545182633039e+04
8.063675256684570923e+04
8.278169553642987739e+04
8.318946642448547937e+04
8.119505156458649435e+04
8.564581682366717723e+04
8.402753849839579198e+04
8.165737845944924629e+04
7.794315816516193445e+04
nan
nan
nan
nan
