2.266307378667413286e+04
1.472463947617594567e+04
2.603516039065338555e+04
8.716485134342083256e+03
8.922783468185469246e+03
6.286588437635099581e+03
6.590890779963799105e+03
7.453741218468262559e+03
1.434071685166238785e+04
7.366808182942165331e+03
2.801379375144836376e+04
5.882226760167019165e+03
2.661066745328392062e+04
1.362644576202929784e+04
1.432947680391125141e+04
8.445646778091974056e+02
2.468553366582134186e+04
1.478736793903603939e+04
2.300867259173659477e+04
2.425566761574120846e+03
7.828068303569290947e+03
5.728287294110507901e+03
5.300248859276136500e+03
4.749461563778933851e+03
2.515672534998283300e+04
3.266980619674592162e+03
2.763481888934993185e+04
6.298056262220002282e+03
5.934622679001252436e+03
1.612708944673787119e+04
7.262216538397206932e+03
1.124468312653003886e+04
1.317152448722287227e+04
1.139105549223089474e+04
1.512243028866872010e+04
6.421812284778138746e+03
9.346559388154621047e+03
4.529058794269712052e+03
1.674887893044584416e+04
2.014992892316961297e+04
1.644658094733527469e+04
1.237972201457793199e+04
1.945478050476223143e+04
5.614022776204239563e+03
1.172383901655530099e+04
8.757590582259799703e+03
1.390007886152063293e+04
1.381046134197313040e+04
1.368154283145826776e+04
1.588927854356960961e+04
1.545355160040802366e+04
1.339192955807174621e+04
1.559934086764084350e+04
1.102220370584869488e+04
1.709266184706069907e+04
1.650910240885285384e+04
1.997039359566108396e+04
2.790976671715047269e+04
1.963213086469161499e+04
3.716630097997683333e+04
1.996288764057973458e+04
2.016133874098620072e+04
2.745921981273383790e+04
2.277254141677865846e+04
2.763515311356729217e+04
2.480015952684283184e+04
2.934082303653978670e+04
3.339404597917772480e+04
2.602375422318533310e+04
3.580253622588030703e+04
2.910512525805089172e+04
2.327657193028201800e+04
2.302815179380273548e+04
9.424647365096925569e+03
1.120103738796606922e+04
2.178574952705674150e+04
1.080441345905560775e+04
1.599214074070226343e+04
1.830430138934176648e+04
7.061329075039046984e+03
8.325395413645326698e+03
2.136704157006735841e+04
3.854157303908556787e+04
1.634950314331143636e+04
1.225606070260894194e+04
3.342644958980111551e+04
1.748461153851679774e+04
2.891515921661375614e+04
2.471645759304442981e+04
2.848393167238248861e+04
3.859185635001643823e+04
2.454411507537070429e+04
3.411363633427183959e+04
3.441338392722151912e+04
1.663157489912680103e+04
1.371123091775490320e+04
1.134111032898275880e+04
9.254493136724327996e+03
9.207607288648861868e+03
5.654788928982765356e+03
5.046104267738833187e+03
8.141382820112865375e+03
6.004926715728346608e+03
9.563121780650819346e+03
5.424020701735653347e+03
8.664938033512538823e+03
8.828760819075678228e+03
9.181175689068717475e+03
7.999548320369138310e+03
4.348108811604942275e+03
3.654410485491561303e+03
6.814751253715595340e+03
1.022006704952185464e+04
4.505728050992211138e+03
8.481284126296783143e+03
7.361271008250045270e+03
7.741441038357598700e+03
6.460157405877458586e+03
2.223275950053825727e+04
2.470070983584677379e+04
3.583334552616905421e+04
2.402394536817567860e+04
2.874604681954897751e+04
3.275880557153591144e+04
1.838354006165765168e+04
1.461210128426017036e+04
2.298891329375551140e+04
3.305098164175861166e+04
2.268657555879258143e+04
2.597026323161163964e+04
3.039117549424317622e+04
1.740756853928071359e+04
1.477516562556973258e+04
1.312221530882724255e+04
1.067502669551874715e+04
1.080363840189685470e+04
1.222444120276402464e+04
1.047609886071439723e+04
1.414993265581845844e+04
1.546090158642571805e+04
1.044066383505203157e+04
7.611622692294539775e+03
9.433149301900823048e+03
1.026855097206145365e+04
1.509111623250378761e+04
1.027506723557070836e+04
1.199865583143649928e+04
1.396443758246656398e+04
1.038036040583502836e+04
6.885893577317553536e+03
1.493962150609823402e+04
1.472686655627382061e+04
1.207071736329142550e+04
1.250576409850829987e+04
1.757946957390485841e+04
1.155271841017251427e+04
1.982781907835695165e+04
1.487762816980923708e+04
2.287274830148391993e+04
2.250626485699383920e+04
1.847760575844532650e+04
2.035075470555064021e+04
2.524380957008781843e+04
1.840217201998002565e+04
2.790627209581946227e+04
2.320777188601222952e+04
2.183544938334774270e+04
1.393397510730512840e+04
1.538432627147437051e+04
1.652913483411096604e+04
1.544985495341077512e+04
1.647885076591663892e+04
1.632114518573017813e+04
1.290890613617770759e+04
2.059452996341815378e+04
1.842298129675772725e+04
1.034838708700926691e+04
9.137640861794654484e+03
1.358676629208950726e+04
1.140986206180855697e+04
1.004409939375883550e+04
1.054717751457730083e+04
9.549527424441235780e+03
1.137739881799304385e+04
1.324771674199343397e+04
1.468211317581408366e+04
1.119698543840216189e+04
1.292874823990893674e+04
7.185781312088861341e+03
1.009569488908431595e+04
1.490255502550567871e+04
1.262969528449814788e+04
1.148130409177476940e+04
9.399919752328654795e+03
9.741910448513397569e+03
1.303586433334456160e+04
1.237044475013527153e+04
1.027110358486354016e+04
1.112296832063792317e+04
1.004385450089515143e+04
1.439946406774267962e+04
1.125805272682199757e+04
8.788442576915183963e+03
1.075793995091096258e+04
1.284118639013363463e+04
1.264656884266895031e+04
1.385089668234447527e+04
1.153623957734663418e+04
1.422088982249900801e+04
8.757087880509361639e+03
1.216289872846351318e+04
1.071485435557962228e+04
1.344979586311970161e+04
2.907738833349159177e+04
3.138861537330585270e+04
2.442219588288866726e+04
3.097184183990342717e+04
2.156868134996642766e+04
2.916432942811449902e+04
3.139389768006853046e+04
3.858537063682644657e+04
4.973122570421074488e+04
5.403473468752061308e+04
5.120106603222402191e+04
5.571714035275446804e+04
5.176224926697759656e+04
4.959667847873878054e+04
4.935187979234667728e+04
5.430539383268127858e+04
5.704315818954142014e+04
5.032506166647760256e+04
5.407699940793072892e+04
4.915589688782607118e+04
5.975151194857942755e+04
5.841295707581844181e+04
5.841349492505659146e+04
5.726314753370905237e+04
5.485759133558084432e+04
5.153214541967079276e+04
5.752534213430347882e+04
4.882654765477766341e+04
5.599126845274445805e+04
5.211770172959793854e+04
5.331728743308460980e+04
5.223206681608357030e+04
5.054746335758679197e+04
5.075743798233545385e+04
4.751198893392110040e+04
4.796489509480301786e+04
5.572277306110384961e+04
5.512572812321433594e+04
5.075722728934590123e+04
4.689268885346993193e+04
5.038195431228019152e+04
5.759223794514840120e+04
5.217478129352407996e+04
4.918341804027434409e+04
5.161124366162223305e+04
4.682262023097904603e+04
5.362113230059677153e+04
4.983694337515701773e+04
4.872692296024542884e+04
4.772633936977142730e+04
5.201478678484694683e+04
5.534897128352610162e+04
4.947995403796928440e+04
5.157685801617441030e+04
4.978929627643266576e+04
5.824738113956282177e+04
5.596159042166057770e+04
5.633916291708844074e+04
5.434272731342498446e+04
5.542699695911727758e+04
5.033325356152010499e+04
5.430408879606665869e+04
4.650303502454224508e+04
5.545647630974551430e+04
5.420906080176380055e+04
4.557262486092654581e+04
5.382218373032572708e+04
5.246507281852398592e+04
4.161602690571561834e+04
5.131977227243467496e+04
3.785264241000926995e+04
4.985295967987923359e+04
2.406410289988214572e+04
3.569338718258592417e+04
2.459600569312602238e+04
3.683928606996766030e+04
3.913457907622185303e+04
3.979693651183086331e+04
3.304098670377938106e+04
3.312310071660795802e+04
3.440572968827264413e+04
2.426620595414192576e+04
3.629879348251674674e+04
2.559588808933935798e+04
3.883879432287556847e+04
2.247439626835544186e+04
2.819965887160951388e+04
1.530894719576934767e+04
2.542970854062508806e+04
1.314789341115258685e+04
2.642024153185079194e+04
1.563644346767414027e+04
1.248748161449783038e+04
1.484043180034549005e+04
2.046417109681147849e+04
2.167428827734144579e+04
1.779038561004509756e+04
1.462472230752934775e+04
1.654791520619366565e+04
1.414517180513857056e+04
1.599423849516630617e+04
1.477004887083126232e+04
2.141083855276361282e+04
2.209066649278545083e+04
2.135141823761229534e+04
2.151580494436082154e+04
2.182701952712212369e+04
2.231412744215933344e+04
2.028803625664846913e+04
2.472086026374676658e+04
2.193353711501578073e+04
2.336806831632970716e+04
2.255558520106557262e+04
2.273894490205025431e+04
2.009292713932020342e+04
2.159543825886652485e+04
2.388723331308569686e+04
1.962196948020758646e+04
2.151875353178797741e+04
2.099585878472256809e+04
2.138545351014447078e+04
2.002160554500501530e+04
1.885200689047928245e+04
2.190357058961269286e+04
2.190724852433156775e+04
1.947330977335259013e+04
2.387994874127817093e+04
2.101017701994904564e+04
2.617366363899096541e+04
1.960191469070783205e+04
2.047035831982802119e+04
2.008044411187708101e+04
1.960254827601730358e+04
1.994539871238143314e+04
2.378990361790325187e+04
1.845727683540788712e+04
2.459413502165484897e+04
2.136314562752404527e+04
2.426289978114905171e+04
3.308291746324457927e+04
2.355214776609775799e+04
2.428487908438774321e+04
2.294370294261326490e+04
2.229211971371772961e+04
2.560632593781928881e+04
2.637151683544663319e+04
2.480745328356214668e+04
3.363649079331861140e+04
2.572262608592880133e+04
3.053733633360927706e+04
4.058531640965035331e+04
4.133414892749737919e+04
4.482205458961449767e+04
3.092319534667770131e+04
3.123193360558586210e+04
4.286971554594019835e+04
3.411517214378916105e+04
4.240761803913993208e+04
2.806895036574029291e+04
2.747063512004552831e+04
2.927696302089278106e+04
2.870276216488152204e+04
2.816244402282942247e+04
3.752479690605041105e+04
3.071305438647990013e+04
4.275270943445745797e+04
3.298106692794696573e+04
2.862426246840148087e+04
2.358666118950524833e+04
2.020362735640433311e+04
2.024978602698948453e+04
2.996790174932047012e+04
2.154003543511201133e+04
2.824759639795776820e+04
1.763332612054411584e+04
1.769632004250747195e+04
1.942695488429235775e+04
1.715903565776829055e+04
1.993664985268146120e+04
2.588556593798183894e+04
1.749790417620715016e+04
3.033064342153098914e+04
1.976148406789261571e+04
3.173866666747293129e+04
3.095142168710862097e+04
3.056277317427524758e+04
3.417425511438937247e+04
2.764600437619733930e+04
3.200682788398037155e+04
2.950000471709797057e+04
3.631996624074502324e+04
9.402273107150567739e+03
1.771954712936696524e+04
1.876990533489434165e+04
1.196408803917340629e+04
1.179161971444013034e+04
1.323421021248409488e+04
6.367761357675368345e+03
1.447711888096976691e+04
8.948044888280490341e+03
1.829710965619488343e+04
6.447859098261125837e+03
4.149641770091567196e+03
3.567197659029945953e+03
1.017332222525561519e+04
1.311729377166346603e+04
4.775307678285615111e+03
9.303361278617623611e+03
4.386178803811317266e+03
1.359614959822994388e+04
1.477466910726876631e+04
1.236707726045989148e+04
1.213988976122289750e+04
1.388350487723950391e+04
5.941443703539939634e+03
1.138625785658075984e+04
4.007819247018469923e+03
1.098934766580039104e+04
1.535381461263226993e+04
1.136082326248474965e+04
1.154101291711388330e+04
2.946750770538513098e+04
3.301370606736162881e+04
2.760451336800288482e+04
3.272415403440567025e+04
3.136061112956872967e+04
2.883794404947936346e+04
2.365053214655405827e+04
2.389017891289780164e+04
2.225878893163302200e+04
2.192608111498151993e+04
2.979230893729305899e+04
2.697726210445367542e+04
2.156664233249537210e+04
2.222334840533358147e+04
2.576060948550075045e+04
2.366158306317807364e+04
3.093508382771556717e+04
1.930075901577273180e+04
2.411374466552108061e+04
3.098101651589074027e+04
2.403522889536079310e+04
2.454319732490660681e+04
2.217198998198385016e+04
2.698680468644351276e+04
2.927125364238787733e+04
2.310575484798036268e+04
2.909451675462166531e+04
2.536786860161002551e+04
2.420641290290884353e+04
2.039925185357962982e+04
nan
3.729950051158730639e+04
3.880466051174718450e+04
4.386158607239503908e+04
3.644503097725943371e+04
4.201124939272782649e+04
4.173658441124243109e+04
3.757197178505994088e+04
3.092018520210158749e+04
1.562770879631070966e+04
1.264469371594454424e+04
2.200558597935021317e+04
2.308354679807056527e+04
2.016490738711159793e+04
3.253063962957218610e+04
2.156608600766892414e+04
2.661985204640966185e+04
1.101295473485433831e+04
3.139862471899993761e+04
3.659436492513855046e+04
2.473543681368656326e+04
3.312616116096414771e+04
3.444385271012045996e+04
2.765742440105227070e+04
2.358502971605999483e+04
2.600590942615867243e+04
1.993522866848648118e+04
2.797319709055062776e+04
2.419690108111767404e+04
2.557693945410927699e+04
1.450070628524621861e+04
4.575343368366845243e+04
3.978707090201001120e+04
4.144357842335684836e+04
4.352013863175715233e+04
4.209346650379437779e+04
4.013421366372624470e+04
3.696446155703815748e+04
4.150279897387589881e+04
4.430537100542017288e+04
3.786348806083337695e+04
4.463134300842603989e+04
4.215984412904091732e+04
4.229130190020640293e+04
4.056320352727642603e+04
4.462943324467853381e+04
4.232773658263913967e+04
4.199177137689724623e+04
4.090250307269065524e+04
4.237962745665197872e+04
4.172025864627528790e+04
4.487047842918016977e+04
3.802971404522881494e+04
4.123991860547460965e+04
4.458395134588298970e+04
4.149882149225790636e+04
4.260604709507279040e+04
4.050539180752775428e+04
4.289439446655583015e+04
4.465194974858295609e+04
4.171090572640188475e+04
4.336886287485712091e+04
4.350533072405791609e+04
4.110570453438375262e+04
4.136359623200403439e+04
5.064365377509543032e+04
5.414655915880745306e+04
5.055494362018446554e+04
5.126652176766951743e+04
5.129115524965557415e+04
5.513414592038167029e+04
5.261748975646172767e+04
5.039878991116625548e+04
5.462037749710166099e+04
5.020248642748346901e+04
5.423894254447456478e+04
5.433676574996747513e+04
5.556922597061361012e+04
5.637268433192776138e+04
5.471420043398265261e+04
5.270830831059350749e+04
5.585588378016078059e+04
4.901704217971045728e+04
5.400335594647216203e+04
nan
4.829420699552899896e+04
4.034646294561049581e+04
3.959906196094116603e+04
3.635855838628565834e+04
4.779938623361240752e+04
4.793952032110477012e+04
3.824494884944064688e+04
4.544069873353673756e+04
3.862008718621168373e+04
4.981403955674751342e+04
5.043289030137057853e+04
4.888865731865260750e+04
4.922526458859014383e+04
4.983195420615316107e+04
4.298132585790842131e+04
4.787838333918080752e+04
3.829398849375300051e+04
4.639081963151240780e+04
4.325857208634604467e+04
4.919884056531509850e+04
4.685358783892507199e+04
4.401740196982831549e+04
5.085303558428671386e+04
5.317991086233849637e+04
4.610662954724120209e+04
4.670178868108820461e+04
4.729906062740413472e+04
5.340430379571793310e+04
4.906394987072184449e+04
4.600505223443495925e+04
4.934757890344415500e+04
4.412273443573349505e+04
5.143980427861036151e+04
4.345844275366077636e+04
4.613041329983527248e+04
4.549885922668607964e+04
4.961667879480667762e+04
5.226839661851391429e+04
4.384302394954611373e+04
4.957589034957448166e+04
4.401674980407393741e+04
5.247657904985018104e+04
5.131957853107852134e+04
5.204121614579307061e+04
5.322842444610946404e+04
5.346197794756307849e+04
4.811215956487569929e+04
5.367784750992364570e+04
4.344604796056357009e+04
5.128496937680112751e+04
nan
1.393344286179986739e+04
1.074800276416834095e+04
1.056139442744345797e+04
7.840396435086626298e+03
1.492978980152684744e+04
1.051059002802519171e+04
1.361018576874599967e+04
8.011610686073739089e+03
7.059715136194602565e+03
8.938783570752835658e+03
9.689220034542717258e+03
8.726113068295095218e+03
1.265156253430243851e+04
9.013186352371827525e+03
1.515804315778805721e+04
6.708336552277972260e+03
1.604361776785280381e+04
1.834026338510719506e+04
1.784430639002492899e+04
1.565326103288174818e+04
1.534846745937383639e+04
1.691352828661181775e+04
1.730074211086100331e+04
1.924187866212358858e+04
1.479638567567578320e+04
1.698110862032605655e+04
1.795927819023549819e+04
1.715551750336959230e+04
1.736598543061806049e+04
1.511000995935605897e+04
1.771091096785010086e+04
1.875044660008881692e+04
1.674516024454689614e+04
1.630769987338519422e+04
1.546792571901095107e+04
1.684970854984331163e+04
1.827534380477910599e+04
1.571516587623197120e+04
1.865250346244105094e+04
1.762721957889695477e+04
1.816832293390496125e+04
1.603128216585999326e+04
1.226935326154957693e+04
6.995294713649064761e+03
1.822580180238335015e+04
1.075200387741090526e+04
1.384317514898014088e+04
2.072047233699249409e+04
1.308984388194560233e+04
2.055912085295932047e+04
1.043574008375494304e+04
1.016474156436306293e+04
9.402982789348088772e+03
1.047628244607078523e+04
9.842732402465831910e+03
1.481587308883788137e+04
1.323959430605375928e+04
1.615403562194325241e+04
1.391446708015754302e+04
1.763378968105422609e+04
1.759051135635051833e+04
1.590288858037315003e+04
1.582827946018614057e+04
1.667490639704935529e+04
1.559728331393244662e+04
1.805212773970823764e+04
1.901880851054464438e+04
1.671646704822379979e+04
1.353503525754452676e+04
3.713634516937485023e+04
3.816717864243141958e+04
4.558048604972165776e+04
4.028012358683871571e+04
3.693884267837723746e+04
4.460134132725498057e+04
3.080943834074957704e+04
3.515487374672169244e+04
6.500329922850664298e+04
6.576758010909141740e+04
7.288163362032664008e+04
6.870309834334057814e+04
6.312348157146300218e+04
7.232239028956461698e+04
5.763970446429777076e+04
6.454849626938057918e+04
4.732960924147375772e+04
5.445229375969894318e+04
5.085119135525482125e+04
4.336986802218246885e+04
5.418083555462941149e+04
3.812521704946026148e+04
4.672985107111230172e+04
3.380766616205730679e+04
3.864405374905336794e+04
3.842434675996496662e+04
3.391445062922588113e+04
3.815558513688213861e+04
2.832671051281234031e+04
2.744663115980845032e+04
3.953112464905549859e+04
4.361111277992949181e+04
3.308357824342239473e+04
3.206672471075131762e+04
3.462633451980628161e+04
4.273811533749259979e+04
3.365361960707936669e+04
3.139230997170620685e+04
3.689732731184149452e+04
3.071379589924556785e+04
3.721052111747194431e+04
3.191261424733466265e+04
3.218759193139310810e+04
2.917482588424921778e+04
3.802735237615891674e+04
3.802427238285915519e+04
3.177749894058832069e+04
3.724684071471098287e+04
3.266790255797301143e+04
4.436249820918098703e+04
4.043733423838421004e+04
4.279770354480657988e+04
4.087790134388188744e+04
4.008237389728346170e+04
3.483074426484226569e+04
3.992663259656936862e+04
2.832005237270353973e+04
3.818764752230606246e+04
1.483874077961340117e+04
1.557347167532751337e+04
2.298056801097909192e+04
1.906107400585940923e+04
1.222726099801032433e+04
2.259852117273303884e+04
6.516858094575006362e+03
1.479890814864019922e+04
1.949987735224541029e+04
1.473447888064884864e+04
4.817060895018432348e+03
1.548954435128438854e+04
4.639596379068331771e+03
2.010638505397968402e+04
2.050545756131971939e+04
2.376378540463278841e+04
2.269416513662493890e+04
2.110225379103244268e+04
1.270749553739585463e+04
1.527442950099859445e+04
1.085705920674368099e+04
1.449271000344618187e+04
1.352818901019874647e+04
4.425322029114202451e+03
5.673575395197770376e+03
5.270807031342539631e+03
1.165245670578283898e+04
1.282312075019280746e+04
4.366794097388470618e+03
9.569080335574668425e+03
4.800730240178371787e+03
1.552269101402790875e+04
1.690450385852145700e+04
1.393776701454296744e+04
1.391439557968972258e+04
1.577272284148372091e+04
7.497272692024377648e+03
1.257789008902702153e+04
4.985495927669083358e+03
1.080351587250533521e+04
1.103533568880646635e+04
1.150109554423063855e+04
2.115263091415233430e+04
1.310965839133238114e+04
2.212495777242887561e+04
6.507416988489254436e+03
5.096577663283974289e+03
3.371520604354767329e+03
6.003447909406724648e+03
4.742906276977588277e+03
1.784523021046104623e+04
1.224293077125527998e+04
1.655233238627987521e+04
1.207548237893879741e+04
6.899256835203045739e+03
6.737146814737459863e+03
2.561230910151139142e+03
4.758169561875755790e+03
1.119099151866226202e+04
3.022745664170109194e+03
1.366474348756461768e+04
6.595838579720761118e+03
1.484020089620154431e+04
1.141664617029619694e+04
2.162945504780259580e+04
1.206975011401906158e+04
2.622812187740745139e+04
1.487515965576582130e+04
8.885446576024178285e+02
1.066223302482909821e+04
4.344495527172061884e+03
7.250689551544469396e+03
1.436110476600300899e+04
9.667816553880222273e+03
1.468217399510836367e+04
9.592542237052490236e+03
7.672393984282419297e+03
6.834433861395466920e+03
1.370698044825788384e+04
1.596340361185599068e+04
7.920346614208701794e+03
1.440782854853377285e+04
6.641354217861094185e+03
2.070390287485501540e+04
1.833494021432458976e+04
1.942646777245170597e+04
1.869514943528721415e+04
1.386431280837988925e+04
1.104774376439763000e+04
1.837850142142448749e+04
6.290076589509403675e+03
1.481568623988301260e+04
nan
1.508070674183472329e+04
1.949708027502951154e+04
1.340021132604345075e+04
1.933052690846434052e+04
1.292525455264999982e+04
1.358141158326916593e+04
1.182735160425225513e+04
1.080623289898407165e+04
1.322544380130525133e+04
1.389734169977850070e+04
1.408643243721910039e+04
1.612784519900078521e+04
1.497168254462395817e+04
2.548510344986340897e+03
2.549757749448216600e+03
8.066953385876056018e+03
7.225519120554776237e+03
3.157494306038821378e+03
8.590819133726239670e+03
6.564629334712541095e+03
5.505833162745117079e+03
5.939932918598630749e+03
5.519236743521276367e+03
8.412966105983503439e+03
9.551786471810984949e+03
6.072376097219156691e+03
9.486063989751381087e+03
9.610601120253479166e+03
9.329550574701595906e+03
4.635443397142267349e+04
4.989507401634132111e+04
3.811300378610291227e+04
4.936891817515379807e+04
3.241756760263960314e+04
4.591347650812871871e+04
3.391971145706142852e+04
3.382015093609673204e+04
3.869467652972850919e+04
3.837532251436456136e+04
2.792719628957021632e+04
3.939986953888448625e+04
2.539283015964541482e+04
3.681955738124701020e+04
2.053185572380387748e+04
2.996301466351507042e+04
1.729926404339323562e+04
2.727002675142614316e+04
2.626452411399238918e+04
1.571519393569864224e+04
2.600971777696656136e+04
1.499727282702334742e+04
3.164983691063643346e+04
3.247143400291803118e+04
3.542229165677677520e+04
3.372907610729568842e+04
3.299698890159690200e+04
2.218603440115217381e+04
2.624990070000617561e+04
2.171271225261211293e+04
2.586898161888003597e+04
1.378499402210020344e+04
2.132375512881627583e+04
1.745790455963538625e+04
6.991029109113883351e+03
1.869479814822524713e+04
9.010571923093228179e+03
2.398959583613913128e+04
2.471629475728309990e+04
2.037130441233037709e+04
2.549852007365760437e+04
1.898546730992291123e+04
1.457484841307263741e+04
2.444223951425094128e+04
7.771288229740319366e+03
1.869745884771891724e+04
1.369149644649943002e+04
2.067259688651547185e+04
8.232090026798663530e+03
1.082411748842295310e+04
1.103873490246503934e+04
1.766126345883328031e+04
8.782030290945818706e+03
5.658584546990737181e+03
1.417466307625061745e+04
9.502997217325108068e+03
1.300102301255569182e+04
5.640201954112989370e+03
8.092009149493303084e+03
5.720789952651585736e+03
1.630976405305577282e+04
1.274536835047799104e+04
7.931802673394481644e+03
1.458662762488807857e+04
6.062958458081388017e+03
2.015703265926285167e+04
1.351147027302322385e+04
2.161254960730395396e+04
1.932575842013659349e+04
1.698749034347127963e+04
1.163267160695383063e+04
2.360235385177118224e+04
6.232980026468534561e+03
1.345247358590709337e+04
2.252297768417124098e+04
1.306111411172387307e+04
2.245192460339183162e+04
8.490029889727964473e+03
8.487569776397536771e+03
9.179346400222006196e+03
1.002274653112962005e+04
1.359858983419140895e+04
1.566716489608128722e+04
1.242883994514105325e+04
2.283362831741591435e+04
1.154018112159799421e+04
3.407377157869567600e+04
2.573023490910722830e+04
3.403105990455304709e+04
1.967004463372397367e+04
2.102989286704071492e+04
2.039179135131902513e+04
2.121752997134199541e+04
2.612648473468542215e+04
2.783812682431644862e+04
2.515684484376055116e+04
3.445089626739478263e+04
2.442559490764753355e+04
3.591408885630251461e+04
4.397177936041673092e+04
2.957760634011331422e+04
3.065054151297315548e+04
3.036165453321114182e+04
3.132063084282861746e+04
3.588165202916538692e+04
3.779755997379410110e+04
3.498171241458702571e+04
4.443603081591770751e+04
3.387751424722247611e+04
3.529185723205655813e+04
4.319961099444606953e+04
3.476521011058191652e+04
4.849183151047669526e+04
3.900430201630872762e+04
3.641650363900840603e+04
2.386338121944430532e+04
2.425559854540380184e+04
2.894377083290832525e+04
2.824245132230591116e+04
2.819700990215013007e+04
3.237203549941863093e+04
2.504729842566053048e+04
3.488833968290677876e+04
2.675595487166502789e+04
2.280273583206512194e+04
3.721375734986917814e+04
3.112165590302097189e+04
3.713104524310484703e+04
3.657240563108590868e+04
3.637465042594535771e+04
3.122881622501806851e+04
2.831381036153925015e+04
3.745409523150137829e+04
3.207984009391058862e+04
3.776380714513224666e+04
3.148783176734222798e+04
2.755732337651380658e+04
2.790516071015633861e+04
2.782405229314072858e+04
2.895503372644021874e+04
3.479537072603872366e+04
2.790090613728007156e+04
3.901862348267134075e+04
3.076786953933381665e+04
2.996925752605285379e+04
3.001765494758136265e+04
3.498702811635084072e+04
3.423316742912147311e+04
3.414772057244829921e+04
3.665829299458846072e+04
3.086118709265812504e+04
4.062621825117283151e+04
3.185336017077839278e+04
4.050482749577207142e+04
3.791165799567128124e+04
4.050337728604595031e+04
4.512617459311385755e+04
3.807052463752315089e+04
4.238255378380051843e+04
3.830229202592142974e+04
4.279838057397762168e+04
4.130705951185426238e+04
4.240843874543381389e+04
3.693442100992434280e+04
3.823662461127035203e+04
4.128341872256295756e+04
3.746237995348498953e+04
4.336295483017266815e+04
3.691029657346427848e+04
3.658378404025427881e+04
3.433335415867497795e+04
3.548606311559836467e+04
3.642812862073951692e+04
4.048102499156239355e+04
3.917943381278956804e+04
4.376273883431365539e+04
3.865601928447434329e+04
3.254455738324014237e+04
3.751250156039240392e+04
3.079003502288817981e+04
4.286265911465390673e+04
3.627895746181741561e+04
2.084907487764155667e+04
1.845840011332728682e+04
1.720316637764687039e+04
1.792329788609186653e+04
1.836237507689535414e+04
1.763246489713147093e+04
2.004636586295447341e+04
1.975990181845473853e+04
1.991166713848723884e+04
1.610204455504528960e+04
2.420845948840093843e+04
2.169353067898418158e+04
2.021100307928532493e+04
2.548122060435312596e+04
1.513004521864581329e+04
1.760712247848168045e+04
3.080663724787080355e+04
2.909331276131726554e+04
2.615384107173680241e+04
3.257552417735699419e+04
2.033704110984785075e+04
2.474183196569402571e+04
3.066723867241880362e+04
3.602903284353872004e+04
3.183097197790250721e+04
2.514790199662934538e+04
3.424952738569241046e+04
2.752042348830379706e+04
3.609555459092953242e+04
3.592721813369257870e+04
3.446689666205185495e+04
3.790179555733454617e+04
3.341756887608585384e+04
3.227967068108045714e+04
3.693688545290236652e+04
2.621774211041429226e+04
3.207907512148361639e+04
2.745328708059827477e+04
3.254240658719690691e+04
3.294937043841060222e+04
2.844773639300566356e+04
3.355027872022146039e+04
2.362187824874895159e+04
2.226226431036345821e+04
3.229670255591110617e+04
3.788177259598236560e+04
2.733607057807199817e+04
2.855013297632158356e+04
2.940855843504192308e+04
3.528171028106697486e+04
2.725518901124883268e+04
2.627538282152095053e+04
3.142236091314151054e+04
2.697994030190030389e+04
3.061225033538776188e+04
2.649318801645695930e+04
2.752086839900906489e+04
2.453046054719763924e+04
3.258403495992345779e+04
3.072066274280862490e+04
2.655078125849666685e+04
3.188104359812329858e+04
2.742558633877825559e+04
3.703369742627805681e+04
3.327028773837603512e+04
3.604534157017684629e+04
3.475717674200818874e+04
3.311767518994273996e+04
2.968633575870045752e+04
3.356286052725563786e+04
2.430488859732594938e+04
3.085939930341572108e+04
1.908561615353677553e+04
2.369055356592047247e+04
2.211823552273481982e+04
1.541854584845339559e+04
2.374714309959494494e+04
1.288235228924052353e+04
2.075621646638776292e+04
1.180856098529182236e+04
4.328081143321132913e+03
1.267161962270048025e+04
4.247369355450404100e+02
8.956393302317077541e+03
8.186642452561545724e+03
3.533586811759933425e+03
9.517881849098648672e+03
6.187943929312765249e+03
3.763965196553466285e+03
6.745704850330458612e+03
1.006215846877026888e+04
6.691976319827135740e+03
4.972149727713476750e+03
6.842040319420124433e+03
7.030601241216870221e+03
4.198957865742133436e+03
6.271771707379954933e+03
4.528219974383201588e+03
1.062200721866485037e+04
2.032210172255151519e+03
4.962492218612186662e+03
7.629331582321622591e+03
1.115303928411248307e+04
9.818580531300380244e+03
1.014038554115907937e+04
4.058133976989643088e+03
8.944244975709174469e+03
7.897022664005285151e+03
9.742429308820337610e+03
6.792054077702658105e+03
6.092035135053924023e+03
7.402692169468490647e+03
8.562386576250664803e+03
6.311253239196408686e+03
1.214055842966510681e+04
7.561823381143571169e+03
1.012123277291125123e+04
5.759866635591140039e+03
1.649500313166970591e+04
1.796626883672531403e+04
1.429183096269974340e+04
1.709687681502738997e+04
1.777944705143423562e+04
1.570319620595709057e+04
1.761332423808809108e+04
1.543131773590428202e+04
1.307797519407886284e+04
1.655737146938777005e+04
1.934907973780627071e+04
1.359364235598100458e+04
1.812700831479545013e+04
1.648936969323774611e+04
1.776644797132806707e+04
1.502427942682260073e+04
1.433719595929470233e+04
1.789027462983899750e+04
1.632101105212481525e+04
1.589569338474226970e+04
1.367453891569109510e+04
1.603504219047803963e+04
1.512678511584193984e+04
1.759316678377578137e+04
1.556365403023283216e+04
1.484269651108871039e+04
1.855134503850839246e+04
1.539999355214062780e+04
1.688366990052023539e+04
1.625960441981742952e+04
1.903972860004871109e+04
1.819114153614995303e+04
1.735766774333815556e+04
1.731511689900178681e+04
1.770347368967107104e+04
1.552448317427146867e+04
1.560596990911502871e+04
9.847312054296644419e+03
1.029667081827456241e+04
1.411843745585991383e+04
1.148150283683978159e+04
9.847740297329484747e+03
1.355965203293526793e+04
6.447269874737913597e+03
9.821103317330751452e+03
1.457133291832549367e+04
2.025919153017262579e+04
1.491709671156699733e+04
2.266257426331425449e+04
2.156028987305977353e+04
2.271616395806281434e+04
2.274629683614545502e+04
1.914494535003730198e+04
1.855613089508683333e+04
1.988135424371221961e+04
1.478231332668039795e+04
1.932338544305200048e+04
5.841483283792840666e+03
8.193756987730495894e+03
4.241589311476003786e+03
4.550610234661186951e+03
7.822429402723516432e+03
7.680715130669046630e+03
7.143967168306756321e+03
1.298744080990101429e+04
5.901703031094901235e+03
1.205589508392082280e+04
6.725393553161322416e+03
2.029528381433019968e+04
1.962527219002594575e+04
1.593649936310596422e+04
1.642340645087339726e+04
1.880652109760899475e+04
1.714321456372578177e+04
2.025861140590420837e+04
1.314754440297258043e+04
1.727471430926274843e+04
2.013189255968708676e+04
1.815141200886497973e+04
1.662018773376515310e+04
1.556098130367222802e+04
1.765084124546617022e+04
1.953810836540579112e+04
1.611168278573006864e+04
1.939147845481643162e+04
1.827870165951082527e+04
1.896646331816808015e+04
1.531044915253715226e+04
2.686513553956881151e+04
2.231508881960665167e+04
3.395987002953099000e+04
2.415481552532619753e+04
3.753927659338144440e+04
2.469654495986013353e+04
2.438225158179237042e+04
8.342548737996643467e+03
8.167094012313176790e+03
1.482051770502163890e+04
1.453617143042184944e+04
1.350541247740870858e+04
2.347332917592842932e+04
1.090334308321500248e+04
2.261849347755439157e+04
1.000958598497093590e+04
1.024872390143478515e+04
2.565248114563137642e+04
1.246660218265966068e+04
2.991450427265762482e+04
1.337499553698296040e+04
3.392270207170237700e+04
2.885862754369763934e+04
4.230022494237781939e+04
3.069946997829234533e+04
4.712436721210773976e+04
3.173674489946681206e+04
2.085325620948867800e+04
2.751348365971607564e+04
2.266966328581460766e+04
2.897883411898696068e+04
1.897925363089188613e+04
1.854413064482553455e+04
1.794012899561684389e+04
1.914445447779090318e+04
1.842468700609117877e+04
2.706974611047335566e+04
2.170346465546973923e+04
2.435608349480831384e+04
2.124145201823935713e+04
1.903568622440754916e+04
2.159891398742477395e+04
2.205766768089583275e+04
2.112131281526086241e+04
1.770866419008297817e+04
1.896411521184595404e+04
2.313333543533231568e+04
2.138365822346481946e+04
1.965069914736829742e+04
2.064325146336351463e+04
1.712674982551093490e+04
2.467653100691124200e+04
2.063276670356286195e+04
1.706916098613362192e+04
2.028682501000001866e+04
2.132061338317198897e+04
2.297136799925255764e+04
1.993599798832006491e+04
1.835342937892593545e+04
2.235716220062932553e+04
1.799006583726768804e+04
2.032645352253961755e+04
2.017261576222002623e+04
2.386467423837987371e+04
2.132456458947408100e+04
1.698328963625954202e+04
1.934681084474915042e+04
1.921631636029000947e+04
2.175576856064463573e+04
2.331627460972972403e+04
2.583923600781819914e+04
2.747622034981142497e+04
2.806934935622399644e+04
2.607415251485625049e+04
2.444138847703745705e+04
2.575201295186816424e+04
2.467051286990317385e+04
2.532700017392638983e+04
2.563872396303197092e+04
2.811503510314212326e+04
2.756863197587518880e+04
3.168772325365153665e+04
2.574413068694842514e+04
2.910684933116841057e+04
2.733752143704248738e+04
3.118360307743837984e+04
2.667970078660934178e+03
5.834175648940594328e+03
5.662304905059719204e+03
5.940559715470303672e+03
6.627225676484718861e+03
6.415242541979413545e+03
7.878318784072722337e+03
4.316181030060179182e+03
6.244055673977850347e+03
5.498887345781900876e+03
8.117739754020349210e+03
7.475870423237161958e+03
7.671061677184507971e+03
3.843757505299491186e+03
6.762682322954516167e+03
6.009955339845767412e+03
4.272927427508917390e+03
8.230768991848632140e+03
6.742009068781437236e+03
5.014516268919271170e+03
5.347843555379347890e+03
3.285211363747638643e+03
6.146717246444136435e+03
7.316659988497780432e+03
4.746165367234995756e+03
8.122033929053968677e+03
8.040732109057344132e+03
3.221025090741466192e+04
3.319731078179116594e+04
3.381052503055751004e+04
2.975720132711156111e+04
3.953624362398916128e+04
3.222142900615038525e+04
3.795057995443947584e+04
2.737965797380465301e+04
3.016641681828695801e+04
3.354322459874916240e+04
2.748115515634834810e+04
3.799009843630563410e+04
3.933015546298790287e+04
2.676441686494087844e+04
3.173085437995587563e+04
3.126298009864268533e+04
2.919792864851727791e+04
2.977296859202497944e+04
2.934827336318474045e+04
2.985639593683212661e+04
3.147494668477733285e+04
2.721302775320545334e+04
2.948580770959491201e+04
