9.583328544697105826e+04
7.248186940339091234e+04
7.246653008857865643e+04
7.522816375951890950e+04
7.521338998485777120e+04
6.032387115330469533e+04
6.030540902886826370e+04
7.674860993983078515e+04
7.673413185046458966e+04
6.473338613530182920e+04
6.471619229020589410e+04
1.717111094375061293e+04
1.843857172467622877e+04
1.889576640757434507e+04
3.432894416099687805e+04
2.061192147356677742e+04
2.102149041622397272e+04
3.208395327193544654e+04
2.236226036779378046e+04
2.274015654006358091e+04
1.840937820749302045e+04
1.959613301266688359e+04
2.002662970403747386e+04
1.709109305060229235e+04
1.836426524665617035e+04
1.882333414926511250e+04
1.710224559057332590e+04
1.837488905696699658e+04
2.203892650102604239e+04
2.242230183572492388e+04
5.304131893399154069e+04
5.553879526626035658e+04
5.915899003121408896e+04
5.476210820048009919e+04
5.483280315012150095e+04
5.464884352559637773e+04
5.856613027022153983e+04
3.103359315148176756e+04
3.062550158122937864e+04
3.079860433712759550e+04
3.103423507912034256e+04
2.738225074533401130e+04
2.691910270330676576e+04
2.711577553346801869e+04
2.738297789437836036e+04
3.511312146447382838e+04
3.475275975164687407e+04
3.490548797366229701e+04
3.511368913806901401e+04
3.292667078595421481e+04
3.254222466486031408e+04
3.270522743976184938e+04
3.292727596871105197e+04
3.467256438362543850e+04
3.228391238624440302e+04
3.376524769641420426e+04
3.235351270412645681e+04
3.438446174009251263e+04
4.794885195146681508e+04
3.140244825577533993e+04
3.147398068221726862e+04
4.789801743303758849e+04
3.184562378859187447e+04
3.098660413416382653e+04
3.232385065329363351e+04
3.016107368979153398e+04
3.243950488880692501e+04
3.457745708404179459e+04
3.176771523139431520e+04
3.090654785362505208e+04
3.224708791572536211e+04
3.007883721258415244e+04
3.533165627535339445e+04
3.491175950622716482e+04
3.515702938591921702e+04
3.473503351760296937e+04
3.550737028413951339e+04
3.508956449277047068e+04
3.278230742158526118e+04
3.194828635867001867e+04
3.324717112069636642e+04
3.114806550913262254e+04
2.922895227270650139e+04
3.260204240504552945e+04
3.176332538345536523e+04
3.306942002879420761e+04
3.095835945395459930e+04
2.902679327473149169e+04
2.983496978535316885e+04
3.244965893493332624e+04
3.458698697566307237e+04
3.944418290616938611e+04
4.077634234380687849e+04
3.938148908836405462e+04
3.514562036927346344e+04
3.289289749027897051e+04
3.447725027268264967e+04
3.281778120022279472e+04
3.845737243366456823e+04
3.982233007102121337e+04
3.839307811275000859e+04
3.966199656277424219e+04
3.591218925195032352e+04
3.767843333575677389e+04
3.907042766997971194e+04
3.761281645330604078e+04
3.959592524267444242e+04
3.583925396808302321e+04
3.760890237861721835e+04
3.900336154810297739e+04
3.754316477629185829e+04
3.766283564425526856e+04
3.229481210908170397e+04
3.221257344251132236e+04
3.801178753650271392e+04
2.417763336277514099e+04
2.413770715011802895e+04
1.940763078741456411e+04
1.935790115667771533e+04
4.011992384845302877e+04
4.011211118973129487e+04
4.015166304855752969e+04
2.008317268399266322e+04
1.984562947918794089e+04
2.152869007624129517e+04
1.940387793032226909e+04
2.706558685605536084e+04
2.266885572398639488e+04
2.796148761776984611e+04
2.245859444203582825e+04
2.395936995800683508e+04
2.746371364879936300e+04
2.206905292448232649e+04
2.686360934188977990e+04
2.242749152194417547e+04
2.776599605691013858e+04
2.221495353783392056e+04
2.373108946423559973e+04
2.726467135182602578e+04
2.182107731842804060e+04
2.038679458393844470e+04
2.015281930948312583e+04
2.181226556469351999e+04
1.971793015981781718e+04
5.697751719956650959e+03
2.447210643019579584e+04
2.308032591946296452e+04
2.784344252172173219e+04
2.836570482174618155e+04
3.950544024029855063e+04
3.654557353654784674e+04
3.576789966853470105e+04
3.552402624457635102e+04
2.486728738878024160e+04
2.523681938793345398e+04
2.463714868288945945e+04
2.910710145374404965e+04
2.414766152513957786e+04
2.704616844615279842e+04
3.252879627779471048e+04
3.270333100363003541e+04
3.100370835383335361e+04
2.624770564947530511e+04
2.643988637321376882e+04
2.684088731279087006e+04
2.646463322424297075e+04
2.696650727421386182e+04
6.708409595568226359e+04
6.884010658371051250e+04
7.063171196707748459e+04
2.658161764645666699e+04
3.216077766687924668e+04
3.743572872654018283e+04
3.208448071876283575e+04
3.744053335033822077e+04
3.273042928442519042e+04
3.179782321083106581e+04
2.701105846831068629e+04
2.620147942536118717e+04
3.302659839712162648e+04
3.664746888444489741e+04
6.907574082634651859e+04
6.980028606398335251e+04
6.909574086929167970e+04
7.383146622417445178e+04
7.450938049916413729e+04
7.385016725727323501e+04
7.673615161602149601e+04
7.675413843633442593e+04
8.139071169595963147e+04
8.099400544339694898e+04
8.140766031930700410e+04
7.026395674172535655e+04
7.097626837681586039e+04
7.028361575174117752e+04
6.920719581174835912e+04
6.993036726609696052e+04
6.922715754945304070e+04
7.884554709488977096e+04
7.843583955002736184e+04
7.886304822988780506e+04
8.227156073727023613e+04
8.187916527798069001e+04
6.889353437105831108e+04
6.961999231151900312e+04
6.891358774961782910e+04
9.332885924128913030e+04
9.255580110268715362e+04
7.212641851555147150e+04
7.111325101727314177e+04
6.964388315546233207e+04
6.856262098944222089e+04
8.544622807593745529e+04
8.540202472844757722e+04
8.726883515847280796e+04
8.753954687953568646e+04
7.504759062176554289e+04
7.432570322227409633e+04
7.470440173572348431e+04
7.514659274680151429e+04
7.752234580177451426e+04
7.683547081279424310e+04
9.131334956852441246e+04
9.207105724565708078e+04
9.159367275622657326e+04
9.143118453027280339e+04
4.929539323356467503e+04
4.535011488412784820e+04
4.706713341075939388e+04
4.524222584715952689e+04
4.933207026114727341e+04
4.539004735468418221e+04
4.710558275847488403e+04
4.528225522837125754e+04
5.090632301764396107e+04
2.566290812830934374e+04
2.786131262547789447e+04
3.052430316833320467e+04
2.836850572262243077e+04
2.382702877495742359e+04
2.512336931459132393e+04
2.503139609431021381e+04
2.836024678106973079e+04
2.731688077977676585e+04
3.587284576055603975e+04
2.569046805111442882e+04
2.788607973861490609e+04
3.054616303712629087e+04
2.839268276355896160e+04
3.527341586055839434e+04
2.515168058899142852e+04
2.505983833358234187e+04
2.838443328306213152e+04
2.734230255808811125e+04
3.590868904813818517e+04
2.793306588286827900e+04
3.058881478079135559e+04
2.843878285815648269e+04
3.530992674490112404e+04
2.843054756040242137e+04
2.739027518944995973e+04
5.329321324810021906e+04
4.404858998240510118e+04
4.037240273798890121e+04
4.070720143107182230e+04
3.855371849455903430e+04
3.026154446476509838e+04
2.742283095958371996e+04
3.958000849757761898e+04
3.216010761338007433e+04
3.772396255451533216e+04
6.891333279088768177e+04
6.779022457002775627e+04
6.890055669570046302e+04
4.384041018907276884e+04
4.620987053422576719e+04
4.537147893597232905e+04
6.939036112827897887e+04
6.827494082544976845e+04
6.937767107885707810e+04
6.907499262834143883e+04
6.795450145384829375e+04
6.906224582072319754e+04
6.130672466725700360e+04
5.940983984009628330e+04
2.884869483848992240e+04
4.369860805010274635e+04
4.471494807517749723e+04
4.327344621612596529e+04
4.075025096225237212e+04
4.292836772024287347e+04
5.012218122953579586e+04
4.876511506335434387e+04
5.356886736379397189e+04
5.314316525479474512e+04
3.643806387040908157e+04
3.234134061164230661e+04
3.700886640888018883e+04
3.119511626449089817e+04
3.736925956997839239e+04
5.707591331400582567e+04
5.463424983031340525e+04
5.563396985402379505e+04
6.012565558031436376e+04
6.234212050342625298e+04
4.173225940957591229e+04
4.112379069834319671e+04
3.898789118760481506e+04
3.916854430720533128e+04
4.153041570367903478e+04
4.156795856613350043e+04
3.910088883560705290e+04
4.225871681622139295e+04
4.165799151621437341e+04
3.955114120932477817e+04
3.972921765913946729e+04
4.205941719608935819e+04
4.209648503062660166e+04
3.966252444177352299e+04
4.249654855294990557e+04
4.189925702525099769e+04
3.980526356706762454e+04
3.998220122924816678e+04
4.229837739503276680e+04
4.233523454711987870e+04
3.991593332814674795e+04
2.899431746923033643e+04
2.905118153655377319e+04
3.233479319831313842e+04
3.383165812062342593e+04
3.403985800135070895e+04
3.396192298258221126e+04
3.238576526940671829e+04
2.876034107867970670e+04
2.881766903213306796e+04
6.365056440972485689e+03
9.471319690247413746e+03
1.159633094883729791e+04
9.205152025268895159e+03
1.137940365715650842e+04
6.005090016886412741e+03
2.842726623113379901e+03
2.748980605822046982e+03
1.802550354106461100e+03
4.187976968323374422e+03
3.185638695087227006e+03
1.650725477948042908e+03
3.374311072216852608e+03
5.973568849537829919e+03
3.491391584806748142e+03
4.940743066380430719e+03
3.463398995638841370e+03
3.309894176093467649e+03
4.233741392548087788e+03
6.498126623660195037e+03
4.327646366826263147e+03
5.563400702246016408e+03
4.305091423662366651e+03
4.182574303062136096e+03
4.899065064477445958e+03
6.950139303651961200e+03
4.980449637081538640e+03
6.085149757417741057e+03
4.960861571425721195e+03
4.854910459540818010e+03
2.323247887237782197e+04
1.316981477041342077e+04
2.166725690751106595e+04
2.099003152640771077e+04
1.977739283379832341e+04
1.524150018295291375e+04
1.773636652794664769e+04
2.151717380574260824e+04
4.149825514635913714e+04
4.462064881960198545e+04
4.172365061471863010e+04
4.872957744880643440e+04
4.448459752322915301e+04
4.077830902309442172e+04
3.933600301935160678e+04
4.029117254528120975e+04
4.396367904468336201e+04
4.302716011924180930e+04
4.740910302093461360e+04
4.173049888567903690e+04
4.683032819135908358e+04
4.239376033313776861e+04
4.735884630375965207e+04
4.184660511695754394e+04
4.086119904210318782e+04
4.545416136175495922e+04
4.695106509815597383e+04
4.252721497354425810e+04
4.747822567204462393e+04
4.198181330512563000e+04
4.099968268783799431e+04
4.557857983984261227e+04
3.438070524335149821e+04
3.435815877525720862e+04
4.369592553097346536e+04
4.721882632429217483e+04
4.234678761628908978e+04
4.248154867765438394e+04
4.280633612062643806e+04
4.742391700064569159e+04
4.113433458369328582e+04
4.486014042414036521e+04
4.507604149125282856e+04
4.109460231669610221e+04
4.482373087624373875e+04
4.503980768129142234e+04
4.462314073934492626e+04
4.484019084423172899e+04
4.440960868110470619e+04
4.462770448609251616e+04
4.457521348985988880e+04
4.803325959482987673e+04
4.823486281647832948e+04
3.576250546847792430e+04
3.814235059906607785e+04
3.837707483792702260e+04
3.900400607522030623e+04
3.539430436005707452e+04
3.779746528178246081e+04
3.494596915557548346e+04
3.803433073694050108e+04
3.306415793697501067e+04
3.562570508108069043e+04
3.233417508827125494e+04
3.258360987079589540e+04
3.587699815035675419e+04
2.432957381427287692e+04
2.337858297363923339e+04
2.012431482583671823e+04
1.430420191415839145e+04
1.357325953356746504e+04
1.418566968752063985e+04
1.753207458124643745e+04
1.874127983360837970e+04
1.439945166966193756e+04
1.597709793618290678e+04
1.367373616189410131e+04
1.428173129312527089e+04
1.430180481664660147e+04
1.357070286658789337e+04
1.418324772725693038e+04
1.903532144147283543e+04
2.516388932009808195e+04
2.424586391030879531e+04
2.548922586399180727e+04
2.560555931056242116e+04
3.008985680110258909e+04
2.920657798334501786e+04
2.586573691865589353e+04
2.611505542291309393e+04
2.330204201316760373e+04
2.264905426203276875e+04
6.372009806162811583e+04
6.685470295919210184e+04
6.687584885036080959e+04
6.676132333173733787e+04
6.670814328508955077e+04
6.400219747722312604e+04
6.421613430204745964e+04
6.416086194065583550e+04
6.064272776528443501e+04
6.058947334671742283e+04
5.995572497222357924e+04
5.990186431924228964e+04
6.676245720106303634e+04
6.678363206080584496e+04
6.666894942843784520e+04
6.661569624130328884e+04
1.825129599120359853e+04
1.821848393806089007e+04
1.783078344458896754e+04
2.149309139848272753e+04
2.159820663170146145e+04
2.486737061595289197e+04
2.508478824636797799e+04
2.137629604668095271e+04
2.218426114508106184e+04
2.735006868436716468e+04
2.189992642874697049e+04
2.214666137112677461e+04
1.783416378233822252e+04
1.879565466113895309e+04
2.177436894065601518e+04
2.202251921740940088e+04
1.767959699170616295e+04
1.864909139460317965e+04
8.730085930526116863e+04
8.650003489432173956e+04
4.142766044449195761e+04
9.367113821669091703e+04
9.363020913693409238e+04
4.779443122420804139e+04
4.778792483887242997e+04
6.157554157641706843e+04
6.825298934146363172e+04
4.799593858207756421e+04
4.798945968627888942e+04
4.940120542483174358e+04
4.796428373930961970e+04
4.795780054047350859e+04
6.449537341266837757e+04
1.028326765197490313e+05
1.017934645728907490e+05
1.020775263527431962e+05
1.042302121299659775e+05
1.030346434518525784e+05
8.581646987255928980e+04
8.538895458136204979e+04
8.579001078865719319e+04
7.244072209174087038e+04
7.296349388866276422e+04
7.247197960698242241e+04
7.300158975292994000e+04
5.895178978684701724e+04
6.903124246483753086e+04
6.957989988266467117e+04
6.906405896420877252e+04
6.961986660687364929e+04
2.780527078949198039e+04
2.780287914651706160e+04
2.793413471649172789e+04
2.324495842211815398e+04
1.435230391069294092e+04
1.363818234246994689e+04
1.441832308768081384e+04
1.527052352627398977e+04
1.539537912567519379e+04
1.609038636105211663e+04
1.367387324637725214e+04
1.445208379885112845e+04
1.388995479255147620e+04
1.240018145299374919e+04
1.383739382160152491e+04
6.285076902591001272e+03
6.054552727042422703e+03
1.272984615107453828e+04
9.172494878250434340e+03
9.016022241442873565e+03
1.159935153278732469e+04
1.265718080177196316e+04
1.290567999671303551e+04
9.414850265793704239e+03
9.262467068455342087e+03
1.179201183428080913e+04
1.283400761725023767e+04
1.232863198566636675e+04
1.221261109249179935e+04
1.422773136888322006e+04
1.510295519674018760e+04
1.474935907655866868e+04
1.465742270238843776e+04
1.471424241601725225e+04
1.477179088977557512e+04
1.506653794151950569e+04
1.513884163754106157e+04
1.468436671482085694e+04
1.386636929316130590e+04
1.458714637431111441e+04
1.376854925699042542e+04
1.382901480533524227e+04
1.389022446883871635e+04
1.420324279173157811e+04
1.427990968738251104e+04
1.379722599789325068e+04
2.410177634623114136e+04
2.392478559862964539e+04
2.372839547048711029e+04
2.371951631000469206e+04
2.393664785184263383e+04
2.371829982499449034e+04
2.786666147493670360e+04
2.681265870961272958e+04
2.663750340908311773e+04
2.662959132745335592e+04
2.682324778469030571e+04
2.662850738418757828e+04
2.880359413317140570e+04
3.052156939935789705e+04
2.693328435765386530e+04
2.989038429738856939e+04
2.558337291685547825e+04
2.673962273733155234e+04
2.482762746480545320e+04
2.693783672886595014e+04
2.803856092365361837e+04
2.622097380999181405e+04
2.430093116116407691e+04
2.786219523277398548e+04
2.387950300442953812e+04
2.892794167781505166e+04
2.716961581296853547e+04
1.981938923177449760e+04
2.275205763051738177e+04
2.148495696214239433e+04
2.275446599792911729e+04
1.989117744304739972e+04
2.153457732445395959e+04
2.128217304851064910e+04
2.016422930241263384e+04
2.343534203380778490e+04
2.220713406924055744e+04
2.343768042743668775e+04
2.225514919275484499e+04
2.201098442528808300e+04
2.093188896648032824e+04
2.441373245304394368e+04
2.496082741775302566e+04
2.273913769925954330e+04
2.178146668263141328e+04
2.020178603652487436e+04
2.033430095254892149e+04
1.993106916164542781e+04
1.990021016945195879e+04
2.091727736617042683e+04
2.104529946690208817e+04
2.065591532231514066e+04
2.062613802938679146e+04
1.589499736218632097e+04
1.492983966673667237e+04
1.637415565983014130e+04
1.543879637093040401e+04
1.826357551326454995e+04
2.098418938076206177e+04
1.775138072143090176e+04
1.624687660034612600e+04
1.657588777511580702e+04
1.313060028340641111e+04
1.353579251950826801e+04
2.085815912421542816e+04
2.004142892359355028e+04
1.974231703327177456e+04
1.952502027757247561e+04
2.514357123309388771e+04
2.518044613378256327e+04
2.583805410101210509e+04
2.567254193787905024e+04
2.793205302392751400e+04
2.796523921784700360e+04
2.483703799884003456e+04
2.390461732453389413e+04
2.459647320385073544e+04
2.442251917338400381e+04
2.359206634424717777e+04
2.333862928631015166e+04
2.315519641185997534e+04
3.892244899554904259e+04
4.075596536161418044e+04
4.180990759736835025e+04
4.119561304169194045e+04
4.092552391649252240e+04
4.242462095577794389e+04
4.161837217774138844e+04
4.110639588372552680e+04
4.167420505646117817e+04
4.184408823072108498e+04
4.238829302838005970e+04
4.090869502898862265e+04
4.213211863778068800e+04
2.664805630958653273e+04
2.674271402333042715e+04
2.477149169916979008e+04
2.487331686598656233e+04
2.695425884365622187e+04
2.704784123401380202e+04
2.329267924900234357e+04
2.340096104567517250e+04
1.602935296781858233e+04
3.174019664047064725e+04
1.991914643994549260e+04
2.175277255711919861e+04
1.901059860024799127e+04
1.994679341958913210e+04
5.982355136949286680e+04
6.235095614798066526e+04
6.678990383679592924e+04
6.557720191010790586e+04
4.042749400216067443e+04
4.164256390546222246e+04
4.533194138234729326e+04
4.220574685391092498e+04
4.382368083483902592e+04
4.303247878343769116e+04
4.162673542045844806e+04
4.280799584676374070e+04
4.335614409937839082e+04
4.493296180610579177e+04
4.416149343114408839e+04
2.528305802098209097e+04
2.559404299128815182e+04
2.541764064041503298e+04
2.514781787676084787e+04
2.572256247331972918e+04
3.074467353731779440e+04
3.082749198934488231e+04
3.087412305419151744e+04
3.059513098308074041e+04
3.340786320824919676e+04
3.348412123898535356e+04
3.352707217586714251e+04
3.407881421980707819e+04
3.415358059702657920e+04
3.419569429403044342e+04
3.146485073863579964e+04
3.154578599511102584e+04
3.159136102790034784e+04
3.131873360156983108e+04
3.162389926610897601e+04
3.157258294778924392e+04
3.157512860019067739e+04
3.628760500108922861e+04
3.626831878383454023e+04
3.627053619896747841e+04
3.641416213046993653e+04
3.638366319754461438e+04
3.292800417223332624e+04
3.295600546211178153e+04
3.290675813883123192e+04
3.290920100508241740e+04
3.642810977074167022e+04
3.640889763507136377e+04
3.641110652874857624e+04
3.655418271338583872e+04
3.652380015734027256e+04
4.013451448358396738e+04
4.010683154831107822e+04
3.350348889643990697e+04
3.353101163805744727e+04
3.348260649311428278e+04
3.348500752589717740e+04
1.255554542434045470e+04
1.318558535361634495e+04
1.240045433309867985e+04
1.303996116134265503e+04
1.262626438903540293e+04
1.359662216247863034e+04
1.418057173266664904e+04
1.345351533107575597e+04
1.404524625822931193e+04
1.366196342699740126e+04
1.217900561488004314e+04
1.282751651173934442e+04
1.201906603765012187e+04
1.267778871665919723e+04
1.225189398724418788e+04
8.532516517802318049e+03
8.305919337465194985e+03
1.416369415084054162e+04
1.472521881240718176e+04
1.402636263496484571e+04
1.459493327819055048e+04
1.422643635691550480e+04
5.549324148157441959e+04
4.410317961655321415e+04
4.392711518871101725e+04
2.837482290360081970e+04
5.440127588707018731e+04
4.342817964189871418e+04
4.324935075853038870e+04
4.636227032279604464e+04
5.571088190868369566e+04
5.413639964013056306e+04
3.623241082900597394e+04
5.216878292751835397e+04
4.321292307664934924e+04
4.179191999569621839e+04
3.122593374753927856e+04
3.481700077712381608e+04
3.599201408059246751e+04
3.624456597846096702e+04
3.412889592160512984e+04
3.532696239897233318e+04
3.558426918972063140e+04
4.135218230787058565e+04
4.067620710528872587e+04
3.222320261233948622e+04
3.840717015479400288e+04
3.935499359550633380e+04
3.864383152695054014e+04
2.556761696235980708e+04
3.139456666690941347e+04
2.812772255695991771e+04
3.158512083360647011e+04
2.910343929718227082e+04
3.332312152433483425e+04
2.819233734781558087e+04
8.453251913491907544e+03
2.062236552407593990e+04
5.421965641079313173e+03
7.043057396321995839e+03
2.084983123150447136e+04
1.161932143797300705e+04
1.153660806879813754e+04
4.480059903849515649e+03
5.643103703167179447e+03
1.029119109450797623e+04
3.282312349986983918e+03
8.201333983385544343e+03
1.064688878159090382e+04
6.327534896915329227e+03
7.197759494043231825e+03
5.544655891541448909e+03
1.094578631055011829e+04
1.140058156197492826e+04
2.932515491836912406e+04
2.902489908269147782e+04
2.893001951343543624e+04
3.046161849466054264e+04
3.017272329466905285e+04
3.008147979552977631e+04
2.779415847911179299e+04
2.747710421910960940e+04
2.737683781934540457e+04
2.592417524408630197e+04
2.558385933192473749e+04
2.547611189353188820e+04
3.314307169182421057e+04
3.287785226320631773e+04
3.279416934188485175e+04
5.402200175235348433e+04
5.563905793254839955e+04
5.537354465678960696e+04
4.970726433757768973e+04
4.879656569441418105e+04
5.117387285313088796e+04
5.078134631945584260e+04
5.249917468864704279e+04
4.989041114079381077e+04
5.221755494503225054e+04
5.658319859670006554e+04
5.632217580648298463e+04
4.465682867660764168e+04
4.357634216804696916e+04
5.273593829802233086e+04
5.439156967342401913e+04
5.187884687353139452e+04
5.411988192441708816e+04
7.636442639103648253e+04
7.605010857633007981e+04
7.570830307410712703e+04
7.395106936540169409e+04
7.948067574052038253e+04
7.500833946713650948e+04
7.547457103767797526e+04
7.659567737462041259e+04
7.800682414497825084e+04
7.769925679149011557e+04
7.736485318004943838e+04
7.564670892441038450e+04
8.105892659041337902e+04
7.668024954132882704e+04
7.713621973070304375e+04
7.823314264077594271e+04
7.702767937597814307e+04
7.671612283042113995e+04
7.637734555168716179e+04
7.463611247507904773e+04
8.011771032929192006e+04
7.568366757389226404e+04
7.614569972094122204e+04
7.725691299780202098e+04
8.348913023286129464e+04
8.074986520643478434e+04
7.599046759931078122e+04
7.567457130204503483e+04
7.533103440646264062e+04
7.356464692337422457e+04
7.912169169029465411e+04
7.462747594864499115e+04
7.509610939034099283e+04
7.622287164239528647e+04
