2.334356017486687051e+04
7.139741192687532930e+03
7.971163053209702412e+03
9.194418928224738920e+03
8.592302444767186898e+03
2.562064445754766712e+04
2.469826384021401100e+04
2.360951452196140599e+04
7.828082353484772284e+03
8.459754565417049889e+03
1.387587086983781774e+04
1.275305030428441751e+04
1.262988079155002015e+04
1.137747978504754792e+04
5.378272168856687131e+03
5.345801678796404303e+03
5.100057247792374255e+03
5.065804842240409016e+03
8.081789767354950527e+03
1.332508450685115167e+04
1.649370418390608029e+04
1.531406871431558102e+04
2.556724908065397904e+04
2.546003268048141399e+04
2.507221056751830838e+04
1.439379101969640760e+04
3.143771776225086342e+03
9.290046935543732616e+03
8.275879969233294105e+03
7.849789632612923924e+03
1.230770116167073320e+04
1.282948929664709613e+04
1.193994752790883103e+04
1.247714985783512748e+04
1.669956000735996713e+04
1.707771999168994080e+04
1.875896870156575460e+04
1.735947525020973626e+04
1.602799876031163876e+04
1.615786994178632085e+04
1.654838811235835965e+04
1.827828306902990516e+04
1.683898397436302912e+04
1.514975354185056131e+04
1.528707325486063019e+04
1.569922453036158186e+04
1.600521354563778550e+04
1.163575414632948014e+04
1.183882915938586302e+04
1.119414605731504889e+04
1.116418941744196854e+04
1.128960857562612728e+04
1.201487413913537785e+04
1.222059556049015191e+04
1.208530814446057957e+04
1.268297666257642777e+04
1.703116098012062139e+04
1.694566992241924527e+04
3.538645608802772767e+04
3.515126650060952670e+04
1.455663259356809067e+04
1.445654224821672869e+04
1.916668022643767108e+04
1.838303056327105151e+04
1.919704526868817629e+04
1.924233984345900899e+04
1.927258593661403211e+04
2.378941723879087658e+04
2.381390112154560120e+04
3.383177325751605531e+04
3.358574303132498608e+04
1.518834715612849686e+04
1.509244022982005299e+04
7.391211715880027441e+03
7.678474009515488433e+03
9.518706661903976055e+03
8.408301882702602597e+03
1.958043678460075171e+04
7.670533087550218625e+03
8.481460624370765800e+03
6.870358583511532743e+03
2.524631370514375885e+04
2.555246951552230894e+04
1.450091249117789994e+04
8.207949691611151138e+03
8.162875398576918997e+03
3.869715038806321536e+04
2.114031905554878904e+04
3.865634545887893910e+04
4.122888457192292117e+04
4.285867264495728887e+04
1.846972485379737554e+04
1.674422268741627340e+04
3.002607120686306007e+04
3.043402730901206451e+04
2.081300955612180041e+04
1.265333118740023747e+04
1.201846638563445413e+04
1.159755841749236970e+04
1.203301449922534812e+04
1.247679757505594898e+04
1.183248125901675303e+04
1.140472217092431674e+04
1.184725739100595820e+04
1.351878769684731742e+04
1.292642660955278370e+04
1.293995556868017593e+04
7.329161545487039803e+03
1.033082743410479634e+04
9.838098771551522077e+03
1.034774448368178128e+04
1.060287643412048237e+04
7.012521276855103679e+03
6.739614150012819664e+03
7.994157257216200378e+03
9.178233304589955878e+03
8.619977852115920541e+03
9.197267070149349820e+03
9.293576977173845080e+03
8.249510643838675605e+03
1.753664600740957758e+04
1.731874392239643930e+04
2.139586760524049532e+04
1.518283874986056617e+04
1.569359586331928949e+04
1.544977223408169993e+04
2.422438566478673238e+04
1.473601658720583509e+04
1.599586661667208500e+04
2.250004574953181145e+04
1.080259133010850746e+04
1.455662536065946733e+04
1.583072777597233653e+04
1.242156861842264880e+04
1.020866291617622664e+04
9.895401012747690402e+03
1.422898865766606832e+04
1.360648889753176627e+04
1.307643491387748691e+04
1.403379683893647598e+04
8.755062604892669697e+03
1.095941954711894869e+04
1.049157854680114724e+04
1.225085649656995884e+04
1.492050473484064969e+04
1.055494935715692554e+04
1.407325857099836139e+04
1.095815828380328821e+04
1.279384559912557597e+04
1.354905152620819536e+04
1.357138567463694744e+04
1.395468969307436782e+04
1.373243428686519655e+04
1.403577600970450840e+04
1.153917973616424024e+04
1.198778403342408819e+04
1.172822858329301926e+04
1.208210868049129931e+04
2.789626583693744033e+04
2.594531305244764735e+04
2.862129255477173137e+04
2.565492857400353023e+04
2.749699870898524387e+04
2.657991016659971501e+04
2.554240955768298954e+04
2.613114670287835906e+04
1.206303441107623257e+04
2.336317363550708615e+04
1.574762989751626992e+04
1.719775751978188782e+04
1.604153420928378000e+04
1.746723547145422708e+04
1.604403274670741848e+04
1.746952973258263592e+04
1.267119573225712520e+04
2.318045783759991536e+04
9.150356677779491292e+03
9.757375616990033450e+03
8.193313094961757088e+03
1.107923310515854064e+04
8.111179260791136585e+03
8.066407478063517374e+03
1.458654749258020092e+04
1.310836432040945692e+04
1.353882877030668897e+04
1.245954378289917440e+04
1.451987864192768393e+04
8.311816968147446460e+03
8.975835635251440181e+03
7.244639459310774328e+03
1.039775870184499399e+04
7.151602637488407709e+03
7.100774352960385841e+03
1.407646324917736820e+04
9.081575157917619435e+03
9.692909990020878467e+03
8.116412360698222983e+03
1.102251693624131258e+04
8.033491283659651344e+03
7.988283523243851050e+03
1.454355456539011175e+04
1.141809703665359848e+04
1.190992097415433091e+04
1.066677944981066321e+04
1.301458675402376502e+04
1.060384405278898339e+04
1.056964835697366107e+04
1.120512697973830473e+04
1.170591705881023518e+04
1.043846800563468787e+04
1.282819453379553306e+04
1.037414569074434621e+04
1.033918926605735578e+04
2.176233264019335547e+04
2.192744524062264827e+04
2.231148258190433626e+04
2.247260017786350363e+04
2.258068590463108194e+04
2.273991115190291021e+04
3.746939376161135442e+04
3.393477181228031986e+04
5.147933370684896363e+04
5.241916941902891267e+04
5.708213806889239640e+04
5.592024414867596352e+04
5.585201958786077739e+04
4.881765500617509679e+04
5.318624336126710114e+04
5.778782899120360526e+04
5.664028706558872364e+04
5.657292352273802680e+04
4.889804964769404614e+04
4.988617833649349632e+04
5.476352562810872769e+04
5.355180067900167342e+04
5.348058108559675748e+04
5.030746870296073030e+04
5.126863339013125369e+04
5.602668494364310027e+04
5.484263282706191967e+04
5.477307754626290262e+04
4.984361886113769287e+04
5.374888864953224402e+04
5.201485571906064433e+04
5.357396242872641596e+04
5.038218821059032052e+04
5.610069546839095710e+04
5.044147257088897459e+04
5.427171442357506749e+04
5.311277392313010205e+04
4.927145922326421714e+04
5.190167604617954930e+04
5.010432076425375999e+04
5.172055887024134427e+04
4.840779284872508288e+04
4.846947310994796135e+04
5.244275394337897160e+04
5.124284097761492740e+04
4.725103695955780131e+04
5.418195561380644358e+04
5.246211558889021398e+04
5.400841980808384687e+04
5.084369638467211917e+04
5.651590505465461320e+04
5.090244738307048101e+04
5.470067869931917085e+04
5.355094066111624852e+04
4.974319516774421209e+04
5.431488651577781275e+04
5.259935564240231906e+04
5.414177305753860128e+04
5.098525778447596531e+04
5.664340790397362434e+04
5.104384710548588191e+04
5.483236313437114586e+04
5.368542044158864155e+04
4.988785559776852460e+04
4.443353762413097138e+04
4.789687315713417775e+04
4.956357010110088595e+04
5.235986450689507183e+04
5.092478928840262961e+04
5.195663885791547364e+04
5.258994839966103609e+04
5.051022651546011912e+04
3.297346527865640383e+04
3.236362860975497824e+04
2.904793735795956673e+04
2.895574910927425299e+04
3.800365259743879142e+04
3.221438645060754061e+04
3.881341924207598640e+04
2.834847277671543634e+04
3.698345378538336809e+04
3.100638714879754480e+04
2.674486835795860316e+04
2.706924357587208942e+04
3.781480787475641409e+04
1.994678137204395898e+04
1.726215239618656051e+04
2.069689748384472477e+04
1.534937884350890272e+04
1.474213394962098937e+04
1.607672608205744655e+04
1.181430638105005164e+04
1.741877320425250946e+04
1.761365707975986879e+04
1.582390913738801100e+04
1.603830902134027019e+04
1.729620703791335472e+04
1.617481621109890330e+04
1.638458457615645602e+04
1.761754548312845145e+04
1.592611798620418449e+04
1.613914568293564480e+04
1.738966879699976198e+04
2.276863907905270025e+04
2.370103754192125052e+04
2.135576365469967277e+04
2.351375781030226790e+04
2.325659386443871335e+04
1.938557108681097088e+04
2.257525556018699353e+04
1.915600991338773747e+04
1.883926459722039363e+04
2.360619938411178737e+04
2.166493096884897386e+04
2.274395954188835822e+04
2.281373911601267173e+04
2.079828739193740694e+04
2.192019927904419455e+04
1.887102368912498059e+04
1.998664168980940667e+04
2.309320065056768362e+04
1.976408284472158630e+04
1.945726599310233360e+04
2.355486579193789294e+04
1.951484220819300390e+04
2.059552404504360675e+04
2.037963454151690166e+04
2.008225034417441930e+04
1.900987346458247339e+04
1.912160858460078816e+04
1.855228346340372445e+04
1.821217411562614870e+04
2.093073622029003309e+04
1.844074783156175545e+04
1.855591883690101167e+04
1.796863467322303040e+04
2.041536991159530589e+04
2.423993093926849906e+04
3.123671062503961730e+04
2.509078868016671549e+04
2.477726460538679385e+04
2.564493314603197723e+04
2.515015325956607194e+04
2.483738073893472028e+04
2.570301409909543872e+04
2.984174580197561227e+04
2.949412975195886247e+04
2.361184897362707125e+04
2.419998339543243492e+04
4.019025196829869674e+04
4.024345760973282449e+04
4.041869023761119752e+04
3.903119176931523543e+04
3.908598239167821157e+04
3.926640439536004124e+04
3.895452208072080248e+04
3.740923575213510776e+04
3.746640887480594392e+04
3.765462633006763645e+04
3.732922020871583663e+04
3.559357025669162977e+04
3.565366738371850806e+04
3.585144340314920555e+04
3.550944629663504747e+04
3.991130744300324295e+04
3.996488613825583161e+04
4.014134041698456713e+04
2.577961560437833032e+04
2.575791290084152206e+04
2.581391591442831850e+04
1.774122426904916574e+04
1.765533823524892068e+04
1.812216096945024401e+04
2.188557641924355630e+04
2.088429932965730768e+04
2.181604692089489254e+04
2.131527784585598420e+04
2.685681035153004996e+04
2.683598135558862850e+04
2.688973261310096495e+04
2.487588108741905307e+04
2.485338692096514569e+04
2.491142941556150254e+04
2.841178547034983058e+04
3.149692107240378391e+04
2.813237540467624058e+04
3.001723186059392174e+04
3.052388660753011573e+04
2.848183404415023324e+04
3.156009397101001014e+04
2.820312072451336644e+04
1.743425912527830224e+04
1.210894963972514597e+04
1.348200300906733355e+04
8.274759162153777652e+03
1.053565540592941215e+04
1.731651550338449670e+04
1.193841723343065860e+04
1.332912594954808446e+04
8.022856527519857991e+03
1.033910548399540494e+04
1.133210468615745594e+04
7.655752490587781722e+03
9.012930583820976608e+03
1.150451386978283153e+04
7.908372990628189655e+03
9.228569399959658767e+03
1.437084211158331527e+04
1.169025626666909920e+04
1.262147481106436680e+04
1.233759032078641758e+04
9.076703350573197895e+03
1.384463858093596355e+04
1.024775800836414965e+04
1.304129748737424052e+04
1.001171394819924535e+04
1.447548903707203317e+04
1.108458938044328897e+04
1.393431335884612054e+04
1.213259128582566882e+04
1.569734465047485719e+04
2.637343348393145789e+04
2.773985441861450090e+04
2.647183093992295107e+04
2.929393275634035672e+04
2.720068996084865285e+04
2.852764946024689198e+04
2.729611541633001616e+04
2.463298693351821930e+04
2.458428743079665946e+04
2.606003799433440145e+04
2.509755504990011468e+04
2.737808923122238048e+04
2.402511805860194363e+04
2.818234881542736912e+04
2.729454505399205300e+04
2.940577167389665919e+04
2.374470472458900986e+04
2.369418550324966054e+04
2.522189637244268670e+04
2.422625679314724039e+04
2.658138425808254033e+04
2.311356143947247983e+04
2.603231366201183482e+04
2.598622828925302383e+04
2.738678663810777653e+04
2.647241568305371038e+04
2.864407647276861098e+04
2.784175594172324054e+04
2.694277348858298137e+04
2.907945593969350011e+04
3.483399077410458267e+04
3.806180283123673871e+04
4.320786439097623952e+04
4.021739537281940284e+04
3.572422223613324604e+04
3.887858463675721578e+04
4.421168711913654988e+04
4.129348553284579248e+04
2.816446466415660689e+04
2.973753089992472451e+04
3.169784482499362639e+04
2.887837104744751923e+04
1.370123797533440666e+04
1.701991091036131911e+04
2.282584364751008252e+04
2.164217408203361992e+04
1.652946354535139835e+04
3.444960902035699110e+04
3.284180686684351531e+04
3.440157222275706590e+04
3.662976706275891047e+04
3.433603751201688283e+04
3.652234993370094890e+04
2.779344211880916191e+04
2.667132539294644812e+04
2.784591259686154808e+04
2.056624999812833266e+04
2.720791394047688300e+04
2.606114959427488066e+04
2.726148621268484931e+04
4.315096775975549099e+04
4.433415483912411582e+04
3.684654536978815304e+04
4.276224803512845392e+04
3.702832843565024086e+04
4.184956219740683446e+04
4.306820425761254592e+04
4.429849504849759251e+04
4.144874394860858592e+04
4.307732406623101269e+04
4.426246300596763467e+04
3.676037223035521311e+04
4.268793934971030831e+04
3.694257672428674414e+04
4.097596922224722948e+04
4.057904545974060602e+04
4.197725817576793634e+04
4.143238657968278130e+04
4.309896756032424310e+04
3.985798757991620369e+04
4.272164237602189678e+04
3.908099384704178374e+04
4.405235266391675395e+04
4.045888796797180839e+04
4.005687564054688119e+04
4.147257645041391515e+04
4.101882468668518413e+04
4.062231683861034981e+04
4.201909945772862557e+04
4.062210009308366716e+04
4.232039464936045988e+04
3.901522119236737490e+04
4.193611286354860931e+04
4.329080984618481307e+04
5.541892493697768805e+04
5.482954390276502818e+04
5.470388834195282834e+04
5.612053349237212387e+04
5.433108281309840095e+04
5.608762622701942018e+04
5.550529724996453297e+04
5.538116454566403991e+04
5.273857311006230884e+04
5.387855466595418693e+04
5.152452553089234425e+04
5.337690448307398037e+04
5.368984484145917668e+04
5.249764532792485988e+04
5.431707840483578184e+04
5.420419706198132189e+04
5.302348081613255636e+04
5.156296801297264756e+04
5.482558936057187384e+04
4.579199389951153717e+04
4.584179304316275375e+04
4.655310566053962975e+04
4.648485674577804457e+04
4.599631554138042702e+04
4.584458377191505861e+04
4.645499929916077235e+04
3.960369173438604048e+04
4.359419213307050813e+04
4.364648494339184253e+04
4.380870798861908406e+04
4.356189649930967425e+04
4.364941524342691264e+04
4.372100347075356694e+04
4.377314559525904042e+04
4.393490346736554784e+04
4.368880107979087916e+04
4.377606746207084507e+04
5.329493809191774926e+04
5.213773853448375303e+04
5.189511738992851315e+04
5.320710104970741668e+04
5.188567293767576484e+04
5.213373308870052279e+04
5.329560211340165552e+04
4.213266783220388606e+04
4.214394811044516973e+04
4.464432223954621440e+04
4.465497133248620958e+04
4.471068451483548415e+04
5.317392329422421608e+04
5.201404941242383211e+04
5.177085233439216972e+04
5.308588736522333056e+04
5.176138535326470446e+04
5.201003450233797776e+04
5.317458881671820563e+04
4.183071023612006684e+04
5.388960386566187663e+04
5.274536567610558996e+04
5.380273114370252733e+04
5.274140607938794710e+04
5.389026060912180401e+04
4.200860929001303157e+04
4.201992269975096860e+04
5.022772564068360953e+04
4.997589230506278545e+04
4.996608740315250907e+04
4.975860818843123707e+04
5.022356884886218904e+04
8.411401297171005353e+03
7.272719306097006665e+03
1.545546143228790061e+04
1.486723558358897208e+04
9.137726245412703065e+03
8.101998088451189687e+03
8.716272419771212299e+03
7.623372865753635779e+03
1.290573037947029843e+04
1.219485427244094353e+04
8.990490176016273836e+03
7.935528078276013730e+03
8.503721849458272118e+03
7.379335018739119732e+03
8.141120218687465240e+03
6.958220006710318557e+03
1.866479572871352138e+04
1.933616911956531476e+04
1.927480834076519386e+04
1.867489522151077108e+04
1.660721887192235226e+04
1.549540828678087928e+04
1.473696705962326450e+04
1.465626333964805781e+04
1.923123634155979380e+04
1.828060524005798288e+04
1.690414548784773433e+04
1.764289321864289013e+04
1.757559878514527009e+04
1.691530003743146881e+04
1.740237643835536437e+04
1.634515836935455991e+04
1.478879895762693013e+04
1.562828905676523937e+04
1.555224020844462939e+04
1.480155437273852112e+04
1.888783046913329963e+04
1.791890711051624021e+04
1.651220110843742441e+04
1.726778700035126167e+04
1.719901918908628068e+04
1.652362120420788051e+04
1.244592990681675474e+04
1.207205683408498953e+04
9.495276809940311068e+03
1.010241064510712022e+04
1.189690641413992307e+04
1.108070751299806579e+04
1.024195135939773536e+04
1.092093053225335279e+04
1.206843485828892699e+04
1.126469253405607014e+04
1.044074927510620546e+04
1.110756646548434765e+04
1.075434945041971878e+04
9.843700815502726982e+03
9.663460821600519921e+03
2.203180054454812125e+04
2.149041755968905272e+04
1.764781277875571323e+04
1.589234526239823026e+04
1.697751477493082712e+04
1.630204025788201398e+04
1.588494080822230535e+04
1.702312135660217245e+04
1.755876997987558207e+04
1.610927652517412753e+04
1.701949719852116687e+04
1.537185127198184637e+04
3.208908879633637844e+04
3.033365931749775336e+04
3.072979565425978581e+04
3.207463982800235681e+04
2.974734936431505048e+04
3.224603016940370799e+04
3.014667917079539620e+04
4.473077721709540492e+04
5.746312361862734542e+04
5.853045911712150701e+04
6.202395578203047626e+04
6.239066117575424869e+04
6.198743499520072510e+04
6.188593522901336837e+04
6.108821660951126250e+04
7.288140982195148536e+04
4.078358602217144653e+04
3.945436594014818547e+04
4.108372798479680205e+04
3.976447580130404822e+04
4.000406848138509667e+04
3.864822647671317100e+04
4.905960137839086383e+04
3.895563991125010216e+04
3.917889056054158573e+04
3.892519038248917786e+04
3.936374731314729434e+04
3.967024039278993587e+04
2.816964415615676990e+04
2.817961791215401172e+04
2.821267133876579828e+04
2.815242297188607699e+04
3.243073453746252198e+04
3.242599092812570234e+04
3.271541541421398506e+04
3.242251872154075681e+04
3.269086949412422473e+04
3.574082716010819422e+04
3.598392619282343367e+04
3.551494248523566785e+04
3.570765034237660439e+04
3.549232443446640536e+04
2.765621251579618547e+04
2.766637068705547063e+04
2.770003431340645329e+04
2.763867259417193418e+04
3.827177990002961451e+04
3.849897603864486882e+04
3.806084858813136816e+04
3.824078862866384588e+04
3.868706489363517903e+04
3.899884852936054813e+04
3.679014160512814124e+04
3.702638443284041568e+04
3.657070837882946944e+04
3.675790743533476052e+04
3.654874065795424394e+04
3.722187734185174486e+04
1.747059287737109844e+04
9.245278539560928039e+03
8.630142078725892134e+03
9.482121563801034426e+03
8.883375902320827663e+03
5.171369142177713911e+03
7.250533174148282342e+03
6.448147036341833882e+03
1.736685480967832336e+04
1.624095708975706475e+04
1.572748929513508847e+04
1.719637947543152404e+04
1.562026306624032259e+04
1.625381068237462750e+04
1.504509444789319059e+04
1.448942156288069054e+04
1.607156946475556470e+04
1.437298504139781835e+04
6.733448316085622537e+03
7.749491094333056026e+03
6.940441437466608477e+03
8.475345868266791513e+03
9.677874177588659222e+03
9.678506777137459721e+03
6.931835981435313442e+03
9.739723162088412209e+03
3.852932667874875278e+03
4.077641071225983524e+03
6.517452193914107738e+03
3.851249005507045695e+03
4.076038381357031085e+03
6.516342098454269944e+03
1.267658300603011776e+04
1.451499119487190183e+04
1.267706635622523390e+04
1.320260348329807857e+04
1.272390198825002699e+04
3.888549029342600988e+03
4.111321110055301688e+03
6.538666901806432179e+03
1.026762087585006702e+04
1.098564496448905265e+04
1.091596119592748619e+04
2.072977537661590395e+04
2.111817725032172893e+04
2.118459892768110876e+04
1.207231518513750962e+04
1.542461930159287840e+04
1.594316484118003427e+04
1.603110621942912621e+04
1.822384096684969700e+04
1.866461210575720906e+04
1.897548750683085018e+04
1.873975785616778012e+04
7.374503488607616418e+03
6.713710805312975936e+03
7.822712945749850405e+03
4.289349454061177312e+03
6.680295082241956152e+03
3.880430604327340461e+03
1.618142322988343767e+04
1.522955378211261268e+04
2.247362103522802136e+04
2.248232063794532951e+04
2.295014203546498538e+04
1.651242037329735831e+04
1.652426816701026837e+04
1.715583657883954947e+04
2.774469710951399975e+03
3.055893621083067956e+03
3.010682150765831466e+03
1.422066316519627617e+04
1.419314759019537451e+04
1.661543682096338671e+04
1.985116495229677457e+04
1.890970154712176372e+04
1.995796535026304628e+04
1.428928494868605958e+04
1.426190150373295182e+04
1.667422720234462031e+04
1.063633883832429456e+04
9.598151424369443703e+03
1.059954161555121027e+04
2.120592933909009298e+04
2.032711573115699866e+04
2.130596129641241714e+04
1.474152443343290724e+04
1.471498091920913612e+04
1.706351048542030549e+04
1.547748748194820109e+04
1.545220565784826431e+04
1.770341809703206673e+04
1.373379388581250168e+04
1.179114792596399093e+04
2.042433665731479050e+04
2.010653466203403514e+04
1.777278982668528988e+04
1.752543619158230649e+04
1.827149844558336190e+04
1.279439794570203958e+04
1.350932469379395843e+04
1.152908506811843472e+04
1.271462908468155729e+04
1.758719412863518301e+04
1.733703322495516841e+04
7.292751072099134944e+03
3.640268653805203940e+03
5.000251805969608540e+03
1.823971156242755796e+03
3.883402790929835646e+03
6.347846653971869273e+03
2.344446969103863012e+03
9.142946517305988891e+03
4.721799694237396579e+03
1.052073188744618164e+04
1.072943727087722073e+04
1.045049786590776239e+04
1.105454494263977540e+04
5.773852698433365731e+03
7.012559314612092749e+03
4.910457640572688433e+03
4.198016005395713728e+04
3.527221074205291370e+04
3.248448631054349244e+04
3.344483470823786774e+04
3.787918584107704373e+04
3.883699509257113823e+04
3.531819554522771068e+04
3.413048967809932219e+04
3.644372059751521738e+04
3.576603066416160436e+04
2.461925193378420590e+04
2.358221863245566783e+04
2.729446107878365365e+04
3.994453232520804158e+04
3.040862046532685781e+04
3.033026979326285073e+04
2.963019555655532895e+04
2.999907928673849892e+04
2.753969259408401558e+04
1.744284891332700499e+04
1.747140932635491845e+04
1.476716001449020223e+04
1.489270698091047780e+04
1.603180605223573184e+04
1.593618447539273620e+04
2.652566417405572065e+04
2.697730839024853049e+04
2.255055250566046743e+04
2.267661503735239967e+04
2.257266577703984876e+04
1.641750093282809030e+04
1.549901151835333621e+04
1.503778949155536066e+04
7.862964782362307233e+03
2.229379471321295932e+04
2.222881217030739208e+04
2.279900221258074453e+04
2.161415058137444430e+04
2.298792875939527585e+04
2.292490622139858533e+04
2.347826341535387837e+04
2.232934099113922639e+04
9.569613196645586868e+03
9.072680214144851561e+03
9.659299368416490324e+03
9.167217232133949437e+03
5.908963838218663113e+03
6.167222775455028568e+03
7.115694566330535054e+03
7.761463424504442628e+03
8.069239090386353382e+03
5.711469797528821800e+03
5.978332331507386698e+03
6.952849011847191832e+03
7.787980060329769003e+03
8.094761560198225197e+03
5.747340552514625415e+03
8.232013328902954527e+03
6.012623265197327783e+03
6.982397561985188077e+03
1.126201721341413577e+04
1.136116040554021674e+04
8.352141852515795108e+03
8.638997994666808154e+03
6.490698363074876397e+03
8.767773174484327683e+03
6.726799306988586977e+03
7.606306456395674104e+03
1.077902657106432162e+04
1.100291680585271752e+04
1.110436867997338049e+04
5.821473789794952609e+03
6.083460369843301123e+03
7.043264006082779815e+03
1.842751311148749301e+04
1.833836090304222671e+04
1.840211705825127501e+04
1.830567414254375399e+04
1.830677621422287848e+04
1.281865393602043696e+04
1.339690671658757674e+04
1.577460102243913025e+04
1.573657725694934561e+04
1.573785966212880157e+04
1.015617878075855151e+04
1.185177320468540165e+04
3.157270846008807348e+04
3.307006708521039400e+04
3.225908606140621123e+04
3.131461386916769698e+04
2.740336745509863249e+04
2.638622668482531299e+04
2.569559184344907044e+04
2.710542844295805480e+04
2.518342759720514732e+04
2.445873333441180512e+04
2.593612532791501144e+04
2.198349069389803481e+04
3.976779092328028491e+04
3.942651959224068560e+04
4.213513126056298643e+04
4.341965958200852037e+04
4.181329793080641684e+04
4.239998516941331764e+04
4.367667654995929479e+04
4.208018984358335729e+04
4.247387971067963372e+04
4.374840126823361061e+04
4.215464840026637103e+04
4.292207518812075432e+04
4.307022669781589502e+04
4.096386996306755464e+04
4.678447281118432875e+04
4.692035552200055827e+04
3.067550828488699699e+04
2.969816324538494882e+04
3.002763864561718947e+04
2.902839660285415812e+04
3.517897857346843375e+04
3.296055695241943613e+04
2.397092602392190020e+04
3.356329532077820477e+04
3.122973157658048876e+04
3.027036177522517028e+04
3.040776330869624508e+04
3.411229538010136457e+04
3.439760958271146228e+04
3.629722301416382834e+04
2.642472406885401506e+04
2.594248669863480245e+04
2.679242312798644343e+04
2.565766096264838416e+04
2.614502471028608124e+04
2.896998760057704567e+04
2.853096300096947743e+04
2.930564842818983743e+04
2.827232025121301922e+04
2.806762617244282956e+04
2.871518329433636609e+04
3.179574078882759204e+04
3.139641331924860060e+04
3.210174848946272687e+04
3.156384809670397590e+04
3.413001933605215891e+04
2.976811448879733871e+04
3.029857029479074481e+04
3.023670995654269791e+04
2.994909167688748857e+04
3.120988489126906643e+04
4.034685486453105113e+04
4.091118125587517716e+04
4.036773594094374857e+04
4.076994111774091289e+04
4.212011660471984942e+04
4.211854081310232141e+04
4.213308075392516912e+04
4.211705459175302531e+04
3.684878660053409840e+04
3.678765869800042128e+04
3.675037804922476062e+04
4.078925818260867527e+04
4.056060179786763183e+04
4.055896507806846057e+04
4.057406702491004398e+04
4.055742138737365167e+04
4.073407301231571182e+04
4.070042502713754948e+04
3.605227389243746438e+04
3.598978651714717125e+04
3.595167446462620137e+04
3.743434288033901248e+04
3.718316442333305167e+04
3.737417740410310944e+04
3.733748525032411271e+04
3.713944527824660327e+04
3.707879890801259171e+04
3.704181271108517831e+04
3.729339328051037592e+04
3.754065940442385181e+04
3.901379519784376316e+04
3.914422793267445377e+04
3.937981674961697718e+04
1.808329287947182820e+04
1.904339467712106489e+04
1.958709684738527721e+04
2.035113034760285882e+04
2.040498929819319892e+04
2.087307337725453544e+04
2.044064743045496652e+04
2.052037527849989056e+04
1.953273536038428574e+04
2.006309098331473069e+04
1.407652273322455221e+04
2.490217092227557441e+04
1.374561438883652409e+04
1.287094428887829417e+04
1.570694097970555777e+04
1.504843855449716102e+04
2.039825810063612880e+04
2.839982965083449744e+04
3.212227908956193642e+04
3.100350152670060925e+04
2.123743404866923811e+04
1.991577110575877668e+04
2.753256040305363786e+04
3.009569799750338643e+04
2.933950907368371190e+04
3.064175856724666301e+04
3.313796879502840602e+04
3.296514615215617232e+04
3.227590427245156752e+04
3.228348448638503396e+04
3.466225102916853939e+04
3.449702325129092060e+04
3.383882773699935206e+04
3.199623510860059832e+04
3.439477120103855850e+04
3.422825965066978097e+04
3.356482384310601628e+04
3.587212731722860917e+04
3.555651673662208486e+04
3.678494549136950081e+04
3.287574341509454098e+04
3.378250837606428104e+04
3.256360140505176969e+04
3.344729316556848062e+04
3.474995588988992677e+04
3.662925233258835942e+04
3.752375738903757883e+04
3.284643498472614010e+04
3.375398335134196532e+04
3.253401316376921750e+04
3.341848349735706870e+04
3.472222144744377147e+04
3.068445389455107579e+04
3.165373484190535964e+04
2.872170574409080291e+04
3.034989540657646285e+04
3.129584620622331568e+04
3.268391638653280825e+04
3.385215087771885010e+04
3.473356172693482222e+04
3.354905018598039169e+04
3.440756556447896583e+04
3.567536337243190792e+04
3.463610766226611304e+04
3.549815729898722930e+04
3.517920990632996836e+04
3.642029819465910259e+04
2.683283070015986959e+04
2.456568561470798886e+04
2.644983467080123228e+04
3.666379274797099788e+04
3.755747973141074908e+04
1.079610010156777571e+04
1.070901250222910676e+04
1.380003175047585864e+04
1.393230849759767079e+04
1.361422173419400315e+04
1.373198096944301324e+04
1.421798706346291328e+04
7.576759573108655786e+03
1.039627267998214120e+04
1.099154886131274179e+04
4.003564895338354745e+03
7.607439709905845120e+03
6.738781656620788453e+03
6.748171052084938310e+03
4.441404907988107880e+03
5.631829038688468245e+03
6.129193815194588751e+03
9.374378776320036195e+03
9.238993674973693487e+03
9.422597367738435423e+03
9.273524329889127330e+03
1.138778410923480442e+04
1.127662798995529738e+04
1.130492876459518448e+04
9.485049647347390419e+03
9.351268976324576215e+03
9.532707740630703483e+03
9.385386044606349969e+03
5.739310463624125987e+03
4.296630852791728103e+03
5.519057788490984422e+03
4.879674734578736206e+03
5.456915659398946445e+03
6.463098860571386467e+03
5.926700531455956479e+03
1.024733421278447167e+04
4.314059132544417480e+03
5.532581233965115644e+03
4.894999650351477612e+03
9.619143671386120332e+03
1.022318366272841195e+04
9.893034801741750925e+03
5.337253854553670863e+03
6.362413443268853371e+03
5.816723012529671905e+03
1.018421027823927943e+04
1.926166602216733736e+04
1.762600704758841312e+04
1.696304389486806758e+04
1.929894756151294860e+04
1.716112708255114558e+04
1.558183164789771945e+04
1.840377217121822832e+04
1.668615856921476006e+04
1.598503099040782035e+04
1.844274619760272253e+04
1.619485692169808681e+04
1.451268570297184306e+04
1.833008347238171336e+04
1.660467136039837715e+04
1.589988031440665509e+04
1.836921767584863119e+04
1.611083581635203882e+04
1.441869008888042117e+04
1.832137138920270081e+04
1.659502578473627364e+04
1.588979591723739213e+04
1.836052475862198116e+04
1.610088674611097122e+04
1.440754521027360715e+04
1.838882494881756429e+04
1.666868024739862085e+04
1.596639195695166200e+04
1.842785194749640141e+04
1.617657406549072402e+04
1.449130385950256095e+04
1.799653072964722378e+04
1.734764734173714533e+04
1.754141306661103954e+04
1.599948870057490967e+04
1.828615911503266761e+04
1.764786850542520915e+04
1.783839080699039914e+04
8.064016560830463277e+03
1.071892975768100951e+04
9.287650984277157477e+03
7.175724850380035605e+03
9.626885576950555333e+03
7.336545343298350417e+03
1.116752578325246213e+04
7.464833227935338073e+03
1.514132730106472081e+04
1.572035726977900958e+04
1.504525057085189655e+04
2.208253153122057483e+04
2.248399588342069183e+04
2.201668447849179938e+04
2.002972871845022019e+04
2.047134653324785177e+04
1.995713363047686289e+04
1.622197367754199513e+04
1.676383915481297663e+04
1.613231377569912001e+04
9.247210118604138188e+03
6.679510859720568078e+03
1.150846469006075313e+04
1.251289767695887895e+04
1.090401825232844203e+04
1.230020014380468820e+04
1.088225683848081280e+04
1.148487387477465381e+04
1.134505242213450947e+04
1.075287534070876973e+04
1.118776308036734008e+04
1.483436014130559670e+04
1.606275181652159699e+04
1.784010272365151104e+04
1.393447064391007370e+04
1.320612435160568384e+04
1.457279669711777933e+04
1.651184492402368414e+04
1.512442143921270508e+04
1.659230815186110704e+04
1.769879990407996229e+04
1.932582311975698030e+04
1.579314327488137678e+04
1.316465617221898174e+04
1.453523817302244242e+04
1.647872063685163448e+04
1.638359318180882110e+04
1.774740142738240684e+04
1.878579814766218988e+04
2.032572803999247844e+04
1.700275362129343557e+04
2.987238211533098001e+04
2.722051786237886699e+04
2.665591066846344984e+04
2.664803434512091553e+04
2.992219843067786496e+04
3.273844496180767601e+04
2.501273499050375904e+04
1.774469018868453350e+04
2.239947566614048628e+04
2.213511923442727857e+04
2.488454331475687650e+04
2.093696127117119977e+04
2.065382713370226702e+04
2.265876632650539614e+04
2.239748125621102372e+04
1.890925411979391356e+04
1.095885426781613205e+04
1.238954838026494144e+04
1.785036620105801558e+04
1.410132701930398252e+04
2.116702134409526843e+04
3.615403581033868250e+04
4.419832238732645055e+04
4.442241218889467564e+04
4.588362583568521222e+04
3.498527312202376197e+04
3.527690933260590100e+04
2.430057981749484316e+04
2.467794166628208404e+04
2.319241972016682485e+04
2.358757859579508295e+04
2.048115672548574730e+04
1.986559104410438522e+04
1.967119530252021650e+04
2.546455776431526101e+04
2.902882223362975128e+04
2.327319734337150294e+04
2.366700305912361364e+04
2.597120181812913506e+04
1.976422729478467591e+04
2.065824866593433035e+04
2.303309032622407176e+04
1.929153897373220025e+04
2.161244511413712826e+04
1.971949805635734083e+04
1.828360799464369120e+04
2.071641606168012368e+04
1.983253595444672101e+04
1.840529972518766954e+04
2.082415209810299348e+04
1.993236933145817966e+04
1.851271526374997484e+04
2.091932955931423930e+04
2.177809146405745923e+04
2.404342510239649346e+04
2.446141817712334159e+04
2.048570051226128271e+04
2.268558475728758640e+04
2.381679628204002438e+04
2.590553358192252199e+04
2.464978678129384934e+04
1.959472661703561971e+04
1.814947749450565971e+04
2.059735255434128339e+04
2.034919878261532358e+04
2.338288885185571053e+04
2.001961893552335823e+04
2.309650091018472449e+04
2.161617984736931976e+04
2.520675875926738809e+04
2.771754943029494461e+04
2.618111543175497354e+04
2.716670901486265939e+04
2.566723052996312981e+04
2.807341118109603121e+04
2.595553090696207801e+04
2.438200067897429471e+04
2.840049466528505945e+04
2.690289905857622216e+04
2.946355958751382059e+04
3.127689568749518730e+04
3.099912867515797916e+04
2.642125826257098379e+04
2.609213001779677870e+04
3.183001668411243372e+04
3.155709384475956904e+04
4.989255698636858142e+03
5.557821127828571662e+03
5.070191580632353180e+03
4.165806424211824378e+03
3.103496551515017018e+03
4.943699394481445779e+03
5.516951671055619954e+03
5.025367532826011484e+03
4.111152425583354670e+03
3.029763221329005319e+03
7.690471325519522907e+03
7.065719444560701049e+03
7.478231061523145399e+03
7.123127670447452147e+03
6.510152462002531138e+03
5.886949019201782903e+03
7.121254359837656011e+03
7.530728437405650766e+03
7.178219009885217929e+03
6.570379273513412045e+03
5.953477304201988773e+03
5.698219397992326776e+03
6.202227791138832799e+03
5.769232224177128046e+03
4.992938895042918375e+03
4.147964905485144300e+03
9.024949773250769795e+03
3.267463348358956137e+04
3.267122742367235332e+04
3.266376458658520278e+04
3.271853929153958234e+04
3.230751767916995959e+04
3.230407274468061587e+04
3.229652470281323986e+04
3.235192386424812139e+04
3.229614629070951560e+04
3.182379836381003770e+04
3.259776707701958367e+04
3.886676663053236553e+04
3.706365841413506860e+04
2.792070449860936060e+04
3.035866225137673609e+04
2.759720257238446356e+04
3.006174691007100409e+04
2.806740439116068592e+04
3.049349602688251252e+04
3.127384316707072139e+04
2.749606833131489475e+04
2.996904676618403755e+04
2.869366205654797159e+04
