2.533283677345196338e+04
nan
nan
nan
nan
nan
3.050223540979245081e+04
nan
8.234919841796494438e+03
nan
3.780618112559373913e+03
nan
nan
nan
nan
nan
nan
nan
nan
nan
nan
1.177587650201719225e+04
7.393268201955173936e+03
6.705446466070839961e+03
3.808893289880450538e+03
4.388793366847987272e+03
4.530982339471283922e+03
6.058591369900823338e+03
7.485000438273229520e+03
9.753944765565365742e+03
1.383819175752710362e+04
1.014895963248385851e+04
1.076298657364294741e+04
1.097562904282731688e+04
nan
5.511938957467546970e+03
7.367511118137294034e+03
nan
1.381400680799067050e+04
nan
1.271168199294847727e+04
nan
6.345675061357868799e+03
2.619757179814148913e+04
5.680178097702121704e+03
5.561111939113430708e+03
nan
nan
nan
6.108743880703070317e+03
5.601388354830663957e+03
4.922608030614157542e+03
5.330663310656974318e+03
4.156404728273026194e+03
1.343460625481995521e+04
9.031155918571121219e+03
6.191250727059412384e+03
4.706907107097063999e+03
3.852948207483892929e+03
4.318756507394123219e+03
4.179707804855015638e+03
4.017354306201053532e+03
3.400541944525681174e+03
3.197622956064310529e+03
4.757558487173030699e+03
5.417262338719627223e+03
nan
nan
5.489515362932561402e+03
5.940809146923212211e+03
1.028114723519700237e+04
6.087118546966326903e+03
4.120114964981342382e+03
3.708405861486216509e+03
2.994009431213730750e+03
1.699422987030691502e+03
1.681819894256365387e+03
2.915543054356092398e+03
4.480006238522147214e+03
3.475635109706817730e+03
3.286148676718481511e+03
2.986152977627953078e+03
3.223271077941047679e+03
4.020602703461017427e+03
4.181075536652865594e+03
3.398099929645525663e+03
3.784752958852535812e+03
4.191178380862068479e+03
3.592727834104035082e+03
4.101908190759069839e+03
4.917005235997861746e+03
5.646893299003164429e+03
nan
4.035272069245220337e+03
4.201107918148542922e+03
5.886361921711447394e+03
6.282485636177139895e+03
4.854716031119757645e+03
3.783076529368346655e+03
3.852144003537517165e+03
3.851005777001937986e+03
4.046715453526154306e+03
3.910528013252814162e+03
3.976828843914844583e+03
nan
2.974674896156395789e+03
4.352736273039533444e+03
3.936258420456664226e+03
3.945589455660010117e+03
3.984319299600224440e+03
3.723388693997855171e+03
3.075274947226258973e+03
2.613346239051041266e+03
2.865970963545950781e+03
2.629528839598634931e+03
2.917056590510665956e+03
nan
4.459908218270926227e+03
nan
4.838626562061743243e+03
4.916821782682062803e+03
nan
nan
nan
nan
