8.952124680897474173e+04
8.963775480251165573e+04
8.979644667399962782e+04
9.227948193591115705e+04
9.827253876579632924e+04
9.835477192275514244e+04
8.847572707274576533e+04
8.859362579923518933e+04
4.453779016361287358e+04
3.874039844320466364e+04
3.865652367011873866e+04
3.918520322551004210e+04
3.862867808426329429e+04
3.956717633648333140e+04
4.867290090837943717e+04
4.809124603687701165e+04
8.530893230079649948e+04
8.659643864394177217e+04
8.309058900804692530e+04
8.066834630681014096e+04
8.406120886985225661e+04
8.536775256450434972e+04
8.549274587831083045e+04
8.677749363487494702e+04
6.327666252970876667e+04
6.283340311869077414e+04
6.306746460202050366e+04
6.174140855417159037e+04
6.128694466353097960e+04
6.152694291278250603e+04
6.010320816603645653e+04
6.034795609765827976e+04
7.182453489408794849e+04
7.142471537499905389e+04
7.152386366675177123e+04
7.454860996673261980e+04
7.468764447248539363e+04
7.400860029134288197e+04
7.371692941245384282e+04
7.872611384461706621e+04
7.885770447817812965e+04
7.907758635161969869e+04
7.404223418329094420e+04
7.418222797619363701e+04
7.349846427960335859e+04
7.310789401143381838e+04
7.320473938696458936e+04
8.391717113617104769e+04
5.197547048271272070e+04
5.606791892423856916e+04
5.217116010031352926e+04
5.742050374999450287e+04
5.859481412982549955e+04
5.886119998476593901e+04
6.913681524952661130e+04
6.847644795958731265e+04
6.543697194465219218e+04
5.903912339218160923e+04
6.018152037943260075e+04
6.044083612514688866e+04
4.943681832908003707e+04
6.455098209280155424e+04
6.270485895915987203e+04
6.295366705584181182e+04
5.595771599593041174e+04
2.992498385650805358e+04
2.708778384565564556e+04
4.715195575257330347e+04
5.072605585990394320e+04
4.945999038660729275e+04
5.131558878005016595e+04
5.371115928829571203e+04
5.616270825529751164e+04
5.798082067396320053e+04
5.805227320193728519e+04
5.002804461765531596e+04
5.157272381903451605e+04
5.107613719787095761e+04
5.348207907427101600e+04
5.337171960663369100e+04
5.037881971837544552e+04
5.191333554563651705e+04
4.910401482941959694e+04
5.330528747900189774e+04
4.592365766920049646e+04
4.532161595214428235e+04
4.471742352218431915e+04
4.751666746807277377e+04
4.535962168250042305e+04
4.694053316981115495e+04
4.241678793465215858e+04
4.176461090289165440e+04
4.110856104500642687e+04
4.150195146565490722e+04
4.083527260575503897e+04
4.016415267411609238e+04
6.104287747602245508e+04
6.101396261715255969e+04
4.874980646378061647e+04
4.929243420607290318e+04
4.897441550749250018e+04
5.781093990065038088e+04
5.778042055939491547e+04
5.070822078572455212e+04
5.092424779057843989e+04
5.067345605080453970e+04
5.227499342336757400e+04
5.248461474044919305e+04
5.224126443366943568e+04
5.892509051799487497e+04
5.889514418563940853e+04
5.389699061300316680e+04
5.161336918683837575e+04
6.277932919190074608e+04
6.284657383041911817e+04
4.632292794707928988e+04
5.271809751485890592e+04
3.311131547623864026e+04
2.549736726127881775e+04
2.737638094884086240e+04
2.525754981901614519e+04
2.593047334628069439e+04
2.569473753312789995e+04
2.743154879844992684e+04
2.720892226527084131e+04
2.676274621737477719e+04
3.447406538007609925e+04
2.993778947320156658e+04
2.911980476055266263e+04
2.780554883876132590e+04
4.165713258530104940e+04
2.348506614741580051e+04
2.344006802790037182e+04
2.340639103727104884e+04
3.728357375489055994e+04
3.370681111965692980e+04
5.465833992330927686e+03
5.285841616836475623e+03
5.267301462848106894e+03
5.266528534164507619e+03
5.653062611578099677e+03
1.464002428868252537e+03
4.547984104407948962e+02
1.051624358519244140e+02
5.396307710290775361e+01
4.619490561330675519e+03
4.404794737784784957e+03
1.024427762748143141e+04
3.135180176436761485e+03
2.809315664534859479e+03
1.226191793194946877e+04
1.179213482968012249e+04
1.822442157933224371e+04
1.791195546594968982e+04
2.277788928955864321e+04
1.210534677287060731e+04
1.162923005858058423e+04
1.854979451115220581e+04
5.993424957531701693e+03
4.960721745712149641e+03
1.464989406966040224e+04
1.425913052392091413e+04
1.324161146514597021e+04
1.280787173868294667e+04
1.569490562845270142e+04
1.533085146166871345e+04
5.264448700374098735e+03
1.325729480071489343e+04
1.282408645388609511e+04
5.748159879845519754e+03
4.661283050228396860e+03
1.772880057431175737e+04
1.718059562152515718e+04
1.692463875888612893e+04
8.974298662493436495e+03
8.472974138198978835e+03
1.814452858566478608e+04
1.760930338838028183e+04
8.825673462732833286e+03
8.315505856635323653e+03
9.306574544171709931e+03
8.824421927011113439e+03
8.827233076320546388e+03
8.317165966127606225e+03
9.551427509643910525e+03
1.636135426872658172e+04
1.576554874717044186e+04
1.548616439314067611e+04
1.015015498359678895e+04
9.710093230292421140e+03
9.553061041782813845e+03
9.083616797221320667e+03
2.810302973806241425e+04
2.570934747325854914e+04
3.586774194220078061e+04
2.000425412282022808e+04
2.585907227748224614e+04
2.624576350662249024e+04
4.095585732517331053e+04
3.809087993493920658e+04
3.798308289009584405e+04
3.505991795304857078e+04
3.494281475035287440e+04
3.119662116608917495e+04
3.106501996046219574e+04
4.035227341386811895e+04
4.025050537348241778e+04
3.609056015278892301e+04
3.597679760422564868e+04
4.050042375670650654e+04
4.039902710532643687e+04
4.015110231654245581e+04
4.004882556861495686e+04
3.880929760825201811e+04
3.870349236278885655e+04
3.684333831209593336e+04
3.673189711314457236e+04
5.127897694348126242e+04
4.989333912096618587e+04
3.864002929221433442e+04
3.239251207457350756e+04
3.817716287872694375e+04
3.334620935399829614e+04
5.202569234420947032e+04
5.299678350064166443e+04
3.374613554239213408e+04
4.365115748622680985e+04
5.316988690393164143e+04
5.620336198242325918e+04
4.751501877081014391e+04
6.712877953197264287e+04
6.225243613871238631e+04
4.945199364031941514e+04
5.794525542775323265e+04
4.818154277304244897e+04
4.491629165899927466e+04
5.795024693359334924e+04
5.067857899674828514e+04
4.881015579100917967e+04
6.572463863002584549e+04
6.527112413287542586e+04
6.591036209709364630e+04
6.457107142358979763e+04
6.410946480589069688e+04
6.476007564274626202e+04
6.305574205856134358e+04
6.258305090459361236e+04
6.324923739307621872e+04
6.899102938832629297e+04
6.855894641782112012e+04
6.916805575657915324e+04
6.847566682129638502e+04
6.804033955134675489e+04
6.865401050564905745e+04
5.739154128731046512e+04
5.769096245039598580e+04
4.237751621816163970e+04
4.667994862845844182e+04
5.547517879288407858e+04
4.933007523768976534e+04
4.127929384553066484e+04
5.845718579982085066e+04
5.262079247565398691e+04
4.455890686476853443e+04
5.257233579372813256e+04
5.326939699194501009e+04
6.045063724950156029e+04
5.151751836827114312e+04
3.630445995217820018e+04
3.220698782706004204e+04
5.335783772751042852e+04
5.244454309908103460e+04
5.259230024785156274e+04
5.356492993631211721e+04
5.297091885559231014e+04
5.014920283732277312e+04
5.030365552539424971e+04
5.069924827771988203e+04
4.886255672881287319e+04
4.902103626708531374e+04
4.942682615915002680e+04
5.247264345125728869e+04
5.154377845734270522e+04
5.169409240705156117e+04
5.207919563980780367e+04
5.028051284015704732e+04
4.949954082451220165e+04
5.039194537426070019e+04
6.658420953299594112e+04
6.671906534846480645e+04
6.666857705028366763e+04
6.133484785081552400e+04
6.148111946402881586e+04
6.174170929347374476e+04
6.069534100724131713e+04
6.142636337888212438e+04
6.175124171460432990e+04
6.555365376472609933e+04
6.569060701486830658e+04
6.593469535511219874e+04
6.563933448535298521e+04
6.594362655392558372e+04
5.662855864616622421e+04
5.678685659174533794e+04
5.706871230324838689e+04
5.593570031319460395e+04
5.672760609467806353e+04
5.707901878852529626e+04
5.237403201861830894e+04
5.254505263694575115e+04
5.162452927057877969e+04
5.248104945760534611e+04
5.633828007107965823e+04
6.473374473965513607e+04
6.470031912782156724e+04
6.466424124472260883e+04
6.477115552506336826e+04
5.794253338135423837e+04
5.790521972702247149e+04
5.786493993883374787e+04
5.798429011681145494e+04
5.889070477207238582e+04
5.885398785849057458e+04
5.881435309336784121e+04
5.893179460274933081e+04
6.586626074972093920e+04
6.623951741413011041e+04
6.633541290240437957e+04
6.582550905482048984e+04
6.271752234304844023e+04
6.241662919600638270e+04
6.273564944252608257e+04
6.277280069375883613e+04
6.761938391755917110e+04
6.742450277806386293e+04
6.615865406961920962e+04
6.595949595578535809e+04
6.063451536727735947e+04
6.798268717366449710e+04
5.505992897557828837e+04
5.435868958664553065e+04
5.243070351979121915e+04
5.361731054723907437e+04
5.289715239869298966e+04
5.310194302847274230e+04
5.237477371714280889e+04
6.360902526283748739e+04
6.374010565525139100e+04
5.529030093901824876e+04
5.459199009434988693e+04
5.868075790299896471e+04
5.691957956430838385e+04
5.093966437592314469e+04
5.112914581117245689e+04
5.084373792095527460e+04
5.115336278424325428e+04
5.042201132297921868e+04
4.949287935664681572e+04
5.042207599224073783e+04
4.866915176215035171e+04
4.876651660613441345e+04
4.763358238479450665e+04
4.677734661609346222e+04
4.687861484175606165e+04
1.183260893123104324e+04
1.284559643926512581e+04
1.433479088286920705e+04
1.817281335909812333e+04
1.810849529521404111e+04
1.417459440358379288e+04
1.416107474348394317e+04
2.543956623737076006e+04
2.644162442053718769e+04
1.266694013265527974e+04
1.417461656058222616e+04
3.526135778953395493e+04
2.441831183904814679e+04
1.115081077924623605e+04
1.132794403442455587e+04
1.027785377193175191e+04
1.126084736162493391e+04
2.479625389105111026e+04
6.510113909815449915e+03
2.475618848499538581e+04
5.513235120125695175e+03
2.163418868603692317e+04
1.137261103355524028e+04
1.154632292097667414e+04
1.051817776682889053e+04
1.148050996939220204e+04
2.648079103537602350e+04
2.533919013668084881e+04
2.399147395748167037e+04
4.893517343222758063e+04
4.912306166925097932e+04
4.052779505995307409e+04
4.063740870443284075e+04
4.015819267828663578e+04
4.181635636772646103e+04
4.192256086398327170e+04
3.996308146739987569e+04
4.162910310633036715e+04
4.173578969054543995e+04
5.055884292514011031e+04
5.074066372646977834e+04
4.300278757292836963e+04
4.321673549206072494e+04
4.476060693500659545e+04
4.485976750768514466e+04
4.280905691981887503e+04
4.302397762538497773e+04
4.457459268089444959e+04
4.467417050118303450e+04
3.911013251987774856e+04
3.922376285754940909e+04
5.209340053357682336e+04
5.945910971923886973e+04
5.255861851044127252e+04
4.872491471028293017e+04
5.477647981909086957e+04
4.855029941122126911e+04
5.246789510158456687e+04
4.867600988130875339e+04
4.541508661606228998e+04
4.893376092393721774e+04
4.738461538605665555e+04
4.720511635907578602e+04
4.733434647244917142e+04
4.759925465517773409e+04
4.379095056613138149e+04
4.796790482997159415e+04
4.268053978179608384e+04
4.492831262493753457e+04
5.787967084516608156e+04
6.108400323602141725e+04
5.578877640836709179e+04
5.740217090895830188e+04
5.737717592074489949e+04
6.214205358163244091e+04
5.907197904320702219e+04
6.226009884198178042e+04
5.907277257407169236e+04
6.226086098467937700e+04
5.347219819994266436e+04
5.592767534322301799e+04
5.257668065461525111e+04
4.954827777114501077e+04
5.017913093550081976e+04
5.322727617456389999e+04
5.569338704100029281e+04
5.262562563864752155e+04
4.960016631406317174e+04
5.023037682885934919e+04
5.610160273574416351e+04
5.318417457864625612e+04
5.565216599642078654e+04
5.319041024629971071e+04
7.795163400770476437e+04
3.158633986591526627e+04
7.838721647490694886e+04
7.918443727549538016e+04
3.299112061369609000e+04
3.356473616965088149e+04
3.236354907402008394e+04
3.180410469671614192e+04
7.107627111856380361e+04
7.201091891379923618e+04
7.092340928384817380e+04
7.117426670215516060e+04
7.210766326026683964e+04
7.102161266287168837e+04
6.906998652507473889e+04
7.023830268947449804e+04
7.118378808821206621e+04
6.926354889483160514e+04
6.901276076291163918e+04
7.008364048941642977e+04
5.738018612132567068e+04
5.609484540492658562e+04
5.740505104894576652e+04
5.612027296584373835e+04
7.489304163910173520e+04
7.482052771300889435e+04
7.283597939863627835e+04
7.447348555991303874e+04
4.114997297712421278e+04
4.063967201078614016e+04
3.102466208264015222e+04
2.347553999946863405e+04
2.396758162341454590e+04
2.514894226138922022e+04
1.949248885260001771e+04
9.227798579289854388e+03
7.959202622896158573e+03
7.431723796418099482e+03
8.331755026447797718e+03
8.344404640687540450e+03
8.075415192132397351e+03
1.433125038317362487e+04
1.400625916028745996e+04
1.334288086214232317e+04
1.299314433994325918e+04
8.434237003958080095e+03
8.168327150566148703e+03
9.026815571390410696e+03
8.778686345987653112e+03
1.038901079335631584e+04
1.399201476025472948e+04
1.442896254650557603e+04
1.393588619616976575e+04
1.197262335279779472e+04
1.248030838797542492e+04
1.159052337469204394e+04
1.190700104758196176e+04
4.262601873629701913e+03
4.282327404407457834e+03
1.330281016032945627e+04
1.376160909306651229e+04
1.295991102406386199e+04
1.324376745507750638e+04
3.303128865129956466e+03
3.328541746377315121e+03
2.936296957607567037e+03
1.698209282527365576e+04
1.701114812166822958e+04
1.730522704389594219e+04
6.885458851195759053e+03
7.155342546035796659e+03
6.718492045168524783e+03
1.918066313079751853e+04
4.085454761203982343e+03
4.497889010503376994e+03
3.950808880585900624e+03
1.520080529532326000e+04
1.523326708613132541e+04
1.148681521864063870e+04
1.713507687675819034e+04
1.716387256017614345e+04
1.745537221266856432e+04
2.554223060569254812e+04
6.711863721353235633e+03
6.988460838180640167e+03
6.540462849568560159e+03
1.914584561305482930e+04
1.670933547671507768e+04
1.673886540745396996e+04
1.703765652782454345e+04
3.467074715898920840e+04
3.303349533374658495e+04
3.336169604264493682e+04
3.558981597023713402e+04
3.503716969518597762e+04
3.341797276894861716e+04
3.374241496309333161e+04
4.801517295559128252e+04
4.755875666375352739e+04
4.832864100175844214e+04
2.277764408871412161e+04
2.289808214573600344e+04
3.639141035601186013e+04
3.585119349511457403e+04
3.458709217165419977e+04
4.236013850551325595e+04
2.936710152380861473e+04
2.945105928276868144e+04
2.959659515681823905e+04
3.097962727423598699e+04
3.016115022786602640e+04
6.343949602715419314e+04
5.176772341569206765e+04
3.147910336761956933e+04
3.794273498102557642e+04
3.595386368611318176e+04
2.746191599433363808e+04
2.500428413826204633e+04
3.055812170724531097e+04
2.774524861135605170e+04
2.499625870407813636e+04
2.419493747084651841e+04
2.729225037798759877e+04
2.263508411616013473e+04
2.946213159399950746e+04
2.479485596861912927e+04
2.685607677474237062e+04
3.515106489070939278e+04
1.447744101967366805e+04
1.388086579458758024e+04
1.835942116632921534e+04
1.669215955708293041e+04
1.355882354302937711e+04
1.490620596344946171e+04
1.321082438900755005e+04
1.318570507671793530e+04
1.525986954973209686e+04
1.422706869637043928e+04
1.326951530685547732e+04
1.358106814614690666e+04
1.500414447387288237e+04
1.469048296051780562e+04
1.466790208999467905e+04
1.561052994354168004e+04
1.474327482594289722e+04
2.098238196990629876e+04
2.068089369321271079e+04
1.765538358229049845e+04
2.344426392857718020e+04
1.713617944549713502e+04
2.295726672019624675e+04
1.746626072877550178e+04
1.988390633218056246e+04
2.597781334609837722e+04
2.318595357217706260e+04
1.956543883844242373e+04
2.246693808701305898e+04
2.195818008379686580e+04
2.487265342051702828e+04
1.961423328921568464e+04
2.577224049997140537e+04
2.295525136679842399e+04
1.929129910252851914e+04
2.222873998963215126e+04
2.171437729758911883e+04
2.465781483683497208e+04
2.512235005081252893e+04
2.740690955311600192e+04
3.322976612045949150e+04
2.885835685711574115e+04
2.456853770219870057e+04
2.759300835172281222e+04
2.451468550567151760e+04
2.614465750379889869e+04
2.443634928606360700e+04
2.897625243936484185e+04
2.595070225630442292e+04
3.866302963209614973e+04
2.816766567925352865e+04
3.589373838676184096e+04
3.385874082703753083e+04
2.958149009782393478e+04
4.088897429546531203e+04
2.116762991567157223e+04
2.541507210418850082e+04
2.252793483148262021e+04
3.798979556619414507e+04
2.834872906051040627e+04
2.536302944227305852e+04
2.694137079673726475e+04
2.528733894765063815e+04
2.969648839726249935e+04
2.597788456670161031e+04
3.868120393541637168e+04
2.819269537707735799e+04
3.591333465852804511e+04
3.387952913237707980e+04
2.960531466788837861e+04
4.090614419462148362e+04
2.120098354889997790e+04
2.544283052960148416e+04
2.255926795821626001e+04
3.800829663343779248e+04
2.837359774738306442e+04
2.539084513449980659e+04
2.696754763526252282e+04
2.531523834699763029e+04
2.972021996319972459e+04
4.149950182799030154e+04
4.540585019785426994e+04
3.644466814151118888e+04
3.482666368132598291e+04
1.976334543301333906e+04
1.780947697089154099e+04
1.748153277087653260e+04
1.979809032530531113e+04
1.784804532302953521e+04
1.752082615954164794e+04
1.389159977526156035e+04
1.001761189722186282e+04
9.521394149229348841e+03
7.211049882772585988e+03
1.001873741939321553e+04
2.082320788092104340e+04
1.760458880212040822e+04
1.544669879717528602e+04
1.691466955218294606e+04
1.581288444345114658e+04
2.260297561107015645e+04
1.391797208631778267e+04
1.432345513773637504e+04
1.005419050426148715e+04
9.559875963069191130e+03
7.261807934072168791e+03
1.005531192244094564e+04
1.813270719764987734e+04
2.352937670314500792e+04
1.680374969573207272e+04
2.035590410358682493e+04
2.314876794579637863e+04
2.404160431435395367e+04
2.948841059523853619e+04
2.366930460456472792e+04
2.392041540618937870e+04
2.938989858099527555e+04
2.080716161866549010e+04
2.354618376168156101e+04
3.760298366735957097e+04
3.367739782027225738e+04
3.523768843312685203e+04
3.716275425515864481e+04
3.209115981764365279e+04
3.579353776850572467e+04
3.209955298973546087e+04
3.339941034058231162e+04
3.497221245722196181e+04
3.691125770726274641e+04
3.179919460062160215e+04
3.553225361890577915e+04
3.180766540285784868e+04
2.954218609261078745e+04
2.550124111211542549e+04
2.782949852233808633e+04
2.545372219845629661e+04
2.837390159057886558e+04
2.470408688923251975e+04
8.523594023785492027e+03
8.326082900399613209e+03
9.101863536283397480e+03
9.504812951461390185e+03
9.499368947935663527e+03
8.711875340569260516e+03
8.246510901669571467e+03
3.193080890244636066e+03
3.907961590790634091e+03
3.514951418508573624e+03
2.570355366576690813e+03
1.765925368690098594e+03
3.330793819450729188e+03
2.736350118722139086e+03
5.572861963732432741e+03
5.250422961016309273e+03
6.413683987417401113e+03
4.026018125211583992e+03
4.613685988643710516e+03
4.285827035935408276e+03
3.552346009005550513e+03
3.021642663988327513e+03
4.136109194709229996e+03
3.674261806882773271e+03
4.763905231359371101e+03
2.989826704070002052e+03
3.743680602675659884e+03
3.331373078368601000e+03
2.313060597021119065e+03
1.364636649268114070e+03
3.136467667163246915e+03
2.496213030724177315e+03
1.518181733887168775e+04
1.453130297567149864e+04
1.354476037304053170e+04
2.058138775970511415e+04
2.010590704465813178e+04
2.117711829431079968e+04
2.355488012630150479e+04
2.353239116984181237e+04
2.232125871664967781e+04
1.940424180298822466e+04
1.834444239934500729e+04
1.780952711477990306e+04
1.901017495284761389e+04
2.160215975572801835e+04
2.027653159259655149e+04
1.701369971086502119e+04
1.623687160207686611e+04
1.563021081839305589e+04
1.698515345819557479e+04
1.471733531832799417e+04
2.369784660144008012e+04
2.202683581199123728e+04
2.442721923873260675e+04
2.771102290227241247e+04
2.362247394920973238e+04
2.194574869845675494e+04
2.435409411516579348e+04
2.764654231744656499e+04
2.207292946433306497e+04
2.285398249699270673e+04
1.545455228939703011e+04
2.040913723013695198e+04
1.749382285909762504e+04
2.197703624728584691e+04
1.990107272983574148e+04
1.861383416424086317e+04
1.732862559826088545e+04
2.185080196553037604e+04
1.915524146389050657e+04
2.332243496372319350e+04
2.137687607759690218e+04
2.018358620422920649e+04
1.900444338931376478e+04
2.271816802605161138e+04
2.226263408734678524e+04
2.111924630870840338e+04
1.365159280136993402e+04
1.907860208481304289e+04
1.592271827523689899e+04
1.853429493719469247e+04
1.714525264965982205e+04
1.574110579324770879e+04
1.862113083677282339e+04
1.411580591458314484e+04
1.969309336455742596e+04
3.043741847106957266e+03
7.982269069261749792e+03
3.280721359840134028e+03
3.793054840964686264e+03
8.297876364714438751e+03
2.400349100099905627e+03
3.985781289791143536e+03
3.278030621398496805e+03
8.075006870409018120e+03
3.499210347095304769e+03
4.454467546980558836e+03
5.691934573652374638e+03
4.265377532933954171e+03
5.653549249403777139e+03
5.974435140591463096e+03
6.093336427634908432e+03
5.543957616841726121e+03
5.975598794545927376e+03
2.551540778661846343e+04
2.529070986017063115e+04
2.602166537540573336e+04
2.733949967444660797e+04
2.712986462173233303e+04
2.781268331875329750e+04
2.267639427679669097e+04
2.242335778977968221e+04
2.324436308372294661e+04
2.156815511881589919e+04
2.130199648903377965e+04
2.910238817792361078e+04
2.842169734082126888e+04
2.996568684648076305e+04
3.839760963639154215e+04
3.674950950133181323e+04
3.156481725106921658e+04
3.093814172215284270e+04
3.236275563943970701e+04
3.780109847644624097e+04
3.612593876353349333e+04
3.602542589434023103e+04
3.581887203882052563e+04
3.608000547193534294e+04
3.531800316397228016e+04
3.805288423305377364e+04
3.785734138320726197e+04
3.810457373190804356e+04
3.642644348872684350e+04
3.622216556701541413e+04
3.648042596746661002e+04
3.572692450513476069e+04
4.304169105626388045e+04
4.535110675845872174e+04
4.458940950000932935e+04
4.335475855282429256e+04
4.512459747181390412e+04
4.727104291073024069e+04
4.654057851746966480e+04
4.705371765577197220e+04
4.180733123043377418e+04
4.418092955299848836e+04
4.339883112867471937e+04
4.212951867072162713e+04
4.394842858041488944e+04
4.272989383173856913e+04
4.505519879665828194e+04
4.428844523420144833e+04
4.304521584452554089e+04
4.482720396260543930e+04
4.343254020974511513e+04
4.572233627447047911e+04
4.496688754318249994e+04
4.374282679817482131e+04
4.549766330198543437e+04
4.698716458385936130e+04
4.625224669071996323e+04
4.676852896851935657e+04
3.460499913607863709e+04
3.471012021938156249e+04
3.538241033545215032e+04
3.461348975631558278e+04
4.620403378131865611e+04
4.704127857230590598e+04
4.588611546865634591e+04
4.625720135049812961e+04
4.709350744475367537e+04
4.593964846869536268e+04
2.589525634386526144e+04
2.395383033497667930e+04
2.558808948127444455e+04
2.539836231865727314e+04
2.663536945008737894e+04
2.508514830722271654e+04
2.634957969018414224e+04
2.444406267905554705e+04
2.604774010852562424e+04
3.888449706163840165e+04
3.168037157825783288e+04
3.141982774121195325e+04
3.398744180810390390e+04
3.388682062741736445e+04
3.888805511154730630e+04
3.105025023801768475e+04
3.430841579223380540e+04
3.379690615793971665e+04
3.369573489679231716e+04
3.415535566227645177e+04
3.439441890113663248e+04
3.388415969333016255e+04
3.378324031878517417e+04
3.413447316632503498e+04
3.362048172402934870e+04
3.351881029925012990e+04
3.904700819523702376e+04
3.412039316314442112e+04
3.360622572291843971e+04
3.350451877363664244e+04
3.433750212387820648e+04
3.382641509068158484e+04
3.372532896423539205e+04
2.418695485387651570e+04
2.442626904639394706e+04
1.895733334275101879e+04
1.668202454854320968e+04
1.626785358472074040e+04
3.081094250529336205e+04
1.670726700601836274e+04
1.629373615565170621e+04
5.848885426253849437e+04
4.620325670212518162e+04
5.696821043567837478e+04
5.732264249448617193e+04
5.717933035008607840e+04
5.707764551612162904e+04
4.992535609686214593e+04
5.030888555747234932e+04
4.968403461973794037e+04
5.076282152268354548e+04
5.114011126980602421e+04
4.633996338157325954e+04
4.645359017572255107e+04
4.545075292038578482e+04
4.570688111864012171e+04
4.759020766706182621e+04
4.770087680733245361e+04
4.242857682319814194e+04
4.443476608143025078e+04
4.469667778261064814e+04
3.336560055002204899e+04
3.186334047565211949e+04
3.959506775200219272e+04
3.730070044417859026e+04
3.804706726139615785e+04
4.286159668898599193e+04
4.225568580611547077e+04
2.522962904168653768e+04
1.060242828743951395e+04
6.289724874876932518e+03
3.139786461648355180e+04
1.475545357003553181e+04
1.483628531687179566e+04
1.565304620873644490e+04
1.537657017715831353e+04
1.463946770512110379e+04
1.388610079109270737e+04
1.381588282935300958e+04
1.417558381521266165e+04
1.510599272217262296e+04
1.027123813195466573e+04
8.826992226853819375e+03
8.943275542616514940e+03
4.373010618788475767e+03
4.251464673607358236e+03
3.709279886987603277e+03
2.110569312737291057e+03
1.123033658963213202e+04
1.413082727748994694e+04
1.506400670074374102e+04
1.556049843414663883e+04
7.410354847847090241e+03
7.548455409995421178e+03
2.915515869875677527e+04
3.053902772118993016e+04
3.059702549103361525e+04
2.176665150003950112e+04
1.360088114702128587e+04
1.423291542958419996e+04
1.619676086570547523e+04
3.117502183506613801e+04
3.121497469452954829e+04
3.107457577640372619e+04
3.113157116872977349e+04
1.129522992088364663e+04
1.276990424534901103e+04
1.344114701883595990e+04
1.205920507403683769e+04
1.276793633624807262e+04
3.857346201020401168e+03
8.939394080229039901e+03
9.244457652315051746e+03
4.791160367568154470e+03
2.124887891855665202e+03
5.934819320553830039e+03
5.267081164590894332e+03
1.222063899382411819e+03
1.551662805644880063e+04
7.150860553617828373e+03
6.607280345927742928e+03
7.528837195631834220e+03
4.633501397845104293e+03
2.714585660584030848e+03
1.133570064292963434e+04
1.703240195275297083e+04
1.121399774237540623e+04
3.744321623295927566e+04
2.251546308025332473e+04
2.620465927496827135e+04
2.450669587499477348e+04
2.624385584119690975e+04
3.556970955932886136e+04
3.553616909815565305e+04
2.210283090200849620e+04
3.243091983965703184e+04
2.559018933003887651e+04
2.916408158555488626e+04
2.652623356188619073e+04
2.607011283219004690e+04
3.182296450579014709e+04
2.581684513888040965e+04
2.936400773988709989e+04
2.674518897190098505e+04
2.629275127043135944e+04
3.672257473978690541e+04
3.673085331292844057e+04
1.174689233971159047e+04
1.274490052086178002e+04
1.559797769457119466e+04
1.208069637680381857e+04
1.313792687602764636e+04
1.566544411310738178e+04
3.818888311253252141e+03
6.561325402769713037e+03
9.137744837291826116e+03
2.506009415817866102e+04
2.933934045691138454e+04
2.211468322289790012e+04
2.505851561650390067e+04
2.611365808813305921e+04
1.723872815366574287e+04
2.330051665152070927e+04
2.611214258331672318e+04
2.666439168095766945e+04
1.806020411993191738e+04
2.391559407019783612e+04
2.666290721174610735e+04
