5.499680175243454869e+03
5.405293736472710407e+03
4.941579611398155976e+03
4.878245607094701882e+03
4.318672595337629900e+03
4.240065354936785297e+03
4.111376537831441055e+03
nan
6.929724933997472363e+03
7.083193059783101489e+03
7.196257515673660237e+03
nan
4.970786098742245485e+03
nan
3.255025642778602105e+03
nan
3.425615795055449325e+03
3.060284274601257493e+03
3.297634166014933726e+03
3.385526604116789258e+03
3.776340825039651463e+03
nan
4.696413409698619034e+03
4.934685448172224824e+03
4.894579737386523448e+03
6.373907645259311721e+03
5.622285118408376547e+03
7.342144223350890570e+03
4.815225970500107906e+03
4.875073082360234366e+03
nan
3.840311590690942012e+03
4.344017472269633799e+03
4.083668933505991845e+03
5.513489792976101853e+03
5.330204785565963903e+03
6.585723736043288227e+03
5.495378718605586982e+03
7.364765685441004280e+03
nan
4.950767537955918669e+03
3.556299588768972171e+03
3.441550394330376093e+03
3.756753841040919269e+03
2.709161124147108239e+03
3.712938570484628144e+03
3.981503977112710345e+03
3.078092111014109832e+03
4.970210792733072594e+03
4.164871909167610283e+03
3.312349936726241140e+03
3.025619933004176801e+03
nan
3.415960154098811472e+03
3.416131077993023609e+03
3.808574022200121817e+03
5.075266760089861236e+03
4.230765426449193001e+03
4.292230252257865686e+03
4.207845010977297534e+03
nan
3.104928097546023764e+03
2.978393384080336546e+03
5.571437537383570998e+03
4.145991612920983243e+03
4.447327764902692252e+03
5.593411528755244944e+03
4.981293369918876124e+03
nan
8.193001526277314042e+03
nan
7.509101093587395553e+03
1.073804592987427532e+04
4.843543476132816977e+03
5.101294809845153395e+03
7.348224464535758671e+03
6.131576097129014670e+03
6.029216541155223240e+03
6.391230939425310680e+03
1.125859896619873871e+04
1.419995524635039874e+04
9.590631342817947370e+03
9.842246835785086660e+03
9.301541970586064053e+03
8.117674743995573408e+03
4.445276090860683325e+03
4.747009708282787869e+03
5.078501346353644294e+03
4.081863145423323658e+03
5.174114932775397392e+03
1.256108754479205891e+04
7.869250719383700016e+03
8.892467280239872707e+03
6.325365428527798940e+03
4.162274877490412109e+03
3.968810505276601816e+03
4.310133989393162665e+03
4.265886220555525142e+03
nan
7.064100981365508233e+03
7.900977288570100427e+03
7.199708994029166206e+03
5.438281054232069437e+03
6.603339278766222378e+03
4.238377885194340706e+03
7.133848374157183571e+03
5.360529036085757070e+03
4.813773978238315976e+03
3.608597537732394358e+03
6.858367607159931140e+03
8.342746789888615240e+03
5.461366374061540228e+03
6.211641474653205478e+03
4.457477505861579630e+03
4.821557275812451735e+03
nan
nan
nan
nan
