7.531950441553682140e+03
nan
nan
nan
nan
nan
3.711502832246332673e+03
nan
6.944728577026678067e+03
nan
2.746919765315673430e+03
nan
nan
nan
nan
nan
nan
nan
nan
nan
nan
1.685465647064514997e+03
6.374667048931960380e+03
1.317810637642322718e+03
5.346402088538549833e+03
3.695623619834473175e+03
3.573139187243353263e+03
6.879443653445354357e+03
6.666361250352023490e+03
8.119114107237456665e+03
4.945336075986986543e+03
8.318111734978907407e+03
7.890757635584548552e+03
1.033018748758903939e+03
nan
4.210422407056035809e+03
2.422510090381193095e+03
nan
1.407817065318997447e+04
nan
2.655995430108683877e+02
nan
2.978062157948310869e+03
4.496870253295414841e+03
4.643014622744831286e+03
4.618350535451384530e+03
nan
nan
nan
4.404275681091210572e+03
3.258949537474805766e+03
4.000715075979559515e+03
4.679589893346125791e+03
3.287732645911976761e+03
1.765703061344265734e+04
1.458543114495390000e+04
7.145004732859616524e+03
5.300388978632690851e+03
2.915667390975277613e+03
5.167689842794959986e+03
3.220803405762234433e+03
9.289672493844951759e+02
2.902655731697692772e+03
3.119754086420266503e+03
3.468794836050992217e+03
3.845082791246080888e+03
nan
nan
6.489334188595259548e+03
4.229248108869970565e+03
6.619271985573427628e+03
2.564282175049677335e+03
3.992040191137597049e+03
1.709571105315437080e+03
2.156794692802815007e+03
1.239599408962541474e+03
1.062062250884416699e+03
2.717851625504519689e+03
8.955586147116698612e+02
4.248207067092091165e+03
1.358829757964144846e+03
3.402589987850185480e+03
2.509538767120890952e+03
3.002775043040734090e+03
5.127476582071972189e+03
1.051739197113572118e+03
2.512048236570879453e+03
1.459138099305582728e+03
3.038957071179887407e+03
2.924736345958920083e+03
4.437756144142343146e+03
2.860650558587014075e+03
nan
1.976699808688669918e+03
3.643010665001334473e+03
1.506396080476748921e+03
2.388384995196294767e+03
2.342781525546737157e+03
3.037080475789911361e+03
1.263057454503855752e+03
2.807327200795532463e+03
2.874288804324958619e+03
5.015437845637099599e+03
3.378786235122026028e+03
nan
4.792818924198888453e+03
3.117490946671491201e+03
4.498800432832206752e+03
4.552993825815784476e+03
2.888040836423528617e+03
3.907808405629395111e+03
4.120071718388876434e+03
1.901461621669350734e+03
2.719765546103893030e+03
2.027539783097388863e+03
7.879797864312670299e+02
nan
4.115633700457705345e+03
nan
5.686789361101581562e+03
6.713007704048218329e+03
nan
nan
nan
nan
