nan
nan
nan
nan
1.193044927801662707e+05
1.194124257782328641e+05
1.354915149447576550e+05
1.323189411500642309e+05
1.006429767788495810e+05
1.368263550290980202e+05
9.101622309453492926e+04
1.274143802825731691e+05
4.852788318286310823e+04
4.669921445642243634e+04
4.826456191250874690e+04
5.653420631246714765e+04
3.674143145061411633e+04
5.211191656784203951e+04
3.900601638839380030e+04
5.996494197755550704e+04
8.342610384082606470e+04
8.187655611359766044e+04
8.179472944891973748e+04
8.843752479238483647e+04
7.417812644635656034e+04
8.467740785885661899e+04
7.711995024249193375e+04
9.180553750139167823e+04
nan
nan
nan
nan
7.300568877942491963e+04
6.162999358368134563e+04
6.995577289396316337e+04
8.884352436351504002e+04
6.765843162937735906e+04
8.051394463416222425e+04
6.194921400895181432e+04
7.889854812692120322e+04
7.480272599591829930e+04
7.773028077236688114e+04
6.536840691155228706e+04
6.214127839063620922e+04
7.357387730540987104e+04
6.733086160139164713e+04
8.182441563328403572e+04
5.890480029642434238e+04
5.664925750502644951e+04
5.338299750505131669e+04
5.865000089452143584e+04
5.662805049117021554e+04
7.582980877633934142e+04
6.675249861003595288e+04
8.364172122208884684e+04
6.302293016221481957e+04
7.291534091860464832e+04
8.339368271251302212e+04
8.369171604354234296e+04
6.670503168027361971e+04
5.227621205665243906e+04
7.895699313072838413e+04
6.535979380608602514e+04
8.067039078966710076e+04
5.284604521948622278e+04
4.905498012641596870e+04
5.674147612148991175e+04
5.888490743115376972e+04
5.161219010701809748e+04
8.131939501543407096e+04
5.953052875864492671e+04
8.217144127782274154e+04
5.891801567361835623e+04
2.649717202817674479e+04
2.947701378632814158e+04
5.041446080385974346e+04
5.827410990001407481e+04
5.005016805721775017e+04
6.799420122370947502e+04
5.075543786747217382e+04
5.053332078563496179e+04
5.734321515259310399e+04
5.293261848523534718e+04
5.721545863040989207e+04
5.462321900360374275e+04
5.898056900483604113e+04
6.327597836557171104e+04
5.571325125792543258e+04
6.713892314591944159e+04
5.883413237493715133e+04
5.343314600382350909e+04
5.310568898972694296e+04
nan
nan
4.119528816589762573e+04
4.614435179755483841e+04
4.226884593684499123e+04
4.582315955812698667e+04
4.383106070528668351e+04
4.677753590773397445e+04
4.797040777983128646e+04
4.284412834476128046e+04
4.366505705453038536e+04
4.387461835824284935e+04
4.263472684781521093e+04
4.095721954877358803e+04
5.177247896185734862e+04
4.857929932989182271e+04
4.712856615509553376e+04
5.992089502024323156e+04
4.975134265078747558e+04
5.722235535073543724e+04
4.403184015750795515e+04
4.270514515188059886e+04
4.699660557435245573e+04
4.486993693592178170e+04
4.740292413671997201e+04
5.443303750902655884e+04
4.479405486585853942e+04
6.013523743526160251e+04
4.554203797110410960e+04
6.633234022484534944e+04
6.341503556520725397e+04
6.287698835768132994e+04
5.569516529187198466e+04
nan
nan
nan
nan
nan
5.741636387961870059e+04
4.524559346443524555e+04
nan
2.747314310122472671e+04
2.664291896796726360e+04
2.451618707507870931e+04
2.815292297942002915e+04
2.626941488268489047e+04
2.527624938414634016e+04
2.718894185683920659e+04
3.175292291986316195e+04
1.662270503611937966e+04
2.338083610534805121e+04
2.219279696797600263e+04
3.110921082351504447e+04
2.939773792796146881e+04
3.772368910055857850e+04
2.621949680558342880e+04
3.108901750888444076e+04
3.083092961592485153e+04
3.971287203561762726e+04
1.482286892571593125e+04
4.500954260433531999e+03
3.410993963289094609e+03
6.250373547522729496e+03
5.414974172830645330e+03
2.384890170085570389e+03
6.753350633422995998e+03
8.595019314676081876e+02
7.177598188846073754e+03
5.413912344310851040e+03
1.580348009908838685e+04
2.068275243649815366e+03
3.332785132684185101e+03
3.127819581920571181e+03
1.594116864587270720e+04
5.492611956117716545e+03
7.534447494975387599e+03
1.900376278912841371e+04
1.762464084130632909e+04
5.990824591479337869e+03
1.579920174525162111e+04
1.018328128265913256e+04
2.666866616638962660e+04
1.626276277410692819e+04
5.538895515926013104e+03
1.239847174183614152e+04
1.789818461153580938e+04
2.095198660318829570e+04
1.272845400007496937e+04
7.844943660343401461e+03
1.508428827796219957e+04
4.404014411272875805e+03
1.099611521357454512e+04
1.120353665602698129e+04
2.203135039597171271e+04
8.059527133461777339e+03
1.379066831659212221e+04
9.289922497580348136e+03
1.035965808357408241e+04
9.281745937771127501e+03
9.974898062659658535e+03
7.955227977287573594e+03
8.716566249993142264e+03
1.756041967346820456e+04
8.289447433977962646e+03
1.372150514290393767e+04
6.572817514824858335e+03
9.874776179375508946e+03
1.189187897468757365e+04
9.099714974772163259e+03
1.236349930227112964e+04
8.160273311781381381e+03
1.482616817597828958e+04
9.582284048716845064e+03
6.481456497556686372e+03
1.294593479117810602e+04
3.785902575341800548e+04
2.389151597463745202e+04
3.943208854108265223e+04
3.655730871976054186e+04
3.035057461529189823e+04
1.814778468383397922e+04
3.942455079734441824e+04
2.694464162093550476e+04
2.219373995836128597e+04
3.626299214713375841e+04
2.789747139975256505e+04
4.572508075403032126e+04
1.416037129537731562e+04
2.624690321231789858e+04
4.527529270312744484e+04
3.039355851301909570e+04
2.994541847640533524e+04
2.450091086824045124e+04
3.353031017260457156e+04
4.145325522156155785e+04
2.746657454293209958e+04
4.117660457230188331e+04
3.617259950237326120e+04
3.170384870541949567e+04
2.417472980616001951e+04
4.807682895405284216e+04
3.887481841469259962e+04
3.149736662662996605e+04
2.111449717967037941e+04
5.973305699170695152e+04
4.545514194166773814e+04
5.878808570779261936e+04
5.949769391556847404e+04
4.724275526554045064e+04
3.745796490420838381e+04
4.091762947753093613e+04
6.199741276270744129e+04
4.574210577003197977e+04
4.882554776967017096e+04
4.266625191449222621e+04
5.499205408328509657e+04
6.207756862429845205e+04
4.751010934591684054e+04
5.309021167385781155e+04
5.100663930326760601e+04
4.689539951170033601e+04
3.646334859645649703e+04
6.769938825217921112e+04
8.067686473263069638e+04
5.942004352725874924e+04
6.273127193043648003e+04
7.694171963296814647e+04
6.715889446682055132e+04
6.893538692161467043e+04
6.364340247290133266e+04
7.084878040563174000e+04
7.840932853111899749e+04
6.757491794028149161e+04
7.980834423778241035e+04
7.459906567343628558e+04
6.765143988584486942e+04
5.527589872666014708e+04
5.648748798409025039e+04
5.263536616927496652e+04
4.343881246678574826e+04
5.095335520291946159e+04
4.760833127991527726e+04
4.355606897513164586e+04
5.006375969684559823e+04
5.224540700681697490e+04
4.836796816572368698e+04
6.202549688023576164e+04
5.358317761399511801e+04
5.133565260161259357e+04
3.840373868249291263e+04
4.358477920639446529e+04
4.551332298768532200e+04
3.250733301838066836e+04
5.341755488155342027e+04
6.047184211231076188e+04
4.421138944012198044e+04
5.361690793548974762e+04
5.854653668395496788e+04
5.540154163885828166e+04
4.879363728265412647e+04
4.347410712729265651e+04
5.271551732100991649e+04
5.663427512401263812e+04
5.065740959814339294e+04
6.258960382926246530e+04
5.382196653955830698e+04
5.663371727309095149e+04
3.958351593955313729e+04
6.099537886878812424e+04
5.667770049538982130e+04
6.159799376783429761e+04
6.253200514427148300e+04
5.283076018065652897e+04
5.343952448696529609e+04
5.928268804886122962e+04
6.128066333373047382e+04
6.164380903843458509e+04
5.491446100514273712e+04
5.691496600633947673e+04
6.273625315710595896e+04
5.934799115141876973e+04
6.245425918357419141e+04
5.206175580486718536e+04
5.848225787878723349e+04
6.172752566490862228e+04
6.090073952914902475e+04
5.316386563810517691e+04
5.609452556017868483e+04
5.593910107788850291e+04
5.953396891384144692e+04
5.362190411588215647e+04
6.562199421123748471e+04
5.744596238664443808e+04
6.122016338992196688e+04
4.948970456080918666e+04
5.972542251541947917e+04
6.269107272158178966e+04
6.441101152086289221e+04
6.426731578181277291e+04
5.992581182678937330e+04
5.761983851607632823e+04
6.095386100932842237e+04
6.416610550330464321e+04
5.820901039397847489e+04
6.850182452615771035e+04
6.232937792211284250e+04
6.315857137367017276e+04
6.049925354292944394e+04
7.109133032669541717e+04
7.079992225636114017e+04
6.572291010203777114e+04
7.265857153719967755e+04
6.079277647390923084e+04
6.839642428284113703e+04
7.398084943607234163e+04
7.908939368509507040e+04
7.896409272421193600e+04
6.555940111604634149e+04
7.991800195797298511e+04
6.348303083342969330e+04
7.756794885856585461e+04
4.968444372440626466e+04
5.690723205604084797e+04
4.843020986570794048e+04
6.875553295148440520e+04
6.799432360524468822e+04
6.690443140126248181e+04
6.447620680377320969e+04
5.970133479514094506e+04
5.561297443568157905e+04
6.048001655898970785e+04
4.754324249519561999e+04
6.451238025836695306e+04
5.736504450928592269e+04
4.546221635403043183e+04
5.785490201588423952e+04
5.644574079043076927e+04
5.051188074493177555e+04
5.467108897228501155e+04
5.245308028013203875e+04
5.639958457449448179e+04
5.802332442801809520e+04
5.316550356437811570e+04
5.399371117423417309e+04
5.429491896915190591e+04
5.058990049645883119e+04
4.982933925099090993e+04
2.440616901955409412e+04
1.352259667472344699e+04
2.091663698911246684e+04
2.419256518235431940e+04
2.789940264310112980e+04
1.992014796834743902e+04
1.525355768144471222e+04
2.238574711397181818e+04
1.798951662904854675e+04
2.044992946530886184e+04
2.003044206004017178e+04
3.114418680741473872e+04
9.054012032823786285e+03
1.500134495766119471e+04
1.632340736764145731e+04
7.063368374499720630e+03
1.325027265311841256e+04
1.079727541088459293e+04
1.431290982028663529e+04
7.901598523434796334e+03
7.695327387599900248e+03
1.285488216614064913e+04
5.897330601351976838e+03
1.004682279792631198e+04
1.139429508943121255e+04
1.375844199331572599e+04
1.396964406718816463e+04
2.870740593883906695e+04
2.692674562216919003e+04
nan
4.749949390627194225e+04
4.984222118150716415e+04
4.190893516435323545e+04
4.568289496697710274e+04
4.369249918880731275e+04
4.787949043650330714e+04
4.702589993858712114e+04
5.025836589678378368e+04
4.306049525524423370e+04
4.407705559430886206e+04
4.921913327029005450e+04
4.188983875058789999e+04
4.956291611971321254e+04
3.947644825330639287e+04
4.127519314292759373e+04
3.978610032284638146e+04
3.982275170553114731e+04
4.369343137160008337e+04
4.378509224425791035e+04
4.021228867476304731e+04
4.960972363929305720e+04
4.412912246444020275e+04
5.067232572415391769e+04
5.448852610832282517e+04
nan
4.464060533255337214e+04
5.351055631545059441e+04
4.511841745950362383e+04
5.788626916065678233e+04
5.590984322199093003e+04
5.791361526083077479e+04
5.807262935931895481e+04
5.147906625218359113e+04
5.054496485837435466e+04
5.270338615065182967e+04
4.494239186753738613e+04
5.209160426843991445e+04
4.604832618461098173e+04
4.934641987536753732e+04
4.135792386244062072e+04
4.412456570654178358e+04
6.017476189510564291e+04
5.567805007403517811e+04
7.169891983947456174e+04
5.570528173961016728e+04
7.900969123318107449e+04
6.163260681272337388e+04
nan
nan
9.732950748252862832e+04
6.995722023196998634e+04
9.263586967308052408e+04
6.294535301699071715e+04
4.976213292510611791e+04
7.171507077370276966e+04
6.598553664336407383e+04
7.918075895687534648e+04
4.630469337831381563e+04
3.963461133343231631e+04
4.675691545308398781e+04
5.763818327623165533e+04
4.085443622573305038e+04
8.709398939879001409e+04
5.834887371821283887e+04
6.628633549498493085e+04
5.256169636978148628e+04
3.820253656542261160e+04
3.428585408448157978e+04
5.371738113487089140e+04
5.516981293079920579e+04
4.920957709452608833e+04
8.188640913765032019e+04
4.852176341929658520e+04
7.178325648152694339e+04
3.290122779518947937e+04
6.929126532649055298e+04
7.785720710988614883e+04
6.001368758692467236e+04
7.215793148808932165e+04
7.565760325006306812e+04
7.250683792795315094e+04
6.739123740202894260e+04
4.750257537937165034e+04
7.443548926400684286e+04
6.897034277319801913e+04
7.651997215894181863e+04
6.211111610299582389e+04
5.070966932704130886e+04
5.562492914472846314e+04
5.873780280688749190e+04
5.535065885824264114e+04
7.331130575125478208e+04
5.674264107629112550e+04
7.968140713242634956e+04
5.799004153684624180e+04
3.908591011010338116e+04
2.628602379214856410e+04
4.032715968718811928e+04
2.521918835908799156e+04
1.127754605429554249e+04
2.318848644824370422e+04
1.219749861419762965e+04
6.709341475133152016e+03
1.247591625161944103e+04
7.859324600149821890e+03
7.732833402176771415e+03
8.899167256419457772e+03
1.630152047893397321e+04
1.939564309616197352e+04
1.814705553790093472e+04
1.345815422053920338e+04
1.916902645524650143e+04
6.610795260208857144e+03
9.827401025021898022e+03
6.995834298661504363e+03
1.140181049206371426e+04
1.136812005205826063e+04
1.763415773128223009e+04
1.715889033173091957e+04
7.934950429147625073e+03
3.547184500628514797e+03
1.477918599948437259e+04
6.729456096923969199e+03
1.586245995699353261e+04
3.570401803406743056e+03
7.008414784954609786e+03
6.622890984906263157e+02
1.973678690184403195e+03
4.588587862424384184e+03
1.703133537943054398e+04
2.369434817081339588e+03
1.667241333179377034e+04
1.864662775683611699e+03
6.804434296328636265e+03
1.918623739260940056e+04
1.350773483057257727e+04
5.744770806088627069e+03
8.516637821976968553e+03
4.364360668033567890e+03
2.100990486075601802e+04
7.363834068499528257e+03
6.734506356299139952e+03
6.777085984471718803e+03
9.602956872408622075e+03
2.300546712141287571e+04
9.010057171482505510e+03
7.777166939947960600e+03
4.958466393708034047e+03
2.123758841474279325e+04
2.548453102174882224e+04
2.505959588465433626e+04
1.770783935794988793e+04
2.470790383091720651e+04
3.866810094391528310e+03
1.323265161088880450e+04
4.877223853646343741e+03
2.116120756276640532e+04
2.471508164717692853e+04
3.085206441686446124e+04
2.534738005227124449e+04
3.878095228576198133e+04
2.938363670614102739e+04
2.183366203511329877e+04
2.396641679502858460e+04
3.308745411471424450e+04
4.417619957289885497e+04
2.596993223139591646e+04
3.097521838117443986e+04
2.276597522682542331e+04
4.846775927366055112e+04
4.582243665055690508e+04
4.375283693655434763e+04
3.952121582431978459e+04
3.572065210010441660e+04
2.457921995906504890e+04
4.106057933650189807e+04
2.191870781352549966e+04
4.027850161111311900e+04
nan
nan
2.773260903979531213e+04
3.235958046273322907e+04
3.322808712701863988e+04
2.279442002939761005e+04
3.051257706850334944e+04
2.352580526148745048e+04
3.735054136505696079e+04
3.916761842098697525e+04
3.344573917016376072e+04
3.687908641700266890e+04
3.282479163910329953e+04
2.582780147233424213e+04
3.660660994419993949e+04
2.240330627142079175e+04
3.543469013722258387e+04
1.352669049093397371e+04
1.221939648921961270e+04
1.434809815974605408e+04
1.528761702898800286e+04
1.722443023889809410e+04
1.371065547009178954e+04
1.435241629786212252e+04
1.316764007359494644e+04
1.909985034982841535e+04
2.018756766763828273e+04
1.767714957199702621e+04
1.771233215967910655e+04
1.921727069096148989e+04
1.155736648970133683e+04
1.648748397658159229e+04
1.314460901179146094e+04
1.561383341465360354e+04
2.764744494453152947e+04
1.914613493439389276e+04
2.403385527420907965e+04
1.947831427339904621e+04
2.420703776658550487e+04
2.682014554531842805e+04
2.835573376467029084e+04
1.975380505482965236e+04
1.941167347914228594e+04
2.657371189562020299e+04
1.911006530518974978e+04
2.844563709128442861e+04
1.772693905414797337e+04
1.820846998558316409e+04
1.729992145568881097e+04
1.698983398073638455e+04
1.980269540772629989e+04
2.258938604115198177e+04
1.736011142911434217e+04
2.897614656571171145e+04
1.959605563360248925e+04
2.614425355927823330e+04
3.673278647002897196e+04
3.964063786203996278e+04
2.695789543631647393e+04
3.117084363163508897e+04
3.551159818909504975e+04
3.313601063914888800e+04
3.477775862215564121e+04
3.096491518379395347e+04
3.411797110394708579e+04
2.581048290819804970e+04
2.708074457283202355e+04
4.363349665496539819e+04
3.108103413954696225e+04
4.128084075468449009e+04
3.868842603967757896e+04
2.852545221109856357e+04
2.611042586282704724e+04
3.572546043969496532e+04
3.567112458530671574e+04
3.301954028081976867e+04
2.241345953895955608e+04
3.418915499847265892e+04
4.684263777954217221e+04
2.931816373672041300e+04
4.254923172377842275e+04
2.918971109258180149e+04
4.482199835894531134e+04
3.541937527931256045e+04
4.559889699808791192e+04
2.841150620761613754e+04
2.916162870654501239e+04
3.724223458067408501e+04
2.874022486983993440e+04
3.661024358888127608e+04
2.668743609364793883e+04
2.631560790353037009e+04
2.314626990461325113e+04
2.600907264643635062e+04
2.280018544690147974e+04
3.372028573557014170e+04
2.593300887928087104e+04
3.635746907750619721e+04
2.605183431247395129e+04
2.508934706216961058e+04
2.467536541298116208e+04
1.639717575345817750e+04
1.954436902800781536e+04
3.070206086636815235e+04
1.634211582333436672e+04
3.601522202519391431e+04
2.325986396336567486e+04
2.325665107962850379e+04
2.484757653885106993e+04
2.895840984984403622e+04
1.103667874943031347e+04
1.179552328862616559e+04
2.631445900605436691e+04
1.516339462450862811e+04
2.591875262254215704e+04
7.837384292327615185e+03
7.372686354955098977e+03
9.156471029440743223e+03
8.345635188217220275e+03
8.019800014703804663e+03
1.990488839041463871e+04
1.089765788866383446e+04
2.644209338247944834e+04
1.379018068949628832e+04
2.899088607141326793e+04
1.906426818285835907e+04
2.975538706611298403e+04
8.835032229875821940e+03
1.022669406504148537e+04
9.959193959414236815e+03
1.161525898849939949e+04
1.801008625644581116e+04
2.138853302926657852e+04
1.685517847875758525e+04
3.056524972469490604e+04
1.441772007414863219e+04
3.097591885064097005e+04
3.964381405326342792e+04
3.442409972698413185e+04
4.118059095333400910e+04
2.742236712063605228e+04
2.531305934690255890e+04
2.543906429000173011e+04
2.866910273975347445e+04
2.535262243706562731e+04
3.993646931585615675e+04
3.281583269938816375e+04
3.649347856885306101e+04
3.179305164820885329e+04
2.241729609989394521e+04
1.832571059379383587e+04
3.021780006245094410e+04
1.945428989507566803e+04
3.441518942590666120e+04
2.141990630278833123e+04
5.085665415259036308e+03
2.658568779537391038e+03
5.198189559458925032e+03
8.473287397349078674e+03
3.473832913916927737e+03
1.020554380332507026e+04
7.010293180993005080e+03
4.044627750731200194e+03
4.036536436763853999e+03
9.124353012515372029e+03
4.193236269988979075e+03
2.297036831742166669e+03
5.126275743151630195e+03
4.627497688131040377e+03
7.466914479456334448e+03
1.261104780720460212e+03
3.259773299916622364e+03
2.066800579383892909e+03
5.456754072670197274e+03
6.009860462635922886e+03
2.193708147525274853e+03
6.310416991799051175e+03
3.279381246341880342e+03
9.432084871197643224e+03
8.114462947124889979e+03
7.955270334278605333e+03
8.530602060445367897e+03
1.016293422013505187e+04
4.551001934447771418e+03
8.805631971817694648e+03
2.998783127555888768e+03
4.899830732784705106e+03
1.928013261019635684e+04
1.451838247329642763e+04
1.919486936928233627e+04
1.343743286699983219e+04
1.481710451174887567e+04
1.443934606777442059e+04
1.999717896565118645e+04
2.157438638640887439e+04
1.333755418437950902e+04
1.927175492929113534e+04
1.331258883806390622e+04
1.897079637933750564e+04
2.238781811033438134e+04
2.227072632350859567e+04
2.261301661035279176e+04
2.115673799050665912e+04
1.672273845621896180e+04
2.235671821939561414e+04
1.225637743257495822e+04
1.943622049064924431e+04
2.137154056248942652e+04
3.213766339414195681e+04
3.162655365563811210e+04
2.775759894441759752e+04
2.841516943599218212e+04
2.838129958926312247e+04
2.512369482171125856e+04
3.150514247707310642e+04
2.264582015853911071e+04
2.963052400018186017e+04
1.736722044115465542e+04
1.341229458302380408e+04
1.873112582279041089e+04
1.544285709273290013e+04
1.915488415056678059e+04
1.531090371074203722e+04
1.402441022887765575e+04
1.306111115865590364e+04
1.829532700909628329e+04
2.031348386795369515e+04
1.396478101898930618e+04
1.876241544666363552e+04
1.303196455084105764e+04
2.309217881236076937e+04
2.168366233048445793e+04
2.225691359583651865e+04
2.171407264193149604e+04
1.849153097522553799e+04
1.645982515926749329e+04
2.153920253491911353e+04
1.279438404100401203e+04
1.933396779670396791e+04
1.882100091520659407e+04
1.314374037382200549e+04
1.941419400105288150e+04
1.985927780328652489e+03
9.414601328764285427e+03
9.316440788179395895e+03
5.951688573218174497e+03
6.511601730217657860e+03
6.493230016016465015e+03
5.700482583725660334e+03
8.966492078002233029e+03
2.335015533418342329e+03
8.812038194247745196e+03
1.626046463619780980e+03
1.194825885018935196e+03
5.379632463535103852e+03
3.642499956358840336e+03
3.472177885750551013e+03
4.776063838533296803e+03
2.625478777765427822e+03
5.918539575669682563e+03
nan
2.921824628260371537e+04
2.655752587688892163e+04
2.528116211200996258e+04
2.390668665191271430e+04
2.637019826300215209e+04
2.850662139783104067e+04
2.515697733897120270e+04
2.705857280663030542e+04
2.594211145596739516e+04
2.701255308962658091e+04
2.212325325397362758e+04
3.343106494481277332e+04
3.675402817145626614e+04
3.530765046743253333e+04
3.422184876500561950e+04
3.539036994835825317e+04
3.407811959400587511e+04
3.774723209063491231e+04
3.787214586929562211e+04
3.340970702343945595e+04
3.220686071897133661e+04
3.852885156101911707e+04
3.467798313669141498e+04
3.502855440201002057e+04
3.302212678603971290e+04
3.669234830233048706e+04
3.883682480956433574e+04
3.392178721468710137e+04
3.567102025953666453e+04
3.499217500995253795e+04
3.515862802735177684e+04
3.068022991802673641e+04
3.885565700749974349e+04
4.555423268183464825e+04
4.483102578113787604e+04
4.048242769278086053e+04
3.885583799843679299e+04
4.065286313480913668e+04
4.447222422044455743e+04
4.535516650278874295e+04
3.893650438659757492e+04
3.868826008744500723e+04
4.350213271269507823e+04
4.050847185188673029e+04
4.480924133666369016e+04
3.921564920746504504e+04
3.968130621254855214e+04
4.877864814828092494e+04
4.157248540718348522e+04
4.179990822308207862e+04
4.020912076419010555e+04
4.363277505309800472e+04
4.736368249228331115e+04
4.045531426589420153e+04
4.689390266100753797e+04
4.551287923037083965e+04
4.160125813291228405e+04
4.090404381705494598e+04
3.862411900393895485e+04
4.360217801712871733e+04
4.150037874334495427e+04
4.214212296211498324e+04
4.349215558939793118e+04
4.176596748593100347e+04
4.527829373443296936e+04
4.587972770886361832e+04
3.955407314335315459e+04
3.808412139923142240e+04
2.459162122826997438e+04
2.420810428044020955e+04
2.694166858542993941e+04
2.676282468795048771e+04
2.634408841869093521e+04
3.036043868291821491e+04
2.558354661729148211e+04
3.152108801187923382e+04
2.457295878570543209e+04
3.612882835435096058e+04
3.346160059523678501e+04
3.623930558445046336e+04
4.182273296520968870e+04
3.394948007702535688e+04
3.800179768600562966e+04
3.379984783236623480e+04
3.885392558753698540e+04
3.696802256492320885e+04
3.823421835930486850e+04
3.313112888789514545e+04
3.399130774612796813e+04
3.700510036748332641e+04
3.353589785884205048e+04
3.923289597891909216e+04
3.258030007942084922e+04
3.211978184113508541e+04
3.096100145179431274e+04
3.193024445106144776e+04
3.205529249240950230e+04
3.610034566587686277e+04
3.477610975003283238e+04
3.964772245681295317e+04
3.422529518173522229e+04
3.477633770965872100e+04
2.978483848523864435e+04
3.970129186791918619e+04
3.344206892422866076e+04
3.040182897074158609e+04
4.309882615287551016e+04
1.806630322047116351e+04
2.375257495991070027e+04
5.543048136680336756e+04
3.571418392467595550e+04
5.499276782070234185e+04
4.937960030273433222e+04
5.794612336138986575e+04
6.147235510107640584e+04
4.568471719748936448e+04
4.695489518912461790e+04
4.911593505261417158e+04
3.596100702410133817e+04
4.082405765987491031e+04
2.569553955318090811e+04
3.147180891237878313e+04
2.281800970697125740e+04
4.497252468002650858e+04
3.071414991564659795e+04
2.448843926869501956e+04
3.584480259687961370e+04
2.691899080505235543e+04
3.979149858383391984e+04
3.770104664455830789e+04
4.038285910070539103e+04
4.383762122720318439e+04
3.835319076690029033e+04
3.936452008817379829e+04
3.926823694343002717e+04
2.708830178055909346e+04
3.278382015510930796e+04
2.003317695586517948e+04
2.141289031299302951e+04
3.210053613741543450e+04
2.427959115679168463e+04
1.931061233360631013e+04
3.055210714418509087e+04
1.143449684319215885e+04
1.778308994339036144e+04
1.062797666242533342e+04
6.283845971250125331e+03
1.551723138139878938e+04
1.047453356115269889e+04
3.037402495952709160e+03
1.299245807944128865e+04
2.003526767422562216e+03
1.075865136512779100e+04
8.846398531084718343e+03
8.646853241276758126e+03
8.106831819250412082e+03
1.083778593661975538e+04
8.070798061911073091e+03
2.617069122565861562e+03
6.304632347376002144e+03
1.080048831925169725e+04
2.260287549199456862e+03
2.395658273742927850e+04
2.158823564585461645e+04
8.046024467044556332e+03
2.049048300676251165e+04
3.259552865035991999e+04
1.248849336206755288e+04
2.763263129478267365e+04
1.039959546631708508e+04
1.135938439409696002e+04
1.338809146990823137e+04
5.064561100646388695e+03
1.609186552876518545e+04
1.551783478935692983e+04
7.750144848387295497e+03
2.980892299867885231e+04
2.041683062433453961e+04
1.734565828679284823e+04
3.722869764470610789e+03
1.535311985585610455e+04
6.803502970481071316e+03
3.328588764921467373e+03
8.419006083957719966e+03
1.071606847485066828e+04
4.887987177426723974e+03
4.458128026421038157e+03
2.385201631579403056e+03
1.530309089903518725e+04
7.776061589284558977e+03
1.110775342728679425e+04
8.292783913093708179e+03
1.100249889601231189e+04
1.704561526366866019e+04
1.420891422496437372e+04
2.526460712816778323e+04
2.174577779956561790e+04
2.199071588501832230e+04
3.019333957348904732e+04
2.133102350956917871e+04
3.371767281993863435e+04
2.282752933065014804e+04
2.445453582554412424e+04
3.508100574994555063e+04
2.833538508511085820e+04
3.723021120132590295e+04
2.090946981071394111e+04
1.836428050658528809e+04
1.922025804268398133e+04
2.270726541916469432e+04
1.853317041681497358e+04
3.428958320128377090e+04
2.660360627125206156e+04
3.068199320931336842e+04
2.539308893785607506e+04
1.585179203602587222e+04
1.672333689373002926e+04
6.262451159636148986e+03
6.740365812918102165e+03
7.924484314226194329e+03
8.952760227851134914e+03
1.155230893895065674e+04
7.879342308369658895e+03
1.439278936766488368e+04
1.866986190077149513e+04
2.264400312978660440e+04
1.749778672162325529e+04
2.985266074845087132e+04
2.982841637308728241e+04
2.857730011527700844e+04
2.691797521394565774e+04
2.488877549788208125e+04
2.218439500922476145e+04
2.515941230219059071e+04
1.678341925789594825e+04
2.838801554098491033e+04
nan
nan
nan
nan
