7.135014711948881086e+03
3.590810090893588040e+03
5.565038544507726328e+03
3.263471567090178269e+03
1.134673404786409037e+03
1.002294190365473469e+03
2.785249727935188275e+03
nan
3.662867977217080352e+03
6.735929937835614510e+03
3.976352648950574803e+03
nan
1.393774731119631497e+03
nan
1.281614844254657555e+03
nan
2.238487246008235616e+03
3.090342505383134267e+03
2.914154472579288722e+03
3.327136048187182951e+03
3.392681600660204367e+03
nan
2.247107127573465277e+03
4.396365034583176566e+03
2.878291119393452391e+03
2.128124074308218496e+03
5.706174454470686214e+03
6.267549892071212525e+03
2.305041929958748824e+03
1.478253078993893041e+03
nan
2.550377748314662313e+03
3.195759823874939229e+03
2.775273477527561681e+03
3.333445611364449633e+03
2.653933653096970374e+03
5.404979685086846985e+03
2.943737520970347759e+03
3.731316978321809529e+03
nan
3.137157696621539344e+03
3.628419216735569535e+03
3.889394544638187654e+03
2.954188809988566845e+03
2.432561632077137801e+03
2.602224510963972989e+03
2.448880446815105188e+03
2.847848148022346777e+03
1.285488267321238027e+03
2.074393229197200526e+03
4.314487102863742621e+03
3.108906595791055679e+03
nan
3.668482692799218057e+03
4.203767896401229336e+03
2.534494904606874115e+03
4.536195208511806413e+03
5.076589827152568546e+02
2.503473320820714434e+03
4.119452148616781415e+03
nan
2.261351674234917937e+03
2.948045671293568375e+03
4.064608536065392855e+03
4.271282658412690580e+03
6.026768914162567853e+03
4.269788896064450455e+03
1.898912703296567088e+03
nan
4.066878724751032223e+03
nan
4.363603490984695782e+03
7.033092630156992527e+03
3.101221641221880873e+03
3.593157169571106806e+03
3.850333699613720910e+03
3.512437427946495063e+03
4.016423385761411282e+03
5.878608829037702890e+03
4.775481459195408206e+03
1.283461300539503100e+04
1.010936617229219155e+04
7.382392266319884584e+03
8.264968073855054172e+03
3.237738699924167577e+03
5.479132577239205602e+03
6.473966321410031924e+03
3.129366448092847804e+03
5.748027457094948659e+03
5.456176695188216399e+03
1.403288143292917448e+04
5.619230604911830596e+03
7.337893239349914438e+03
3.741339403991762083e+03
2.717104990038258620e+03
3.032631975075506944e+03
2.216662454350753251e+03
2.485786537850859531e+03
nan
8.928809256182295940e+03
4.676430825076149631e+03
9.130816692102742309e+03
4.150258456554987788e+03
5.785212040640525629e+03
7.438643682288791751e+03
5.687129660346067794e+03
3.199970624871077234e+03
5.948724838299976000e+03
4.722548728243717051e+03
6.256060296215922790e+03
8.821469034730087515e+03
8.170523009947928585e+03
5.464718610704806451e+03
2.829146343268495912e+03
5.326912645232650902e+03
nan
nan
nan
nan
