7.278082162408915792e+03
8.766181293839668797e+03
2.137111412947674125e+03
1.276779098664701905e+03
2.224697843428554734e+03
nan
6.682011357153770405e+03
4.630727535907191850e+03
9.432008133696244840e+03
4.112848538714009010e+03
3.368822960064243489e+03
4.157054816440701870e+03
5.338462305597142404e+03
4.934875224047862503e+03
1.563704864520607543e+03
1.446962978783880772e+03
3.635873177725640744e+03
2.887206792127373319e+03
1.219400504379785389e+03
3.188924078712579103e+03
3.589052729974038812e+03
2.834977312151577280e+03
2.363150882666838243e+03
1.026122110951684363e+03
1.861108573227986426e+03
4.779682342426345713e+03
2.131019496950577832e+03
2.292292809143229078e+03
3.855474697129295691e+03
2.510266779179450623e+03
2.896648541637309791e+03
1.862954234751574404e+03
4.358686283477599318e+03
4.359352333340430960e+03
2.671788052985578815e+03
2.850510888197014083e+03
2.334650119755803189e+03
1.527572129708105876e+03
2.349024097905833514e+03
nan
3.285436975698771221e+03
5.918358704430621401e+03
7.654256055484842136e+02
9.971372730560623268e+02
2.855897425295416269e+03
3.803422140813811438e+03
2.378105746588383226e+03
5.806093740443289789e+03
nan
2.299889375199956248e+03
5.422800322394599789e+03
nan
3.136708510312275394e+03
2.940995058392800729e+03
1.607146237406346472e+03
4.447460159594866127e+03
3.604211215644319054e+03
3.231241553197317899e+03
3.094798241646982660e+03
2.513159869335200256e+03
4.636025514381418361e+03
2.667479062578987396e+03
3.601029232426853468e+03
4.073447630899068372e+03
3.525947725144309061e+03
4.672820089284820824e+03
3.220845813444288069e+03
4.892497949899749869e+02
3.721153890526226405e+03
nan
4.959038238194893893e+03
4.789620768725011658e+03
5.567908893649120728e+03
3.417451533430634299e+03
6.619825959121837514e+03
2.774043021920065257e+02
4.680093307192648354e+03
6.331979449086622481e+03
2.757529366231578024e+03
3.280042292464070215e+03
3.703673175379790337e+03
1.659926227732852567e+03
2.851888956028283246e+03
3.127033199173169123e+03
nan
3.253846847878547123e+03
5.445371183881348770e+03
2.992204499252382448e+03
1.895645665445177656e+03
7.809158536053386342e+03
5.247587527448433320e+03
5.295817466829312252e+03
2.445144313604966555e+03
2.803577249812729406e+03
1.712407688313099470e+03
3.030818766976031384e+03
5.292247208900397709e+03
8.540397035236652528e+02
2.869780369366770174e+03
3.804931665632468594e+03
3.948776752761126772e+03
3.686664105952100726e+03
1.686962909348506173e+03
1.944778205975751007e+03
3.131121017499682239e+03
2.285145689489923370e+03
2.148611294054828250e+03
4.061758910507601740e+03
6.805671785196890596e+03
3.875665444841275985e+03
3.995182389224199142e+03
2.917589349683743876e+03
2.543951110408585009e+03
2.996790749637366844e+03
2.197475209620841724e+03
9.414935626259159562e+02
5.612182323591742943e+02
1.821737034724656951e+03
1.770525986285899080e+03
