2.541707895075987472e+04
nan
nan
nan
nan
nan
2.965768185408661884e+04
nan
9.343391545064367165e+03
nan
3.808683217270199748e+03
nan
nan
nan
nan
nan
nan
nan
nan
nan
nan
1.170589882572587885e+04
8.018197134098012612e+03
6.766932087343035164e+03
3.697864710608251698e+03
4.550017503712309917e+03
4.563501244877576937e+03
5.666616970386945468e+03
8.231481952475342041e+03
9.374326549956627787e+03
1.208974318762789335e+04
1.108626369788752345e+04
1.125774308378610294e+04
7.252983547261544118e+03
nan
5.394427344537275530e+03
1.017285796896607462e+04
nan
nan
6.926823064788146439e+03
1.115157001190246228e+04
nan
5.297536492412499683e+03
1.032209548404013913e+04
4.098265077606703016e+03
4.727167558953870866e+03
nan
nan
7.857825805845725881e+03
4.240214859255172087e+03
4.937681159700644457e+03
nan
nan
3.635542873778817921e+03
5.935340332230849526e+03
6.286803295291447284e+03
nan
nan
nan
nan
nan
nan
1.108853244456862740e+04
1.938164672365288425e+04
7.805340465963457973e+03
9.432143102900092344e+03
nan
nan
nan
nan
3.922731487043114612e+03
6.108900802098937675e+03
9.501098033276743081e+03
1.164499105209602203e+04
9.965048032935554147e+03
nan
nan
nan
6.116298174296616708e+03
5.951988235184937366e+03
8.637650845259002381e+03
8.274157831134789376e+03
5.851312877768504222e+03
nan
4.743433043882949278e+03
5.124953709935113693e+03
7.962472662234327800e+03
1.020363485071923606e+04
7.888263044462039034e+03
6.871485067171130140e+03
8.043437700093720196e+03
5.008657809388751957e+03
6.550600881558961191e+03
3.998601140672679321e+03
4.265860942504607920e+03
nan
1.210011454695858902e+03
1.023045102948654312e+04
1.093902579286634136e+04
7.316274280627598273e+03
8.992397942972756937e+03
8.065554849729644957e+03
nan
nan
nan
nan
nan
5.509644650094935059e+03
5.807790878838276512e+03
4.877074597505433303e+03
4.603936930271156598e+03
5.197222180622751694e+03
3.450454860191829539e+03
5.366742796334575360e+03
4.720947579871953167e+03
3.958618548750179343e+03
4.185644230385431911e+03
4.487908779787655476e+03
3.681515943009093462e+03
3.551008808661873445e+03
3.905197853588987073e+03
3.726691029394156430e+03
nan
nan
nan
nan
