1.042330892455935646e+04
1.049517438163150655e+04
9.481342219397056397e+03
4.765891744231070334e+03
3.482768416720348796e+03
nan
4.669218037309868123e+03
5.550165362105270106e+03
7.747863948480836370e+03
5.447809216036880571e+03
5.544154556644648437e+03
5.333486897507503272e+03
3.242473091550308254e+03
3.443656006630851152e+03
2.989762610498644790e+03
3.113917767190830091e+03
3.129797974620389141e+03
2.989852999134501715e+03
3.827226365478957177e+03
3.881349752095625263e+03
3.678120698129879656e+03
3.355010864147937355e+03
4.091800026326931402e+03
5.935302133964338282e+03
6.075601631102736974e+03
4.432603541637690796e+03
5.369631501929326987e+03
4.798210715050364342e+03
5.037780421823173128e+03
5.963129407035346958e+03
5.816807856215084939e+03
6.631537187118937254e+03
5.938330030264213747e+03
3.768188840231218819e+03
4.969407837805402778e+03
4.109695765490212580e+03
3.860944038605206970e+03
3.421992264539481312e+03
3.515331363085443627e+03
nan
3.696274309832237577e+03
5.202943976569068582e+03
4.928418135666320268e+03
4.405590844798945000e+03
5.266144499654260471e+03
4.821905240768474869e+03
5.441331970351028758e+03
6.076385134360997654e+03
nan
6.560243778790556462e+03
4.638271775443178740e+03
nan
4.471630245216671028e+03
3.820988502761599193e+03
4.614162377410792942e+03
4.427196588568732295e+03
4.308506124869285486e+03
3.947246143861525979e+03
4.055045617945786944e+03
4.824728390413830311e+03
4.799366997554925547e+03
4.370582128580452263e+03
4.903293309826166478e+03
5.989067843457465642e+03
5.063502790663435917e+03
4.280446900533968801e+03
4.979017503104102616e+03
4.497415977878344165e+03
4.477744254104582069e+03
nan
4.377740798133299904e+03
4.326361607052759609e+03
4.899676768940832517e+03
5.905839184338140512e+03
4.595559453038880747e+03
5.775591654157647099e+03
5.520490382447173943e+03
5.983990974324256058e+03
5.777327699538572233e+03
6.492679488494868565e+03
4.974368918464441776e+03
4.459303506762636971e+03
5.048094185295262832e+03
3.752997106526598600e+03
nan
4.101313495353046164e+03
3.048624829324851362e+03
3.744062527319414585e+03
5.232709311434391566e+03
4.300871237205528814e+03
5.490777985297165287e+03
4.520215728161562765e+03
3.851630722413811327e+03
3.748636803172759301e+03
3.913511088026828020e+03
4.782687291659514813e+03
5.182426917424329076e+03
4.033556839247998141e+03
3.858082974026227021e+03
2.946709016403792248e+03
3.202472673187829059e+03
3.525575925887384074e+03
4.173546075414735242e+03
2.937242282888206319e+03
4.018722027631865785e+03
5.216016981849266813e+03
5.393841827502485103e+03
8.427913630969283986e+03
8.330915813562502080e+03
5.850371516135937782e+03
4.578601254231665735e+03
4.273795046546051708e+03
4.375821067745375331e+03
5.203679534106179744e+03
3.729562498596588284e+03
3.472878751620934963e+03
4.284763516093644284e+03
5.151423007663769567e+03
4.494073973075898721e+03
