nan
nan
nan
nan
nan
nan
nan
nan
nan
nan
6.189462077356301052e+03
nan
8.619306397701875539e+03
nan
4.482901396653682241e+03
3.499673373871632066e+03
nan
6.277841503293824644e+03
4.431771686483398298e+03
4.722533167426929140e+03
7.969767679151365883e+03
5.385327988392818042e+03
9.654009792063512577e+03
9.465264254880181397e+03
nan
nan
nan
nan
nan
5.268495218707343156e+03
5.112258161796627064e+03
3.821062849642129095e+03
4.917804835949300468e+03
nan
nan
6.901073193467596866e+03
3.254494470840611939e+03
4.017941454163022627e+03
6.060089627681608363e+03
6.276937115798850755e+03
7.148678668500484491e+03
7.097777190833003260e+03
nan
nan
4.550438599349350625e+03
3.189225585267688075e+03
3.849091813938878204e+03
3.442482810104195323e+03
3.195589376837144300e+03
3.257884221159870776e+03
3.696793806642748677e+03
9.044333034378047159e+03
4.910819418275670614e+03
3.019862301439811290e+03
5.373127841444022124e+03
5.480739192748831556e+03
nan
5.349268110609249561e+03
5.158803576915413942e+03
3.600146991740622980e+03
2.383891934662739732e+04
7.826132027977221696e+03
1.082361200611146887e+04
6.097275228932152459e+03
1.111373479255308484e+04
4.061655139018547288e+03
3.649236230310315023e+03
3.462037557998138254e+03
3.270193381416475859e+03
3.072393788732963458e+03
3.489868375820463370e+03
3.369764075745439186e+03
4.204447962200192705e+03
nan
3.412077691565387795e+03
4.337131812063550569e+03
3.949404205936043581e+03
nan
4.258977824450640583e+03
5.325130864373963959e+03
5.845739222112815696e+03
3.239284198720169115e+03
4.353018144070949347e+03
nan
nan
nan
3.559788260315930984e+03
3.177575229199725072e+03
4.337491344155228035e+03
nan
4.408836301330890819e+03
9.492439932874183796e+03
1.347167671744753352e+04
7.360365722077283863e+03
nan
4.626434325095606255e+03
9.870993932997456795e+03
3.716796794233022410e+03
4.770805799940816541e+03
3.170758337586675225e+03
3.225362978524158734e+03
nan
nan
nan
nan
