nan
nan
nan
nan
3.381890807665044576e+03
4.895267144649727015e+03
2.258548361682932864e+03
nan
nan
nan
nan
6.044689875174078225e+03
4.897065229999857365e+03
3.014115033370295350e+03
3.954125854888716731e+03
nan
nan
3.403414140413543009e+03
4.424582688139926177e+03
6.864150092653000684e+03
nan
nan
nan
nan
nan
4.337086629553003149e+03
nan
2.231080136089038206e+03
2.895806409437864659e+03
7.834241748276989711e+03
3.825879257220386535e+03
4.937483499180185390e+03
6.689311037866652441e+03
3.422527570538182772e+03
2.500904105206887380e+03
7.559028643374273088e+03
7.260713982875176043e+03
5.622158405351597139e+03
2.393834701517761914e+03
6.910140570340393424e+03
5.019647355260395670e+03
7.712147505262517370e+03
1.641464794239115008e+03
5.469752971367203827e+03
2.841193791461268574e+03
4.167954848401357594e+03
5.023822702219033090e+03
9.730531622477747078e+03
5.127487286316732025e+03
2.662602232741398439e+03
6.909453370342539529e+03
6.648551042400325059e+03
9.145934511092413004e+02
nan
5.481269465225727799e+03
4.319190833265432047e+03
nan
2.669435627310269865e+03
1.685519776690669232e+03
2.054811313514553603e+03
nan
nan
1.595121891197937202e+03
2.161982367526530652e+03
2.145570711772588038e+04
4.795688829130307568e+03
7.048150002095513628e+03
2.335207612471442189e+03
6.676298967876669849e+03
4.010022204164898540e+03
6.167667080915252882e+03
5.438470386004078136e+03
nan
nan
5.038211074186900987e+03
4.486069315920295594e+03
3.622165561623196481e+03
5.377271682562183742e+03
6.551516954179626737e+03
4.130391128524978740e+03
2.944694213285600199e+03
2.124619080719003250e+03
2.275815791717267075e+03
1.886374386443625099e+03
2.139834844458140651e+03
3.258265484074206597e+03
2.243750130510255985e+03
3.047904535737915012e+03
2.244116415108388082e+03
2.385517355808955926e+03
3.779822436824979832e+03
nan
3.142663099614616840e+03
3.865513167789223189e+03
1.186052001099591735e+03
2.215245863957838992e+03
5.953338336788743618e+03
1.158055771293196131e+03
3.944328344411558646e+03
7.595017952946415107e+02
4.965442012318090747e+03
4.293004309216706133e+03
5.096973060557776989e+03
4.609060019659316822e+03
9.866495595729862544e+03
8.234436240014207215e+03
3.717471452044751913e+03
1.007901539909133362e+03
2.719503119746610082e+03
7.286077215432584126e+03
4.055876008649179312e+03
7.304529385189854111e+03
3.862554714179258099e+03
nan
nan
nan
nan
