7.531926112340661348e+03
nan
nan
nan
nan
nan
3.133937679570300315e+04
nan
5.856784574508045807e+03
nan
2.746951330985055847e+03
nan
nan
nan
nan
nan
nan
nan
nan
nan
nan
1.044477691196441128e+03
5.834389496370884444e+03
1.317973608867849862e+03
5.347587271282091024e+03
3.695763588977617474e+03
3.573228110232031668e+03
7.388066540904345857e+03
6.223407896234268264e+03
8.572454871278590872e+03
4.491530878056978509e+03
7.871408575485720576e+03
6.569763650864981173e+03
1.194876448781861200e+03
nan
5.107425474532926273e+03
5.893270221075217705e+02
nan
nan
4.329947417616968778e+03
2.088025661791539278e+03
nan
7.089639137452343675e+03
9.576582768245090847e+03
2.384106589539081142e+03
6.912924536420421646e+03
nan
nan
6.847540140981104742e+03
3.609069451043983463e+03
3.609592199731329856e+03
nan
nan
2.350591758309727084e+03
3.461109007827971254e+03
3.059475493905267740e+03
nan
nan
nan
nan
nan
nan
8.243427365190832461e+02
1.410754682934298762e+04
5.387656193541620269e+03
3.330262488027652580e+03
nan
nan
nan
nan
5.208778749001869983e+03
3.277608962752166462e+03
8.770907820678454300e+03
6.078987301633655079e+03
1.105368241753890970e+03
nan
nan
nan
2.177221006815208511e+03
5.775340727938882083e+03
6.338137799858323888e+03
5.562996954207339513e+03
4.649313155048390399e+03
nan
4.625979410321955584e+03
7.410179032209735851e+03
5.722693326964451444e+03
6.831245940012970095e+03
3.370001283969803808e+03
1.253825829331905197e+03
5.303311852021479353e+03
8.948916228040834540e+03
4.388496330870911152e+03
4.191004593820635819e+03
5.212281648510080458e+02
nan
3.973065138637341079e+03
1.254008449896833554e+04
1.319253535672400903e+04
2.701644312981033181e+03
1.645231324690455949e+03
1.349306915477950497e+03
nan
nan
nan
nan
nan
3.030542113380155115e+03
6.688267387743960171e+03
6.538669547596104167e+03
3.911095425799299846e+03
1.413428694060954058e+03
5.535476124111112767e+03
6.020505758157674791e+03
2.615961789726829920e+02
3.209442441469916957e+03
2.086066433385243272e+03
3.142196214892172520e+03
3.859293504778489023e+03
1.378830068277241480e+03
3.716948402440194059e+03
4.668788405138629969e+03
nan
nan
nan
nan
