nan
nan
nan
nan
nan
nan
nan
nan
nan
nan
6.193859706523979185e+03
nan
6.095057733895783713e+03
nan
4.986223438535865171e+03
2.751287816239715994e+03
nan
5.521499749199010694e+03
5.935670306942298339e+03
3.026351519566445404e+03
8.731500566822942346e+03
3.427589642742817432e+03
6.624758030741240873e+03
9.364825218272551865e+03
nan
nan
nan
nan
nan
1.355949268268956985e+03
7.121660107266279738e+03
4.979057573122194299e+03
1.289459455053096008e+03
nan
nan
9.444828108850248100e+03
1.839069489461659259e+03
3.012368534927877590e+03
5.634329665390635455e+03
8.151337205714516131e+03
5.673414965865935301e+03
2.811023706091326858e+03
nan
nan
3.520783921421513696e+03
4.543328473272778865e+03
4.912190920838812417e+03
1.874895650138920018e+03
3.292954725369928838e+03
3.308321465420078766e+03
4.078689884859124959e+03
1.104925605002604527e+02
4.994199167846112687e+03
3.086439689099875523e+03
5.705764072781845243e+03
4.351745667668194983e+03
nan
3.154610987337544884e+03
2.088941398555695741e+03
3.602208375051724488e+03
1.808417774380136689e+04
7.409484915188531886e+02
9.928905428657462835e+03
3.616339798242219786e+03
7.081765303174141081e+03
3.068532558709582190e+03
6.536500011491747273e+02
3.088105464599606421e+03
2.183734196083192273e+03
3.120423801823994381e+03
3.091045547785437975e+03
2.288134181452704979e+03
1.554342488897424346e+03
nan
2.611553113830424081e+03
8.986481947525611531e+02
1.741451005588162161e+03
nan
2.143346895213561766e+03
3.082187493070271557e+03
2.730230246923425057e+03
1.444224788630693411e+03
3.907007262971961609e+03
nan
nan
nan
3.333124862652848606e+03
2.081341395106094296e+03
4.318064297175364118e+03
nan
2.782243205666822178e+03
1.677803194697233266e+03
6.697315891395570361e+03
3.630362215332552751e+03
nan
2.227078059959470465e+03
6.946759460814893828e+03
5.668825638092135705e+03
2.286353495333979936e+03
3.455377125886860085e+03
2.210348534541140452e+03
nan
nan
nan
nan
