nan
nan
nan
nan
1.301263264256761795e+04
6.859613929179309707e+03
5.554533849915740575e+03
nan
nan
nan
nan
8.261533787918744565e+03
1.166958822403738668e+04
4.538508537094796338e+03
5.767339784214248539e+03
nan
nan
4.045378280339316461e+03
5.277044549273094162e+03
4.727092808239791339e+03
nan
nan
nan
nan
nan
7.106960014139978739e+03
nan
5.818987013131448293e+03
7.040540360608702940e+03
5.072269819857689981e+03
5.545028980835986658e+03
5.871771488508199582e+03
6.521998515135577691e+03
7.149561519983227299e+03
6.894139358408307999e+03
8.697506835872274678e+03
8.113549869167330144e+03
6.360408179928635946e+03
6.374447021850392957e+03
5.258649300595711793e+03
4.725324914436185281e+03
5.542893902470189460e+03
5.334811299135181798e+03
3.975300216545458625e+03
3.410876421799900072e+03
7.592988027540402072e+03
9.846602147732088270e+03
1.467446079968233789e+04
1.074388437312708993e+04
3.084302779633067530e+03
4.855014309344333924e+03
6.002788033050529521e+03
6.250274027570070757e+03
nan
5.636831463540392178e+03
3.365156852104213158e+03
nan
4.296137420271182236e+03
3.805628725622334059e+03
7.687455902136120130e+03
nan
nan
1.446005988552610143e+04
1.199421549295129262e+04
1.339832783201217171e+04
8.627344157171188272e+03
7.314207802543854996e+03
6.103333793010021509e+03
6.804415798879943395e+03
7.849983628706339005e+03
7.853306667553418265e+03
8.186099162429875832e+03
nan
nan
6.345927519584784022e+03
6.990026034848432573e+03
7.575574475820187217e+03
5.736546197909051443e+03
5.446147571256749870e+03
7.843235423528416504e+03
6.697361837120261953e+03
4.894627346744971874e+03
5.468210038727104802e+03
3.802980050968848900e+03
3.590093118777039763e+03
3.744305630144422139e+03
3.417445968114911466e+03
3.447978847726505592e+03
3.496141858865128597e+03
3.021019440269960796e+03
3.140556508569151447e+03
nan
3.214250881915446371e+03
2.812280256416740485e+03
2.931246776812396092e+03
3.416320022287437041e+03
3.329589763631377537e+03
4.654045588476187731e+03
5.528351798880285969e+03
2.870611072366973985e+03
9.591157325237521945e+03
7.793265743474656119e+03
6.185949545740695612e+03
5.423748866539099254e+03
7.839375854107558553e+03
7.035566814296040320e+03
7.769535497141877386e+03
2.345973789129467150e+03
3.327552599200918394e+03
4.593026571481140309e+03
5.586355825048100087e+03
6.794025611578721509e+03
4.787099359008742795e+03
nan
nan
nan
nan
