1.400513860011882025e+04
1.001829283529045824e+04
1.090516944317448906e+04
1.657095009887404012e+04
1.140175787780818791e+04
nan
2.186668693044496104e+04
7.323063182994503222e+03
2.535506677186848174e+04
9.156428805526316864e+03
1.496565033412669618e+04
1.677835346612167632e+04
1.066273509186433694e+04
1.138992541663186967e+04
1.277362149175441118e+04
2.670568717576214112e+04
1.702862328336863720e+04
1.028225285969009565e+04
2.226145434939474580e+04
3.560327564390889893e+04
5.344076746035038377e+04
5.223142811069650634e+04
4.728437992578814737e+04
5.166365053886696114e+04
3.083353744813611775e+04
3.295614992232649092e+04
1.732268190767288979e+04
1.611097301650252302e+04
2.093325791497676255e+04
1.926712580800950309e+04
2.623818285578656287e+04
3.830299023743275757e+04
2.300162654927857147e+04
2.925127656939288499e+04
1.222645528732892490e+04
1.093328193635190109e+04
1.378968439894668882e+04
2.753156411200735965e+04
2.609936313879052977e+04
nan
3.949805704863766732e+04
2.331870251998203094e+04
3.389619883508687053e+04
3.582933927523514285e+04
2.611302423135825666e+04
4.120805924758846231e+04
4.126417277778917196e+04
5.377954219829257636e+04
nan
4.437106421138082806e+04
4.966306881428247289e+04
nan
9.171610203670508781e+03
1.677473080470601781e+04
1.098193796576614113e+04
1.170334289840959900e+04
1.599881427034150329e+04
3.275207546578107576e+04
6.227047835706072510e+04
4.124623058320442942e+04
3.449424145860310819e+04
9.009164020368179990e+03
1.340427115052062072e+04
7.719296331822688444e+03
1.633712194842181634e+04
7.985399745234666625e+03
1.964218236760591753e+04
2.903251977949668344e+03
1.593389822484679280e+04
nan
1.519535582480284211e+04
8.734034721216785329e+02
5.645979128930184743e+03
3.661438811630321288e+04
3.187883513706993836e+04
3.009204134390183754e+04
2.002888834870800201e+04
1.686500108210210965e+04
7.309549085535128143e+03
1.541396313043888586e+04
2.760009631261019604e+04
4.208185536980460165e+04
4.409110551875183592e+04
3.055665983897486512e+04
nan
2.987269494041881626e+04
3.481820074477020535e+04
3.877187800378065731e+04
3.842715229175330751e+04
1.821603905477940134e+04
1.499434076874963648e+04
2.544366310611240624e+04
3.231432837268849471e+04
3.335033181618049275e+04
1.292068342450130694e+04
7.619829361329582753e+03
2.615382639368821856e+03
9.905357472188483371e+03
6.167909627192448170e+03
1.654468697455851725e+04
7.871167848387454796e+03
1.831811834229487067e+04
7.887928537746491202e+03
1.118231807975284937e+04
1.607328989723291670e+04
2.882361263140328083e+04
2.172316992513441073e+04
1.508035017992233588e+04
3.984600675700423744e+04
2.288705161446822967e+04
2.079708104597216516e+04
2.153342959021352726e+04
2.670480367961868615e+04
2.962565896854746097e+04
5.365950258640289576e+03
3.248026205361876418e+04
3.223437832667513430e+04
3.793219435044230340e+04
2.916372030363162776e+04
