nan
nan
nan
nan
9.186592934188239451e+04
4.187741033695208171e+04
8.464607315585584729e+04
nan
nan
nan
nan
7.059497955445313710e+04
5.956123122104566573e+04
2.838206642124160862e+04
5.214402617483811628e+04
nan
nan
4.355367089001764543e+04
5.409284468115993513e+04
5.759616361760364089e+04
nan
nan
nan
nan
nan
4.943258068991547771e+04
nan
2.627371140820143773e+04
3.024823648943384615e+04
3.028583007711851315e+04
1.007545455156690650e+03
1.187333974901471993e+04
1.033143464729009429e+04
2.694525546994379692e+04
3.758213806142844987e+04
4.304743554648094869e+04
4.231846348984974611e+04
5.366820920024929364e+04
6.606524188110826071e+04
5.246332810395175329e+04
5.144052208584310574e+04
4.000083774936563714e+04
5.140487577468118252e+04
5.910457513386020582e+04
6.018159288024712441e+04
6.476109986874507013e+04
6.459527719423820236e+04
5.565789514376499574e+04
5.534015348349080159e+04
4.923542674019101833e+04
1.747401577170430028e+04
1.330737762628841119e+04
2.526745162556882133e+04
nan
4.311619187958441034e+04
5.573013077165970753e+04
nan
4.911204796354033897e+04
4.483769077255728189e+04
5.860985372533090413e+04
nan
nan
6.066640604633841576e+04
5.291975332665601309e+04
4.932128171594191372e+04
6.855556195014706464e+04
3.400625703111993789e+04
2.286299062398185197e+04
7.120511412646900681e+03
1.007386971962309690e+04
1.263009309911052878e+04
3.456285343440135330e+04
nan
nan
2.847322226958099418e+04
1.379086114929908581e+04
2.134858439963922137e+04
2.966314136123825301e+04
2.265817295105975427e+04
1.315035633893493650e+04
2.304444535063023432e+04
3.444919351851299143e+04
2.685228599344118629e+04
8.577958629945096618e+03
2.803117378884411210e+03
1.848458754449765183e+04
2.397208672378974006e+04
1.908856795343519480e+04
1.747617302469686547e+04
4.558015763160804454e+03
3.514528790043288609e+03
nan
2.446436761283046872e+04
3.307758869604827487e+04
3.654487132881264552e+04
4.462142666709480545e+04
4.171413984694848477e+04
2.546711429414294980e+04
3.385009505738231383e+04
2.429503787766498135e+04
1.881613600503842827e+04
5.315214256717908575e+04
4.124406323214185250e+04
1.528710258474330476e+04
1.558674910746786736e+03
2.141468806874879374e+04
5.779610119926098378e+03
3.661031090812087768e+03
1.315801627443864527e+04
2.933199149411451799e+04
2.879330319867521393e+04
8.387837196665186639e+03
2.395586819241661578e+04
nan
nan
nan
nan
