5.177110517151237582e+04
nan
nan
nan
nan
nan
4.021825248512994585e+04
nan
2.801371587320322942e+04
nan
6.649383173440533574e+04
nan
nan
nan
nan
nan
nan
nan
nan
nan
nan
4.942661881837832334e+04
1.974657997430399337e+04
2.653088736880769284e+04
2.936591480575350943e+04
2.512503238870807036e+04
1.992502566071036199e+04
2.182277843052296157e+04
2.445640325285915242e+04
3.252496646675952798e+04
6.989594436410701019e+04
6.662543018564360682e+04
6.681787537359083944e+04
6.770394504791247891e+04
nan
7.224076629683733336e+04
6.887548283395919134e+04
nan
4.464869771668475732e+04
nan
7.790045634642291407e+04
nan
4.260059651581494836e+04
6.276180262951745681e+04
1.986566764029680417e+04
3.101995217884919475e+04
nan
nan
nan
8.858539799796164152e+04
5.792614395304056961e+04
3.948690918571048678e+04
1.332158052763098021e+04
1.481083179449648196e+04
4.737928753436716943e+04
6.645174090546945808e+04
7.323960359631438041e+04
4.906650642034068005e+04
2.563954352667975036e+04
1.284746410315447974e+04
5.639819675723404544e+03
1.497191584065529605e+04
1.280608432007031479e+04
3.458119911026690261e+03
1.259022589074079588e+04
3.892130649854674994e+04
nan
nan
5.857466936668346898e+04
3.134263922269046452e+04
2.376967296986555812e+04
3.129158821801843442e+04
2.972150785334328611e+04
3.087828675675913109e+04
2.585648662371400133e+04
2.697572312541135398e+04
2.094716650974295044e+04
1.561722828765744998e+04
2.012743015816654588e+04
9.060196006390679031e+03
1.404370503484982692e+04
2.193522712983652673e+04
2.502135648886259514e+04
2.679983502042587133e+04
3.312782539576626732e+04
2.508885553475231791e+04
2.173863275455352777e+04
1.584929566419805269e+04
5.505283532483900672e+03
4.289828535605426623e+03
3.642968057158017473e+03
5.400958325112045713e+03
nan
1.280167875018943778e+04
2.536023084581820876e+04
2.821466985636366371e+04
2.507127136772452286e+04
1.688394614982359053e+04
1.269559509934792732e+04
1.567610564236735809e+04
8.988313871099053358e+03
5.762410320683066857e+03
1.046931726755952332e+04
1.177119412741935957e+04
nan
1.774660610314514997e+04
1.562577813264244014e+03
3.139165161993672427e+03
8.859456432201011921e+03
1.471599108354743521e+03
1.039206755556651660e+04
1.425088598776805520e+04
3.765773469873580780e+03
8.920406759750172569e+03
1.584883113062188386e+04
2.450623009626911880e+04
nan
2.393897797473046012e+04
nan
3.495385571570409866e+03
1.868993803005088921e+04
nan
