nan
nan
nan
nan
1.202837344783533335e+05
4.828531840342975920e+04
8.278879808933039021e+04
nan
nan
nan
nan
6.910799578501062933e+04
6.668776259373195353e+04
2.765683962139735740e+04
5.633953036757380323e+04
nan
nan
4.380782070660364843e+04
4.962956880733113940e+04
6.197172064922658319e+04
nan
nan
nan
nan
nan
5.119689673228365427e+04
nan
2.622475304837345902e+04
2.240276480959680339e+04
3.235648978194895608e+04
2.593495443573631292e+03
1.299306992644501224e+04
7.711559483121477570e+03
3.102101740210712524e+04
3.181461667303091599e+04
3.484983727709281811e+04
5.133879270613742847e+04
4.930195592985919211e+04
6.937596951967758650e+04
5.083159606324158085e+04
4.976957939860118495e+04
4.051120438167519023e+04
5.267252932570773555e+04
5.819161819393986661e+04
6.198512303365833213e+04
6.782705825660740084e+04
7.349920842033863300e+04
5.732025094699748297e+04
5.263957078417700541e+04
5.362304500639883190e+04
2.120945479431096828e+04
9.234488334816885981e+03
2.318222427637644796e+04
nan
4.438763530208208977e+04
5.250744172548859933e+04
nan
5.205420882019543933e+04
4.512791149874154507e+04
6.397424695164183504e+04
nan
nan
8.067234864025583374e+04
5.859502908524328086e+04
5.135887608399253804e+04
6.562300568717914575e+04
3.265255826949301627e+04
1.514906971911436995e+04
9.842105387709481874e+03
6.572647519990960973e+03
1.222548439527612572e+04
3.286165348115609959e+04
nan
nan
3.092428484578603093e+04
1.383392119022378938e+04
2.071957413581183573e+04
3.251232014967783471e+04
2.394488674175091728e+04
1.603666201545207878e+04
1.819308216027135131e+04
3.224517950048749844e+04
2.434880823919418617e+04
4.925071002860010594e+03
4.555099010286555313e+03
1.797862928379515870e+04
2.780332996404475489e+04
1.757313742413147338e+04
1.698804841935939839e+04
6.140295536085664935e+03
1.735266891040711926e+03
nan
2.592352385166089152e+04
3.494586691521882312e+04
3.512015822854964063e+04
4.236954800108889322e+04
4.188993276992374012e+04
2.621699635391287666e+04
3.486301579013301671e+04
3.224981858918367652e+04
3.060811881639530475e+04
4.829138345102871972e+04
3.419065271412244329e+04
2.202269148020620923e+04
1.631127898821751387e+03
1.725327739587040560e+04
3.369514506177273233e+03
9.516582912130626937e+03
1.388987779982835127e+04
2.514588997888240192e+04
2.624138484672602499e+04
7.684450941338663142e+03
2.411953309292705671e+04
nan
nan
nan
nan
