nan
nan
nan
nan
nan
nan
nan
nan
nan
nan
7.196627507448274991e+04
nan
2.629296259765034847e+04
nan
5.476177830548896600e+04
2.745811280235263621e+04
nan
3.418345288380436250e+04
3.026278963903287877e+04
3.222275613945335863e+04
2.720636906028058729e+04
2.611175377183997625e+04
1.340249557784885656e+04
2.857014569871724598e+04
nan
nan
nan
nan
nan
6.970585531716996047e+04
2.816797440323482078e+04
7.219782491163398663e+04
1.002315298418512102e+05
nan
nan
7.814092913343201508e+04
5.636491865117735870e+04
3.095147727269526149e+04
4.421839499641659495e+04
6.054973517515612184e+04
4.464897490014703362e+04
2.977037004471211549e+04
nan
nan
5.971691489497087605e+04
3.696658216910681222e+04
8.185460969152466532e+03
1.037066719725073199e+03
4.072700973053057623e+03
1.880651523094520599e+04
4.345058765700976801e+04
4.139672670380697673e+04
4.377745165181095217e+04
3.333393515150136955e+04
1.956982217174130710e+04
2.633855311961850384e+04
nan
6.723836007330067514e+04
2.658152162732971919e+04
2.182727647247443019e+04
5.277635653801835724e+04
1.080494841296377417e+05
8.982880055736498616e+04
6.630518085508597142e+04
2.727684449690813562e+04
1.496697347945034198e+04
1.152633683518130965e+04
9.509445804442289955e+03
1.425504259340382305e+04
2.602817499609235165e+04
2.716457621412702065e+04
2.007728337363500032e+04
2.413557501512183080e+04
nan
2.122504708362973179e+04
1.347655783260725912e+04
2.225342139486116139e+04
nan
1.716392438629747267e+04
2.289497355414322010e+04
4.140808566045857879e+04
2.453496274780317253e+04
2.544726254219123803e+04
nan
nan
nan
6.398248251794911630e+04
4.255050534573739424e+04
3.023745487594915176e+04
nan
3.240393860232217048e+04
9.425184922090349573e+03
2.987274897810945549e+04
3.872684003264920466e+04
nan
2.631447115291576483e+04
4.782523304010320317e+03
3.949673292815335572e+03
2.861037888986917824e+04
5.155279771063050430e+04
8.213523352345278545e+04
nan
nan
nan
nan
