3.857498435698968387e+04
nan
nan
nan
nan
nan
1.270887837562636014e+04
nan
2.645795503872738846e+04
nan
6.900206097721897822e+04
nan
nan
nan
nan
nan
nan
nan
nan
nan
nan
4.205725451238012465e+04
1.735188716261458103e+04
2.768365127710344677e+04
3.003089070509821613e+04
2.595279814272735894e+04
1.908409240772790872e+04
2.128871148168514992e+04
2.804290744262369117e+04
3.121271103602533549e+04
6.424188804095958039e+04
6.398443152073434612e+04
6.350349225319469406e+04
6.653434287369532103e+04
nan
7.038036394610720163e+04
7.225021961148646369e+04
nan
4.030783872978104773e+04
nan
7.523950636285226210e+04
nan
3.328256350959375413e+04
3.140546493087514682e+04
2.328975427621354902e+04
3.338974188469928049e+04
nan
nan
nan
8.770673769543373783e+04
5.733034059951268864e+04
4.247760183234458964e+04
1.289330606841700865e+04
1.749431748897245052e+04
5.025929005130863516e+04
6.375246903627406573e+04
7.243887717947213969e+04
4.773204304453099758e+04
2.465935947493014464e+04
1.371603153193183061e+04
6.474473285815754025e+03
2.050186032984573103e+04
1.358496613516613252e+04
3.751394925851303924e+03
1.268524514516006457e+04
3.994542010133928125e+04
nan
nan
6.199369337515406369e+04
3.272249615159730820e+04
1.765850451754674577e+04
2.952043111188847251e+04
2.946623204014754083e+04
3.293877736428449862e+04
2.949563323814718751e+04
3.062380897306491897e+04
1.082755949658688041e+04
1.618841421647087009e+04
2.881715887043029215e+04
8.821639801179082497e+03
1.220644003783902735e+04
2.032606913246830300e+04
2.599405692002038268e+04
2.746409080426259607e+04
3.358872550891451101e+04
2.483245257228337869e+04
2.151500447738466028e+04
1.204399967029273466e+04
5.425198026764640417e+03
7.664076254844891992e+03
2.822071576550367809e+03
5.455484735482131327e+03
nan
1.421297888690112086e+04
2.555707236377042864e+04
2.607100228455549222e+04
2.779598372516210657e+04
2.162017090579519572e+04
1.512819812655801434e+04
1.386561714164449950e+04
8.253888745374970313e+03
3.763183253300542674e+03
1.241820856309885494e+04
1.034673812214559075e+04
nan
1.730742875196583918e+04
2.677470132749392178e+03
9.439531170022880815e+02
9.245134361432281366e+03
1.330997950367044723e+03
1.380183433538965983e+04
1.699911200287213433e+04
3.341107643689337237e+03
9.519906216285238770e+03
1.410603695949535359e+04
2.423670586957912747e+04
nan
2.390870797529681658e+04
nan
3.966628425712869557e+03
1.794627600834198165e+04
nan
