3.963042444424586574e+04
6.473295026220140426e+04
5.259383904393128614e+04
3.298994921221593540e+04
3.227047169896857667e+04
4.576641688375883678e+04
3.058368456117674577e+04
nan
2.652361507387788151e+04
3.563177685537245998e+04
5.489867386471792997e+04
nan
5.106135776037092728e+04
nan
3.527872820344514184e+04
nan
1.931070499515960546e+04
5.520509761711604369e+03
9.465910459183323837e+03
1.104446237482199103e+04
1.457349882630198226e+04
nan
4.190299673878647809e+03
8.771040681590118766e+03
7.913395782399064046e+03
2.436021609586082923e+04
3.230114426859082232e+04
1.200577787136150982e+04
1.921260031172660092e+04
2.489575589549980577e+04
nan
1.351119475421441894e+04
1.346406593152175810e+04
2.076329864846470446e+04
2.089707325495287660e+04
2.970164325222543630e+04
9.443324074124133404e+03
1.635415293317011856e+04
2.787602435950561994e+04
nan
4.262519916818956699e+04
2.383258321996343875e+04
2.671471566072464339e+04
2.624053827971975261e+04
2.066116385498142336e+04
1.397306663993930670e+04
1.575384590400356683e+04
1.169643858954746065e+04
1.620185833457146873e+04
7.281706504189879524e+03
5.589086895283749982e+03
1.515624747027937337e+04
nan
2.139567867538819337e+04
4.048285378393099381e+04
3.982241082923250360e+04
3.177104201141585872e+04
3.013715299327917091e+04
2.674870074461845434e+04
3.447693684667315392e+04
nan
2.096894110363586879e+04
1.650725646981655882e+04
3.375732365713152831e+04
3.713030149464723945e+04
2.461620395101430040e+04
2.011228601728174908e+04
3.266399305392803581e+04
nan
2.436854223706675111e+04
nan
1.315022136085093553e+04
2.256143861559238940e+04
4.748690369452785671e+04
5.747422539072638028e+04
5.190724830698980077e+04
3.959631574473620276e+04
3.242089927424525376e+04
3.234778401306980231e+04
2.988482699367930763e+04
8.260382327128880206e+03
2.706080802436900558e+04
1.362179493859636204e+04
3.127098101283806318e+04
1.975910972010865953e+04
3.996525231918769714e+04
3.570728518632036867e+04
1.257616453973643911e+04
4.130311069109899836e+04
3.895906993971958582e+04
5.178499844166084222e+04
3.930349324429703120e+04
6.212640636229149823e+04
6.263044508414893789e+04
5.195399529742991581e+04
4.270596347377114580e+04
2.995303593550924779e+04
2.752969764545258295e+04
nan
3.427039296176833886e+04
4.660282821083124145e+04
2.930470182000976274e+04
8.164202044537525580e+03
1.049967292039849599e+04
1.856343340825718406e+04
3.346778287516420824e+04
2.547674117125406337e+04
3.588661330496073788e+04
1.957835343159065087e+04
2.836369449119698766e+04
5.313336428048210655e+04
2.066208883093262193e+04
2.008314815662959518e+04
7.351549694662953698e+03
6.694774367644889935e+03
nan
nan
nan
nan
