nan
nan
nan
nan
nan
nan
nan
nan
nan
nan
6.986582036375845200e+04
nan
2.018107929447532661e+04
nan
5.555402188437897712e+04
3.143381131878145970e+04
nan
3.618276718891049677e+04
3.185519158897921443e+04
3.746178306296942901e+04
3.116110628669863218e+04
2.299984729115110895e+04
2.183660217684045347e+04
2.807655792934952478e+04
nan
nan
nan
nan
nan
6.884725904303547577e+04
3.116436802871885084e+04
7.416879903553413169e+04
9.293409132534448872e+04
nan
nan
8.018213871082795959e+04
4.721458145235732809e+04
2.865442248053456206e+04
3.839468057502205193e+04
6.248006017593238357e+04
4.486909846117631241e+04
3.484381696594106324e+04
nan
nan
5.790464325682847993e+04
3.800011406423273729e+04
7.630743434693585186e+03
1.961620779699477907e+03
3.460941524050601856e+03
1.906239319302857257e+04
4.350442628979045548e+04
3.436925544850911683e+04
4.433102394440931675e+04
3.584841291818536411e+04
1.788889312404667362e+04
2.586707199364089320e+04
nan
6.446429731294514204e+04
1.943688931112100545e+04
2.153133887257638708e+04
6.154362211389496224e+04
1.022322089043022133e+05
9.271489811685646418e+04
6.962883166048703424e+04
2.548215411930777918e+04
1.423911577936184585e+04
1.337566430828149350e+04
1.091049734527593682e+04
1.418478982693061880e+04
2.544668642923035441e+04
2.681588969867010746e+04
2.156947920388686543e+04
2.345151476628191085e+04
nan
2.028631541498436491e+04
1.564281695758651404e+04
1.896372804653182175e+04
nan
1.479843718156565592e+04
2.373576570202471703e+04
4.126113832148294750e+04
2.546325821026378253e+04
2.137189257699703012e+04
nan
nan
nan
6.359367466819380206e+04
4.298957989357758197e+04
3.024608058235190765e+04
nan
3.493887756016039202e+04
1.274061800931827929e+04
4.645880315091896045e+04
3.720270986919250572e+04
nan
2.960389652192816720e+04
1.226840904923721973e+04
5.327774921190308305e+03
2.907370592736035542e+04
5.188487373940672114e+04
7.687328939263099164e+04
nan
nan
nan
nan
