4.262228231832525489e+04
6.077331916670983628e+04
6.036637109702164162e+04
3.592543470374499157e+04
2.694355752370175469e+04
4.762144478084643924e+04
3.100717561086058413e+04
nan
2.170567047663733683e+04
3.460380930409997382e+04
6.166229106303207664e+04
nan
5.546822938231181615e+04
nan
3.642531898583129805e+04
nan
1.828058627511565646e+04
3.829434418902108973e+03
8.105245561754210939e+03
1.283927032532835256e+04
1.493482030227089672e+04
nan
5.315643544832058978e+03
8.248373750122800629e+03
1.005755411733206347e+04
2.756236765557603576e+04
3.674920497888539830e+04
1.073703361443624090e+04
2.220649446580601580e+04
2.486871781392298726e+04
nan
1.471926468767525148e+04
1.278979549777916509e+04
2.124045449828384517e+04
2.122901678191512474e+04
2.796089111780902022e+04
1.091982701806130535e+04
1.719222489601606139e+04
2.548311379627650240e+04
nan
3.536375427188536560e+04
2.309047495206180611e+04
2.631492430183862598e+04
2.644733198430079574e+04
1.780970333814721016e+04
1.459916102582565145e+04
1.359167784440397008e+04
1.271324450174166486e+04
1.569068041509232717e+04
3.201604569156607795e+03
5.519346948154387064e+03
1.362495208758672379e+04
nan
2.270765993058550521e+04
3.793079290423206112e+04
4.186465065948646952e+04
3.340498737841672119e+04
3.484211557270626508e+04
3.024622625143032565e+04
3.621676219502677850e+04
nan
2.117660227583293090e+04
1.755570064880263089e+04
3.261305187208332427e+04
3.998393004663428292e+04
2.683773526663277880e+04
2.011616248518598513e+04
3.060952274026145824e+04
nan
2.956857133313169834e+04
nan
1.412518417550529011e+04
2.489828868511623659e+04
5.151470739804008190e+04
5.844468997369040153e+04
5.165892918253139214e+04
4.247601655413757544e+04
3.836892343073633674e+04
3.270488200838662306e+04
2.564458132718958950e+04
7.033466131847129873e+03
2.459062855070531077e+04
8.904645813662862565e+03
2.845579661413055146e+04
1.911883026220091051e+04
3.696529944581921154e+04
3.380160402835506829e+04
1.350549172748872115e+04
4.453208719617974566e+04
3.849215130083656550e+04
4.245170955099978164e+04
4.522875948286278435e+04
6.606011108851458994e+04
5.986199570610481169e+04
4.930435472421880695e+04
4.272311110875242593e+04
2.666514979260698965e+04
2.840451637232060602e+04
nan
3.462154258250608109e+04
4.664932100105833524e+04
3.672172044793052191e+04
1.625220777061905392e+04
1.259602900156370015e+04
1.953612466477837006e+04
2.570098912339820163e+04
2.458452984069541344e+04
3.230157448283845952e+04
1.823248874400983914e+04
2.787761857690335455e+04
5.382086082832031389e+04
2.214850245910597005e+04
1.768183607145031419e+04
4.849433570451691594e+03
6.995060589573955440e+03
nan
nan
nan
nan
