3.857495487411908107e+04
nan
nan
nan
nan
nan
3.607095421225528116e+04
nan
2.815519102082591417e+04
nan
6.900231554437043087e+04
nan
nan
nan
nan
nan
nan
nan
nan
nan
nan
4.204773198898189003e+04
1.859265652904070885e+04
2.768704201877809828e+04
3.038000000558214379e+04
2.595331108402608879e+04
1.908463008450815687e+04
2.292549505866046820e+04
2.420622265431219785e+04
3.198217962806864307e+04
6.477064029508235399e+04
6.530717480293990229e+04
6.492240307315039536e+04
6.597289951871581434e+04
nan
7.342601753858081065e+04
8.157804815669632808e+04
nan
nan
8.071820454619286465e+04
5.917604976537773473e+04
nan
1.532974697100705998e+04
2.539664032522982961e+04
4.032040230663558759e+04
2.970312257568555287e+04
nan
nan
6.111809266926225973e+04
3.687148949270070443e+04
5.136562245672068821e+04
nan
nan
3.721262210381020122e+04
2.602559500945405034e+03
4.651309178473822976e+04
nan
nan
nan
nan
nan
nan
4.343397692814601760e+04
2.215920658279001145e+04
5.717782215376944805e+04
6.341054079132640618e+04
nan
nan
nan
nan
4.623750125611926342e+04
1.477458233399897290e+04
3.071723657015536810e+04
4.605430173827700492e+04
3.330925911678918055e+04
nan
nan
nan
2.275529989538128211e+04
1.265671763773669227e+04
4.181760629078327474e+04
6.846237874879606534e+04
8.364008032261027256e+04
nan
7.580711379162334197e+04
5.926658817614677537e+04
3.720978437205928640e+04
2.864160392352247072e+04
1.662890182927618662e+04
1.092437757559859347e+04
1.078556350355404720e+04
1.348498928557922591e+04
8.595953618081486638e+03
3.307817973169055767e+04
5.067507198549117311e+04
nan
4.767689773723544204e+04
3.332101705045401104e+03
1.623076479357485550e+04
1.884999355135521182e+04
3.078782974660143736e+04
4.305299988843582105e+04
nan
nan
nan
nan
nan
4.197880616423833999e+04
4.489369703112536081e+04
4.626306745859065995e+04
5.190368074602195702e+04
4.499817610195153975e+04
3.863689847274764179e+04
2.335264444260355594e+04
2.326015335442875949e+04
1.012491523200358097e+04
1.482645144128682296e+04
7.954717503391830178e+03
1.842914295830763513e+04
3.899738620948918833e+04
3.609119388850952237e+04
