5.291225023279694142e+04
nan
nan
nan
nan
nan
3.938474714626223431e+04
nan
2.832747717649917104e+04
nan
6.677114092098070250e+04
nan
nan
nan
nan
nan
nan
nan
nan
nan
nan
4.951387494814598176e+04
2.203171973957908995e+04
2.613293021870839220e+04
2.968972663221736366e+04
2.517101330291780687e+04
1.970997648551698876e+04
2.101827447948202462e+04
2.489294820460851770e+04
3.265271434075738944e+04
7.074972131570213242e+04
6.900431568115559639e+04
6.983047101136877609e+04
6.958965626582746336e+04
nan
7.498901542012862046e+04
8.119318324899351865e+04
nan
nan
7.882324537663461524e+04
6.255167616146689397e+04
nan
1.635120378900857395e+04
2.299050536800114423e+04
3.939295198795414035e+04
2.894950862450399291e+04
nan
nan
6.173307966002920148e+04
3.688483565542938595e+04
5.756066887524994672e+04
nan
nan
3.560604038183083321e+04
5.252583805676598786e+03
4.929568244922114536e+04
nan
nan
nan
nan
nan
nan
4.664606466450785956e+04
1.630841050105416252e+04
5.121370330935102538e+04
5.551454435055656359e+04
nan
nan
nan
nan
4.662608759037627897e+04
2.248280075808534093e+04
3.195441098409775805e+04
5.689087317042634095e+04
4.019959002339584549e+04
nan
nan
nan
2.399272011146259683e+04
1.201203475693447945e+04
3.457187611592796020e+04
7.414475563281693030e+04
9.015470560894168739e+04
nan
7.989662747803970706e+04
6.440817656758987141e+04
3.677363337707236496e+04
2.416689362544263713e+04
2.370341933962365147e+04
4.859410116471280162e+03
1.135572525477485578e+04
1.265241594871150483e+04
9.345037385560557595e+03
3.329289211591572530e+04
5.014994201781845186e+04
nan
5.050898043563856481e+04
6.856116375864855399e+03
1.406757231051815324e+04
1.682977904129990930e+04
2.863831892154261004e+04
4.324640970468141313e+04
nan
nan
nan
nan
nan
4.299740890470987506e+04
4.533822957971594587e+04
4.651542916841827537e+04
5.398920860685270600e+04
4.329514248419883370e+04
3.980853467217346770e+04
2.254572388952930487e+04
2.398214315596511005e+04
1.283529804991653873e+04
1.474518452745487411e+04
1.039433745229756278e+04
2.088472039405443502e+04
3.554421548636432271e+04
3.777653855459939950e+04
