9.493356630383117590e+03
1.077906406213624723e+04
4.103117023801605683e+03
1.214615578554007880e+04
1.402520089290557189e+04
nan
2.628203031744839245e+04
1.219019838025709578e+04
2.555240885065670591e+04
4.752281974120267478e+03
2.514804304851715642e+04
2.382448895388754318e+04
1.120912525736376119e+04
1.056568823740670996e+04
1.461168304178667859e+04
2.229946735782633186e+04
1.660047669399984443e+04
1.118680008453823029e+04
2.770064841306965172e+04
3.495929022192306729e+04
5.372487527176609728e+04
5.184743863080485607e+04
5.117956682395926327e+04
4.657567531065605726e+04
3.027587533822319165e+04
3.381367815247717954e+04
2.178942237201499302e+04
1.606978870184013613e+04
2.094182804899066468e+04
2.037744000961020720e+04
2.528796234297817136e+04
3.446434449871835386e+04
2.185463334514528469e+04
3.140002282649238259e+04
1.247393583051136920e+04
8.927593864636892249e+03
1.224160066561370331e+04
2.942077317485372259e+04
2.479653160362211565e+04
nan
3.851305880925359088e+04
2.056298042372126656e+04
3.081754252670503774e+04
3.154907377851847559e+04
2.271919589546914722e+04
4.136733711365827912e+04
4.192003697601606109e+04
5.268270264618902002e+04
nan
4.449544832902619237e+04
4.843008414858551987e+04
nan
9.623892783682706067e+03
1.652060122833697824e+04
1.157698545356923751e+04
1.299484330413395401e+04
1.582550257760620480e+04
3.856241873214912630e+04
6.623616803976641677e+04
4.784685301871609408e+04
3.573502767969767592e+04
1.601709919588135745e+04
1.573182209027922909e+04
9.013546466254081679e+03
1.161996549709167994e+04
6.033453616768102620e+03
1.679494751701105633e+04
4.692799529283804077e+03
1.274687305373166782e+04
nan
1.381138747026040437e+04
3.047435251893067289e+03
5.671412179716890023e+03
4.363841894845264324e+04
3.419566809195897804e+04
2.348137071992519486e+04
2.646610611532260737e+04
1.731762434450277215e+04
1.194289381951625364e+04
1.301219622748319853e+04
2.603238591035874197e+04
3.526706175294704008e+04
4.010107458234660589e+04
2.885069792066648733e+04
nan
3.266128291212227487e+04
3.367461995088732510e+04
3.938536795666947000e+04
3.572209089758358459e+04
1.787274266344765783e+04
2.003260899246356348e+04
2.712574376482529988e+04
3.265575298612814004e+04
3.009115633779094787e+04
1.958265984120960275e+04
7.336579491345088172e+03
3.755637141380634603e+03
4.935135155290535295e+03
7.274149006864297007e+03
1.617172953540980598e+04
1.028057229735435612e+04
1.909094500688886910e+04
5.762635919170327725e+03
7.410091534358175522e+03
1.732984022362414180e+04
2.822492339507504221e+04
1.490634752709982968e+04
1.792887451343112843e+04
3.516620177972059901e+04
2.135334933048161474e+04
1.999870259508388335e+04
1.928597061315243263e+04
2.541540243004439981e+04
2.828694082886885008e+04
4.814037393565269667e+03
3.320589395820873324e+04
3.016326337452924417e+04
3.831975096800029860e+04
2.917580988316428557e+04
